[2023-05-03T13:23:30.669-0300] {taskinstance.py:1090} INFO - Dependencies all met for dep_context=non-requeueable deps ti=<TaskInstance: NorthwindELT.northwind_extract manual__2023-05-03T15:23:07.400679+00:00 [queued]>
[2023-05-03T13:23:30.688-0300] {taskinstance.py:1090} INFO - Dependencies all met for dep_context=requeueable deps ti=<TaskInstance: NorthwindELT.northwind_extract manual__2023-05-03T15:23:07.400679+00:00 [queued]>
[2023-05-03T13:23:30.689-0300] {taskinstance.py:1288} INFO - 
--------------------------------------------------------------------------------
[2023-05-03T13:23:30.689-0300] {taskinstance.py:1289} INFO - Starting attempt 3 of 4
[2023-05-03T13:23:30.689-0300] {taskinstance.py:1290} INFO - 
--------------------------------------------------------------------------------
[2023-05-03T13:23:30.723-0300] {taskinstance.py:1309} INFO - Executing <Task(PythonOperator): northwind_extract> on 2023-05-03 15:23:07.400679+00:00
[2023-05-03T13:23:30.741-0300] {standard_task_runner.py:55} INFO - Started process 23880 to run task
[2023-05-03T13:23:30.790-0300] {standard_task_runner.py:82} INFO - Running: ['airflow', 'tasks', 'run', 'NorthwindELT', 'northwind_extract', 'manual__2023-05-03T15:23:07.400679+00:00', '--job-id', '13', '--raw', '--subdir', 'DAGS_FOLDER/etl_northwind.py', '--cfg-path', '/tmp/tmpi0oebwwu']
[2023-05-03T13:23:30.805-0300] {standard_task_runner.py:83} INFO - Job 13: Subtask northwind_extract
[2023-05-03T13:23:31.009-0300] {task_command.py:389} INFO - Running <TaskInstance: NorthwindELT.northwind_extract manual__2023-05-03T15:23:07.400679+00:00 [running]> on host DESKTOP-28FM47R.
[2023-05-03T13:23:31.096-0300] {taskinstance.py:1516} INFO - Exporting the following env vars:
AIRFLOW_CTX_DAG_EMAIL=airflow@example.com
AIRFLOW_CTX_DAG_OWNER=airflow
AIRFLOW_CTX_DAG_ID=NorthwindELT
AIRFLOW_CTX_TASK_ID=northwind_extract
AIRFLOW_CTX_EXECUTION_DATE=2023-05-03T15:23:07.400679+00:00
AIRFLOW_CTX_TRY_NUMBER=3
AIRFLOW_CTX_DAG_RUN_ID=manual__2023-05-03T15:23:07.400679+00:00
[2023-05-03T13:23:31.140-0300] {logging_mixin.py:137} INFO - CSV File created
[2023-05-03T13:23:31.141-0300] {python.py:177} INFO - Done. Returned value was: None
[2023-05-03T13:23:31.150-0300] {taskinstance.py:1327} INFO - Marking task as SUCCESS. dag_id=NorthwindELT, task_id=northwind_extract, execution_date=20230503T152307, start_date=20230503T162330, end_date=20230503T162331
[2023-05-03T13:23:31.219-0300] {local_task_job.py:212} INFO - Task exited with return code 0
[2023-05-03T13:23:31.248-0300] {taskinstance.py:2596} INFO - 0 downstream tasks scheduled from follow-on schedule check
