[2023-04-28T18:00:51.896-0300] {processor.py:153} INFO - Started process (PID=4619) to work on /home/lcscarv/projetos/indicium/desafio_5/.venv/lib/python3.8/site-packages/airflow/example_dags/example_branch_operator.py
[2023-04-28T18:00:51.897-0300] {processor.py:743} INFO - Processing file /home/lcscarv/projetos/indicium/desafio_5/.venv/lib/python3.8/site-packages/airflow/example_dags/example_branch_operator.py for tasks to queue
[2023-04-28T18:00:51.897-0300] {logging_mixin.py:137} INFO - [2023-04-28T18:00:51.897-0300] {dagbag.py:532} INFO - Filling up the DagBag from /home/lcscarv/projetos/indicium/desafio_5/.venv/lib/python3.8/site-packages/airflow/example_dags/example_branch_operator.py
[2023-04-28T18:00:51.910-0300] {processor.py:753} INFO - DAG(s) dict_keys(['example_branch_operator']) retrieved from /home/lcscarv/projetos/indicium/desafio_5/.venv/lib/python3.8/site-packages/airflow/example_dags/example_branch_operator.py
[2023-04-28T18:00:51.928-0300] {logging_mixin.py:137} INFO - [2023-04-28T18:00:51.928-0300] {dag.py:2705} INFO - Sync 1 DAGs
[2023-04-28T18:00:51.942-0300] {logging_mixin.py:137} INFO - [2023-04-28T18:00:51.942-0300] {dag.py:3452} INFO - Setting next_dagrun for example_branch_operator to 2023-04-27T00:00:00+00:00, run_after=2023-04-28T00:00:00+00:00
[2023-04-28T18:00:51.964-0300] {processor.py:175} INFO - Processing /home/lcscarv/projetos/indicium/desafio_5/.venv/lib/python3.8/site-packages/airflow/example_dags/example_branch_operator.py took 0.070 seconds
[2023-04-28T18:01:44.816-0300] {processor.py:153} INFO - Started process (PID=4669) to work on /home/lcscarv/projetos/indicium/desafio_5/.venv/lib/python3.8/site-packages/airflow/example_dags/example_branch_operator.py
[2023-04-28T18:01:44.817-0300] {processor.py:743} INFO - Processing file /home/lcscarv/projetos/indicium/desafio_5/.venv/lib/python3.8/site-packages/airflow/example_dags/example_branch_operator.py for tasks to queue
[2023-04-28T18:01:44.817-0300] {logging_mixin.py:137} INFO - [2023-04-28T18:01:44.817-0300] {dagbag.py:532} INFO - Filling up the DagBag from /home/lcscarv/projetos/indicium/desafio_5/.venv/lib/python3.8/site-packages/airflow/example_dags/example_branch_operator.py
[2023-04-28T18:01:44.831-0300] {processor.py:753} INFO - DAG(s) dict_keys(['example_branch_operator']) retrieved from /home/lcscarv/projetos/indicium/desafio_5/.venv/lib/python3.8/site-packages/airflow/example_dags/example_branch_operator.py
[2023-04-28T18:01:44.849-0300] {logging_mixin.py:137} INFO - [2023-04-28T18:01:44.849-0300] {dag.py:2705} INFO - Sync 1 DAGs
[2023-04-28T18:01:44.865-0300] {logging_mixin.py:137} INFO - [2023-04-28T18:01:44.865-0300] {dag.py:3452} INFO - Setting next_dagrun for example_branch_operator to 2023-04-27T00:00:00+00:00, run_after=2023-04-28T00:00:00+00:00
[2023-04-28T18:01:44.887-0300] {processor.py:175} INFO - Processing /home/lcscarv/projetos/indicium/desafio_5/.venv/lib/python3.8/site-packages/airflow/example_dags/example_branch_operator.py took 0.073 seconds
[2023-04-28T18:03:02.421-0300] {processor.py:153} INFO - Started process (PID=4829) to work on /home/lcscarv/projetos/indicium/desafio_5/.venv/lib/python3.8/site-packages/airflow/example_dags/example_branch_operator.py
[2023-04-28T18:03:02.422-0300] {processor.py:743} INFO - Processing file /home/lcscarv/projetos/indicium/desafio_5/.venv/lib/python3.8/site-packages/airflow/example_dags/example_branch_operator.py for tasks to queue
[2023-04-28T18:03:02.422-0300] {logging_mixin.py:137} INFO - [2023-04-28T18:03:02.422-0300] {dagbag.py:532} INFO - Filling up the DagBag from /home/lcscarv/projetos/indicium/desafio_5/.venv/lib/python3.8/site-packages/airflow/example_dags/example_branch_operator.py
[2023-04-28T18:03:02.436-0300] {processor.py:753} INFO - DAG(s) dict_keys(['example_branch_operator']) retrieved from /home/lcscarv/projetos/indicium/desafio_5/.venv/lib/python3.8/site-packages/airflow/example_dags/example_branch_operator.py
[2023-04-28T18:03:02.452-0300] {logging_mixin.py:137} INFO - [2023-04-28T18:03:02.452-0300] {dag.py:2705} INFO - Sync 1 DAGs
[2023-04-28T18:03:02.468-0300] {logging_mixin.py:137} INFO - [2023-04-28T18:03:02.468-0300] {dag.py:3452} INFO - Setting next_dagrun for example_branch_operator to 2023-04-27T00:00:00+00:00, run_after=2023-04-28T00:00:00+00:00
[2023-04-28T18:03:02.485-0300] {processor.py:175} INFO - Processing /home/lcscarv/projetos/indicium/desafio_5/.venv/lib/python3.8/site-packages/airflow/example_dags/example_branch_operator.py took 0.066 seconds
[2023-04-28T18:03:49.867-0300] {processor.py:153} INFO - Started process (PID=4875) to work on /home/lcscarv/projetos/indicium/desafio_5/.venv/lib/python3.8/site-packages/airflow/example_dags/example_branch_operator.py
[2023-04-28T18:03:49.871-0300] {processor.py:743} INFO - Processing file /home/lcscarv/projetos/indicium/desafio_5/.venv/lib/python3.8/site-packages/airflow/example_dags/example_branch_operator.py for tasks to queue
[2023-04-28T18:03:49.872-0300] {logging_mixin.py:137} INFO - [2023-04-28T18:03:49.872-0300] {dagbag.py:532} INFO - Filling up the DagBag from /home/lcscarv/projetos/indicium/desafio_5/.venv/lib/python3.8/site-packages/airflow/example_dags/example_branch_operator.py
[2023-04-28T18:03:49.886-0300] {processor.py:753} INFO - DAG(s) dict_keys(['example_branch_operator']) retrieved from /home/lcscarv/projetos/indicium/desafio_5/.venv/lib/python3.8/site-packages/airflow/example_dags/example_branch_operator.py
[2023-04-28T18:03:49.902-0300] {logging_mixin.py:137} INFO - [2023-04-28T18:03:49.902-0300] {dag.py:2705} INFO - Sync 1 DAGs
[2023-04-28T18:03:49.916-0300] {logging_mixin.py:137} INFO - [2023-04-28T18:03:49.916-0300] {dag.py:3452} INFO - Setting next_dagrun for example_branch_operator to 2023-04-27T00:00:00+00:00, run_after=2023-04-28T00:00:00+00:00
[2023-04-28T18:03:50.047-0300] {processor.py:175} INFO - Processing /home/lcscarv/projetos/indicium/desafio_5/.venv/lib/python3.8/site-packages/airflow/example_dags/example_branch_operator.py took 0.183 seconds
[2023-04-28T18:04:38.273-0300] {processor.py:153} INFO - Started process (PID=4925) to work on /home/lcscarv/projetos/indicium/desafio_5/.venv/lib/python3.8/site-packages/airflow/example_dags/example_branch_operator.py
[2023-04-28T18:04:38.327-0300] {processor.py:743} INFO - Processing file /home/lcscarv/projetos/indicium/desafio_5/.venv/lib/python3.8/site-packages/airflow/example_dags/example_branch_operator.py for tasks to queue
[2023-04-28T18:04:38.328-0300] {logging_mixin.py:137} INFO - [2023-04-28T18:04:38.328-0300] {dagbag.py:532} INFO - Filling up the DagBag from /home/lcscarv/projetos/indicium/desafio_5/.venv/lib/python3.8/site-packages/airflow/example_dags/example_branch_operator.py
[2023-04-28T18:04:38.342-0300] {processor.py:753} INFO - DAG(s) dict_keys(['example_branch_operator']) retrieved from /home/lcscarv/projetos/indicium/desafio_5/.venv/lib/python3.8/site-packages/airflow/example_dags/example_branch_operator.py
[2023-04-28T18:04:38.361-0300] {logging_mixin.py:137} INFO - [2023-04-28T18:04:38.361-0300] {dag.py:2705} INFO - Sync 1 DAGs
[2023-04-28T18:04:38.378-0300] {logging_mixin.py:137} INFO - [2023-04-28T18:04:38.378-0300] {dag.py:3452} INFO - Setting next_dagrun for example_branch_operator to 2023-04-27T00:00:00+00:00, run_after=2023-04-28T00:00:00+00:00
[2023-04-28T18:04:41.207-0300] {processor.py:175} INFO - Processing /home/lcscarv/projetos/indicium/desafio_5/.venv/lib/python3.8/site-packages/airflow/example_dags/example_branch_operator.py took 2.936 seconds
[2023-04-28T18:05:26.075-0300] {processor.py:153} INFO - Started process (PID=5074) to work on /home/lcscarv/projetos/indicium/desafio_5/.venv/lib/python3.8/site-packages/airflow/example_dags/example_branch_operator.py
[2023-04-28T18:05:26.076-0300] {processor.py:743} INFO - Processing file /home/lcscarv/projetos/indicium/desafio_5/.venv/lib/python3.8/site-packages/airflow/example_dags/example_branch_operator.py for tasks to queue
[2023-04-28T18:05:26.077-0300] {logging_mixin.py:137} INFO - [2023-04-28T18:05:26.076-0300] {dagbag.py:532} INFO - Filling up the DagBag from /home/lcscarv/projetos/indicium/desafio_5/.venv/lib/python3.8/site-packages/airflow/example_dags/example_branch_operator.py
[2023-04-28T18:05:26.087-0300] {processor.py:753} INFO - DAG(s) dict_keys(['example_branch_operator']) retrieved from /home/lcscarv/projetos/indicium/desafio_5/.venv/lib/python3.8/site-packages/airflow/example_dags/example_branch_operator.py
[2023-04-28T18:05:26.101-0300] {logging_mixin.py:137} INFO - [2023-04-28T18:05:26.100-0300] {dag.py:2705} INFO - Sync 1 DAGs
[2023-04-28T18:05:26.113-0300] {logging_mixin.py:137} INFO - [2023-04-28T18:05:26.113-0300] {dag.py:3452} INFO - Setting next_dagrun for example_branch_operator to 2023-04-27T00:00:00+00:00, run_after=2023-04-28T00:00:00+00:00
[2023-04-28T18:05:26.130-0300] {processor.py:175} INFO - Processing /home/lcscarv/projetos/indicium/desafio_5/.venv/lib/python3.8/site-packages/airflow/example_dags/example_branch_operator.py took 0.058 seconds
[2023-04-28T18:06:09.450-0300] {processor.py:153} INFO - Started process (PID=5119) to work on /home/lcscarv/projetos/indicium/desafio_5/.venv/lib/python3.8/site-packages/airflow/example_dags/example_branch_operator.py
[2023-04-28T18:06:09.451-0300] {processor.py:743} INFO - Processing file /home/lcscarv/projetos/indicium/desafio_5/.venv/lib/python3.8/site-packages/airflow/example_dags/example_branch_operator.py for tasks to queue
[2023-04-28T18:06:09.451-0300] {logging_mixin.py:137} INFO - [2023-04-28T18:06:09.451-0300] {dagbag.py:532} INFO - Filling up the DagBag from /home/lcscarv/projetos/indicium/desafio_5/.venv/lib/python3.8/site-packages/airflow/example_dags/example_branch_operator.py
[2023-04-28T18:06:09.464-0300] {processor.py:753} INFO - DAG(s) dict_keys(['example_branch_operator']) retrieved from /home/lcscarv/projetos/indicium/desafio_5/.venv/lib/python3.8/site-packages/airflow/example_dags/example_branch_operator.py
[2023-04-28T18:06:09.480-0300] {logging_mixin.py:137} INFO - [2023-04-28T18:06:09.479-0300] {dag.py:2705} INFO - Sync 1 DAGs
[2023-04-28T18:06:09.494-0300] {logging_mixin.py:137} INFO - [2023-04-28T18:06:09.494-0300] {dag.py:3452} INFO - Setting next_dagrun for example_branch_operator to 2023-04-27T00:00:00+00:00, run_after=2023-04-28T00:00:00+00:00
[2023-04-28T18:06:09.517-0300] {processor.py:175} INFO - Processing /home/lcscarv/projetos/indicium/desafio_5/.venv/lib/python3.8/site-packages/airflow/example_dags/example_branch_operator.py took 0.068 seconds
[2023-04-28T18:07:04.918-0300] {processor.py:153} INFO - Started process (PID=5166) to work on /home/lcscarv/projetos/indicium/desafio_5/.venv/lib/python3.8/site-packages/airflow/example_dags/example_branch_operator.py
[2023-04-28T18:07:04.919-0300] {processor.py:743} INFO - Processing file /home/lcscarv/projetos/indicium/desafio_5/.venv/lib/python3.8/site-packages/airflow/example_dags/example_branch_operator.py for tasks to queue
[2023-04-28T18:07:04.920-0300] {logging_mixin.py:137} INFO - [2023-04-28T18:07:04.920-0300] {dagbag.py:532} INFO - Filling up the DagBag from /home/lcscarv/projetos/indicium/desafio_5/.venv/lib/python3.8/site-packages/airflow/example_dags/example_branch_operator.py
[2023-04-28T18:07:04.934-0300] {processor.py:753} INFO - DAG(s) dict_keys(['example_branch_operator']) retrieved from /home/lcscarv/projetos/indicium/desafio_5/.venv/lib/python3.8/site-packages/airflow/example_dags/example_branch_operator.py
[2023-04-28T18:07:04.955-0300] {logging_mixin.py:137} INFO - [2023-04-28T18:07:04.955-0300] {dag.py:2705} INFO - Sync 1 DAGs
[2023-04-28T18:07:04.972-0300] {logging_mixin.py:137} INFO - [2023-04-28T18:07:04.972-0300] {dag.py:3452} INFO - Setting next_dagrun for example_branch_operator to 2023-04-27T00:00:00+00:00, run_after=2023-04-28T00:00:00+00:00
[2023-04-28T18:07:05.120-0300] {processor.py:175} INFO - Processing /home/lcscarv/projetos/indicium/desafio_5/.venv/lib/python3.8/site-packages/airflow/example_dags/example_branch_operator.py took 0.204 seconds
[2023-04-28T18:08:24.225-0300] {processor.py:153} INFO - Started process (PID=5384) to work on /home/lcscarv/projetos/indicium/desafio_5/.venv/lib/python3.8/site-packages/airflow/example_dags/example_branch_operator.py
[2023-04-28T18:08:24.226-0300] {processor.py:743} INFO - Processing file /home/lcscarv/projetos/indicium/desafio_5/.venv/lib/python3.8/site-packages/airflow/example_dags/example_branch_operator.py for tasks to queue
[2023-04-28T18:08:24.227-0300] {logging_mixin.py:137} INFO - [2023-04-28T18:08:24.227-0300] {dagbag.py:532} INFO - Filling up the DagBag from /home/lcscarv/projetos/indicium/desafio_5/.venv/lib/python3.8/site-packages/airflow/example_dags/example_branch_operator.py
[2023-04-28T18:08:24.239-0300] {processor.py:753} INFO - DAG(s) dict_keys(['example_branch_operator']) retrieved from /home/lcscarv/projetos/indicium/desafio_5/.venv/lib/python3.8/site-packages/airflow/example_dags/example_branch_operator.py
[2023-04-28T18:08:24.254-0300] {logging_mixin.py:137} INFO - [2023-04-28T18:08:24.254-0300] {dag.py:2705} INFO - Sync 1 DAGs
[2023-04-28T18:08:24.268-0300] {logging_mixin.py:137} INFO - [2023-04-28T18:08:24.268-0300] {dag.py:3452} INFO - Setting next_dagrun for example_branch_operator to 2023-04-27T00:00:00+00:00, run_after=2023-04-28T00:00:00+00:00
[2023-04-28T18:08:24.288-0300] {processor.py:175} INFO - Processing /home/lcscarv/projetos/indicium/desafio_5/.venv/lib/python3.8/site-packages/airflow/example_dags/example_branch_operator.py took 0.065 seconds
[2023-04-28T18:09:11.177-0300] {processor.py:153} INFO - Started process (PID=5478) to work on /home/lcscarv/projetos/indicium/desafio_5/.venv/lib/python3.8/site-packages/airflow/example_dags/example_branch_operator.py
[2023-04-28T18:09:11.178-0300] {processor.py:743} INFO - Processing file /home/lcscarv/projetos/indicium/desafio_5/.venv/lib/python3.8/site-packages/airflow/example_dags/example_branch_operator.py for tasks to queue
[2023-04-28T18:09:11.178-0300] {logging_mixin.py:137} INFO - [2023-04-28T18:09:11.178-0300] {dagbag.py:532} INFO - Filling up the DagBag from /home/lcscarv/projetos/indicium/desafio_5/.venv/lib/python3.8/site-packages/airflow/example_dags/example_branch_operator.py
[2023-04-28T18:09:11.189-0300] {processor.py:753} INFO - DAG(s) dict_keys(['example_branch_operator']) retrieved from /home/lcscarv/projetos/indicium/desafio_5/.venv/lib/python3.8/site-packages/airflow/example_dags/example_branch_operator.py
[2023-04-28T18:09:11.204-0300] {logging_mixin.py:137} INFO - [2023-04-28T18:09:11.204-0300] {dag.py:2705} INFO - Sync 1 DAGs
[2023-04-28T18:09:11.217-0300] {logging_mixin.py:137} INFO - [2023-04-28T18:09:11.217-0300] {dag.py:3452} INFO - Setting next_dagrun for example_branch_operator to 2023-04-27T00:00:00+00:00, run_after=2023-04-28T00:00:00+00:00
[2023-04-28T18:09:11.374-0300] {processor.py:175} INFO - Processing /home/lcscarv/projetos/indicium/desafio_5/.venv/lib/python3.8/site-packages/airflow/example_dags/example_branch_operator.py took 0.200 seconds
[2023-04-28T18:09:57.502-0300] {processor.py:153} INFO - Started process (PID=5522) to work on /home/lcscarv/projetos/indicium/desafio_5/.venv/lib/python3.8/site-packages/airflow/example_dags/example_branch_operator.py
[2023-04-28T18:09:57.503-0300] {processor.py:743} INFO - Processing file /home/lcscarv/projetos/indicium/desafio_5/.venv/lib/python3.8/site-packages/airflow/example_dags/example_branch_operator.py for tasks to queue
[2023-04-28T18:09:57.503-0300] {logging_mixin.py:137} INFO - [2023-04-28T18:09:57.503-0300] {dagbag.py:532} INFO - Filling up the DagBag from /home/lcscarv/projetos/indicium/desafio_5/.venv/lib/python3.8/site-packages/airflow/example_dags/example_branch_operator.py
[2023-04-28T18:09:57.514-0300] {processor.py:753} INFO - DAG(s) dict_keys(['example_branch_operator']) retrieved from /home/lcscarv/projetos/indicium/desafio_5/.venv/lib/python3.8/site-packages/airflow/example_dags/example_branch_operator.py
[2023-04-28T18:09:57.529-0300] {logging_mixin.py:137} INFO - [2023-04-28T18:09:57.529-0300] {dag.py:2705} INFO - Sync 1 DAGs
[2023-04-28T18:09:57.543-0300] {logging_mixin.py:137} INFO - [2023-04-28T18:09:57.543-0300] {dag.py:3452} INFO - Setting next_dagrun for example_branch_operator to 2023-04-27T00:00:00+00:00, run_after=2023-04-28T00:00:00+00:00
[2023-04-28T18:09:57.564-0300] {processor.py:175} INFO - Processing /home/lcscarv/projetos/indicium/desafio_5/.venv/lib/python3.8/site-packages/airflow/example_dags/example_branch_operator.py took 0.064 seconds
[2023-04-28T18:10:54.752-0300] {processor.py:153} INFO - Started process (PID=5670) to work on /home/lcscarv/projetos/indicium/desafio_5/.venv/lib/python3.8/site-packages/airflow/example_dags/example_branch_operator.py
[2023-04-28T18:10:54.753-0300] {processor.py:743} INFO - Processing file /home/lcscarv/projetos/indicium/desafio_5/.venv/lib/python3.8/site-packages/airflow/example_dags/example_branch_operator.py for tasks to queue
[2023-04-28T18:10:54.754-0300] {logging_mixin.py:137} INFO - [2023-04-28T18:10:54.754-0300] {dagbag.py:532} INFO - Filling up the DagBag from /home/lcscarv/projetos/indicium/desafio_5/.venv/lib/python3.8/site-packages/airflow/example_dags/example_branch_operator.py
[2023-04-28T18:10:54.766-0300] {processor.py:753} INFO - DAG(s) dict_keys(['example_branch_operator']) retrieved from /home/lcscarv/projetos/indicium/desafio_5/.venv/lib/python3.8/site-packages/airflow/example_dags/example_branch_operator.py
[2023-04-28T18:10:54.781-0300] {logging_mixin.py:137} INFO - [2023-04-28T18:10:54.781-0300] {dag.py:2705} INFO - Sync 1 DAGs
[2023-04-28T18:10:54.796-0300] {logging_mixin.py:137} INFO - [2023-04-28T18:10:54.796-0300] {dag.py:3452} INFO - Setting next_dagrun for example_branch_operator to 2023-04-27T00:00:00+00:00, run_after=2023-04-28T00:00:00+00:00
[2023-04-28T18:10:54.817-0300] {processor.py:175} INFO - Processing /home/lcscarv/projetos/indicium/desafio_5/.venv/lib/python3.8/site-packages/airflow/example_dags/example_branch_operator.py took 0.067 seconds
[2023-04-28T18:11:49.318-0300] {processor.py:153} INFO - Started process (PID=5822) to work on /home/lcscarv/projetos/indicium/desafio_5/.venv/lib/python3.8/site-packages/airflow/example_dags/example_branch_operator.py
[2023-04-28T18:11:49.319-0300] {processor.py:743} INFO - Processing file /home/lcscarv/projetos/indicium/desafio_5/.venv/lib/python3.8/site-packages/airflow/example_dags/example_branch_operator.py for tasks to queue
[2023-04-28T18:11:49.319-0300] {logging_mixin.py:137} INFO - [2023-04-28T18:11:49.319-0300] {dagbag.py:532} INFO - Filling up the DagBag from /home/lcscarv/projetos/indicium/desafio_5/.venv/lib/python3.8/site-packages/airflow/example_dags/example_branch_operator.py
[2023-04-28T18:11:49.331-0300] {processor.py:753} INFO - DAG(s) dict_keys(['example_branch_operator']) retrieved from /home/lcscarv/projetos/indicium/desafio_5/.venv/lib/python3.8/site-packages/airflow/example_dags/example_branch_operator.py
[2023-04-28T18:11:49.347-0300] {logging_mixin.py:137} INFO - [2023-04-28T18:11:49.346-0300] {dag.py:2705} INFO - Sync 1 DAGs
[2023-04-28T18:11:49.361-0300] {logging_mixin.py:137} INFO - [2023-04-28T18:11:49.361-0300] {dag.py:3452} INFO - Setting next_dagrun for example_branch_operator to 2023-04-27T00:00:00+00:00, run_after=2023-04-28T00:00:00+00:00
[2023-04-28T18:11:49.380-0300] {processor.py:175} INFO - Processing /home/lcscarv/projetos/indicium/desafio_5/.venv/lib/python3.8/site-packages/airflow/example_dags/example_branch_operator.py took 0.064 seconds
[2023-04-28T18:12:52.669-0300] {processor.py:153} INFO - Started process (PID=5869) to work on /home/lcscarv/projetos/indicium/desafio_5/.venv/lib/python3.8/site-packages/airflow/example_dags/example_branch_operator.py
[2023-04-28T18:12:52.670-0300] {processor.py:743} INFO - Processing file /home/lcscarv/projetos/indicium/desafio_5/.venv/lib/python3.8/site-packages/airflow/example_dags/example_branch_operator.py for tasks to queue
[2023-04-28T18:12:52.670-0300] {logging_mixin.py:137} INFO - [2023-04-28T18:12:52.670-0300] {dagbag.py:532} INFO - Filling up the DagBag from /home/lcscarv/projetos/indicium/desafio_5/.venv/lib/python3.8/site-packages/airflow/example_dags/example_branch_operator.py
[2023-04-28T18:12:52.684-0300] {processor.py:753} INFO - DAG(s) dict_keys(['example_branch_operator']) retrieved from /home/lcscarv/projetos/indicium/desafio_5/.venv/lib/python3.8/site-packages/airflow/example_dags/example_branch_operator.py
[2023-04-28T18:12:52.703-0300] {logging_mixin.py:137} INFO - [2023-04-28T18:12:52.703-0300] {dag.py:2705} INFO - Sync 1 DAGs
[2023-04-28T18:12:52.721-0300] {logging_mixin.py:137} INFO - [2023-04-28T18:12:52.721-0300] {dag.py:3452} INFO - Setting next_dagrun for example_branch_operator to 2023-04-27T00:00:00+00:00, run_after=2023-04-28T00:00:00+00:00
[2023-04-28T18:12:52.846-0300] {processor.py:175} INFO - Processing /home/lcscarv/projetos/indicium/desafio_5/.venv/lib/python3.8/site-packages/airflow/example_dags/example_branch_operator.py took 0.180 seconds
[2023-04-28T18:13:38.374-0300] {processor.py:153} INFO - Started process (PID=5911) to work on /home/lcscarv/projetos/indicium/desafio_5/.venv/lib/python3.8/site-packages/airflow/example_dags/example_branch_operator.py
[2023-04-28T18:13:38.412-0300] {processor.py:743} INFO - Processing file /home/lcscarv/projetos/indicium/desafio_5/.venv/lib/python3.8/site-packages/airflow/example_dags/example_branch_operator.py for tasks to queue
[2023-04-28T18:13:38.413-0300] {logging_mixin.py:137} INFO - [2023-04-28T18:13:38.413-0300] {dagbag.py:532} INFO - Filling up the DagBag from /home/lcscarv/projetos/indicium/desafio_5/.venv/lib/python3.8/site-packages/airflow/example_dags/example_branch_operator.py
[2023-04-28T18:13:38.427-0300] {processor.py:753} INFO - DAG(s) dict_keys(['example_branch_operator']) retrieved from /home/lcscarv/projetos/indicium/desafio_5/.venv/lib/python3.8/site-packages/airflow/example_dags/example_branch_operator.py
[2023-04-28T18:13:38.441-0300] {logging_mixin.py:137} INFO - [2023-04-28T18:13:38.441-0300] {dag.py:2705} INFO - Sync 1 DAGs
[2023-04-28T18:13:38.454-0300] {logging_mixin.py:137} INFO - [2023-04-28T18:13:38.454-0300] {dag.py:3452} INFO - Setting next_dagrun for example_branch_operator to 2023-04-27T00:00:00+00:00, run_after=2023-04-28T00:00:00+00:00
[2023-04-28T18:13:38.484-0300] {processor.py:175} INFO - Processing /home/lcscarv/projetos/indicium/desafio_5/.venv/lib/python3.8/site-packages/airflow/example_dags/example_branch_operator.py took 0.113 seconds
[2023-04-28T18:14:36.593-0300] {processor.py:153} INFO - Started process (PID=5959) to work on /home/lcscarv/projetos/indicium/desafio_5/.venv/lib/python3.8/site-packages/airflow/example_dags/example_branch_operator.py
[2023-04-28T18:14:36.595-0300] {processor.py:743} INFO - Processing file /home/lcscarv/projetos/indicium/desafio_5/.venv/lib/python3.8/site-packages/airflow/example_dags/example_branch_operator.py for tasks to queue
[2023-04-28T18:14:36.596-0300] {logging_mixin.py:137} INFO - [2023-04-28T18:14:36.596-0300] {dagbag.py:532} INFO - Filling up the DagBag from /home/lcscarv/projetos/indicium/desafio_5/.venv/lib/python3.8/site-packages/airflow/example_dags/example_branch_operator.py
[2023-04-28T18:14:36.608-0300] {processor.py:753} INFO - DAG(s) dict_keys(['example_branch_operator']) retrieved from /home/lcscarv/projetos/indicium/desafio_5/.venv/lib/python3.8/site-packages/airflow/example_dags/example_branch_operator.py
[2023-04-28T18:14:36.624-0300] {logging_mixin.py:137} INFO - [2023-04-28T18:14:36.624-0300] {dag.py:2705} INFO - Sync 1 DAGs
[2023-04-28T18:14:36.638-0300] {logging_mixin.py:137} INFO - [2023-04-28T18:14:36.638-0300] {dag.py:3452} INFO - Setting next_dagrun for example_branch_operator to 2023-04-27T00:00:00+00:00, run_after=2023-04-28T00:00:00+00:00
[2023-04-28T18:14:36.663-0300] {processor.py:175} INFO - Processing /home/lcscarv/projetos/indicium/desafio_5/.venv/lib/python3.8/site-packages/airflow/example_dags/example_branch_operator.py took 0.072 seconds
[2023-04-28T18:15:40.312-0300] {processor.py:153} INFO - Started process (PID=6062) to work on /home/lcscarv/projetos/indicium/desafio_5/.venv/lib/python3.8/site-packages/airflow/example_dags/example_branch_operator.py
[2023-04-28T18:15:40.313-0300] {processor.py:743} INFO - Processing file /home/lcscarv/projetos/indicium/desafio_5/.venv/lib/python3.8/site-packages/airflow/example_dags/example_branch_operator.py for tasks to queue
[2023-04-28T18:15:40.313-0300] {logging_mixin.py:137} INFO - [2023-04-28T18:15:40.313-0300] {dagbag.py:532} INFO - Filling up the DagBag from /home/lcscarv/projetos/indicium/desafio_5/.venv/lib/python3.8/site-packages/airflow/example_dags/example_branch_operator.py
[2023-04-28T18:15:40.325-0300] {processor.py:753} INFO - DAG(s) dict_keys(['example_branch_operator']) retrieved from /home/lcscarv/projetos/indicium/desafio_5/.venv/lib/python3.8/site-packages/airflow/example_dags/example_branch_operator.py
[2023-04-28T18:15:40.339-0300] {logging_mixin.py:137} INFO - [2023-04-28T18:15:40.338-0300] {dag.py:2705} INFO - Sync 1 DAGs
[2023-04-28T18:15:40.412-0300] {logging_mixin.py:137} INFO - [2023-04-28T18:15:40.412-0300] {dag.py:3452} INFO - Setting next_dagrun for example_branch_operator to 2023-04-27T00:00:00+00:00, run_after=2023-04-28T00:00:00+00:00
[2023-04-28T18:15:40.444-0300] {processor.py:175} INFO - Processing /home/lcscarv/projetos/indicium/desafio_5/.venv/lib/python3.8/site-packages/airflow/example_dags/example_branch_operator.py took 0.135 seconds
[2023-04-28T18:16:34.031-0300] {processor.py:153} INFO - Started process (PID=6110) to work on /home/lcscarv/projetos/indicium/desafio_5/.venv/lib/python3.8/site-packages/airflow/example_dags/example_branch_operator.py
[2023-04-28T18:16:34.033-0300] {processor.py:743} INFO - Processing file /home/lcscarv/projetos/indicium/desafio_5/.venv/lib/python3.8/site-packages/airflow/example_dags/example_branch_operator.py for tasks to queue
[2023-04-28T18:16:34.033-0300] {logging_mixin.py:137} INFO - [2023-04-28T18:16:34.033-0300] {dagbag.py:532} INFO - Filling up the DagBag from /home/lcscarv/projetos/indicium/desafio_5/.venv/lib/python3.8/site-packages/airflow/example_dags/example_branch_operator.py
[2023-04-28T18:16:34.045-0300] {processor.py:753} INFO - DAG(s) dict_keys(['example_branch_operator']) retrieved from /home/lcscarv/projetos/indicium/desafio_5/.venv/lib/python3.8/site-packages/airflow/example_dags/example_branch_operator.py
[2023-04-28T18:16:34.061-0300] {logging_mixin.py:137} INFO - [2023-04-28T18:16:34.061-0300] {dag.py:2705} INFO - Sync 1 DAGs
[2023-04-28T18:16:34.136-0300] {logging_mixin.py:137} INFO - [2023-04-28T18:16:34.136-0300] {dag.py:3452} INFO - Setting next_dagrun for example_branch_operator to 2023-04-27T00:00:00+00:00, run_after=2023-04-28T00:00:00+00:00
[2023-04-28T18:16:34.154-0300] {processor.py:175} INFO - Processing /home/lcscarv/projetos/indicium/desafio_5/.venv/lib/python3.8/site-packages/airflow/example_dags/example_branch_operator.py took 0.125 seconds
[2023-04-28T18:17:34.971-0300] {processor.py:153} INFO - Started process (PID=6161) to work on /home/lcscarv/projetos/indicium/desafio_5/.venv/lib/python3.8/site-packages/airflow/example_dags/example_branch_operator.py
[2023-04-28T18:17:34.973-0300] {processor.py:743} INFO - Processing file /home/lcscarv/projetos/indicium/desafio_5/.venv/lib/python3.8/site-packages/airflow/example_dags/example_branch_operator.py for tasks to queue
[2023-04-28T18:17:34.973-0300] {logging_mixin.py:137} INFO - [2023-04-28T18:17:34.973-0300] {dagbag.py:532} INFO - Filling up the DagBag from /home/lcscarv/projetos/indicium/desafio_5/.venv/lib/python3.8/site-packages/airflow/example_dags/example_branch_operator.py
[2023-04-28T18:17:34.984-0300] {processor.py:753} INFO - DAG(s) dict_keys(['example_branch_operator']) retrieved from /home/lcscarv/projetos/indicium/desafio_5/.venv/lib/python3.8/site-packages/airflow/example_dags/example_branch_operator.py
[2023-04-28T18:17:35.059-0300] {logging_mixin.py:137} INFO - [2023-04-28T18:17:35.059-0300] {dag.py:2705} INFO - Sync 1 DAGs
[2023-04-28T18:17:35.071-0300] {logging_mixin.py:137} INFO - [2023-04-28T18:17:35.071-0300] {dag.py:3452} INFO - Setting next_dagrun for example_branch_operator to 2023-04-27T00:00:00+00:00, run_after=2023-04-28T00:00:00+00:00
[2023-04-28T18:17:35.255-0300] {processor.py:175} INFO - Processing /home/lcscarv/projetos/indicium/desafio_5/.venv/lib/python3.8/site-packages/airflow/example_dags/example_branch_operator.py took 0.285 seconds
[2023-04-28T18:18:24.476-0300] {processor.py:153} INFO - Started process (PID=6207) to work on /home/lcscarv/projetos/indicium/desafio_5/.venv/lib/python3.8/site-packages/airflow/example_dags/example_branch_operator.py
[2023-04-28T18:18:24.477-0300] {processor.py:743} INFO - Processing file /home/lcscarv/projetos/indicium/desafio_5/.venv/lib/python3.8/site-packages/airflow/example_dags/example_branch_operator.py for tasks to queue
[2023-04-28T18:18:24.477-0300] {logging_mixin.py:137} INFO - [2023-04-28T18:18:24.477-0300] {dagbag.py:532} INFO - Filling up the DagBag from /home/lcscarv/projetos/indicium/desafio_5/.venv/lib/python3.8/site-packages/airflow/example_dags/example_branch_operator.py
[2023-04-28T18:18:24.490-0300] {processor.py:753} INFO - DAG(s) dict_keys(['example_branch_operator']) retrieved from /home/lcscarv/projetos/indicium/desafio_5/.venv/lib/python3.8/site-packages/airflow/example_dags/example_branch_operator.py
[2023-04-28T18:18:24.508-0300] {logging_mixin.py:137} INFO - [2023-04-28T18:18:24.508-0300] {dag.py:2705} INFO - Sync 1 DAGs
[2023-04-28T18:18:24.523-0300] {logging_mixin.py:137} INFO - [2023-04-28T18:18:24.522-0300] {dag.py:3452} INFO - Setting next_dagrun for example_branch_operator to 2023-04-27T00:00:00+00:00, run_after=2023-04-28T00:00:00+00:00
[2023-04-28T18:18:24.543-0300] {processor.py:175} INFO - Processing /home/lcscarv/projetos/indicium/desafio_5/.venv/lib/python3.8/site-packages/airflow/example_dags/example_branch_operator.py took 0.070 seconds
[2023-04-28T18:19:21.287-0300] {processor.py:153} INFO - Started process (PID=6261) to work on /home/lcscarv/projetos/indicium/desafio_5/.venv/lib/python3.8/site-packages/airflow/example_dags/example_branch_operator.py
[2023-04-28T18:19:21.289-0300] {processor.py:743} INFO - Processing file /home/lcscarv/projetos/indicium/desafio_5/.venv/lib/python3.8/site-packages/airflow/example_dags/example_branch_operator.py for tasks to queue
[2023-04-28T18:19:21.291-0300] {logging_mixin.py:137} INFO - [2023-04-28T18:19:21.291-0300] {dagbag.py:532} INFO - Filling up the DagBag from /home/lcscarv/projetos/indicium/desafio_5/.venv/lib/python3.8/site-packages/airflow/example_dags/example_branch_operator.py
[2023-04-28T18:19:21.318-0300] {processor.py:753} INFO - DAG(s) dict_keys(['example_branch_operator']) retrieved from /home/lcscarv/projetos/indicium/desafio_5/.venv/lib/python3.8/site-packages/airflow/example_dags/example_branch_operator.py
[2023-04-28T18:19:21.354-0300] {logging_mixin.py:137} INFO - [2023-04-28T18:19:21.353-0300] {dag.py:2705} INFO - Sync 1 DAGs
[2023-04-28T18:19:21.388-0300] {logging_mixin.py:137} INFO - [2023-04-28T18:19:21.388-0300] {dag.py:3452} INFO - Setting next_dagrun for example_branch_operator to 2023-04-27T00:00:00+00:00, run_after=2023-04-28T00:00:00+00:00
[2023-04-28T18:19:21.518-0300] {processor.py:175} INFO - Processing /home/lcscarv/projetos/indicium/desafio_5/.venv/lib/python3.8/site-packages/airflow/example_dags/example_branch_operator.py took 0.242 seconds
[2023-04-28T18:20:08.668-0300] {processor.py:153} INFO - Started process (PID=6305) to work on /home/lcscarv/projetos/indicium/desafio_5/.venv/lib/python3.8/site-packages/airflow/example_dags/example_branch_operator.py
[2023-04-28T18:20:08.789-0300] {processor.py:743} INFO - Processing file /home/lcscarv/projetos/indicium/desafio_5/.venv/lib/python3.8/site-packages/airflow/example_dags/example_branch_operator.py for tasks to queue
[2023-04-28T18:20:08.791-0300] {logging_mixin.py:137} INFO - [2023-04-28T18:20:08.791-0300] {dagbag.py:532} INFO - Filling up the DagBag from /home/lcscarv/projetos/indicium/desafio_5/.venv/lib/python3.8/site-packages/airflow/example_dags/example_branch_operator.py
[2023-04-28T18:20:08.804-0300] {processor.py:753} INFO - DAG(s) dict_keys(['example_branch_operator']) retrieved from /home/lcscarv/projetos/indicium/desafio_5/.venv/lib/python3.8/site-packages/airflow/example_dags/example_branch_operator.py
[2023-04-28T18:20:08.818-0300] {logging_mixin.py:137} INFO - [2023-04-28T18:20:08.818-0300] {dag.py:2705} INFO - Sync 1 DAGs
[2023-04-28T18:20:08.891-0300] {logging_mixin.py:137} INFO - [2023-04-28T18:20:08.891-0300] {dag.py:3452} INFO - Setting next_dagrun for example_branch_operator to 2023-04-27T00:00:00+00:00, run_after=2023-04-28T00:00:00+00:00
[2023-04-28T18:20:09.219-0300] {processor.py:175} INFO - Processing /home/lcscarv/projetos/indicium/desafio_5/.venv/lib/python3.8/site-packages/airflow/example_dags/example_branch_operator.py took 0.553 seconds
[2023-04-28T18:21:00.212-0300] {processor.py:153} INFO - Started process (PID=6402) to work on /home/lcscarv/projetos/indicium/desafio_5/.venv/lib/python3.8/site-packages/airflow/example_dags/example_branch_operator.py
[2023-04-28T18:21:00.213-0300] {processor.py:743} INFO - Processing file /home/lcscarv/projetos/indicium/desafio_5/.venv/lib/python3.8/site-packages/airflow/example_dags/example_branch_operator.py for tasks to queue
[2023-04-28T18:21:00.214-0300] {logging_mixin.py:137} INFO - [2023-04-28T18:21:00.214-0300] {dagbag.py:532} INFO - Filling up the DagBag from /home/lcscarv/projetos/indicium/desafio_5/.venv/lib/python3.8/site-packages/airflow/example_dags/example_branch_operator.py
[2023-04-28T18:21:00.227-0300] {processor.py:753} INFO - DAG(s) dict_keys(['example_branch_operator']) retrieved from /home/lcscarv/projetos/indicium/desafio_5/.venv/lib/python3.8/site-packages/airflow/example_dags/example_branch_operator.py
[2023-04-28T18:21:00.309-0300] {logging_mixin.py:137} INFO - [2023-04-28T18:21:00.309-0300] {dag.py:2705} INFO - Sync 1 DAGs
[2023-04-28T18:21:00.322-0300] {logging_mixin.py:137} INFO - [2023-04-28T18:21:00.321-0300] {dag.py:3452} INFO - Setting next_dagrun for example_branch_operator to 2023-04-27T00:00:00+00:00, run_after=2023-04-28T00:00:00+00:00
[2023-04-28T18:21:00.339-0300] {processor.py:175} INFO - Processing /home/lcscarv/projetos/indicium/desafio_5/.venv/lib/python3.8/site-packages/airflow/example_dags/example_branch_operator.py took 0.129 seconds
