[2023-04-28T18:00:46.750-0300] {processor.py:153} INFO - Started process (PID=4614) to work on /home/lcscarv/projetos/indicium/desafio_5/.venv/lib/python3.8/site-packages/airflow/example_dags/example_branch_day_of_week_operator.py
[2023-04-28T18:00:46.750-0300] {processor.py:743} INFO - Processing file /home/lcscarv/projetos/indicium/desafio_5/.venv/lib/python3.8/site-packages/airflow/example_dags/example_branch_day_of_week_operator.py for tasks to queue
[2023-04-28T18:00:46.751-0300] {logging_mixin.py:137} INFO - [2023-04-28T18:00:46.750-0300] {dagbag.py:532} INFO - Filling up the DagBag from /home/lcscarv/projetos/indicium/desafio_5/.venv/lib/python3.8/site-packages/airflow/example_dags/example_branch_day_of_week_operator.py
[2023-04-28T18:00:46.763-0300] {processor.py:753} INFO - DAG(s) dict_keys(['example_weekday_branch_operator']) retrieved from /home/lcscarv/projetos/indicium/desafio_5/.venv/lib/python3.8/site-packages/airflow/example_dags/example_branch_day_of_week_operator.py
[2023-04-28T18:00:46.780-0300] {logging_mixin.py:137} INFO - [2023-04-28T18:00:46.780-0300] {dag.py:2705} INFO - Sync 1 DAGs
[2023-04-28T18:00:46.796-0300] {logging_mixin.py:137} INFO - [2023-04-28T18:00:46.796-0300] {dag.py:3452} INFO - Setting next_dagrun for example_weekday_branch_operator to 2023-04-27T00:00:00+00:00, run_after=2023-04-28T00:00:00+00:00
[2023-04-28T18:00:46.818-0300] {processor.py:175} INFO - Processing /home/lcscarv/projetos/indicium/desafio_5/.venv/lib/python3.8/site-packages/airflow/example_dags/example_branch_day_of_week_operator.py took 0.070 seconds
[2023-04-28T18:01:29.180-0300] {processor.py:153} INFO - Started process (PID=4656) to work on /home/lcscarv/projetos/indicium/desafio_5/.venv/lib/python3.8/site-packages/airflow/example_dags/example_branch_day_of_week_operator.py
[2023-04-28T18:01:29.222-0300] {processor.py:743} INFO - Processing file /home/lcscarv/projetos/indicium/desafio_5/.venv/lib/python3.8/site-packages/airflow/example_dags/example_branch_day_of_week_operator.py for tasks to queue
[2023-04-28T18:01:29.223-0300] {logging_mixin.py:137} INFO - [2023-04-28T18:01:29.223-0300] {dagbag.py:532} INFO - Filling up the DagBag from /home/lcscarv/projetos/indicium/desafio_5/.venv/lib/python3.8/site-packages/airflow/example_dags/example_branch_day_of_week_operator.py
[2023-04-28T18:01:29.237-0300] {processor.py:753} INFO - DAG(s) dict_keys(['example_weekday_branch_operator']) retrieved from /home/lcscarv/projetos/indicium/desafio_5/.venv/lib/python3.8/site-packages/airflow/example_dags/example_branch_day_of_week_operator.py
[2023-04-28T18:01:29.250-0300] {logging_mixin.py:137} INFO - [2023-04-28T18:01:29.250-0300] {dag.py:2705} INFO - Sync 1 DAGs
[2023-04-28T18:01:29.264-0300] {logging_mixin.py:137} INFO - [2023-04-28T18:01:29.264-0300] {dag.py:3452} INFO - Setting next_dagrun for example_weekday_branch_operator to 2023-04-27T00:00:00+00:00, run_after=2023-04-28T00:00:00+00:00
[2023-04-28T18:01:29.282-0300] {processor.py:175} INFO - Processing /home/lcscarv/projetos/indicium/desafio_5/.venv/lib/python3.8/site-packages/airflow/example_dags/example_branch_day_of_week_operator.py took 0.103 seconds
[2023-04-28T18:02:37.412-0300] {processor.py:153} INFO - Started process (PID=4759) to work on /home/lcscarv/projetos/indicium/desafio_5/.venv/lib/python3.8/site-packages/airflow/example_dags/example_branch_day_of_week_operator.py
[2023-04-28T18:02:37.414-0300] {processor.py:743} INFO - Processing file /home/lcscarv/projetos/indicium/desafio_5/.venv/lib/python3.8/site-packages/airflow/example_dags/example_branch_day_of_week_operator.py for tasks to queue
[2023-04-28T18:02:37.415-0300] {logging_mixin.py:137} INFO - [2023-04-28T18:02:37.414-0300] {dagbag.py:532} INFO - Filling up the DagBag from /home/lcscarv/projetos/indicium/desafio_5/.venv/lib/python3.8/site-packages/airflow/example_dags/example_branch_day_of_week_operator.py
[2023-04-28T18:02:37.435-0300] {processor.py:753} INFO - DAG(s) dict_keys(['example_weekday_branch_operator']) retrieved from /home/lcscarv/projetos/indicium/desafio_5/.venv/lib/python3.8/site-packages/airflow/example_dags/example_branch_day_of_week_operator.py
[2023-04-28T18:02:37.461-0300] {logging_mixin.py:137} INFO - [2023-04-28T18:02:37.461-0300] {dag.py:2705} INFO - Sync 1 DAGs
[2023-04-28T18:02:37.486-0300] {logging_mixin.py:137} INFO - [2023-04-28T18:02:37.485-0300] {dag.py:3452} INFO - Setting next_dagrun for example_weekday_branch_operator to 2023-04-27T00:00:00+00:00, run_after=2023-04-28T00:00:00+00:00
[2023-04-28T18:02:37.520-0300] {processor.py:175} INFO - Processing /home/lcscarv/projetos/indicium/desafio_5/.venv/lib/python3.8/site-packages/airflow/example_dags/example_branch_day_of_week_operator.py took 0.111 seconds
[2023-04-28T18:03:35.786-0300] {processor.py:153} INFO - Started process (PID=4861) to work on /home/lcscarv/projetos/indicium/desafio_5/.venv/lib/python3.8/site-packages/airflow/example_dags/example_branch_day_of_week_operator.py
[2023-04-28T18:03:35.788-0300] {processor.py:743} INFO - Processing file /home/lcscarv/projetos/indicium/desafio_5/.venv/lib/python3.8/site-packages/airflow/example_dags/example_branch_day_of_week_operator.py for tasks to queue
[2023-04-28T18:03:35.788-0300] {logging_mixin.py:137} INFO - [2023-04-28T18:03:35.788-0300] {dagbag.py:532} INFO - Filling up the DagBag from /home/lcscarv/projetos/indicium/desafio_5/.venv/lib/python3.8/site-packages/airflow/example_dags/example_branch_day_of_week_operator.py
[2023-04-28T18:03:35.799-0300] {processor.py:753} INFO - DAG(s) dict_keys(['example_weekday_branch_operator']) retrieved from /home/lcscarv/projetos/indicium/desafio_5/.venv/lib/python3.8/site-packages/airflow/example_dags/example_branch_day_of_week_operator.py
[2023-04-28T18:03:35.811-0300] {logging_mixin.py:137} INFO - [2023-04-28T18:03:35.811-0300] {dag.py:2705} INFO - Sync 1 DAGs
[2023-04-28T18:03:35.824-0300] {logging_mixin.py:137} INFO - [2023-04-28T18:03:35.824-0300] {dag.py:3452} INFO - Setting next_dagrun for example_weekday_branch_operator to 2023-04-27T00:00:00+00:00, run_after=2023-04-28T00:00:00+00:00
[2023-04-28T18:03:35.841-0300] {processor.py:175} INFO - Processing /home/lcscarv/projetos/indicium/desafio_5/.venv/lib/python3.8/site-packages/airflow/example_dags/example_branch_day_of_week_operator.py took 0.058 seconds
[2023-04-28T18:04:16.729-0300] {processor.py:153} INFO - Started process (PID=4903) to work on /home/lcscarv/projetos/indicium/desafio_5/.venv/lib/python3.8/site-packages/airflow/example_dags/example_branch_day_of_week_operator.py
[2023-04-28T18:04:16.731-0300] {processor.py:743} INFO - Processing file /home/lcscarv/projetos/indicium/desafio_5/.venv/lib/python3.8/site-packages/airflow/example_dags/example_branch_day_of_week_operator.py for tasks to queue
[2023-04-28T18:04:16.731-0300] {logging_mixin.py:137} INFO - [2023-04-28T18:04:16.731-0300] {dagbag.py:532} INFO - Filling up the DagBag from /home/lcscarv/projetos/indicium/desafio_5/.venv/lib/python3.8/site-packages/airflow/example_dags/example_branch_day_of_week_operator.py
[2023-04-28T18:04:16.741-0300] {processor.py:753} INFO - DAG(s) dict_keys(['example_weekday_branch_operator']) retrieved from /home/lcscarv/projetos/indicium/desafio_5/.venv/lib/python3.8/site-packages/airflow/example_dags/example_branch_day_of_week_operator.py
[2023-04-28T18:04:16.753-0300] {logging_mixin.py:137} INFO - [2023-04-28T18:04:16.753-0300] {dag.py:2705} INFO - Sync 1 DAGs
[2023-04-28T18:04:16.766-0300] {logging_mixin.py:137} INFO - [2023-04-28T18:04:16.766-0300] {dag.py:3452} INFO - Setting next_dagrun for example_weekday_branch_operator to 2023-04-27T00:00:00+00:00, run_after=2023-04-28T00:00:00+00:00
[2023-04-28T18:04:16.783-0300] {processor.py:175} INFO - Processing /home/lcscarv/projetos/indicium/desafio_5/.venv/lib/python3.8/site-packages/airflow/example_dags/example_branch_day_of_week_operator.py took 0.056 seconds
[2023-04-28T18:05:12.006-0300] {processor.py:153} INFO - Started process (PID=5030) to work on /home/lcscarv/projetos/indicium/desafio_5/.venv/lib/python3.8/site-packages/airflow/example_dags/example_branch_day_of_week_operator.py
[2023-04-28T18:05:12.007-0300] {processor.py:743} INFO - Processing file /home/lcscarv/projetos/indicium/desafio_5/.venv/lib/python3.8/site-packages/airflow/example_dags/example_branch_day_of_week_operator.py for tasks to queue
[2023-04-28T18:05:12.008-0300] {logging_mixin.py:137} INFO - [2023-04-28T18:05:12.007-0300] {dagbag.py:532} INFO - Filling up the DagBag from /home/lcscarv/projetos/indicium/desafio_5/.venv/lib/python3.8/site-packages/airflow/example_dags/example_branch_day_of_week_operator.py
[2023-04-28T18:05:12.018-0300] {processor.py:753} INFO - DAG(s) dict_keys(['example_weekday_branch_operator']) retrieved from /home/lcscarv/projetos/indicium/desafio_5/.venv/lib/python3.8/site-packages/airflow/example_dags/example_branch_day_of_week_operator.py
[2023-04-28T18:05:12.033-0300] {logging_mixin.py:137} INFO - [2023-04-28T18:05:12.033-0300] {dag.py:2705} INFO - Sync 1 DAGs
[2023-04-28T18:05:12.048-0300] {logging_mixin.py:137} INFO - [2023-04-28T18:05:12.048-0300] {dag.py:3452} INFO - Setting next_dagrun for example_weekday_branch_operator to 2023-04-27T00:00:00+00:00, run_after=2023-04-28T00:00:00+00:00
[2023-04-28T18:05:12.067-0300] {processor.py:175} INFO - Processing /home/lcscarv/projetos/indicium/desafio_5/.venv/lib/python3.8/site-packages/airflow/example_dags/example_branch_day_of_week_operator.py took 0.063 seconds
[2023-04-28T18:05:57.048-0300] {processor.py:153} INFO - Started process (PID=5106) to work on /home/lcscarv/projetos/indicium/desafio_5/.venv/lib/python3.8/site-packages/airflow/example_dags/example_branch_day_of_week_operator.py
[2023-04-28T18:05:57.052-0300] {processor.py:743} INFO - Processing file /home/lcscarv/projetos/indicium/desafio_5/.venv/lib/python3.8/site-packages/airflow/example_dags/example_branch_day_of_week_operator.py for tasks to queue
[2023-04-28T18:05:57.052-0300] {logging_mixin.py:137} INFO - [2023-04-28T18:05:57.052-0300] {dagbag.py:532} INFO - Filling up the DagBag from /home/lcscarv/projetos/indicium/desafio_5/.venv/lib/python3.8/site-packages/airflow/example_dags/example_branch_day_of_week_operator.py
[2023-04-28T18:05:57.062-0300] {processor.py:753} INFO - DAG(s) dict_keys(['example_weekday_branch_operator']) retrieved from /home/lcscarv/projetos/indicium/desafio_5/.venv/lib/python3.8/site-packages/airflow/example_dags/example_branch_day_of_week_operator.py
[2023-04-28T18:05:57.075-0300] {logging_mixin.py:137} INFO - [2023-04-28T18:05:57.075-0300] {dag.py:2705} INFO - Sync 1 DAGs
[2023-04-28T18:05:57.087-0300] {logging_mixin.py:137} INFO - [2023-04-28T18:05:57.087-0300] {dag.py:3452} INFO - Setting next_dagrun for example_weekday_branch_operator to 2023-04-27T00:00:00+00:00, run_after=2023-04-28T00:00:00+00:00
[2023-04-28T18:05:57.106-0300] {processor.py:175} INFO - Processing /home/lcscarv/projetos/indicium/desafio_5/.venv/lib/python3.8/site-packages/airflow/example_dags/example_branch_day_of_week_operator.py took 0.060 seconds
[2023-04-28T18:06:42.134-0300] {processor.py:153} INFO - Started process (PID=5152) to work on /home/lcscarv/projetos/indicium/desafio_5/.venv/lib/python3.8/site-packages/airflow/example_dags/example_branch_day_of_week_operator.py
[2023-04-28T18:06:42.135-0300] {processor.py:743} INFO - Processing file /home/lcscarv/projetos/indicium/desafio_5/.venv/lib/python3.8/site-packages/airflow/example_dags/example_branch_day_of_week_operator.py for tasks to queue
[2023-04-28T18:06:42.136-0300] {logging_mixin.py:137} INFO - [2023-04-28T18:06:42.136-0300] {dagbag.py:532} INFO - Filling up the DagBag from /home/lcscarv/projetos/indicium/desafio_5/.venv/lib/python3.8/site-packages/airflow/example_dags/example_branch_day_of_week_operator.py
[2023-04-28T18:06:42.145-0300] {processor.py:753} INFO - DAG(s) dict_keys(['example_weekday_branch_operator']) retrieved from /home/lcscarv/projetos/indicium/desafio_5/.venv/lib/python3.8/site-packages/airflow/example_dags/example_branch_day_of_week_operator.py
[2023-04-28T18:06:42.157-0300] {logging_mixin.py:137} INFO - [2023-04-28T18:06:42.157-0300] {dag.py:2705} INFO - Sync 1 DAGs
[2023-04-28T18:06:42.170-0300] {logging_mixin.py:137} INFO - [2023-04-28T18:06:42.169-0300] {dag.py:3452} INFO - Setting next_dagrun for example_weekday_branch_operator to 2023-04-27T00:00:00+00:00, run_after=2023-04-28T00:00:00+00:00
[2023-04-28T18:06:42.188-0300] {processor.py:175} INFO - Processing /home/lcscarv/projetos/indicium/desafio_5/.venv/lib/python3.8/site-packages/airflow/example_dags/example_branch_day_of_week_operator.py took 0.056 seconds
[2023-04-28T18:07:57.016-0300] {processor.py:153} INFO - Started process (PID=5358) to work on /home/lcscarv/projetos/indicium/desafio_5/.venv/lib/python3.8/site-packages/airflow/example_dags/example_branch_day_of_week_operator.py
[2023-04-28T18:07:57.055-0300] {processor.py:743} INFO - Processing file /home/lcscarv/projetos/indicium/desafio_5/.venv/lib/python3.8/site-packages/airflow/example_dags/example_branch_day_of_week_operator.py for tasks to queue
[2023-04-28T18:07:57.056-0300] {logging_mixin.py:137} INFO - [2023-04-28T18:07:57.056-0300] {dagbag.py:532} INFO - Filling up the DagBag from /home/lcscarv/projetos/indicium/desafio_5/.venv/lib/python3.8/site-packages/airflow/example_dags/example_branch_day_of_week_operator.py
[2023-04-28T18:07:57.073-0300] {processor.py:753} INFO - DAG(s) dict_keys(['example_weekday_branch_operator']) retrieved from /home/lcscarv/projetos/indicium/desafio_5/.venv/lib/python3.8/site-packages/airflow/example_dags/example_branch_day_of_week_operator.py
[2023-04-28T18:07:57.089-0300] {logging_mixin.py:137} INFO - [2023-04-28T18:07:57.089-0300] {dag.py:2705} INFO - Sync 1 DAGs
[2023-04-28T18:07:57.102-0300] {logging_mixin.py:137} INFO - [2023-04-28T18:07:57.102-0300] {dag.py:3452} INFO - Setting next_dagrun for example_weekday_branch_operator to 2023-04-27T00:00:00+00:00, run_after=2023-04-28T00:00:00+00:00
[2023-04-28T18:07:57.260-0300] {processor.py:175} INFO - Processing /home/lcscarv/projetos/indicium/desafio_5/.venv/lib/python3.8/site-packages/airflow/example_dags/example_branch_day_of_week_operator.py took 0.247 seconds
[2023-04-28T18:08:52.151-0300] {processor.py:153} INFO - Started process (PID=5410) to work on /home/lcscarv/projetos/indicium/desafio_5/.venv/lib/python3.8/site-packages/airflow/example_dags/example_branch_day_of_week_operator.py
[2023-04-28T18:08:52.179-0300] {processor.py:743} INFO - Processing file /home/lcscarv/projetos/indicium/desafio_5/.venv/lib/python3.8/site-packages/airflow/example_dags/example_branch_day_of_week_operator.py for tasks to queue
[2023-04-28T18:08:52.180-0300] {logging_mixin.py:137} INFO - [2023-04-28T18:08:52.180-0300] {dagbag.py:532} INFO - Filling up the DagBag from /home/lcscarv/projetos/indicium/desafio_5/.venv/lib/python3.8/site-packages/airflow/example_dags/example_branch_day_of_week_operator.py
[2023-04-28T18:08:52.193-0300] {processor.py:753} INFO - DAG(s) dict_keys(['example_weekday_branch_operator']) retrieved from /home/lcscarv/projetos/indicium/desafio_5/.venv/lib/python3.8/site-packages/airflow/example_dags/example_branch_day_of_week_operator.py
[2023-04-28T18:08:52.206-0300] {logging_mixin.py:137} INFO - [2023-04-28T18:08:52.206-0300] {dag.py:2705} INFO - Sync 1 DAGs
[2023-04-28T18:08:52.218-0300] {logging_mixin.py:137} INFO - [2023-04-28T18:08:52.218-0300] {dag.py:3452} INFO - Setting next_dagrun for example_weekday_branch_operator to 2023-04-27T00:00:00+00:00, run_after=2023-04-28T00:00:00+00:00
[2023-04-28T18:08:52.494-0300] {processor.py:175} INFO - Processing /home/lcscarv/projetos/indicium/desafio_5/.venv/lib/python3.8/site-packages/airflow/example_dags/example_branch_day_of_week_operator.py took 0.346 seconds
[2023-04-28T18:09:40.712-0300] {processor.py:153} INFO - Started process (PID=5505) to work on /home/lcscarv/projetos/indicium/desafio_5/.venv/lib/python3.8/site-packages/airflow/example_dags/example_branch_day_of_week_operator.py
[2023-04-28T18:09:40.734-0300] {processor.py:743} INFO - Processing file /home/lcscarv/projetos/indicium/desafio_5/.venv/lib/python3.8/site-packages/airflow/example_dags/example_branch_day_of_week_operator.py for tasks to queue
[2023-04-28T18:09:40.735-0300] {logging_mixin.py:137} INFO - [2023-04-28T18:09:40.735-0300] {dagbag.py:532} INFO - Filling up the DagBag from /home/lcscarv/projetos/indicium/desafio_5/.venv/lib/python3.8/site-packages/airflow/example_dags/example_branch_day_of_week_operator.py
[2023-04-28T18:09:40.746-0300] {processor.py:753} INFO - DAG(s) dict_keys(['example_weekday_branch_operator']) retrieved from /home/lcscarv/projetos/indicium/desafio_5/.venv/lib/python3.8/site-packages/airflow/example_dags/example_branch_day_of_week_operator.py
[2023-04-28T18:09:40.758-0300] {logging_mixin.py:137} INFO - [2023-04-28T18:09:40.758-0300] {dag.py:2705} INFO - Sync 1 DAGs
[2023-04-28T18:09:40.770-0300] {logging_mixin.py:137} INFO - [2023-04-28T18:09:40.770-0300] {dag.py:3452} INFO - Setting next_dagrun for example_weekday_branch_operator to 2023-04-27T00:00:00+00:00, run_after=2023-04-28T00:00:00+00:00
[2023-04-28T18:09:40.881-0300] {processor.py:175} INFO - Processing /home/lcscarv/projetos/indicium/desafio_5/.venv/lib/python3.8/site-packages/airflow/example_dags/example_branch_day_of_week_operator.py took 0.171 seconds
[2023-04-28T18:10:35.457-0300] {processor.py:153} INFO - Started process (PID=5654) to work on /home/lcscarv/projetos/indicium/desafio_5/.venv/lib/python3.8/site-packages/airflow/example_dags/example_branch_day_of_week_operator.py
[2023-04-28T18:10:35.482-0300] {processor.py:743} INFO - Processing file /home/lcscarv/projetos/indicium/desafio_5/.venv/lib/python3.8/site-packages/airflow/example_dags/example_branch_day_of_week_operator.py for tasks to queue
[2023-04-28T18:10:35.483-0300] {logging_mixin.py:137} INFO - [2023-04-28T18:10:35.483-0300] {dagbag.py:532} INFO - Filling up the DagBag from /home/lcscarv/projetos/indicium/desafio_5/.venv/lib/python3.8/site-packages/airflow/example_dags/example_branch_day_of_week_operator.py
[2023-04-28T18:10:35.498-0300] {processor.py:753} INFO - DAG(s) dict_keys(['example_weekday_branch_operator']) retrieved from /home/lcscarv/projetos/indicium/desafio_5/.venv/lib/python3.8/site-packages/airflow/example_dags/example_branch_day_of_week_operator.py
[2023-04-28T18:10:35.511-0300] {logging_mixin.py:137} INFO - [2023-04-28T18:10:35.510-0300] {dag.py:2705} INFO - Sync 1 DAGs
[2023-04-28T18:10:35.542-0300] {logging_mixin.py:137} INFO - [2023-04-28T18:10:35.542-0300] {dag.py:3452} INFO - Setting next_dagrun for example_weekday_branch_operator to 2023-04-27T00:00:00+00:00, run_after=2023-04-28T00:00:00+00:00
[2023-04-28T18:10:35.677-0300] {processor.py:175} INFO - Processing /home/lcscarv/projetos/indicium/desafio_5/.venv/lib/python3.8/site-packages/airflow/example_dags/example_branch_day_of_week_operator.py took 0.221 seconds
[2023-04-28T18:11:31.217-0300] {processor.py:153} INFO - Started process (PID=5805) to work on /home/lcscarv/projetos/indicium/desafio_5/.venv/lib/python3.8/site-packages/airflow/example_dags/example_branch_day_of_week_operator.py
[2023-04-28T18:11:31.250-0300] {processor.py:743} INFO - Processing file /home/lcscarv/projetos/indicium/desafio_5/.venv/lib/python3.8/site-packages/airflow/example_dags/example_branch_day_of_week_operator.py for tasks to queue
[2023-04-28T18:11:31.251-0300] {logging_mixin.py:137} INFO - [2023-04-28T18:11:31.251-0300] {dagbag.py:532} INFO - Filling up the DagBag from /home/lcscarv/projetos/indicium/desafio_5/.venv/lib/python3.8/site-packages/airflow/example_dags/example_branch_day_of_week_operator.py
[2023-04-28T18:11:31.265-0300] {processor.py:753} INFO - DAG(s) dict_keys(['example_weekday_branch_operator']) retrieved from /home/lcscarv/projetos/indicium/desafio_5/.venv/lib/python3.8/site-packages/airflow/example_dags/example_branch_day_of_week_operator.py
[2023-04-28T18:11:31.277-0300] {logging_mixin.py:137} INFO - [2023-04-28T18:11:31.277-0300] {dag.py:2705} INFO - Sync 1 DAGs
[2023-04-28T18:11:31.291-0300] {logging_mixin.py:137} INFO - [2023-04-28T18:11:31.291-0300] {dag.py:3452} INFO - Setting next_dagrun for example_weekday_branch_operator to 2023-04-27T00:00:00+00:00, run_after=2023-04-28T00:00:00+00:00
[2023-04-28T18:11:31.311-0300] {processor.py:175} INFO - Processing /home/lcscarv/projetos/indicium/desafio_5/.venv/lib/python3.8/site-packages/airflow/example_dags/example_branch_day_of_week_operator.py took 0.097 seconds
[2023-04-28T18:12:21.938-0300] {processor.py:153} INFO - Started process (PID=5851) to work on /home/lcscarv/projetos/indicium/desafio_5/.venv/lib/python3.8/site-packages/airflow/example_dags/example_branch_day_of_week_operator.py
[2023-04-28T18:12:21.939-0300] {processor.py:743} INFO - Processing file /home/lcscarv/projetos/indicium/desafio_5/.venv/lib/python3.8/site-packages/airflow/example_dags/example_branch_day_of_week_operator.py for tasks to queue
[2023-04-28T18:12:21.940-0300] {logging_mixin.py:137} INFO - [2023-04-28T18:12:21.940-0300] {dagbag.py:532} INFO - Filling up the DagBag from /home/lcscarv/projetos/indicium/desafio_5/.venv/lib/python3.8/site-packages/airflow/example_dags/example_branch_day_of_week_operator.py
[2023-04-28T18:12:21.951-0300] {processor.py:753} INFO - DAG(s) dict_keys(['example_weekday_branch_operator']) retrieved from /home/lcscarv/projetos/indicium/desafio_5/.venv/lib/python3.8/site-packages/airflow/example_dags/example_branch_day_of_week_operator.py
[2023-04-28T18:12:21.965-0300] {logging_mixin.py:137} INFO - [2023-04-28T18:12:21.965-0300] {dag.py:2705} INFO - Sync 1 DAGs
[2023-04-28T18:12:21.980-0300] {logging_mixin.py:137} INFO - [2023-04-28T18:12:21.980-0300] {dag.py:3452} INFO - Setting next_dagrun for example_weekday_branch_operator to 2023-04-27T00:00:00+00:00, run_after=2023-04-28T00:00:00+00:00
[2023-04-28T18:12:22.002-0300] {processor.py:175} INFO - Processing /home/lcscarv/projetos/indicium/desafio_5/.venv/lib/python3.8/site-packages/airflow/example_dags/example_branch_day_of_week_operator.py took 0.066 seconds
[2023-04-28T18:13:17.800-0300] {processor.py:153} INFO - Started process (PID=5893) to work on /home/lcscarv/projetos/indicium/desafio_5/.venv/lib/python3.8/site-packages/airflow/example_dags/example_branch_day_of_week_operator.py
[2023-04-28T18:13:17.868-0300] {processor.py:743} INFO - Processing file /home/lcscarv/projetos/indicium/desafio_5/.venv/lib/python3.8/site-packages/airflow/example_dags/example_branch_day_of_week_operator.py for tasks to queue
[2023-04-28T18:13:17.870-0300] {logging_mixin.py:137} INFO - [2023-04-28T18:13:17.870-0300] {dagbag.py:532} INFO - Filling up the DagBag from /home/lcscarv/projetos/indicium/desafio_5/.venv/lib/python3.8/site-packages/airflow/example_dags/example_branch_day_of_week_operator.py
[2023-04-28T18:13:17.887-0300] {processor.py:753} INFO - DAG(s) dict_keys(['example_weekday_branch_operator']) retrieved from /home/lcscarv/projetos/indicium/desafio_5/.venv/lib/python3.8/site-packages/airflow/example_dags/example_branch_day_of_week_operator.py
[2023-04-28T18:13:17.899-0300] {logging_mixin.py:137} INFO - [2023-04-28T18:13:17.899-0300] {dag.py:2705} INFO - Sync 1 DAGs
[2023-04-28T18:13:17.911-0300] {logging_mixin.py:137} INFO - [2023-04-28T18:13:17.911-0300] {dag.py:3452} INFO - Setting next_dagrun for example_weekday_branch_operator to 2023-04-27T00:00:00+00:00, run_after=2023-04-28T00:00:00+00:00
[2023-04-28T18:13:18.113-0300] {processor.py:175} INFO - Processing /home/lcscarv/projetos/indicium/desafio_5/.venv/lib/python3.8/site-packages/airflow/example_dags/example_branch_day_of_week_operator.py took 0.315 seconds
[2023-04-28T18:14:09.677-0300] {processor.py:153} INFO - Started process (PID=5938) to work on /home/lcscarv/projetos/indicium/desafio_5/.venv/lib/python3.8/site-packages/airflow/example_dags/example_branch_day_of_week_operator.py
[2023-04-28T18:14:09.678-0300] {processor.py:743} INFO - Processing file /home/lcscarv/projetos/indicium/desafio_5/.venv/lib/python3.8/site-packages/airflow/example_dags/example_branch_day_of_week_operator.py for tasks to queue
[2023-04-28T18:14:09.679-0300] {logging_mixin.py:137} INFO - [2023-04-28T18:14:09.679-0300] {dagbag.py:532} INFO - Filling up the DagBag from /home/lcscarv/projetos/indicium/desafio_5/.venv/lib/python3.8/site-packages/airflow/example_dags/example_branch_day_of_week_operator.py
[2023-04-28T18:14:09.706-0300] {processor.py:753} INFO - DAG(s) dict_keys(['example_weekday_branch_operator']) retrieved from /home/lcscarv/projetos/indicium/desafio_5/.venv/lib/python3.8/site-packages/airflow/example_dags/example_branch_day_of_week_operator.py
[2023-04-28T18:14:09.724-0300] {logging_mixin.py:137} INFO - [2023-04-28T18:14:09.724-0300] {dag.py:2705} INFO - Sync 1 DAGs
[2023-04-28T18:14:09.740-0300] {logging_mixin.py:137} INFO - [2023-04-28T18:14:09.740-0300] {dag.py:3452} INFO - Setting next_dagrun for example_weekday_branch_operator to 2023-04-27T00:00:00+00:00, run_after=2023-04-28T00:00:00+00:00
[2023-04-28T18:14:09.809-0300] {processor.py:175} INFO - Processing /home/lcscarv/projetos/indicium/desafio_5/.venv/lib/python3.8/site-packages/airflow/example_dags/example_branch_day_of_week_operator.py took 0.134 seconds
[2023-04-28T18:15:15.644-0300] {processor.py:153} INFO - Started process (PID=6041) to work on /home/lcscarv/projetos/indicium/desafio_5/.venv/lib/python3.8/site-packages/airflow/example_dags/example_branch_day_of_week_operator.py
[2023-04-28T18:15:15.646-0300] {processor.py:743} INFO - Processing file /home/lcscarv/projetos/indicium/desafio_5/.venv/lib/python3.8/site-packages/airflow/example_dags/example_branch_day_of_week_operator.py for tasks to queue
[2023-04-28T18:15:15.646-0300] {logging_mixin.py:137} INFO - [2023-04-28T18:15:15.646-0300] {dagbag.py:532} INFO - Filling up the DagBag from /home/lcscarv/projetos/indicium/desafio_5/.venv/lib/python3.8/site-packages/airflow/example_dags/example_branch_day_of_week_operator.py
[2023-04-28T18:15:15.657-0300] {processor.py:753} INFO - DAG(s) dict_keys(['example_weekday_branch_operator']) retrieved from /home/lcscarv/projetos/indicium/desafio_5/.venv/lib/python3.8/site-packages/airflow/example_dags/example_branch_day_of_week_operator.py
[2023-04-28T18:15:15.670-0300] {logging_mixin.py:137} INFO - [2023-04-28T18:15:15.670-0300] {dag.py:2705} INFO - Sync 1 DAGs
[2023-04-28T18:15:15.683-0300] {logging_mixin.py:137} INFO - [2023-04-28T18:15:15.683-0300] {dag.py:3452} INFO - Setting next_dagrun for example_weekday_branch_operator to 2023-04-27T00:00:00+00:00, run_after=2023-04-28T00:00:00+00:00
[2023-04-28T18:15:15.822-0300] {processor.py:175} INFO - Processing /home/lcscarv/projetos/indicium/desafio_5/.venv/lib/python3.8/site-packages/airflow/example_dags/example_branch_day_of_week_operator.py took 0.180 seconds
[2023-04-28T18:16:13.473-0300] {processor.py:153} INFO - Started process (PID=6091) to work on /home/lcscarv/projetos/indicium/desafio_5/.venv/lib/python3.8/site-packages/airflow/example_dags/example_branch_day_of_week_operator.py
[2023-04-28T18:16:13.487-0300] {processor.py:743} INFO - Processing file /home/lcscarv/projetos/indicium/desafio_5/.venv/lib/python3.8/site-packages/airflow/example_dags/example_branch_day_of_week_operator.py for tasks to queue
[2023-04-28T18:16:13.487-0300] {logging_mixin.py:137} INFO - [2023-04-28T18:16:13.487-0300] {dagbag.py:532} INFO - Filling up the DagBag from /home/lcscarv/projetos/indicium/desafio_5/.venv/lib/python3.8/site-packages/airflow/example_dags/example_branch_day_of_week_operator.py
[2023-04-28T18:16:13.499-0300] {processor.py:753} INFO - DAG(s) dict_keys(['example_weekday_branch_operator']) retrieved from /home/lcscarv/projetos/indicium/desafio_5/.venv/lib/python3.8/site-packages/airflow/example_dags/example_branch_day_of_week_operator.py
[2023-04-28T18:16:13.511-0300] {logging_mixin.py:137} INFO - [2023-04-28T18:16:13.511-0300] {dag.py:2705} INFO - Sync 1 DAGs
[2023-04-28T18:16:13.581-0300] {logging_mixin.py:137} INFO - [2023-04-28T18:16:13.581-0300] {dag.py:3452} INFO - Setting next_dagrun for example_weekday_branch_operator to 2023-04-27T00:00:00+00:00, run_after=2023-04-28T00:00:00+00:00
[2023-04-28T18:16:13.752-0300] {processor.py:175} INFO - Processing /home/lcscarv/projetos/indicium/desafio_5/.venv/lib/python3.8/site-packages/airflow/example_dags/example_branch_day_of_week_operator.py took 0.282 seconds
[2023-04-28T18:17:11.425-0300] {processor.py:153} INFO - Started process (PID=6140) to work on /home/lcscarv/projetos/indicium/desafio_5/.venv/lib/python3.8/site-packages/airflow/example_dags/example_branch_day_of_week_operator.py
[2023-04-28T18:17:11.429-0300] {processor.py:743} INFO - Processing file /home/lcscarv/projetos/indicium/desafio_5/.venv/lib/python3.8/site-packages/airflow/example_dags/example_branch_day_of_week_operator.py for tasks to queue
[2023-04-28T18:17:11.429-0300] {logging_mixin.py:137} INFO - [2023-04-28T18:17:11.429-0300] {dagbag.py:532} INFO - Filling up the DagBag from /home/lcscarv/projetos/indicium/desafio_5/.venv/lib/python3.8/site-packages/airflow/example_dags/example_branch_day_of_week_operator.py
[2023-04-28T18:17:11.439-0300] {processor.py:753} INFO - DAG(s) dict_keys(['example_weekday_branch_operator']) retrieved from /home/lcscarv/projetos/indicium/desafio_5/.venv/lib/python3.8/site-packages/airflow/example_dags/example_branch_day_of_week_operator.py
[2023-04-28T18:17:11.453-0300] {logging_mixin.py:137} INFO - [2023-04-28T18:17:11.453-0300] {dag.py:2705} INFO - Sync 1 DAGs
[2023-04-28T18:17:11.529-0300] {logging_mixin.py:137} INFO - [2023-04-28T18:17:11.528-0300] {dag.py:3452} INFO - Setting next_dagrun for example_weekday_branch_operator to 2023-04-27T00:00:00+00:00, run_after=2023-04-28T00:00:00+00:00
[2023-04-28T18:17:11.693-0300] {processor.py:175} INFO - Processing /home/lcscarv/projetos/indicium/desafio_5/.venv/lib/python3.8/site-packages/airflow/example_dags/example_branch_day_of_week_operator.py took 0.270 seconds
[2023-04-28T18:18:05.978-0300] {processor.py:153} INFO - Started process (PID=6190) to work on /home/lcscarv/projetos/indicium/desafio_5/.venv/lib/python3.8/site-packages/airflow/example_dags/example_branch_day_of_week_operator.py
[2023-04-28T18:18:05.980-0300] {processor.py:743} INFO - Processing file /home/lcscarv/projetos/indicium/desafio_5/.venv/lib/python3.8/site-packages/airflow/example_dags/example_branch_day_of_week_operator.py for tasks to queue
[2023-04-28T18:18:05.980-0300] {logging_mixin.py:137} INFO - [2023-04-28T18:18:05.980-0300] {dagbag.py:532} INFO - Filling up the DagBag from /home/lcscarv/projetos/indicium/desafio_5/.venv/lib/python3.8/site-packages/airflow/example_dags/example_branch_day_of_week_operator.py
[2023-04-28T18:18:05.992-0300] {processor.py:753} INFO - DAG(s) dict_keys(['example_weekday_branch_operator']) retrieved from /home/lcscarv/projetos/indicium/desafio_5/.venv/lib/python3.8/site-packages/airflow/example_dags/example_branch_day_of_week_operator.py
[2023-04-28T18:18:06.007-0300] {logging_mixin.py:137} INFO - [2023-04-28T18:18:06.007-0300] {dag.py:2705} INFO - Sync 1 DAGs
[2023-04-28T18:18:06.021-0300] {logging_mixin.py:137} INFO - [2023-04-28T18:18:06.021-0300] {dag.py:3452} INFO - Setting next_dagrun for example_weekday_branch_operator to 2023-04-27T00:00:00+00:00, run_after=2023-04-28T00:00:00+00:00
[2023-04-28T18:18:06.041-0300] {processor.py:175} INFO - Processing /home/lcscarv/projetos/indicium/desafio_5/.venv/lib/python3.8/site-packages/airflow/example_dags/example_branch_day_of_week_operator.py took 0.064 seconds
[2023-04-28T18:18:49.052-0300] {processor.py:153} INFO - Started process (PID=6232) to work on /home/lcscarv/projetos/indicium/desafio_5/.venv/lib/python3.8/site-packages/airflow/example_dags/example_branch_day_of_week_operator.py
[2023-04-28T18:18:49.087-0300] {processor.py:743} INFO - Processing file /home/lcscarv/projetos/indicium/desafio_5/.venv/lib/python3.8/site-packages/airflow/example_dags/example_branch_day_of_week_operator.py for tasks to queue
[2023-04-28T18:18:49.088-0300] {logging_mixin.py:137} INFO - [2023-04-28T18:18:49.088-0300] {dagbag.py:532} INFO - Filling up the DagBag from /home/lcscarv/projetos/indicium/desafio_5/.venv/lib/python3.8/site-packages/airflow/example_dags/example_branch_day_of_week_operator.py
[2023-04-28T18:18:49.099-0300] {processor.py:753} INFO - DAG(s) dict_keys(['example_weekday_branch_operator']) retrieved from /home/lcscarv/projetos/indicium/desafio_5/.venv/lib/python3.8/site-packages/airflow/example_dags/example_branch_day_of_week_operator.py
[2023-04-28T18:18:49.114-0300] {logging_mixin.py:137} INFO - [2023-04-28T18:18:49.114-0300] {dag.py:2705} INFO - Sync 1 DAGs
[2023-04-28T18:18:49.127-0300] {logging_mixin.py:137} INFO - [2023-04-28T18:18:49.127-0300] {dag.py:3452} INFO - Setting next_dagrun for example_weekday_branch_operator to 2023-04-27T00:00:00+00:00, run_after=2023-04-28T00:00:00+00:00
[2023-04-28T18:18:49.151-0300] {processor.py:175} INFO - Processing /home/lcscarv/projetos/indicium/desafio_5/.venv/lib/python3.8/site-packages/airflow/example_dags/example_branch_day_of_week_operator.py took 0.102 seconds
[2023-04-28T18:19:34.290-0300] {processor.py:153} INFO - Started process (PID=6273) to work on /home/lcscarv/projetos/indicium/desafio_5/.venv/lib/python3.8/site-packages/airflow/example_dags/example_branch_day_of_week_operator.py
[2023-04-28T18:19:34.291-0300] {processor.py:743} INFO - Processing file /home/lcscarv/projetos/indicium/desafio_5/.venv/lib/python3.8/site-packages/airflow/example_dags/example_branch_day_of_week_operator.py for tasks to queue
[2023-04-28T18:19:34.291-0300] {logging_mixin.py:137} INFO - [2023-04-28T18:19:34.291-0300] {dagbag.py:532} INFO - Filling up the DagBag from /home/lcscarv/projetos/indicium/desafio_5/.venv/lib/python3.8/site-packages/airflow/example_dags/example_branch_day_of_week_operator.py
[2023-04-28T18:19:34.303-0300] {processor.py:753} INFO - DAG(s) dict_keys(['example_weekday_branch_operator']) retrieved from /home/lcscarv/projetos/indicium/desafio_5/.venv/lib/python3.8/site-packages/airflow/example_dags/example_branch_day_of_week_operator.py
[2023-04-28T18:19:34.319-0300] {logging_mixin.py:137} INFO - [2023-04-28T18:19:34.319-0300] {dag.py:2705} INFO - Sync 1 DAGs
[2023-04-28T18:19:34.334-0300] {logging_mixin.py:137} INFO - [2023-04-28T18:19:34.334-0300] {dag.py:3452} INFO - Setting next_dagrun for example_weekday_branch_operator to 2023-04-27T00:00:00+00:00, run_after=2023-04-28T00:00:00+00:00
[2023-04-28T18:19:34.416-0300] {processor.py:175} INFO - Processing /home/lcscarv/projetos/indicium/desafio_5/.venv/lib/python3.8/site-packages/airflow/example_dags/example_branch_day_of_week_operator.py took 0.129 seconds
[2023-04-28T18:20:24.708-0300] {processor.py:153} INFO - Started process (PID=6369) to work on /home/lcscarv/projetos/indicium/desafio_5/.venv/lib/python3.8/site-packages/airflow/example_dags/example_branch_day_of_week_operator.py
[2023-04-28T18:20:24.742-0300] {processor.py:743} INFO - Processing file /home/lcscarv/projetos/indicium/desafio_5/.venv/lib/python3.8/site-packages/airflow/example_dags/example_branch_day_of_week_operator.py for tasks to queue
[2023-04-28T18:20:24.744-0300] {logging_mixin.py:137} INFO - [2023-04-28T18:20:24.743-0300] {dagbag.py:532} INFO - Filling up the DagBag from /home/lcscarv/projetos/indicium/desafio_5/.venv/lib/python3.8/site-packages/airflow/example_dags/example_branch_day_of_week_operator.py
[2023-04-28T18:20:24.756-0300] {processor.py:753} INFO - DAG(s) dict_keys(['example_weekday_branch_operator']) retrieved from /home/lcscarv/projetos/indicium/desafio_5/.venv/lib/python3.8/site-packages/airflow/example_dags/example_branch_day_of_week_operator.py
[2023-04-28T18:20:24.769-0300] {logging_mixin.py:137} INFO - [2023-04-28T18:20:24.769-0300] {dag.py:2705} INFO - Sync 1 DAGs
[2023-04-28T18:20:24.846-0300] {logging_mixin.py:137} INFO - [2023-04-28T18:20:24.846-0300] {dag.py:3452} INFO - Setting next_dagrun for example_weekday_branch_operator to 2023-04-27T00:00:00+00:00, run_after=2023-04-28T00:00:00+00:00
[2023-04-28T18:20:24.865-0300] {processor.py:175} INFO - Processing /home/lcscarv/projetos/indicium/desafio_5/.venv/lib/python3.8/site-packages/airflow/example_dags/example_branch_day_of_week_operator.py took 0.158 seconds
[2023-04-28T18:21:12.647-0300] {processor.py:153} INFO - Started process (PID=6414) to work on /home/lcscarv/projetos/indicium/desafio_5/.venv/lib/python3.8/site-packages/airflow/example_dags/example_branch_day_of_week_operator.py
[2023-04-28T18:21:12.649-0300] {processor.py:743} INFO - Processing file /home/lcscarv/projetos/indicium/desafio_5/.venv/lib/python3.8/site-packages/airflow/example_dags/example_branch_day_of_week_operator.py for tasks to queue
[2023-04-28T18:21:12.649-0300] {logging_mixin.py:137} INFO - [2023-04-28T18:21:12.649-0300] {dagbag.py:532} INFO - Filling up the DagBag from /home/lcscarv/projetos/indicium/desafio_5/.venv/lib/python3.8/site-packages/airflow/example_dags/example_branch_day_of_week_operator.py
[2023-04-28T18:21:12.664-0300] {processor.py:753} INFO - DAG(s) dict_keys(['example_weekday_branch_operator']) retrieved from /home/lcscarv/projetos/indicium/desafio_5/.venv/lib/python3.8/site-packages/airflow/example_dags/example_branch_day_of_week_operator.py
[2023-04-28T18:21:12.760-0300] {logging_mixin.py:137} INFO - [2023-04-28T18:21:12.760-0300] {dag.py:2705} INFO - Sync 1 DAGs
[2023-04-28T18:21:12.779-0300] {logging_mixin.py:137} INFO - [2023-04-28T18:21:12.778-0300] {dag.py:3452} INFO - Setting next_dagrun for example_weekday_branch_operator to 2023-04-27T00:00:00+00:00, run_after=2023-04-28T00:00:00+00:00
[2023-04-28T18:21:12.801-0300] {processor.py:175} INFO - Processing /home/lcscarv/projetos/indicium/desafio_5/.venv/lib/python3.8/site-packages/airflow/example_dags/example_branch_day_of_week_operator.py took 0.157 seconds
