[2023-04-28T18:00:28.423-0300] {processor.py:153} INFO - Started process (PID=4594) to work on /home/lcscarv/projetos/indicium/desafio_5/.venv/lib/python3.8/site-packages/airflow/example_dags/example_trigger_target_dag.py
[2023-04-28T18:00:28.424-0300] {processor.py:743} INFO - Processing file /home/lcscarv/projetos/indicium/desafio_5/.venv/lib/python3.8/site-packages/airflow/example_dags/example_trigger_target_dag.py for tasks to queue
[2023-04-28T18:00:28.424-0300] {logging_mixin.py:137} INFO - [2023-04-28T18:00:28.424-0300] {dagbag.py:532} INFO - Filling up the DagBag from /home/lcscarv/projetos/indicium/desafio_5/.venv/lib/python3.8/site-packages/airflow/example_dags/example_trigger_target_dag.py
[2023-04-28T18:00:28.438-0300] {processor.py:753} INFO - DAG(s) dict_keys(['example_trigger_target_dag']) retrieved from /home/lcscarv/projetos/indicium/desafio_5/.venv/lib/python3.8/site-packages/airflow/example_dags/example_trigger_target_dag.py
[2023-04-28T18:00:28.452-0300] {logging_mixin.py:137} INFO - [2023-04-28T18:00:28.451-0300] {dag.py:2705} INFO - Sync 1 DAGs
[2023-04-28T18:00:28.464-0300] {logging_mixin.py:137} INFO - [2023-04-28T18:00:28.464-0300] {dag.py:3452} INFO - Setting next_dagrun for example_trigger_target_dag to None, run_after=None
[2023-04-28T18:00:28.482-0300] {processor.py:175} INFO - Processing /home/lcscarv/projetos/indicium/desafio_5/.venv/lib/python3.8/site-packages/airflow/example_dags/example_trigger_target_dag.py took 0.061 seconds
[2023-04-28T18:01:09.688-0300] {processor.py:153} INFO - Started process (PID=4636) to work on /home/lcscarv/projetos/indicium/desafio_5/.venv/lib/python3.8/site-packages/airflow/example_dags/example_trigger_target_dag.py
[2023-04-28T18:01:09.689-0300] {processor.py:743} INFO - Processing file /home/lcscarv/projetos/indicium/desafio_5/.venv/lib/python3.8/site-packages/airflow/example_dags/example_trigger_target_dag.py for tasks to queue
[2023-04-28T18:01:09.690-0300] {logging_mixin.py:137} INFO - [2023-04-28T18:01:09.690-0300] {dagbag.py:532} INFO - Filling up the DagBag from /home/lcscarv/projetos/indicium/desafio_5/.venv/lib/python3.8/site-packages/airflow/example_dags/example_trigger_target_dag.py
[2023-04-28T18:01:09.705-0300] {processor.py:753} INFO - DAG(s) dict_keys(['example_trigger_target_dag']) retrieved from /home/lcscarv/projetos/indicium/desafio_5/.venv/lib/python3.8/site-packages/airflow/example_dags/example_trigger_target_dag.py
[2023-04-28T18:01:09.719-0300] {logging_mixin.py:137} INFO - [2023-04-28T18:01:09.718-0300] {dag.py:2705} INFO - Sync 1 DAGs
[2023-04-28T18:01:09.734-0300] {logging_mixin.py:137} INFO - [2023-04-28T18:01:09.734-0300] {dag.py:3452} INFO - Setting next_dagrun for example_trigger_target_dag to None, run_after=None
[2023-04-28T18:01:09.760-0300] {processor.py:175} INFO - Processing /home/lcscarv/projetos/indicium/desafio_5/.venv/lib/python3.8/site-packages/airflow/example_dags/example_trigger_target_dag.py took 0.074 seconds
[2023-04-28T18:01:54.190-0300] {processor.py:153} INFO - Started process (PID=4678) to work on /home/lcscarv/projetos/indicium/desafio_5/.venv/lib/python3.8/site-packages/airflow/example_dags/example_trigger_target_dag.py
[2023-04-28T18:01:54.195-0300] {processor.py:743} INFO - Processing file /home/lcscarv/projetos/indicium/desafio_5/.venv/lib/python3.8/site-packages/airflow/example_dags/example_trigger_target_dag.py for tasks to queue
[2023-04-28T18:01:54.196-0300] {logging_mixin.py:137} INFO - [2023-04-28T18:01:54.196-0300] {dagbag.py:532} INFO - Filling up the DagBag from /home/lcscarv/projetos/indicium/desafio_5/.venv/lib/python3.8/site-packages/airflow/example_dags/example_trigger_target_dag.py
[2023-04-28T18:01:54.244-0300] {processor.py:753} INFO - DAG(s) dict_keys(['example_trigger_target_dag']) retrieved from /home/lcscarv/projetos/indicium/desafio_5/.venv/lib/python3.8/site-packages/airflow/example_dags/example_trigger_target_dag.py
[2023-04-28T18:01:54.290-0300] {logging_mixin.py:137} INFO - [2023-04-28T18:01:54.290-0300] {dag.py:2705} INFO - Sync 1 DAGs
[2023-04-28T18:01:54.337-0300] {logging_mixin.py:137} INFO - [2023-04-28T18:01:54.336-0300] {dag.py:3452} INFO - Setting next_dagrun for example_trigger_target_dag to None, run_after=None
[2023-04-28T18:01:54.431-0300] {processor.py:175} INFO - Processing /home/lcscarv/projetos/indicium/desafio_5/.venv/lib/python3.8/site-packages/airflow/example_dags/example_trigger_target_dag.py took 0.247 seconds
[2023-04-28T18:02:46.604-0300] {processor.py:153} INFO - Started process (PID=4769) to work on /home/lcscarv/projetos/indicium/desafio_5/.venv/lib/python3.8/site-packages/airflow/example_dags/example_trigger_target_dag.py
[2023-04-28T18:02:46.606-0300] {processor.py:743} INFO - Processing file /home/lcscarv/projetos/indicium/desafio_5/.venv/lib/python3.8/site-packages/airflow/example_dags/example_trigger_target_dag.py for tasks to queue
[2023-04-28T18:02:46.607-0300] {logging_mixin.py:137} INFO - [2023-04-28T18:02:46.607-0300] {dagbag.py:532} INFO - Filling up the DagBag from /home/lcscarv/projetos/indicium/desafio_5/.venv/lib/python3.8/site-packages/airflow/example_dags/example_trigger_target_dag.py
[2023-04-28T18:02:46.648-0300] {processor.py:753} INFO - DAG(s) dict_keys(['example_trigger_target_dag']) retrieved from /home/lcscarv/projetos/indicium/desafio_5/.venv/lib/python3.8/site-packages/airflow/example_dags/example_trigger_target_dag.py
[2023-04-28T18:02:46.685-0300] {logging_mixin.py:137} INFO - [2023-04-28T18:02:46.685-0300] {dag.py:2705} INFO - Sync 1 DAGs
[2023-04-28T18:02:46.719-0300] {logging_mixin.py:137} INFO - [2023-04-28T18:02:46.719-0300] {dag.py:3452} INFO - Setting next_dagrun for example_trigger_target_dag to None, run_after=None
[2023-04-28T18:02:51.862-0300] {processor.py:175} INFO - Processing /home/lcscarv/projetos/indicium/desafio_5/.venv/lib/python3.8/site-packages/airflow/example_dags/example_trigger_target_dag.py took 5.272 seconds
[2023-04-28T18:03:31.967-0300] {processor.py:153} INFO - Started process (PID=4857) to work on /home/lcscarv/projetos/indicium/desafio_5/.venv/lib/python3.8/site-packages/airflow/example_dags/example_trigger_target_dag.py
[2023-04-28T18:03:31.969-0300] {processor.py:743} INFO - Processing file /home/lcscarv/projetos/indicium/desafio_5/.venv/lib/python3.8/site-packages/airflow/example_dags/example_trigger_target_dag.py for tasks to queue
[2023-04-28T18:03:31.969-0300] {logging_mixin.py:137} INFO - [2023-04-28T18:03:31.969-0300] {dagbag.py:532} INFO - Filling up the DagBag from /home/lcscarv/projetos/indicium/desafio_5/.venv/lib/python3.8/site-packages/airflow/example_dags/example_trigger_target_dag.py
[2023-04-28T18:03:31.985-0300] {processor.py:753} INFO - DAG(s) dict_keys(['example_trigger_target_dag']) retrieved from /home/lcscarv/projetos/indicium/desafio_5/.venv/lib/python3.8/site-packages/airflow/example_dags/example_trigger_target_dag.py
[2023-04-28T18:03:32.003-0300] {logging_mixin.py:137} INFO - [2023-04-28T18:03:32.002-0300] {dag.py:2705} INFO - Sync 1 DAGs
[2023-04-28T18:03:32.018-0300] {logging_mixin.py:137} INFO - [2023-04-28T18:03:32.018-0300] {dag.py:3452} INFO - Setting next_dagrun for example_trigger_target_dag to None, run_after=None
[2023-04-28T18:03:32.039-0300] {processor.py:175} INFO - Processing /home/lcscarv/projetos/indicium/desafio_5/.venv/lib/python3.8/site-packages/airflow/example_dags/example_trigger_target_dag.py took 0.074 seconds
[2023-04-28T18:04:13.019-0300] {processor.py:153} INFO - Started process (PID=4899) to work on /home/lcscarv/projetos/indicium/desafio_5/.venv/lib/python3.8/site-packages/airflow/example_dags/example_trigger_target_dag.py
[2023-04-28T18:04:13.020-0300] {processor.py:743} INFO - Processing file /home/lcscarv/projetos/indicium/desafio_5/.venv/lib/python3.8/site-packages/airflow/example_dags/example_trigger_target_dag.py for tasks to queue
[2023-04-28T18:04:13.021-0300] {logging_mixin.py:137} INFO - [2023-04-28T18:04:13.021-0300] {dagbag.py:532} INFO - Filling up the DagBag from /home/lcscarv/projetos/indicium/desafio_5/.venv/lib/python3.8/site-packages/airflow/example_dags/example_trigger_target_dag.py
[2023-04-28T18:04:13.034-0300] {processor.py:753} INFO - DAG(s) dict_keys(['example_trigger_target_dag']) retrieved from /home/lcscarv/projetos/indicium/desafio_5/.venv/lib/python3.8/site-packages/airflow/example_dags/example_trigger_target_dag.py
[2023-04-28T18:04:13.047-0300] {logging_mixin.py:137} INFO - [2023-04-28T18:04:13.047-0300] {dag.py:2705} INFO - Sync 1 DAGs
[2023-04-28T18:04:13.058-0300] {logging_mixin.py:137} INFO - [2023-04-28T18:04:13.058-0300] {dag.py:3452} INFO - Setting next_dagrun for example_trigger_target_dag to None, run_after=None
[2023-04-28T18:04:13.076-0300] {processor.py:175} INFO - Processing /home/lcscarv/projetos/indicium/desafio_5/.venv/lib/python3.8/site-packages/airflow/example_dags/example_trigger_target_dag.py took 0.058 seconds
[2023-04-28T18:04:51.185-0300] {processor.py:153} INFO - Started process (PID=4987) to work on /home/lcscarv/projetos/indicium/desafio_5/.venv/lib/python3.8/site-packages/airflow/example_dags/example_trigger_target_dag.py
[2023-04-28T18:04:51.186-0300] {processor.py:743} INFO - Processing file /home/lcscarv/projetos/indicium/desafio_5/.venv/lib/python3.8/site-packages/airflow/example_dags/example_trigger_target_dag.py for tasks to queue
[2023-04-28T18:04:51.187-0300] {logging_mixin.py:137} INFO - [2023-04-28T18:04:51.187-0300] {dagbag.py:532} INFO - Filling up the DagBag from /home/lcscarv/projetos/indicium/desafio_5/.venv/lib/python3.8/site-packages/airflow/example_dags/example_trigger_target_dag.py
[2023-04-28T18:04:51.200-0300] {processor.py:753} INFO - DAG(s) dict_keys(['example_trigger_target_dag']) retrieved from /home/lcscarv/projetos/indicium/desafio_5/.venv/lib/python3.8/site-packages/airflow/example_dags/example_trigger_target_dag.py
[2023-04-28T18:04:51.212-0300] {logging_mixin.py:137} INFO - [2023-04-28T18:04:51.212-0300] {dag.py:2705} INFO - Sync 1 DAGs
[2023-04-28T18:04:51.224-0300] {logging_mixin.py:137} INFO - [2023-04-28T18:04:51.224-0300] {dag.py:3452} INFO - Setting next_dagrun for example_trigger_target_dag to None, run_after=None
[2023-04-28T18:04:51.244-0300] {processor.py:175} INFO - Processing /home/lcscarv/projetos/indicium/desafio_5/.venv/lib/python3.8/site-packages/airflow/example_dags/example_trigger_target_dag.py took 0.061 seconds
[2023-04-28T18:05:33.185-0300] {processor.py:153} INFO - Started process (PID=5081) to work on /home/lcscarv/projetos/indicium/desafio_5/.venv/lib/python3.8/site-packages/airflow/example_dags/example_trigger_target_dag.py
[2023-04-28T18:05:33.186-0300] {processor.py:743} INFO - Processing file /home/lcscarv/projetos/indicium/desafio_5/.venv/lib/python3.8/site-packages/airflow/example_dags/example_trigger_target_dag.py for tasks to queue
[2023-04-28T18:05:33.187-0300] {logging_mixin.py:137} INFO - [2023-04-28T18:05:33.186-0300] {dagbag.py:532} INFO - Filling up the DagBag from /home/lcscarv/projetos/indicium/desafio_5/.venv/lib/python3.8/site-packages/airflow/example_dags/example_trigger_target_dag.py
[2023-04-28T18:05:33.200-0300] {processor.py:753} INFO - DAG(s) dict_keys(['example_trigger_target_dag']) retrieved from /home/lcscarv/projetos/indicium/desafio_5/.venv/lib/python3.8/site-packages/airflow/example_dags/example_trigger_target_dag.py
[2023-04-28T18:05:33.212-0300] {logging_mixin.py:137} INFO - [2023-04-28T18:05:33.212-0300] {dag.py:2705} INFO - Sync 1 DAGs
[2023-04-28T18:05:33.226-0300] {logging_mixin.py:137} INFO - [2023-04-28T18:05:33.226-0300] {dag.py:3452} INFO - Setting next_dagrun for example_trigger_target_dag to None, run_after=None
[2023-04-28T18:05:33.248-0300] {processor.py:175} INFO - Processing /home/lcscarv/projetos/indicium/desafio_5/.venv/lib/python3.8/site-packages/airflow/example_dags/example_trigger_target_dag.py took 0.065 seconds
[2023-04-28T18:06:15.182-0300] {processor.py:153} INFO - Started process (PID=5125) to work on /home/lcscarv/projetos/indicium/desafio_5/.venv/lib/python3.8/site-packages/airflow/example_dags/example_trigger_target_dag.py
[2023-04-28T18:06:15.183-0300] {processor.py:743} INFO - Processing file /home/lcscarv/projetos/indicium/desafio_5/.venv/lib/python3.8/site-packages/airflow/example_dags/example_trigger_target_dag.py for tasks to queue
[2023-04-28T18:06:15.184-0300] {logging_mixin.py:137} INFO - [2023-04-28T18:06:15.184-0300] {dagbag.py:532} INFO - Filling up the DagBag from /home/lcscarv/projetos/indicium/desafio_5/.venv/lib/python3.8/site-packages/airflow/example_dags/example_trigger_target_dag.py
[2023-04-28T18:06:15.197-0300] {processor.py:753} INFO - DAG(s) dict_keys(['example_trigger_target_dag']) retrieved from /home/lcscarv/projetos/indicium/desafio_5/.venv/lib/python3.8/site-packages/airflow/example_dags/example_trigger_target_dag.py
[2023-04-28T18:06:15.209-0300] {logging_mixin.py:137} INFO - [2023-04-28T18:06:15.209-0300] {dag.py:2705} INFO - Sync 1 DAGs
[2023-04-28T18:06:15.221-0300] {logging_mixin.py:137} INFO - [2023-04-28T18:06:15.221-0300] {dag.py:3452} INFO - Setting next_dagrun for example_trigger_target_dag to None, run_after=None
[2023-04-28T18:06:15.239-0300] {processor.py:175} INFO - Processing /home/lcscarv/projetos/indicium/desafio_5/.venv/lib/python3.8/site-packages/airflow/example_dags/example_trigger_target_dag.py took 0.059 seconds
[2023-04-28T18:06:56.797-0300] {processor.py:153} INFO - Started process (PID=5160) to work on /home/lcscarv/projetos/indicium/desafio_5/.venv/lib/python3.8/site-packages/airflow/example_dags/example_trigger_target_dag.py
[2023-04-28T18:06:56.802-0300] {processor.py:743} INFO - Processing file /home/lcscarv/projetos/indicium/desafio_5/.venv/lib/python3.8/site-packages/airflow/example_dags/example_trigger_target_dag.py for tasks to queue
[2023-04-28T18:06:56.803-0300] {logging_mixin.py:137} INFO - [2023-04-28T18:06:56.803-0300] {dagbag.py:532} INFO - Filling up the DagBag from /home/lcscarv/projetos/indicium/desafio_5/.venv/lib/python3.8/site-packages/airflow/example_dags/example_trigger_target_dag.py
[2023-04-28T18:06:56.832-0300] {processor.py:753} INFO - DAG(s) dict_keys(['example_trigger_target_dag']) retrieved from /home/lcscarv/projetos/indicium/desafio_5/.venv/lib/python3.8/site-packages/airflow/example_dags/example_trigger_target_dag.py
[2023-04-28T18:06:56.849-0300] {logging_mixin.py:137} INFO - [2023-04-28T18:06:56.849-0300] {dag.py:2705} INFO - Sync 1 DAGs
[2023-04-28T18:06:56.863-0300] {logging_mixin.py:137} INFO - [2023-04-28T18:06:56.863-0300] {dag.py:3452} INFO - Setting next_dagrun for example_trigger_target_dag to None, run_after=None
[2023-04-28T18:06:57.155-0300] {processor.py:175} INFO - Processing /home/lcscarv/projetos/indicium/desafio_5/.venv/lib/python3.8/site-packages/airflow/example_dags/example_trigger_target_dag.py took 0.362 seconds
[2023-04-28T18:07:43.686-0300] {processor.py:153} INFO - Started process (PID=5299) to work on /home/lcscarv/projetos/indicium/desafio_5/.venv/lib/python3.8/site-packages/airflow/example_dags/example_trigger_target_dag.py
[2023-04-28T18:07:43.690-0300] {processor.py:743} INFO - Processing file /home/lcscarv/projetos/indicium/desafio_5/.venv/lib/python3.8/site-packages/airflow/example_dags/example_trigger_target_dag.py for tasks to queue
[2023-04-28T18:07:43.691-0300] {logging_mixin.py:137} INFO - [2023-04-28T18:07:43.691-0300] {dagbag.py:532} INFO - Filling up the DagBag from /home/lcscarv/projetos/indicium/desafio_5/.venv/lib/python3.8/site-packages/airflow/example_dags/example_trigger_target_dag.py
[2023-04-28T18:07:43.712-0300] {processor.py:753} INFO - DAG(s) dict_keys(['example_trigger_target_dag']) retrieved from /home/lcscarv/projetos/indicium/desafio_5/.venv/lib/python3.8/site-packages/airflow/example_dags/example_trigger_target_dag.py
[2023-04-28T18:07:43.731-0300] {logging_mixin.py:137} INFO - [2023-04-28T18:07:43.731-0300] {dag.py:2705} INFO - Sync 1 DAGs
[2023-04-28T18:07:43.749-0300] {logging_mixin.py:137} INFO - [2023-04-28T18:07:43.749-0300] {dag.py:3452} INFO - Setting next_dagrun for example_trigger_target_dag to None, run_after=None
[2023-04-28T18:07:43.774-0300] {processor.py:175} INFO - Processing /home/lcscarv/projetos/indicium/desafio_5/.venv/lib/python3.8/site-packages/airflow/example_dags/example_trigger_target_dag.py took 0.090 seconds
[2023-04-28T18:08:32.529-0300] {processor.py:153} INFO - Started process (PID=5391) to work on /home/lcscarv/projetos/indicium/desafio_5/.venv/lib/python3.8/site-packages/airflow/example_dags/example_trigger_target_dag.py
[2023-04-28T18:08:32.530-0300] {processor.py:743} INFO - Processing file /home/lcscarv/projetos/indicium/desafio_5/.venv/lib/python3.8/site-packages/airflow/example_dags/example_trigger_target_dag.py for tasks to queue
[2023-04-28T18:08:32.530-0300] {logging_mixin.py:137} INFO - [2023-04-28T18:08:32.530-0300] {dagbag.py:532} INFO - Filling up the DagBag from /home/lcscarv/projetos/indicium/desafio_5/.venv/lib/python3.8/site-packages/airflow/example_dags/example_trigger_target_dag.py
[2023-04-28T18:08:32.546-0300] {processor.py:753} INFO - DAG(s) dict_keys(['example_trigger_target_dag']) retrieved from /home/lcscarv/projetos/indicium/desafio_5/.venv/lib/python3.8/site-packages/airflow/example_dags/example_trigger_target_dag.py
[2023-04-28T18:08:32.560-0300] {logging_mixin.py:137} INFO - [2023-04-28T18:08:32.560-0300] {dag.py:2705} INFO - Sync 1 DAGs
[2023-04-28T18:08:32.573-0300] {logging_mixin.py:137} INFO - [2023-04-28T18:08:32.573-0300] {dag.py:3452} INFO - Setting next_dagrun for example_trigger_target_dag to None, run_after=None
[2023-04-28T18:08:32.594-0300] {processor.py:175} INFO - Processing /home/lcscarv/projetos/indicium/desafio_5/.venv/lib/python3.8/site-packages/airflow/example_dags/example_trigger_target_dag.py took 0.066 seconds
[2023-04-28T18:09:19.340-0300] {processor.py:153} INFO - Started process (PID=5486) to work on /home/lcscarv/projetos/indicium/desafio_5/.venv/lib/python3.8/site-packages/airflow/example_dags/example_trigger_target_dag.py
[2023-04-28T18:09:19.409-0300] {processor.py:743} INFO - Processing file /home/lcscarv/projetos/indicium/desafio_5/.venv/lib/python3.8/site-packages/airflow/example_dags/example_trigger_target_dag.py for tasks to queue
[2023-04-28T18:09:19.410-0300] {logging_mixin.py:137} INFO - [2023-04-28T18:09:19.410-0300] {dagbag.py:532} INFO - Filling up the DagBag from /home/lcscarv/projetos/indicium/desafio_5/.venv/lib/python3.8/site-packages/airflow/example_dags/example_trigger_target_dag.py
[2023-04-28T18:09:19.432-0300] {processor.py:753} INFO - DAG(s) dict_keys(['example_trigger_target_dag']) retrieved from /home/lcscarv/projetos/indicium/desafio_5/.venv/lib/python3.8/site-packages/airflow/example_dags/example_trigger_target_dag.py
[2023-04-28T18:09:19.445-0300] {logging_mixin.py:137} INFO - [2023-04-28T18:09:19.445-0300] {dag.py:2705} INFO - Sync 1 DAGs
[2023-04-28T18:09:19.456-0300] {logging_mixin.py:137} INFO - [2023-04-28T18:09:19.456-0300] {dag.py:3452} INFO - Setting next_dagrun for example_trigger_target_dag to None, run_after=None
[2023-04-28T18:09:19.809-0300] {processor.py:175} INFO - Processing /home/lcscarv/projetos/indicium/desafio_5/.venv/lib/python3.8/site-packages/airflow/example_dags/example_trigger_target_dag.py took 0.471 seconds
[2023-04-28T18:10:09.101-0300] {processor.py:153} INFO - Started process (PID=5528) to work on /home/lcscarv/projetos/indicium/desafio_5/.venv/lib/python3.8/site-packages/airflow/example_dags/example_trigger_target_dag.py
[2023-04-28T18:10:09.130-0300] {processor.py:743} INFO - Processing file /home/lcscarv/projetos/indicium/desafio_5/.venv/lib/python3.8/site-packages/airflow/example_dags/example_trigger_target_dag.py for tasks to queue
[2023-04-28T18:10:09.131-0300] {logging_mixin.py:137} INFO - [2023-04-28T18:10:09.131-0300] {dagbag.py:532} INFO - Filling up the DagBag from /home/lcscarv/projetos/indicium/desafio_5/.venv/lib/python3.8/site-packages/airflow/example_dags/example_trigger_target_dag.py
[2023-04-28T18:10:09.145-0300] {processor.py:753} INFO - DAG(s) dict_keys(['example_trigger_target_dag']) retrieved from /home/lcscarv/projetos/indicium/desafio_5/.venv/lib/python3.8/site-packages/airflow/example_dags/example_trigger_target_dag.py
[2023-04-28T18:10:09.157-0300] {logging_mixin.py:137} INFO - [2023-04-28T18:10:09.157-0300] {dag.py:2705} INFO - Sync 1 DAGs
[2023-04-28T18:10:09.169-0300] {logging_mixin.py:137} INFO - [2023-04-28T18:10:09.169-0300] {dag.py:3452} INFO - Setting next_dagrun for example_trigger_target_dag to None, run_after=None
[2023-04-28T18:10:09.311-0300] {processor.py:175} INFO - Processing /home/lcscarv/projetos/indicium/desafio_5/.venv/lib/python3.8/site-packages/airflow/example_dags/example_trigger_target_dag.py took 0.212 seconds
[2023-04-28T18:11:07.145-0300] {processor.py:153} INFO - Started process (PID=5733) to work on /home/lcscarv/projetos/indicium/desafio_5/.venv/lib/python3.8/site-packages/airflow/example_dags/example_trigger_target_dag.py
[2023-04-28T18:11:07.146-0300] {processor.py:743} INFO - Processing file /home/lcscarv/projetos/indicium/desafio_5/.venv/lib/python3.8/site-packages/airflow/example_dags/example_trigger_target_dag.py for tasks to queue
[2023-04-28T18:11:07.146-0300] {logging_mixin.py:137} INFO - [2023-04-28T18:11:07.146-0300] {dagbag.py:532} INFO - Filling up the DagBag from /home/lcscarv/projetos/indicium/desafio_5/.venv/lib/python3.8/site-packages/airflow/example_dags/example_trigger_target_dag.py
[2023-04-28T18:11:07.161-0300] {processor.py:753} INFO - DAG(s) dict_keys(['example_trigger_target_dag']) retrieved from /home/lcscarv/projetos/indicium/desafio_5/.venv/lib/python3.8/site-packages/airflow/example_dags/example_trigger_target_dag.py
[2023-04-28T18:11:07.176-0300] {logging_mixin.py:137} INFO - [2023-04-28T18:11:07.175-0300] {dag.py:2705} INFO - Sync 1 DAGs
[2023-04-28T18:11:07.190-0300] {logging_mixin.py:137} INFO - [2023-04-28T18:11:07.190-0300] {dag.py:3452} INFO - Setting next_dagrun for example_trigger_target_dag to None, run_after=None
[2023-04-28T18:11:07.210-0300] {processor.py:175} INFO - Processing /home/lcscarv/projetos/indicium/desafio_5/.venv/lib/python3.8/site-packages/airflow/example_dags/example_trigger_target_dag.py took 0.068 seconds
[2023-04-28T18:11:58.338-0300] {processor.py:153} INFO - Started process (PID=5831) to work on /home/lcscarv/projetos/indicium/desafio_5/.venv/lib/python3.8/site-packages/airflow/example_dags/example_trigger_target_dag.py
[2023-04-28T18:11:58.372-0300] {processor.py:743} INFO - Processing file /home/lcscarv/projetos/indicium/desafio_5/.venv/lib/python3.8/site-packages/airflow/example_dags/example_trigger_target_dag.py for tasks to queue
[2023-04-28T18:11:58.373-0300] {logging_mixin.py:137} INFO - [2023-04-28T18:11:58.373-0300] {dagbag.py:532} INFO - Filling up the DagBag from /home/lcscarv/projetos/indicium/desafio_5/.venv/lib/python3.8/site-packages/airflow/example_dags/example_trigger_target_dag.py
[2023-04-28T18:11:58.389-0300] {processor.py:753} INFO - DAG(s) dict_keys(['example_trigger_target_dag']) retrieved from /home/lcscarv/projetos/indicium/desafio_5/.venv/lib/python3.8/site-packages/airflow/example_dags/example_trigger_target_dag.py
[2023-04-28T18:11:58.403-0300] {logging_mixin.py:137} INFO - [2023-04-28T18:11:58.403-0300] {dag.py:2705} INFO - Sync 1 DAGs
[2023-04-28T18:11:58.417-0300] {logging_mixin.py:137} INFO - [2023-04-28T18:11:58.417-0300] {dag.py:3452} INFO - Setting next_dagrun for example_trigger_target_dag to None, run_after=None
[2023-04-28T18:11:58.576-0300] {processor.py:175} INFO - Processing /home/lcscarv/projetos/indicium/desafio_5/.venv/lib/python3.8/site-packages/airflow/example_dags/example_trigger_target_dag.py took 0.239 seconds
[2023-04-28T18:13:03.572-0300] {processor.py:153} INFO - Started process (PID=5879) to work on /home/lcscarv/projetos/indicium/desafio_5/.venv/lib/python3.8/site-packages/airflow/example_dags/example_trigger_target_dag.py
[2023-04-28T18:13:03.602-0300] {processor.py:743} INFO - Processing file /home/lcscarv/projetos/indicium/desafio_5/.venv/lib/python3.8/site-packages/airflow/example_dags/example_trigger_target_dag.py for tasks to queue
[2023-04-28T18:13:03.604-0300] {logging_mixin.py:137} INFO - [2023-04-28T18:13:03.603-0300] {dagbag.py:532} INFO - Filling up the DagBag from /home/lcscarv/projetos/indicium/desafio_5/.venv/lib/python3.8/site-packages/airflow/example_dags/example_trigger_target_dag.py
[2023-04-28T18:13:03.624-0300] {processor.py:753} INFO - DAG(s) dict_keys(['example_trigger_target_dag']) retrieved from /home/lcscarv/projetos/indicium/desafio_5/.venv/lib/python3.8/site-packages/airflow/example_dags/example_trigger_target_dag.py
[2023-04-28T18:13:03.637-0300] {logging_mixin.py:137} INFO - [2023-04-28T18:13:03.637-0300] {dag.py:2705} INFO - Sync 1 DAGs
[2023-04-28T18:13:03.649-0300] {logging_mixin.py:137} INFO - [2023-04-28T18:13:03.649-0300] {dag.py:3452} INFO - Setting next_dagrun for example_trigger_target_dag to None, run_after=None
[2023-04-28T18:13:03.948-0300] {processor.py:175} INFO - Processing /home/lcscarv/projetos/indicium/desafio_5/.venv/lib/python3.8/site-packages/airflow/example_dags/example_trigger_target_dag.py took 0.378 seconds
[2023-04-28T18:13:49.016-0300] {processor.py:153} INFO - Started process (PID=5920) to work on /home/lcscarv/projetos/indicium/desafio_5/.venv/lib/python3.8/site-packages/airflow/example_dags/example_trigger_target_dag.py
[2023-04-28T18:13:49.017-0300] {processor.py:743} INFO - Processing file /home/lcscarv/projetos/indicium/desafio_5/.venv/lib/python3.8/site-packages/airflow/example_dags/example_trigger_target_dag.py for tasks to queue
[2023-04-28T18:13:49.017-0300] {logging_mixin.py:137} INFO - [2023-04-28T18:13:49.017-0300] {dagbag.py:532} INFO - Filling up the DagBag from /home/lcscarv/projetos/indicium/desafio_5/.venv/lib/python3.8/site-packages/airflow/example_dags/example_trigger_target_dag.py
[2023-04-28T18:13:49.033-0300] {processor.py:753} INFO - DAG(s) dict_keys(['example_trigger_target_dag']) retrieved from /home/lcscarv/projetos/indicium/desafio_5/.venv/lib/python3.8/site-packages/airflow/example_dags/example_trigger_target_dag.py
[2023-04-28T18:13:49.047-0300] {logging_mixin.py:137} INFO - [2023-04-28T18:13:49.047-0300] {dag.py:2705} INFO - Sync 1 DAGs
[2023-04-28T18:13:49.059-0300] {logging_mixin.py:137} INFO - [2023-04-28T18:13:49.059-0300] {dag.py:3452} INFO - Setting next_dagrun for example_trigger_target_dag to None, run_after=None
[2023-04-28T18:13:49.078-0300] {processor.py:175} INFO - Processing /home/lcscarv/projetos/indicium/desafio_5/.venv/lib/python3.8/site-packages/airflow/example_dags/example_trigger_target_dag.py took 0.065 seconds
[2023-04-28T18:14:43.661-0300] {processor.py:153} INFO - Started process (PID=5965) to work on /home/lcscarv/projetos/indicium/desafio_5/.venv/lib/python3.8/site-packages/airflow/example_dags/example_trigger_target_dag.py
[2023-04-28T18:14:43.703-0300] {processor.py:743} INFO - Processing file /home/lcscarv/projetos/indicium/desafio_5/.venv/lib/python3.8/site-packages/airflow/example_dags/example_trigger_target_dag.py for tasks to queue
[2023-04-28T18:14:43.705-0300] {logging_mixin.py:137} INFO - [2023-04-28T18:14:43.705-0300] {dagbag.py:532} INFO - Filling up the DagBag from /home/lcscarv/projetos/indicium/desafio_5/.venv/lib/python3.8/site-packages/airflow/example_dags/example_trigger_target_dag.py
[2023-04-28T18:14:43.724-0300] {processor.py:753} INFO - DAG(s) dict_keys(['example_trigger_target_dag']) retrieved from /home/lcscarv/projetos/indicium/desafio_5/.venv/lib/python3.8/site-packages/airflow/example_dags/example_trigger_target_dag.py
[2023-04-28T18:14:43.736-0300] {logging_mixin.py:137} INFO - [2023-04-28T18:14:43.736-0300] {dag.py:2705} INFO - Sync 1 DAGs
[2023-04-28T18:14:43.747-0300] {logging_mixin.py:137} INFO - [2023-04-28T18:14:43.747-0300] {dag.py:3452} INFO - Setting next_dagrun for example_trigger_target_dag to None, run_after=None
[2023-04-28T18:14:44.133-0300] {processor.py:175} INFO - Processing /home/lcscarv/projetos/indicium/desafio_5/.venv/lib/python3.8/site-packages/airflow/example_dags/example_trigger_target_dag.py took 0.473 seconds
[2023-04-28T18:15:26.334-0300] {processor.py:153} INFO - Started process (PID=6051) to work on /home/lcscarv/projetos/indicium/desafio_5/.venv/lib/python3.8/site-packages/airflow/example_dags/example_trigger_target_dag.py
[2023-04-28T18:15:26.418-0300] {processor.py:743} INFO - Processing file /home/lcscarv/projetos/indicium/desafio_5/.venv/lib/python3.8/site-packages/airflow/example_dags/example_trigger_target_dag.py for tasks to queue
[2023-04-28T18:15:26.420-0300] {logging_mixin.py:137} INFO - [2023-04-28T18:15:26.419-0300] {dagbag.py:532} INFO - Filling up the DagBag from /home/lcscarv/projetos/indicium/desafio_5/.venv/lib/python3.8/site-packages/airflow/example_dags/example_trigger_target_dag.py
[2023-04-28T18:15:26.439-0300] {processor.py:753} INFO - DAG(s) dict_keys(['example_trigger_target_dag']) retrieved from /home/lcscarv/projetos/indicium/desafio_5/.venv/lib/python3.8/site-packages/airflow/example_dags/example_trigger_target_dag.py
[2023-04-28T18:15:26.451-0300] {logging_mixin.py:137} INFO - [2023-04-28T18:15:26.451-0300] {dag.py:2705} INFO - Sync 1 DAGs
[2023-04-28T18:15:26.517-0300] {logging_mixin.py:137} INFO - [2023-04-28T18:15:26.517-0300] {dag.py:3452} INFO - Setting next_dagrun for example_trigger_target_dag to None, run_after=None
[2023-04-28T18:15:26.696-0300] {processor.py:175} INFO - Processing /home/lcscarv/projetos/indicium/desafio_5/.venv/lib/python3.8/site-packages/airflow/example_dags/example_trigger_target_dag.py took 0.363 seconds
[2023-04-28T18:16:06.744-0300] {processor.py:153} INFO - Started process (PID=6087) to work on /home/lcscarv/projetos/indicium/desafio_5/.venv/lib/python3.8/site-packages/airflow/example_dags/example_trigger_target_dag.py
[2023-04-28T18:16:06.795-0300] {processor.py:743} INFO - Processing file /home/lcscarv/projetos/indicium/desafio_5/.venv/lib/python3.8/site-packages/airflow/example_dags/example_trigger_target_dag.py for tasks to queue
[2023-04-28T18:16:06.796-0300] {logging_mixin.py:137} INFO - [2023-04-28T18:16:06.796-0300] {dagbag.py:532} INFO - Filling up the DagBag from /home/lcscarv/projetos/indicium/desafio_5/.venv/lib/python3.8/site-packages/airflow/example_dags/example_trigger_target_dag.py
[2023-04-28T18:16:06.815-0300] {processor.py:753} INFO - DAG(s) dict_keys(['example_trigger_target_dag']) retrieved from /home/lcscarv/projetos/indicium/desafio_5/.venv/lib/python3.8/site-packages/airflow/example_dags/example_trigger_target_dag.py
[2023-04-28T18:16:06.827-0300] {logging_mixin.py:137} INFO - [2023-04-28T18:16:06.827-0300] {dag.py:2705} INFO - Sync 1 DAGs
[2023-04-28T18:16:06.892-0300] {logging_mixin.py:137} INFO - [2023-04-28T18:16:06.892-0300] {dag.py:3452} INFO - Setting next_dagrun for example_trigger_target_dag to None, run_after=None
[2023-04-28T18:16:07.119-0300] {processor.py:175} INFO - Processing /home/lcscarv/projetos/indicium/desafio_5/.venv/lib/python3.8/site-packages/airflow/example_dags/example_trigger_target_dag.py took 0.377 seconds
[2023-04-28T18:17:05.542-0300] {processor.py:153} INFO - Started process (PID=6135) to work on /home/lcscarv/projetos/indicium/desafio_5/.venv/lib/python3.8/site-packages/airflow/example_dags/example_trigger_target_dag.py
[2023-04-28T18:17:05.544-0300] {processor.py:743} INFO - Processing file /home/lcscarv/projetos/indicium/desafio_5/.venv/lib/python3.8/site-packages/airflow/example_dags/example_trigger_target_dag.py for tasks to queue
[2023-04-28T18:17:05.544-0300] {logging_mixin.py:137} INFO - [2023-04-28T18:17:05.544-0300] {dagbag.py:532} INFO - Filling up the DagBag from /home/lcscarv/projetos/indicium/desafio_5/.venv/lib/python3.8/site-packages/airflow/example_dags/example_trigger_target_dag.py
[2023-04-28T18:17:05.560-0300] {processor.py:753} INFO - DAG(s) dict_keys(['example_trigger_target_dag']) retrieved from /home/lcscarv/projetos/indicium/desafio_5/.venv/lib/python3.8/site-packages/airflow/example_dags/example_trigger_target_dag.py
[2023-04-28T18:17:05.639-0300] {logging_mixin.py:137} INFO - [2023-04-28T18:17:05.639-0300] {dag.py:2705} INFO - Sync 1 DAGs
[2023-04-28T18:17:05.651-0300] {logging_mixin.py:137} INFO - [2023-04-28T18:17:05.651-0300] {dag.py:3452} INFO - Setting next_dagrun for example_trigger_target_dag to None, run_after=None
[2023-04-28T18:17:05.672-0300] {processor.py:175} INFO - Processing /home/lcscarv/projetos/indicium/desafio_5/.venv/lib/python3.8/site-packages/airflow/example_dags/example_trigger_target_dag.py took 0.132 seconds
[2023-04-28T18:17:44.073-0300] {processor.py:153} INFO - Started process (PID=6169) to work on /home/lcscarv/projetos/indicium/desafio_5/.venv/lib/python3.8/site-packages/airflow/example_dags/example_trigger_target_dag.py
[2023-04-28T18:17:44.074-0300] {processor.py:743} INFO - Processing file /home/lcscarv/projetos/indicium/desafio_5/.venv/lib/python3.8/site-packages/airflow/example_dags/example_trigger_target_dag.py for tasks to queue
[2023-04-28T18:17:44.075-0300] {logging_mixin.py:137} INFO - [2023-04-28T18:17:44.075-0300] {dagbag.py:532} INFO - Filling up the DagBag from /home/lcscarv/projetos/indicium/desafio_5/.venv/lib/python3.8/site-packages/airflow/example_dags/example_trigger_target_dag.py
[2023-04-28T18:17:44.172-0300] {processor.py:753} INFO - DAG(s) dict_keys(['example_trigger_target_dag']) retrieved from /home/lcscarv/projetos/indicium/desafio_5/.venv/lib/python3.8/site-packages/airflow/example_dags/example_trigger_target_dag.py
[2023-04-28T18:17:44.184-0300] {logging_mixin.py:137} INFO - [2023-04-28T18:17:44.184-0300] {dag.py:2705} INFO - Sync 1 DAGs
[2023-04-28T18:17:44.196-0300] {logging_mixin.py:137} INFO - [2023-04-28T18:17:44.196-0300] {dag.py:3452} INFO - Setting next_dagrun for example_trigger_target_dag to None, run_after=None
[2023-04-28T18:17:44.214-0300] {processor.py:175} INFO - Processing /home/lcscarv/projetos/indicium/desafio_5/.venv/lib/python3.8/site-packages/airflow/example_dags/example_trigger_target_dag.py took 0.143 seconds
[2023-04-28T18:18:29.616-0300] {processor.py:153} INFO - Started process (PID=6213) to work on /home/lcscarv/projetos/indicium/desafio_5/.venv/lib/python3.8/site-packages/airflow/example_dags/example_trigger_target_dag.py
[2023-04-28T18:18:29.617-0300] {processor.py:743} INFO - Processing file /home/lcscarv/projetos/indicium/desafio_5/.venv/lib/python3.8/site-packages/airflow/example_dags/example_trigger_target_dag.py for tasks to queue
[2023-04-28T18:18:29.618-0300] {logging_mixin.py:137} INFO - [2023-04-28T18:18:29.618-0300] {dagbag.py:532} INFO - Filling up the DagBag from /home/lcscarv/projetos/indicium/desafio_5/.venv/lib/python3.8/site-packages/airflow/example_dags/example_trigger_target_dag.py
[2023-04-28T18:18:29.634-0300] {processor.py:753} INFO - DAG(s) dict_keys(['example_trigger_target_dag']) retrieved from /home/lcscarv/projetos/indicium/desafio_5/.venv/lib/python3.8/site-packages/airflow/example_dags/example_trigger_target_dag.py
[2023-04-28T18:18:29.646-0300] {logging_mixin.py:137} INFO - [2023-04-28T18:18:29.646-0300] {dag.py:2705} INFO - Sync 1 DAGs
[2023-04-28T18:18:29.659-0300] {logging_mixin.py:137} INFO - [2023-04-28T18:18:29.658-0300] {dag.py:3452} INFO - Setting next_dagrun for example_trigger_target_dag to None, run_after=None
[2023-04-28T18:18:29.678-0300] {processor.py:175} INFO - Processing /home/lcscarv/projetos/indicium/desafio_5/.venv/lib/python3.8/site-packages/airflow/example_dags/example_trigger_target_dag.py took 0.064 seconds
[2023-04-28T18:19:12.379-0300] {processor.py:153} INFO - Started process (PID=6252) to work on /home/lcscarv/projetos/indicium/desafio_5/.venv/lib/python3.8/site-packages/airflow/example_dags/example_trigger_target_dag.py
[2023-04-28T18:19:12.381-0300] {processor.py:743} INFO - Processing file /home/lcscarv/projetos/indicium/desafio_5/.venv/lib/python3.8/site-packages/airflow/example_dags/example_trigger_target_dag.py for tasks to queue
[2023-04-28T18:19:12.382-0300] {logging_mixin.py:137} INFO - [2023-04-28T18:19:12.381-0300] {dagbag.py:532} INFO - Filling up the DagBag from /home/lcscarv/projetos/indicium/desafio_5/.venv/lib/python3.8/site-packages/airflow/example_dags/example_trigger_target_dag.py
[2023-04-28T18:19:12.400-0300] {processor.py:753} INFO - DAG(s) dict_keys(['example_trigger_target_dag']) retrieved from /home/lcscarv/projetos/indicium/desafio_5/.venv/lib/python3.8/site-packages/airflow/example_dags/example_trigger_target_dag.py
[2023-04-28T18:19:12.415-0300] {logging_mixin.py:137} INFO - [2023-04-28T18:19:12.415-0300] {dag.py:2705} INFO - Sync 1 DAGs
[2023-04-28T18:19:12.432-0300] {logging_mixin.py:137} INFO - [2023-04-28T18:19:12.431-0300] {dag.py:3452} INFO - Setting next_dagrun for example_trigger_target_dag to None, run_after=None
[2023-04-28T18:19:12.528-0300] {processor.py:175} INFO - Processing /home/lcscarv/projetos/indicium/desafio_5/.venv/lib/python3.8/site-packages/airflow/example_dags/example_trigger_target_dag.py took 0.152 seconds
[2023-04-28T18:19:59.077-0300] {processor.py:153} INFO - Started process (PID=6296) to work on /home/lcscarv/projetos/indicium/desafio_5/.venv/lib/python3.8/site-packages/airflow/example_dags/example_trigger_target_dag.py
[2023-04-28T18:19:59.079-0300] {processor.py:743} INFO - Processing file /home/lcscarv/projetos/indicium/desafio_5/.venv/lib/python3.8/site-packages/airflow/example_dags/example_trigger_target_dag.py for tasks to queue
[2023-04-28T18:19:59.079-0300] {logging_mixin.py:137} INFO - [2023-04-28T18:19:59.079-0300] {dagbag.py:532} INFO - Filling up the DagBag from /home/lcscarv/projetos/indicium/desafio_5/.venv/lib/python3.8/site-packages/airflow/example_dags/example_trigger_target_dag.py
[2023-04-28T18:19:59.096-0300] {processor.py:753} INFO - DAG(s) dict_keys(['example_trigger_target_dag']) retrieved from /home/lcscarv/projetos/indicium/desafio_5/.venv/lib/python3.8/site-packages/airflow/example_dags/example_trigger_target_dag.py
[2023-04-28T18:19:59.110-0300] {logging_mixin.py:137} INFO - [2023-04-28T18:19:59.110-0300] {dag.py:2705} INFO - Sync 1 DAGs
[2023-04-28T18:19:59.190-0300] {logging_mixin.py:137} INFO - [2023-04-28T18:19:59.190-0300] {dag.py:3452} INFO - Setting next_dagrun for example_trigger_target_dag to None, run_after=None
[2023-04-28T18:19:59.237-0300] {processor.py:175} INFO - Processing /home/lcscarv/projetos/indicium/desafio_5/.venv/lib/python3.8/site-packages/airflow/example_dags/example_trigger_target_dag.py took 0.162 seconds
[2023-04-28T18:20:49.978-0300] {processor.py:153} INFO - Started process (PID=6393) to work on /home/lcscarv/projetos/indicium/desafio_5/.venv/lib/python3.8/site-packages/airflow/example_dags/example_trigger_target_dag.py
[2023-04-28T18:20:49.980-0300] {processor.py:743} INFO - Processing file /home/lcscarv/projetos/indicium/desafio_5/.venv/lib/python3.8/site-packages/airflow/example_dags/example_trigger_target_dag.py for tasks to queue
[2023-04-28T18:20:49.980-0300] {logging_mixin.py:137} INFO - [2023-04-28T18:20:49.980-0300] {dagbag.py:532} INFO - Filling up the DagBag from /home/lcscarv/projetos/indicium/desafio_5/.venv/lib/python3.8/site-packages/airflow/example_dags/example_trigger_target_dag.py
[2023-04-28T18:20:49.995-0300] {processor.py:753} INFO - DAG(s) dict_keys(['example_trigger_target_dag']) retrieved from /home/lcscarv/projetos/indicium/desafio_5/.venv/lib/python3.8/site-packages/airflow/example_dags/example_trigger_target_dag.py
[2023-04-28T18:20:50.073-0300] {logging_mixin.py:137} INFO - [2023-04-28T18:20:50.072-0300] {dag.py:2705} INFO - Sync 1 DAGs
[2023-04-28T18:20:50.085-0300] {logging_mixin.py:137} INFO - [2023-04-28T18:20:50.085-0300] {dag.py:3452} INFO - Setting next_dagrun for example_trigger_target_dag to None, run_after=None
[2023-04-28T18:20:50.104-0300] {processor.py:175} INFO - Processing /home/lcscarv/projetos/indicium/desafio_5/.venv/lib/python3.8/site-packages/airflow/example_dags/example_trigger_target_dag.py took 0.128 seconds
