[2023-04-28T18:00:29.848-0300] {processor.py:153} INFO - Started process (PID=4596) to work on /home/lcscarv/projetos/indicium/desafio_5/.venv/lib/python3.8/site-packages/airflow/example_dags/example_sla_dag.py
[2023-04-28T18:00:29.849-0300] {processor.py:743} INFO - Processing file /home/lcscarv/projetos/indicium/desafio_5/.venv/lib/python3.8/site-packages/airflow/example_dags/example_sla_dag.py for tasks to queue
[2023-04-28T18:00:29.849-0300] {logging_mixin.py:137} INFO - [2023-04-28T18:00:29.849-0300] {dagbag.py:532} INFO - Filling up the DagBag from /home/lcscarv/projetos/indicium/desafio_5/.venv/lib/python3.8/site-packages/airflow/example_dags/example_sla_dag.py
[2023-04-28T18:00:29.863-0300] {processor.py:753} INFO - DAG(s) dict_keys(['example_sla_dag']) retrieved from /home/lcscarv/projetos/indicium/desafio_5/.venv/lib/python3.8/site-packages/airflow/example_dags/example_sla_dag.py
[2023-04-28T18:00:29.877-0300] {logging_mixin.py:137} INFO - [2023-04-28T18:00:29.876-0300] {dag.py:2705} INFO - Sync 1 DAGs
[2023-04-28T18:00:29.891-0300] {logging_mixin.py:137} INFO - [2023-04-28T18:00:29.891-0300] {dag.py:3452} INFO - Setting next_dagrun for example_sla_dag to 2023-04-28T20:58:00+00:00, run_after=2023-04-28T21:00:00+00:00
[2023-04-28T18:00:29.911-0300] {processor.py:175} INFO - Processing /home/lcscarv/projetos/indicium/desafio_5/.venv/lib/python3.8/site-packages/airflow/example_dags/example_sla_dag.py took 0.065 seconds
[2023-04-28T18:01:11.389-0300] {processor.py:153} INFO - Started process (PID=4638) to work on /home/lcscarv/projetos/indicium/desafio_5/.venv/lib/python3.8/site-packages/airflow/example_dags/example_sla_dag.py
[2023-04-28T18:01:11.391-0300] {processor.py:743} INFO - Processing file /home/lcscarv/projetos/indicium/desafio_5/.venv/lib/python3.8/site-packages/airflow/example_dags/example_sla_dag.py for tasks to queue
[2023-04-28T18:01:11.391-0300] {logging_mixin.py:137} INFO - [2023-04-28T18:01:11.391-0300] {dagbag.py:532} INFO - Filling up the DagBag from /home/lcscarv/projetos/indicium/desafio_5/.venv/lib/python3.8/site-packages/airflow/example_dags/example_sla_dag.py
[2023-04-28T18:01:11.410-0300] {processor.py:753} INFO - DAG(s) dict_keys(['example_sla_dag']) retrieved from /home/lcscarv/projetos/indicium/desafio_5/.venv/lib/python3.8/site-packages/airflow/example_dags/example_sla_dag.py
[2023-04-28T18:01:11.424-0300] {logging_mixin.py:137} INFO - [2023-04-28T18:01:11.424-0300] {dag.py:2705} INFO - Sync 1 DAGs
[2023-04-28T18:01:11.440-0300] {logging_mixin.py:137} INFO - [2023-04-28T18:01:11.439-0300] {dag.py:3452} INFO - Setting next_dagrun for example_sla_dag to 2023-04-28T20:58:00+00:00, run_after=2023-04-28T21:00:00+00:00
[2023-04-28T18:01:11.458-0300] {processor.py:175} INFO - Processing /home/lcscarv/projetos/indicium/desafio_5/.venv/lib/python3.8/site-packages/airflow/example_dags/example_sla_dag.py took 0.072 seconds
[2023-04-28T18:01:56.970-0300] {processor.py:153} INFO - Started process (PID=4680) to work on /home/lcscarv/projetos/indicium/desafio_5/.venv/lib/python3.8/site-packages/airflow/example_dags/example_sla_dag.py
[2023-04-28T18:01:56.972-0300] {processor.py:743} INFO - Processing file /home/lcscarv/projetos/indicium/desafio_5/.venv/lib/python3.8/site-packages/airflow/example_dags/example_sla_dag.py for tasks to queue
[2023-04-28T18:01:56.973-0300] {logging_mixin.py:137} INFO - [2023-04-28T18:01:56.973-0300] {dagbag.py:532} INFO - Filling up the DagBag from /home/lcscarv/projetos/indicium/desafio_5/.venv/lib/python3.8/site-packages/airflow/example_dags/example_sla_dag.py
[2023-04-28T18:01:57.011-0300] {processor.py:753} INFO - DAG(s) dict_keys(['example_sla_dag']) retrieved from /home/lcscarv/projetos/indicium/desafio_5/.venv/lib/python3.8/site-packages/airflow/example_dags/example_sla_dag.py
[2023-04-28T18:01:57.041-0300] {logging_mixin.py:137} INFO - [2023-04-28T18:01:57.041-0300] {dag.py:2705} INFO - Sync 1 DAGs
[2023-04-28T18:01:57.075-0300] {logging_mixin.py:137} INFO - [2023-04-28T18:01:57.075-0300] {dag.py:3452} INFO - Setting next_dagrun for example_sla_dag to 2023-04-28T20:58:00+00:00, run_after=2023-04-28T21:00:00+00:00
[2023-04-28T18:01:57.136-0300] {processor.py:175} INFO - Processing /home/lcscarv/projetos/indicium/desafio_5/.venv/lib/python3.8/site-packages/airflow/example_dags/example_sla_dag.py took 0.177 seconds
[2023-04-28T18:02:55.042-0300] {processor.py:153} INFO - Started process (PID=4822) to work on /home/lcscarv/projetos/indicium/desafio_5/.venv/lib/python3.8/site-packages/airflow/example_dags/example_sla_dag.py
[2023-04-28T18:02:55.045-0300] {processor.py:743} INFO - Processing file /home/lcscarv/projetos/indicium/desafio_5/.venv/lib/python3.8/site-packages/airflow/example_dags/example_sla_dag.py for tasks to queue
[2023-04-28T18:02:55.047-0300] {logging_mixin.py:137} INFO - [2023-04-28T18:02:55.046-0300] {dagbag.py:532} INFO - Filling up the DagBag from /home/lcscarv/projetos/indicium/desafio_5/.venv/lib/python3.8/site-packages/airflow/example_dags/example_sla_dag.py
[2023-04-28T18:02:55.098-0300] {processor.py:753} INFO - DAG(s) dict_keys(['example_sla_dag']) retrieved from /home/lcscarv/projetos/indicium/desafio_5/.venv/lib/python3.8/site-packages/airflow/example_dags/example_sla_dag.py
[2023-04-28T18:02:55.181-0300] {logging_mixin.py:137} INFO - [2023-04-28T18:02:55.181-0300] {dag.py:2705} INFO - Sync 1 DAGs
[2023-04-28T18:02:55.219-0300] {logging_mixin.py:137} INFO - [2023-04-28T18:02:55.219-0300] {dag.py:3452} INFO - Setting next_dagrun for example_sla_dag to 2023-04-28T21:00:00+00:00, run_after=2023-04-28T21:02:00+00:00
[2023-04-28T18:02:55.248-0300] {processor.py:175} INFO - Processing /home/lcscarv/projetos/indicium/desafio_5/.venv/lib/python3.8/site-packages/airflow/example_dags/example_sla_dag.py took 0.213 seconds
[2023-04-28T18:03:43.198-0300] {processor.py:153} INFO - Started process (PID=4868) to work on /home/lcscarv/projetos/indicium/desafio_5/.venv/lib/python3.8/site-packages/airflow/example_dags/example_sla_dag.py
[2023-04-28T18:03:43.199-0300] {processor.py:743} INFO - Processing file /home/lcscarv/projetos/indicium/desafio_5/.venv/lib/python3.8/site-packages/airflow/example_dags/example_sla_dag.py for tasks to queue
[2023-04-28T18:03:43.200-0300] {logging_mixin.py:137} INFO - [2023-04-28T18:03:43.199-0300] {dagbag.py:532} INFO - Filling up the DagBag from /home/lcscarv/projetos/indicium/desafio_5/.venv/lib/python3.8/site-packages/airflow/example_dags/example_sla_dag.py
[2023-04-28T18:03:43.214-0300] {processor.py:753} INFO - DAG(s) dict_keys(['example_sla_dag']) retrieved from /home/lcscarv/projetos/indicium/desafio_5/.venv/lib/python3.8/site-packages/airflow/example_dags/example_sla_dag.py
[2023-04-28T18:03:43.226-0300] {logging_mixin.py:137} INFO - [2023-04-28T18:03:43.226-0300] {dag.py:2705} INFO - Sync 1 DAGs
[2023-04-28T18:03:43.240-0300] {logging_mixin.py:137} INFO - [2023-04-28T18:03:43.240-0300] {dag.py:3452} INFO - Setting next_dagrun for example_sla_dag to 2023-04-28T21:00:00+00:00, run_after=2023-04-28T21:02:00+00:00
[2023-04-28T18:03:43.257-0300] {processor.py:175} INFO - Processing /home/lcscarv/projetos/indicium/desafio_5/.venv/lib/python3.8/site-packages/airflow/example_dags/example_sla_dag.py took 0.061 seconds
[2023-04-28T18:04:21.893-0300] {processor.py:153} INFO - Started process (PID=4909) to work on /home/lcscarv/projetos/indicium/desafio_5/.venv/lib/python3.8/site-packages/airflow/example_dags/example_sla_dag.py
[2023-04-28T18:04:21.897-0300] {processor.py:743} INFO - Processing file /home/lcscarv/projetos/indicium/desafio_5/.venv/lib/python3.8/site-packages/airflow/example_dags/example_sla_dag.py for tasks to queue
[2023-04-28T18:04:21.898-0300] {logging_mixin.py:137} INFO - [2023-04-28T18:04:21.898-0300] {dagbag.py:532} INFO - Filling up the DagBag from /home/lcscarv/projetos/indicium/desafio_5/.venv/lib/python3.8/site-packages/airflow/example_dags/example_sla_dag.py
[2023-04-28T18:04:21.912-0300] {processor.py:753} INFO - DAG(s) dict_keys(['example_sla_dag']) retrieved from /home/lcscarv/projetos/indicium/desafio_5/.venv/lib/python3.8/site-packages/airflow/example_dags/example_sla_dag.py
[2023-04-28T18:04:21.925-0300] {logging_mixin.py:137} INFO - [2023-04-28T18:04:21.925-0300] {dag.py:2705} INFO - Sync 1 DAGs
[2023-04-28T18:04:21.939-0300] {logging_mixin.py:137} INFO - [2023-04-28T18:04:21.939-0300] {dag.py:3452} INFO - Setting next_dagrun for example_sla_dag to 2023-04-28T21:02:00+00:00, run_after=2023-04-28T21:04:00+00:00
[2023-04-28T18:04:21.957-0300] {processor.py:175} INFO - Processing /home/lcscarv/projetos/indicium/desafio_5/.venv/lib/python3.8/site-packages/airflow/example_dags/example_sla_dag.py took 0.066 seconds
[2023-04-28T18:05:05.593-0300] {processor.py:153} INFO - Started process (PID=5001) to work on /home/lcscarv/projetos/indicium/desafio_5/.venv/lib/python3.8/site-packages/airflow/example_dags/example_sla_dag.py
[2023-04-28T18:05:05.594-0300] {processor.py:743} INFO - Processing file /home/lcscarv/projetos/indicium/desafio_5/.venv/lib/python3.8/site-packages/airflow/example_dags/example_sla_dag.py for tasks to queue
[2023-04-28T18:05:05.595-0300] {logging_mixin.py:137} INFO - [2023-04-28T18:05:05.595-0300] {dagbag.py:532} INFO - Filling up the DagBag from /home/lcscarv/projetos/indicium/desafio_5/.venv/lib/python3.8/site-packages/airflow/example_dags/example_sla_dag.py
[2023-04-28T18:05:05.610-0300] {processor.py:753} INFO - DAG(s) dict_keys(['example_sla_dag']) retrieved from /home/lcscarv/projetos/indicium/desafio_5/.venv/lib/python3.8/site-packages/airflow/example_dags/example_sla_dag.py
[2023-04-28T18:05:05.623-0300] {logging_mixin.py:137} INFO - [2023-04-28T18:05:05.623-0300] {dag.py:2705} INFO - Sync 1 DAGs
[2023-04-28T18:05:05.636-0300] {logging_mixin.py:137} INFO - [2023-04-28T18:05:05.636-0300] {dag.py:3452} INFO - Setting next_dagrun for example_sla_dag to 2023-04-28T21:02:00+00:00, run_after=2023-04-28T21:04:00+00:00
[2023-04-28T18:05:05.654-0300] {processor.py:175} INFO - Processing /home/lcscarv/projetos/indicium/desafio_5/.venv/lib/python3.8/site-packages/airflow/example_dags/example_sla_dag.py took 0.063 seconds
[2023-04-28T18:05:44.379-0300] {processor.py:153} INFO - Started process (PID=5093) to work on /home/lcscarv/projetos/indicium/desafio_5/.venv/lib/python3.8/site-packages/airflow/example_dags/example_sla_dag.py
[2023-04-28T18:05:44.380-0300] {processor.py:743} INFO - Processing file /home/lcscarv/projetos/indicium/desafio_5/.venv/lib/python3.8/site-packages/airflow/example_dags/example_sla_dag.py for tasks to queue
[2023-04-28T18:05:44.381-0300] {logging_mixin.py:137} INFO - [2023-04-28T18:05:44.381-0300] {dagbag.py:532} INFO - Filling up the DagBag from /home/lcscarv/projetos/indicium/desafio_5/.venv/lib/python3.8/site-packages/airflow/example_dags/example_sla_dag.py
[2023-04-28T18:05:44.396-0300] {processor.py:753} INFO - DAG(s) dict_keys(['example_sla_dag']) retrieved from /home/lcscarv/projetos/indicium/desafio_5/.venv/lib/python3.8/site-packages/airflow/example_dags/example_sla_dag.py
[2023-04-28T18:05:44.408-0300] {logging_mixin.py:137} INFO - [2023-04-28T18:05:44.408-0300] {dag.py:2705} INFO - Sync 1 DAGs
[2023-04-28T18:05:44.424-0300] {logging_mixin.py:137} INFO - [2023-04-28T18:05:44.424-0300] {dag.py:3452} INFO - Setting next_dagrun for example_sla_dag to 2023-04-28T21:02:00+00:00, run_after=2023-04-28T21:04:00+00:00
[2023-04-28T18:05:44.440-0300] {processor.py:175} INFO - Processing /home/lcscarv/projetos/indicium/desafio_5/.venv/lib/python3.8/site-packages/airflow/example_dags/example_sla_dag.py took 0.062 seconds
[2023-04-28T18:06:28.579-0300] {processor.py:153} INFO - Started process (PID=5138) to work on /home/lcscarv/projetos/indicium/desafio_5/.venv/lib/python3.8/site-packages/airflow/example_dags/example_sla_dag.py
[2023-04-28T18:06:28.580-0300] {processor.py:743} INFO - Processing file /home/lcscarv/projetos/indicium/desafio_5/.venv/lib/python3.8/site-packages/airflow/example_dags/example_sla_dag.py for tasks to queue
[2023-04-28T18:06:28.580-0300] {logging_mixin.py:137} INFO - [2023-04-28T18:06:28.580-0300] {dagbag.py:532} INFO - Filling up the DagBag from /home/lcscarv/projetos/indicium/desafio_5/.venv/lib/python3.8/site-packages/airflow/example_dags/example_sla_dag.py
[2023-04-28T18:06:28.594-0300] {processor.py:753} INFO - DAG(s) dict_keys(['example_sla_dag']) retrieved from /home/lcscarv/projetos/indicium/desafio_5/.venv/lib/python3.8/site-packages/airflow/example_dags/example_sla_dag.py
[2023-04-28T18:06:28.606-0300] {logging_mixin.py:137} INFO - [2023-04-28T18:06:28.606-0300] {dag.py:2705} INFO - Sync 1 DAGs
[2023-04-28T18:06:28.620-0300] {logging_mixin.py:137} INFO - [2023-04-28T18:06:28.620-0300] {dag.py:3452} INFO - Setting next_dagrun for example_sla_dag to 2023-04-28T21:04:00+00:00, run_after=2023-04-28T21:06:00+00:00
[2023-04-28T18:06:28.637-0300] {processor.py:175} INFO - Processing /home/lcscarv/projetos/indicium/desafio_5/.venv/lib/python3.8/site-packages/airflow/example_dags/example_sla_dag.py took 0.061 seconds
[2023-04-28T18:07:18.123-0300] {processor.py:153} INFO - Started process (PID=5179) to work on /home/lcscarv/projetos/indicium/desafio_5/.venv/lib/python3.8/site-packages/airflow/example_dags/example_sla_dag.py
[2023-04-28T18:07:18.124-0300] {processor.py:743} INFO - Processing file /home/lcscarv/projetos/indicium/desafio_5/.venv/lib/python3.8/site-packages/airflow/example_dags/example_sla_dag.py for tasks to queue
[2023-04-28T18:07:18.125-0300] {logging_mixin.py:137} INFO - [2023-04-28T18:07:18.125-0300] {dagbag.py:532} INFO - Filling up the DagBag from /home/lcscarv/projetos/indicium/desafio_5/.venv/lib/python3.8/site-packages/airflow/example_dags/example_sla_dag.py
[2023-04-28T18:07:18.142-0300] {processor.py:753} INFO - DAG(s) dict_keys(['example_sla_dag']) retrieved from /home/lcscarv/projetos/indicium/desafio_5/.venv/lib/python3.8/site-packages/airflow/example_dags/example_sla_dag.py
[2023-04-28T18:07:18.156-0300] {logging_mixin.py:137} INFO - [2023-04-28T18:07:18.156-0300] {dag.py:2705} INFO - Sync 1 DAGs
[2023-04-28T18:07:18.173-0300] {logging_mixin.py:137} INFO - [2023-04-28T18:07:18.173-0300] {dag.py:3452} INFO - Setting next_dagrun for example_sla_dag to 2023-04-28T21:04:00+00:00, run_after=2023-04-28T21:06:00+00:00
[2023-04-28T18:07:18.195-0300] {processor.py:175} INFO - Processing /home/lcscarv/projetos/indicium/desafio_5/.venv/lib/python3.8/site-packages/airflow/example_dags/example_sla_dag.py took 0.074 seconds
[2023-04-28T18:08:12.514-0300] {processor.py:153} INFO - Started process (PID=5373) to work on /home/lcscarv/projetos/indicium/desafio_5/.venv/lib/python3.8/site-packages/airflow/example_dags/example_sla_dag.py
[2023-04-28T18:08:12.539-0300] {processor.py:743} INFO - Processing file /home/lcscarv/projetos/indicium/desafio_5/.venv/lib/python3.8/site-packages/airflow/example_dags/example_sla_dag.py for tasks to queue
[2023-04-28T18:08:12.539-0300] {logging_mixin.py:137} INFO - [2023-04-28T18:08:12.539-0300] {dagbag.py:532} INFO - Filling up the DagBag from /home/lcscarv/projetos/indicium/desafio_5/.venv/lib/python3.8/site-packages/airflow/example_dags/example_sla_dag.py
[2023-04-28T18:08:12.557-0300] {processor.py:753} INFO - DAG(s) dict_keys(['example_sla_dag']) retrieved from /home/lcscarv/projetos/indicium/desafio_5/.venv/lib/python3.8/site-packages/airflow/example_dags/example_sla_dag.py
[2023-04-28T18:08:12.572-0300] {logging_mixin.py:137} INFO - [2023-04-28T18:08:12.571-0300] {dag.py:2705} INFO - Sync 1 DAGs
[2023-04-28T18:08:12.590-0300] {logging_mixin.py:137} INFO - [2023-04-28T18:08:12.589-0300] {dag.py:3452} INFO - Setting next_dagrun for example_sla_dag to 2023-04-28T21:06:00+00:00, run_after=2023-04-28T21:08:00+00:00
[2023-04-28T18:08:12.691-0300] {processor.py:175} INFO - Processing /home/lcscarv/projetos/indicium/desafio_5/.venv/lib/python3.8/site-packages/airflow/example_dags/example_sla_dag.py took 0.179 seconds
[2023-04-28T18:09:00.240-0300] {processor.py:153} INFO - Started process (PID=5438) to work on /home/lcscarv/projetos/indicium/desafio_5/.venv/lib/python3.8/site-packages/airflow/example_dags/example_sla_dag.py
[2023-04-28T18:09:00.241-0300] {processor.py:743} INFO - Processing file /home/lcscarv/projetos/indicium/desafio_5/.venv/lib/python3.8/site-packages/airflow/example_dags/example_sla_dag.py for tasks to queue
[2023-04-28T18:09:00.242-0300] {logging_mixin.py:137} INFO - [2023-04-28T18:09:00.241-0300] {dagbag.py:532} INFO - Filling up the DagBag from /home/lcscarv/projetos/indicium/desafio_5/.venv/lib/python3.8/site-packages/airflow/example_dags/example_sla_dag.py
[2023-04-28T18:09:00.263-0300] {processor.py:753} INFO - DAG(s) dict_keys(['example_sla_dag']) retrieved from /home/lcscarv/projetos/indicium/desafio_5/.venv/lib/python3.8/site-packages/airflow/example_dags/example_sla_dag.py
[2023-04-28T18:09:00.283-0300] {logging_mixin.py:137} INFO - [2023-04-28T18:09:00.282-0300] {dag.py:2705} INFO - Sync 1 DAGs
[2023-04-28T18:09:00.303-0300] {logging_mixin.py:137} INFO - [2023-04-28T18:09:00.303-0300] {dag.py:3452} INFO - Setting next_dagrun for example_sla_dag to 2023-04-28T21:06:00+00:00, run_after=2023-04-28T21:08:00+00:00
[2023-04-28T18:09:00.329-0300] {processor.py:175} INFO - Processing /home/lcscarv/projetos/indicium/desafio_5/.venv/lib/python3.8/site-packages/airflow/example_dags/example_sla_dag.py took 0.091 seconds
[2023-04-28T18:09:46.144-0300] {processor.py:153} INFO - Started process (PID=5511) to work on /home/lcscarv/projetos/indicium/desafio_5/.venv/lib/python3.8/site-packages/airflow/example_dags/example_sla_dag.py
[2023-04-28T18:09:46.145-0300] {processor.py:743} INFO - Processing file /home/lcscarv/projetos/indicium/desafio_5/.venv/lib/python3.8/site-packages/airflow/example_dags/example_sla_dag.py for tasks to queue
[2023-04-28T18:09:46.146-0300] {logging_mixin.py:137} INFO - [2023-04-28T18:09:46.146-0300] {dagbag.py:532} INFO - Filling up the DagBag from /home/lcscarv/projetos/indicium/desafio_5/.venv/lib/python3.8/site-packages/airflow/example_dags/example_sla_dag.py
[2023-04-28T18:09:46.163-0300] {processor.py:753} INFO - DAG(s) dict_keys(['example_sla_dag']) retrieved from /home/lcscarv/projetos/indicium/desafio_5/.venv/lib/python3.8/site-packages/airflow/example_dags/example_sla_dag.py
[2023-04-28T18:09:46.177-0300] {logging_mixin.py:137} INFO - [2023-04-28T18:09:46.177-0300] {dag.py:2705} INFO - Sync 1 DAGs
[2023-04-28T18:09:46.192-0300] {logging_mixin.py:137} INFO - [2023-04-28T18:09:46.192-0300] {dag.py:3452} INFO - Setting next_dagrun for example_sla_dag to 2023-04-28T21:06:00+00:00, run_after=2023-04-28T21:08:00+00:00
[2023-04-28T18:09:46.212-0300] {processor.py:175} INFO - Processing /home/lcscarv/projetos/indicium/desafio_5/.venv/lib/python3.8/site-packages/airflow/example_dags/example_sla_dag.py took 0.069 seconds
[2023-04-28T18:10:31.959-0300] {processor.py:153} INFO - Started process (PID=5651) to work on /home/lcscarv/projetos/indicium/desafio_5/.venv/lib/python3.8/site-packages/airflow/example_dags/example_sla_dag.py
[2023-04-28T18:10:31.960-0300] {processor.py:743} INFO - Processing file /home/lcscarv/projetos/indicium/desafio_5/.venv/lib/python3.8/site-packages/airflow/example_dags/example_sla_dag.py for tasks to queue
[2023-04-28T18:10:31.961-0300] {logging_mixin.py:137} INFO - [2023-04-28T18:10:31.960-0300] {dagbag.py:532} INFO - Filling up the DagBag from /home/lcscarv/projetos/indicium/desafio_5/.venv/lib/python3.8/site-packages/airflow/example_dags/example_sla_dag.py
[2023-04-28T18:10:31.977-0300] {processor.py:753} INFO - DAG(s) dict_keys(['example_sla_dag']) retrieved from /home/lcscarv/projetos/indicium/desafio_5/.venv/lib/python3.8/site-packages/airflow/example_dags/example_sla_dag.py
[2023-04-28T18:10:31.991-0300] {logging_mixin.py:137} INFO - [2023-04-28T18:10:31.990-0300] {dag.py:2705} INFO - Sync 1 DAGs
[2023-04-28T18:10:32.007-0300] {logging_mixin.py:137} INFO - [2023-04-28T18:10:32.007-0300] {dag.py:3452} INFO - Setting next_dagrun for example_sla_dag to 2023-04-28T21:08:00+00:00, run_after=2023-04-28T21:10:00+00:00
[2023-04-28T18:10:32.030-0300] {processor.py:175} INFO - Processing /home/lcscarv/projetos/indicium/desafio_5/.venv/lib/python3.8/site-packages/airflow/example_dags/example_sla_dag.py took 0.073 seconds
[2023-04-28T18:11:25.787-0300] {processor.py:153} INFO - Started process (PID=5750) to work on /home/lcscarv/projetos/indicium/desafio_5/.venv/lib/python3.8/site-packages/airflow/example_dags/example_sla_dag.py
[2023-04-28T18:11:25.902-0300] {processor.py:743} INFO - Processing file /home/lcscarv/projetos/indicium/desafio_5/.venv/lib/python3.8/site-packages/airflow/example_dags/example_sla_dag.py for tasks to queue
[2023-04-28T18:11:25.903-0300] {logging_mixin.py:137} INFO - [2023-04-28T18:11:25.903-0300] {dagbag.py:532} INFO - Filling up the DagBag from /home/lcscarv/projetos/indicium/desafio_5/.venv/lib/python3.8/site-packages/airflow/example_dags/example_sla_dag.py
[2023-04-28T18:11:25.923-0300] {processor.py:753} INFO - DAG(s) dict_keys(['example_sla_dag']) retrieved from /home/lcscarv/projetos/indicium/desafio_5/.venv/lib/python3.8/site-packages/airflow/example_dags/example_sla_dag.py
[2023-04-28T18:11:25.936-0300] {logging_mixin.py:137} INFO - [2023-04-28T18:11:25.936-0300] {dag.py:2705} INFO - Sync 1 DAGs
[2023-04-28T18:11:25.953-0300] {logging_mixin.py:137} INFO - [2023-04-28T18:11:25.953-0300] {dag.py:3452} INFO - Setting next_dagrun for example_sla_dag to 2023-04-28T21:08:00+00:00, run_after=2023-04-28T21:10:00+00:00
[2023-04-28T18:11:26.186-0300] {processor.py:175} INFO - Processing /home/lcscarv/projetos/indicium/desafio_5/.venv/lib/python3.8/site-packages/airflow/example_dags/example_sla_dag.py took 0.401 seconds
[2023-04-28T18:12:18.121-0300] {processor.py:153} INFO - Started process (PID=5847) to work on /home/lcscarv/projetos/indicium/desafio_5/.venv/lib/python3.8/site-packages/airflow/example_dags/example_sla_dag.py
[2023-04-28T18:12:18.234-0300] {processor.py:743} INFO - Processing file /home/lcscarv/projetos/indicium/desafio_5/.venv/lib/python3.8/site-packages/airflow/example_dags/example_sla_dag.py for tasks to queue
[2023-04-28T18:12:18.236-0300] {logging_mixin.py:137} INFO - [2023-04-28T18:12:18.236-0300] {dagbag.py:532} INFO - Filling up the DagBag from /home/lcscarv/projetos/indicium/desafio_5/.venv/lib/python3.8/site-packages/airflow/example_dags/example_sla_dag.py
[2023-04-28T18:12:18.254-0300] {processor.py:753} INFO - DAG(s) dict_keys(['example_sla_dag']) retrieved from /home/lcscarv/projetos/indicium/desafio_5/.venv/lib/python3.8/site-packages/airflow/example_dags/example_sla_dag.py
[2023-04-28T18:12:18.266-0300] {logging_mixin.py:137} INFO - [2023-04-28T18:12:18.266-0300] {dag.py:2705} INFO - Sync 1 DAGs
[2023-04-28T18:12:18.280-0300] {logging_mixin.py:137} INFO - [2023-04-28T18:12:18.280-0300] {dag.py:3452} INFO - Setting next_dagrun for example_sla_dag to 2023-04-28T21:10:00+00:00, run_after=2023-04-28T21:12:00+00:00
[2023-04-28T18:12:18.349-0300] {processor.py:175} INFO - Processing /home/lcscarv/projetos/indicium/desafio_5/.venv/lib/python3.8/site-packages/airflow/example_dags/example_sla_dag.py took 0.230 seconds
[2023-04-28T18:13:06.475-0300] {processor.py:153} INFO - Started process (PID=5881) to work on /home/lcscarv/projetos/indicium/desafio_5/.venv/lib/python3.8/site-packages/airflow/example_dags/example_sla_dag.py
[2023-04-28T18:13:06.476-0300] {processor.py:743} INFO - Processing file /home/lcscarv/projetos/indicium/desafio_5/.venv/lib/python3.8/site-packages/airflow/example_dags/example_sla_dag.py for tasks to queue
[2023-04-28T18:13:06.477-0300] {logging_mixin.py:137} INFO - [2023-04-28T18:13:06.477-0300] {dagbag.py:532} INFO - Filling up the DagBag from /home/lcscarv/projetos/indicium/desafio_5/.venv/lib/python3.8/site-packages/airflow/example_dags/example_sla_dag.py
[2023-04-28T18:13:06.493-0300] {processor.py:753} INFO - DAG(s) dict_keys(['example_sla_dag']) retrieved from /home/lcscarv/projetos/indicium/desafio_5/.venv/lib/python3.8/site-packages/airflow/example_dags/example_sla_dag.py
[2023-04-28T18:13:06.508-0300] {logging_mixin.py:137} INFO - [2023-04-28T18:13:06.508-0300] {dag.py:2705} INFO - Sync 1 DAGs
[2023-04-28T18:13:06.525-0300] {logging_mixin.py:137} INFO - [2023-04-28T18:13:06.525-0300] {dag.py:3452} INFO - Setting next_dagrun for example_sla_dag to 2023-04-28T21:10:00+00:00, run_after=2023-04-28T21:12:00+00:00
[2023-04-28T18:13:06.546-0300] {processor.py:175} INFO - Processing /home/lcscarv/projetos/indicium/desafio_5/.venv/lib/python3.8/site-packages/airflow/example_dags/example_sla_dag.py took 0.073 seconds
[2023-04-28T18:13:51.278-0300] {processor.py:153} INFO - Started process (PID=5922) to work on /home/lcscarv/projetos/indicium/desafio_5/.venv/lib/python3.8/site-packages/airflow/example_dags/example_sla_dag.py
[2023-04-28T18:13:51.279-0300] {processor.py:743} INFO - Processing file /home/lcscarv/projetos/indicium/desafio_5/.venv/lib/python3.8/site-packages/airflow/example_dags/example_sla_dag.py for tasks to queue
[2023-04-28T18:13:51.280-0300] {logging_mixin.py:137} INFO - [2023-04-28T18:13:51.279-0300] {dagbag.py:532} INFO - Filling up the DagBag from /home/lcscarv/projetos/indicium/desafio_5/.venv/lib/python3.8/site-packages/airflow/example_dags/example_sla_dag.py
[2023-04-28T18:13:51.295-0300] {processor.py:753} INFO - DAG(s) dict_keys(['example_sla_dag']) retrieved from /home/lcscarv/projetos/indicium/desafio_5/.venv/lib/python3.8/site-packages/airflow/example_dags/example_sla_dag.py
[2023-04-28T18:13:51.307-0300] {logging_mixin.py:137} INFO - [2023-04-28T18:13:51.307-0300] {dag.py:2705} INFO - Sync 1 DAGs
[2023-04-28T18:13:51.323-0300] {logging_mixin.py:137} INFO - [2023-04-28T18:13:51.323-0300] {dag.py:3452} INFO - Setting next_dagrun for example_sla_dag to 2023-04-28T21:10:00+00:00, run_after=2023-04-28T21:12:00+00:00
[2023-04-28T18:13:51.343-0300] {processor.py:175} INFO - Processing /home/lcscarv/projetos/indicium/desafio_5/.venv/lib/python3.8/site-packages/airflow/example_dags/example_sla_dag.py took 0.067 seconds
[2023-04-28T18:14:46.929-0300] {processor.py:153} INFO - Started process (PID=5967) to work on /home/lcscarv/projetos/indicium/desafio_5/.venv/lib/python3.8/site-packages/airflow/example_dags/example_sla_dag.py
[2023-04-28T18:14:46.959-0300] {processor.py:743} INFO - Processing file /home/lcscarv/projetos/indicium/desafio_5/.venv/lib/python3.8/site-packages/airflow/example_dags/example_sla_dag.py for tasks to queue
[2023-04-28T18:14:46.960-0300] {logging_mixin.py:137} INFO - [2023-04-28T18:14:46.960-0300] {dagbag.py:532} INFO - Filling up the DagBag from /home/lcscarv/projetos/indicium/desafio_5/.venv/lib/python3.8/site-packages/airflow/example_dags/example_sla_dag.py
[2023-04-28T18:14:46.976-0300] {processor.py:753} INFO - DAG(s) dict_keys(['example_sla_dag']) retrieved from /home/lcscarv/projetos/indicium/desafio_5/.venv/lib/python3.8/site-packages/airflow/example_dags/example_sla_dag.py
[2023-04-28T18:14:46.988-0300] {logging_mixin.py:137} INFO - [2023-04-28T18:14:46.988-0300] {dag.py:2705} INFO - Sync 1 DAGs
[2023-04-28T18:14:47.001-0300] {logging_mixin.py:137} INFO - [2023-04-28T18:14:47.001-0300] {dag.py:3452} INFO - Setting next_dagrun for example_sla_dag to 2023-04-28T21:12:00+00:00, run_after=2023-04-28T21:14:00+00:00
[2023-04-28T18:14:47.934-0300] {processor.py:175} INFO - Processing /home/lcscarv/projetos/indicium/desafio_5/.venv/lib/python3.8/site-packages/airflow/example_dags/example_sla_dag.py took 1.007 seconds
[2023-04-28T18:15:28.953-0300] {processor.py:153} INFO - Started process (PID=6053) to work on /home/lcscarv/projetos/indicium/desafio_5/.venv/lib/python3.8/site-packages/airflow/example_dags/example_sla_dag.py
[2023-04-28T18:15:28.954-0300] {processor.py:743} INFO - Processing file /home/lcscarv/projetos/indicium/desafio_5/.venv/lib/python3.8/site-packages/airflow/example_dags/example_sla_dag.py for tasks to queue
[2023-04-28T18:15:28.955-0300] {logging_mixin.py:137} INFO - [2023-04-28T18:15:28.954-0300] {dagbag.py:532} INFO - Filling up the DagBag from /home/lcscarv/projetos/indicium/desafio_5/.venv/lib/python3.8/site-packages/airflow/example_dags/example_sla_dag.py
[2023-04-28T18:15:28.971-0300] {processor.py:753} INFO - DAG(s) dict_keys(['example_sla_dag']) retrieved from /home/lcscarv/projetos/indicium/desafio_5/.venv/lib/python3.8/site-packages/airflow/example_dags/example_sla_dag.py
[2023-04-28T18:15:28.986-0300] {logging_mixin.py:137} INFO - [2023-04-28T18:15:28.986-0300] {dag.py:2705} INFO - Sync 1 DAGs
[2023-04-28T18:15:29.088-0300] {logging_mixin.py:137} INFO - [2023-04-28T18:15:29.088-0300] {dag.py:3452} INFO - Setting next_dagrun for example_sla_dag to 2023-04-28T21:12:00+00:00, run_after=2023-04-28T21:14:00+00:00
[2023-04-28T18:15:29.109-0300] {processor.py:175} INFO - Processing /home/lcscarv/projetos/indicium/desafio_5/.venv/lib/python3.8/site-packages/airflow/example_dags/example_sla_dag.py took 0.159 seconds
[2023-04-28T18:16:23.805-0300] {processor.py:153} INFO - Started process (PID=6101) to work on /home/lcscarv/projetos/indicium/desafio_5/.venv/lib/python3.8/site-packages/airflow/example_dags/example_sla_dag.py
[2023-04-28T18:16:23.806-0300] {processor.py:743} INFO - Processing file /home/lcscarv/projetos/indicium/desafio_5/.venv/lib/python3.8/site-packages/airflow/example_dags/example_sla_dag.py for tasks to queue
[2023-04-28T18:16:23.807-0300] {logging_mixin.py:137} INFO - [2023-04-28T18:16:23.806-0300] {dagbag.py:532} INFO - Filling up the DagBag from /home/lcscarv/projetos/indicium/desafio_5/.venv/lib/python3.8/site-packages/airflow/example_dags/example_sla_dag.py
[2023-04-28T18:16:23.823-0300] {processor.py:753} INFO - DAG(s) dict_keys(['example_sla_dag']) retrieved from /home/lcscarv/projetos/indicium/desafio_5/.venv/lib/python3.8/site-packages/airflow/example_dags/example_sla_dag.py
[2023-04-28T18:16:23.840-0300] {logging_mixin.py:137} INFO - [2023-04-28T18:16:23.840-0300] {dag.py:2705} INFO - Sync 1 DAGs
[2023-04-28T18:16:23.914-0300] {logging_mixin.py:137} INFO - [2023-04-28T18:16:23.914-0300] {dag.py:3452} INFO - Setting next_dagrun for example_sla_dag to 2023-04-28T21:14:00+00:00, run_after=2023-04-28T21:16:00+00:00
[2023-04-28T18:16:23.934-0300] {processor.py:175} INFO - Processing /home/lcscarv/projetos/indicium/desafio_5/.venv/lib/python3.8/site-packages/airflow/example_dags/example_sla_dag.py took 0.131 seconds
[2023-04-28T18:17:08.370-0300] {processor.py:153} INFO - Started process (PID=6137) to work on /home/lcscarv/projetos/indicium/desafio_5/.venv/lib/python3.8/site-packages/airflow/example_dags/example_sla_dag.py
[2023-04-28T18:17:08.446-0300] {processor.py:743} INFO - Processing file /home/lcscarv/projetos/indicium/desafio_5/.venv/lib/python3.8/site-packages/airflow/example_dags/example_sla_dag.py for tasks to queue
[2023-04-28T18:17:08.448-0300] {logging_mixin.py:137} INFO - [2023-04-28T18:17:08.447-0300] {dagbag.py:532} INFO - Filling up the DagBag from /home/lcscarv/projetos/indicium/desafio_5/.venv/lib/python3.8/site-packages/airflow/example_dags/example_sla_dag.py
[2023-04-28T18:17:08.464-0300] {processor.py:753} INFO - DAG(s) dict_keys(['example_sla_dag']) retrieved from /home/lcscarv/projetos/indicium/desafio_5/.venv/lib/python3.8/site-packages/airflow/example_dags/example_sla_dag.py
[2023-04-28T18:17:08.529-0300] {logging_mixin.py:137} INFO - [2023-04-28T18:17:08.529-0300] {dag.py:2705} INFO - Sync 1 DAGs
[2023-04-28T18:17:08.541-0300] {logging_mixin.py:137} INFO - [2023-04-28T18:17:08.541-0300] {dag.py:3452} INFO - Setting next_dagrun for example_sla_dag to 2023-04-28T21:14:00+00:00, run_after=2023-04-28T21:16:00+00:00
[2023-04-28T18:17:08.842-0300] {processor.py:175} INFO - Processing /home/lcscarv/projetos/indicium/desafio_5/.venv/lib/python3.8/site-packages/airflow/example_dags/example_sla_dag.py took 0.474 seconds
[2023-04-28T18:18:02.574-0300] {processor.py:153} INFO - Started process (PID=6187) to work on /home/lcscarv/projetos/indicium/desafio_5/.venv/lib/python3.8/site-packages/airflow/example_dags/example_sla_dag.py
[2023-04-28T18:18:02.576-0300] {processor.py:743} INFO - Processing file /home/lcscarv/projetos/indicium/desafio_5/.venv/lib/python3.8/site-packages/airflow/example_dags/example_sla_dag.py for tasks to queue
[2023-04-28T18:18:02.576-0300] {logging_mixin.py:137} INFO - [2023-04-28T18:18:02.576-0300] {dagbag.py:532} INFO - Filling up the DagBag from /home/lcscarv/projetos/indicium/desafio_5/.venv/lib/python3.8/site-packages/airflow/example_dags/example_sla_dag.py
[2023-04-28T18:18:02.592-0300] {processor.py:753} INFO - DAG(s) dict_keys(['example_sla_dag']) retrieved from /home/lcscarv/projetos/indicium/desafio_5/.venv/lib/python3.8/site-packages/airflow/example_dags/example_sla_dag.py
[2023-04-28T18:18:02.605-0300] {logging_mixin.py:137} INFO - [2023-04-28T18:18:02.604-0300] {dag.py:2705} INFO - Sync 1 DAGs
[2023-04-28T18:18:02.618-0300] {logging_mixin.py:137} INFO - [2023-04-28T18:18:02.618-0300] {dag.py:3452} INFO - Setting next_dagrun for example_sla_dag to 2023-04-28T21:16:00+00:00, run_after=2023-04-28T21:18:00+00:00
[2023-04-28T18:18:02.641-0300] {processor.py:175} INFO - Processing /home/lcscarv/projetos/indicium/desafio_5/.venv/lib/python3.8/site-packages/airflow/example_dags/example_sla_dag.py took 0.068 seconds
[2023-04-28T18:18:46.182-0300] {processor.py:153} INFO - Started process (PID=6229) to work on /home/lcscarv/projetos/indicium/desafio_5/.venv/lib/python3.8/site-packages/airflow/example_dags/example_sla_dag.py
[2023-04-28T18:18:46.183-0300] {processor.py:743} INFO - Processing file /home/lcscarv/projetos/indicium/desafio_5/.venv/lib/python3.8/site-packages/airflow/example_dags/example_sla_dag.py for tasks to queue
[2023-04-28T18:18:46.184-0300] {logging_mixin.py:137} INFO - [2023-04-28T18:18:46.184-0300] {dagbag.py:532} INFO - Filling up the DagBag from /home/lcscarv/projetos/indicium/desafio_5/.venv/lib/python3.8/site-packages/airflow/example_dags/example_sla_dag.py
[2023-04-28T18:18:46.205-0300] {processor.py:753} INFO - DAG(s) dict_keys(['example_sla_dag']) retrieved from /home/lcscarv/projetos/indicium/desafio_5/.venv/lib/python3.8/site-packages/airflow/example_dags/example_sla_dag.py
[2023-04-28T18:18:46.221-0300] {logging_mixin.py:137} INFO - [2023-04-28T18:18:46.221-0300] {dag.py:2705} INFO - Sync 1 DAGs
[2023-04-28T18:18:46.241-0300] {logging_mixin.py:137} INFO - [2023-04-28T18:18:46.240-0300] {dag.py:3452} INFO - Setting next_dagrun for example_sla_dag to 2023-04-28T21:16:00+00:00, run_after=2023-04-28T21:18:00+00:00
[2023-04-28T18:18:46.343-0300] {processor.py:175} INFO - Processing /home/lcscarv/projetos/indicium/desafio_5/.venv/lib/python3.8/site-packages/airflow/example_dags/example_sla_dag.py took 0.162 seconds
[2023-04-28T18:19:29.727-0300] {processor.py:153} INFO - Started process (PID=6269) to work on /home/lcscarv/projetos/indicium/desafio_5/.venv/lib/python3.8/site-packages/airflow/example_dags/example_sla_dag.py
[2023-04-28T18:19:29.729-0300] {processor.py:743} INFO - Processing file /home/lcscarv/projetos/indicium/desafio_5/.venv/lib/python3.8/site-packages/airflow/example_dags/example_sla_dag.py for tasks to queue
[2023-04-28T18:19:29.729-0300] {logging_mixin.py:137} INFO - [2023-04-28T18:19:29.729-0300] {dagbag.py:532} INFO - Filling up the DagBag from /home/lcscarv/projetos/indicium/desafio_5/.venv/lib/python3.8/site-packages/airflow/example_dags/example_sla_dag.py
[2023-04-28T18:19:29.744-0300] {processor.py:753} INFO - DAG(s) dict_keys(['example_sla_dag']) retrieved from /home/lcscarv/projetos/indicium/desafio_5/.venv/lib/python3.8/site-packages/airflow/example_dags/example_sla_dag.py
[2023-04-28T18:19:29.757-0300] {logging_mixin.py:137} INFO - [2023-04-28T18:19:29.757-0300] {dag.py:2705} INFO - Sync 1 DAGs
[2023-04-28T18:19:29.834-0300] {logging_mixin.py:137} INFO - [2023-04-28T18:19:29.834-0300] {dag.py:3452} INFO - Setting next_dagrun for example_sla_dag to 2023-04-28T21:16:00+00:00, run_after=2023-04-28T21:18:00+00:00
[2023-04-28T18:19:29.851-0300] {processor.py:175} INFO - Processing /home/lcscarv/projetos/indicium/desafio_5/.venv/lib/python3.8/site-packages/airflow/example_dags/example_sla_dag.py took 0.126 seconds
[2023-04-28T18:20:19.643-0300] {processor.py:153} INFO - Started process (PID=6365) to work on /home/lcscarv/projetos/indicium/desafio_5/.venv/lib/python3.8/site-packages/airflow/example_dags/example_sla_dag.py
[2023-04-28T18:20:19.644-0300] {processor.py:743} INFO - Processing file /home/lcscarv/projetos/indicium/desafio_5/.venv/lib/python3.8/site-packages/airflow/example_dags/example_sla_dag.py for tasks to queue
[2023-04-28T18:20:19.644-0300] {logging_mixin.py:137} INFO - [2023-04-28T18:20:19.644-0300] {dagbag.py:532} INFO - Filling up the DagBag from /home/lcscarv/projetos/indicium/desafio_5/.venv/lib/python3.8/site-packages/airflow/example_dags/example_sla_dag.py
[2023-04-28T18:20:19.669-0300] {processor.py:753} INFO - DAG(s) dict_keys(['example_sla_dag']) retrieved from /home/lcscarv/projetos/indicium/desafio_5/.venv/lib/python3.8/site-packages/airflow/example_dags/example_sla_dag.py
[2023-04-28T18:20:19.684-0300] {logging_mixin.py:137} INFO - [2023-04-28T18:20:19.684-0300] {dag.py:2705} INFO - Sync 1 DAGs
[2023-04-28T18:20:19.806-0300] {logging_mixin.py:137} INFO - [2023-04-28T18:20:19.806-0300] {dag.py:3452} INFO - Setting next_dagrun for example_sla_dag to 2023-04-28T21:18:00+00:00, run_after=2023-04-28T21:20:00+00:00
[2023-04-28T18:20:19.838-0300] {processor.py:175} INFO - Processing /home/lcscarv/projetos/indicium/desafio_5/.venv/lib/python3.8/site-packages/airflow/example_dags/example_sla_dag.py took 0.197 seconds
[2023-04-28T18:21:08.645-0300] {processor.py:153} INFO - Started process (PID=6410) to work on /home/lcscarv/projetos/indicium/desafio_5/.venv/lib/python3.8/site-packages/airflow/example_dags/example_sla_dag.py
[2023-04-28T18:21:08.647-0300] {processor.py:743} INFO - Processing file /home/lcscarv/projetos/indicium/desafio_5/.venv/lib/python3.8/site-packages/airflow/example_dags/example_sla_dag.py for tasks to queue
[2023-04-28T18:21:08.648-0300] {logging_mixin.py:137} INFO - [2023-04-28T18:21:08.648-0300] {dagbag.py:532} INFO - Filling up the DagBag from /home/lcscarv/projetos/indicium/desafio_5/.venv/lib/python3.8/site-packages/airflow/example_dags/example_sla_dag.py
[2023-04-28T18:21:08.666-0300] {processor.py:753} INFO - DAG(s) dict_keys(['example_sla_dag']) retrieved from /home/lcscarv/projetos/indicium/desafio_5/.venv/lib/python3.8/site-packages/airflow/example_dags/example_sla_dag.py
[2023-04-28T18:21:08.743-0300] {logging_mixin.py:137} INFO - [2023-04-28T18:21:08.743-0300] {dag.py:2705} INFO - Sync 1 DAGs
[2023-04-28T18:21:08.759-0300] {logging_mixin.py:137} INFO - [2023-04-28T18:21:08.759-0300] {dag.py:3452} INFO - Setting next_dagrun for example_sla_dag to 2023-04-28T21:18:00+00:00, run_after=2023-04-28T21:20:00+00:00
[2023-04-28T18:21:08.830-0300] {processor.py:175} INFO - Processing /home/lcscarv/projetos/indicium/desafio_5/.venv/lib/python3.8/site-packages/airflow/example_dags/example_sla_dag.py took 0.188 seconds
