[2023-04-28T18:00:47.894-0300] {processor.py:153} INFO - Started process (PID=4615) to work on /home/lcscarv/projetos/indicium/desafio_5/.venv/lib/python3.8/site-packages/airflow/example_dags/example_external_task_marker_dag.py
[2023-04-28T18:00:47.894-0300] {processor.py:743} INFO - Processing file /home/lcscarv/projetos/indicium/desafio_5/.venv/lib/python3.8/site-packages/airflow/example_dags/example_external_task_marker_dag.py for tasks to queue
[2023-04-28T18:00:47.895-0300] {logging_mixin.py:137} INFO - [2023-04-28T18:00:47.895-0300] {dagbag.py:532} INFO - Filling up the DagBag from /home/lcscarv/projetos/indicium/desafio_5/.venv/lib/python3.8/site-packages/airflow/example_dags/example_external_task_marker_dag.py
[2023-04-28T18:00:47.904-0300] {processor.py:753} INFO - DAG(s) dict_keys(['example_external_task_marker_parent', 'example_external_task_marker_child']) retrieved from /home/lcscarv/projetos/indicium/desafio_5/.venv/lib/python3.8/site-packages/airflow/example_dags/example_external_task_marker_dag.py
[2023-04-28T18:00:47.936-0300] {logging_mixin.py:137} INFO - [2023-04-28T18:00:47.936-0300] {dag.py:2705} INFO - Sync 2 DAGs
[2023-04-28T18:00:47.947-0300] {logging_mixin.py:137} INFO - [2023-04-28T18:00:47.947-0300] {dag.py:3452} INFO - Setting next_dagrun for example_external_task_marker_child to None, run_after=None
[2023-04-28T18:00:47.949-0300] {logging_mixin.py:137} INFO - [2023-04-28T18:00:47.949-0300] {dag.py:3452} INFO - Setting next_dagrun for example_external_task_marker_parent to None, run_after=None
[2023-04-28T18:00:47.970-0300] {processor.py:175} INFO - Processing /home/lcscarv/projetos/indicium/desafio_5/.venv/lib/python3.8/site-packages/airflow/example_dags/example_external_task_marker_dag.py took 0.078 seconds
[2023-04-28T18:01:30.411-0300] {processor.py:153} INFO - Started process (PID=4657) to work on /home/lcscarv/projetos/indicium/desafio_5/.venv/lib/python3.8/site-packages/airflow/example_dags/example_external_task_marker_dag.py
[2023-04-28T18:01:30.413-0300] {processor.py:743} INFO - Processing file /home/lcscarv/projetos/indicium/desafio_5/.venv/lib/python3.8/site-packages/airflow/example_dags/example_external_task_marker_dag.py for tasks to queue
[2023-04-28T18:01:30.413-0300] {logging_mixin.py:137} INFO - [2023-04-28T18:01:30.413-0300] {dagbag.py:532} INFO - Filling up the DagBag from /home/lcscarv/projetos/indicium/desafio_5/.venv/lib/python3.8/site-packages/airflow/example_dags/example_external_task_marker_dag.py
[2023-04-28T18:01:30.424-0300] {processor.py:753} INFO - DAG(s) dict_keys(['example_external_task_marker_child', 'example_external_task_marker_parent']) retrieved from /home/lcscarv/projetos/indicium/desafio_5/.venv/lib/python3.8/site-packages/airflow/example_dags/example_external_task_marker_dag.py
[2023-04-28T18:01:30.438-0300] {logging_mixin.py:137} INFO - [2023-04-28T18:01:30.438-0300] {dag.py:2705} INFO - Sync 2 DAGs
[2023-04-28T18:01:30.450-0300] {logging_mixin.py:137} INFO - [2023-04-28T18:01:30.449-0300] {dag.py:3452} INFO - Setting next_dagrun for example_external_task_marker_child to None, run_after=None
[2023-04-28T18:01:30.452-0300] {logging_mixin.py:137} INFO - [2023-04-28T18:01:30.452-0300] {dag.py:3452} INFO - Setting next_dagrun for example_external_task_marker_parent to None, run_after=None
[2023-04-28T18:01:30.471-0300] {processor.py:175} INFO - Processing /home/lcscarv/projetos/indicium/desafio_5/.venv/lib/python3.8/site-packages/airflow/example_dags/example_external_task_marker_dag.py took 0.062 seconds
[2023-04-28T18:02:38.667-0300] {processor.py:153} INFO - Started process (PID=4760) to work on /home/lcscarv/projetos/indicium/desafio_5/.venv/lib/python3.8/site-packages/airflow/example_dags/example_external_task_marker_dag.py
[2023-04-28T18:02:38.670-0300] {processor.py:743} INFO - Processing file /home/lcscarv/projetos/indicium/desafio_5/.venv/lib/python3.8/site-packages/airflow/example_dags/example_external_task_marker_dag.py for tasks to queue
[2023-04-28T18:02:38.671-0300] {logging_mixin.py:137} INFO - [2023-04-28T18:02:38.671-0300] {dagbag.py:532} INFO - Filling up the DagBag from /home/lcscarv/projetos/indicium/desafio_5/.venv/lib/python3.8/site-packages/airflow/example_dags/example_external_task_marker_dag.py
[2023-04-28T18:02:38.694-0300] {processor.py:753} INFO - DAG(s) dict_keys(['example_external_task_marker_parent', 'example_external_task_marker_child']) retrieved from /home/lcscarv/projetos/indicium/desafio_5/.venv/lib/python3.8/site-packages/airflow/example_dags/example_external_task_marker_dag.py
[2023-04-28T18:02:38.728-0300] {logging_mixin.py:137} INFO - [2023-04-28T18:02:38.728-0300] {dag.py:2705} INFO - Sync 2 DAGs
[2023-04-28T18:02:38.758-0300] {logging_mixin.py:137} INFO - [2023-04-28T18:02:38.758-0300] {dag.py:3452} INFO - Setting next_dagrun for example_external_task_marker_child to None, run_after=None
[2023-04-28T18:02:38.762-0300] {logging_mixin.py:137} INFO - [2023-04-28T18:02:38.762-0300] {dag.py:3452} INFO - Setting next_dagrun for example_external_task_marker_parent to None, run_after=None
[2023-04-28T18:02:38.797-0300] {processor.py:175} INFO - Processing /home/lcscarv/projetos/indicium/desafio_5/.venv/lib/python3.8/site-packages/airflow/example_dags/example_external_task_marker_dag.py took 0.135 seconds
[2023-04-28T18:03:36.327-0300] {processor.py:153} INFO - Started process (PID=4862) to work on /home/lcscarv/projetos/indicium/desafio_5/.venv/lib/python3.8/site-packages/airflow/example_dags/example_external_task_marker_dag.py
[2023-04-28T18:03:36.329-0300] {processor.py:743} INFO - Processing file /home/lcscarv/projetos/indicium/desafio_5/.venv/lib/python3.8/site-packages/airflow/example_dags/example_external_task_marker_dag.py for tasks to queue
[2023-04-28T18:03:36.329-0300] {logging_mixin.py:137} INFO - [2023-04-28T18:03:36.329-0300] {dagbag.py:532} INFO - Filling up the DagBag from /home/lcscarv/projetos/indicium/desafio_5/.venv/lib/python3.8/site-packages/airflow/example_dags/example_external_task_marker_dag.py
[2023-04-28T18:03:36.338-0300] {processor.py:753} INFO - DAG(s) dict_keys(['example_external_task_marker_parent', 'example_external_task_marker_child']) retrieved from /home/lcscarv/projetos/indicium/desafio_5/.venv/lib/python3.8/site-packages/airflow/example_dags/example_external_task_marker_dag.py
[2023-04-28T18:03:36.351-0300] {logging_mixin.py:137} INFO - [2023-04-28T18:03:36.351-0300] {dag.py:2705} INFO - Sync 2 DAGs
[2023-04-28T18:03:36.363-0300] {logging_mixin.py:137} INFO - [2023-04-28T18:03:36.363-0300] {dag.py:3452} INFO - Setting next_dagrun for example_external_task_marker_child to None, run_after=None
[2023-04-28T18:03:36.365-0300] {logging_mixin.py:137} INFO - [2023-04-28T18:03:36.365-0300] {dag.py:3452} INFO - Setting next_dagrun for example_external_task_marker_parent to None, run_after=None
[2023-04-28T18:03:36.383-0300] {processor.py:175} INFO - Processing /home/lcscarv/projetos/indicium/desafio_5/.venv/lib/python3.8/site-packages/airflow/example_dags/example_external_task_marker_dag.py took 0.058 seconds
[2023-04-28T18:04:16.861-0300] {processor.py:153} INFO - Started process (PID=4904) to work on /home/lcscarv/projetos/indicium/desafio_5/.venv/lib/python3.8/site-packages/airflow/example_dags/example_external_task_marker_dag.py
[2023-04-28T18:04:16.863-0300] {processor.py:743} INFO - Processing file /home/lcscarv/projetos/indicium/desafio_5/.venv/lib/python3.8/site-packages/airflow/example_dags/example_external_task_marker_dag.py for tasks to queue
[2023-04-28T18:04:16.863-0300] {logging_mixin.py:137} INFO - [2023-04-28T18:04:16.863-0300] {dagbag.py:532} INFO - Filling up the DagBag from /home/lcscarv/projetos/indicium/desafio_5/.venv/lib/python3.8/site-packages/airflow/example_dags/example_external_task_marker_dag.py
[2023-04-28T18:04:16.872-0300] {processor.py:753} INFO - DAG(s) dict_keys(['example_external_task_marker_parent', 'example_external_task_marker_child']) retrieved from /home/lcscarv/projetos/indicium/desafio_5/.venv/lib/python3.8/site-packages/airflow/example_dags/example_external_task_marker_dag.py
[2023-04-28T18:04:16.886-0300] {logging_mixin.py:137} INFO - [2023-04-28T18:04:16.885-0300] {dag.py:2705} INFO - Sync 2 DAGs
[2023-04-28T18:04:16.898-0300] {logging_mixin.py:137} INFO - [2023-04-28T18:04:16.897-0300] {dag.py:3452} INFO - Setting next_dagrun for example_external_task_marker_child to None, run_after=None
[2023-04-28T18:04:16.899-0300] {logging_mixin.py:137} INFO - [2023-04-28T18:04:16.899-0300] {dag.py:3452} INFO - Setting next_dagrun for example_external_task_marker_parent to None, run_after=None
[2023-04-28T18:04:16.916-0300] {processor.py:175} INFO - Processing /home/lcscarv/projetos/indicium/desafio_5/.venv/lib/python3.8/site-packages/airflow/example_dags/example_external_task_marker_dag.py took 0.056 seconds
[2023-04-28T18:05:13.157-0300] {processor.py:153} INFO - Started process (PID=5061) to work on /home/lcscarv/projetos/indicium/desafio_5/.venv/lib/python3.8/site-packages/airflow/example_dags/example_external_task_marker_dag.py
[2023-04-28T18:05:13.158-0300] {processor.py:743} INFO - Processing file /home/lcscarv/projetos/indicium/desafio_5/.venv/lib/python3.8/site-packages/airflow/example_dags/example_external_task_marker_dag.py for tasks to queue
[2023-04-28T18:05:13.158-0300] {logging_mixin.py:137} INFO - [2023-04-28T18:05:13.158-0300] {dagbag.py:532} INFO - Filling up the DagBag from /home/lcscarv/projetos/indicium/desafio_5/.venv/lib/python3.8/site-packages/airflow/example_dags/example_external_task_marker_dag.py
[2023-04-28T18:05:13.167-0300] {processor.py:753} INFO - DAG(s) dict_keys(['example_external_task_marker_parent', 'example_external_task_marker_child']) retrieved from /home/lcscarv/projetos/indicium/desafio_5/.venv/lib/python3.8/site-packages/airflow/example_dags/example_external_task_marker_dag.py
[2023-04-28T18:05:13.180-0300] {logging_mixin.py:137} INFO - [2023-04-28T18:05:13.180-0300] {dag.py:2705} INFO - Sync 2 DAGs
[2023-04-28T18:05:13.192-0300] {logging_mixin.py:137} INFO - [2023-04-28T18:05:13.192-0300] {dag.py:3452} INFO - Setting next_dagrun for example_external_task_marker_child to None, run_after=None
[2023-04-28T18:05:13.194-0300] {logging_mixin.py:137} INFO - [2023-04-28T18:05:13.194-0300] {dag.py:3452} INFO - Setting next_dagrun for example_external_task_marker_parent to None, run_after=None
[2023-04-28T18:05:13.210-0300] {processor.py:175} INFO - Processing /home/lcscarv/projetos/indicium/desafio_5/.venv/lib/python3.8/site-packages/airflow/example_dags/example_external_task_marker_dag.py took 0.056 seconds
[2023-04-28T18:05:58.183-0300] {processor.py:153} INFO - Started process (PID=5107) to work on /home/lcscarv/projetos/indicium/desafio_5/.venv/lib/python3.8/site-packages/airflow/example_dags/example_external_task_marker_dag.py
[2023-04-28T18:05:58.185-0300] {processor.py:743} INFO - Processing file /home/lcscarv/projetos/indicium/desafio_5/.venv/lib/python3.8/site-packages/airflow/example_dags/example_external_task_marker_dag.py for tasks to queue
[2023-04-28T18:05:58.185-0300] {logging_mixin.py:137} INFO - [2023-04-28T18:05:58.185-0300] {dagbag.py:532} INFO - Filling up the DagBag from /home/lcscarv/projetos/indicium/desafio_5/.venv/lib/python3.8/site-packages/airflow/example_dags/example_external_task_marker_dag.py
[2023-04-28T18:05:58.193-0300] {processor.py:753} INFO - DAG(s) dict_keys(['example_external_task_marker_child', 'example_external_task_marker_parent']) retrieved from /home/lcscarv/projetos/indicium/desafio_5/.venv/lib/python3.8/site-packages/airflow/example_dags/example_external_task_marker_dag.py
[2023-04-28T18:05:58.208-0300] {logging_mixin.py:137} INFO - [2023-04-28T18:05:58.208-0300] {dag.py:2705} INFO - Sync 2 DAGs
[2023-04-28T18:05:58.223-0300] {logging_mixin.py:137} INFO - [2023-04-28T18:05:58.222-0300] {dag.py:3452} INFO - Setting next_dagrun for example_external_task_marker_child to None, run_after=None
[2023-04-28T18:05:58.225-0300] {logging_mixin.py:137} INFO - [2023-04-28T18:05:58.225-0300] {dag.py:3452} INFO - Setting next_dagrun for example_external_task_marker_parent to None, run_after=None
[2023-04-28T18:05:58.242-0300] {processor.py:175} INFO - Processing /home/lcscarv/projetos/indicium/desafio_5/.venv/lib/python3.8/site-packages/airflow/example_dags/example_external_task_marker_dag.py took 0.063 seconds
[2023-04-28T18:06:43.270-0300] {processor.py:153} INFO - Started process (PID=5153) to work on /home/lcscarv/projetos/indicium/desafio_5/.venv/lib/python3.8/site-packages/airflow/example_dags/example_external_task_marker_dag.py
[2023-04-28T18:06:43.273-0300] {processor.py:743} INFO - Processing file /home/lcscarv/projetos/indicium/desafio_5/.venv/lib/python3.8/site-packages/airflow/example_dags/example_external_task_marker_dag.py for tasks to queue
[2023-04-28T18:06:43.274-0300] {logging_mixin.py:137} INFO - [2023-04-28T18:06:43.274-0300] {dagbag.py:532} INFO - Filling up the DagBag from /home/lcscarv/projetos/indicium/desafio_5/.venv/lib/python3.8/site-packages/airflow/example_dags/example_external_task_marker_dag.py
[2023-04-28T18:06:43.283-0300] {processor.py:753} INFO - DAG(s) dict_keys(['example_external_task_marker_child', 'example_external_task_marker_parent']) retrieved from /home/lcscarv/projetos/indicium/desafio_5/.venv/lib/python3.8/site-packages/airflow/example_dags/example_external_task_marker_dag.py
[2023-04-28T18:06:43.296-0300] {logging_mixin.py:137} INFO - [2023-04-28T18:06:43.296-0300] {dag.py:2705} INFO - Sync 2 DAGs
[2023-04-28T18:06:43.309-0300] {logging_mixin.py:137} INFO - [2023-04-28T18:06:43.309-0300] {dag.py:3452} INFO - Setting next_dagrun for example_external_task_marker_child to None, run_after=None
[2023-04-28T18:06:43.311-0300] {logging_mixin.py:137} INFO - [2023-04-28T18:06:43.311-0300] {dag.py:3452} INFO - Setting next_dagrun for example_external_task_marker_parent to None, run_after=None
[2023-04-28T18:06:43.328-0300] {processor.py:175} INFO - Processing /home/lcscarv/projetos/indicium/desafio_5/.venv/lib/python3.8/site-packages/airflow/example_dags/example_external_task_marker_dag.py took 0.060 seconds
[2023-04-28T18:07:57.572-0300] {processor.py:153} INFO - Started process (PID=5359) to work on /home/lcscarv/projetos/indicium/desafio_5/.venv/lib/python3.8/site-packages/airflow/example_dags/example_external_task_marker_dag.py
[2023-04-28T18:07:57.573-0300] {processor.py:743} INFO - Processing file /home/lcscarv/projetos/indicium/desafio_5/.venv/lib/python3.8/site-packages/airflow/example_dags/example_external_task_marker_dag.py for tasks to queue
[2023-04-28T18:07:57.574-0300] {logging_mixin.py:137} INFO - [2023-04-28T18:07:57.574-0300] {dagbag.py:532} INFO - Filling up the DagBag from /home/lcscarv/projetos/indicium/desafio_5/.venv/lib/python3.8/site-packages/airflow/example_dags/example_external_task_marker_dag.py
[2023-04-28T18:07:57.583-0300] {processor.py:753} INFO - DAG(s) dict_keys(['example_external_task_marker_child', 'example_external_task_marker_parent']) retrieved from /home/lcscarv/projetos/indicium/desafio_5/.venv/lib/python3.8/site-packages/airflow/example_dags/example_external_task_marker_dag.py
[2023-04-28T18:07:57.600-0300] {logging_mixin.py:137} INFO - [2023-04-28T18:07:57.600-0300] {dag.py:2705} INFO - Sync 2 DAGs
[2023-04-28T18:07:57.614-0300] {logging_mixin.py:137} INFO - [2023-04-28T18:07:57.614-0300] {dag.py:3452} INFO - Setting next_dagrun for example_external_task_marker_child to None, run_after=None
[2023-04-28T18:07:57.617-0300] {logging_mixin.py:137} INFO - [2023-04-28T18:07:57.617-0300] {dag.py:3452} INFO - Setting next_dagrun for example_external_task_marker_parent to None, run_after=None
[2023-04-28T18:07:57.636-0300] {processor.py:175} INFO - Processing /home/lcscarv/projetos/indicium/desafio_5/.venv/lib/python3.8/site-packages/airflow/example_dags/example_external_task_marker_dag.py took 0.066 seconds
[2023-04-28T18:08:53.590-0300] {processor.py:153} INFO - Started process (PID=5411) to work on /home/lcscarv/projetos/indicium/desafio_5/.venv/lib/python3.8/site-packages/airflow/example_dags/example_external_task_marker_dag.py
[2023-04-28T18:08:53.697-0300] {processor.py:743} INFO - Processing file /home/lcscarv/projetos/indicium/desafio_5/.venv/lib/python3.8/site-packages/airflow/example_dags/example_external_task_marker_dag.py for tasks to queue
[2023-04-28T18:08:53.699-0300] {logging_mixin.py:137} INFO - [2023-04-28T18:08:53.698-0300] {dagbag.py:532} INFO - Filling up the DagBag from /home/lcscarv/projetos/indicium/desafio_5/.venv/lib/python3.8/site-packages/airflow/example_dags/example_external_task_marker_dag.py
[2023-04-28T18:08:53.712-0300] {processor.py:753} INFO - DAG(s) dict_keys(['example_external_task_marker_parent', 'example_external_task_marker_child']) retrieved from /home/lcscarv/projetos/indicium/desafio_5/.venv/lib/python3.8/site-packages/airflow/example_dags/example_external_task_marker_dag.py
[2023-04-28T18:08:53.726-0300] {logging_mixin.py:137} INFO - [2023-04-28T18:08:53.726-0300] {dag.py:2705} INFO - Sync 2 DAGs
[2023-04-28T18:08:53.738-0300] {logging_mixin.py:137} INFO - [2023-04-28T18:08:53.737-0300] {dag.py:3452} INFO - Setting next_dagrun for example_external_task_marker_child to None, run_after=None
[2023-04-28T18:08:53.739-0300] {logging_mixin.py:137} INFO - [2023-04-28T18:08:53.739-0300] {dag.py:3452} INFO - Setting next_dagrun for example_external_task_marker_parent to None, run_after=None
[2023-04-28T18:08:54.213-0300] {processor.py:175} INFO - Processing /home/lcscarv/projetos/indicium/desafio_5/.venv/lib/python3.8/site-packages/airflow/example_dags/example_external_task_marker_dag.py took 0.626 seconds
[2023-04-28T18:09:41.943-0300] {processor.py:153} INFO - Started process (PID=5506) to work on /home/lcscarv/projetos/indicium/desafio_5/.venv/lib/python3.8/site-packages/airflow/example_dags/example_external_task_marker_dag.py
[2023-04-28T18:09:41.944-0300] {processor.py:743} INFO - Processing file /home/lcscarv/projetos/indicium/desafio_5/.venv/lib/python3.8/site-packages/airflow/example_dags/example_external_task_marker_dag.py for tasks to queue
[2023-04-28T18:09:41.945-0300] {logging_mixin.py:137} INFO - [2023-04-28T18:09:41.945-0300] {dagbag.py:532} INFO - Filling up the DagBag from /home/lcscarv/projetos/indicium/desafio_5/.venv/lib/python3.8/site-packages/airflow/example_dags/example_external_task_marker_dag.py
[2023-04-28T18:09:41.954-0300] {processor.py:753} INFO - DAG(s) dict_keys(['example_external_task_marker_child', 'example_external_task_marker_parent']) retrieved from /home/lcscarv/projetos/indicium/desafio_5/.venv/lib/python3.8/site-packages/airflow/example_dags/example_external_task_marker_dag.py
[2023-04-28T18:09:41.969-0300] {logging_mixin.py:137} INFO - [2023-04-28T18:09:41.969-0300] {dag.py:2705} INFO - Sync 2 DAGs
[2023-04-28T18:09:41.982-0300] {logging_mixin.py:137} INFO - [2023-04-28T18:09:41.982-0300] {dag.py:3452} INFO - Setting next_dagrun for example_external_task_marker_child to None, run_after=None
[2023-04-28T18:09:41.984-0300] {logging_mixin.py:137} INFO - [2023-04-28T18:09:41.984-0300] {dag.py:3452} INFO - Setting next_dagrun for example_external_task_marker_parent to None, run_after=None
[2023-04-28T18:09:42.006-0300] {processor.py:175} INFO - Processing /home/lcscarv/projetos/indicium/desafio_5/.venv/lib/python3.8/site-packages/airflow/example_dags/example_external_task_marker_dag.py took 0.065 seconds
[2023-04-28T18:10:35.968-0300] {processor.py:153} INFO - Started process (PID=5655) to work on /home/lcscarv/projetos/indicium/desafio_5/.venv/lib/python3.8/site-packages/airflow/example_dags/example_external_task_marker_dag.py
[2023-04-28T18:10:35.969-0300] {processor.py:743} INFO - Processing file /home/lcscarv/projetos/indicium/desafio_5/.venv/lib/python3.8/site-packages/airflow/example_dags/example_external_task_marker_dag.py for tasks to queue
[2023-04-28T18:10:35.970-0300] {logging_mixin.py:137} INFO - [2023-04-28T18:10:35.970-0300] {dagbag.py:532} INFO - Filling up the DagBag from /home/lcscarv/projetos/indicium/desafio_5/.venv/lib/python3.8/site-packages/airflow/example_dags/example_external_task_marker_dag.py
[2023-04-28T18:10:35.980-0300] {processor.py:753} INFO - DAG(s) dict_keys(['example_external_task_marker_child', 'example_external_task_marker_parent']) retrieved from /home/lcscarv/projetos/indicium/desafio_5/.venv/lib/python3.8/site-packages/airflow/example_dags/example_external_task_marker_dag.py
[2023-04-28T18:10:35.996-0300] {logging_mixin.py:137} INFO - [2023-04-28T18:10:35.996-0300] {dag.py:2705} INFO - Sync 2 DAGs
[2023-04-28T18:10:36.010-0300] {logging_mixin.py:137} INFO - [2023-04-28T18:10:36.009-0300] {dag.py:3452} INFO - Setting next_dagrun for example_external_task_marker_child to None, run_after=None
[2023-04-28T18:10:36.011-0300] {logging_mixin.py:137} INFO - [2023-04-28T18:10:36.011-0300] {dag.py:3452} INFO - Setting next_dagrun for example_external_task_marker_parent to None, run_after=None
[2023-04-28T18:10:36.033-0300] {processor.py:175} INFO - Processing /home/lcscarv/projetos/indicium/desafio_5/.venv/lib/python3.8/site-packages/airflow/example_dags/example_external_task_marker_dag.py took 0.067 seconds
[2023-04-28T18:11:31.719-0300] {processor.py:153} INFO - Started process (PID=5806) to work on /home/lcscarv/projetos/indicium/desafio_5/.venv/lib/python3.8/site-packages/airflow/example_dags/example_external_task_marker_dag.py
[2023-04-28T18:11:31.720-0300] {processor.py:743} INFO - Processing file /home/lcscarv/projetos/indicium/desafio_5/.venv/lib/python3.8/site-packages/airflow/example_dags/example_external_task_marker_dag.py for tasks to queue
[2023-04-28T18:11:31.721-0300] {logging_mixin.py:137} INFO - [2023-04-28T18:11:31.721-0300] {dagbag.py:532} INFO - Filling up the DagBag from /home/lcscarv/projetos/indicium/desafio_5/.venv/lib/python3.8/site-packages/airflow/example_dags/example_external_task_marker_dag.py
[2023-04-28T18:11:31.733-0300] {processor.py:753} INFO - DAG(s) dict_keys(['example_external_task_marker_child', 'example_external_task_marker_parent']) retrieved from /home/lcscarv/projetos/indicium/desafio_5/.venv/lib/python3.8/site-packages/airflow/example_dags/example_external_task_marker_dag.py
[2023-04-28T18:11:31.749-0300] {logging_mixin.py:137} INFO - [2023-04-28T18:11:31.749-0300] {dag.py:2705} INFO - Sync 2 DAGs
[2023-04-28T18:11:31.763-0300] {logging_mixin.py:137} INFO - [2023-04-28T18:11:31.763-0300] {dag.py:3452} INFO - Setting next_dagrun for example_external_task_marker_child to None, run_after=None
[2023-04-28T18:11:31.765-0300] {logging_mixin.py:137} INFO - [2023-04-28T18:11:31.765-0300] {dag.py:3452} INFO - Setting next_dagrun for example_external_task_marker_parent to None, run_after=None
[2023-04-28T18:11:31.783-0300] {processor.py:175} INFO - Processing /home/lcscarv/projetos/indicium/desafio_5/.venv/lib/python3.8/site-packages/airflow/example_dags/example_external_task_marker_dag.py took 0.067 seconds
[2023-04-28T18:12:23.068-0300] {processor.py:153} INFO - Started process (PID=5852) to work on /home/lcscarv/projetos/indicium/desafio_5/.venv/lib/python3.8/site-packages/airflow/example_dags/example_external_task_marker_dag.py
[2023-04-28T18:12:23.069-0300] {processor.py:743} INFO - Processing file /home/lcscarv/projetos/indicium/desafio_5/.venv/lib/python3.8/site-packages/airflow/example_dags/example_external_task_marker_dag.py for tasks to queue
[2023-04-28T18:12:23.069-0300] {logging_mixin.py:137} INFO - [2023-04-28T18:12:23.069-0300] {dagbag.py:532} INFO - Filling up the DagBag from /home/lcscarv/projetos/indicium/desafio_5/.venv/lib/python3.8/site-packages/airflow/example_dags/example_external_task_marker_dag.py
[2023-04-28T18:12:23.078-0300] {processor.py:753} INFO - DAG(s) dict_keys(['example_external_task_marker_parent', 'example_external_task_marker_child']) retrieved from /home/lcscarv/projetos/indicium/desafio_5/.venv/lib/python3.8/site-packages/airflow/example_dags/example_external_task_marker_dag.py
[2023-04-28T18:12:23.094-0300] {logging_mixin.py:137} INFO - [2023-04-28T18:12:23.094-0300] {dag.py:2705} INFO - Sync 2 DAGs
[2023-04-28T18:12:23.107-0300] {logging_mixin.py:137} INFO - [2023-04-28T18:12:23.107-0300] {dag.py:3452} INFO - Setting next_dagrun for example_external_task_marker_child to None, run_after=None
[2023-04-28T18:12:23.109-0300] {logging_mixin.py:137} INFO - [2023-04-28T18:12:23.109-0300] {dag.py:3452} INFO - Setting next_dagrun for example_external_task_marker_parent to None, run_after=None
[2023-04-28T18:12:23.128-0300] {processor.py:175} INFO - Processing /home/lcscarv/projetos/indicium/desafio_5/.venv/lib/python3.8/site-packages/airflow/example_dags/example_external_task_marker_dag.py took 0.062 seconds
[2023-04-28T18:13:19.251-0300] {processor.py:153} INFO - Started process (PID=5894) to work on /home/lcscarv/projetos/indicium/desafio_5/.venv/lib/python3.8/site-packages/airflow/example_dags/example_external_task_marker_dag.py
[2023-04-28T18:13:19.308-0300] {processor.py:743} INFO - Processing file /home/lcscarv/projetos/indicium/desafio_5/.venv/lib/python3.8/site-packages/airflow/example_dags/example_external_task_marker_dag.py for tasks to queue
[2023-04-28T18:13:19.309-0300] {logging_mixin.py:137} INFO - [2023-04-28T18:13:19.309-0300] {dagbag.py:532} INFO - Filling up the DagBag from /home/lcscarv/projetos/indicium/desafio_5/.venv/lib/python3.8/site-packages/airflow/example_dags/example_external_task_marker_dag.py
[2023-04-28T18:13:19.324-0300] {processor.py:753} INFO - DAG(s) dict_keys(['example_external_task_marker_parent', 'example_external_task_marker_child']) retrieved from /home/lcscarv/projetos/indicium/desafio_5/.venv/lib/python3.8/site-packages/airflow/example_dags/example_external_task_marker_dag.py
[2023-04-28T18:13:19.337-0300] {logging_mixin.py:137} INFO - [2023-04-28T18:13:19.337-0300] {dag.py:2705} INFO - Sync 2 DAGs
[2023-04-28T18:13:19.349-0300] {logging_mixin.py:137} INFO - [2023-04-28T18:13:19.348-0300] {dag.py:3452} INFO - Setting next_dagrun for example_external_task_marker_child to None, run_after=None
[2023-04-28T18:13:19.350-0300] {logging_mixin.py:137} INFO - [2023-04-28T18:13:19.350-0300] {dag.py:3452} INFO - Setting next_dagrun for example_external_task_marker_parent to None, run_after=None
[2023-04-28T18:13:19.462-0300] {processor.py:175} INFO - Processing /home/lcscarv/projetos/indicium/desafio_5/.venv/lib/python3.8/site-packages/airflow/example_dags/example_external_task_marker_dag.py took 0.214 seconds
[2023-04-28T18:14:10.911-0300] {processor.py:153} INFO - Started process (PID=5939) to work on /home/lcscarv/projetos/indicium/desafio_5/.venv/lib/python3.8/site-packages/airflow/example_dags/example_external_task_marker_dag.py
[2023-04-28T18:14:10.973-0300] {processor.py:743} INFO - Processing file /home/lcscarv/projetos/indicium/desafio_5/.venv/lib/python3.8/site-packages/airflow/example_dags/example_external_task_marker_dag.py for tasks to queue
[2023-04-28T18:14:10.974-0300] {logging_mixin.py:137} INFO - [2023-04-28T18:14:10.974-0300] {dagbag.py:532} INFO - Filling up the DagBag from /home/lcscarv/projetos/indicium/desafio_5/.venv/lib/python3.8/site-packages/airflow/example_dags/example_external_task_marker_dag.py
[2023-04-28T18:14:10.988-0300] {processor.py:753} INFO - DAG(s) dict_keys(['example_external_task_marker_parent', 'example_external_task_marker_child']) retrieved from /home/lcscarv/projetos/indicium/desafio_5/.venv/lib/python3.8/site-packages/airflow/example_dags/example_external_task_marker_dag.py
[2023-04-28T18:14:11.001-0300] {logging_mixin.py:137} INFO - [2023-04-28T18:14:11.001-0300] {dag.py:2705} INFO - Sync 2 DAGs
[2023-04-28T18:14:11.013-0300] {logging_mixin.py:137} INFO - [2023-04-28T18:14:11.012-0300] {dag.py:3452} INFO - Setting next_dagrun for example_external_task_marker_child to None, run_after=None
[2023-04-28T18:14:11.014-0300] {logging_mixin.py:137} INFO - [2023-04-28T18:14:11.014-0300] {dag.py:3452} INFO - Setting next_dagrun for example_external_task_marker_parent to None, run_after=None
[2023-04-28T18:14:11.581-0300] {processor.py:175} INFO - Processing /home/lcscarv/projetos/indicium/desafio_5/.venv/lib/python3.8/site-packages/airflow/example_dags/example_external_task_marker_dag.py took 0.672 seconds
[2023-04-28T18:15:16.873-0300] {processor.py:153} INFO - Started process (PID=6042) to work on /home/lcscarv/projetos/indicium/desafio_5/.venv/lib/python3.8/site-packages/airflow/example_dags/example_external_task_marker_dag.py
[2023-04-28T18:15:16.874-0300] {processor.py:743} INFO - Processing file /home/lcscarv/projetos/indicium/desafio_5/.venv/lib/python3.8/site-packages/airflow/example_dags/example_external_task_marker_dag.py for tasks to queue
[2023-04-28T18:15:16.875-0300] {logging_mixin.py:137} INFO - [2023-04-28T18:15:16.875-0300] {dagbag.py:532} INFO - Filling up the DagBag from /home/lcscarv/projetos/indicium/desafio_5/.venv/lib/python3.8/site-packages/airflow/example_dags/example_external_task_marker_dag.py
[2023-04-28T18:15:16.883-0300] {processor.py:753} INFO - DAG(s) dict_keys(['example_external_task_marker_parent', 'example_external_task_marker_child']) retrieved from /home/lcscarv/projetos/indicium/desafio_5/.venv/lib/python3.8/site-packages/airflow/example_dags/example_external_task_marker_dag.py
[2023-04-28T18:15:16.896-0300] {logging_mixin.py:137} INFO - [2023-04-28T18:15:16.896-0300] {dag.py:2705} INFO - Sync 2 DAGs
[2023-04-28T18:15:16.909-0300] {logging_mixin.py:137} INFO - [2023-04-28T18:15:16.908-0300] {dag.py:3452} INFO - Setting next_dagrun for example_external_task_marker_child to None, run_after=None
[2023-04-28T18:15:16.910-0300] {logging_mixin.py:137} INFO - [2023-04-28T18:15:16.910-0300] {dag.py:3452} INFO - Setting next_dagrun for example_external_task_marker_parent to None, run_after=None
[2023-04-28T18:15:16.967-0300] {processor.py:175} INFO - Processing /home/lcscarv/projetos/indicium/desafio_5/.venv/lib/python3.8/site-packages/airflow/example_dags/example_external_task_marker_dag.py took 0.096 seconds
[2023-04-28T18:16:14.640-0300] {processor.py:153} INFO - Started process (PID=6092) to work on /home/lcscarv/projetos/indicium/desafio_5/.venv/lib/python3.8/site-packages/airflow/example_dags/example_external_task_marker_dag.py
[2023-04-28T18:16:14.641-0300] {processor.py:743} INFO - Processing file /home/lcscarv/projetos/indicium/desafio_5/.venv/lib/python3.8/site-packages/airflow/example_dags/example_external_task_marker_dag.py for tasks to queue
[2023-04-28T18:16:14.642-0300] {logging_mixin.py:137} INFO - [2023-04-28T18:16:14.642-0300] {dagbag.py:532} INFO - Filling up the DagBag from /home/lcscarv/projetos/indicium/desafio_5/.venv/lib/python3.8/site-packages/airflow/example_dags/example_external_task_marker_dag.py
[2023-04-28T18:16:14.653-0300] {processor.py:753} INFO - DAG(s) dict_keys(['example_external_task_marker_child', 'example_external_task_marker_parent']) retrieved from /home/lcscarv/projetos/indicium/desafio_5/.venv/lib/python3.8/site-packages/airflow/example_dags/example_external_task_marker_dag.py
[2023-04-28T18:16:14.668-0300] {logging_mixin.py:137} INFO - [2023-04-28T18:16:14.668-0300] {dag.py:2705} INFO - Sync 2 DAGs
[2023-04-28T18:16:14.744-0300] {logging_mixin.py:137} INFO - [2023-04-28T18:16:14.743-0300] {dag.py:3452} INFO - Setting next_dagrun for example_external_task_marker_child to None, run_after=None
[2023-04-28T18:16:14.746-0300] {logging_mixin.py:137} INFO - [2023-04-28T18:16:14.746-0300] {dag.py:3452} INFO - Setting next_dagrun for example_external_task_marker_parent to None, run_after=None
[2023-04-28T18:16:14.765-0300] {processor.py:175} INFO - Processing /home/lcscarv/projetos/indicium/desafio_5/.venv/lib/python3.8/site-packages/airflow/example_dags/example_external_task_marker_dag.py took 0.127 seconds
[2023-04-28T18:17:12.763-0300] {processor.py:153} INFO - Started process (PID=6141) to work on /home/lcscarv/projetos/indicium/desafio_5/.venv/lib/python3.8/site-packages/airflow/example_dags/example_external_task_marker_dag.py
[2023-04-28T18:17:13.018-0300] {processor.py:743} INFO - Processing file /home/lcscarv/projetos/indicium/desafio_5/.venv/lib/python3.8/site-packages/airflow/example_dags/example_external_task_marker_dag.py for tasks to queue
[2023-04-28T18:17:13.020-0300] {logging_mixin.py:137} INFO - [2023-04-28T18:17:13.019-0300] {dagbag.py:532} INFO - Filling up the DagBag from /home/lcscarv/projetos/indicium/desafio_5/.venv/lib/python3.8/site-packages/airflow/example_dags/example_external_task_marker_dag.py
[2023-04-28T18:17:13.035-0300] {processor.py:753} INFO - DAG(s) dict_keys(['example_external_task_marker_parent', 'example_external_task_marker_child']) retrieved from /home/lcscarv/projetos/indicium/desafio_5/.venv/lib/python3.8/site-packages/airflow/example_dags/example_external_task_marker_dag.py
[2023-04-28T18:17:13.057-0300] {logging_mixin.py:137} INFO - [2023-04-28T18:17:13.057-0300] {dag.py:2705} INFO - Sync 2 DAGs
[2023-04-28T18:17:13.159-0300] {logging_mixin.py:137} INFO - [2023-04-28T18:17:13.159-0300] {dag.py:3452} INFO - Setting next_dagrun for example_external_task_marker_child to None, run_after=None
[2023-04-28T18:17:13.161-0300] {logging_mixin.py:137} INFO - [2023-04-28T18:17:13.161-0300] {dag.py:3452} INFO - Setting next_dagrun for example_external_task_marker_parent to None, run_after=None
[2023-04-28T18:17:13.183-0300] {processor.py:175} INFO - Processing /home/lcscarv/projetos/indicium/desafio_5/.venv/lib/python3.8/site-packages/airflow/example_dags/example_external_task_marker_dag.py took 0.422 seconds
[2023-04-28T18:18:06.929-0300] {processor.py:153} INFO - Started process (PID=6191) to work on /home/lcscarv/projetos/indicium/desafio_5/.venv/lib/python3.8/site-packages/airflow/example_dags/example_external_task_marker_dag.py
[2023-04-28T18:18:06.930-0300] {processor.py:743} INFO - Processing file /home/lcscarv/projetos/indicium/desafio_5/.venv/lib/python3.8/site-packages/airflow/example_dags/example_external_task_marker_dag.py for tasks to queue
[2023-04-28T18:18:06.931-0300] {logging_mixin.py:137} INFO - [2023-04-28T18:18:06.931-0300] {dagbag.py:532} INFO - Filling up the DagBag from /home/lcscarv/projetos/indicium/desafio_5/.venv/lib/python3.8/site-packages/airflow/example_dags/example_external_task_marker_dag.py
[2023-04-28T18:18:06.940-0300] {processor.py:753} INFO - DAG(s) dict_keys(['example_external_task_marker_parent', 'example_external_task_marker_child']) retrieved from /home/lcscarv/projetos/indicium/desafio_5/.venv/lib/python3.8/site-packages/airflow/example_dags/example_external_task_marker_dag.py
[2023-04-28T18:18:06.956-0300] {logging_mixin.py:137} INFO - [2023-04-28T18:18:06.956-0300] {dag.py:2705} INFO - Sync 2 DAGs
[2023-04-28T18:18:06.971-0300] {logging_mixin.py:137} INFO - [2023-04-28T18:18:06.970-0300] {dag.py:3452} INFO - Setting next_dagrun for example_external_task_marker_child to None, run_after=None
[2023-04-28T18:18:06.972-0300] {logging_mixin.py:137} INFO - [2023-04-28T18:18:06.972-0300] {dag.py:3452} INFO - Setting next_dagrun for example_external_task_marker_parent to None, run_after=None
[2023-04-28T18:18:06.992-0300] {processor.py:175} INFO - Processing /home/lcscarv/projetos/indicium/desafio_5/.venv/lib/python3.8/site-packages/airflow/example_dags/example_external_task_marker_dag.py took 0.064 seconds
[2023-04-28T18:18:50.331-0300] {processor.py:153} INFO - Started process (PID=6233) to work on /home/lcscarv/projetos/indicium/desafio_5/.venv/lib/python3.8/site-packages/airflow/example_dags/example_external_task_marker_dag.py
[2023-04-28T18:18:50.360-0300] {processor.py:743} INFO - Processing file /home/lcscarv/projetos/indicium/desafio_5/.venv/lib/python3.8/site-packages/airflow/example_dags/example_external_task_marker_dag.py for tasks to queue
[2023-04-28T18:18:50.360-0300] {logging_mixin.py:137} INFO - [2023-04-28T18:18:50.360-0300] {dagbag.py:532} INFO - Filling up the DagBag from /home/lcscarv/projetos/indicium/desafio_5/.venv/lib/python3.8/site-packages/airflow/example_dags/example_external_task_marker_dag.py
[2023-04-28T18:18:50.371-0300] {processor.py:753} INFO - DAG(s) dict_keys(['example_external_task_marker_child', 'example_external_task_marker_parent']) retrieved from /home/lcscarv/projetos/indicium/desafio_5/.venv/lib/python3.8/site-packages/airflow/example_dags/example_external_task_marker_dag.py
[2023-04-28T18:18:50.390-0300] {logging_mixin.py:137} INFO - [2023-04-28T18:18:50.390-0300] {dag.py:2705} INFO - Sync 2 DAGs
[2023-04-28T18:18:50.403-0300] {logging_mixin.py:137} INFO - [2023-04-28T18:18:50.403-0300] {dag.py:3452} INFO - Setting next_dagrun for example_external_task_marker_child to None, run_after=None
[2023-04-28T18:18:50.405-0300] {logging_mixin.py:137} INFO - [2023-04-28T18:18:50.405-0300] {dag.py:3452} INFO - Setting next_dagrun for example_external_task_marker_parent to None, run_after=None
[2023-04-28T18:18:50.453-0300] {processor.py:175} INFO - Processing /home/lcscarv/projetos/indicium/desafio_5/.venv/lib/python3.8/site-packages/airflow/example_dags/example_external_task_marker_dag.py took 0.124 seconds
[2023-04-28T18:19:35.519-0300] {processor.py:153} INFO - Started process (PID=6274) to work on /home/lcscarv/projetos/indicium/desafio_5/.venv/lib/python3.8/site-packages/airflow/example_dags/example_external_task_marker_dag.py
[2023-04-28T18:19:35.520-0300] {processor.py:743} INFO - Processing file /home/lcscarv/projetos/indicium/desafio_5/.venv/lib/python3.8/site-packages/airflow/example_dags/example_external_task_marker_dag.py for tasks to queue
[2023-04-28T18:19:35.521-0300] {logging_mixin.py:137} INFO - [2023-04-28T18:19:35.521-0300] {dagbag.py:532} INFO - Filling up the DagBag from /home/lcscarv/projetos/indicium/desafio_5/.venv/lib/python3.8/site-packages/airflow/example_dags/example_external_task_marker_dag.py
[2023-04-28T18:19:35.529-0300] {processor.py:753} INFO - DAG(s) dict_keys(['example_external_task_marker_parent', 'example_external_task_marker_child']) retrieved from /home/lcscarv/projetos/indicium/desafio_5/.venv/lib/python3.8/site-packages/airflow/example_dags/example_external_task_marker_dag.py
[2023-04-28T18:19:35.544-0300] {logging_mixin.py:137} INFO - [2023-04-28T18:19:35.544-0300] {dag.py:2705} INFO - Sync 2 DAGs
[2023-04-28T18:19:35.559-0300] {logging_mixin.py:137} INFO - [2023-04-28T18:19:35.559-0300] {dag.py:3452} INFO - Setting next_dagrun for example_external_task_marker_child to None, run_after=None
[2023-04-28T18:19:35.563-0300] {logging_mixin.py:137} INFO - [2023-04-28T18:19:35.562-0300] {dag.py:3452} INFO - Setting next_dagrun for example_external_task_marker_parent to None, run_after=None
[2023-04-28T18:19:35.647-0300] {processor.py:175} INFO - Processing /home/lcscarv/projetos/indicium/desafio_5/.venv/lib/python3.8/site-packages/airflow/example_dags/example_external_task_marker_dag.py took 0.130 seconds
[2023-04-28T18:20:24.990-0300] {processor.py:153} INFO - Started process (PID=6370) to work on /home/lcscarv/projetos/indicium/desafio_5/.venv/lib/python3.8/site-packages/airflow/example_dags/example_external_task_marker_dag.py
[2023-04-28T18:20:24.991-0300] {processor.py:743} INFO - Processing file /home/lcscarv/projetos/indicium/desafio_5/.venv/lib/python3.8/site-packages/airflow/example_dags/example_external_task_marker_dag.py for tasks to queue
[2023-04-28T18:20:24.992-0300] {logging_mixin.py:137} INFO - [2023-04-28T18:20:24.992-0300] {dagbag.py:532} INFO - Filling up the DagBag from /home/lcscarv/projetos/indicium/desafio_5/.venv/lib/python3.8/site-packages/airflow/example_dags/example_external_task_marker_dag.py
[2023-04-28T18:20:25.001-0300] {processor.py:753} INFO - DAG(s) dict_keys(['example_external_task_marker_child', 'example_external_task_marker_parent']) retrieved from /home/lcscarv/projetos/indicium/desafio_5/.venv/lib/python3.8/site-packages/airflow/example_dags/example_external_task_marker_dag.py
[2023-04-28T18:20:25.021-0300] {logging_mixin.py:137} INFO - [2023-04-28T18:20:25.021-0300] {dag.py:2705} INFO - Sync 2 DAGs
[2023-04-28T18:20:25.090-0300] {logging_mixin.py:137} INFO - [2023-04-28T18:20:25.090-0300] {dag.py:3452} INFO - Setting next_dagrun for example_external_task_marker_child to None, run_after=None
[2023-04-28T18:20:25.092-0300] {logging_mixin.py:137} INFO - [2023-04-28T18:20:25.092-0300] {dag.py:3452} INFO - Setting next_dagrun for example_external_task_marker_parent to None, run_after=None
[2023-04-28T18:20:25.199-0300] {processor.py:175} INFO - Processing /home/lcscarv/projetos/indicium/desafio_5/.venv/lib/python3.8/site-packages/airflow/example_dags/example_external_task_marker_dag.py took 0.211 seconds
[2023-04-28T18:21:13.155-0300] {processor.py:153} INFO - Started process (PID=6415) to work on /home/lcscarv/projetos/indicium/desafio_5/.venv/lib/python3.8/site-packages/airflow/example_dags/example_external_task_marker_dag.py
[2023-04-28T18:21:13.156-0300] {processor.py:743} INFO - Processing file /home/lcscarv/projetos/indicium/desafio_5/.venv/lib/python3.8/site-packages/airflow/example_dags/example_external_task_marker_dag.py for tasks to queue
[2023-04-28T18:21:13.157-0300] {logging_mixin.py:137} INFO - [2023-04-28T18:21:13.157-0300] {dagbag.py:532} INFO - Filling up the DagBag from /home/lcscarv/projetos/indicium/desafio_5/.venv/lib/python3.8/site-packages/airflow/example_dags/example_external_task_marker_dag.py
[2023-04-28T18:21:13.169-0300] {processor.py:753} INFO - DAG(s) dict_keys(['example_external_task_marker_parent', 'example_external_task_marker_child']) retrieved from /home/lcscarv/projetos/indicium/desafio_5/.venv/lib/python3.8/site-packages/airflow/example_dags/example_external_task_marker_dag.py
[2023-04-28T18:21:13.263-0300] {logging_mixin.py:137} INFO - [2023-04-28T18:21:13.262-0300] {dag.py:2705} INFO - Sync 2 DAGs
[2023-04-28T18:21:13.279-0300] {logging_mixin.py:137} INFO - [2023-04-28T18:21:13.279-0300] {dag.py:3452} INFO - Setting next_dagrun for example_external_task_marker_child to None, run_after=None
[2023-04-28T18:21:13.282-0300] {logging_mixin.py:137} INFO - [2023-04-28T18:21:13.282-0300] {dag.py:3452} INFO - Setting next_dagrun for example_external_task_marker_parent to None, run_after=None
[2023-04-28T18:21:13.302-0300] {processor.py:175} INFO - Processing /home/lcscarv/projetos/indicium/desafio_5/.venv/lib/python3.8/site-packages/airflow/example_dags/example_external_task_marker_dag.py took 0.150 seconds
