[2023-04-28T18:00:24.601-0300] {processor.py:153} INFO - Started process (PID=4539) to work on /home/lcscarv/projetos/indicium/desafio_5/.venv/lib/python3.8/site-packages/airflow/example_dags/example_nested_branch_dag.py
[2023-04-28T18:00:24.601-0300] {processor.py:743} INFO - Processing file /home/lcscarv/projetos/indicium/desafio_5/.venv/lib/python3.8/site-packages/airflow/example_dags/example_nested_branch_dag.py for tasks to queue
[2023-04-28T18:00:24.602-0300] {logging_mixin.py:137} INFO - [2023-04-28T18:00:24.602-0300] {dagbag.py:532} INFO - Filling up the DagBag from /home/lcscarv/projetos/indicium/desafio_5/.venv/lib/python3.8/site-packages/airflow/example_dags/example_nested_branch_dag.py
[2023-04-28T18:00:24.617-0300] {processor.py:753} INFO - DAG(s) dict_keys(['example_nested_branch_dag']) retrieved from /home/lcscarv/projetos/indicium/desafio_5/.venv/lib/python3.8/site-packages/airflow/example_dags/example_nested_branch_dag.py
[2023-04-28T18:00:24.631-0300] {logging_mixin.py:137} INFO - [2023-04-28T18:00:24.631-0300] {dag.py:2705} INFO - Sync 1 DAGs
[2023-04-28T18:00:24.647-0300] {logging_mixin.py:137} INFO - [2023-04-28T18:00:24.647-0300] {dag.py:3452} INFO - Setting next_dagrun for example_nested_branch_dag to 2023-04-27T00:00:00+00:00, run_after=2023-04-28T00:00:00+00:00
[2023-04-28T18:00:26.175-0300] {processor.py:175} INFO - Processing /home/lcscarv/projetos/indicium/desafio_5/.venv/lib/python3.8/site-packages/airflow/example_dags/example_nested_branch_dag.py took 1.577 seconds
[2023-04-28T18:01:07.436-0300] {processor.py:153} INFO - Started process (PID=4634) to work on /home/lcscarv/projetos/indicium/desafio_5/.venv/lib/python3.8/site-packages/airflow/example_dags/example_nested_branch_dag.py
[2023-04-28T18:01:07.439-0300] {processor.py:743} INFO - Processing file /home/lcscarv/projetos/indicium/desafio_5/.venv/lib/python3.8/site-packages/airflow/example_dags/example_nested_branch_dag.py for tasks to queue
[2023-04-28T18:01:07.440-0300] {logging_mixin.py:137} INFO - [2023-04-28T18:01:07.440-0300] {dagbag.py:532} INFO - Filling up the DagBag from /home/lcscarv/projetos/indicium/desafio_5/.venv/lib/python3.8/site-packages/airflow/example_dags/example_nested_branch_dag.py
[2023-04-28T18:01:07.460-0300] {processor.py:753} INFO - DAG(s) dict_keys(['example_nested_branch_dag']) retrieved from /home/lcscarv/projetos/indicium/desafio_5/.venv/lib/python3.8/site-packages/airflow/example_dags/example_nested_branch_dag.py
[2023-04-28T18:01:07.474-0300] {logging_mixin.py:137} INFO - [2023-04-28T18:01:07.474-0300] {dag.py:2705} INFO - Sync 1 DAGs
[2023-04-28T18:01:07.488-0300] {logging_mixin.py:137} INFO - [2023-04-28T18:01:07.488-0300] {dag.py:3452} INFO - Setting next_dagrun for example_nested_branch_dag to 2023-04-27T00:00:00+00:00, run_after=2023-04-28T00:00:00+00:00
[2023-04-28T18:01:07.508-0300] {processor.py:175} INFO - Processing /home/lcscarv/projetos/indicium/desafio_5/.venv/lib/python3.8/site-packages/airflow/example_dags/example_nested_branch_dag.py took 0.074 seconds
[2023-04-28T18:01:51.925-0300] {processor.py:153} INFO - Started process (PID=4676) to work on /home/lcscarv/projetos/indicium/desafio_5/.venv/lib/python3.8/site-packages/airflow/example_dags/example_nested_branch_dag.py
[2023-04-28T18:01:51.926-0300] {processor.py:743} INFO - Processing file /home/lcscarv/projetos/indicium/desafio_5/.venv/lib/python3.8/site-packages/airflow/example_dags/example_nested_branch_dag.py for tasks to queue
[2023-04-28T18:01:51.927-0300] {logging_mixin.py:137} INFO - [2023-04-28T18:01:51.927-0300] {dagbag.py:532} INFO - Filling up the DagBag from /home/lcscarv/projetos/indicium/desafio_5/.venv/lib/python3.8/site-packages/airflow/example_dags/example_nested_branch_dag.py
[2023-04-28T18:01:51.949-0300] {processor.py:753} INFO - DAG(s) dict_keys(['example_nested_branch_dag']) retrieved from /home/lcscarv/projetos/indicium/desafio_5/.venv/lib/python3.8/site-packages/airflow/example_dags/example_nested_branch_dag.py
[2023-04-28T18:01:51.968-0300] {logging_mixin.py:137} INFO - [2023-04-28T18:01:51.968-0300] {dag.py:2705} INFO - Sync 1 DAGs
[2023-04-28T18:01:51.987-0300] {logging_mixin.py:137} INFO - [2023-04-28T18:01:51.987-0300] {dag.py:3452} INFO - Setting next_dagrun for example_nested_branch_dag to 2023-04-27T00:00:00+00:00, run_after=2023-04-28T00:00:00+00:00
[2023-04-28T18:01:52.009-0300] {processor.py:175} INFO - Processing /home/lcscarv/projetos/indicium/desafio_5/.venv/lib/python3.8/site-packages/airflow/example_dags/example_nested_branch_dag.py took 0.087 seconds
[2023-04-28T18:02:44.671-0300] {processor.py:153} INFO - Started process (PID=4767) to work on /home/lcscarv/projetos/indicium/desafio_5/.venv/lib/python3.8/site-packages/airflow/example_dags/example_nested_branch_dag.py
[2023-04-28T18:02:44.676-0300] {processor.py:743} INFO - Processing file /home/lcscarv/projetos/indicium/desafio_5/.venv/lib/python3.8/site-packages/airflow/example_dags/example_nested_branch_dag.py for tasks to queue
[2023-04-28T18:02:44.677-0300] {logging_mixin.py:137} INFO - [2023-04-28T18:02:44.677-0300] {dagbag.py:532} INFO - Filling up the DagBag from /home/lcscarv/projetos/indicium/desafio_5/.venv/lib/python3.8/site-packages/airflow/example_dags/example_nested_branch_dag.py
[2023-04-28T18:02:44.736-0300] {processor.py:753} INFO - DAG(s) dict_keys(['example_nested_branch_dag']) retrieved from /home/lcscarv/projetos/indicium/desafio_5/.venv/lib/python3.8/site-packages/airflow/example_dags/example_nested_branch_dag.py
[2023-04-28T18:02:44.785-0300] {logging_mixin.py:137} INFO - [2023-04-28T18:02:44.784-0300] {dag.py:2705} INFO - Sync 1 DAGs
[2023-04-28T18:02:44.835-0300] {logging_mixin.py:137} INFO - [2023-04-28T18:02:44.835-0300] {dag.py:3452} INFO - Setting next_dagrun for example_nested_branch_dag to 2023-04-27T00:00:00+00:00, run_after=2023-04-28T00:00:00+00:00
[2023-04-28T18:02:44.882-0300] {processor.py:175} INFO - Processing /home/lcscarv/projetos/indicium/desafio_5/.venv/lib/python3.8/site-packages/airflow/example_dags/example_nested_branch_dag.py took 0.217 seconds
[2023-04-28T18:03:29.710-0300] {processor.py:153} INFO - Started process (PID=4855) to work on /home/lcscarv/projetos/indicium/desafio_5/.venv/lib/python3.8/site-packages/airflow/example_dags/example_nested_branch_dag.py
[2023-04-28T18:03:29.711-0300] {processor.py:743} INFO - Processing file /home/lcscarv/projetos/indicium/desafio_5/.venv/lib/python3.8/site-packages/airflow/example_dags/example_nested_branch_dag.py for tasks to queue
[2023-04-28T18:03:29.712-0300] {logging_mixin.py:137} INFO - [2023-04-28T18:03:29.712-0300] {dagbag.py:532} INFO - Filling up the DagBag from /home/lcscarv/projetos/indicium/desafio_5/.venv/lib/python3.8/site-packages/airflow/example_dags/example_nested_branch_dag.py
[2023-04-28T18:03:29.727-0300] {processor.py:753} INFO - DAG(s) dict_keys(['example_nested_branch_dag']) retrieved from /home/lcscarv/projetos/indicium/desafio_5/.venv/lib/python3.8/site-packages/airflow/example_dags/example_nested_branch_dag.py
[2023-04-28T18:03:29.739-0300] {logging_mixin.py:137} INFO - [2023-04-28T18:03:29.739-0300] {dag.py:2705} INFO - Sync 1 DAGs
[2023-04-28T18:03:29.752-0300] {logging_mixin.py:137} INFO - [2023-04-28T18:03:29.752-0300] {dag.py:3452} INFO - Setting next_dagrun for example_nested_branch_dag to 2023-04-27T00:00:00+00:00, run_after=2023-04-28T00:00:00+00:00
[2023-04-28T18:03:29.771-0300] {processor.py:175} INFO - Processing /home/lcscarv/projetos/indicium/desafio_5/.venv/lib/python3.8/site-packages/airflow/example_dags/example_nested_branch_dag.py took 0.064 seconds
[2023-04-28T18:04:11.596-0300] {processor.py:153} INFO - Started process (PID=4897) to work on /home/lcscarv/projetos/indicium/desafio_5/.venv/lib/python3.8/site-packages/airflow/example_dags/example_nested_branch_dag.py
[2023-04-28T18:04:11.597-0300] {processor.py:743} INFO - Processing file /home/lcscarv/projetos/indicium/desafio_5/.venv/lib/python3.8/site-packages/airflow/example_dags/example_nested_branch_dag.py for tasks to queue
[2023-04-28T18:04:11.598-0300] {logging_mixin.py:137} INFO - [2023-04-28T18:04:11.598-0300] {dagbag.py:532} INFO - Filling up the DagBag from /home/lcscarv/projetos/indicium/desafio_5/.venv/lib/python3.8/site-packages/airflow/example_dags/example_nested_branch_dag.py
[2023-04-28T18:04:11.613-0300] {processor.py:753} INFO - DAG(s) dict_keys(['example_nested_branch_dag']) retrieved from /home/lcscarv/projetos/indicium/desafio_5/.venv/lib/python3.8/site-packages/airflow/example_dags/example_nested_branch_dag.py
[2023-04-28T18:04:11.627-0300] {logging_mixin.py:137} INFO - [2023-04-28T18:04:11.626-0300] {dag.py:2705} INFO - Sync 1 DAGs
[2023-04-28T18:04:11.639-0300] {logging_mixin.py:137} INFO - [2023-04-28T18:04:11.639-0300] {dag.py:3452} INFO - Setting next_dagrun for example_nested_branch_dag to 2023-04-27T00:00:00+00:00, run_after=2023-04-28T00:00:00+00:00
[2023-04-28T18:04:11.657-0300] {processor.py:175} INFO - Processing /home/lcscarv/projetos/indicium/desafio_5/.venv/lib/python3.8/site-packages/airflow/example_dags/example_nested_branch_dag.py took 0.063 seconds
[2023-04-28T18:04:48.915-0300] {processor.py:153} INFO - Started process (PID=4985) to work on /home/lcscarv/projetos/indicium/desafio_5/.venv/lib/python3.8/site-packages/airflow/example_dags/example_nested_branch_dag.py
[2023-04-28T18:04:48.916-0300] {processor.py:743} INFO - Processing file /home/lcscarv/projetos/indicium/desafio_5/.venv/lib/python3.8/site-packages/airflow/example_dags/example_nested_branch_dag.py for tasks to queue
[2023-04-28T18:04:48.916-0300] {logging_mixin.py:137} INFO - [2023-04-28T18:04:48.916-0300] {dagbag.py:532} INFO - Filling up the DagBag from /home/lcscarv/projetos/indicium/desafio_5/.venv/lib/python3.8/site-packages/airflow/example_dags/example_nested_branch_dag.py
[2023-04-28T18:04:48.934-0300] {processor.py:753} INFO - DAG(s) dict_keys(['example_nested_branch_dag']) retrieved from /home/lcscarv/projetos/indicium/desafio_5/.venv/lib/python3.8/site-packages/airflow/example_dags/example_nested_branch_dag.py
[2023-04-28T18:04:48.947-0300] {logging_mixin.py:137} INFO - [2023-04-28T18:04:48.947-0300] {dag.py:2705} INFO - Sync 1 DAGs
[2023-04-28T18:04:48.959-0300] {logging_mixin.py:137} INFO - [2023-04-28T18:04:48.959-0300] {dag.py:3452} INFO - Setting next_dagrun for example_nested_branch_dag to 2023-04-27T00:00:00+00:00, run_after=2023-04-28T00:00:00+00:00
[2023-04-28T18:04:48.976-0300] {processor.py:175} INFO - Processing /home/lcscarv/projetos/indicium/desafio_5/.venv/lib/python3.8/site-packages/airflow/example_dags/example_nested_branch_dag.py took 0.064 seconds
[2023-04-28T18:05:30.914-0300] {processor.py:153} INFO - Started process (PID=5079) to work on /home/lcscarv/projetos/indicium/desafio_5/.venv/lib/python3.8/site-packages/airflow/example_dags/example_nested_branch_dag.py
[2023-04-28T18:05:30.915-0300] {processor.py:743} INFO - Processing file /home/lcscarv/projetos/indicium/desafio_5/.venv/lib/python3.8/site-packages/airflow/example_dags/example_nested_branch_dag.py for tasks to queue
[2023-04-28T18:05:30.916-0300] {logging_mixin.py:137} INFO - [2023-04-28T18:05:30.916-0300] {dagbag.py:532} INFO - Filling up the DagBag from /home/lcscarv/projetos/indicium/desafio_5/.venv/lib/python3.8/site-packages/airflow/example_dags/example_nested_branch_dag.py
[2023-04-28T18:05:30.933-0300] {processor.py:753} INFO - DAG(s) dict_keys(['example_nested_branch_dag']) retrieved from /home/lcscarv/projetos/indicium/desafio_5/.venv/lib/python3.8/site-packages/airflow/example_dags/example_nested_branch_dag.py
[2023-04-28T18:05:30.949-0300] {logging_mixin.py:137} INFO - [2023-04-28T18:05:30.949-0300] {dag.py:2705} INFO - Sync 1 DAGs
[2023-04-28T18:05:30.965-0300] {logging_mixin.py:137} INFO - [2023-04-28T18:05:30.965-0300] {dag.py:3452} INFO - Setting next_dagrun for example_nested_branch_dag to 2023-04-27T00:00:00+00:00, run_after=2023-04-28T00:00:00+00:00
[2023-04-28T18:05:30.987-0300] {processor.py:175} INFO - Processing /home/lcscarv/projetos/indicium/desafio_5/.venv/lib/python3.8/site-packages/airflow/example_dags/example_nested_branch_dag.py took 0.074 seconds
[2023-04-28T18:06:13.389-0300] {processor.py:153} INFO - Started process (PID=5123) to work on /home/lcscarv/projetos/indicium/desafio_5/.venv/lib/python3.8/site-packages/airflow/example_dags/example_nested_branch_dag.py
[2023-04-28T18:06:13.390-0300] {processor.py:743} INFO - Processing file /home/lcscarv/projetos/indicium/desafio_5/.venv/lib/python3.8/site-packages/airflow/example_dags/example_nested_branch_dag.py for tasks to queue
[2023-04-28T18:06:13.391-0300] {logging_mixin.py:137} INFO - [2023-04-28T18:06:13.391-0300] {dagbag.py:532} INFO - Filling up the DagBag from /home/lcscarv/projetos/indicium/desafio_5/.venv/lib/python3.8/site-packages/airflow/example_dags/example_nested_branch_dag.py
[2023-04-28T18:06:13.406-0300] {processor.py:753} INFO - DAG(s) dict_keys(['example_nested_branch_dag']) retrieved from /home/lcscarv/projetos/indicium/desafio_5/.venv/lib/python3.8/site-packages/airflow/example_dags/example_nested_branch_dag.py
[2023-04-28T18:06:13.419-0300] {logging_mixin.py:137} INFO - [2023-04-28T18:06:13.418-0300] {dag.py:2705} INFO - Sync 1 DAGs
[2023-04-28T18:06:13.431-0300] {logging_mixin.py:137} INFO - [2023-04-28T18:06:13.431-0300] {dag.py:3452} INFO - Setting next_dagrun for example_nested_branch_dag to 2023-04-27T00:00:00+00:00, run_after=2023-04-28T00:00:00+00:00
[2023-04-28T18:06:13.449-0300] {processor.py:175} INFO - Processing /home/lcscarv/projetos/indicium/desafio_5/.venv/lib/python3.8/site-packages/airflow/example_dags/example_nested_branch_dag.py took 0.062 seconds
[2023-04-28T18:06:48.728-0300] {processor.py:153} INFO - Started process (PID=5158) to work on /home/lcscarv/projetos/indicium/desafio_5/.venv/lib/python3.8/site-packages/airflow/example_dags/example_nested_branch_dag.py
[2023-04-28T18:06:48.729-0300] {processor.py:743} INFO - Processing file /home/lcscarv/projetos/indicium/desafio_5/.venv/lib/python3.8/site-packages/airflow/example_dags/example_nested_branch_dag.py for tasks to queue
[2023-04-28T18:06:48.730-0300] {logging_mixin.py:137} INFO - [2023-04-28T18:06:48.730-0300] {dagbag.py:532} INFO - Filling up the DagBag from /home/lcscarv/projetos/indicium/desafio_5/.venv/lib/python3.8/site-packages/airflow/example_dags/example_nested_branch_dag.py
[2023-04-28T18:06:48.772-0300] {processor.py:753} INFO - DAG(s) dict_keys(['example_nested_branch_dag']) retrieved from /home/lcscarv/projetos/indicium/desafio_5/.venv/lib/python3.8/site-packages/airflow/example_dags/example_nested_branch_dag.py
[2023-04-28T18:06:48.797-0300] {logging_mixin.py:137} INFO - [2023-04-28T18:06:48.797-0300] {dag.py:2705} INFO - Sync 1 DAGs
[2023-04-28T18:06:48.820-0300] {logging_mixin.py:137} INFO - [2023-04-28T18:06:48.820-0300] {dag.py:3452} INFO - Setting next_dagrun for example_nested_branch_dag to 2023-04-27T00:00:00+00:00, run_after=2023-04-28T00:00:00+00:00
[2023-04-28T18:06:48.858-0300] {processor.py:175} INFO - Processing /home/lcscarv/projetos/indicium/desafio_5/.venv/lib/python3.8/site-packages/airflow/example_dags/example_nested_branch_dag.py took 0.134 seconds
[2023-04-28T18:07:40.661-0300] {processor.py:153} INFO - Started process (PID=5297) to work on /home/lcscarv/projetos/indicium/desafio_5/.venv/lib/python3.8/site-packages/airflow/example_dags/example_nested_branch_dag.py
[2023-04-28T18:07:40.780-0300] {processor.py:743} INFO - Processing file /home/lcscarv/projetos/indicium/desafio_5/.venv/lib/python3.8/site-packages/airflow/example_dags/example_nested_branch_dag.py for tasks to queue
[2023-04-28T18:07:40.782-0300] {logging_mixin.py:137} INFO - [2023-04-28T18:07:40.782-0300] {dagbag.py:532} INFO - Filling up the DagBag from /home/lcscarv/projetos/indicium/desafio_5/.venv/lib/python3.8/site-packages/airflow/example_dags/example_nested_branch_dag.py
[2023-04-28T18:07:40.805-0300] {processor.py:753} INFO - DAG(s) dict_keys(['example_nested_branch_dag']) retrieved from /home/lcscarv/projetos/indicium/desafio_5/.venv/lib/python3.8/site-packages/airflow/example_dags/example_nested_branch_dag.py
[2023-04-28T18:07:40.818-0300] {logging_mixin.py:137} INFO - [2023-04-28T18:07:40.818-0300] {dag.py:2705} INFO - Sync 1 DAGs
[2023-04-28T18:07:40.831-0300] {logging_mixin.py:137} INFO - [2023-04-28T18:07:40.831-0300] {dag.py:3452} INFO - Setting next_dagrun for example_nested_branch_dag to 2023-04-27T00:00:00+00:00, run_after=2023-04-28T00:00:00+00:00
[2023-04-28T18:07:41.328-0300] {processor.py:175} INFO - Processing /home/lcscarv/projetos/indicium/desafio_5/.venv/lib/python3.8/site-packages/airflow/example_dags/example_nested_branch_dag.py took 0.674 seconds
[2023-04-28T18:08:30.654-0300] {processor.py:153} INFO - Started process (PID=5389) to work on /home/lcscarv/projetos/indicium/desafio_5/.venv/lib/python3.8/site-packages/airflow/example_dags/example_nested_branch_dag.py
[2023-04-28T18:08:30.711-0300] {processor.py:743} INFO - Processing file /home/lcscarv/projetos/indicium/desafio_5/.venv/lib/python3.8/site-packages/airflow/example_dags/example_nested_branch_dag.py for tasks to queue
[2023-04-28T18:08:30.713-0300] {logging_mixin.py:137} INFO - [2023-04-28T18:08:30.713-0300] {dagbag.py:532} INFO - Filling up the DagBag from /home/lcscarv/projetos/indicium/desafio_5/.venv/lib/python3.8/site-packages/airflow/example_dags/example_nested_branch_dag.py
[2023-04-28T18:08:30.737-0300] {processor.py:753} INFO - DAG(s) dict_keys(['example_nested_branch_dag']) retrieved from /home/lcscarv/projetos/indicium/desafio_5/.venv/lib/python3.8/site-packages/airflow/example_dags/example_nested_branch_dag.py
[2023-04-28T18:08:30.751-0300] {logging_mixin.py:137} INFO - [2023-04-28T18:08:30.751-0300] {dag.py:2705} INFO - Sync 1 DAGs
[2023-04-28T18:08:30.765-0300] {logging_mixin.py:137} INFO - [2023-04-28T18:08:30.765-0300] {dag.py:3452} INFO - Setting next_dagrun for example_nested_branch_dag to 2023-04-27T00:00:00+00:00, run_after=2023-04-28T00:00:00+00:00
[2023-04-28T18:08:30.958-0300] {processor.py:175} INFO - Processing /home/lcscarv/projetos/indicium/desafio_5/.venv/lib/python3.8/site-packages/airflow/example_dags/example_nested_branch_dag.py took 0.306 seconds
[2023-04-28T18:09:17.158-0300] {processor.py:153} INFO - Started process (PID=5484) to work on /home/lcscarv/projetos/indicium/desafio_5/.venv/lib/python3.8/site-packages/airflow/example_dags/example_nested_branch_dag.py
[2023-04-28T18:09:17.159-0300] {processor.py:743} INFO - Processing file /home/lcscarv/projetos/indicium/desafio_5/.venv/lib/python3.8/site-packages/airflow/example_dags/example_nested_branch_dag.py for tasks to queue
[2023-04-28T18:09:17.159-0300] {logging_mixin.py:137} INFO - [2023-04-28T18:09:17.159-0300] {dagbag.py:532} INFO - Filling up the DagBag from /home/lcscarv/projetos/indicium/desafio_5/.venv/lib/python3.8/site-packages/airflow/example_dags/example_nested_branch_dag.py
[2023-04-28T18:09:17.177-0300] {processor.py:753} INFO - DAG(s) dict_keys(['example_nested_branch_dag']) retrieved from /home/lcscarv/projetos/indicium/desafio_5/.venv/lib/python3.8/site-packages/airflow/example_dags/example_nested_branch_dag.py
[2023-04-28T18:09:17.191-0300] {logging_mixin.py:137} INFO - [2023-04-28T18:09:17.191-0300] {dag.py:2705} INFO - Sync 1 DAGs
[2023-04-28T18:09:17.206-0300] {logging_mixin.py:137} INFO - [2023-04-28T18:09:17.206-0300] {dag.py:3452} INFO - Setting next_dagrun for example_nested_branch_dag to 2023-04-27T00:00:00+00:00, run_after=2023-04-28T00:00:00+00:00
[2023-04-28T18:09:17.232-0300] {processor.py:175} INFO - Processing /home/lcscarv/projetos/indicium/desafio_5/.venv/lib/python3.8/site-packages/airflow/example_dags/example_nested_branch_dag.py took 0.076 seconds
[2023-04-28T18:10:06.840-0300] {processor.py:153} INFO - Started process (PID=5526) to work on /home/lcscarv/projetos/indicium/desafio_5/.venv/lib/python3.8/site-packages/airflow/example_dags/example_nested_branch_dag.py
[2023-04-28T18:10:06.841-0300] {processor.py:743} INFO - Processing file /home/lcscarv/projetos/indicium/desafio_5/.venv/lib/python3.8/site-packages/airflow/example_dags/example_nested_branch_dag.py for tasks to queue
[2023-04-28T18:10:06.842-0300] {logging_mixin.py:137} INFO - [2023-04-28T18:10:06.842-0300] {dagbag.py:532} INFO - Filling up the DagBag from /home/lcscarv/projetos/indicium/desafio_5/.venv/lib/python3.8/site-packages/airflow/example_dags/example_nested_branch_dag.py
[2023-04-28T18:10:06.859-0300] {processor.py:753} INFO - DAG(s) dict_keys(['example_nested_branch_dag']) retrieved from /home/lcscarv/projetos/indicium/desafio_5/.venv/lib/python3.8/site-packages/airflow/example_dags/example_nested_branch_dag.py
[2023-04-28T18:10:06.873-0300] {logging_mixin.py:137} INFO - [2023-04-28T18:10:06.873-0300] {dag.py:2705} INFO - Sync 1 DAGs
[2023-04-28T18:10:06.887-0300] {logging_mixin.py:137} INFO - [2023-04-28T18:10:06.887-0300] {dag.py:3452} INFO - Setting next_dagrun for example_nested_branch_dag to 2023-04-27T00:00:00+00:00, run_after=2023-04-28T00:00:00+00:00
[2023-04-28T18:10:06.908-0300] {processor.py:175} INFO - Processing /home/lcscarv/projetos/indicium/desafio_5/.venv/lib/python3.8/site-packages/airflow/example_dags/example_nested_branch_dag.py took 0.070 seconds
[2023-04-28T18:10:40.603-0300] {processor.py:153} INFO - Started process (PID=5660) to work on /home/lcscarv/projetos/indicium/desafio_5/.venv/lib/python3.8/site-packages/airflow/example_dags/example_nested_branch_dag.py
[2023-04-28T18:10:40.654-0300] {processor.py:743} INFO - Processing file /home/lcscarv/projetos/indicium/desafio_5/.venv/lib/python3.8/site-packages/airflow/example_dags/example_nested_branch_dag.py for tasks to queue
[2023-04-28T18:10:40.655-0300] {logging_mixin.py:137} INFO - [2023-04-28T18:10:40.655-0300] {dagbag.py:532} INFO - Filling up the DagBag from /home/lcscarv/projetos/indicium/desafio_5/.venv/lib/python3.8/site-packages/airflow/example_dags/example_nested_branch_dag.py
[2023-04-28T18:10:40.676-0300] {processor.py:753} INFO - DAG(s) dict_keys(['example_nested_branch_dag']) retrieved from /home/lcscarv/projetos/indicium/desafio_5/.venv/lib/python3.8/site-packages/airflow/example_dags/example_nested_branch_dag.py
[2023-04-28T18:10:40.689-0300] {logging_mixin.py:137} INFO - [2023-04-28T18:10:40.689-0300] {dag.py:2705} INFO - Sync 1 DAGs
[2023-04-28T18:10:40.837-0300] {logging_mixin.py:137} INFO - [2023-04-28T18:10:40.837-0300] {dag.py:3452} INFO - Setting next_dagrun for example_nested_branch_dag to 2023-04-27T00:00:00+00:00, run_after=2023-04-28T00:00:00+00:00
[2023-04-28T18:10:41.802-0300] {processor.py:175} INFO - Processing /home/lcscarv/projetos/indicium/desafio_5/.venv/lib/python3.8/site-packages/airflow/example_dags/example_nested_branch_dag.py took 1.200 seconds
[2023-04-28T18:11:22.490-0300] {processor.py:153} INFO - Started process (PID=5747) to work on /home/lcscarv/projetos/indicium/desafio_5/.venv/lib/python3.8/site-packages/airflow/example_dags/example_nested_branch_dag.py
[2023-04-28T18:11:22.492-0300] {processor.py:743} INFO - Processing file /home/lcscarv/projetos/indicium/desafio_5/.venv/lib/python3.8/site-packages/airflow/example_dags/example_nested_branch_dag.py for tasks to queue
[2023-04-28T18:11:22.492-0300] {logging_mixin.py:137} INFO - [2023-04-28T18:11:22.492-0300] {dagbag.py:532} INFO - Filling up the DagBag from /home/lcscarv/projetos/indicium/desafio_5/.venv/lib/python3.8/site-packages/airflow/example_dags/example_nested_branch_dag.py
[2023-04-28T18:11:22.514-0300] {processor.py:753} INFO - DAG(s) dict_keys(['example_nested_branch_dag']) retrieved from /home/lcscarv/projetos/indicium/desafio_5/.venv/lib/python3.8/site-packages/airflow/example_dags/example_nested_branch_dag.py
[2023-04-28T18:11:22.530-0300] {logging_mixin.py:137} INFO - [2023-04-28T18:11:22.529-0300] {dag.py:2705} INFO - Sync 1 DAGs
[2023-04-28T18:11:22.550-0300] {logging_mixin.py:137} INFO - [2023-04-28T18:11:22.550-0300] {dag.py:3452} INFO - Setting next_dagrun for example_nested_branch_dag to 2023-04-27T00:00:00+00:00, run_after=2023-04-28T00:00:00+00:00
[2023-04-28T18:11:22.652-0300] {processor.py:175} INFO - Processing /home/lcscarv/projetos/indicium/desafio_5/.venv/lib/python3.8/site-packages/airflow/example_dags/example_nested_branch_dag.py took 0.164 seconds
[2023-04-28T18:12:13.731-0300] {processor.py:153} INFO - Started process (PID=5844) to work on /home/lcscarv/projetos/indicium/desafio_5/.venv/lib/python3.8/site-packages/airflow/example_dags/example_nested_branch_dag.py
[2023-04-28T18:12:13.817-0300] {processor.py:743} INFO - Processing file /home/lcscarv/projetos/indicium/desafio_5/.venv/lib/python3.8/site-packages/airflow/example_dags/example_nested_branch_dag.py for tasks to queue
[2023-04-28T18:12:13.820-0300] {logging_mixin.py:137} INFO - [2023-04-28T18:12:13.819-0300] {dagbag.py:532} INFO - Filling up the DagBag from /home/lcscarv/projetos/indicium/desafio_5/.venv/lib/python3.8/site-packages/airflow/example_dags/example_nested_branch_dag.py
[2023-04-28T18:12:13.839-0300] {processor.py:753} INFO - DAG(s) dict_keys(['example_nested_branch_dag']) retrieved from /home/lcscarv/projetos/indicium/desafio_5/.venv/lib/python3.8/site-packages/airflow/example_dags/example_nested_branch_dag.py
[2023-04-28T18:12:13.853-0300] {logging_mixin.py:137} INFO - [2023-04-28T18:12:13.853-0300] {dag.py:2705} INFO - Sync 1 DAGs
[2023-04-28T18:12:13.865-0300] {logging_mixin.py:137} INFO - [2023-04-28T18:12:13.865-0300] {dag.py:3452} INFO - Setting next_dagrun for example_nested_branch_dag to 2023-04-27T00:00:00+00:00, run_after=2023-04-28T00:00:00+00:00
[2023-04-28T18:12:14.018-0300] {processor.py:175} INFO - Processing /home/lcscarv/projetos/indicium/desafio_5/.venv/lib/python3.8/site-packages/airflow/example_dags/example_nested_branch_dag.py took 0.290 seconds
[2023-04-28T18:13:01.821-0300] {processor.py:153} INFO - Started process (PID=5877) to work on /home/lcscarv/projetos/indicium/desafio_5/.venv/lib/python3.8/site-packages/airflow/example_dags/example_nested_branch_dag.py
[2023-04-28T18:13:01.822-0300] {processor.py:743} INFO - Processing file /home/lcscarv/projetos/indicium/desafio_5/.venv/lib/python3.8/site-packages/airflow/example_dags/example_nested_branch_dag.py for tasks to queue
[2023-04-28T18:13:01.823-0300] {logging_mixin.py:137} INFO - [2023-04-28T18:13:01.822-0300] {dagbag.py:532} INFO - Filling up the DagBag from /home/lcscarv/projetos/indicium/desafio_5/.venv/lib/python3.8/site-packages/airflow/example_dags/example_nested_branch_dag.py
[2023-04-28T18:13:01.841-0300] {processor.py:753} INFO - DAG(s) dict_keys(['example_nested_branch_dag']) retrieved from /home/lcscarv/projetos/indicium/desafio_5/.venv/lib/python3.8/site-packages/airflow/example_dags/example_nested_branch_dag.py
[2023-04-28T18:13:01.857-0300] {logging_mixin.py:137} INFO - [2023-04-28T18:13:01.856-0300] {dag.py:2705} INFO - Sync 1 DAGs
[2023-04-28T18:13:01.871-0300] {logging_mixin.py:137} INFO - [2023-04-28T18:13:01.871-0300] {dag.py:3452} INFO - Setting next_dagrun for example_nested_branch_dag to 2023-04-27T00:00:00+00:00, run_after=2023-04-28T00:00:00+00:00
[2023-04-28T18:13:01.892-0300] {processor.py:175} INFO - Processing /home/lcscarv/projetos/indicium/desafio_5/.venv/lib/python3.8/site-packages/airflow/example_dags/example_nested_branch_dag.py took 0.073 seconds
[2023-04-28T18:13:47.431-0300] {processor.py:153} INFO - Started process (PID=5918) to work on /home/lcscarv/projetos/indicium/desafio_5/.venv/lib/python3.8/site-packages/airflow/example_dags/example_nested_branch_dag.py
[2023-04-28T18:13:47.432-0300] {processor.py:743} INFO - Processing file /home/lcscarv/projetos/indicium/desafio_5/.venv/lib/python3.8/site-packages/airflow/example_dags/example_nested_branch_dag.py for tasks to queue
[2023-04-28T18:13:47.432-0300] {logging_mixin.py:137} INFO - [2023-04-28T18:13:47.432-0300] {dagbag.py:532} INFO - Filling up the DagBag from /home/lcscarv/projetos/indicium/desafio_5/.venv/lib/python3.8/site-packages/airflow/example_dags/example_nested_branch_dag.py
[2023-04-28T18:13:47.452-0300] {processor.py:753} INFO - DAG(s) dict_keys(['example_nested_branch_dag']) retrieved from /home/lcscarv/projetos/indicium/desafio_5/.venv/lib/python3.8/site-packages/airflow/example_dags/example_nested_branch_dag.py
[2023-04-28T18:13:47.468-0300] {logging_mixin.py:137} INFO - [2023-04-28T18:13:47.467-0300] {dag.py:2705} INFO - Sync 1 DAGs
[2023-04-28T18:13:47.488-0300] {logging_mixin.py:137} INFO - [2023-04-28T18:13:47.488-0300] {dag.py:3452} INFO - Setting next_dagrun for example_nested_branch_dag to 2023-04-27T00:00:00+00:00, run_after=2023-04-28T00:00:00+00:00
[2023-04-28T18:13:47.553-0300] {processor.py:175} INFO - Processing /home/lcscarv/projetos/indicium/desafio_5/.venv/lib/python3.8/site-packages/airflow/example_dags/example_nested_branch_dag.py took 0.125 seconds
[2023-04-28T18:14:40.607-0300] {processor.py:153} INFO - Started process (PID=5963) to work on /home/lcscarv/projetos/indicium/desafio_5/.venv/lib/python3.8/site-packages/airflow/example_dags/example_nested_branch_dag.py
[2023-04-28T18:14:40.632-0300] {processor.py:743} INFO - Processing file /home/lcscarv/projetos/indicium/desafio_5/.venv/lib/python3.8/site-packages/airflow/example_dags/example_nested_branch_dag.py for tasks to queue
[2023-04-28T18:14:40.633-0300] {logging_mixin.py:137} INFO - [2023-04-28T18:14:40.633-0300] {dagbag.py:532} INFO - Filling up the DagBag from /home/lcscarv/projetos/indicium/desafio_5/.venv/lib/python3.8/site-packages/airflow/example_dags/example_nested_branch_dag.py
[2023-04-28T18:14:40.652-0300] {processor.py:753} INFO - DAG(s) dict_keys(['example_nested_branch_dag']) retrieved from /home/lcscarv/projetos/indicium/desafio_5/.venv/lib/python3.8/site-packages/airflow/example_dags/example_nested_branch_dag.py
[2023-04-28T18:14:40.664-0300] {logging_mixin.py:137} INFO - [2023-04-28T18:14:40.664-0300] {dag.py:2705} INFO - Sync 1 DAGs
[2023-04-28T18:14:40.678-0300] {logging_mixin.py:137} INFO - [2023-04-28T18:14:40.678-0300] {dag.py:3452} INFO - Setting next_dagrun for example_nested_branch_dag to 2023-04-27T00:00:00+00:00, run_after=2023-04-28T00:00:00+00:00
[2023-04-28T18:14:40.857-0300] {processor.py:175} INFO - Processing /home/lcscarv/projetos/indicium/desafio_5/.venv/lib/python3.8/site-packages/airflow/example_dags/example_nested_branch_dag.py took 0.251 seconds
[2023-04-28T18:15:23.658-0300] {processor.py:153} INFO - Started process (PID=6049) to work on /home/lcscarv/projetos/indicium/desafio_5/.venv/lib/python3.8/site-packages/airflow/example_dags/example_nested_branch_dag.py
[2023-04-28T18:15:23.710-0300] {processor.py:743} INFO - Processing file /home/lcscarv/projetos/indicium/desafio_5/.venv/lib/python3.8/site-packages/airflow/example_dags/example_nested_branch_dag.py for tasks to queue
[2023-04-28T18:15:23.712-0300] {logging_mixin.py:137} INFO - [2023-04-28T18:15:23.711-0300] {dagbag.py:532} INFO - Filling up the DagBag from /home/lcscarv/projetos/indicium/desafio_5/.venv/lib/python3.8/site-packages/airflow/example_dags/example_nested_branch_dag.py
[2023-04-28T18:15:23.737-0300] {processor.py:753} INFO - DAG(s) dict_keys(['example_nested_branch_dag']) retrieved from /home/lcscarv/projetos/indicium/desafio_5/.venv/lib/python3.8/site-packages/airflow/example_dags/example_nested_branch_dag.py
[2023-04-28T18:15:23.752-0300] {logging_mixin.py:137} INFO - [2023-04-28T18:15:23.752-0300] {dag.py:2705} INFO - Sync 1 DAGs
[2023-04-28T18:15:23.825-0300] {logging_mixin.py:137} INFO - [2023-04-28T18:15:23.825-0300] {dag.py:3452} INFO - Setting next_dagrun for example_nested_branch_dag to 2023-04-27T00:00:00+00:00, run_after=2023-04-28T00:00:00+00:00
[2023-04-28T18:15:23.870-0300] {processor.py:175} INFO - Processing /home/lcscarv/projetos/indicium/desafio_5/.venv/lib/python3.8/site-packages/airflow/example_dags/example_nested_branch_dag.py took 0.215 seconds
[2023-04-28T18:16:04.473-0300] {processor.py:153} INFO - Started process (PID=6085) to work on /home/lcscarv/projetos/indicium/desafio_5/.venv/lib/python3.8/site-packages/airflow/example_dags/example_nested_branch_dag.py
[2023-04-28T18:16:04.522-0300] {processor.py:743} INFO - Processing file /home/lcscarv/projetos/indicium/desafio_5/.venv/lib/python3.8/site-packages/airflow/example_dags/example_nested_branch_dag.py for tasks to queue
[2023-04-28T18:16:04.524-0300] {logging_mixin.py:137} INFO - [2023-04-28T18:16:04.523-0300] {dagbag.py:532} INFO - Filling up the DagBag from /home/lcscarv/projetos/indicium/desafio_5/.venv/lib/python3.8/site-packages/airflow/example_dags/example_nested_branch_dag.py
[2023-04-28T18:16:04.545-0300] {processor.py:753} INFO - DAG(s) dict_keys(['example_nested_branch_dag']) retrieved from /home/lcscarv/projetos/indicium/desafio_5/.venv/lib/python3.8/site-packages/airflow/example_dags/example_nested_branch_dag.py
[2023-04-28T18:16:04.558-0300] {logging_mixin.py:137} INFO - [2023-04-28T18:16:04.558-0300] {dag.py:2705} INFO - Sync 1 DAGs
[2023-04-28T18:16:04.624-0300] {logging_mixin.py:137} INFO - [2023-04-28T18:16:04.624-0300] {dag.py:3452} INFO - Setting next_dagrun for example_nested_branch_dag to 2023-04-27T00:00:00+00:00, run_after=2023-04-28T00:00:00+00:00
[2023-04-28T18:16:04.815-0300] {processor.py:175} INFO - Processing /home/lcscarv/projetos/indicium/desafio_5/.venv/lib/python3.8/site-packages/airflow/example_dags/example_nested_branch_dag.py took 0.344 seconds
[2023-04-28T18:16:43.065-0300] {processor.py:153} INFO - Started process (PID=6118) to work on /home/lcscarv/projetos/indicium/desafio_5/.venv/lib/python3.8/site-packages/airflow/example_dags/example_nested_branch_dag.py
[2023-04-28T18:16:43.073-0300] {processor.py:743} INFO - Processing file /home/lcscarv/projetos/indicium/desafio_5/.venv/lib/python3.8/site-packages/airflow/example_dags/example_nested_branch_dag.py for tasks to queue
[2023-04-28T18:16:43.073-0300] {logging_mixin.py:137} INFO - [2023-04-28T18:16:43.073-0300] {dagbag.py:532} INFO - Filling up the DagBag from /home/lcscarv/projetos/indicium/desafio_5/.venv/lib/python3.8/site-packages/airflow/example_dags/example_nested_branch_dag.py
[2023-04-28T18:16:43.091-0300] {processor.py:753} INFO - DAG(s) dict_keys(['example_nested_branch_dag']) retrieved from /home/lcscarv/projetos/indicium/desafio_5/.venv/lib/python3.8/site-packages/airflow/example_dags/example_nested_branch_dag.py
[2023-04-28T18:16:43.169-0300] {logging_mixin.py:137} INFO - [2023-04-28T18:16:43.169-0300] {dag.py:2705} INFO - Sync 1 DAGs
[2023-04-28T18:16:43.180-0300] {logging_mixin.py:137} INFO - [2023-04-28T18:16:43.180-0300] {dag.py:3452} INFO - Setting next_dagrun for example_nested_branch_dag to 2023-04-27T00:00:00+00:00, run_after=2023-04-28T00:00:00+00:00
[2023-04-28T18:16:43.201-0300] {processor.py:175} INFO - Processing /home/lcscarv/projetos/indicium/desafio_5/.venv/lib/python3.8/site-packages/airflow/example_dags/example_nested_branch_dag.py took 0.138 seconds
[2023-04-28T18:17:23.438-0300] {processor.py:153} INFO - Started process (PID=6151) to work on /home/lcscarv/projetos/indicium/desafio_5/.venv/lib/python3.8/site-packages/airflow/example_dags/example_nested_branch_dag.py
[2023-04-28T18:17:23.441-0300] {processor.py:743} INFO - Processing file /home/lcscarv/projetos/indicium/desafio_5/.venv/lib/python3.8/site-packages/airflow/example_dags/example_nested_branch_dag.py for tasks to queue
[2023-04-28T18:17:23.442-0300] {logging_mixin.py:137} INFO - [2023-04-28T18:17:23.442-0300] {dagbag.py:532} INFO - Filling up the DagBag from /home/lcscarv/projetos/indicium/desafio_5/.venv/lib/python3.8/site-packages/airflow/example_dags/example_nested_branch_dag.py
[2023-04-28T18:17:23.460-0300] {processor.py:753} INFO - DAG(s) dict_keys(['example_nested_branch_dag']) retrieved from /home/lcscarv/projetos/indicium/desafio_5/.venv/lib/python3.8/site-packages/airflow/example_dags/example_nested_branch_dag.py
[2023-04-28T18:17:23.542-0300] {logging_mixin.py:137} INFO - [2023-04-28T18:17:23.541-0300] {dag.py:2705} INFO - Sync 1 DAGs
[2023-04-28T18:17:23.553-0300] {logging_mixin.py:137} INFO - [2023-04-28T18:17:23.553-0300] {dag.py:3452} INFO - Setting next_dagrun for example_nested_branch_dag to 2023-04-27T00:00:00+00:00, run_after=2023-04-28T00:00:00+00:00
[2023-04-28T18:17:23.632-0300] {processor.py:175} INFO - Processing /home/lcscarv/projetos/indicium/desafio_5/.venv/lib/python3.8/site-packages/airflow/example_dags/example_nested_branch_dag.py took 0.196 seconds
[2023-04-28T18:18:00.832-0300] {processor.py:153} INFO - Started process (PID=6185) to work on /home/lcscarv/projetos/indicium/desafio_5/.venv/lib/python3.8/site-packages/airflow/example_dags/example_nested_branch_dag.py
[2023-04-28T18:18:00.833-0300] {processor.py:743} INFO - Processing file /home/lcscarv/projetos/indicium/desafio_5/.venv/lib/python3.8/site-packages/airflow/example_dags/example_nested_branch_dag.py for tasks to queue
[2023-04-28T18:18:00.833-0300] {logging_mixin.py:137} INFO - [2023-04-28T18:18:00.833-0300] {dagbag.py:532} INFO - Filling up the DagBag from /home/lcscarv/projetos/indicium/desafio_5/.venv/lib/python3.8/site-packages/airflow/example_dags/example_nested_branch_dag.py
[2023-04-28T18:18:00.849-0300] {processor.py:753} INFO - DAG(s) dict_keys(['example_nested_branch_dag']) retrieved from /home/lcscarv/projetos/indicium/desafio_5/.venv/lib/python3.8/site-packages/airflow/example_dags/example_nested_branch_dag.py
[2023-04-28T18:18:00.863-0300] {logging_mixin.py:137} INFO - [2023-04-28T18:18:00.862-0300] {dag.py:2705} INFO - Sync 1 DAGs
[2023-04-28T18:18:00.878-0300] {logging_mixin.py:137} INFO - [2023-04-28T18:18:00.878-0300] {dag.py:3452} INFO - Setting next_dagrun for example_nested_branch_dag to 2023-04-27T00:00:00+00:00, run_after=2023-04-28T00:00:00+00:00
[2023-04-28T18:18:00.897-0300] {processor.py:175} INFO - Processing /home/lcscarv/projetos/indicium/desafio_5/.venv/lib/python3.8/site-packages/airflow/example_dags/example_nested_branch_dag.py took 0.067 seconds
[2023-04-28T18:18:43.807-0300] {processor.py:153} INFO - Started process (PID=6227) to work on /home/lcscarv/projetos/indicium/desafio_5/.venv/lib/python3.8/site-packages/airflow/example_dags/example_nested_branch_dag.py
[2023-04-28T18:18:43.809-0300] {processor.py:743} INFO - Processing file /home/lcscarv/projetos/indicium/desafio_5/.venv/lib/python3.8/site-packages/airflow/example_dags/example_nested_branch_dag.py for tasks to queue
[2023-04-28T18:18:43.809-0300] {logging_mixin.py:137} INFO - [2023-04-28T18:18:43.809-0300] {dagbag.py:532} INFO - Filling up the DagBag from /home/lcscarv/projetos/indicium/desafio_5/.venv/lib/python3.8/site-packages/airflow/example_dags/example_nested_branch_dag.py
[2023-04-28T18:18:43.825-0300] {processor.py:753} INFO - DAG(s) dict_keys(['example_nested_branch_dag']) retrieved from /home/lcscarv/projetos/indicium/desafio_5/.venv/lib/python3.8/site-packages/airflow/example_dags/example_nested_branch_dag.py
[2023-04-28T18:18:43.839-0300] {logging_mixin.py:137} INFO - [2023-04-28T18:18:43.839-0300] {dag.py:2705} INFO - Sync 1 DAGs
[2023-04-28T18:18:43.857-0300] {logging_mixin.py:137} INFO - [2023-04-28T18:18:43.856-0300] {dag.py:3452} INFO - Setting next_dagrun for example_nested_branch_dag to 2023-04-27T00:00:00+00:00, run_after=2023-04-28T00:00:00+00:00
[2023-04-28T18:18:43.947-0300] {processor.py:175} INFO - Processing /home/lcscarv/projetos/indicium/desafio_5/.venv/lib/python3.8/site-packages/airflow/example_dags/example_nested_branch_dag.py took 0.142 seconds
[2023-04-28T18:19:27.772-0300] {processor.py:153} INFO - Started process (PID=6267) to work on /home/lcscarv/projetos/indicium/desafio_5/.venv/lib/python3.8/site-packages/airflow/example_dags/example_nested_branch_dag.py
[2023-04-28T18:19:27.773-0300] {processor.py:743} INFO - Processing file /home/lcscarv/projetos/indicium/desafio_5/.venv/lib/python3.8/site-packages/airflow/example_dags/example_nested_branch_dag.py for tasks to queue
[2023-04-28T18:19:27.774-0300] {logging_mixin.py:137} INFO - [2023-04-28T18:19:27.774-0300] {dagbag.py:532} INFO - Filling up the DagBag from /home/lcscarv/projetos/indicium/desafio_5/.venv/lib/python3.8/site-packages/airflow/example_dags/example_nested_branch_dag.py
[2023-04-28T18:19:27.796-0300] {processor.py:753} INFO - DAG(s) dict_keys(['example_nested_branch_dag']) retrieved from /home/lcscarv/projetos/indicium/desafio_5/.venv/lib/python3.8/site-packages/airflow/example_dags/example_nested_branch_dag.py
[2023-04-28T18:19:27.813-0300] {logging_mixin.py:137} INFO - [2023-04-28T18:19:27.812-0300] {dag.py:2705} INFO - Sync 1 DAGs
[2023-04-28T18:19:27.908-0300] {logging_mixin.py:137} INFO - [2023-04-28T18:19:27.908-0300] {dag.py:3452} INFO - Setting next_dagrun for example_nested_branch_dag to 2023-04-27T00:00:00+00:00, run_after=2023-04-28T00:00:00+00:00
[2023-04-28T18:19:27.927-0300] {processor.py:175} INFO - Processing /home/lcscarv/projetos/indicium/desafio_5/.venv/lib/python3.8/site-packages/airflow/example_dags/example_nested_branch_dag.py took 0.158 seconds
[2023-04-28T18:20:17.947-0300] {processor.py:153} INFO - Started process (PID=6363) to work on /home/lcscarv/projetos/indicium/desafio_5/.venv/lib/python3.8/site-packages/airflow/example_dags/example_nested_branch_dag.py
[2023-04-28T18:20:17.949-0300] {processor.py:743} INFO - Processing file /home/lcscarv/projetos/indicium/desafio_5/.venv/lib/python3.8/site-packages/airflow/example_dags/example_nested_branch_dag.py for tasks to queue
[2023-04-28T18:20:17.949-0300] {logging_mixin.py:137} INFO - [2023-04-28T18:20:17.949-0300] {dagbag.py:532} INFO - Filling up the DagBag from /home/lcscarv/projetos/indicium/desafio_5/.venv/lib/python3.8/site-packages/airflow/example_dags/example_nested_branch_dag.py
[2023-04-28T18:20:17.965-0300] {processor.py:753} INFO - DAG(s) dict_keys(['example_nested_branch_dag']) retrieved from /home/lcscarv/projetos/indicium/desafio_5/.venv/lib/python3.8/site-packages/airflow/example_dags/example_nested_branch_dag.py
[2023-04-28T18:20:17.979-0300] {logging_mixin.py:137} INFO - [2023-04-28T18:20:17.979-0300] {dag.py:2705} INFO - Sync 1 DAGs
[2023-04-28T18:20:18.058-0300] {logging_mixin.py:137} INFO - [2023-04-28T18:20:18.058-0300] {dag.py:3452} INFO - Setting next_dagrun for example_nested_branch_dag to 2023-04-27T00:00:00+00:00, run_after=2023-04-28T00:00:00+00:00
[2023-04-28T18:20:18.078-0300] {processor.py:175} INFO - Processing /home/lcscarv/projetos/indicium/desafio_5/.venv/lib/python3.8/site-packages/airflow/example_dags/example_nested_branch_dag.py took 0.133 seconds
[2023-04-28T18:21:07.101-0300] {processor.py:153} INFO - Started process (PID=6408) to work on /home/lcscarv/projetos/indicium/desafio_5/.venv/lib/python3.8/site-packages/airflow/example_dags/example_nested_branch_dag.py
[2023-04-28T18:21:07.102-0300] {processor.py:743} INFO - Processing file /home/lcscarv/projetos/indicium/desafio_5/.venv/lib/python3.8/site-packages/airflow/example_dags/example_nested_branch_dag.py for tasks to queue
[2023-04-28T18:21:07.103-0300] {logging_mixin.py:137} INFO - [2023-04-28T18:21:07.103-0300] {dagbag.py:532} INFO - Filling up the DagBag from /home/lcscarv/projetos/indicium/desafio_5/.venv/lib/python3.8/site-packages/airflow/example_dags/example_nested_branch_dag.py
[2023-04-28T18:21:07.119-0300] {processor.py:753} INFO - DAG(s) dict_keys(['example_nested_branch_dag']) retrieved from /home/lcscarv/projetos/indicium/desafio_5/.venv/lib/python3.8/site-packages/airflow/example_dags/example_nested_branch_dag.py
[2023-04-28T18:21:07.197-0300] {logging_mixin.py:137} INFO - [2023-04-28T18:21:07.197-0300] {dag.py:2705} INFO - Sync 1 DAGs
[2023-04-28T18:21:07.211-0300] {logging_mixin.py:137} INFO - [2023-04-28T18:21:07.211-0300] {dag.py:3452} INFO - Setting next_dagrun for example_nested_branch_dag to 2023-04-27T00:00:00+00:00, run_after=2023-04-28T00:00:00+00:00
[2023-04-28T18:21:07.234-0300] {processor.py:175} INFO - Processing /home/lcscarv/projetos/indicium/desafio_5/.venv/lib/python3.8/site-packages/airflow/example_dags/example_nested_branch_dag.py took 0.135 seconds
