[2023-04-28T18:00:43.880-0300] {processor.py:153} INFO - Started process (PID=4611) to work on /home/lcscarv/projetos/indicium/desafio_5/.venv/lib/python3.8/site-packages/airflow/example_dags/example_branch_labels.py
[2023-04-28T18:00:43.881-0300] {processor.py:743} INFO - Processing file /home/lcscarv/projetos/indicium/desafio_5/.venv/lib/python3.8/site-packages/airflow/example_dags/example_branch_labels.py for tasks to queue
[2023-04-28T18:00:43.881-0300] {logging_mixin.py:137} INFO - [2023-04-28T18:00:43.881-0300] {dagbag.py:532} INFO - Filling up the DagBag from /home/lcscarv/projetos/indicium/desafio_5/.venv/lib/python3.8/site-packages/airflow/example_dags/example_branch_labels.py
[2023-04-28T18:00:43.894-0300] {processor.py:753} INFO - DAG(s) dict_keys(['example_branch_labels']) retrieved from /home/lcscarv/projetos/indicium/desafio_5/.venv/lib/python3.8/site-packages/airflow/example_dags/example_branch_labels.py
[2023-04-28T18:00:43.911-0300] {logging_mixin.py:137} INFO - [2023-04-28T18:00:43.911-0300] {dag.py:2705} INFO - Sync 1 DAGs
[2023-04-28T18:00:43.928-0300] {logging_mixin.py:137} INFO - [2023-04-28T18:00:43.928-0300] {dag.py:3452} INFO - Setting next_dagrun for example_branch_labels to 2023-04-27T00:00:00+00:00, run_after=2023-04-28T00:00:00+00:00
[2023-04-28T18:00:43.949-0300] {processor.py:175} INFO - Processing /home/lcscarv/projetos/indicium/desafio_5/.venv/lib/python3.8/site-packages/airflow/example_dags/example_branch_labels.py took 0.071 seconds
[2023-04-28T18:01:26.276-0300] {processor.py:153} INFO - Started process (PID=4653) to work on /home/lcscarv/projetos/indicium/desafio_5/.venv/lib/python3.8/site-packages/airflow/example_dags/example_branch_labels.py
[2023-04-28T18:01:26.278-0300] {processor.py:743} INFO - Processing file /home/lcscarv/projetos/indicium/desafio_5/.venv/lib/python3.8/site-packages/airflow/example_dags/example_branch_labels.py for tasks to queue
[2023-04-28T18:01:26.279-0300] {logging_mixin.py:137} INFO - [2023-04-28T18:01:26.278-0300] {dagbag.py:532} INFO - Filling up the DagBag from /home/lcscarv/projetos/indicium/desafio_5/.venv/lib/python3.8/site-packages/airflow/example_dags/example_branch_labels.py
[2023-04-28T18:01:26.291-0300] {processor.py:753} INFO - DAG(s) dict_keys(['example_branch_labels']) retrieved from /home/lcscarv/projetos/indicium/desafio_5/.venv/lib/python3.8/site-packages/airflow/example_dags/example_branch_labels.py
[2023-04-28T18:01:26.304-0300] {logging_mixin.py:137} INFO - [2023-04-28T18:01:26.304-0300] {dag.py:2705} INFO - Sync 1 DAGs
[2023-04-28T18:01:26.317-0300] {logging_mixin.py:137} INFO - [2023-04-28T18:01:26.317-0300] {dag.py:3452} INFO - Setting next_dagrun for example_branch_labels to 2023-04-27T00:00:00+00:00, run_after=2023-04-28T00:00:00+00:00
[2023-04-28T18:01:26.335-0300] {processor.py:175} INFO - Processing /home/lcscarv/projetos/indicium/desafio_5/.venv/lib/python3.8/site-packages/airflow/example_dags/example_branch_labels.py took 0.066 seconds
[2023-04-28T18:02:34.521-0300] {processor.py:153} INFO - Started process (PID=4756) to work on /home/lcscarv/projetos/indicium/desafio_5/.venv/lib/python3.8/site-packages/airflow/example_dags/example_branch_labels.py
[2023-04-28T18:02:34.522-0300] {processor.py:743} INFO - Processing file /home/lcscarv/projetos/indicium/desafio_5/.venv/lib/python3.8/site-packages/airflow/example_dags/example_branch_labels.py for tasks to queue
[2023-04-28T18:02:34.523-0300] {logging_mixin.py:137} INFO - [2023-04-28T18:02:34.523-0300] {dagbag.py:532} INFO - Filling up the DagBag from /home/lcscarv/projetos/indicium/desafio_5/.venv/lib/python3.8/site-packages/airflow/example_dags/example_branch_labels.py
[2023-04-28T18:02:34.532-0300] {processor.py:753} INFO - DAG(s) dict_keys(['example_branch_labels']) retrieved from /home/lcscarv/projetos/indicium/desafio_5/.venv/lib/python3.8/site-packages/airflow/example_dags/example_branch_labels.py
[2023-04-28T18:02:34.547-0300] {logging_mixin.py:137} INFO - [2023-04-28T18:02:34.547-0300] {dag.py:2705} INFO - Sync 1 DAGs
[2023-04-28T18:02:34.561-0300] {logging_mixin.py:137} INFO - [2023-04-28T18:02:34.561-0300] {dag.py:3452} INFO - Setting next_dagrun for example_branch_labels to 2023-04-27T00:00:00+00:00, run_after=2023-04-28T00:00:00+00:00
[2023-04-28T18:02:34.584-0300] {processor.py:175} INFO - Processing /home/lcscarv/projetos/indicium/desafio_5/.venv/lib/python3.8/site-packages/airflow/example_dags/example_branch_labels.py took 0.065 seconds
[2023-04-28T18:03:23.101-0300] {processor.py:153} INFO - Started process (PID=4849) to work on /home/lcscarv/projetos/indicium/desafio_5/.venv/lib/python3.8/site-packages/airflow/example_dags/example_branch_labels.py
[2023-04-28T18:03:23.102-0300] {processor.py:743} INFO - Processing file /home/lcscarv/projetos/indicium/desafio_5/.venv/lib/python3.8/site-packages/airflow/example_dags/example_branch_labels.py for tasks to queue
[2023-04-28T18:03:23.102-0300] {logging_mixin.py:137} INFO - [2023-04-28T18:03:23.102-0300] {dagbag.py:532} INFO - Filling up the DagBag from /home/lcscarv/projetos/indicium/desafio_5/.venv/lib/python3.8/site-packages/airflow/example_dags/example_branch_labels.py
[2023-04-28T18:03:23.111-0300] {processor.py:753} INFO - DAG(s) dict_keys(['example_branch_labels']) retrieved from /home/lcscarv/projetos/indicium/desafio_5/.venv/lib/python3.8/site-packages/airflow/example_dags/example_branch_labels.py
[2023-04-28T18:03:23.124-0300] {logging_mixin.py:137} INFO - [2023-04-28T18:03:23.124-0300] {dag.py:2705} INFO - Sync 1 DAGs
[2023-04-28T18:03:23.139-0300] {logging_mixin.py:137} INFO - [2023-04-28T18:03:23.139-0300] {dag.py:3452} INFO - Setting next_dagrun for example_branch_labels to 2023-04-27T00:00:00+00:00, run_after=2023-04-28T00:00:00+00:00
[2023-04-28T18:03:23.159-0300] {processor.py:175} INFO - Processing /home/lcscarv/projetos/indicium/desafio_5/.venv/lib/python3.8/site-packages/airflow/example_dags/example_branch_labels.py took 0.060 seconds
[2023-04-28T18:04:06.450-0300] {processor.py:153} INFO - Started process (PID=4891) to work on /home/lcscarv/projetos/indicium/desafio_5/.venv/lib/python3.8/site-packages/airflow/example_dags/example_branch_labels.py
[2023-04-28T18:04:06.452-0300] {processor.py:743} INFO - Processing file /home/lcscarv/projetos/indicium/desafio_5/.venv/lib/python3.8/site-packages/airflow/example_dags/example_branch_labels.py for tasks to queue
[2023-04-28T18:04:06.452-0300] {logging_mixin.py:137} INFO - [2023-04-28T18:04:06.452-0300] {dagbag.py:532} INFO - Filling up the DagBag from /home/lcscarv/projetos/indicium/desafio_5/.venv/lib/python3.8/site-packages/airflow/example_dags/example_branch_labels.py
[2023-04-28T18:04:06.461-0300] {processor.py:753} INFO - DAG(s) dict_keys(['example_branch_labels']) retrieved from /home/lcscarv/projetos/indicium/desafio_5/.venv/lib/python3.8/site-packages/airflow/example_dags/example_branch_labels.py
[2023-04-28T18:04:06.475-0300] {logging_mixin.py:137} INFO - [2023-04-28T18:04:06.475-0300] {dag.py:2705} INFO - Sync 1 DAGs
[2023-04-28T18:04:06.489-0300] {logging_mixin.py:137} INFO - [2023-04-28T18:04:06.489-0300] {dag.py:3452} INFO - Setting next_dagrun for example_branch_labels to 2023-04-27T00:00:00+00:00, run_after=2023-04-28T00:00:00+00:00
[2023-04-28T18:04:06.506-0300] {processor.py:175} INFO - Processing /home/lcscarv/projetos/indicium/desafio_5/.venv/lib/python3.8/site-packages/airflow/example_dags/example_branch_labels.py took 0.058 seconds
[2023-04-28T18:04:59.325-0300] {processor.py:153} INFO - Started process (PID=4995) to work on /home/lcscarv/projetos/indicium/desafio_5/.venv/lib/python3.8/site-packages/airflow/example_dags/example_branch_labels.py
[2023-04-28T18:04:59.327-0300] {processor.py:743} INFO - Processing file /home/lcscarv/projetos/indicium/desafio_5/.venv/lib/python3.8/site-packages/airflow/example_dags/example_branch_labels.py for tasks to queue
[2023-04-28T18:04:59.328-0300] {logging_mixin.py:137} INFO - [2023-04-28T18:04:59.328-0300] {dagbag.py:532} INFO - Filling up the DagBag from /home/lcscarv/projetos/indicium/desafio_5/.venv/lib/python3.8/site-packages/airflow/example_dags/example_branch_labels.py
[2023-04-28T18:04:59.345-0300] {processor.py:753} INFO - DAG(s) dict_keys(['example_branch_labels']) retrieved from /home/lcscarv/projetos/indicium/desafio_5/.venv/lib/python3.8/site-packages/airflow/example_dags/example_branch_labels.py
[2023-04-28T18:04:59.361-0300] {logging_mixin.py:137} INFO - [2023-04-28T18:04:59.361-0300] {dag.py:2705} INFO - Sync 1 DAGs
[2023-04-28T18:04:59.376-0300] {logging_mixin.py:137} INFO - [2023-04-28T18:04:59.376-0300] {dag.py:3452} INFO - Setting next_dagrun for example_branch_labels to 2023-04-27T00:00:00+00:00, run_after=2023-04-28T00:00:00+00:00
[2023-04-28T18:04:59.396-0300] {processor.py:175} INFO - Processing /home/lcscarv/projetos/indicium/desafio_5/.venv/lib/python3.8/site-packages/airflow/example_dags/example_branch_labels.py took 0.074 seconds
[2023-04-28T18:05:49.218-0300] {processor.py:153} INFO - Started process (PID=5098) to work on /home/lcscarv/projetos/indicium/desafio_5/.venv/lib/python3.8/site-packages/airflow/example_dags/example_branch_labels.py
[2023-04-28T18:05:49.220-0300] {processor.py:743} INFO - Processing file /home/lcscarv/projetos/indicium/desafio_5/.venv/lib/python3.8/site-packages/airflow/example_dags/example_branch_labels.py for tasks to queue
[2023-04-28T18:05:49.220-0300] {logging_mixin.py:137} INFO - [2023-04-28T18:05:49.220-0300] {dagbag.py:532} INFO - Filling up the DagBag from /home/lcscarv/projetos/indicium/desafio_5/.venv/lib/python3.8/site-packages/airflow/example_dags/example_branch_labels.py
[2023-04-28T18:05:49.229-0300] {processor.py:753} INFO - DAG(s) dict_keys(['example_branch_labels']) retrieved from /home/lcscarv/projetos/indicium/desafio_5/.venv/lib/python3.8/site-packages/airflow/example_dags/example_branch_labels.py
[2023-04-28T18:05:49.241-0300] {logging_mixin.py:137} INFO - [2023-04-28T18:05:49.241-0300] {dag.py:2705} INFO - Sync 1 DAGs
[2023-04-28T18:05:49.253-0300] {logging_mixin.py:137} INFO - [2023-04-28T18:05:49.253-0300] {dag.py:3452} INFO - Setting next_dagrun for example_branch_labels to 2023-04-27T00:00:00+00:00, run_after=2023-04-28T00:00:00+00:00
[2023-04-28T18:05:49.269-0300] {processor.py:175} INFO - Processing /home/lcscarv/projetos/indicium/desafio_5/.venv/lib/python3.8/site-packages/airflow/example_dags/example_branch_labels.py took 0.053 seconds
[2023-04-28T18:06:33.111-0300] {processor.py:153} INFO - Started process (PID=5143) to work on /home/lcscarv/projetos/indicium/desafio_5/.venv/lib/python3.8/site-packages/airflow/example_dags/example_branch_labels.py
[2023-04-28T18:06:33.113-0300] {processor.py:743} INFO - Processing file /home/lcscarv/projetos/indicium/desafio_5/.venv/lib/python3.8/site-packages/airflow/example_dags/example_branch_labels.py for tasks to queue
[2023-04-28T18:06:33.113-0300] {logging_mixin.py:137} INFO - [2023-04-28T18:06:33.113-0300] {dagbag.py:532} INFO - Filling up the DagBag from /home/lcscarv/projetos/indicium/desafio_5/.venv/lib/python3.8/site-packages/airflow/example_dags/example_branch_labels.py
[2023-04-28T18:06:33.122-0300] {processor.py:753} INFO - DAG(s) dict_keys(['example_branch_labels']) retrieved from /home/lcscarv/projetos/indicium/desafio_5/.venv/lib/python3.8/site-packages/airflow/example_dags/example_branch_labels.py
[2023-04-28T18:06:33.134-0300] {logging_mixin.py:137} INFO - [2023-04-28T18:06:33.134-0300] {dag.py:2705} INFO - Sync 1 DAGs
[2023-04-28T18:06:33.146-0300] {logging_mixin.py:137} INFO - [2023-04-28T18:06:33.146-0300] {dag.py:3452} INFO - Setting next_dagrun for example_branch_labels to 2023-04-27T00:00:00+00:00, run_after=2023-04-28T00:00:00+00:00
[2023-04-28T18:06:33.166-0300] {processor.py:175} INFO - Processing /home/lcscarv/projetos/indicium/desafio_5/.venv/lib/python3.8/site-packages/airflow/example_dags/example_branch_labels.py took 0.057 seconds
[2023-04-28T18:07:31.375-0300] {processor.py:153} INFO - Started process (PID=5189) to work on /home/lcscarv/projetos/indicium/desafio_5/.venv/lib/python3.8/site-packages/airflow/example_dags/example_branch_labels.py
[2023-04-28T18:07:31.382-0300] {processor.py:743} INFO - Processing file /home/lcscarv/projetos/indicium/desafio_5/.venv/lib/python3.8/site-packages/airflow/example_dags/example_branch_labels.py for tasks to queue
[2023-04-28T18:07:31.383-0300] {logging_mixin.py:137} INFO - [2023-04-28T18:07:31.383-0300] {dagbag.py:532} INFO - Filling up the DagBag from /home/lcscarv/projetos/indicium/desafio_5/.venv/lib/python3.8/site-packages/airflow/example_dags/example_branch_labels.py
[2023-04-28T18:07:31.392-0300] {processor.py:753} INFO - DAG(s) dict_keys(['example_branch_labels']) retrieved from /home/lcscarv/projetos/indicium/desafio_5/.venv/lib/python3.8/site-packages/airflow/example_dags/example_branch_labels.py
[2023-04-28T18:07:31.405-0300] {logging_mixin.py:137} INFO - [2023-04-28T18:07:31.404-0300] {dag.py:2705} INFO - Sync 1 DAGs
[2023-04-28T18:07:31.418-0300] {logging_mixin.py:137} INFO - [2023-04-28T18:07:31.417-0300] {dag.py:3452} INFO - Setting next_dagrun for example_branch_labels to 2023-04-27T00:00:00+00:00, run_after=2023-04-28T00:00:00+00:00
[2023-04-28T18:07:31.481-0300] {processor.py:175} INFO - Processing /home/lcscarv/projetos/indicium/desafio_5/.venv/lib/python3.8/site-packages/airflow/example_dags/example_branch_labels.py took 0.108 seconds
[2023-04-28T18:08:38.315-0300] {processor.py:153} INFO - Started process (PID=5397) to work on /home/lcscarv/projetos/indicium/desafio_5/.venv/lib/python3.8/site-packages/airflow/example_dags/example_branch_labels.py
[2023-04-28T18:08:38.316-0300] {processor.py:743} INFO - Processing file /home/lcscarv/projetos/indicium/desafio_5/.venv/lib/python3.8/site-packages/airflow/example_dags/example_branch_labels.py for tasks to queue
[2023-04-28T18:08:38.317-0300] {logging_mixin.py:137} INFO - [2023-04-28T18:08:38.316-0300] {dagbag.py:532} INFO - Filling up the DagBag from /home/lcscarv/projetos/indicium/desafio_5/.venv/lib/python3.8/site-packages/airflow/example_dags/example_branch_labels.py
[2023-04-28T18:08:38.327-0300] {processor.py:753} INFO - DAG(s) dict_keys(['example_branch_labels']) retrieved from /home/lcscarv/projetos/indicium/desafio_5/.venv/lib/python3.8/site-packages/airflow/example_dags/example_branch_labels.py
[2023-04-28T18:08:38.342-0300] {logging_mixin.py:137} INFO - [2023-04-28T18:08:38.342-0300] {dag.py:2705} INFO - Sync 1 DAGs
[2023-04-28T18:08:38.356-0300] {logging_mixin.py:137} INFO - [2023-04-28T18:08:38.356-0300] {dag.py:3452} INFO - Setting next_dagrun for example_branch_labels to 2023-04-27T00:00:00+00:00, run_after=2023-04-28T00:00:00+00:00
[2023-04-28T18:08:38.378-0300] {processor.py:175} INFO - Processing /home/lcscarv/projetos/indicium/desafio_5/.venv/lib/python3.8/site-packages/airflow/example_dags/example_branch_labels.py took 0.065 seconds
[2023-04-28T18:09:25.788-0300] {processor.py:153} INFO - Started process (PID=5492) to work on /home/lcscarv/projetos/indicium/desafio_5/.venv/lib/python3.8/site-packages/airflow/example_dags/example_branch_labels.py
[2023-04-28T18:09:25.810-0300] {processor.py:743} INFO - Processing file /home/lcscarv/projetos/indicium/desafio_5/.venv/lib/python3.8/site-packages/airflow/example_dags/example_branch_labels.py for tasks to queue
[2023-04-28T18:09:25.811-0300] {logging_mixin.py:137} INFO - [2023-04-28T18:09:25.810-0300] {dagbag.py:532} INFO - Filling up the DagBag from /home/lcscarv/projetos/indicium/desafio_5/.venv/lib/python3.8/site-packages/airflow/example_dags/example_branch_labels.py
[2023-04-28T18:09:25.821-0300] {processor.py:753} INFO - DAG(s) dict_keys(['example_branch_labels']) retrieved from /home/lcscarv/projetos/indicium/desafio_5/.venv/lib/python3.8/site-packages/airflow/example_dags/example_branch_labels.py
[2023-04-28T18:09:25.834-0300] {logging_mixin.py:137} INFO - [2023-04-28T18:09:25.834-0300] {dag.py:2705} INFO - Sync 1 DAGs
[2023-04-28T18:09:25.846-0300] {logging_mixin.py:137} INFO - [2023-04-28T18:09:25.846-0300] {dag.py:3452} INFO - Setting next_dagrun for example_branch_labels to 2023-04-27T00:00:00+00:00, run_after=2023-04-28T00:00:00+00:00
[2023-04-28T18:09:26.268-0300] {processor.py:175} INFO - Processing /home/lcscarv/projetos/indicium/desafio_5/.venv/lib/python3.8/site-packages/airflow/example_dags/example_branch_labels.py took 0.482 seconds
[2023-04-28T18:10:14.652-0300] {processor.py:153} INFO - Started process (PID=5585) to work on /home/lcscarv/projetos/indicium/desafio_5/.venv/lib/python3.8/site-packages/airflow/example_dags/example_branch_labels.py
[2023-04-28T18:10:14.745-0300] {processor.py:743} INFO - Processing file /home/lcscarv/projetos/indicium/desafio_5/.venv/lib/python3.8/site-packages/airflow/example_dags/example_branch_labels.py for tasks to queue
[2023-04-28T18:10:14.746-0300] {logging_mixin.py:137} INFO - [2023-04-28T18:10:14.746-0300] {dagbag.py:532} INFO - Filling up the DagBag from /home/lcscarv/projetos/indicium/desafio_5/.venv/lib/python3.8/site-packages/airflow/example_dags/example_branch_labels.py
[2023-04-28T18:10:14.759-0300] {processor.py:753} INFO - DAG(s) dict_keys(['example_branch_labels']) retrieved from /home/lcscarv/projetos/indicium/desafio_5/.venv/lib/python3.8/site-packages/airflow/example_dags/example_branch_labels.py
[2023-04-28T18:10:14.772-0300] {logging_mixin.py:137} INFO - [2023-04-28T18:10:14.772-0300] {dag.py:2705} INFO - Sync 1 DAGs
[2023-04-28T18:10:14.785-0300] {logging_mixin.py:137} INFO - [2023-04-28T18:10:14.785-0300] {dag.py:3452} INFO - Setting next_dagrun for example_branch_labels to 2023-04-27T00:00:00+00:00, run_after=2023-04-28T00:00:00+00:00
[2023-04-28T18:10:14.968-0300] {processor.py:175} INFO - Processing /home/lcscarv/projetos/indicium/desafio_5/.venv/lib/python3.8/site-packages/airflow/example_dags/example_branch_labels.py took 0.318 seconds
[2023-04-28T18:11:14.950-0300] {processor.py:153} INFO - Started process (PID=5739) to work on /home/lcscarv/projetos/indicium/desafio_5/.venv/lib/python3.8/site-packages/airflow/example_dags/example_branch_labels.py
[2023-04-28T18:11:14.950-0300] {processor.py:743} INFO - Processing file /home/lcscarv/projetos/indicium/desafio_5/.venv/lib/python3.8/site-packages/airflow/example_dags/example_branch_labels.py for tasks to queue
[2023-04-28T18:11:14.951-0300] {logging_mixin.py:137} INFO - [2023-04-28T18:11:14.951-0300] {dagbag.py:532} INFO - Filling up the DagBag from /home/lcscarv/projetos/indicium/desafio_5/.venv/lib/python3.8/site-packages/airflow/example_dags/example_branch_labels.py
[2023-04-28T18:11:14.961-0300] {processor.py:753} INFO - DAG(s) dict_keys(['example_branch_labels']) retrieved from /home/lcscarv/projetos/indicium/desafio_5/.venv/lib/python3.8/site-packages/airflow/example_dags/example_branch_labels.py
[2023-04-28T18:11:14.978-0300] {logging_mixin.py:137} INFO - [2023-04-28T18:11:14.978-0300] {dag.py:2705} INFO - Sync 1 DAGs
[2023-04-28T18:11:14.993-0300] {logging_mixin.py:137} INFO - [2023-04-28T18:11:14.993-0300] {dag.py:3452} INFO - Setting next_dagrun for example_branch_labels to 2023-04-27T00:00:00+00:00, run_after=2023-04-28T00:00:00+00:00
[2023-04-28T18:11:15.051-0300] {processor.py:175} INFO - Processing /home/lcscarv/projetos/indicium/desafio_5/.venv/lib/python3.8/site-packages/airflow/example_dags/example_branch_labels.py took 0.103 seconds
[2023-04-28T18:12:05.702-0300] {processor.py:153} INFO - Started process (PID=5837) to work on /home/lcscarv/projetos/indicium/desafio_5/.venv/lib/python3.8/site-packages/airflow/example_dags/example_branch_labels.py
[2023-04-28T18:12:05.740-0300] {processor.py:743} INFO - Processing file /home/lcscarv/projetos/indicium/desafio_5/.venv/lib/python3.8/site-packages/airflow/example_dags/example_branch_labels.py for tasks to queue
[2023-04-28T18:12:05.740-0300] {logging_mixin.py:137} INFO - [2023-04-28T18:12:05.740-0300] {dagbag.py:532} INFO - Filling up the DagBag from /home/lcscarv/projetos/indicium/desafio_5/.venv/lib/python3.8/site-packages/airflow/example_dags/example_branch_labels.py
[2023-04-28T18:12:05.750-0300] {processor.py:753} INFO - DAG(s) dict_keys(['example_branch_labels']) retrieved from /home/lcscarv/projetos/indicium/desafio_5/.venv/lib/python3.8/site-packages/airflow/example_dags/example_branch_labels.py
[2023-04-28T18:12:05.764-0300] {logging_mixin.py:137} INFO - [2023-04-28T18:12:05.764-0300] {dag.py:2705} INFO - Sync 1 DAGs
[2023-04-28T18:12:05.777-0300] {logging_mixin.py:137} INFO - [2023-04-28T18:12:05.777-0300] {dag.py:3452} INFO - Setting next_dagrun for example_branch_labels to 2023-04-27T00:00:00+00:00, run_after=2023-04-28T00:00:00+00:00
[2023-04-28T18:12:05.816-0300] {processor.py:175} INFO - Processing /home/lcscarv/projetos/indicium/desafio_5/.venv/lib/python3.8/site-packages/airflow/example_dags/example_branch_labels.py took 0.115 seconds
[2023-04-28T18:13:14.927-0300] {processor.py:153} INFO - Started process (PID=5890) to work on /home/lcscarv/projetos/indicium/desafio_5/.venv/lib/python3.8/site-packages/airflow/example_dags/example_branch_labels.py
[2023-04-28T18:13:14.928-0300] {processor.py:743} INFO - Processing file /home/lcscarv/projetos/indicium/desafio_5/.venv/lib/python3.8/site-packages/airflow/example_dags/example_branch_labels.py for tasks to queue
[2023-04-28T18:13:14.929-0300] {logging_mixin.py:137} INFO - [2023-04-28T18:13:14.929-0300] {dagbag.py:532} INFO - Filling up the DagBag from /home/lcscarv/projetos/indicium/desafio_5/.venv/lib/python3.8/site-packages/airflow/example_dags/example_branch_labels.py
[2023-04-28T18:13:14.943-0300] {processor.py:753} INFO - DAG(s) dict_keys(['example_branch_labels']) retrieved from /home/lcscarv/projetos/indicium/desafio_5/.venv/lib/python3.8/site-packages/airflow/example_dags/example_branch_labels.py
[2023-04-28T18:13:14.961-0300] {logging_mixin.py:137} INFO - [2023-04-28T18:13:14.961-0300] {dag.py:2705} INFO - Sync 1 DAGs
[2023-04-28T18:13:14.977-0300] {logging_mixin.py:137} INFO - [2023-04-28T18:13:14.977-0300] {dag.py:3452} INFO - Setting next_dagrun for example_branch_labels to 2023-04-27T00:00:00+00:00, run_after=2023-04-28T00:00:00+00:00
[2023-04-28T18:13:14.997-0300] {processor.py:175} INFO - Processing /home/lcscarv/projetos/indicium/desafio_5/.venv/lib/python3.8/site-packages/airflow/example_dags/example_branch_labels.py took 0.073 seconds
[2023-04-28T18:14:06.409-0300] {processor.py:153} INFO - Started process (PID=5935) to work on /home/lcscarv/projetos/indicium/desafio_5/.venv/lib/python3.8/site-packages/airflow/example_dags/example_branch_labels.py
[2023-04-28T18:14:06.440-0300] {processor.py:743} INFO - Processing file /home/lcscarv/projetos/indicium/desafio_5/.venv/lib/python3.8/site-packages/airflow/example_dags/example_branch_labels.py for tasks to queue
[2023-04-28T18:14:06.441-0300] {logging_mixin.py:137} INFO - [2023-04-28T18:14:06.441-0300] {dagbag.py:532} INFO - Filling up the DagBag from /home/lcscarv/projetos/indicium/desafio_5/.venv/lib/python3.8/site-packages/airflow/example_dags/example_branch_labels.py
[2023-04-28T18:14:06.456-0300] {processor.py:753} INFO - DAG(s) dict_keys(['example_branch_labels']) retrieved from /home/lcscarv/projetos/indicium/desafio_5/.venv/lib/python3.8/site-packages/airflow/example_dags/example_branch_labels.py
[2023-04-28T18:14:06.469-0300] {logging_mixin.py:137} INFO - [2023-04-28T18:14:06.469-0300] {dag.py:2705} INFO - Sync 1 DAGs
[2023-04-28T18:14:06.481-0300] {logging_mixin.py:137} INFO - [2023-04-28T18:14:06.481-0300] {dag.py:3452} INFO - Setting next_dagrun for example_branch_labels to 2023-04-27T00:00:00+00:00, run_after=2023-04-28T00:00:00+00:00
[2023-04-28T18:14:06.627-0300] {processor.py:175} INFO - Processing /home/lcscarv/projetos/indicium/desafio_5/.venv/lib/python3.8/site-packages/airflow/example_dags/example_branch_labels.py took 0.220 seconds
[2023-04-28T18:14:56.947-0300] {processor.py:153} INFO - Started process (PID=5976) to work on /home/lcscarv/projetos/indicium/desafio_5/.venv/lib/python3.8/site-packages/airflow/example_dags/example_branch_labels.py
[2023-04-28T18:14:56.948-0300] {processor.py:743} INFO - Processing file /home/lcscarv/projetos/indicium/desafio_5/.venv/lib/python3.8/site-packages/airflow/example_dags/example_branch_labels.py for tasks to queue
[2023-04-28T18:14:56.949-0300] {logging_mixin.py:137} INFO - [2023-04-28T18:14:56.949-0300] {dagbag.py:532} INFO - Filling up the DagBag from /home/lcscarv/projetos/indicium/desafio_5/.venv/lib/python3.8/site-packages/airflow/example_dags/example_branch_labels.py
[2023-04-28T18:14:56.958-0300] {processor.py:753} INFO - DAG(s) dict_keys(['example_branch_labels']) retrieved from /home/lcscarv/projetos/indicium/desafio_5/.venv/lib/python3.8/site-packages/airflow/example_dags/example_branch_labels.py
[2023-04-28T18:14:56.972-0300] {logging_mixin.py:137} INFO - [2023-04-28T18:14:56.972-0300] {dag.py:2705} INFO - Sync 1 DAGs
[2023-04-28T18:14:56.986-0300] {logging_mixin.py:137} INFO - [2023-04-28T18:14:56.986-0300] {dag.py:3452} INFO - Setting next_dagrun for example_branch_labels to 2023-04-27T00:00:00+00:00, run_after=2023-04-28T00:00:00+00:00
[2023-04-28T18:14:57.011-0300] {processor.py:175} INFO - Processing /home/lcscarv/projetos/indicium/desafio_5/.venv/lib/python3.8/site-packages/airflow/example_dags/example_branch_labels.py took 0.067 seconds
[2023-04-28T18:15:56.241-0300] {processor.py:153} INFO - Started process (PID=6077) to work on /home/lcscarv/projetos/indicium/desafio_5/.venv/lib/python3.8/site-packages/airflow/example_dags/example_branch_labels.py
[2023-04-28T18:15:56.242-0300] {processor.py:743} INFO - Processing file /home/lcscarv/projetos/indicium/desafio_5/.venv/lib/python3.8/site-packages/airflow/example_dags/example_branch_labels.py for tasks to queue
[2023-04-28T18:15:56.243-0300] {logging_mixin.py:137} INFO - [2023-04-28T18:15:56.243-0300] {dagbag.py:532} INFO - Filling up the DagBag from /home/lcscarv/projetos/indicium/desafio_5/.venv/lib/python3.8/site-packages/airflow/example_dags/example_branch_labels.py
[2023-04-28T18:15:56.253-0300] {processor.py:753} INFO - DAG(s) dict_keys(['example_branch_labels']) retrieved from /home/lcscarv/projetos/indicium/desafio_5/.venv/lib/python3.8/site-packages/airflow/example_dags/example_branch_labels.py
[2023-04-28T18:15:56.268-0300] {logging_mixin.py:137} INFO - [2023-04-28T18:15:56.267-0300] {dag.py:2705} INFO - Sync 1 DAGs
[2023-04-28T18:15:56.343-0300] {logging_mixin.py:137} INFO - [2023-04-28T18:15:56.343-0300] {dag.py:3452} INFO - Setting next_dagrun for example_branch_labels to 2023-04-27T00:00:00+00:00, run_after=2023-04-28T00:00:00+00:00
[2023-04-28T18:15:56.363-0300] {processor.py:175} INFO - Processing /home/lcscarv/projetos/indicium/desafio_5/.venv/lib/python3.8/site-packages/airflow/example_dags/example_branch_labels.py took 0.123 seconds
[2023-04-28T18:16:53.453-0300] {processor.py:153} INFO - Started process (PID=6126) to work on /home/lcscarv/projetos/indicium/desafio_5/.venv/lib/python3.8/site-packages/airflow/example_dags/example_branch_labels.py
[2023-04-28T18:16:53.454-0300] {processor.py:743} INFO - Processing file /home/lcscarv/projetos/indicium/desafio_5/.venv/lib/python3.8/site-packages/airflow/example_dags/example_branch_labels.py for tasks to queue
[2023-04-28T18:16:53.455-0300] {logging_mixin.py:137} INFO - [2023-04-28T18:16:53.455-0300] {dagbag.py:532} INFO - Filling up the DagBag from /home/lcscarv/projetos/indicium/desafio_5/.venv/lib/python3.8/site-packages/airflow/example_dags/example_branch_labels.py
[2023-04-28T18:16:53.466-0300] {processor.py:753} INFO - DAG(s) dict_keys(['example_branch_labels']) retrieved from /home/lcscarv/projetos/indicium/desafio_5/.venv/lib/python3.8/site-packages/airflow/example_dags/example_branch_labels.py
[2023-04-28T18:16:53.480-0300] {logging_mixin.py:137} INFO - [2023-04-28T18:16:53.480-0300] {dag.py:2705} INFO - Sync 1 DAGs
[2023-04-28T18:16:53.556-0300] {logging_mixin.py:137} INFO - [2023-04-28T18:16:53.556-0300] {dag.py:3452} INFO - Setting next_dagrun for example_branch_labels to 2023-04-27T00:00:00+00:00, run_after=2023-04-28T00:00:00+00:00
[2023-04-28T18:16:53.582-0300] {processor.py:175} INFO - Processing /home/lcscarv/projetos/indicium/desafio_5/.venv/lib/python3.8/site-packages/airflow/example_dags/example_branch_labels.py took 0.131 seconds
[2023-04-28T18:17:52.082-0300] {processor.py:153} INFO - Started process (PID=6176) to work on /home/lcscarv/projetos/indicium/desafio_5/.venv/lib/python3.8/site-packages/airflow/example_dags/example_branch_labels.py
[2023-04-28T18:17:52.083-0300] {processor.py:743} INFO - Processing file /home/lcscarv/projetos/indicium/desafio_5/.venv/lib/python3.8/site-packages/airflow/example_dags/example_branch_labels.py for tasks to queue
[2023-04-28T18:17:52.084-0300] {logging_mixin.py:137} INFO - [2023-04-28T18:17:52.084-0300] {dagbag.py:532} INFO - Filling up the DagBag from /home/lcscarv/projetos/indicium/desafio_5/.venv/lib/python3.8/site-packages/airflow/example_dags/example_branch_labels.py
[2023-04-28T18:17:52.095-0300] {processor.py:753} INFO - DAG(s) dict_keys(['example_branch_labels']) retrieved from /home/lcscarv/projetos/indicium/desafio_5/.venv/lib/python3.8/site-packages/airflow/example_dags/example_branch_labels.py
[2023-04-28T18:17:52.173-0300] {logging_mixin.py:137} INFO - [2023-04-28T18:17:52.173-0300] {dag.py:2705} INFO - Sync 1 DAGs
[2023-04-28T18:17:52.186-0300] {logging_mixin.py:137} INFO - [2023-04-28T18:17:52.186-0300] {dag.py:3452} INFO - Setting next_dagrun for example_branch_labels to 2023-04-27T00:00:00+00:00, run_after=2023-04-28T00:00:00+00:00
[2023-04-28T18:17:52.203-0300] {processor.py:175} INFO - Processing /home/lcscarv/projetos/indicium/desafio_5/.venv/lib/python3.8/site-packages/airflow/example_dags/example_branch_labels.py took 0.123 seconds
[2023-04-28T18:18:37.030-0300] {processor.py:153} INFO - Started process (PID=6220) to work on /home/lcscarv/projetos/indicium/desafio_5/.venv/lib/python3.8/site-packages/airflow/example_dags/example_branch_labels.py
[2023-04-28T18:18:37.031-0300] {processor.py:743} INFO - Processing file /home/lcscarv/projetos/indicium/desafio_5/.venv/lib/python3.8/site-packages/airflow/example_dags/example_branch_labels.py for tasks to queue
[2023-04-28T18:18:37.032-0300] {logging_mixin.py:137} INFO - [2023-04-28T18:18:37.032-0300] {dagbag.py:532} INFO - Filling up the DagBag from /home/lcscarv/projetos/indicium/desafio_5/.venv/lib/python3.8/site-packages/airflow/example_dags/example_branch_labels.py
[2023-04-28T18:18:37.042-0300] {processor.py:753} INFO - DAG(s) dict_keys(['example_branch_labels']) retrieved from /home/lcscarv/projetos/indicium/desafio_5/.venv/lib/python3.8/site-packages/airflow/example_dags/example_branch_labels.py
[2023-04-28T18:18:37.063-0300] {logging_mixin.py:137} INFO - [2023-04-28T18:18:37.063-0300] {dag.py:2705} INFO - Sync 1 DAGs
[2023-04-28T18:18:37.078-0300] {logging_mixin.py:137} INFO - [2023-04-28T18:18:37.078-0300] {dag.py:3452} INFO - Setting next_dagrun for example_branch_labels to 2023-04-27T00:00:00+00:00, run_after=2023-04-28T00:00:00+00:00
[2023-04-28T18:18:37.099-0300] {processor.py:175} INFO - Processing /home/lcscarv/projetos/indicium/desafio_5/.venv/lib/python3.8/site-packages/airflow/example_dags/example_branch_labels.py took 0.070 seconds
[2023-04-28T18:19:30.957-0300] {processor.py:153} INFO - Started process (PID=6270) to work on /home/lcscarv/projetos/indicium/desafio_5/.venv/lib/python3.8/site-packages/airflow/example_dags/example_branch_labels.py
[2023-04-28T18:19:30.958-0300] {processor.py:743} INFO - Processing file /home/lcscarv/projetos/indicium/desafio_5/.venv/lib/python3.8/site-packages/airflow/example_dags/example_branch_labels.py for tasks to queue
[2023-04-28T18:19:30.958-0300] {logging_mixin.py:137} INFO - [2023-04-28T18:19:30.958-0300] {dagbag.py:532} INFO - Filling up the DagBag from /home/lcscarv/projetos/indicium/desafio_5/.venv/lib/python3.8/site-packages/airflow/example_dags/example_branch_labels.py
[2023-04-28T18:19:30.968-0300] {processor.py:753} INFO - DAG(s) dict_keys(['example_branch_labels']) retrieved from /home/lcscarv/projetos/indicium/desafio_5/.venv/lib/python3.8/site-packages/airflow/example_dags/example_branch_labels.py
[2023-04-28T18:19:30.982-0300] {logging_mixin.py:137} INFO - [2023-04-28T18:19:30.982-0300] {dag.py:2705} INFO - Sync 1 DAGs
[2023-04-28T18:19:30.996-0300] {logging_mixin.py:137} INFO - [2023-04-28T18:19:30.996-0300] {dag.py:3452} INFO - Setting next_dagrun for example_branch_labels to 2023-04-27T00:00:00+00:00, run_after=2023-04-28T00:00:00+00:00
[2023-04-28T18:19:31.015-0300] {processor.py:175} INFO - Processing /home/lcscarv/projetos/indicium/desafio_5/.venv/lib/python3.8/site-packages/airflow/example_dags/example_branch_labels.py took 0.061 seconds
[2023-04-28T18:20:20.988-0300] {processor.py:153} INFO - Started process (PID=6366) to work on /home/lcscarv/projetos/indicium/desafio_5/.venv/lib/python3.8/site-packages/airflow/example_dags/example_branch_labels.py
[2023-04-28T18:20:20.989-0300] {processor.py:743} INFO - Processing file /home/lcscarv/projetos/indicium/desafio_5/.venv/lib/python3.8/site-packages/airflow/example_dags/example_branch_labels.py for tasks to queue
[2023-04-28T18:20:20.989-0300] {logging_mixin.py:137} INFO - [2023-04-28T18:20:20.989-0300] {dagbag.py:532} INFO - Filling up the DagBag from /home/lcscarv/projetos/indicium/desafio_5/.venv/lib/python3.8/site-packages/airflow/example_dags/example_branch_labels.py
[2023-04-28T18:20:21.000-0300] {processor.py:753} INFO - DAG(s) dict_keys(['example_branch_labels']) retrieved from /home/lcscarv/projetos/indicium/desafio_5/.venv/lib/python3.8/site-packages/airflow/example_dags/example_branch_labels.py
[2023-04-28T18:20:21.014-0300] {logging_mixin.py:137} INFO - [2023-04-28T18:20:21.014-0300] {dag.py:2705} INFO - Sync 1 DAGs
[2023-04-28T18:20:21.096-0300] {logging_mixin.py:137} INFO - [2023-04-28T18:20:21.095-0300] {dag.py:3452} INFO - Setting next_dagrun for example_branch_labels to 2023-04-27T00:00:00+00:00, run_after=2023-04-28T00:00:00+00:00
[2023-04-28T18:20:21.113-0300] {processor.py:175} INFO - Processing /home/lcscarv/projetos/indicium/desafio_5/.venv/lib/python3.8/site-packages/airflow/example_dags/example_branch_labels.py took 0.128 seconds
[2023-04-28T18:21:09.875-0300] {processor.py:153} INFO - Started process (PID=6411) to work on /home/lcscarv/projetos/indicium/desafio_5/.venv/lib/python3.8/site-packages/airflow/example_dags/example_branch_labels.py
[2023-04-28T18:21:09.887-0300] {processor.py:743} INFO - Processing file /home/lcscarv/projetos/indicium/desafio_5/.venv/lib/python3.8/site-packages/airflow/example_dags/example_branch_labels.py for tasks to queue
[2023-04-28T18:21:09.888-0300] {logging_mixin.py:137} INFO - [2023-04-28T18:21:09.888-0300] {dagbag.py:532} INFO - Filling up the DagBag from /home/lcscarv/projetos/indicium/desafio_5/.venv/lib/python3.8/site-packages/airflow/example_dags/example_branch_labels.py
[2023-04-28T18:21:09.901-0300] {processor.py:753} INFO - DAG(s) dict_keys(['example_branch_labels']) retrieved from /home/lcscarv/projetos/indicium/desafio_5/.venv/lib/python3.8/site-packages/airflow/example_dags/example_branch_labels.py
[2023-04-28T18:21:09.983-0300] {logging_mixin.py:137} INFO - [2023-04-28T18:21:09.983-0300] {dag.py:2705} INFO - Sync 1 DAGs
[2023-04-28T18:21:10.000-0300] {logging_mixin.py:137} INFO - [2023-04-28T18:21:10.000-0300] {dag.py:3452} INFO - Setting next_dagrun for example_branch_labels to 2023-04-27T00:00:00+00:00, run_after=2023-04-28T00:00:00+00:00
[2023-04-28T18:21:10.049-0300] {processor.py:175} INFO - Processing /home/lcscarv/projetos/indicium/desafio_5/.venv/lib/python3.8/site-packages/airflow/example_dags/example_branch_labels.py took 0.177 seconds
