[2023-04-28T18:00:23.466-0300] {processor.py:153} INFO - Started process (PID=4538) to work on /home/lcscarv/projetos/indicium/desafio_5/.venv/lib/python3.8/site-packages/airflow/example_dags/example_time_delta_sensor_async.py
[2023-04-28T18:00:23.466-0300] {processor.py:743} INFO - Processing file /home/lcscarv/projetos/indicium/desafio_5/.venv/lib/python3.8/site-packages/airflow/example_dags/example_time_delta_sensor_async.py for tasks to queue
[2023-04-28T18:00:23.467-0300] {logging_mixin.py:137} INFO - [2023-04-28T18:00:23.466-0300] {dagbag.py:532} INFO - Filling up the DagBag from /home/lcscarv/projetos/indicium/desafio_5/.venv/lib/python3.8/site-packages/airflow/example_dags/example_time_delta_sensor_async.py
[2023-04-28T18:00:23.474-0300] {processor.py:753} INFO - DAG(s) dict_keys(['example_time_delta_sensor_async']) retrieved from /home/lcscarv/projetos/indicium/desafio_5/.venv/lib/python3.8/site-packages/airflow/example_dags/example_time_delta_sensor_async.py
[2023-04-28T18:00:23.487-0300] {logging_mixin.py:137} INFO - [2023-04-28T18:00:23.487-0300] {dag.py:2705} INFO - Sync 1 DAGs
[2023-04-28T18:00:23.499-0300] {logging_mixin.py:137} INFO - [2023-04-28T18:00:23.499-0300] {dag.py:3452} INFO - Setting next_dagrun for example_time_delta_sensor_async to None, run_after=None
[2023-04-28T18:00:23.518-0300] {processor.py:175} INFO - Processing /home/lcscarv/projetos/indicium/desafio_5/.venv/lib/python3.8/site-packages/airflow/example_dags/example_time_delta_sensor_async.py took 0.054 seconds
[2023-04-28T18:01:06.831-0300] {processor.py:153} INFO - Started process (PID=4633) to work on /home/lcscarv/projetos/indicium/desafio_5/.venv/lib/python3.8/site-packages/airflow/example_dags/example_time_delta_sensor_async.py
[2023-04-28T18:01:06.832-0300] {processor.py:743} INFO - Processing file /home/lcscarv/projetos/indicium/desafio_5/.venv/lib/python3.8/site-packages/airflow/example_dags/example_time_delta_sensor_async.py for tasks to queue
[2023-04-28T18:01:06.832-0300] {logging_mixin.py:137} INFO - [2023-04-28T18:01:06.832-0300] {dagbag.py:532} INFO - Filling up the DagBag from /home/lcscarv/projetos/indicium/desafio_5/.venv/lib/python3.8/site-packages/airflow/example_dags/example_time_delta_sensor_async.py
[2023-04-28T18:01:06.841-0300] {processor.py:753} INFO - DAG(s) dict_keys(['example_time_delta_sensor_async']) retrieved from /home/lcscarv/projetos/indicium/desafio_5/.venv/lib/python3.8/site-packages/airflow/example_dags/example_time_delta_sensor_async.py
[2023-04-28T18:01:06.856-0300] {logging_mixin.py:137} INFO - [2023-04-28T18:01:06.856-0300] {dag.py:2705} INFO - Sync 1 DAGs
[2023-04-28T18:01:06.868-0300] {logging_mixin.py:137} INFO - [2023-04-28T18:01:06.868-0300] {dag.py:3452} INFO - Setting next_dagrun for example_time_delta_sensor_async to None, run_after=None
[2023-04-28T18:01:06.888-0300] {processor.py:175} INFO - Processing /home/lcscarv/projetos/indicium/desafio_5/.venv/lib/python3.8/site-packages/airflow/example_dags/example_time_delta_sensor_async.py took 0.060 seconds
[2023-04-28T18:01:50.682-0300] {processor.py:153} INFO - Started process (PID=4675) to work on /home/lcscarv/projetos/indicium/desafio_5/.venv/lib/python3.8/site-packages/airflow/example_dags/example_time_delta_sensor_async.py
[2023-04-28T18:01:50.684-0300] {processor.py:743} INFO - Processing file /home/lcscarv/projetos/indicium/desafio_5/.venv/lib/python3.8/site-packages/airflow/example_dags/example_time_delta_sensor_async.py for tasks to queue
[2023-04-28T18:01:50.685-0300] {logging_mixin.py:137} INFO - [2023-04-28T18:01:50.685-0300] {dagbag.py:532} INFO - Filling up the DagBag from /home/lcscarv/projetos/indicium/desafio_5/.venv/lib/python3.8/site-packages/airflow/example_dags/example_time_delta_sensor_async.py
[2023-04-28T18:01:50.698-0300] {processor.py:753} INFO - DAG(s) dict_keys(['example_time_delta_sensor_async']) retrieved from /home/lcscarv/projetos/indicium/desafio_5/.venv/lib/python3.8/site-packages/airflow/example_dags/example_time_delta_sensor_async.py
[2023-04-28T18:01:50.719-0300] {logging_mixin.py:137} INFO - [2023-04-28T18:01:50.719-0300] {dag.py:2705} INFO - Sync 1 DAGs
[2023-04-28T18:01:50.763-0300] {logging_mixin.py:137} INFO - [2023-04-28T18:01:50.762-0300] {dag.py:3452} INFO - Setting next_dagrun for example_time_delta_sensor_async to None, run_after=None
[2023-04-28T18:01:50.809-0300] {processor.py:175} INFO - Processing /home/lcscarv/projetos/indicium/desafio_5/.venv/lib/python3.8/site-packages/airflow/example_dags/example_time_delta_sensor_async.py took 0.130 seconds
[2023-04-28T18:02:44.211-0300] {processor.py:153} INFO - Started process (PID=4766) to work on /home/lcscarv/projetos/indicium/desafio_5/.venv/lib/python3.8/site-packages/airflow/example_dags/example_time_delta_sensor_async.py
[2023-04-28T18:02:44.214-0300] {processor.py:743} INFO - Processing file /home/lcscarv/projetos/indicium/desafio_5/.venv/lib/python3.8/site-packages/airflow/example_dags/example_time_delta_sensor_async.py for tasks to queue
[2023-04-28T18:02:44.215-0300] {logging_mixin.py:137} INFO - [2023-04-28T18:02:44.215-0300] {dagbag.py:532} INFO - Filling up the DagBag from /home/lcscarv/projetos/indicium/desafio_5/.venv/lib/python3.8/site-packages/airflow/example_dags/example_time_delta_sensor_async.py
[2023-04-28T18:02:44.251-0300] {processor.py:753} INFO - DAG(s) dict_keys(['example_time_delta_sensor_async']) retrieved from /home/lcscarv/projetos/indicium/desafio_5/.venv/lib/python3.8/site-packages/airflow/example_dags/example_time_delta_sensor_async.py
[2023-04-28T18:02:44.299-0300] {logging_mixin.py:137} INFO - [2023-04-28T18:02:44.298-0300] {dag.py:2705} INFO - Sync 1 DAGs
[2023-04-28T18:02:44.344-0300] {logging_mixin.py:137} INFO - [2023-04-28T18:02:44.343-0300] {dag.py:3452} INFO - Setting next_dagrun for example_time_delta_sensor_async to None, run_after=None
[2023-04-28T18:02:44.396-0300] {processor.py:175} INFO - Processing /home/lcscarv/projetos/indicium/desafio_5/.venv/lib/python3.8/site-packages/airflow/example_dags/example_time_delta_sensor_async.py took 0.191 seconds
[2023-04-28T18:03:28.569-0300] {processor.py:153} INFO - Started process (PID=4854) to work on /home/lcscarv/projetos/indicium/desafio_5/.venv/lib/python3.8/site-packages/airflow/example_dags/example_time_delta_sensor_async.py
[2023-04-28T18:03:28.571-0300] {processor.py:743} INFO - Processing file /home/lcscarv/projetos/indicium/desafio_5/.venv/lib/python3.8/site-packages/airflow/example_dags/example_time_delta_sensor_async.py for tasks to queue
[2023-04-28T18:03:28.572-0300] {logging_mixin.py:137} INFO - [2023-04-28T18:03:28.572-0300] {dagbag.py:532} INFO - Filling up the DagBag from /home/lcscarv/projetos/indicium/desafio_5/.venv/lib/python3.8/site-packages/airflow/example_dags/example_time_delta_sensor_async.py
[2023-04-28T18:03:28.585-0300] {processor.py:753} INFO - DAG(s) dict_keys(['example_time_delta_sensor_async']) retrieved from /home/lcscarv/projetos/indicium/desafio_5/.venv/lib/python3.8/site-packages/airflow/example_dags/example_time_delta_sensor_async.py
[2023-04-28T18:03:28.597-0300] {logging_mixin.py:137} INFO - [2023-04-28T18:03:28.597-0300] {dag.py:2705} INFO - Sync 1 DAGs
[2023-04-28T18:03:28.609-0300] {logging_mixin.py:137} INFO - [2023-04-28T18:03:28.609-0300] {dag.py:3452} INFO - Setting next_dagrun for example_time_delta_sensor_async to None, run_after=None
[2023-04-28T18:03:28.627-0300] {processor.py:175} INFO - Processing /home/lcscarv/projetos/indicium/desafio_5/.venv/lib/python3.8/site-packages/airflow/example_dags/example_time_delta_sensor_async.py took 0.060 seconds
[2023-04-28T18:04:10.455-0300] {processor.py:153} INFO - Started process (PID=4896) to work on /home/lcscarv/projetos/indicium/desafio_5/.venv/lib/python3.8/site-packages/airflow/example_dags/example_time_delta_sensor_async.py
[2023-04-28T18:04:10.456-0300] {processor.py:743} INFO - Processing file /home/lcscarv/projetos/indicium/desafio_5/.venv/lib/python3.8/site-packages/airflow/example_dags/example_time_delta_sensor_async.py for tasks to queue
[2023-04-28T18:04:10.457-0300] {logging_mixin.py:137} INFO - [2023-04-28T18:04:10.456-0300] {dagbag.py:532} INFO - Filling up the DagBag from /home/lcscarv/projetos/indicium/desafio_5/.venv/lib/python3.8/site-packages/airflow/example_dags/example_time_delta_sensor_async.py
[2023-04-28T18:04:10.464-0300] {processor.py:753} INFO - DAG(s) dict_keys(['example_time_delta_sensor_async']) retrieved from /home/lcscarv/projetos/indicium/desafio_5/.venv/lib/python3.8/site-packages/airflow/example_dags/example_time_delta_sensor_async.py
[2023-04-28T18:04:10.477-0300] {logging_mixin.py:137} INFO - [2023-04-28T18:04:10.477-0300] {dag.py:2705} INFO - Sync 1 DAGs
[2023-04-28T18:04:10.489-0300] {logging_mixin.py:137} INFO - [2023-04-28T18:04:10.488-0300] {dag.py:3452} INFO - Setting next_dagrun for example_time_delta_sensor_async to None, run_after=None
[2023-04-28T18:04:10.506-0300] {processor.py:175} INFO - Processing /home/lcscarv/projetos/indicium/desafio_5/.venv/lib/python3.8/site-packages/airflow/example_dags/example_time_delta_sensor_async.py took 0.054 seconds
[2023-04-28T18:04:47.771-0300] {processor.py:153} INFO - Started process (PID=4984) to work on /home/lcscarv/projetos/indicium/desafio_5/.venv/lib/python3.8/site-packages/airflow/example_dags/example_time_delta_sensor_async.py
[2023-04-28T18:04:47.772-0300] {processor.py:743} INFO - Processing file /home/lcscarv/projetos/indicium/desafio_5/.venv/lib/python3.8/site-packages/airflow/example_dags/example_time_delta_sensor_async.py for tasks to queue
[2023-04-28T18:04:47.773-0300] {logging_mixin.py:137} INFO - [2023-04-28T18:04:47.772-0300] {dagbag.py:532} INFO - Filling up the DagBag from /home/lcscarv/projetos/indicium/desafio_5/.venv/lib/python3.8/site-packages/airflow/example_dags/example_time_delta_sensor_async.py
[2023-04-28T18:04:47.782-0300] {processor.py:753} INFO - DAG(s) dict_keys(['example_time_delta_sensor_async']) retrieved from /home/lcscarv/projetos/indicium/desafio_5/.venv/lib/python3.8/site-packages/airflow/example_dags/example_time_delta_sensor_async.py
[2023-04-28T18:04:47.795-0300] {logging_mixin.py:137} INFO - [2023-04-28T18:04:47.795-0300] {dag.py:2705} INFO - Sync 1 DAGs
[2023-04-28T18:04:47.806-0300] {logging_mixin.py:137} INFO - [2023-04-28T18:04:47.806-0300] {dag.py:3452} INFO - Setting next_dagrun for example_time_delta_sensor_async to None, run_after=None
[2023-04-28T18:04:47.826-0300] {processor.py:175} INFO - Processing /home/lcscarv/projetos/indicium/desafio_5/.venv/lib/python3.8/site-packages/airflow/example_dags/example_time_delta_sensor_async.py took 0.057 seconds
[2023-04-28T18:05:29.777-0300] {processor.py:153} INFO - Started process (PID=5078) to work on /home/lcscarv/projetos/indicium/desafio_5/.venv/lib/python3.8/site-packages/airflow/example_dags/example_time_delta_sensor_async.py
[2023-04-28T18:05:29.781-0300] {processor.py:743} INFO - Processing file /home/lcscarv/projetos/indicium/desafio_5/.venv/lib/python3.8/site-packages/airflow/example_dags/example_time_delta_sensor_async.py for tasks to queue
[2023-04-28T18:05:29.782-0300] {logging_mixin.py:137} INFO - [2023-04-28T18:05:29.782-0300] {dagbag.py:532} INFO - Filling up the DagBag from /home/lcscarv/projetos/indicium/desafio_5/.venv/lib/python3.8/site-packages/airflow/example_dags/example_time_delta_sensor_async.py
[2023-04-28T18:05:29.789-0300] {processor.py:753} INFO - DAG(s) dict_keys(['example_time_delta_sensor_async']) retrieved from /home/lcscarv/projetos/indicium/desafio_5/.venv/lib/python3.8/site-packages/airflow/example_dags/example_time_delta_sensor_async.py
[2023-04-28T18:05:29.801-0300] {logging_mixin.py:137} INFO - [2023-04-28T18:05:29.801-0300] {dag.py:2705} INFO - Sync 1 DAGs
[2023-04-28T18:05:29.812-0300] {logging_mixin.py:137} INFO - [2023-04-28T18:05:29.812-0300] {dag.py:3452} INFO - Setting next_dagrun for example_time_delta_sensor_async to None, run_after=None
[2023-04-28T18:05:29.829-0300] {processor.py:175} INFO - Processing /home/lcscarv/projetos/indicium/desafio_5/.venv/lib/python3.8/site-packages/airflow/example_dags/example_time_delta_sensor_async.py took 0.055 seconds
[2023-04-28T18:06:03.451-0300] {processor.py:153} INFO - Started process (PID=5113) to work on /home/lcscarv/projetos/indicium/desafio_5/.venv/lib/python3.8/site-packages/airflow/example_dags/example_time_delta_sensor_async.py
[2023-04-28T18:06:03.451-0300] {processor.py:743} INFO - Processing file /home/lcscarv/projetos/indicium/desafio_5/.venv/lib/python3.8/site-packages/airflow/example_dags/example_time_delta_sensor_async.py for tasks to queue
[2023-04-28T18:06:03.452-0300] {logging_mixin.py:137} INFO - [2023-04-28T18:06:03.452-0300] {dagbag.py:532} INFO - Filling up the DagBag from /home/lcscarv/projetos/indicium/desafio_5/.venv/lib/python3.8/site-packages/airflow/example_dags/example_time_delta_sensor_async.py
[2023-04-28T18:06:03.459-0300] {processor.py:753} INFO - DAG(s) dict_keys(['example_time_delta_sensor_async']) retrieved from /home/lcscarv/projetos/indicium/desafio_5/.venv/lib/python3.8/site-packages/airflow/example_dags/example_time_delta_sensor_async.py
[2023-04-28T18:06:03.471-0300] {logging_mixin.py:137} INFO - [2023-04-28T18:06:03.471-0300] {dag.py:2705} INFO - Sync 1 DAGs
[2023-04-28T18:06:03.482-0300] {logging_mixin.py:137} INFO - [2023-04-28T18:06:03.482-0300] {dag.py:3452} INFO - Setting next_dagrun for example_time_delta_sensor_async to None, run_after=None
[2023-04-28T18:06:03.500-0300] {processor.py:175} INFO - Processing /home/lcscarv/projetos/indicium/desafio_5/.venv/lib/python3.8/site-packages/airflow/example_dags/example_time_delta_sensor_async.py took 0.052 seconds
[2023-04-28T18:06:38.154-0300] {processor.py:153} INFO - Started process (PID=5148) to work on /home/lcscarv/projetos/indicium/desafio_5/.venv/lib/python3.8/site-packages/airflow/example_dags/example_time_delta_sensor_async.py
[2023-04-28T18:06:38.156-0300] {processor.py:743} INFO - Processing file /home/lcscarv/projetos/indicium/desafio_5/.venv/lib/python3.8/site-packages/airflow/example_dags/example_time_delta_sensor_async.py for tasks to queue
[2023-04-28T18:06:38.156-0300] {logging_mixin.py:137} INFO - [2023-04-28T18:06:38.156-0300] {dagbag.py:532} INFO - Filling up the DagBag from /home/lcscarv/projetos/indicium/desafio_5/.venv/lib/python3.8/site-packages/airflow/example_dags/example_time_delta_sensor_async.py
[2023-04-28T18:06:38.164-0300] {processor.py:753} INFO - DAG(s) dict_keys(['example_time_delta_sensor_async']) retrieved from /home/lcscarv/projetos/indicium/desafio_5/.venv/lib/python3.8/site-packages/airflow/example_dags/example_time_delta_sensor_async.py
[2023-04-28T18:06:38.177-0300] {logging_mixin.py:137} INFO - [2023-04-28T18:06:38.177-0300] {dag.py:2705} INFO - Sync 1 DAGs
[2023-04-28T18:06:38.189-0300] {logging_mixin.py:137} INFO - [2023-04-28T18:06:38.189-0300] {dag.py:3452} INFO - Setting next_dagrun for example_time_delta_sensor_async to None, run_after=None
[2023-04-28T18:06:38.209-0300] {processor.py:175} INFO - Processing /home/lcscarv/projetos/indicium/desafio_5/.venv/lib/python3.8/site-packages/airflow/example_dags/example_time_delta_sensor_async.py took 0.057 seconds
[2023-04-28T18:07:39.366-0300] {processor.py:153} INFO - Started process (PID=5284) to work on /home/lcscarv/projetos/indicium/desafio_5/.venv/lib/python3.8/site-packages/airflow/example_dags/example_time_delta_sensor_async.py
[2023-04-28T18:07:39.368-0300] {processor.py:743} INFO - Processing file /home/lcscarv/projetos/indicium/desafio_5/.venv/lib/python3.8/site-packages/airflow/example_dags/example_time_delta_sensor_async.py for tasks to queue
[2023-04-28T18:07:39.368-0300] {logging_mixin.py:137} INFO - [2023-04-28T18:07:39.368-0300] {dagbag.py:532} INFO - Filling up the DagBag from /home/lcscarv/projetos/indicium/desafio_5/.venv/lib/python3.8/site-packages/airflow/example_dags/example_time_delta_sensor_async.py
[2023-04-28T18:07:39.379-0300] {processor.py:753} INFO - DAG(s) dict_keys(['example_time_delta_sensor_async']) retrieved from /home/lcscarv/projetos/indicium/desafio_5/.venv/lib/python3.8/site-packages/airflow/example_dags/example_time_delta_sensor_async.py
[2023-04-28T18:07:39.395-0300] {logging_mixin.py:137} INFO - [2023-04-28T18:07:39.395-0300] {dag.py:2705} INFO - Sync 1 DAGs
[2023-04-28T18:07:39.409-0300] {logging_mixin.py:137} INFO - [2023-04-28T18:07:39.409-0300] {dag.py:3452} INFO - Setting next_dagrun for example_time_delta_sensor_async to None, run_after=None
[2023-04-28T18:07:39.434-0300] {processor.py:175} INFO - Processing /home/lcscarv/projetos/indicium/desafio_5/.venv/lib/python3.8/site-packages/airflow/example_dags/example_time_delta_sensor_async.py took 0.070 seconds
[2023-04-28T18:08:29.272-0300] {processor.py:153} INFO - Started process (PID=5388) to work on /home/lcscarv/projetos/indicium/desafio_5/.venv/lib/python3.8/site-packages/airflow/example_dags/example_time_delta_sensor_async.py
[2023-04-28T18:08:29.374-0300] {processor.py:743} INFO - Processing file /home/lcscarv/projetos/indicium/desafio_5/.venv/lib/python3.8/site-packages/airflow/example_dags/example_time_delta_sensor_async.py for tasks to queue
[2023-04-28T18:08:29.376-0300] {logging_mixin.py:137} INFO - [2023-04-28T18:08:29.376-0300] {dagbag.py:532} INFO - Filling up the DagBag from /home/lcscarv/projetos/indicium/desafio_5/.venv/lib/python3.8/site-packages/airflow/example_dags/example_time_delta_sensor_async.py
[2023-04-28T18:08:29.387-0300] {processor.py:753} INFO - DAG(s) dict_keys(['example_time_delta_sensor_async']) retrieved from /home/lcscarv/projetos/indicium/desafio_5/.venv/lib/python3.8/site-packages/airflow/example_dags/example_time_delta_sensor_async.py
[2023-04-28T18:08:29.401-0300] {logging_mixin.py:137} INFO - [2023-04-28T18:08:29.401-0300] {dag.py:2705} INFO - Sync 1 DAGs
[2023-04-28T18:08:29.414-0300] {logging_mixin.py:137} INFO - [2023-04-28T18:08:29.414-0300] {dag.py:3452} INFO - Setting next_dagrun for example_time_delta_sensor_async to None, run_after=None
[2023-04-28T18:08:29.529-0300] {processor.py:175} INFO - Processing /home/lcscarv/projetos/indicium/desafio_5/.venv/lib/python3.8/site-packages/airflow/example_dags/example_time_delta_sensor_async.py took 0.259 seconds
[2023-04-28T18:09:16.893-0300] {processor.py:153} INFO - Started process (PID=5483) to work on /home/lcscarv/projetos/indicium/desafio_5/.venv/lib/python3.8/site-packages/airflow/example_dags/example_time_delta_sensor_async.py
[2023-04-28T18:09:16.894-0300] {processor.py:743} INFO - Processing file /home/lcscarv/projetos/indicium/desafio_5/.venv/lib/python3.8/site-packages/airflow/example_dags/example_time_delta_sensor_async.py for tasks to queue
[2023-04-28T18:09:16.894-0300] {logging_mixin.py:137} INFO - [2023-04-28T18:09:16.894-0300] {dagbag.py:532} INFO - Filling up the DagBag from /home/lcscarv/projetos/indicium/desafio_5/.venv/lib/python3.8/site-packages/airflow/example_dags/example_time_delta_sensor_async.py
[2023-04-28T18:09:16.902-0300] {processor.py:753} INFO - DAG(s) dict_keys(['example_time_delta_sensor_async']) retrieved from /home/lcscarv/projetos/indicium/desafio_5/.venv/lib/python3.8/site-packages/airflow/example_dags/example_time_delta_sensor_async.py
[2023-04-28T18:09:16.917-0300] {logging_mixin.py:137} INFO - [2023-04-28T18:09:16.917-0300] {dag.py:2705} INFO - Sync 1 DAGs
[2023-04-28T18:09:16.931-0300] {logging_mixin.py:137} INFO - [2023-04-28T18:09:16.931-0300] {dag.py:3452} INFO - Setting next_dagrun for example_time_delta_sensor_async to None, run_after=None
[2023-04-28T18:09:16.956-0300] {processor.py:175} INFO - Processing /home/lcscarv/projetos/indicium/desafio_5/.venv/lib/python3.8/site-packages/airflow/example_dags/example_time_delta_sensor_async.py took 0.065 seconds
[2023-04-28T18:10:00.739-0300] {processor.py:153} INFO - Started process (PID=5525) to work on /home/lcscarv/projetos/indicium/desafio_5/.venv/lib/python3.8/site-packages/airflow/example_dags/example_time_delta_sensor_async.py
[2023-04-28T18:10:00.755-0300] {processor.py:743} INFO - Processing file /home/lcscarv/projetos/indicium/desafio_5/.venv/lib/python3.8/site-packages/airflow/example_dags/example_time_delta_sensor_async.py for tasks to queue
[2023-04-28T18:10:00.756-0300] {logging_mixin.py:137} INFO - [2023-04-28T18:10:00.755-0300] {dagbag.py:532} INFO - Filling up the DagBag from /home/lcscarv/projetos/indicium/desafio_5/.venv/lib/python3.8/site-packages/airflow/example_dags/example_time_delta_sensor_async.py
[2023-04-28T18:10:00.763-0300] {processor.py:753} INFO - DAG(s) dict_keys(['example_time_delta_sensor_async']) retrieved from /home/lcscarv/projetos/indicium/desafio_5/.venv/lib/python3.8/site-packages/airflow/example_dags/example_time_delta_sensor_async.py
[2023-04-28T18:10:00.777-0300] {logging_mixin.py:137} INFO - [2023-04-28T18:10:00.777-0300] {dag.py:2705} INFO - Sync 1 DAGs
[2023-04-28T18:10:00.788-0300] {logging_mixin.py:137} INFO - [2023-04-28T18:10:00.788-0300] {dag.py:3452} INFO - Setting next_dagrun for example_time_delta_sensor_async to None, run_after=None
[2023-04-28T18:10:04.684-0300] {processor.py:175} INFO - Processing /home/lcscarv/projetos/indicium/desafio_5/.venv/lib/python3.8/site-packages/airflow/example_dags/example_time_delta_sensor_async.py took 3.947 seconds
[2023-04-28T18:10:39.368-0300] {processor.py:153} INFO - Started process (PID=5659) to work on /home/lcscarv/projetos/indicium/desafio_5/.venv/lib/python3.8/site-packages/airflow/example_dags/example_time_delta_sensor_async.py
[2023-04-28T18:10:39.441-0300] {processor.py:743} INFO - Processing file /home/lcscarv/projetos/indicium/desafio_5/.venv/lib/python3.8/site-packages/airflow/example_dags/example_time_delta_sensor_async.py for tasks to queue
[2023-04-28T18:10:39.442-0300] {logging_mixin.py:137} INFO - [2023-04-28T18:10:39.442-0300] {dagbag.py:532} INFO - Filling up the DagBag from /home/lcscarv/projetos/indicium/desafio_5/.venv/lib/python3.8/site-packages/airflow/example_dags/example_time_delta_sensor_async.py
[2023-04-28T18:10:39.455-0300] {processor.py:753} INFO - DAG(s) dict_keys(['example_time_delta_sensor_async']) retrieved from /home/lcscarv/projetos/indicium/desafio_5/.venv/lib/python3.8/site-packages/airflow/example_dags/example_time_delta_sensor_async.py
[2023-04-28T18:10:39.467-0300] {logging_mixin.py:137} INFO - [2023-04-28T18:10:39.466-0300] {dag.py:2705} INFO - Sync 1 DAGs
[2023-04-28T18:10:39.478-0300] {logging_mixin.py:137} INFO - [2023-04-28T18:10:39.478-0300] {dag.py:3452} INFO - Setting next_dagrun for example_time_delta_sensor_async to None, run_after=None
[2023-04-28T18:10:39.549-0300] {processor.py:175} INFO - Processing /home/lcscarv/projetos/indicium/desafio_5/.venv/lib/python3.8/site-packages/airflow/example_dags/example_time_delta_sensor_async.py took 0.183 seconds
[2023-04-28T18:11:21.360-0300] {processor.py:153} INFO - Started process (PID=5746) to work on /home/lcscarv/projetos/indicium/desafio_5/.venv/lib/python3.8/site-packages/airflow/example_dags/example_time_delta_sensor_async.py
[2023-04-28T18:11:21.361-0300] {processor.py:743} INFO - Processing file /home/lcscarv/projetos/indicium/desafio_5/.venv/lib/python3.8/site-packages/airflow/example_dags/example_time_delta_sensor_async.py for tasks to queue
[2023-04-28T18:11:21.361-0300] {logging_mixin.py:137} INFO - [2023-04-28T18:11:21.361-0300] {dagbag.py:532} INFO - Filling up the DagBag from /home/lcscarv/projetos/indicium/desafio_5/.venv/lib/python3.8/site-packages/airflow/example_dags/example_time_delta_sensor_async.py
[2023-04-28T18:11:21.370-0300] {processor.py:753} INFO - DAG(s) dict_keys(['example_time_delta_sensor_async']) retrieved from /home/lcscarv/projetos/indicium/desafio_5/.venv/lib/python3.8/site-packages/airflow/example_dags/example_time_delta_sensor_async.py
[2023-04-28T18:11:21.384-0300] {logging_mixin.py:137} INFO - [2023-04-28T18:11:21.383-0300] {dag.py:2705} INFO - Sync 1 DAGs
[2023-04-28T18:11:21.397-0300] {logging_mixin.py:137} INFO - [2023-04-28T18:11:21.397-0300] {dag.py:3452} INFO - Setting next_dagrun for example_time_delta_sensor_async to None, run_after=None
[2023-04-28T18:11:21.418-0300] {processor.py:175} INFO - Processing /home/lcscarv/projetos/indicium/desafio_5/.venv/lib/python3.8/site-packages/airflow/example_dags/example_time_delta_sensor_async.py took 0.060 seconds
[2023-04-28T18:11:57.518-0300] {processor.py:153} INFO - Started process (PID=5830) to work on /home/lcscarv/projetos/indicium/desafio_5/.venv/lib/python3.8/site-packages/airflow/example_dags/example_time_delta_sensor_async.py
[2023-04-28T18:11:57.533-0300] {processor.py:743} INFO - Processing file /home/lcscarv/projetos/indicium/desafio_5/.venv/lib/python3.8/site-packages/airflow/example_dags/example_time_delta_sensor_async.py for tasks to queue
[2023-04-28T18:11:57.534-0300] {logging_mixin.py:137} INFO - [2023-04-28T18:11:57.534-0300] {dagbag.py:532} INFO - Filling up the DagBag from /home/lcscarv/projetos/indicium/desafio_5/.venv/lib/python3.8/site-packages/airflow/example_dags/example_time_delta_sensor_async.py
[2023-04-28T18:11:57.542-0300] {processor.py:753} INFO - DAG(s) dict_keys(['example_time_delta_sensor_async']) retrieved from /home/lcscarv/projetos/indicium/desafio_5/.venv/lib/python3.8/site-packages/airflow/example_dags/example_time_delta_sensor_async.py
[2023-04-28T18:11:57.555-0300] {logging_mixin.py:137} INFO - [2023-04-28T18:11:57.554-0300] {dag.py:2705} INFO - Sync 1 DAGs
[2023-04-28T18:11:57.567-0300] {logging_mixin.py:137} INFO - [2023-04-28T18:11:57.567-0300] {dag.py:3452} INFO - Setting next_dagrun for example_time_delta_sensor_async to None, run_after=None
[2023-04-28T18:11:57.838-0300] {processor.py:175} INFO - Processing /home/lcscarv/projetos/indicium/desafio_5/.venv/lib/python3.8/site-packages/airflow/example_dags/example_time_delta_sensor_async.py took 0.323 seconds
[2023-04-28T18:13:00.693-0300] {processor.py:153} INFO - Started process (PID=5876) to work on /home/lcscarv/projetos/indicium/desafio_5/.venv/lib/python3.8/site-packages/airflow/example_dags/example_time_delta_sensor_async.py
[2023-04-28T18:13:00.694-0300] {processor.py:743} INFO - Processing file /home/lcscarv/projetos/indicium/desafio_5/.venv/lib/python3.8/site-packages/airflow/example_dags/example_time_delta_sensor_async.py for tasks to queue
[2023-04-28T18:13:00.694-0300] {logging_mixin.py:137} INFO - [2023-04-28T18:13:00.694-0300] {dagbag.py:532} INFO - Filling up the DagBag from /home/lcscarv/projetos/indicium/desafio_5/.venv/lib/python3.8/site-packages/airflow/example_dags/example_time_delta_sensor_async.py
[2023-04-28T18:13:00.702-0300] {processor.py:753} INFO - DAG(s) dict_keys(['example_time_delta_sensor_async']) retrieved from /home/lcscarv/projetos/indicium/desafio_5/.venv/lib/python3.8/site-packages/airflow/example_dags/example_time_delta_sensor_async.py
[2023-04-28T18:13:00.716-0300] {logging_mixin.py:137} INFO - [2023-04-28T18:13:00.716-0300] {dag.py:2705} INFO - Sync 1 DAGs
[2023-04-28T18:13:00.729-0300] {logging_mixin.py:137} INFO - [2023-04-28T18:13:00.729-0300] {dag.py:3452} INFO - Setting next_dagrun for example_time_delta_sensor_async to None, run_after=None
[2023-04-28T18:13:00.750-0300] {processor.py:175} INFO - Processing /home/lcscarv/projetos/indicium/desafio_5/.venv/lib/python3.8/site-packages/airflow/example_dags/example_time_delta_sensor_async.py took 0.059 seconds
[2023-04-28T18:13:46.228-0300] {processor.py:153} INFO - Started process (PID=5917) to work on /home/lcscarv/projetos/indicium/desafio_5/.venv/lib/python3.8/site-packages/airflow/example_dags/example_time_delta_sensor_async.py
[2023-04-28T18:13:46.229-0300] {processor.py:743} INFO - Processing file /home/lcscarv/projetos/indicium/desafio_5/.venv/lib/python3.8/site-packages/airflow/example_dags/example_time_delta_sensor_async.py for tasks to queue
[2023-04-28T18:13:46.230-0300] {logging_mixin.py:137} INFO - [2023-04-28T18:13:46.230-0300] {dagbag.py:532} INFO - Filling up the DagBag from /home/lcscarv/projetos/indicium/desafio_5/.venv/lib/python3.8/site-packages/airflow/example_dags/example_time_delta_sensor_async.py
[2023-04-28T18:13:46.238-0300] {processor.py:753} INFO - DAG(s) dict_keys(['example_time_delta_sensor_async']) retrieved from /home/lcscarv/projetos/indicium/desafio_5/.venv/lib/python3.8/site-packages/airflow/example_dags/example_time_delta_sensor_async.py
[2023-04-28T18:13:46.251-0300] {logging_mixin.py:137} INFO - [2023-04-28T18:13:46.251-0300] {dag.py:2705} INFO - Sync 1 DAGs
[2023-04-28T18:13:46.264-0300] {logging_mixin.py:137} INFO - [2023-04-28T18:13:46.264-0300] {dag.py:3452} INFO - Setting next_dagrun for example_time_delta_sensor_async to None, run_after=None
[2023-04-28T18:13:46.290-0300] {processor.py:175} INFO - Processing /home/lcscarv/projetos/indicium/desafio_5/.venv/lib/python3.8/site-packages/airflow/example_dags/example_time_delta_sensor_async.py took 0.065 seconds
[2023-04-28T18:14:28.869-0300] {processor.py:153} INFO - Started process (PID=5951) to work on /home/lcscarv/projetos/indicium/desafio_5/.venv/lib/python3.8/site-packages/airflow/example_dags/example_time_delta_sensor_async.py
[2023-04-28T18:14:28.943-0300] {processor.py:743} INFO - Processing file /home/lcscarv/projetos/indicium/desafio_5/.venv/lib/python3.8/site-packages/airflow/example_dags/example_time_delta_sensor_async.py for tasks to queue
[2023-04-28T18:14:28.944-0300] {logging_mixin.py:137} INFO - [2023-04-28T18:14:28.944-0300] {dagbag.py:532} INFO - Filling up the DagBag from /home/lcscarv/projetos/indicium/desafio_5/.venv/lib/python3.8/site-packages/airflow/example_dags/example_time_delta_sensor_async.py
[2023-04-28T18:14:28.956-0300] {processor.py:753} INFO - DAG(s) dict_keys(['example_time_delta_sensor_async']) retrieved from /home/lcscarv/projetos/indicium/desafio_5/.venv/lib/python3.8/site-packages/airflow/example_dags/example_time_delta_sensor_async.py
[2023-04-28T18:14:28.968-0300] {logging_mixin.py:137} INFO - [2023-04-28T18:14:28.967-0300] {dag.py:2705} INFO - Sync 1 DAGs
[2023-04-28T18:14:28.979-0300] {logging_mixin.py:137} INFO - [2023-04-28T18:14:28.979-0300] {dag.py:3452} INFO - Setting next_dagrun for example_time_delta_sensor_async to None, run_after=None
[2023-04-28T18:14:29.132-0300] {processor.py:175} INFO - Processing /home/lcscarv/projetos/indicium/desafio_5/.venv/lib/python3.8/site-packages/airflow/example_dags/example_time_delta_sensor_async.py took 0.265 seconds
[2023-04-28T18:15:22.272-0300] {processor.py:153} INFO - Started process (PID=6048) to work on /home/lcscarv/projetos/indicium/desafio_5/.venv/lib/python3.8/site-packages/airflow/example_dags/example_time_delta_sensor_async.py
[2023-04-28T18:15:22.337-0300] {processor.py:743} INFO - Processing file /home/lcscarv/projetos/indicium/desafio_5/.venv/lib/python3.8/site-packages/airflow/example_dags/example_time_delta_sensor_async.py for tasks to queue
[2023-04-28T18:15:22.339-0300] {logging_mixin.py:137} INFO - [2023-04-28T18:15:22.338-0300] {dagbag.py:532} INFO - Filling up the DagBag from /home/lcscarv/projetos/indicium/desafio_5/.venv/lib/python3.8/site-packages/airflow/example_dags/example_time_delta_sensor_async.py
[2023-04-28T18:15:22.352-0300] {processor.py:753} INFO - DAG(s) dict_keys(['example_time_delta_sensor_async']) retrieved from /home/lcscarv/projetos/indicium/desafio_5/.venv/lib/python3.8/site-packages/airflow/example_dags/example_time_delta_sensor_async.py
[2023-04-28T18:15:22.366-0300] {logging_mixin.py:137} INFO - [2023-04-28T18:15:22.365-0300] {dag.py:2705} INFO - Sync 1 DAGs
[2023-04-28T18:15:22.377-0300] {logging_mixin.py:137} INFO - [2023-04-28T18:15:22.377-0300] {dag.py:3452} INFO - Setting next_dagrun for example_time_delta_sensor_async to None, run_after=None
[2023-04-28T18:15:22.515-0300] {processor.py:175} INFO - Processing /home/lcscarv/projetos/indicium/desafio_5/.venv/lib/python3.8/site-packages/airflow/example_dags/example_time_delta_sensor_async.py took 0.245 seconds
[2023-04-28T18:16:03.137-0300] {processor.py:153} INFO - Started process (PID=6084) to work on /home/lcscarv/projetos/indicium/desafio_5/.venv/lib/python3.8/site-packages/airflow/example_dags/example_time_delta_sensor_async.py
[2023-04-28T18:16:03.138-0300] {processor.py:743} INFO - Processing file /home/lcscarv/projetos/indicium/desafio_5/.venv/lib/python3.8/site-packages/airflow/example_dags/example_time_delta_sensor_async.py for tasks to queue
[2023-04-28T18:16:03.139-0300] {logging_mixin.py:137} INFO - [2023-04-28T18:16:03.139-0300] {dagbag.py:532} INFO - Filling up the DagBag from /home/lcscarv/projetos/indicium/desafio_5/.venv/lib/python3.8/site-packages/airflow/example_dags/example_time_delta_sensor_async.py
[2023-04-28T18:16:03.148-0300] {processor.py:753} INFO - DAG(s) dict_keys(['example_time_delta_sensor_async']) retrieved from /home/lcscarv/projetos/indicium/desafio_5/.venv/lib/python3.8/site-packages/airflow/example_dags/example_time_delta_sensor_async.py
[2023-04-28T18:16:03.160-0300] {logging_mixin.py:137} INFO - [2023-04-28T18:16:03.160-0300] {dag.py:2705} INFO - Sync 1 DAGs
[2023-04-28T18:16:03.228-0300] {logging_mixin.py:137} INFO - [2023-04-28T18:16:03.228-0300] {dag.py:3452} INFO - Setting next_dagrun for example_time_delta_sensor_async to None, run_after=None
[2023-04-28T18:16:03.379-0300] {processor.py:175} INFO - Processing /home/lcscarv/projetos/indicium/desafio_5/.venv/lib/python3.8/site-packages/airflow/example_dags/example_time_delta_sensor_async.py took 0.245 seconds
[2023-04-28T18:16:42.414-0300] {processor.py:153} INFO - Started process (PID=6117) to work on /home/lcscarv/projetos/indicium/desafio_5/.venv/lib/python3.8/site-packages/airflow/example_dags/example_time_delta_sensor_async.py
[2023-04-28T18:16:42.415-0300] {processor.py:743} INFO - Processing file /home/lcscarv/projetos/indicium/desafio_5/.venv/lib/python3.8/site-packages/airflow/example_dags/example_time_delta_sensor_async.py for tasks to queue
[2023-04-28T18:16:42.416-0300] {logging_mixin.py:137} INFO - [2023-04-28T18:16:42.416-0300] {dagbag.py:532} INFO - Filling up the DagBag from /home/lcscarv/projetos/indicium/desafio_5/.venv/lib/python3.8/site-packages/airflow/example_dags/example_time_delta_sensor_async.py
[2023-04-28T18:16:42.424-0300] {processor.py:753} INFO - DAG(s) dict_keys(['example_time_delta_sensor_async']) retrieved from /home/lcscarv/projetos/indicium/desafio_5/.venv/lib/python3.8/site-packages/airflow/example_dags/example_time_delta_sensor_async.py
[2023-04-28T18:16:42.437-0300] {logging_mixin.py:137} INFO - [2023-04-28T18:16:42.437-0300] {dag.py:2705} INFO - Sync 1 DAGs
[2023-04-28T18:16:42.519-0300] {logging_mixin.py:137} INFO - [2023-04-28T18:16:42.519-0300] {dag.py:3452} INFO - Setting next_dagrun for example_time_delta_sensor_async to None, run_after=None
[2023-04-28T18:16:42.544-0300] {processor.py:175} INFO - Processing /home/lcscarv/projetos/indicium/desafio_5/.venv/lib/python3.8/site-packages/airflow/example_dags/example_time_delta_sensor_async.py took 0.132 seconds
[2023-04-28T18:17:22.195-0300] {processor.py:153} INFO - Started process (PID=6150) to work on /home/lcscarv/projetos/indicium/desafio_5/.venv/lib/python3.8/site-packages/airflow/example_dags/example_time_delta_sensor_async.py
[2023-04-28T18:17:22.196-0300] {processor.py:743} INFO - Processing file /home/lcscarv/projetos/indicium/desafio_5/.venv/lib/python3.8/site-packages/airflow/example_dags/example_time_delta_sensor_async.py for tasks to queue
[2023-04-28T18:17:22.196-0300] {logging_mixin.py:137} INFO - [2023-04-28T18:17:22.196-0300] {dagbag.py:532} INFO - Filling up the DagBag from /home/lcscarv/projetos/indicium/desafio_5/.venv/lib/python3.8/site-packages/airflow/example_dags/example_time_delta_sensor_async.py
[2023-04-28T18:17:22.205-0300] {processor.py:753} INFO - DAG(s) dict_keys(['example_time_delta_sensor_async']) retrieved from /home/lcscarv/projetos/indicium/desafio_5/.venv/lib/python3.8/site-packages/airflow/example_dags/example_time_delta_sensor_async.py
[2023-04-28T18:17:22.283-0300] {logging_mixin.py:137} INFO - [2023-04-28T18:17:22.283-0300] {dag.py:2705} INFO - Sync 1 DAGs
[2023-04-28T18:17:22.296-0300] {logging_mixin.py:137} INFO - [2023-04-28T18:17:22.296-0300] {dag.py:3452} INFO - Setting next_dagrun for example_time_delta_sensor_async to None, run_after=None
[2023-04-28T18:17:22.317-0300] {processor.py:175} INFO - Processing /home/lcscarv/projetos/indicium/desafio_5/.venv/lib/python3.8/site-packages/airflow/example_dags/example_time_delta_sensor_async.py took 0.124 seconds
[2023-04-28T18:17:59.702-0300] {processor.py:153} INFO - Started process (PID=6184) to work on /home/lcscarv/projetos/indicium/desafio_5/.venv/lib/python3.8/site-packages/airflow/example_dags/example_time_delta_sensor_async.py
[2023-04-28T18:17:59.703-0300] {processor.py:743} INFO - Processing file /home/lcscarv/projetos/indicium/desafio_5/.venv/lib/python3.8/site-packages/airflow/example_dags/example_time_delta_sensor_async.py for tasks to queue
[2023-04-28T18:17:59.704-0300] {logging_mixin.py:137} INFO - [2023-04-28T18:17:59.704-0300] {dagbag.py:532} INFO - Filling up the DagBag from /home/lcscarv/projetos/indicium/desafio_5/.venv/lib/python3.8/site-packages/airflow/example_dags/example_time_delta_sensor_async.py
[2023-04-28T18:17:59.712-0300] {processor.py:753} INFO - DAG(s) dict_keys(['example_time_delta_sensor_async']) retrieved from /home/lcscarv/projetos/indicium/desafio_5/.venv/lib/python3.8/site-packages/airflow/example_dags/example_time_delta_sensor_async.py
[2023-04-28T18:17:59.727-0300] {logging_mixin.py:137} INFO - [2023-04-28T18:17:59.727-0300] {dag.py:2705} INFO - Sync 1 DAGs
[2023-04-28T18:17:59.743-0300] {logging_mixin.py:137} INFO - [2023-04-28T18:17:59.743-0300] {dag.py:3452} INFO - Setting next_dagrun for example_time_delta_sensor_async to None, run_after=None
[2023-04-28T18:17:59.764-0300] {processor.py:175} INFO - Processing /home/lcscarv/projetos/indicium/desafio_5/.venv/lib/python3.8/site-packages/airflow/example_dags/example_time_delta_sensor_async.py took 0.064 seconds
[2023-04-28T18:18:43.033-0300] {processor.py:153} INFO - Started process (PID=6226) to work on /home/lcscarv/projetos/indicium/desafio_5/.venv/lib/python3.8/site-packages/airflow/example_dags/example_time_delta_sensor_async.py
[2023-04-28T18:18:43.034-0300] {processor.py:743} INFO - Processing file /home/lcscarv/projetos/indicium/desafio_5/.venv/lib/python3.8/site-packages/airflow/example_dags/example_time_delta_sensor_async.py for tasks to queue
[2023-04-28T18:18:43.034-0300] {logging_mixin.py:137} INFO - [2023-04-28T18:18:43.034-0300] {dagbag.py:532} INFO - Filling up the DagBag from /home/lcscarv/projetos/indicium/desafio_5/.venv/lib/python3.8/site-packages/airflow/example_dags/example_time_delta_sensor_async.py
[2023-04-28T18:18:43.042-0300] {processor.py:753} INFO - DAG(s) dict_keys(['example_time_delta_sensor_async']) retrieved from /home/lcscarv/projetos/indicium/desafio_5/.venv/lib/python3.8/site-packages/airflow/example_dags/example_time_delta_sensor_async.py
[2023-04-28T18:18:43.056-0300] {logging_mixin.py:137} INFO - [2023-04-28T18:18:43.056-0300] {dag.py:2705} INFO - Sync 1 DAGs
[2023-04-28T18:18:43.071-0300] {logging_mixin.py:137} INFO - [2023-04-28T18:18:43.071-0300] {dag.py:3452} INFO - Setting next_dagrun for example_time_delta_sensor_async to None, run_after=None
[2023-04-28T18:18:43.091-0300] {processor.py:175} INFO - Processing /home/lcscarv/projetos/indicium/desafio_5/.venv/lib/python3.8/site-packages/airflow/example_dags/example_time_delta_sensor_async.py took 0.061 seconds
[2023-04-28T18:19:26.631-0300] {processor.py:153} INFO - Started process (PID=6266) to work on /home/lcscarv/projetos/indicium/desafio_5/.venv/lib/python3.8/site-packages/airflow/example_dags/example_time_delta_sensor_async.py
[2023-04-28T18:19:26.633-0300] {processor.py:743} INFO - Processing file /home/lcscarv/projetos/indicium/desafio_5/.venv/lib/python3.8/site-packages/airflow/example_dags/example_time_delta_sensor_async.py for tasks to queue
[2023-04-28T18:19:26.633-0300] {logging_mixin.py:137} INFO - [2023-04-28T18:19:26.633-0300] {dagbag.py:532} INFO - Filling up the DagBag from /home/lcscarv/projetos/indicium/desafio_5/.venv/lib/python3.8/site-packages/airflow/example_dags/example_time_delta_sensor_async.py
[2023-04-28T18:19:26.643-0300] {processor.py:753} INFO - DAG(s) dict_keys(['example_time_delta_sensor_async']) retrieved from /home/lcscarv/projetos/indicium/desafio_5/.venv/lib/python3.8/site-packages/airflow/example_dags/example_time_delta_sensor_async.py
[2023-04-28T18:19:26.657-0300] {logging_mixin.py:137} INFO - [2023-04-28T18:19:26.657-0300] {dag.py:2705} INFO - Sync 1 DAGs
[2023-04-28T18:19:26.671-0300] {logging_mixin.py:137} INFO - [2023-04-28T18:19:26.671-0300] {dag.py:3452} INFO - Setting next_dagrun for example_time_delta_sensor_async to None, run_after=None
[2023-04-28T18:19:26.693-0300] {processor.py:175} INFO - Processing /home/lcscarv/projetos/indicium/desafio_5/.venv/lib/python3.8/site-packages/airflow/example_dags/example_time_delta_sensor_async.py took 0.063 seconds
[2023-04-28T18:20:16.713-0300] {processor.py:153} INFO - Started process (PID=6362) to work on /home/lcscarv/projetos/indicium/desafio_5/.venv/lib/python3.8/site-packages/airflow/example_dags/example_time_delta_sensor_async.py
[2023-04-28T18:20:16.714-0300] {processor.py:743} INFO - Processing file /home/lcscarv/projetos/indicium/desafio_5/.venv/lib/python3.8/site-packages/airflow/example_dags/example_time_delta_sensor_async.py for tasks to queue
[2023-04-28T18:20:16.715-0300] {logging_mixin.py:137} INFO - [2023-04-28T18:20:16.715-0300] {dagbag.py:532} INFO - Filling up the DagBag from /home/lcscarv/projetos/indicium/desafio_5/.venv/lib/python3.8/site-packages/airflow/example_dags/example_time_delta_sensor_async.py
[2023-04-28T18:20:16.722-0300] {processor.py:753} INFO - DAG(s) dict_keys(['example_time_delta_sensor_async']) retrieved from /home/lcscarv/projetos/indicium/desafio_5/.venv/lib/python3.8/site-packages/airflow/example_dags/example_time_delta_sensor_async.py
[2023-04-28T18:20:16.735-0300] {logging_mixin.py:137} INFO - [2023-04-28T18:20:16.735-0300] {dag.py:2705} INFO - Sync 1 DAGs
[2023-04-28T18:20:16.806-0300] {logging_mixin.py:137} INFO - [2023-04-28T18:20:16.806-0300] {dag.py:3452} INFO - Setting next_dagrun for example_time_delta_sensor_async to None, run_after=None
[2023-04-28T18:20:16.823-0300] {processor.py:175} INFO - Processing /home/lcscarv/projetos/indicium/desafio_5/.venv/lib/python3.8/site-packages/airflow/example_dags/example_time_delta_sensor_async.py took 0.112 seconds
[2023-04-28T18:21:05.870-0300] {processor.py:153} INFO - Started process (PID=6407) to work on /home/lcscarv/projetos/indicium/desafio_5/.venv/lib/python3.8/site-packages/airflow/example_dags/example_time_delta_sensor_async.py
[2023-04-28T18:21:05.872-0300] {processor.py:743} INFO - Processing file /home/lcscarv/projetos/indicium/desafio_5/.venv/lib/python3.8/site-packages/airflow/example_dags/example_time_delta_sensor_async.py for tasks to queue
[2023-04-28T18:21:05.872-0300] {logging_mixin.py:137} INFO - [2023-04-28T18:21:05.872-0300] {dagbag.py:532} INFO - Filling up the DagBag from /home/lcscarv/projetos/indicium/desafio_5/.venv/lib/python3.8/site-packages/airflow/example_dags/example_time_delta_sensor_async.py
[2023-04-28T18:21:05.887-0300] {processor.py:753} INFO - DAG(s) dict_keys(['example_time_delta_sensor_async']) retrieved from /home/lcscarv/projetos/indicium/desafio_5/.venv/lib/python3.8/site-packages/airflow/example_dags/example_time_delta_sensor_async.py
[2023-04-28T18:21:05.910-0300] {logging_mixin.py:137} INFO - [2023-04-28T18:21:05.910-0300] {dag.py:2705} INFO - Sync 1 DAGs
[2023-04-28T18:21:05.997-0300] {logging_mixin.py:137} INFO - [2023-04-28T18:21:05.997-0300] {dag.py:3452} INFO - Setting next_dagrun for example_time_delta_sensor_async to None, run_after=None
[2023-04-28T18:21:06.018-0300] {processor.py:175} INFO - Processing /home/lcscarv/projetos/indicium/desafio_5/.venv/lib/python3.8/site-packages/airflow/example_dags/example_time_delta_sensor_async.py took 0.151 seconds
