[2023-04-28T18:00:32.444-0300] {processor.py:153} INFO - Started process (PID=4599) to work on /home/lcscarv/projetos/indicium/desafio_5/.venv/lib/python3.8/site-packages/airflow/example_dags/example_sensors.py
[2023-04-28T18:00:32.444-0300] {processor.py:743} INFO - Processing file /home/lcscarv/projetos/indicium/desafio_5/.venv/lib/python3.8/site-packages/airflow/example_dags/example_sensors.py for tasks to queue
[2023-04-28T18:00:32.445-0300] {logging_mixin.py:137} INFO - [2023-04-28T18:00:32.445-0300] {dagbag.py:532} INFO - Filling up the DagBag from /home/lcscarv/projetos/indicium/desafio_5/.venv/lib/python3.8/site-packages/airflow/example_dags/example_sensors.py
[2023-04-28T18:00:32.461-0300] {processor.py:753} INFO - DAG(s) dict_keys(['example_sensors']) retrieved from /home/lcscarv/projetos/indicium/desafio_5/.venv/lib/python3.8/site-packages/airflow/example_dags/example_sensors.py
[2023-04-28T18:00:32.483-0300] {logging_mixin.py:137} INFO - [2023-04-28T18:00:32.483-0300] {dag.py:2705} INFO - Sync 1 DAGs
[2023-04-28T18:00:32.500-0300] {logging_mixin.py:137} INFO - [2023-04-28T18:00:32.500-0300] {dag.py:3452} INFO - Setting next_dagrun for example_sensors to None, run_after=None
[2023-04-28T18:00:32.525-0300] {processor.py:175} INFO - Processing /home/lcscarv/projetos/indicium/desafio_5/.venv/lib/python3.8/site-packages/airflow/example_dags/example_sensors.py took 0.083 seconds
[2023-04-28T18:01:13.716-0300] {processor.py:153} INFO - Started process (PID=4641) to work on /home/lcscarv/projetos/indicium/desafio_5/.venv/lib/python3.8/site-packages/airflow/example_dags/example_sensors.py
[2023-04-28T18:01:13.718-0300] {processor.py:743} INFO - Processing file /home/lcscarv/projetos/indicium/desafio_5/.venv/lib/python3.8/site-packages/airflow/example_dags/example_sensors.py for tasks to queue
[2023-04-28T18:01:13.718-0300] {logging_mixin.py:137} INFO - [2023-04-28T18:01:13.718-0300] {dagbag.py:532} INFO - Filling up the DagBag from /home/lcscarv/projetos/indicium/desafio_5/.venv/lib/python3.8/site-packages/airflow/example_dags/example_sensors.py
[2023-04-28T18:01:13.732-0300] {processor.py:753} INFO - DAG(s) dict_keys(['example_sensors']) retrieved from /home/lcscarv/projetos/indicium/desafio_5/.venv/lib/python3.8/site-packages/airflow/example_dags/example_sensors.py
[2023-04-28T18:01:13.748-0300] {logging_mixin.py:137} INFO - [2023-04-28T18:01:13.748-0300] {dag.py:2705} INFO - Sync 1 DAGs
[2023-04-28T18:01:13.761-0300] {logging_mixin.py:137} INFO - [2023-04-28T18:01:13.761-0300] {dag.py:3452} INFO - Setting next_dagrun for example_sensors to None, run_after=None
[2023-04-28T18:01:13.780-0300] {processor.py:175} INFO - Processing /home/lcscarv/projetos/indicium/desafio_5/.venv/lib/python3.8/site-packages/airflow/example_dags/example_sensors.py took 0.065 seconds
[2023-04-28T18:02:06.233-0300] {processor.py:153} INFO - Started process (PID=4683) to work on /home/lcscarv/projetos/indicium/desafio_5/.venv/lib/python3.8/site-packages/airflow/example_dags/example_sensors.py
[2023-04-28T18:02:06.238-0300] {processor.py:743} INFO - Processing file /home/lcscarv/projetos/indicium/desafio_5/.venv/lib/python3.8/site-packages/airflow/example_dags/example_sensors.py for tasks to queue
[2023-04-28T18:02:06.240-0300] {logging_mixin.py:137} INFO - [2023-04-28T18:02:06.239-0300] {dagbag.py:532} INFO - Filling up the DagBag from /home/lcscarv/projetos/indicium/desafio_5/.venv/lib/python3.8/site-packages/airflow/example_dags/example_sensors.py
[2023-04-28T18:02:06.344-0300] {processor.py:753} INFO - DAG(s) dict_keys(['example_sensors']) retrieved from /home/lcscarv/projetos/indicium/desafio_5/.venv/lib/python3.8/site-packages/airflow/example_dags/example_sensors.py
[2023-04-28T18:02:06.425-0300] {logging_mixin.py:137} INFO - [2023-04-28T18:02:06.424-0300] {dag.py:2705} INFO - Sync 1 DAGs
[2023-04-28T18:02:06.517-0300] {logging_mixin.py:137} INFO - [2023-04-28T18:02:06.517-0300] {dag.py:3452} INFO - Setting next_dagrun for example_sensors to None, run_after=None
[2023-04-28T18:02:06.578-0300] {processor.py:175} INFO - Processing /home/lcscarv/projetos/indicium/desafio_5/.venv/lib/python3.8/site-packages/airflow/example_dags/example_sensors.py took 0.351 seconds
[2023-04-28T18:02:58.204-0300] {processor.py:153} INFO - Started process (PID=4825) to work on /home/lcscarv/projetos/indicium/desafio_5/.venv/lib/python3.8/site-packages/airflow/example_dags/example_sensors.py
[2023-04-28T18:02:58.206-0300] {processor.py:743} INFO - Processing file /home/lcscarv/projetos/indicium/desafio_5/.venv/lib/python3.8/site-packages/airflow/example_dags/example_sensors.py for tasks to queue
[2023-04-28T18:02:58.206-0300] {logging_mixin.py:137} INFO - [2023-04-28T18:02:58.206-0300] {dagbag.py:532} INFO - Filling up the DagBag from /home/lcscarv/projetos/indicium/desafio_5/.venv/lib/python3.8/site-packages/airflow/example_dags/example_sensors.py
[2023-04-28T18:02:58.228-0300] {processor.py:753} INFO - DAG(s) dict_keys(['example_sensors']) retrieved from /home/lcscarv/projetos/indicium/desafio_5/.venv/lib/python3.8/site-packages/airflow/example_dags/example_sensors.py
[2023-04-28T18:02:58.251-0300] {logging_mixin.py:137} INFO - [2023-04-28T18:02:58.251-0300] {dag.py:2705} INFO - Sync 1 DAGs
[2023-04-28T18:02:58.270-0300] {logging_mixin.py:137} INFO - [2023-04-28T18:02:58.270-0300] {dag.py:3452} INFO - Setting next_dagrun for example_sensors to None, run_after=None
[2023-04-28T18:02:58.303-0300] {processor.py:175} INFO - Processing /home/lcscarv/projetos/indicium/desafio_5/.venv/lib/python3.8/site-packages/airflow/example_dags/example_sensors.py took 0.106 seconds
[2023-04-28T18:03:45.973-0300] {processor.py:153} INFO - Started process (PID=4871) to work on /home/lcscarv/projetos/indicium/desafio_5/.venv/lib/python3.8/site-packages/airflow/example_dags/example_sensors.py
[2023-04-28T18:03:45.974-0300] {processor.py:743} INFO - Processing file /home/lcscarv/projetos/indicium/desafio_5/.venv/lib/python3.8/site-packages/airflow/example_dags/example_sensors.py for tasks to queue
[2023-04-28T18:03:45.975-0300] {logging_mixin.py:137} INFO - [2023-04-28T18:03:45.975-0300] {dagbag.py:532} INFO - Filling up the DagBag from /home/lcscarv/projetos/indicium/desafio_5/.venv/lib/python3.8/site-packages/airflow/example_dags/example_sensors.py
[2023-04-28T18:03:45.990-0300] {processor.py:753} INFO - DAG(s) dict_keys(['example_sensors']) retrieved from /home/lcscarv/projetos/indicium/desafio_5/.venv/lib/python3.8/site-packages/airflow/example_dags/example_sensors.py
[2023-04-28T18:03:46.010-0300] {logging_mixin.py:137} INFO - [2023-04-28T18:03:46.010-0300] {dag.py:2705} INFO - Sync 1 DAGs
[2023-04-28T18:03:46.025-0300] {logging_mixin.py:137} INFO - [2023-04-28T18:03:46.025-0300] {dag.py:3452} INFO - Setting next_dagrun for example_sensors to None, run_after=None
[2023-04-28T18:03:46.049-0300] {processor.py:175} INFO - Processing /home/lcscarv/projetos/indicium/desafio_5/.venv/lib/python3.8/site-packages/airflow/example_dags/example_sensors.py took 0.078 seconds
[2023-04-28T18:04:24.747-0300] {processor.py:153} INFO - Started process (PID=4912) to work on /home/lcscarv/projetos/indicium/desafio_5/.venv/lib/python3.8/site-packages/airflow/example_dags/example_sensors.py
[2023-04-28T18:04:24.748-0300] {processor.py:743} INFO - Processing file /home/lcscarv/projetos/indicium/desafio_5/.venv/lib/python3.8/site-packages/airflow/example_dags/example_sensors.py for tasks to queue
[2023-04-28T18:04:24.749-0300] {logging_mixin.py:137} INFO - [2023-04-28T18:04:24.749-0300] {dagbag.py:532} INFO - Filling up the DagBag from /home/lcscarv/projetos/indicium/desafio_5/.venv/lib/python3.8/site-packages/airflow/example_dags/example_sensors.py
[2023-04-28T18:04:24.763-0300] {processor.py:753} INFO - DAG(s) dict_keys(['example_sensors']) retrieved from /home/lcscarv/projetos/indicium/desafio_5/.venv/lib/python3.8/site-packages/airflow/example_dags/example_sensors.py
[2023-04-28T18:04:24.781-0300] {logging_mixin.py:137} INFO - [2023-04-28T18:04:24.781-0300] {dag.py:2705} INFO - Sync 1 DAGs
[2023-04-28T18:04:24.792-0300] {logging_mixin.py:137} INFO - [2023-04-28T18:04:24.792-0300] {dag.py:3452} INFO - Setting next_dagrun for example_sensors to None, run_after=None
[2023-04-28T18:04:24.809-0300] {processor.py:175} INFO - Processing /home/lcscarv/projetos/indicium/desafio_5/.venv/lib/python3.8/site-packages/airflow/example_dags/example_sensors.py took 0.064 seconds
[2023-04-28T18:05:08.353-0300] {processor.py:153} INFO - Started process (PID=5004) to work on /home/lcscarv/projetos/indicium/desafio_5/.venv/lib/python3.8/site-packages/airflow/example_dags/example_sensors.py
[2023-04-28T18:05:08.354-0300] {processor.py:743} INFO - Processing file /home/lcscarv/projetos/indicium/desafio_5/.venv/lib/python3.8/site-packages/airflow/example_dags/example_sensors.py for tasks to queue
[2023-04-28T18:05:08.355-0300] {logging_mixin.py:137} INFO - [2023-04-28T18:05:08.355-0300] {dagbag.py:532} INFO - Filling up the DagBag from /home/lcscarv/projetos/indicium/desafio_5/.venv/lib/python3.8/site-packages/airflow/example_dags/example_sensors.py
[2023-04-28T18:05:08.366-0300] {processor.py:753} INFO - DAG(s) dict_keys(['example_sensors']) retrieved from /home/lcscarv/projetos/indicium/desafio_5/.venv/lib/python3.8/site-packages/airflow/example_dags/example_sensors.py
[2023-04-28T18:05:08.381-0300] {logging_mixin.py:137} INFO - [2023-04-28T18:05:08.380-0300] {dag.py:2705} INFO - Sync 1 DAGs
[2023-04-28T18:05:08.392-0300] {logging_mixin.py:137} INFO - [2023-04-28T18:05:08.392-0300] {dag.py:3452} INFO - Setting next_dagrun for example_sensors to None, run_after=None
[2023-04-28T18:05:08.409-0300] {processor.py:175} INFO - Processing /home/lcscarv/projetos/indicium/desafio_5/.venv/lib/python3.8/site-packages/airflow/example_dags/example_sensors.py took 0.059 seconds
[2023-04-28T18:05:47.182-0300] {processor.py:153} INFO - Started process (PID=5096) to work on /home/lcscarv/projetos/indicium/desafio_5/.venv/lib/python3.8/site-packages/airflow/example_dags/example_sensors.py
[2023-04-28T18:05:47.184-0300] {processor.py:743} INFO - Processing file /home/lcscarv/projetos/indicium/desafio_5/.venv/lib/python3.8/site-packages/airflow/example_dags/example_sensors.py for tasks to queue
[2023-04-28T18:05:47.184-0300] {logging_mixin.py:137} INFO - [2023-04-28T18:05:47.184-0300] {dagbag.py:532} INFO - Filling up the DagBag from /home/lcscarv/projetos/indicium/desafio_5/.venv/lib/python3.8/site-packages/airflow/example_dags/example_sensors.py
[2023-04-28T18:05:47.196-0300] {processor.py:753} INFO - DAG(s) dict_keys(['example_sensors']) retrieved from /home/lcscarv/projetos/indicium/desafio_5/.venv/lib/python3.8/site-packages/airflow/example_dags/example_sensors.py
[2023-04-28T18:05:47.210-0300] {logging_mixin.py:137} INFO - [2023-04-28T18:05:47.210-0300] {dag.py:2705} INFO - Sync 1 DAGs
[2023-04-28T18:05:47.222-0300] {logging_mixin.py:137} INFO - [2023-04-28T18:05:47.222-0300] {dag.py:3452} INFO - Setting next_dagrun for example_sensors to None, run_after=None
[2023-04-28T18:05:47.240-0300] {processor.py:175} INFO - Processing /home/lcscarv/projetos/indicium/desafio_5/.venv/lib/python3.8/site-packages/airflow/example_dags/example_sensors.py took 0.060 seconds
[2023-04-28T18:06:30.722-0300] {processor.py:153} INFO - Started process (PID=5141) to work on /home/lcscarv/projetos/indicium/desafio_5/.venv/lib/python3.8/site-packages/airflow/example_dags/example_sensors.py
[2023-04-28T18:06:30.723-0300] {processor.py:743} INFO - Processing file /home/lcscarv/projetos/indicium/desafio_5/.venv/lib/python3.8/site-packages/airflow/example_dags/example_sensors.py for tasks to queue
[2023-04-28T18:06:30.724-0300] {logging_mixin.py:137} INFO - [2023-04-28T18:06:30.724-0300] {dagbag.py:532} INFO - Filling up the DagBag from /home/lcscarv/projetos/indicium/desafio_5/.venv/lib/python3.8/site-packages/airflow/example_dags/example_sensors.py
[2023-04-28T18:06:30.736-0300] {processor.py:753} INFO - DAG(s) dict_keys(['example_sensors']) retrieved from /home/lcscarv/projetos/indicium/desafio_5/.venv/lib/python3.8/site-packages/airflow/example_dags/example_sensors.py
[2023-04-28T18:06:30.751-0300] {logging_mixin.py:137} INFO - [2023-04-28T18:06:30.750-0300] {dag.py:2705} INFO - Sync 1 DAGs
[2023-04-28T18:06:30.762-0300] {logging_mixin.py:137} INFO - [2023-04-28T18:06:30.762-0300] {dag.py:3452} INFO - Setting next_dagrun for example_sensors to None, run_after=None
[2023-04-28T18:06:30.780-0300] {processor.py:175} INFO - Processing /home/lcscarv/projetos/indicium/desafio_5/.venv/lib/python3.8/site-packages/airflow/example_dags/example_sensors.py took 0.060 seconds
[2023-04-28T18:07:21.219-0300] {processor.py:153} INFO - Started process (PID=5182) to work on /home/lcscarv/projetos/indicium/desafio_5/.venv/lib/python3.8/site-packages/airflow/example_dags/example_sensors.py
[2023-04-28T18:07:21.220-0300] {processor.py:743} INFO - Processing file /home/lcscarv/projetos/indicium/desafio_5/.venv/lib/python3.8/site-packages/airflow/example_dags/example_sensors.py for tasks to queue
[2023-04-28T18:07:21.220-0300] {logging_mixin.py:137} INFO - [2023-04-28T18:07:21.220-0300] {dagbag.py:532} INFO - Filling up the DagBag from /home/lcscarv/projetos/indicium/desafio_5/.venv/lib/python3.8/site-packages/airflow/example_dags/example_sensors.py
[2023-04-28T18:07:21.235-0300] {processor.py:753} INFO - DAG(s) dict_keys(['example_sensors']) retrieved from /home/lcscarv/projetos/indicium/desafio_5/.venv/lib/python3.8/site-packages/airflow/example_dags/example_sensors.py
[2023-04-28T18:07:21.252-0300] {logging_mixin.py:137} INFO - [2023-04-28T18:07:21.252-0300] {dag.py:2705} INFO - Sync 1 DAGs
[2023-04-28T18:07:21.266-0300] {logging_mixin.py:137} INFO - [2023-04-28T18:07:21.265-0300] {dag.py:3452} INFO - Setting next_dagrun for example_sensors to None, run_after=None
[2023-04-28T18:07:21.303-0300] {processor.py:175} INFO - Processing /home/lcscarv/projetos/indicium/desafio_5/.venv/lib/python3.8/site-packages/airflow/example_dags/example_sensors.py took 0.087 seconds
[2023-04-28T18:08:14.315-0300] {processor.py:153} INFO - Started process (PID=5376) to work on /home/lcscarv/projetos/indicium/desafio_5/.venv/lib/python3.8/site-packages/airflow/example_dags/example_sensors.py
[2023-04-28T18:08:14.316-0300] {processor.py:743} INFO - Processing file /home/lcscarv/projetos/indicium/desafio_5/.venv/lib/python3.8/site-packages/airflow/example_dags/example_sensors.py for tasks to queue
[2023-04-28T18:08:14.316-0300] {logging_mixin.py:137} INFO - [2023-04-28T18:08:14.316-0300] {dagbag.py:532} INFO - Filling up the DagBag from /home/lcscarv/projetos/indicium/desafio_5/.venv/lib/python3.8/site-packages/airflow/example_dags/example_sensors.py
[2023-04-28T18:08:14.332-0300] {processor.py:753} INFO - DAG(s) dict_keys(['example_sensors']) retrieved from /home/lcscarv/projetos/indicium/desafio_5/.venv/lib/python3.8/site-packages/airflow/example_dags/example_sensors.py
[2023-04-28T18:08:14.349-0300] {logging_mixin.py:137} INFO - [2023-04-28T18:08:14.349-0300] {dag.py:2705} INFO - Sync 1 DAGs
[2023-04-28T18:08:14.364-0300] {logging_mixin.py:137} INFO - [2023-04-28T18:08:14.364-0300] {dag.py:3452} INFO - Setting next_dagrun for example_sensors to None, run_after=None
[2023-04-28T18:08:14.387-0300] {processor.py:175} INFO - Processing /home/lcscarv/projetos/indicium/desafio_5/.venv/lib/python3.8/site-packages/airflow/example_dags/example_sensors.py took 0.074 seconds
[2023-04-28T18:09:02.764-0300] {processor.py:153} INFO - Started process (PID=5470) to work on /home/lcscarv/projetos/indicium/desafio_5/.venv/lib/python3.8/site-packages/airflow/example_dags/example_sensors.py
[2023-04-28T18:09:02.804-0300] {processor.py:743} INFO - Processing file /home/lcscarv/projetos/indicium/desafio_5/.venv/lib/python3.8/site-packages/airflow/example_dags/example_sensors.py for tasks to queue
[2023-04-28T18:09:02.805-0300] {logging_mixin.py:137} INFO - [2023-04-28T18:09:02.805-0300] {dagbag.py:532} INFO - Filling up the DagBag from /home/lcscarv/projetos/indicium/desafio_5/.venv/lib/python3.8/site-packages/airflow/example_dags/example_sensors.py
[2023-04-28T18:09:02.820-0300] {processor.py:753} INFO - DAG(s) dict_keys(['example_sensors']) retrieved from /home/lcscarv/projetos/indicium/desafio_5/.venv/lib/python3.8/site-packages/airflow/example_dags/example_sensors.py
[2023-04-28T18:09:02.835-0300] {logging_mixin.py:137} INFO - [2023-04-28T18:09:02.835-0300] {dag.py:2705} INFO - Sync 1 DAGs
[2023-04-28T18:09:02.850-0300] {logging_mixin.py:137} INFO - [2023-04-28T18:09:02.850-0300] {dag.py:3452} INFO - Setting next_dagrun for example_sensors to None, run_after=None
[2023-04-28T18:09:02.912-0300] {processor.py:175} INFO - Processing /home/lcscarv/projetos/indicium/desafio_5/.venv/lib/python3.8/site-packages/airflow/example_dags/example_sensors.py took 0.150 seconds
[2023-04-28T18:09:48.730-0300] {processor.py:153} INFO - Started process (PID=5514) to work on /home/lcscarv/projetos/indicium/desafio_5/.venv/lib/python3.8/site-packages/airflow/example_dags/example_sensors.py
[2023-04-28T18:09:48.760-0300] {processor.py:743} INFO - Processing file /home/lcscarv/projetos/indicium/desafio_5/.venv/lib/python3.8/site-packages/airflow/example_dags/example_sensors.py for tasks to queue
[2023-04-28T18:09:48.761-0300] {logging_mixin.py:137} INFO - [2023-04-28T18:09:48.761-0300] {dagbag.py:532} INFO - Filling up the DagBag from /home/lcscarv/projetos/indicium/desafio_5/.venv/lib/python3.8/site-packages/airflow/example_dags/example_sensors.py
[2023-04-28T18:09:48.776-0300] {processor.py:753} INFO - DAG(s) dict_keys(['example_sensors']) retrieved from /home/lcscarv/projetos/indicium/desafio_5/.venv/lib/python3.8/site-packages/airflow/example_dags/example_sensors.py
[2023-04-28T18:09:48.791-0300] {logging_mixin.py:137} INFO - [2023-04-28T18:09:48.791-0300] {dag.py:2705} INFO - Sync 1 DAGs
[2023-04-28T18:09:48.802-0300] {logging_mixin.py:137} INFO - [2023-04-28T18:09:48.802-0300] {dag.py:3452} INFO - Setting next_dagrun for example_sensors to None, run_after=None
[2023-04-28T18:09:49.049-0300] {processor.py:175} INFO - Processing /home/lcscarv/projetos/indicium/desafio_5/.venv/lib/python3.8/site-packages/airflow/example_dags/example_sensors.py took 0.322 seconds
[2023-04-28T18:10:46.663-0300] {processor.py:153} INFO - Started process (PID=5662) to work on /home/lcscarv/projetos/indicium/desafio_5/.venv/lib/python3.8/site-packages/airflow/example_dags/example_sensors.py
[2023-04-28T18:10:46.747-0300] {processor.py:743} INFO - Processing file /home/lcscarv/projetos/indicium/desafio_5/.venv/lib/python3.8/site-packages/airflow/example_dags/example_sensors.py for tasks to queue
[2023-04-28T18:10:46.749-0300] {logging_mixin.py:137} INFO - [2023-04-28T18:10:46.749-0300] {dagbag.py:532} INFO - Filling up the DagBag from /home/lcscarv/projetos/indicium/desafio_5/.venv/lib/python3.8/site-packages/airflow/example_dags/example_sensors.py
[2023-04-28T18:10:46.768-0300] {processor.py:753} INFO - DAG(s) dict_keys(['example_sensors']) retrieved from /home/lcscarv/projetos/indicium/desafio_5/.venv/lib/python3.8/site-packages/airflow/example_dags/example_sensors.py
[2023-04-28T18:10:46.896-0300] {logging_mixin.py:137} INFO - [2023-04-28T18:10:46.896-0300] {dag.py:2705} INFO - Sync 1 DAGs
[2023-04-28T18:10:46.911-0300] {logging_mixin.py:137} INFO - [2023-04-28T18:10:46.910-0300] {dag.py:3452} INFO - Setting next_dagrun for example_sensors to None, run_after=None
[2023-04-28T18:10:47.038-0300] {processor.py:175} INFO - Processing /home/lcscarv/projetos/indicium/desafio_5/.venv/lib/python3.8/site-packages/airflow/example_dags/example_sensors.py took 0.377 seconds
[2023-04-28T18:11:30.085-0300] {processor.py:153} INFO - Started process (PID=5804) to work on /home/lcscarv/projetos/indicium/desafio_5/.venv/lib/python3.8/site-packages/airflow/example_dags/example_sensors.py
[2023-04-28T18:11:30.087-0300] {processor.py:743} INFO - Processing file /home/lcscarv/projetos/indicium/desafio_5/.venv/lib/python3.8/site-packages/airflow/example_dags/example_sensors.py for tasks to queue
[2023-04-28T18:11:30.088-0300] {logging_mixin.py:137} INFO - [2023-04-28T18:11:30.088-0300] {dagbag.py:532} INFO - Filling up the DagBag from /home/lcscarv/projetos/indicium/desafio_5/.venv/lib/python3.8/site-packages/airflow/example_dags/example_sensors.py
[2023-04-28T18:11:30.101-0300] {processor.py:753} INFO - DAG(s) dict_keys(['example_sensors']) retrieved from /home/lcscarv/projetos/indicium/desafio_5/.venv/lib/python3.8/site-packages/airflow/example_dags/example_sensors.py
[2023-04-28T18:11:30.116-0300] {logging_mixin.py:137} INFO - [2023-04-28T18:11:30.116-0300] {dag.py:2705} INFO - Sync 1 DAGs
[2023-04-28T18:11:30.129-0300] {logging_mixin.py:137} INFO - [2023-04-28T18:11:30.128-0300] {dag.py:3452} INFO - Setting next_dagrun for example_sensors to None, run_after=None
[2023-04-28T18:11:30.179-0300] {processor.py:175} INFO - Processing /home/lcscarv/projetos/indicium/desafio_5/.venv/lib/python3.8/site-packages/airflow/example_dags/example_sensors.py took 0.097 seconds
[2023-04-28T18:12:20.891-0300] {processor.py:153} INFO - Started process (PID=5850) to work on /home/lcscarv/projetos/indicium/desafio_5/.venv/lib/python3.8/site-packages/airflow/example_dags/example_sensors.py
[2023-04-28T18:12:20.895-0300] {processor.py:743} INFO - Processing file /home/lcscarv/projetos/indicium/desafio_5/.venv/lib/python3.8/site-packages/airflow/example_dags/example_sensors.py for tasks to queue
[2023-04-28T18:12:20.896-0300] {logging_mixin.py:137} INFO - [2023-04-28T18:12:20.896-0300] {dagbag.py:532} INFO - Filling up the DagBag from /home/lcscarv/projetos/indicium/desafio_5/.venv/lib/python3.8/site-packages/airflow/example_dags/example_sensors.py
[2023-04-28T18:12:20.908-0300] {processor.py:753} INFO - DAG(s) dict_keys(['example_sensors']) retrieved from /home/lcscarv/projetos/indicium/desafio_5/.venv/lib/python3.8/site-packages/airflow/example_dags/example_sensors.py
[2023-04-28T18:12:20.923-0300] {logging_mixin.py:137} INFO - [2023-04-28T18:12:20.923-0300] {dag.py:2705} INFO - Sync 1 DAGs
[2023-04-28T18:12:20.935-0300] {logging_mixin.py:137} INFO - [2023-04-28T18:12:20.935-0300] {dag.py:3452} INFO - Setting next_dagrun for example_sensors to None, run_after=None
[2023-04-28T18:12:21.203-0300] {processor.py:175} INFO - Processing /home/lcscarv/projetos/indicium/desafio_5/.venv/lib/python3.8/site-packages/airflow/example_dags/example_sensors.py took 0.314 seconds
[2023-04-28T18:13:09.097-0300] {processor.py:153} INFO - Started process (PID=5884) to work on /home/lcscarv/projetos/indicium/desafio_5/.venv/lib/python3.8/site-packages/airflow/example_dags/example_sensors.py
[2023-04-28T18:13:09.098-0300] {processor.py:743} INFO - Processing file /home/lcscarv/projetos/indicium/desafio_5/.venv/lib/python3.8/site-packages/airflow/example_dags/example_sensors.py for tasks to queue
[2023-04-28T18:13:09.098-0300] {logging_mixin.py:137} INFO - [2023-04-28T18:13:09.098-0300] {dagbag.py:532} INFO - Filling up the DagBag from /home/lcscarv/projetos/indicium/desafio_5/.venv/lib/python3.8/site-packages/airflow/example_dags/example_sensors.py
[2023-04-28T18:13:09.111-0300] {processor.py:753} INFO - DAG(s) dict_keys(['example_sensors']) retrieved from /home/lcscarv/projetos/indicium/desafio_5/.venv/lib/python3.8/site-packages/airflow/example_dags/example_sensors.py
[2023-04-28T18:13:09.126-0300] {logging_mixin.py:137} INFO - [2023-04-28T18:13:09.126-0300] {dag.py:2705} INFO - Sync 1 DAGs
[2023-04-28T18:13:09.137-0300] {logging_mixin.py:137} INFO - [2023-04-28T18:13:09.137-0300] {dag.py:3452} INFO - Setting next_dagrun for example_sensors to None, run_after=None
[2023-04-28T18:13:09.247-0300] {processor.py:175} INFO - Processing /home/lcscarv/projetos/indicium/desafio_5/.venv/lib/python3.8/site-packages/airflow/example_dags/example_sensors.py took 0.153 seconds
[2023-04-28T18:13:53.700-0300] {processor.py:153} INFO - Started process (PID=5925) to work on /home/lcscarv/projetos/indicium/desafio_5/.venv/lib/python3.8/site-packages/airflow/example_dags/example_sensors.py
[2023-04-28T18:13:53.701-0300] {processor.py:743} INFO - Processing file /home/lcscarv/projetos/indicium/desafio_5/.venv/lib/python3.8/site-packages/airflow/example_dags/example_sensors.py for tasks to queue
[2023-04-28T18:13:53.701-0300] {logging_mixin.py:137} INFO - [2023-04-28T18:13:53.701-0300] {dagbag.py:532} INFO - Filling up the DagBag from /home/lcscarv/projetos/indicium/desafio_5/.venv/lib/python3.8/site-packages/airflow/example_dags/example_sensors.py
[2023-04-28T18:13:53.716-0300] {processor.py:753} INFO - DAG(s) dict_keys(['example_sensors']) retrieved from /home/lcscarv/projetos/indicium/desafio_5/.venv/lib/python3.8/site-packages/airflow/example_dags/example_sensors.py
[2023-04-28T18:13:53.732-0300] {logging_mixin.py:137} INFO - [2023-04-28T18:13:53.732-0300] {dag.py:2705} INFO - Sync 1 DAGs
[2023-04-28T18:13:53.744-0300] {logging_mixin.py:137} INFO - [2023-04-28T18:13:53.744-0300] {dag.py:3452} INFO - Setting next_dagrun for example_sensors to None, run_after=None
[2023-04-28T18:13:53.764-0300] {processor.py:175} INFO - Processing /home/lcscarv/projetos/indicium/desafio_5/.venv/lib/python3.8/site-packages/airflow/example_dags/example_sensors.py took 0.067 seconds
[2023-04-28T18:14:50.592-0300] {processor.py:153} INFO - Started process (PID=5970) to work on /home/lcscarv/projetos/indicium/desafio_5/.venv/lib/python3.8/site-packages/airflow/example_dags/example_sensors.py
[2023-04-28T18:14:50.593-0300] {processor.py:743} INFO - Processing file /home/lcscarv/projetos/indicium/desafio_5/.venv/lib/python3.8/site-packages/airflow/example_dags/example_sensors.py for tasks to queue
[2023-04-28T18:14:50.594-0300] {logging_mixin.py:137} INFO - [2023-04-28T18:14:50.594-0300] {dagbag.py:532} INFO - Filling up the DagBag from /home/lcscarv/projetos/indicium/desafio_5/.venv/lib/python3.8/site-packages/airflow/example_dags/example_sensors.py
[2023-04-28T18:14:50.607-0300] {processor.py:753} INFO - DAG(s) dict_keys(['example_sensors']) retrieved from /home/lcscarv/projetos/indicium/desafio_5/.venv/lib/python3.8/site-packages/airflow/example_dags/example_sensors.py
[2023-04-28T18:14:50.622-0300] {logging_mixin.py:137} INFO - [2023-04-28T18:14:50.622-0300] {dag.py:2705} INFO - Sync 1 DAGs
[2023-04-28T18:14:50.636-0300] {logging_mixin.py:137} INFO - [2023-04-28T18:14:50.635-0300] {dag.py:3452} INFO - Setting next_dagrun for example_sensors to None, run_after=None
[2023-04-28T18:14:50.719-0300] {processor.py:175} INFO - Processing /home/lcscarv/projetos/indicium/desafio_5/.venv/lib/python3.8/site-packages/airflow/example_dags/example_sensors.py took 0.129 seconds
[2023-04-28T18:15:50.986-0300] {processor.py:153} INFO - Started process (PID=6071) to work on /home/lcscarv/projetos/indicium/desafio_5/.venv/lib/python3.8/site-packages/airflow/example_dags/example_sensors.py
[2023-04-28T18:15:50.988-0300] {processor.py:743} INFO - Processing file /home/lcscarv/projetos/indicium/desafio_5/.venv/lib/python3.8/site-packages/airflow/example_dags/example_sensors.py for tasks to queue
[2023-04-28T18:15:50.988-0300] {logging_mixin.py:137} INFO - [2023-04-28T18:15:50.988-0300] {dagbag.py:532} INFO - Filling up the DagBag from /home/lcscarv/projetos/indicium/desafio_5/.venv/lib/python3.8/site-packages/airflow/example_dags/example_sensors.py
[2023-04-28T18:15:51.005-0300] {processor.py:753} INFO - DAG(s) dict_keys(['example_sensors']) retrieved from /home/lcscarv/projetos/indicium/desafio_5/.venv/lib/python3.8/site-packages/airflow/example_dags/example_sensors.py
[2023-04-28T18:15:51.024-0300] {logging_mixin.py:137} INFO - [2023-04-28T18:15:51.024-0300] {dag.py:2705} INFO - Sync 1 DAGs
[2023-04-28T18:15:51.102-0300] {logging_mixin.py:137} INFO - [2023-04-28T18:15:51.102-0300] {dag.py:3452} INFO - Setting next_dagrun for example_sensors to None, run_after=None
[2023-04-28T18:15:51.164-0300] {processor.py:175} INFO - Processing /home/lcscarv/projetos/indicium/desafio_5/.venv/lib/python3.8/site-packages/airflow/example_dags/example_sensors.py took 0.181 seconds
[2023-04-28T18:16:45.499-0300] {processor.py:153} INFO - Started process (PID=6120) to work on /home/lcscarv/projetos/indicium/desafio_5/.venv/lib/python3.8/site-packages/airflow/example_dags/example_sensors.py
[2023-04-28T18:16:45.529-0300] {processor.py:743} INFO - Processing file /home/lcscarv/projetos/indicium/desafio_5/.venv/lib/python3.8/site-packages/airflow/example_dags/example_sensors.py for tasks to queue
[2023-04-28T18:16:45.529-0300] {logging_mixin.py:137} INFO - [2023-04-28T18:16:45.529-0300] {dagbag.py:532} INFO - Filling up the DagBag from /home/lcscarv/projetos/indicium/desafio_5/.venv/lib/python3.8/site-packages/airflow/example_dags/example_sensors.py
[2023-04-28T18:16:45.544-0300] {processor.py:753} INFO - DAG(s) dict_keys(['example_sensors']) retrieved from /home/lcscarv/projetos/indicium/desafio_5/.venv/lib/python3.8/site-packages/airflow/example_dags/example_sensors.py
[2023-04-28T18:16:45.613-0300] {logging_mixin.py:137} INFO - [2023-04-28T18:16:45.613-0300] {dag.py:2705} INFO - Sync 1 DAGs
[2023-04-28T18:16:45.623-0300] {logging_mixin.py:137} INFO - [2023-04-28T18:16:45.623-0300] {dag.py:3452} INFO - Setting next_dagrun for example_sensors to None, run_after=None
[2023-04-28T18:16:45.869-0300] {processor.py:175} INFO - Processing /home/lcscarv/projetos/indicium/desafio_5/.venv/lib/python3.8/site-packages/airflow/example_dags/example_sensors.py took 0.372 seconds
[2023-04-28T18:17:45.464-0300] {processor.py:153} INFO - Started process (PID=6170) to work on /home/lcscarv/projetos/indicium/desafio_5/.venv/lib/python3.8/site-packages/airflow/example_dags/example_sensors.py
[2023-04-28T18:17:45.469-0300] {processor.py:743} INFO - Processing file /home/lcscarv/projetos/indicium/desafio_5/.venv/lib/python3.8/site-packages/airflow/example_dags/example_sensors.py for tasks to queue
[2023-04-28T18:17:45.469-0300] {logging_mixin.py:137} INFO - [2023-04-28T18:17:45.469-0300] {dagbag.py:532} INFO - Filling up the DagBag from /home/lcscarv/projetos/indicium/desafio_5/.venv/lib/python3.8/site-packages/airflow/example_dags/example_sensors.py
[2023-04-28T18:17:45.484-0300] {processor.py:753} INFO - DAG(s) dict_keys(['example_sensors']) retrieved from /home/lcscarv/projetos/indicium/desafio_5/.venv/lib/python3.8/site-packages/airflow/example_dags/example_sensors.py
[2023-04-28T18:17:45.573-0300] {logging_mixin.py:137} INFO - [2023-04-28T18:17:45.572-0300] {dag.py:2705} INFO - Sync 1 DAGs
[2023-04-28T18:17:45.585-0300] {logging_mixin.py:137} INFO - [2023-04-28T18:17:45.585-0300] {dag.py:3452} INFO - Setting next_dagrun for example_sensors to None, run_after=None
[2023-04-28T18:17:46.438-0300] {processor.py:175} INFO - Processing /home/lcscarv/projetos/indicium/desafio_5/.venv/lib/python3.8/site-packages/airflow/example_dags/example_sensors.py took 0.977 seconds
[2023-04-28T18:18:30.749-0300] {processor.py:153} INFO - Started process (PID=6214) to work on /home/lcscarv/projetos/indicium/desafio_5/.venv/lib/python3.8/site-packages/airflow/example_dags/example_sensors.py
[2023-04-28T18:18:30.750-0300] {processor.py:743} INFO - Processing file /home/lcscarv/projetos/indicium/desafio_5/.venv/lib/python3.8/site-packages/airflow/example_dags/example_sensors.py for tasks to queue
[2023-04-28T18:18:30.750-0300] {logging_mixin.py:137} INFO - [2023-04-28T18:18:30.750-0300] {dagbag.py:532} INFO - Filling up the DagBag from /home/lcscarv/projetos/indicium/desafio_5/.venv/lib/python3.8/site-packages/airflow/example_dags/example_sensors.py
[2023-04-28T18:18:30.763-0300] {processor.py:753} INFO - DAG(s) dict_keys(['example_sensors']) retrieved from /home/lcscarv/projetos/indicium/desafio_5/.venv/lib/python3.8/site-packages/airflow/example_dags/example_sensors.py
[2023-04-28T18:18:30.778-0300] {logging_mixin.py:137} INFO - [2023-04-28T18:18:30.778-0300] {dag.py:2705} INFO - Sync 1 DAGs
[2023-04-28T18:18:30.790-0300] {logging_mixin.py:137} INFO - [2023-04-28T18:18:30.790-0300] {dag.py:3452} INFO - Setting next_dagrun for example_sensors to None, run_after=None
[2023-04-28T18:18:30.814-0300] {processor.py:175} INFO - Processing /home/lcscarv/projetos/indicium/desafio_5/.venv/lib/python3.8/site-packages/airflow/example_dags/example_sensors.py took 0.067 seconds
[2023-04-28T18:19:13.622-0300] {processor.py:153} INFO - Started process (PID=6253) to work on /home/lcscarv/projetos/indicium/desafio_5/.venv/lib/python3.8/site-packages/airflow/example_dags/example_sensors.py
[2023-04-28T18:19:13.624-0300] {processor.py:743} INFO - Processing file /home/lcscarv/projetos/indicium/desafio_5/.venv/lib/python3.8/site-packages/airflow/example_dags/example_sensors.py for tasks to queue
[2023-04-28T18:19:13.624-0300] {logging_mixin.py:137} INFO - [2023-04-28T18:19:13.624-0300] {dagbag.py:532} INFO - Filling up the DagBag from /home/lcscarv/projetos/indicium/desafio_5/.venv/lib/python3.8/site-packages/airflow/example_dags/example_sensors.py
[2023-04-28T18:19:13.640-0300] {processor.py:753} INFO - DAG(s) dict_keys(['example_sensors']) retrieved from /home/lcscarv/projetos/indicium/desafio_5/.venv/lib/python3.8/site-packages/airflow/example_dags/example_sensors.py
[2023-04-28T18:19:13.658-0300] {logging_mixin.py:137} INFO - [2023-04-28T18:19:13.658-0300] {dag.py:2705} INFO - Sync 1 DAGs
[2023-04-28T18:19:13.675-0300] {logging_mixin.py:137} INFO - [2023-04-28T18:19:13.675-0300] {dag.py:3452} INFO - Setting next_dagrun for example_sensors to None, run_after=None
[2023-04-28T18:19:13.774-0300] {processor.py:175} INFO - Processing /home/lcscarv/projetos/indicium/desafio_5/.venv/lib/python3.8/site-packages/airflow/example_dags/example_sensors.py took 0.156 seconds
[2023-04-28T18:20:00.309-0300] {processor.py:153} INFO - Started process (PID=6297) to work on /home/lcscarv/projetos/indicium/desafio_5/.venv/lib/python3.8/site-packages/airflow/example_dags/example_sensors.py
[2023-04-28T18:20:00.337-0300] {processor.py:743} INFO - Processing file /home/lcscarv/projetos/indicium/desafio_5/.venv/lib/python3.8/site-packages/airflow/example_dags/example_sensors.py for tasks to queue
[2023-04-28T18:20:00.338-0300] {logging_mixin.py:137} INFO - [2023-04-28T18:20:00.338-0300] {dagbag.py:532} INFO - Filling up the DagBag from /home/lcscarv/projetos/indicium/desafio_5/.venv/lib/python3.8/site-packages/airflow/example_dags/example_sensors.py
[2023-04-28T18:20:00.354-0300] {processor.py:753} INFO - DAG(s) dict_keys(['example_sensors']) retrieved from /home/lcscarv/projetos/indicium/desafio_5/.venv/lib/python3.8/site-packages/airflow/example_dags/example_sensors.py
[2023-04-28T18:20:00.370-0300] {logging_mixin.py:137} INFO - [2023-04-28T18:20:00.370-0300] {dag.py:2705} INFO - Sync 1 DAGs
[2023-04-28T18:20:00.444-0300] {logging_mixin.py:137} INFO - [2023-04-28T18:20:00.444-0300] {dag.py:3452} INFO - Setting next_dagrun for example_sensors to None, run_after=None
[2023-04-28T18:20:00.462-0300] {processor.py:175} INFO - Processing /home/lcscarv/projetos/indicium/desafio_5/.venv/lib/python3.8/site-packages/airflow/example_dags/example_sensors.py took 0.155 seconds
[2023-04-28T18:20:51.213-0300] {processor.py:153} INFO - Started process (PID=6394) to work on /home/lcscarv/projetos/indicium/desafio_5/.venv/lib/python3.8/site-packages/airflow/example_dags/example_sensors.py
[2023-04-28T18:20:51.214-0300] {processor.py:743} INFO - Processing file /home/lcscarv/projetos/indicium/desafio_5/.venv/lib/python3.8/site-packages/airflow/example_dags/example_sensors.py for tasks to queue
[2023-04-28T18:20:51.215-0300] {logging_mixin.py:137} INFO - [2023-04-28T18:20:51.215-0300] {dagbag.py:532} INFO - Filling up the DagBag from /home/lcscarv/projetos/indicium/desafio_5/.venv/lib/python3.8/site-packages/airflow/example_dags/example_sensors.py
[2023-04-28T18:20:51.228-0300] {processor.py:753} INFO - DAG(s) dict_keys(['example_sensors']) retrieved from /home/lcscarv/projetos/indicium/desafio_5/.venv/lib/python3.8/site-packages/airflow/example_dags/example_sensors.py
[2023-04-28T18:20:51.324-0300] {logging_mixin.py:137} INFO - [2023-04-28T18:20:51.324-0300] {dag.py:2705} INFO - Sync 1 DAGs
[2023-04-28T18:20:51.336-0300] {logging_mixin.py:137} INFO - [2023-04-28T18:20:51.336-0300] {dag.py:3452} INFO - Setting next_dagrun for example_sensors to None, run_after=None
[2023-04-28T18:20:51.356-0300] {processor.py:175} INFO - Processing /home/lcscarv/projetos/indicium/desafio_5/.venv/lib/python3.8/site-packages/airflow/example_dags/example_sensors.py took 0.144 seconds
