[2023-04-28T18:00:19.693-0300] {processor.py:153} INFO - Started process (PID=4483) to work on /home/lcscarv/projetos/indicium/desafio_5/.venv/lib/python3.8/site-packages/airflow/example_dags/example_xcom.py
[2023-04-28T18:00:19.693-0300] {processor.py:743} INFO - Processing file /home/lcscarv/projetos/indicium/desafio_5/.venv/lib/python3.8/site-packages/airflow/example_dags/example_xcom.py for tasks to queue
[2023-04-28T18:00:19.694-0300] {logging_mixin.py:137} INFO - [2023-04-28T18:00:19.694-0300] {dagbag.py:532} INFO - Filling up the DagBag from /home/lcscarv/projetos/indicium/desafio_5/.venv/lib/python3.8/site-packages/airflow/example_dags/example_xcom.py
[2023-04-28T18:00:19.715-0300] {processor.py:753} INFO - DAG(s) dict_keys(['example_xcom']) retrieved from /home/lcscarv/projetos/indicium/desafio_5/.venv/lib/python3.8/site-packages/airflow/example_dags/example_xcom.py
[2023-04-28T18:00:19.736-0300] {logging_mixin.py:137} INFO - [2023-04-28T18:00:19.735-0300] {dag.py:2705} INFO - Sync 1 DAGs
[2023-04-28T18:00:19.753-0300] {logging_mixin.py:137} INFO - [2023-04-28T18:00:19.753-0300] {dag.py:3452} INFO - Setting next_dagrun for example_xcom to 2021-01-01T00:00:00+00:00, run_after=2021-01-01T00:00:00+00:00
[2023-04-28T18:00:19.776-0300] {processor.py:175} INFO - Processing /home/lcscarv/projetos/indicium/desafio_5/.venv/lib/python3.8/site-packages/airflow/example_dags/example_xcom.py took 0.085 seconds
[2023-04-28T18:01:02.189-0300] {processor.py:153} INFO - Started process (PID=4629) to work on /home/lcscarv/projetos/indicium/desafio_5/.venv/lib/python3.8/site-packages/airflow/example_dags/example_xcom.py
[2023-04-28T18:01:02.190-0300] {processor.py:743} INFO - Processing file /home/lcscarv/projetos/indicium/desafio_5/.venv/lib/python3.8/site-packages/airflow/example_dags/example_xcom.py for tasks to queue
[2023-04-28T18:01:02.191-0300] {logging_mixin.py:137} INFO - [2023-04-28T18:01:02.191-0300] {dagbag.py:532} INFO - Filling up the DagBag from /home/lcscarv/projetos/indicium/desafio_5/.venv/lib/python3.8/site-packages/airflow/example_dags/example_xcom.py
[2023-04-28T18:01:02.215-0300] {processor.py:753} INFO - DAG(s) dict_keys(['example_xcom']) retrieved from /home/lcscarv/projetos/indicium/desafio_5/.venv/lib/python3.8/site-packages/airflow/example_dags/example_xcom.py
[2023-04-28T18:01:02.243-0300] {logging_mixin.py:137} INFO - [2023-04-28T18:01:02.243-0300] {dag.py:2705} INFO - Sync 1 DAGs
[2023-04-28T18:01:02.265-0300] {logging_mixin.py:137} INFO - [2023-04-28T18:01:02.264-0300] {dag.py:3452} INFO - Setting next_dagrun for example_xcom to 2021-01-01T00:00:00+00:00, run_after=2021-01-01T00:00:00+00:00
[2023-04-28T18:01:02.287-0300] {processor.py:175} INFO - Processing /home/lcscarv/projetos/indicium/desafio_5/.venv/lib/python3.8/site-packages/airflow/example_dags/example_xcom.py took 0.101 seconds
[2023-04-28T18:01:47.259-0300] {processor.py:153} INFO - Started process (PID=4671) to work on /home/lcscarv/projetos/indicium/desafio_5/.venv/lib/python3.8/site-packages/airflow/example_dags/example_xcom.py
[2023-04-28T18:01:47.262-0300] {processor.py:743} INFO - Processing file /home/lcscarv/projetos/indicium/desafio_5/.venv/lib/python3.8/site-packages/airflow/example_dags/example_xcom.py for tasks to queue
[2023-04-28T18:01:47.263-0300] {logging_mixin.py:137} INFO - [2023-04-28T18:01:47.262-0300] {dagbag.py:532} INFO - Filling up the DagBag from /home/lcscarv/projetos/indicium/desafio_5/.venv/lib/python3.8/site-packages/airflow/example_dags/example_xcom.py
[2023-04-28T18:01:47.295-0300] {processor.py:753} INFO - DAG(s) dict_keys(['example_xcom']) retrieved from /home/lcscarv/projetos/indicium/desafio_5/.venv/lib/python3.8/site-packages/airflow/example_dags/example_xcom.py
[2023-04-28T18:01:47.322-0300] {logging_mixin.py:137} INFO - [2023-04-28T18:01:47.321-0300] {dag.py:2705} INFO - Sync 1 DAGs
[2023-04-28T18:01:47.345-0300] {logging_mixin.py:137} INFO - [2023-04-28T18:01:47.344-0300] {dag.py:3452} INFO - Setting next_dagrun for example_xcom to 2021-01-01T00:00:00+00:00, run_after=2021-01-01T00:00:00+00:00
[2023-04-28T18:01:47.375-0300] {processor.py:175} INFO - Processing /home/lcscarv/projetos/indicium/desafio_5/.venv/lib/python3.8/site-packages/airflow/example_dags/example_xcom.py took 0.119 seconds
[2023-04-28T18:02:41.151-0300] {processor.py:153} INFO - Started process (PID=4762) to work on /home/lcscarv/projetos/indicium/desafio_5/.venv/lib/python3.8/site-packages/airflow/example_dags/example_xcom.py
[2023-04-28T18:02:41.152-0300] {processor.py:743} INFO - Processing file /home/lcscarv/projetos/indicium/desafio_5/.venv/lib/python3.8/site-packages/airflow/example_dags/example_xcom.py for tasks to queue
[2023-04-28T18:02:41.152-0300] {logging_mixin.py:137} INFO - [2023-04-28T18:02:41.152-0300] {dagbag.py:532} INFO - Filling up the DagBag from /home/lcscarv/projetos/indicium/desafio_5/.venv/lib/python3.8/site-packages/airflow/example_dags/example_xcom.py
[2023-04-28T18:02:41.171-0300] {processor.py:753} INFO - DAG(s) dict_keys(['example_xcom']) retrieved from /home/lcscarv/projetos/indicium/desafio_5/.venv/lib/python3.8/site-packages/airflow/example_dags/example_xcom.py
[2023-04-28T18:02:41.188-0300] {logging_mixin.py:137} INFO - [2023-04-28T18:02:41.188-0300] {dag.py:2705} INFO - Sync 1 DAGs
[2023-04-28T18:02:41.211-0300] {logging_mixin.py:137} INFO - [2023-04-28T18:02:41.211-0300] {dag.py:3452} INFO - Setting next_dagrun for example_xcom to 2021-01-01T00:00:00+00:00, run_after=2021-01-01T00:00:00+00:00
[2023-04-28T18:02:41.257-0300] {processor.py:175} INFO - Processing /home/lcscarv/projetos/indicium/desafio_5/.venv/lib/python3.8/site-packages/airflow/example_dags/example_xcom.py took 0.109 seconds
[2023-04-28T18:03:24.257-0300] {processor.py:153} INFO - Started process (PID=4850) to work on /home/lcscarv/projetos/indicium/desafio_5/.venv/lib/python3.8/site-packages/airflow/example_dags/example_xcom.py
[2023-04-28T18:03:24.258-0300] {processor.py:743} INFO - Processing file /home/lcscarv/projetos/indicium/desafio_5/.venv/lib/python3.8/site-packages/airflow/example_dags/example_xcom.py for tasks to queue
[2023-04-28T18:03:24.258-0300] {logging_mixin.py:137} INFO - [2023-04-28T18:03:24.258-0300] {dagbag.py:532} INFO - Filling up the DagBag from /home/lcscarv/projetos/indicium/desafio_5/.venv/lib/python3.8/site-packages/airflow/example_dags/example_xcom.py
[2023-04-28T18:03:24.274-0300] {processor.py:753} INFO - DAG(s) dict_keys(['example_xcom']) retrieved from /home/lcscarv/projetos/indicium/desafio_5/.venv/lib/python3.8/site-packages/airflow/example_dags/example_xcom.py
[2023-04-28T18:03:24.288-0300] {logging_mixin.py:137} INFO - [2023-04-28T18:03:24.288-0300] {dag.py:2705} INFO - Sync 1 DAGs
[2023-04-28T18:03:24.300-0300] {logging_mixin.py:137} INFO - [2023-04-28T18:03:24.300-0300] {dag.py:3452} INFO - Setting next_dagrun for example_xcom to 2021-01-01T00:00:00+00:00, run_after=2021-01-01T00:00:00+00:00
[2023-04-28T18:03:24.319-0300] {processor.py:175} INFO - Processing /home/lcscarv/projetos/indicium/desafio_5/.venv/lib/python3.8/site-packages/airflow/example_dags/example_xcom.py took 0.064 seconds
[2023-04-28T18:04:06.730-0300] {processor.py:153} INFO - Started process (PID=4892) to work on /home/lcscarv/projetos/indicium/desafio_5/.venv/lib/python3.8/site-packages/airflow/example_dags/example_xcom.py
[2023-04-28T18:04:06.732-0300] {processor.py:743} INFO - Processing file /home/lcscarv/projetos/indicium/desafio_5/.venv/lib/python3.8/site-packages/airflow/example_dags/example_xcom.py for tasks to queue
[2023-04-28T18:04:06.732-0300] {logging_mixin.py:137} INFO - [2023-04-28T18:04:06.732-0300] {dagbag.py:532} INFO - Filling up the DagBag from /home/lcscarv/projetos/indicium/desafio_5/.venv/lib/python3.8/site-packages/airflow/example_dags/example_xcom.py
[2023-04-28T18:04:06.747-0300] {processor.py:753} INFO - DAG(s) dict_keys(['example_xcom']) retrieved from /home/lcscarv/projetos/indicium/desafio_5/.venv/lib/python3.8/site-packages/airflow/example_dags/example_xcom.py
[2023-04-28T18:04:06.761-0300] {logging_mixin.py:137} INFO - [2023-04-28T18:04:06.761-0300] {dag.py:2705} INFO - Sync 1 DAGs
[2023-04-28T18:04:06.774-0300] {logging_mixin.py:137} INFO - [2023-04-28T18:04:06.774-0300] {dag.py:3452} INFO - Setting next_dagrun for example_xcom to 2021-01-01T00:00:00+00:00, run_after=2021-01-01T00:00:00+00:00
[2023-04-28T18:04:06.793-0300] {processor.py:175} INFO - Processing /home/lcscarv/projetos/indicium/desafio_5/.venv/lib/python3.8/site-packages/airflow/example_dags/example_xcom.py took 0.064 seconds
[2023-04-28T18:04:44.367-0300] {processor.py:153} INFO - Started process (PID=4950) to work on /home/lcscarv/projetos/indicium/desafio_5/.venv/lib/python3.8/site-packages/airflow/example_dags/example_xcom.py
[2023-04-28T18:04:44.368-0300] {processor.py:743} INFO - Processing file /home/lcscarv/projetos/indicium/desafio_5/.venv/lib/python3.8/site-packages/airflow/example_dags/example_xcom.py for tasks to queue
[2023-04-28T18:04:44.369-0300] {logging_mixin.py:137} INFO - [2023-04-28T18:04:44.369-0300] {dagbag.py:532} INFO - Filling up the DagBag from /home/lcscarv/projetos/indicium/desafio_5/.venv/lib/python3.8/site-packages/airflow/example_dags/example_xcom.py
[2023-04-28T18:04:44.384-0300] {processor.py:753} INFO - DAG(s) dict_keys(['example_xcom']) retrieved from /home/lcscarv/projetos/indicium/desafio_5/.venv/lib/python3.8/site-packages/airflow/example_dags/example_xcom.py
[2023-04-28T18:04:44.397-0300] {logging_mixin.py:137} INFO - [2023-04-28T18:04:44.397-0300] {dag.py:2705} INFO - Sync 1 DAGs
[2023-04-28T18:04:44.410-0300] {logging_mixin.py:137} INFO - [2023-04-28T18:04:44.409-0300] {dag.py:3452} INFO - Setting next_dagrun for example_xcom to 2021-01-01T00:00:00+00:00, run_after=2021-01-01T00:00:00+00:00
[2023-04-28T18:04:44.428-0300] {processor.py:175} INFO - Processing /home/lcscarv/projetos/indicium/desafio_5/.venv/lib/python3.8/site-packages/airflow/example_dags/example_xcom.py took 0.063 seconds
[2023-04-28T18:05:18.640-0300] {processor.py:153} INFO - Started process (PID=5067) to work on /home/lcscarv/projetos/indicium/desafio_5/.venv/lib/python3.8/site-packages/airflow/example_dags/example_xcom.py
[2023-04-28T18:05:18.640-0300] {processor.py:743} INFO - Processing file /home/lcscarv/projetos/indicium/desafio_5/.venv/lib/python3.8/site-packages/airflow/example_dags/example_xcom.py for tasks to queue
[2023-04-28T18:05:18.641-0300] {logging_mixin.py:137} INFO - [2023-04-28T18:05:18.641-0300] {dagbag.py:532} INFO - Filling up the DagBag from /home/lcscarv/projetos/indicium/desafio_5/.venv/lib/python3.8/site-packages/airflow/example_dags/example_xcom.py
[2023-04-28T18:05:18.655-0300] {processor.py:753} INFO - DAG(s) dict_keys(['example_xcom']) retrieved from /home/lcscarv/projetos/indicium/desafio_5/.venv/lib/python3.8/site-packages/airflow/example_dags/example_xcom.py
[2023-04-28T18:05:18.667-0300] {logging_mixin.py:137} INFO - [2023-04-28T18:05:18.667-0300] {dag.py:2705} INFO - Sync 1 DAGs
[2023-04-28T18:05:18.679-0300] {logging_mixin.py:137} INFO - [2023-04-28T18:05:18.679-0300] {dag.py:3452} INFO - Setting next_dagrun for example_xcom to 2021-01-01T00:00:00+00:00, run_after=2021-01-01T00:00:00+00:00
[2023-04-28T18:05:18.696-0300] {processor.py:175} INFO - Processing /home/lcscarv/projetos/indicium/desafio_5/.venv/lib/python3.8/site-packages/airflow/example_dags/example_xcom.py took 0.058 seconds
[2023-04-28T18:05:52.940-0300] {processor.py:153} INFO - Started process (PID=5102) to work on /home/lcscarv/projetos/indicium/desafio_5/.venv/lib/python3.8/site-packages/airflow/example_dags/example_xcom.py
[2023-04-28T18:05:52.941-0300] {processor.py:743} INFO - Processing file /home/lcscarv/projetos/indicium/desafio_5/.venv/lib/python3.8/site-packages/airflow/example_dags/example_xcom.py for tasks to queue
[2023-04-28T18:05:52.941-0300] {logging_mixin.py:137} INFO - [2023-04-28T18:05:52.941-0300] {dagbag.py:532} INFO - Filling up the DagBag from /home/lcscarv/projetos/indicium/desafio_5/.venv/lib/python3.8/site-packages/airflow/example_dags/example_xcom.py
[2023-04-28T18:05:52.956-0300] {processor.py:753} INFO - DAG(s) dict_keys(['example_xcom']) retrieved from /home/lcscarv/projetos/indicium/desafio_5/.venv/lib/python3.8/site-packages/airflow/example_dags/example_xcom.py
[2023-04-28T18:05:52.968-0300] {logging_mixin.py:137} INFO - [2023-04-28T18:05:52.968-0300] {dag.py:2705} INFO - Sync 1 DAGs
[2023-04-28T18:05:52.981-0300] {logging_mixin.py:137} INFO - [2023-04-28T18:05:52.980-0300] {dag.py:3452} INFO - Setting next_dagrun for example_xcom to 2021-01-01T00:00:00+00:00, run_after=2021-01-01T00:00:00+00:00
[2023-04-28T18:05:52.999-0300] {processor.py:175} INFO - Processing /home/lcscarv/projetos/indicium/desafio_5/.venv/lib/python3.8/site-packages/airflow/example_dags/example_xcom.py took 0.061 seconds
[2023-04-28T18:06:34.246-0300] {processor.py:153} INFO - Started process (PID=5144) to work on /home/lcscarv/projetos/indicium/desafio_5/.venv/lib/python3.8/site-packages/airflow/example_dags/example_xcom.py
[2023-04-28T18:06:34.250-0300] {processor.py:743} INFO - Processing file /home/lcscarv/projetos/indicium/desafio_5/.venv/lib/python3.8/site-packages/airflow/example_dags/example_xcom.py for tasks to queue
[2023-04-28T18:06:34.251-0300] {logging_mixin.py:137} INFO - [2023-04-28T18:06:34.251-0300] {dagbag.py:532} INFO - Filling up the DagBag from /home/lcscarv/projetos/indicium/desafio_5/.venv/lib/python3.8/site-packages/airflow/example_dags/example_xcom.py
[2023-04-28T18:06:34.266-0300] {processor.py:753} INFO - DAG(s) dict_keys(['example_xcom']) retrieved from /home/lcscarv/projetos/indicium/desafio_5/.venv/lib/python3.8/site-packages/airflow/example_dags/example_xcom.py
[2023-04-28T18:06:34.279-0300] {logging_mixin.py:137} INFO - [2023-04-28T18:06:34.279-0300] {dag.py:2705} INFO - Sync 1 DAGs
[2023-04-28T18:06:34.292-0300] {logging_mixin.py:137} INFO - [2023-04-28T18:06:34.292-0300] {dag.py:3452} INFO - Setting next_dagrun for example_xcom to 2021-01-01T00:00:00+00:00, run_after=2021-01-01T00:00:00+00:00
[2023-04-28T18:06:34.312-0300] {processor.py:175} INFO - Processing /home/lcscarv/projetos/indicium/desafio_5/.venv/lib/python3.8/site-packages/airflow/example_dags/example_xcom.py took 0.068 seconds
[2023-04-28T18:07:13.525-0300] {processor.py:153} INFO - Started process (PID=5174) to work on /home/lcscarv/projetos/indicium/desafio_5/.venv/lib/python3.8/site-packages/airflow/example_dags/example_xcom.py
[2023-04-28T18:07:13.526-0300] {processor.py:743} INFO - Processing file /home/lcscarv/projetos/indicium/desafio_5/.venv/lib/python3.8/site-packages/airflow/example_dags/example_xcom.py for tasks to queue
[2023-04-28T18:07:13.526-0300] {logging_mixin.py:137} INFO - [2023-04-28T18:07:13.526-0300] {dagbag.py:532} INFO - Filling up the DagBag from /home/lcscarv/projetos/indicium/desafio_5/.venv/lib/python3.8/site-packages/airflow/example_dags/example_xcom.py
[2023-04-28T18:07:13.551-0300] {processor.py:753} INFO - DAG(s) dict_keys(['example_xcom']) retrieved from /home/lcscarv/projetos/indicium/desafio_5/.venv/lib/python3.8/site-packages/airflow/example_dags/example_xcom.py
[2023-04-28T18:07:13.567-0300] {logging_mixin.py:137} INFO - [2023-04-28T18:07:13.567-0300] {dag.py:2705} INFO - Sync 1 DAGs
[2023-04-28T18:07:13.582-0300] {logging_mixin.py:137} INFO - [2023-04-28T18:07:13.581-0300] {dag.py:3452} INFO - Setting next_dagrun for example_xcom to 2021-01-01T00:00:00+00:00, run_after=2021-01-01T00:00:00+00:00
[2023-04-28T18:07:13.601-0300] {processor.py:175} INFO - Processing /home/lcscarv/projetos/indicium/desafio_5/.venv/lib/python3.8/site-packages/airflow/example_dags/example_xcom.py took 0.079 seconds
[2023-04-28T18:08:07.348-0300] {processor.py:153} INFO - Started process (PID=5368) to work on /home/lcscarv/projetos/indicium/desafio_5/.venv/lib/python3.8/site-packages/airflow/example_dags/example_xcom.py
[2023-04-28T18:08:07.349-0300] {processor.py:743} INFO - Processing file /home/lcscarv/projetos/indicium/desafio_5/.venv/lib/python3.8/site-packages/airflow/example_dags/example_xcom.py for tasks to queue
[2023-04-28T18:08:07.349-0300] {logging_mixin.py:137} INFO - [2023-04-28T18:08:07.349-0300] {dagbag.py:532} INFO - Filling up the DagBag from /home/lcscarv/projetos/indicium/desafio_5/.venv/lib/python3.8/site-packages/airflow/example_dags/example_xcom.py
[2023-04-28T18:08:07.367-0300] {processor.py:753} INFO - DAG(s) dict_keys(['example_xcom']) retrieved from /home/lcscarv/projetos/indicium/desafio_5/.venv/lib/python3.8/site-packages/airflow/example_dags/example_xcom.py
[2023-04-28T18:08:07.381-0300] {logging_mixin.py:137} INFO - [2023-04-28T18:08:07.381-0300] {dag.py:2705} INFO - Sync 1 DAGs
[2023-04-28T18:08:07.396-0300] {logging_mixin.py:137} INFO - [2023-04-28T18:08:07.396-0300] {dag.py:3452} INFO - Setting next_dagrun for example_xcom to 2021-01-01T00:00:00+00:00, run_after=2021-01-01T00:00:00+00:00
[2023-04-28T18:08:07.419-0300] {processor.py:175} INFO - Processing /home/lcscarv/projetos/indicium/desafio_5/.venv/lib/python3.8/site-packages/airflow/example_dags/example_xcom.py took 0.073 seconds
[2023-04-28T18:08:47.631-0300] {processor.py:153} INFO - Started process (PID=5406) to work on /home/lcscarv/projetos/indicium/desafio_5/.venv/lib/python3.8/site-packages/airflow/example_dags/example_xcom.py
[2023-04-28T18:08:47.633-0300] {processor.py:743} INFO - Processing file /home/lcscarv/projetos/indicium/desafio_5/.venv/lib/python3.8/site-packages/airflow/example_dags/example_xcom.py for tasks to queue
[2023-04-28T18:08:47.633-0300] {logging_mixin.py:137} INFO - [2023-04-28T18:08:47.633-0300] {dagbag.py:532} INFO - Filling up the DagBag from /home/lcscarv/projetos/indicium/desafio_5/.venv/lib/python3.8/site-packages/airflow/example_dags/example_xcom.py
[2023-04-28T18:08:47.651-0300] {processor.py:753} INFO - DAG(s) dict_keys(['example_xcom']) retrieved from /home/lcscarv/projetos/indicium/desafio_5/.venv/lib/python3.8/site-packages/airflow/example_dags/example_xcom.py
[2023-04-28T18:08:47.669-0300] {logging_mixin.py:137} INFO - [2023-04-28T18:08:47.669-0300] {dag.py:2705} INFO - Sync 1 DAGs
[2023-04-28T18:08:47.697-0300] {logging_mixin.py:137} INFO - [2023-04-28T18:08:47.696-0300] {dag.py:3452} INFO - Setting next_dagrun for example_xcom to 2021-01-01T00:00:00+00:00, run_after=2021-01-01T00:00:00+00:00
[2023-04-28T18:08:47.719-0300] {processor.py:175} INFO - Processing /home/lcscarv/projetos/indicium/desafio_5/.venv/lib/python3.8/site-packages/airflow/example_dags/example_xcom.py took 0.090 seconds
[2023-04-28T18:09:34.783-0300] {processor.py:153} INFO - Started process (PID=5500) to work on /home/lcscarv/projetos/indicium/desafio_5/.venv/lib/python3.8/site-packages/airflow/example_dags/example_xcom.py
[2023-04-28T18:09:34.816-0300] {processor.py:743} INFO - Processing file /home/lcscarv/projetos/indicium/desafio_5/.venv/lib/python3.8/site-packages/airflow/example_dags/example_xcom.py for tasks to queue
[2023-04-28T18:09:34.818-0300] {logging_mixin.py:137} INFO - [2023-04-28T18:09:34.817-0300] {dagbag.py:532} INFO - Filling up the DagBag from /home/lcscarv/projetos/indicium/desafio_5/.venv/lib/python3.8/site-packages/airflow/example_dags/example_xcom.py
[2023-04-28T18:09:34.837-0300] {processor.py:753} INFO - DAG(s) dict_keys(['example_xcom']) retrieved from /home/lcscarv/projetos/indicium/desafio_5/.venv/lib/python3.8/site-packages/airflow/example_dags/example_xcom.py
[2023-04-28T18:09:34.851-0300] {logging_mixin.py:137} INFO - [2023-04-28T18:09:34.851-0300] {dag.py:2705} INFO - Sync 1 DAGs
[2023-04-28T18:09:34.865-0300] {logging_mixin.py:137} INFO - [2023-04-28T18:09:34.864-0300] {dag.py:3452} INFO - Setting next_dagrun for example_xcom to 2021-01-01T00:00:00+00:00, run_after=2021-01-01T00:00:00+00:00
[2023-04-28T18:09:34.925-0300] {processor.py:175} INFO - Processing /home/lcscarv/projetos/indicium/desafio_5/.venv/lib/python3.8/site-packages/airflow/example_dags/example_xcom.py took 0.144 seconds
[2023-04-28T18:10:26.317-0300] {processor.py:153} INFO - Started process (PID=5646) to work on /home/lcscarv/projetos/indicium/desafio_5/.venv/lib/python3.8/site-packages/airflow/example_dags/example_xcom.py
[2023-04-28T18:10:26.385-0300] {processor.py:743} INFO - Processing file /home/lcscarv/projetos/indicium/desafio_5/.venv/lib/python3.8/site-packages/airflow/example_dags/example_xcom.py for tasks to queue
[2023-04-28T18:10:26.386-0300] {logging_mixin.py:137} INFO - [2023-04-28T18:10:26.386-0300] {dagbag.py:532} INFO - Filling up the DagBag from /home/lcscarv/projetos/indicium/desafio_5/.venv/lib/python3.8/site-packages/airflow/example_dags/example_xcom.py
[2023-04-28T18:10:26.406-0300] {processor.py:753} INFO - DAG(s) dict_keys(['example_xcom']) retrieved from /home/lcscarv/projetos/indicium/desafio_5/.venv/lib/python3.8/site-packages/airflow/example_dags/example_xcom.py
[2023-04-28T18:10:26.549-0300] {logging_mixin.py:137} INFO - [2023-04-28T18:10:26.549-0300] {dag.py:2705} INFO - Sync 1 DAGs
[2023-04-28T18:10:26.562-0300] {logging_mixin.py:137} INFO - [2023-04-28T18:10:26.562-0300] {dag.py:3452} INFO - Setting next_dagrun for example_xcom to 2021-01-01T00:00:00+00:00, run_after=2021-01-01T00:00:00+00:00
[2023-04-28T18:10:26.634-0300] {processor.py:175} INFO - Processing /home/lcscarv/projetos/indicium/desafio_5/.venv/lib/python3.8/site-packages/airflow/example_dags/example_xcom.py took 0.320 seconds
[2023-04-28T18:11:06.230-0300] {processor.py:153} INFO - Started process (PID=5732) to work on /home/lcscarv/projetos/indicium/desafio_5/.venv/lib/python3.8/site-packages/airflow/example_dags/example_xcom.py
[2023-04-28T18:11:06.231-0300] {processor.py:743} INFO - Processing file /home/lcscarv/projetos/indicium/desafio_5/.venv/lib/python3.8/site-packages/airflow/example_dags/example_xcom.py for tasks to queue
[2023-04-28T18:11:06.232-0300] {logging_mixin.py:137} INFO - [2023-04-28T18:11:06.232-0300] {dagbag.py:532} INFO - Filling up the DagBag from /home/lcscarv/projetos/indicium/desafio_5/.venv/lib/python3.8/site-packages/airflow/example_dags/example_xcom.py
[2023-04-28T18:11:06.251-0300] {processor.py:753} INFO - DAG(s) dict_keys(['example_xcom']) retrieved from /home/lcscarv/projetos/indicium/desafio_5/.venv/lib/python3.8/site-packages/airflow/example_dags/example_xcom.py
[2023-04-28T18:11:06.267-0300] {logging_mixin.py:137} INFO - [2023-04-28T18:11:06.267-0300] {dag.py:2705} INFO - Sync 1 DAGs
[2023-04-28T18:11:06.280-0300] {logging_mixin.py:137} INFO - [2023-04-28T18:11:06.280-0300] {dag.py:3452} INFO - Setting next_dagrun for example_xcom to 2021-01-01T00:00:00+00:00, run_after=2021-01-01T00:00:00+00:00
[2023-04-28T18:11:06.303-0300] {processor.py:175} INFO - Processing /home/lcscarv/projetos/indicium/desafio_5/.venv/lib/python3.8/site-packages/airflow/example_dags/example_xcom.py took 0.075 seconds
[2023-04-28T18:11:53.515-0300] {processor.py:153} INFO - Started process (PID=5826) to work on /home/lcscarv/projetos/indicium/desafio_5/.venv/lib/python3.8/site-packages/airflow/example_dags/example_xcom.py
[2023-04-28T18:11:53.516-0300] {processor.py:743} INFO - Processing file /home/lcscarv/projetos/indicium/desafio_5/.venv/lib/python3.8/site-packages/airflow/example_dags/example_xcom.py for tasks to queue
[2023-04-28T18:11:53.516-0300] {logging_mixin.py:137} INFO - [2023-04-28T18:11:53.516-0300] {dagbag.py:532} INFO - Filling up the DagBag from /home/lcscarv/projetos/indicium/desafio_5/.venv/lib/python3.8/site-packages/airflow/example_dags/example_xcom.py
[2023-04-28T18:11:53.532-0300] {processor.py:753} INFO - DAG(s) dict_keys(['example_xcom']) retrieved from /home/lcscarv/projetos/indicium/desafio_5/.venv/lib/python3.8/site-packages/airflow/example_dags/example_xcom.py
[2023-04-28T18:11:53.547-0300] {logging_mixin.py:137} INFO - [2023-04-28T18:11:53.547-0300] {dag.py:2705} INFO - Sync 1 DAGs
[2023-04-28T18:11:53.560-0300] {logging_mixin.py:137} INFO - [2023-04-28T18:11:53.560-0300] {dag.py:3452} INFO - Setting next_dagrun for example_xcom to 2021-01-01T00:00:00+00:00, run_after=2021-01-01T00:00:00+00:00
[2023-04-28T18:11:53.581-0300] {processor.py:175} INFO - Processing /home/lcscarv/projetos/indicium/desafio_5/.venv/lib/python3.8/site-packages/airflow/example_dags/example_xcom.py took 0.068 seconds
[2023-04-28T18:12:31.534-0300] {processor.py:153} INFO - Started process (PID=5859) to work on /home/lcscarv/projetos/indicium/desafio_5/.venv/lib/python3.8/site-packages/airflow/example_dags/example_xcom.py
[2023-04-28T18:12:31.572-0300] {processor.py:743} INFO - Processing file /home/lcscarv/projetos/indicium/desafio_5/.venv/lib/python3.8/site-packages/airflow/example_dags/example_xcom.py for tasks to queue
[2023-04-28T18:12:31.574-0300] {logging_mixin.py:137} INFO - [2023-04-28T18:12:31.574-0300] {dagbag.py:532} INFO - Filling up the DagBag from /home/lcscarv/projetos/indicium/desafio_5/.venv/lib/python3.8/site-packages/airflow/example_dags/example_xcom.py
[2023-04-28T18:12:31.597-0300] {processor.py:753} INFO - DAG(s) dict_keys(['example_xcom']) retrieved from /home/lcscarv/projetos/indicium/desafio_5/.venv/lib/python3.8/site-packages/airflow/example_dags/example_xcom.py
[2023-04-28T18:12:31.612-0300] {logging_mixin.py:137} INFO - [2023-04-28T18:12:31.612-0300] {dag.py:2705} INFO - Sync 1 DAGs
[2023-04-28T18:12:31.626-0300] {logging_mixin.py:137} INFO - [2023-04-28T18:12:31.626-0300] {dag.py:3452} INFO - Setting next_dagrun for example_xcom to 2021-01-01T00:00:00+00:00, run_after=2021-01-01T00:00:00+00:00
[2023-04-28T18:12:31.662-0300] {processor.py:175} INFO - Processing /home/lcscarv/projetos/indicium/desafio_5/.venv/lib/python3.8/site-packages/airflow/example_dags/example_xcom.py took 0.130 seconds
[2023-04-28T18:13:27.763-0300] {processor.py:153} INFO - Started process (PID=5901) to work on /home/lcscarv/projetos/indicium/desafio_5/.venv/lib/python3.8/site-packages/airflow/example_dags/example_xcom.py
[2023-04-28T18:13:27.764-0300] {processor.py:743} INFO - Processing file /home/lcscarv/projetos/indicium/desafio_5/.venv/lib/python3.8/site-packages/airflow/example_dags/example_xcom.py for tasks to queue
[2023-04-28T18:13:27.765-0300] {logging_mixin.py:137} INFO - [2023-04-28T18:13:27.765-0300] {dagbag.py:532} INFO - Filling up the DagBag from /home/lcscarv/projetos/indicium/desafio_5/.venv/lib/python3.8/site-packages/airflow/example_dags/example_xcom.py
[2023-04-28T18:13:27.781-0300] {processor.py:753} INFO - DAG(s) dict_keys(['example_xcom']) retrieved from /home/lcscarv/projetos/indicium/desafio_5/.venv/lib/python3.8/site-packages/airflow/example_dags/example_xcom.py
[2023-04-28T18:13:27.800-0300] {logging_mixin.py:137} INFO - [2023-04-28T18:13:27.800-0300] {dag.py:2705} INFO - Sync 1 DAGs
[2023-04-28T18:13:27.818-0300] {logging_mixin.py:137} INFO - [2023-04-28T18:13:27.817-0300] {dag.py:3452} INFO - Setting next_dagrun for example_xcom to 2021-01-01T00:00:00+00:00, run_after=2021-01-01T00:00:00+00:00
[2023-04-28T18:13:27.845-0300] {processor.py:175} INFO - Processing /home/lcscarv/projetos/indicium/desafio_5/.venv/lib/python3.8/site-packages/airflow/example_dags/example_xcom.py took 0.084 seconds
[2023-04-28T18:14:25.271-0300] {processor.py:153} INFO - Started process (PID=5947) to work on /home/lcscarv/projetos/indicium/desafio_5/.venv/lib/python3.8/site-packages/airflow/example_dags/example_xcom.py
[2023-04-28T18:14:25.273-0300] {processor.py:743} INFO - Processing file /home/lcscarv/projetos/indicium/desafio_5/.venv/lib/python3.8/site-packages/airflow/example_dags/example_xcom.py for tasks to queue
[2023-04-28T18:14:25.274-0300] {logging_mixin.py:137} INFO - [2023-04-28T18:14:25.274-0300] {dagbag.py:532} INFO - Filling up the DagBag from /home/lcscarv/projetos/indicium/desafio_5/.venv/lib/python3.8/site-packages/airflow/example_dags/example_xcom.py
[2023-04-28T18:14:25.291-0300] {processor.py:753} INFO - DAG(s) dict_keys(['example_xcom']) retrieved from /home/lcscarv/projetos/indicium/desafio_5/.venv/lib/python3.8/site-packages/airflow/example_dags/example_xcom.py
[2023-04-28T18:14:25.306-0300] {logging_mixin.py:137} INFO - [2023-04-28T18:14:25.306-0300] {dag.py:2705} INFO - Sync 1 DAGs
[2023-04-28T18:14:25.320-0300] {logging_mixin.py:137} INFO - [2023-04-28T18:14:25.320-0300] {dag.py:3452} INFO - Setting next_dagrun for example_xcom to 2021-01-01T00:00:00+00:00, run_after=2021-01-01T00:00:00+00:00
[2023-04-28T18:14:25.341-0300] {processor.py:175} INFO - Processing /home/lcscarv/projetos/indicium/desafio_5/.venv/lib/python3.8/site-packages/airflow/example_dags/example_xcom.py took 0.071 seconds
[2023-04-28T18:15:08.889-0300] {processor.py:153} INFO - Started process (PID=5983) to work on /home/lcscarv/projetos/indicium/desafio_5/.venv/lib/python3.8/site-packages/airflow/example_dags/example_xcom.py
[2023-04-28T18:15:08.890-0300] {processor.py:743} INFO - Processing file /home/lcscarv/projetos/indicium/desafio_5/.venv/lib/python3.8/site-packages/airflow/example_dags/example_xcom.py for tasks to queue
[2023-04-28T18:15:08.891-0300] {logging_mixin.py:137} INFO - [2023-04-28T18:15:08.890-0300] {dagbag.py:532} INFO - Filling up the DagBag from /home/lcscarv/projetos/indicium/desafio_5/.venv/lib/python3.8/site-packages/airflow/example_dags/example_xcom.py
[2023-04-28T18:15:08.907-0300] {processor.py:753} INFO - DAG(s) dict_keys(['example_xcom']) retrieved from /home/lcscarv/projetos/indicium/desafio_5/.venv/lib/python3.8/site-packages/airflow/example_dags/example_xcom.py
[2023-04-28T18:15:08.922-0300] {logging_mixin.py:137} INFO - [2023-04-28T18:15:08.922-0300] {dag.py:2705} INFO - Sync 1 DAGs
[2023-04-28T18:15:08.936-0300] {logging_mixin.py:137} INFO - [2023-04-28T18:15:08.936-0300] {dag.py:3452} INFO - Setting next_dagrun for example_xcom to 2021-01-01T00:00:00+00:00, run_after=2021-01-01T00:00:00+00:00
[2023-04-28T18:15:09.015-0300] {processor.py:175} INFO - Processing /home/lcscarv/projetos/indicium/desafio_5/.venv/lib/python3.8/site-packages/airflow/example_dags/example_xcom.py took 0.128 seconds
[2023-04-28T18:15:46.678-0300] {processor.py:153} INFO - Started process (PID=6068) to work on /home/lcscarv/projetos/indicium/desafio_5/.venv/lib/python3.8/site-packages/airflow/example_dags/example_xcom.py
[2023-04-28T18:15:46.679-0300] {processor.py:743} INFO - Processing file /home/lcscarv/projetos/indicium/desafio_5/.venv/lib/python3.8/site-packages/airflow/example_dags/example_xcom.py for tasks to queue
[2023-04-28T18:15:46.679-0300] {logging_mixin.py:137} INFO - [2023-04-28T18:15:46.679-0300] {dagbag.py:532} INFO - Filling up the DagBag from /home/lcscarv/projetos/indicium/desafio_5/.venv/lib/python3.8/site-packages/airflow/example_dags/example_xcom.py
[2023-04-28T18:15:46.696-0300] {processor.py:753} INFO - DAG(s) dict_keys(['example_xcom']) retrieved from /home/lcscarv/projetos/indicium/desafio_5/.venv/lib/python3.8/site-packages/airflow/example_dags/example_xcom.py
[2023-04-28T18:15:46.710-0300] {logging_mixin.py:137} INFO - [2023-04-28T18:15:46.710-0300] {dag.py:2705} INFO - Sync 1 DAGs
[2023-04-28T18:15:46.783-0300] {logging_mixin.py:137} INFO - [2023-04-28T18:15:46.782-0300] {dag.py:3452} INFO - Setting next_dagrun for example_xcom to 2021-01-01T00:00:00+00:00, run_after=2021-01-01T00:00:00+00:00
[2023-04-28T18:15:46.801-0300] {processor.py:175} INFO - Processing /home/lcscarv/projetos/indicium/desafio_5/.venv/lib/python3.8/site-packages/airflow/example_dags/example_xcom.py took 0.125 seconds
[2023-04-28T18:16:23.477-0300] {processor.py:153} INFO - Started process (PID=6100) to work on /home/lcscarv/projetos/indicium/desafio_5/.venv/lib/python3.8/site-packages/airflow/example_dags/example_xcom.py
[2023-04-28T18:16:23.478-0300] {processor.py:743} INFO - Processing file /home/lcscarv/projetos/indicium/desafio_5/.venv/lib/python3.8/site-packages/airflow/example_dags/example_xcom.py for tasks to queue
[2023-04-28T18:16:23.479-0300] {logging_mixin.py:137} INFO - [2023-04-28T18:16:23.479-0300] {dagbag.py:532} INFO - Filling up the DagBag from /home/lcscarv/projetos/indicium/desafio_5/.venv/lib/python3.8/site-packages/airflow/example_dags/example_xcom.py
[2023-04-28T18:16:23.494-0300] {processor.py:753} INFO - DAG(s) dict_keys(['example_xcom']) retrieved from /home/lcscarv/projetos/indicium/desafio_5/.venv/lib/python3.8/site-packages/airflow/example_dags/example_xcom.py
[2023-04-28T18:16:23.567-0300] {logging_mixin.py:137} INFO - [2023-04-28T18:16:23.566-0300] {dag.py:2705} INFO - Sync 1 DAGs
[2023-04-28T18:16:23.578-0300] {logging_mixin.py:137} INFO - [2023-04-28T18:16:23.578-0300] {dag.py:3452} INFO - Setting next_dagrun for example_xcom to 2021-01-01T00:00:00+00:00, run_after=2021-01-01T00:00:00+00:00
[2023-04-28T18:16:23.596-0300] {processor.py:175} INFO - Processing /home/lcscarv/projetos/indicium/desafio_5/.venv/lib/python3.8/site-packages/airflow/example_dags/example_xcom.py took 0.121 seconds
[2023-04-28T18:17:03.123-0300] {processor.py:153} INFO - Started process (PID=6133) to work on /home/lcscarv/projetos/indicium/desafio_5/.venv/lib/python3.8/site-packages/airflow/example_dags/example_xcom.py
[2023-04-28T18:17:03.124-0300] {processor.py:743} INFO - Processing file /home/lcscarv/projetos/indicium/desafio_5/.venv/lib/python3.8/site-packages/airflow/example_dags/example_xcom.py for tasks to queue
[2023-04-28T18:17:03.125-0300] {logging_mixin.py:137} INFO - [2023-04-28T18:17:03.125-0300] {dagbag.py:532} INFO - Filling up the DagBag from /home/lcscarv/projetos/indicium/desafio_5/.venv/lib/python3.8/site-packages/airflow/example_dags/example_xcom.py
[2023-04-28T18:17:03.143-0300] {processor.py:753} INFO - DAG(s) dict_keys(['example_xcom']) retrieved from /home/lcscarv/projetos/indicium/desafio_5/.venv/lib/python3.8/site-packages/airflow/example_dags/example_xcom.py
[2023-04-28T18:17:03.221-0300] {logging_mixin.py:137} INFO - [2023-04-28T18:17:03.221-0300] {dag.py:2705} INFO - Sync 1 DAGs
[2023-04-28T18:17:03.233-0300] {logging_mixin.py:137} INFO - [2023-04-28T18:17:03.233-0300] {dag.py:3452} INFO - Setting next_dagrun for example_xcom to 2021-01-01T00:00:00+00:00, run_after=2021-01-01T00:00:00+00:00
[2023-04-28T18:17:03.257-0300] {processor.py:175} INFO - Processing /home/lcscarv/projetos/indicium/desafio_5/.venv/lib/python3.8/site-packages/airflow/example_dags/example_xcom.py took 0.137 seconds
[2023-04-28T18:17:41.600-0300] {processor.py:153} INFO - Started process (PID=6167) to work on /home/lcscarv/projetos/indicium/desafio_5/.venv/lib/python3.8/site-packages/airflow/example_dags/example_xcom.py
[2023-04-28T18:17:41.601-0300] {processor.py:743} INFO - Processing file /home/lcscarv/projetos/indicium/desafio_5/.venv/lib/python3.8/site-packages/airflow/example_dags/example_xcom.py for tasks to queue
[2023-04-28T18:17:41.602-0300] {logging_mixin.py:137} INFO - [2023-04-28T18:17:41.602-0300] {dagbag.py:532} INFO - Filling up the DagBag from /home/lcscarv/projetos/indicium/desafio_5/.venv/lib/python3.8/site-packages/airflow/example_dags/example_xcom.py
[2023-04-28T18:17:41.687-0300] {processor.py:753} INFO - DAG(s) dict_keys(['example_xcom']) retrieved from /home/lcscarv/projetos/indicium/desafio_5/.venv/lib/python3.8/site-packages/airflow/example_dags/example_xcom.py
[2023-04-28T18:17:41.700-0300] {logging_mixin.py:137} INFO - [2023-04-28T18:17:41.700-0300] {dag.py:2705} INFO - Sync 1 DAGs
[2023-04-28T18:17:41.725-0300] {logging_mixin.py:137} INFO - [2023-04-28T18:17:41.725-0300] {dag.py:3452} INFO - Setting next_dagrun for example_xcom to 2021-01-01T00:00:00+00:00, run_after=2021-01-01T00:00:00+00:00
[2023-04-28T18:17:41.761-0300] {processor.py:175} INFO - Processing /home/lcscarv/projetos/indicium/desafio_5/.venv/lib/python3.8/site-packages/airflow/example_dags/example_xcom.py took 0.164 seconds
[2023-04-28T18:18:28.322-0300] {processor.py:153} INFO - Started process (PID=6211) to work on /home/lcscarv/projetos/indicium/desafio_5/.venv/lib/python3.8/site-packages/airflow/example_dags/example_xcom.py
[2023-04-28T18:18:28.323-0300] {processor.py:743} INFO - Processing file /home/lcscarv/projetos/indicium/desafio_5/.venv/lib/python3.8/site-packages/airflow/example_dags/example_xcom.py for tasks to queue
[2023-04-28T18:18:28.323-0300] {logging_mixin.py:137} INFO - [2023-04-28T18:18:28.323-0300] {dagbag.py:532} INFO - Filling up the DagBag from /home/lcscarv/projetos/indicium/desafio_5/.venv/lib/python3.8/site-packages/airflow/example_dags/example_xcom.py
[2023-04-28T18:18:28.338-0300] {processor.py:753} INFO - DAG(s) dict_keys(['example_xcom']) retrieved from /home/lcscarv/projetos/indicium/desafio_5/.venv/lib/python3.8/site-packages/airflow/example_dags/example_xcom.py
[2023-04-28T18:18:28.353-0300] {logging_mixin.py:137} INFO - [2023-04-28T18:18:28.353-0300] {dag.py:2705} INFO - Sync 1 DAGs
[2023-04-28T18:18:28.366-0300] {logging_mixin.py:137} INFO - [2023-04-28T18:18:28.366-0300] {dag.py:3452} INFO - Setting next_dagrun for example_xcom to 2021-01-01T00:00:00+00:00, run_after=2021-01-01T00:00:00+00:00
[2023-04-28T18:18:28.383-0300] {processor.py:175} INFO - Processing /home/lcscarv/projetos/indicium/desafio_5/.venv/lib/python3.8/site-packages/airflow/example_dags/example_xcom.py took 0.063 seconds
[2023-04-28T18:19:10.659-0300] {processor.py:153} INFO - Started process (PID=6250) to work on /home/lcscarv/projetos/indicium/desafio_5/.venv/lib/python3.8/site-packages/airflow/example_dags/example_xcom.py
[2023-04-28T18:19:10.661-0300] {processor.py:743} INFO - Processing file /home/lcscarv/projetos/indicium/desafio_5/.venv/lib/python3.8/site-packages/airflow/example_dags/example_xcom.py for tasks to queue
[2023-04-28T18:19:10.662-0300] {logging_mixin.py:137} INFO - [2023-04-28T18:19:10.662-0300] {dagbag.py:532} INFO - Filling up the DagBag from /home/lcscarv/projetos/indicium/desafio_5/.venv/lib/python3.8/site-packages/airflow/example_dags/example_xcom.py
[2023-04-28T18:19:10.694-0300] {processor.py:753} INFO - DAG(s) dict_keys(['example_xcom']) retrieved from /home/lcscarv/projetos/indicium/desafio_5/.venv/lib/python3.8/site-packages/airflow/example_dags/example_xcom.py
[2023-04-28T18:19:10.733-0300] {logging_mixin.py:137} INFO - [2023-04-28T18:19:10.733-0300] {dag.py:2705} INFO - Sync 1 DAGs
[2023-04-28T18:19:10.769-0300] {logging_mixin.py:137} INFO - [2023-04-28T18:19:10.769-0300] {dag.py:3452} INFO - Setting next_dagrun for example_xcom to 2021-01-01T00:00:00+00:00, run_after=2021-01-01T00:00:00+00:00
[2023-04-28T18:19:10.929-0300] {processor.py:175} INFO - Processing /home/lcscarv/projetos/indicium/desafio_5/.venv/lib/python3.8/site-packages/airflow/example_dags/example_xcom.py took 0.274 seconds
[2023-04-28T18:19:56.550-0300] {processor.py:153} INFO - Started process (PID=6293) to work on /home/lcscarv/projetos/indicium/desafio_5/.venv/lib/python3.8/site-packages/airflow/example_dags/example_xcom.py
[2023-04-28T18:19:56.551-0300] {processor.py:743} INFO - Processing file /home/lcscarv/projetos/indicium/desafio_5/.venv/lib/python3.8/site-packages/airflow/example_dags/example_xcom.py for tasks to queue
[2023-04-28T18:19:56.552-0300] {logging_mixin.py:137} INFO - [2023-04-28T18:19:56.552-0300] {dagbag.py:532} INFO - Filling up the DagBag from /home/lcscarv/projetos/indicium/desafio_5/.venv/lib/python3.8/site-packages/airflow/example_dags/example_xcom.py
[2023-04-28T18:19:56.568-0300] {processor.py:753} INFO - DAG(s) dict_keys(['example_xcom']) retrieved from /home/lcscarv/projetos/indicium/desafio_5/.venv/lib/python3.8/site-packages/airflow/example_dags/example_xcom.py
[2023-04-28T18:19:56.582-0300] {logging_mixin.py:137} INFO - [2023-04-28T18:19:56.582-0300] {dag.py:2705} INFO - Sync 1 DAGs
[2023-04-28T18:19:56.655-0300] {logging_mixin.py:137} INFO - [2023-04-28T18:19:56.654-0300] {dag.py:3452} INFO - Setting next_dagrun for example_xcom to 2021-01-01T00:00:00+00:00, run_after=2021-01-01T00:00:00+00:00
[2023-04-28T18:19:56.672-0300] {processor.py:175} INFO - Processing /home/lcscarv/projetos/indicium/desafio_5/.venv/lib/python3.8/site-packages/airflow/example_dags/example_xcom.py took 0.124 seconds
[2023-04-28T18:20:33.938-0300] {processor.py:153} INFO - Started process (PID=6378) to work on /home/lcscarv/projetos/indicium/desafio_5/.venv/lib/python3.8/site-packages/airflow/example_dags/example_xcom.py
[2023-04-28T18:20:33.940-0300] {processor.py:743} INFO - Processing file /home/lcscarv/projetos/indicium/desafio_5/.venv/lib/python3.8/site-packages/airflow/example_dags/example_xcom.py for tasks to queue
[2023-04-28T18:20:33.940-0300] {logging_mixin.py:137} INFO - [2023-04-28T18:20:33.940-0300] {dagbag.py:532} INFO - Filling up the DagBag from /home/lcscarv/projetos/indicium/desafio_5/.venv/lib/python3.8/site-packages/airflow/example_dags/example_xcom.py
[2023-04-28T18:20:33.956-0300] {processor.py:753} INFO - DAG(s) dict_keys(['example_xcom']) retrieved from /home/lcscarv/projetos/indicium/desafio_5/.venv/lib/python3.8/site-packages/airflow/example_dags/example_xcom.py
[2023-04-28T18:20:34.030-0300] {logging_mixin.py:137} INFO - [2023-04-28T18:20:34.030-0300] {dag.py:2705} INFO - Sync 1 DAGs
[2023-04-28T18:20:34.042-0300] {logging_mixin.py:137} INFO - [2023-04-28T18:20:34.042-0300] {dag.py:3452} INFO - Setting next_dagrun for example_xcom to 2021-01-01T00:00:00+00:00, run_after=2021-01-01T00:00:00+00:00
[2023-04-28T18:20:34.062-0300] {processor.py:175} INFO - Processing /home/lcscarv/projetos/indicium/desafio_5/.venv/lib/python3.8/site-packages/airflow/example_dags/example_xcom.py took 0.125 seconds
[2023-04-28T18:21:20.686-0300] {processor.py:153} INFO - Started process (PID=6422) to work on /home/lcscarv/projetos/indicium/desafio_5/.venv/lib/python3.8/site-packages/airflow/example_dags/example_xcom.py
[2023-04-28T18:21:20.687-0300] {processor.py:743} INFO - Processing file /home/lcscarv/projetos/indicium/desafio_5/.venv/lib/python3.8/site-packages/airflow/example_dags/example_xcom.py for tasks to queue
[2023-04-28T18:21:20.687-0300] {logging_mixin.py:137} INFO - [2023-04-28T18:21:20.687-0300] {dagbag.py:532} INFO - Filling up the DagBag from /home/lcscarv/projetos/indicium/desafio_5/.venv/lib/python3.8/site-packages/airflow/example_dags/example_xcom.py
[2023-04-28T18:21:20.704-0300] {processor.py:753} INFO - DAG(s) dict_keys(['example_xcom']) retrieved from /home/lcscarv/projetos/indicium/desafio_5/.venv/lib/python3.8/site-packages/airflow/example_dags/example_xcom.py
[2023-04-28T18:21:20.781-0300] {logging_mixin.py:137} INFO - [2023-04-28T18:21:20.780-0300] {dag.py:2705} INFO - Sync 1 DAGs
[2023-04-28T18:21:20.793-0300] {logging_mixin.py:137} INFO - [2023-04-28T18:21:20.792-0300] {dag.py:3452} INFO - Setting next_dagrun for example_xcom to 2021-01-01T00:00:00+00:00, run_after=2021-01-01T00:00:00+00:00
[2023-04-28T18:21:20.814-0300] {processor.py:175} INFO - Processing /home/lcscarv/projetos/indicium/desafio_5/.venv/lib/python3.8/site-packages/airflow/example_dags/example_xcom.py took 0.131 seconds
