[2023-04-28T18:00:40.983-0300] {processor.py:153} INFO - Started process (PID=4607) to work on /home/lcscarv/projetos/indicium/desafio_5/.venv/lib/python3.8/site-packages/airflow/example_dags/example_dag_decorator.py
[2023-04-28T18:00:40.984-0300] {processor.py:743} INFO - Processing file /home/lcscarv/projetos/indicium/desafio_5/.venv/lib/python3.8/site-packages/airflow/example_dags/example_dag_decorator.py for tasks to queue
[2023-04-28T18:00:40.985-0300] {logging_mixin.py:137} INFO - [2023-04-28T18:00:40.985-0300] {dagbag.py:532} INFO - Filling up the DagBag from /home/lcscarv/projetos/indicium/desafio_5/.venv/lib/python3.8/site-packages/airflow/example_dags/example_dag_decorator.py
[2023-04-28T18:00:40.999-0300] {logging_mixin.py:137} INFO - [2023-04-28T18:00:40.999-0300] {taskmixin.py:211} WARNING - Dependency <Task(_PythonDecoratedOperator): prepare_email>, send_email already registered for DAG: example_dag_decorator
[2023-04-28T18:00:40.999-0300] {logging_mixin.py:137} INFO - [2023-04-28T18:00:40.999-0300] {taskmixin.py:211} WARNING - Dependency <Task(EmailOperator): send_email>, prepare_email already registered for DAG: example_dag_decorator
[2023-04-28T18:00:41.011-0300] {processor.py:753} INFO - DAG(s) dict_keys(['example_dag_decorator']) retrieved from /home/lcscarv/projetos/indicium/desafio_5/.venv/lib/python3.8/site-packages/airflow/example_dags/example_dag_decorator.py
[2023-04-28T18:00:41.050-0300] {logging_mixin.py:137} INFO - [2023-04-28T18:00:41.049-0300] {dag.py:2705} INFO - Sync 1 DAGs
[2023-04-28T18:00:41.066-0300] {logging_mixin.py:137} INFO - [2023-04-28T18:00:41.066-0300] {dag.py:3452} INFO - Setting next_dagrun for example_dag_decorator to None, run_after=None
[2023-04-28T18:00:41.089-0300] {processor.py:175} INFO - Processing /home/lcscarv/projetos/indicium/desafio_5/.venv/lib/python3.8/site-packages/airflow/example_dags/example_dag_decorator.py took 0.108 seconds
[2023-04-28T18:01:21.526-0300] {processor.py:153} INFO - Started process (PID=4649) to work on /home/lcscarv/projetos/indicium/desafio_5/.venv/lib/python3.8/site-packages/airflow/example_dags/example_dag_decorator.py
[2023-04-28T18:01:21.527-0300] {processor.py:743} INFO - Processing file /home/lcscarv/projetos/indicium/desafio_5/.venv/lib/python3.8/site-packages/airflow/example_dags/example_dag_decorator.py for tasks to queue
[2023-04-28T18:01:21.528-0300] {logging_mixin.py:137} INFO - [2023-04-28T18:01:21.528-0300] {dagbag.py:532} INFO - Filling up the DagBag from /home/lcscarv/projetos/indicium/desafio_5/.venv/lib/python3.8/site-packages/airflow/example_dags/example_dag_decorator.py
[2023-04-28T18:01:21.545-0300] {logging_mixin.py:137} INFO - [2023-04-28T18:01:21.545-0300] {taskmixin.py:211} WARNING - Dependency <Task(_PythonDecoratedOperator): prepare_email>, send_email already registered for DAG: example_dag_decorator
[2023-04-28T18:01:21.545-0300] {logging_mixin.py:137} INFO - [2023-04-28T18:01:21.545-0300] {taskmixin.py:211} WARNING - Dependency <Task(EmailOperator): send_email>, prepare_email already registered for DAG: example_dag_decorator
[2023-04-28T18:01:21.555-0300] {processor.py:753} INFO - DAG(s) dict_keys(['example_dag_decorator']) retrieved from /home/lcscarv/projetos/indicium/desafio_5/.venv/lib/python3.8/site-packages/airflow/example_dags/example_dag_decorator.py
[2023-04-28T18:01:21.591-0300] {logging_mixin.py:137} INFO - [2023-04-28T18:01:21.591-0300] {dag.py:2705} INFO - Sync 1 DAGs
[2023-04-28T18:01:21.605-0300] {logging_mixin.py:137} INFO - [2023-04-28T18:01:21.605-0300] {dag.py:3452} INFO - Setting next_dagrun for example_dag_decorator to None, run_after=None
[2023-04-28T18:01:21.624-0300] {processor.py:175} INFO - Processing /home/lcscarv/projetos/indicium/desafio_5/.venv/lib/python3.8/site-packages/airflow/example_dags/example_dag_decorator.py took 0.101 seconds
[2023-04-28T18:02:30.783-0300] {processor.py:153} INFO - Started process (PID=4752) to work on /home/lcscarv/projetos/indicium/desafio_5/.venv/lib/python3.8/site-packages/airflow/example_dags/example_dag_decorator.py
[2023-04-28T18:02:30.784-0300] {processor.py:743} INFO - Processing file /home/lcscarv/projetos/indicium/desafio_5/.venv/lib/python3.8/site-packages/airflow/example_dags/example_dag_decorator.py for tasks to queue
[2023-04-28T18:02:30.785-0300] {logging_mixin.py:137} INFO - [2023-04-28T18:02:30.785-0300] {dagbag.py:532} INFO - Filling up the DagBag from /home/lcscarv/projetos/indicium/desafio_5/.venv/lib/python3.8/site-packages/airflow/example_dags/example_dag_decorator.py
[2023-04-28T18:02:30.796-0300] {logging_mixin.py:137} INFO - [2023-04-28T18:02:30.796-0300] {taskmixin.py:211} WARNING - Dependency <Task(_PythonDecoratedOperator): prepare_email>, send_email already registered for DAG: example_dag_decorator
[2023-04-28T18:02:30.796-0300] {logging_mixin.py:137} INFO - [2023-04-28T18:02:30.796-0300] {taskmixin.py:211} WARNING - Dependency <Task(EmailOperator): send_email>, prepare_email already registered for DAG: example_dag_decorator
[2023-04-28T18:02:30.804-0300] {processor.py:753} INFO - DAG(s) dict_keys(['example_dag_decorator']) retrieved from /home/lcscarv/projetos/indicium/desafio_5/.venv/lib/python3.8/site-packages/airflow/example_dags/example_dag_decorator.py
[2023-04-28T18:02:30.853-0300] {logging_mixin.py:137} INFO - [2023-04-28T18:02:30.853-0300] {dag.py:2705} INFO - Sync 1 DAGs
[2023-04-28T18:02:30.865-0300] {logging_mixin.py:137} INFO - [2023-04-28T18:02:30.864-0300] {dag.py:3452} INFO - Setting next_dagrun for example_dag_decorator to None, run_after=None
[2023-04-28T18:02:30.899-0300] {processor.py:175} INFO - Processing /home/lcscarv/projetos/indicium/desafio_5/.venv/lib/python3.8/site-packages/airflow/example_dags/example_dag_decorator.py took 0.118 seconds
[2023-04-28T18:03:19.105-0300] {processor.py:153} INFO - Started process (PID=4845) to work on /home/lcscarv/projetos/indicium/desafio_5/.venv/lib/python3.8/site-packages/airflow/example_dags/example_dag_decorator.py
[2023-04-28T18:03:19.109-0300] {processor.py:743} INFO - Processing file /home/lcscarv/projetos/indicium/desafio_5/.venv/lib/python3.8/site-packages/airflow/example_dags/example_dag_decorator.py for tasks to queue
[2023-04-28T18:03:19.110-0300] {logging_mixin.py:137} INFO - [2023-04-28T18:03:19.110-0300] {dagbag.py:532} INFO - Filling up the DagBag from /home/lcscarv/projetos/indicium/desafio_5/.venv/lib/python3.8/site-packages/airflow/example_dags/example_dag_decorator.py
[2023-04-28T18:03:19.120-0300] {logging_mixin.py:137} INFO - [2023-04-28T18:03:19.120-0300] {taskmixin.py:211} WARNING - Dependency <Task(_PythonDecoratedOperator): prepare_email>, send_email already registered for DAG: example_dag_decorator
[2023-04-28T18:03:19.121-0300] {logging_mixin.py:137} INFO - [2023-04-28T18:03:19.121-0300] {taskmixin.py:211} WARNING - Dependency <Task(EmailOperator): send_email>, prepare_email already registered for DAG: example_dag_decorator
[2023-04-28T18:03:19.128-0300] {processor.py:753} INFO - DAG(s) dict_keys(['example_dag_decorator']) retrieved from /home/lcscarv/projetos/indicium/desafio_5/.venv/lib/python3.8/site-packages/airflow/example_dags/example_dag_decorator.py
[2023-04-28T18:03:19.161-0300] {logging_mixin.py:137} INFO - [2023-04-28T18:03:19.161-0300] {dag.py:2705} INFO - Sync 1 DAGs
[2023-04-28T18:03:19.172-0300] {logging_mixin.py:137} INFO - [2023-04-28T18:03:19.172-0300] {dag.py:3452} INFO - Setting next_dagrun for example_dag_decorator to None, run_after=None
[2023-04-28T18:03:19.189-0300] {processor.py:175} INFO - Processing /home/lcscarv/projetos/indicium/desafio_5/.venv/lib/python3.8/site-packages/airflow/example_dags/example_dag_decorator.py took 0.086 seconds
[2023-04-28T18:04:02.432-0300] {processor.py:153} INFO - Started process (PID=4887) to work on /home/lcscarv/projetos/indicium/desafio_5/.venv/lib/python3.8/site-packages/airflow/example_dags/example_dag_decorator.py
[2023-04-28T18:04:02.436-0300] {processor.py:743} INFO - Processing file /home/lcscarv/projetos/indicium/desafio_5/.venv/lib/python3.8/site-packages/airflow/example_dags/example_dag_decorator.py for tasks to queue
[2023-04-28T18:04:02.437-0300] {logging_mixin.py:137} INFO - [2023-04-28T18:04:02.437-0300] {dagbag.py:532} INFO - Filling up the DagBag from /home/lcscarv/projetos/indicium/desafio_5/.venv/lib/python3.8/site-packages/airflow/example_dags/example_dag_decorator.py
[2023-04-28T18:04:02.448-0300] {logging_mixin.py:137} INFO - [2023-04-28T18:04:02.448-0300] {taskmixin.py:211} WARNING - Dependency <Task(_PythonDecoratedOperator): prepare_email>, send_email already registered for DAG: example_dag_decorator
[2023-04-28T18:04:02.448-0300] {logging_mixin.py:137} INFO - [2023-04-28T18:04:02.448-0300] {taskmixin.py:211} WARNING - Dependency <Task(EmailOperator): send_email>, prepare_email already registered for DAG: example_dag_decorator
[2023-04-28T18:04:02.455-0300] {processor.py:753} INFO - DAG(s) dict_keys(['example_dag_decorator']) retrieved from /home/lcscarv/projetos/indicium/desafio_5/.venv/lib/python3.8/site-packages/airflow/example_dags/example_dag_decorator.py
[2023-04-28T18:04:02.489-0300] {logging_mixin.py:137} INFO - [2023-04-28T18:04:02.489-0300] {dag.py:2705} INFO - Sync 1 DAGs
[2023-04-28T18:04:02.501-0300] {logging_mixin.py:137} INFO - [2023-04-28T18:04:02.500-0300] {dag.py:3452} INFO - Setting next_dagrun for example_dag_decorator to None, run_after=None
[2023-04-28T18:04:02.520-0300] {processor.py:175} INFO - Processing /home/lcscarv/projetos/indicium/desafio_5/.venv/lib/python3.8/site-packages/airflow/example_dags/example_dag_decorator.py took 0.090 seconds
[2023-04-28T18:04:55.202-0300] {processor.py:153} INFO - Started process (PID=4991) to work on /home/lcscarv/projetos/indicium/desafio_5/.venv/lib/python3.8/site-packages/airflow/example_dags/example_dag_decorator.py
[2023-04-28T18:04:55.203-0300] {processor.py:743} INFO - Processing file /home/lcscarv/projetos/indicium/desafio_5/.venv/lib/python3.8/site-packages/airflow/example_dags/example_dag_decorator.py for tasks to queue
[2023-04-28T18:04:55.204-0300] {logging_mixin.py:137} INFO - [2023-04-28T18:04:55.204-0300] {dagbag.py:532} INFO - Filling up the DagBag from /home/lcscarv/projetos/indicium/desafio_5/.venv/lib/python3.8/site-packages/airflow/example_dags/example_dag_decorator.py
[2023-04-28T18:04:55.216-0300] {logging_mixin.py:137} INFO - [2023-04-28T18:04:55.216-0300] {taskmixin.py:211} WARNING - Dependency <Task(_PythonDecoratedOperator): prepare_email>, send_email already registered for DAG: example_dag_decorator
[2023-04-28T18:04:55.216-0300] {logging_mixin.py:137} INFO - [2023-04-28T18:04:55.216-0300] {taskmixin.py:211} WARNING - Dependency <Task(EmailOperator): send_email>, prepare_email already registered for DAG: example_dag_decorator
[2023-04-28T18:04:55.226-0300] {processor.py:753} INFO - DAG(s) dict_keys(['example_dag_decorator']) retrieved from /home/lcscarv/projetos/indicium/desafio_5/.venv/lib/python3.8/site-packages/airflow/example_dags/example_dag_decorator.py
[2023-04-28T18:04:55.270-0300] {logging_mixin.py:137} INFO - [2023-04-28T18:04:55.270-0300] {dag.py:2705} INFO - Sync 1 DAGs
[2023-04-28T18:04:55.287-0300] {logging_mixin.py:137} INFO - [2023-04-28T18:04:55.287-0300] {dag.py:3452} INFO - Setting next_dagrun for example_dag_decorator to None, run_after=None
[2023-04-28T18:04:55.308-0300] {processor.py:175} INFO - Processing /home/lcscarv/projetos/indicium/desafio_5/.venv/lib/python3.8/site-packages/airflow/example_dags/example_dag_decorator.py took 0.108 seconds
[2023-04-28T18:05:37.496-0300] {processor.py:153} INFO - Started process (PID=5085) to work on /home/lcscarv/projetos/indicium/desafio_5/.venv/lib/python3.8/site-packages/airflow/example_dags/example_dag_decorator.py
[2023-04-28T18:05:37.497-0300] {processor.py:743} INFO - Processing file /home/lcscarv/projetos/indicium/desafio_5/.venv/lib/python3.8/site-packages/airflow/example_dags/example_dag_decorator.py for tasks to queue
[2023-04-28T18:05:37.497-0300] {logging_mixin.py:137} INFO - [2023-04-28T18:05:37.497-0300] {dagbag.py:532} INFO - Filling up the DagBag from /home/lcscarv/projetos/indicium/desafio_5/.venv/lib/python3.8/site-packages/airflow/example_dags/example_dag_decorator.py
[2023-04-28T18:05:37.509-0300] {logging_mixin.py:137} INFO - [2023-04-28T18:05:37.509-0300] {taskmixin.py:211} WARNING - Dependency <Task(_PythonDecoratedOperator): prepare_email>, send_email already registered for DAG: example_dag_decorator
[2023-04-28T18:05:37.509-0300] {logging_mixin.py:137} INFO - [2023-04-28T18:05:37.509-0300] {taskmixin.py:211} WARNING - Dependency <Task(EmailOperator): send_email>, prepare_email already registered for DAG: example_dag_decorator
[2023-04-28T18:05:37.516-0300] {processor.py:753} INFO - DAG(s) dict_keys(['example_dag_decorator']) retrieved from /home/lcscarv/projetos/indicium/desafio_5/.venv/lib/python3.8/site-packages/airflow/example_dags/example_dag_decorator.py
[2023-04-28T18:05:37.547-0300] {logging_mixin.py:137} INFO - [2023-04-28T18:05:37.547-0300] {dag.py:2705} INFO - Sync 1 DAGs
[2023-04-28T18:05:37.560-0300] {logging_mixin.py:137} INFO - [2023-04-28T18:05:37.559-0300] {dag.py:3452} INFO - Setting next_dagrun for example_dag_decorator to None, run_after=None
[2023-04-28T18:05:37.579-0300] {processor.py:175} INFO - Processing /home/lcscarv/projetos/indicium/desafio_5/.venv/lib/python3.8/site-packages/airflow/example_dags/example_dag_decorator.py took 0.085 seconds
[2023-04-28T18:06:19.576-0300] {processor.py:153} INFO - Started process (PID=5129) to work on /home/lcscarv/projetos/indicium/desafio_5/.venv/lib/python3.8/site-packages/airflow/example_dags/example_dag_decorator.py
[2023-04-28T18:06:19.577-0300] {processor.py:743} INFO - Processing file /home/lcscarv/projetos/indicium/desafio_5/.venv/lib/python3.8/site-packages/airflow/example_dags/example_dag_decorator.py for tasks to queue
[2023-04-28T18:06:19.577-0300] {logging_mixin.py:137} INFO - [2023-04-28T18:06:19.577-0300] {dagbag.py:532} INFO - Filling up the DagBag from /home/lcscarv/projetos/indicium/desafio_5/.venv/lib/python3.8/site-packages/airflow/example_dags/example_dag_decorator.py
[2023-04-28T18:06:19.589-0300] {logging_mixin.py:137} INFO - [2023-04-28T18:06:19.589-0300] {taskmixin.py:211} WARNING - Dependency <Task(_PythonDecoratedOperator): prepare_email>, send_email already registered for DAG: example_dag_decorator
[2023-04-28T18:06:19.589-0300] {logging_mixin.py:137} INFO - [2023-04-28T18:06:19.589-0300] {taskmixin.py:211} WARNING - Dependency <Task(EmailOperator): send_email>, prepare_email already registered for DAG: example_dag_decorator
[2023-04-28T18:06:19.597-0300] {processor.py:753} INFO - DAG(s) dict_keys(['example_dag_decorator']) retrieved from /home/lcscarv/projetos/indicium/desafio_5/.venv/lib/python3.8/site-packages/airflow/example_dags/example_dag_decorator.py
[2023-04-28T18:06:19.633-0300] {logging_mixin.py:137} INFO - [2023-04-28T18:06:19.633-0300] {dag.py:2705} INFO - Sync 1 DAGs
[2023-04-28T18:06:19.645-0300] {logging_mixin.py:137} INFO - [2023-04-28T18:06:19.645-0300] {dag.py:3452} INFO - Setting next_dagrun for example_dag_decorator to None, run_after=None
[2023-04-28T18:06:19.704-0300] {processor.py:175} INFO - Processing /home/lcscarv/projetos/indicium/desafio_5/.venv/lib/python3.8/site-packages/airflow/example_dags/example_dag_decorator.py took 0.130 seconds
[2023-04-28T18:07:24.402-0300] {processor.py:153} INFO - Started process (PID=5185) to work on /home/lcscarv/projetos/indicium/desafio_5/.venv/lib/python3.8/site-packages/airflow/example_dags/example_dag_decorator.py
[2023-04-28T18:07:24.729-0300] {processor.py:743} INFO - Processing file /home/lcscarv/projetos/indicium/desafio_5/.venv/lib/python3.8/site-packages/airflow/example_dags/example_dag_decorator.py for tasks to queue
[2023-04-28T18:07:24.731-0300] {logging_mixin.py:137} INFO - [2023-04-28T18:07:24.730-0300] {dagbag.py:532} INFO - Filling up the DagBag from /home/lcscarv/projetos/indicium/desafio_5/.venv/lib/python3.8/site-packages/airflow/example_dags/example_dag_decorator.py
[2023-04-28T18:07:24.746-0300] {logging_mixin.py:137} INFO - [2023-04-28T18:07:24.746-0300] {taskmixin.py:211} WARNING - Dependency <Task(_PythonDecoratedOperator): prepare_email>, send_email already registered for DAG: example_dag_decorator
[2023-04-28T18:07:24.747-0300] {logging_mixin.py:137} INFO - [2023-04-28T18:07:24.747-0300] {taskmixin.py:211} WARNING - Dependency <Task(EmailOperator): send_email>, prepare_email already registered for DAG: example_dag_decorator
[2023-04-28T18:07:24.754-0300] {processor.py:753} INFO - DAG(s) dict_keys(['example_dag_decorator']) retrieved from /home/lcscarv/projetos/indicium/desafio_5/.venv/lib/python3.8/site-packages/airflow/example_dags/example_dag_decorator.py
[2023-04-28T18:07:25.441-0300] {logging_mixin.py:137} INFO - [2023-04-28T18:07:25.441-0300] {dag.py:2705} INFO - Sync 1 DAGs
[2023-04-28T18:07:26.662-0300] {logging_mixin.py:137} INFO - [2023-04-28T18:07:26.662-0300] {dag.py:3452} INFO - Setting next_dagrun for example_dag_decorator to None, run_after=None
[2023-04-28T18:07:27.202-0300] {processor.py:175} INFO - Processing /home/lcscarv/projetos/indicium/desafio_5/.venv/lib/python3.8/site-packages/airflow/example_dags/example_dag_decorator.py took 2.801 seconds
[2023-04-28T18:08:17.005-0300] {processor.py:153} INFO - Started process (PID=5379) to work on /home/lcscarv/projetos/indicium/desafio_5/.venv/lib/python3.8/site-packages/airflow/example_dags/example_dag_decorator.py
[2023-04-28T18:08:17.062-0300] {processor.py:743} INFO - Processing file /home/lcscarv/projetos/indicium/desafio_5/.venv/lib/python3.8/site-packages/airflow/example_dags/example_dag_decorator.py for tasks to queue
[2023-04-28T18:08:17.064-0300] {logging_mixin.py:137} INFO - [2023-04-28T18:08:17.064-0300] {dagbag.py:532} INFO - Filling up the DagBag from /home/lcscarv/projetos/indicium/desafio_5/.venv/lib/python3.8/site-packages/airflow/example_dags/example_dag_decorator.py
[2023-04-28T18:08:17.080-0300] {logging_mixin.py:137} INFO - [2023-04-28T18:08:17.080-0300] {taskmixin.py:211} WARNING - Dependency <Task(_PythonDecoratedOperator): prepare_email>, send_email already registered for DAG: example_dag_decorator
[2023-04-28T18:08:17.081-0300] {logging_mixin.py:137} INFO - [2023-04-28T18:08:17.081-0300] {taskmixin.py:211} WARNING - Dependency <Task(EmailOperator): send_email>, prepare_email already registered for DAG: example_dag_decorator
[2023-04-28T18:08:17.087-0300] {processor.py:753} INFO - DAG(s) dict_keys(['example_dag_decorator']) retrieved from /home/lcscarv/projetos/indicium/desafio_5/.venv/lib/python3.8/site-packages/airflow/example_dags/example_dag_decorator.py
[2023-04-28T18:08:17.122-0300] {logging_mixin.py:137} INFO - [2023-04-28T18:08:17.122-0300] {dag.py:2705} INFO - Sync 1 DAGs
[2023-04-28T18:08:17.133-0300] {logging_mixin.py:137} INFO - [2023-04-28T18:08:17.133-0300] {dag.py:3452} INFO - Setting next_dagrun for example_dag_decorator to None, run_after=None
[2023-04-28T18:08:17.466-0300] {processor.py:175} INFO - Processing /home/lcscarv/projetos/indicium/desafio_5/.venv/lib/python3.8/site-packages/airflow/example_dags/example_dag_decorator.py took 0.463 seconds
[2023-04-28T18:09:05.415-0300] {processor.py:153} INFO - Started process (PID=5473) to work on /home/lcscarv/projetos/indicium/desafio_5/.venv/lib/python3.8/site-packages/airflow/example_dags/example_dag_decorator.py
[2023-04-28T18:09:05.416-0300] {processor.py:743} INFO - Processing file /home/lcscarv/projetos/indicium/desafio_5/.venv/lib/python3.8/site-packages/airflow/example_dags/example_dag_decorator.py for tasks to queue
[2023-04-28T18:09:05.416-0300] {logging_mixin.py:137} INFO - [2023-04-28T18:09:05.416-0300] {dagbag.py:532} INFO - Filling up the DagBag from /home/lcscarv/projetos/indicium/desafio_5/.venv/lib/python3.8/site-packages/airflow/example_dags/example_dag_decorator.py
[2023-04-28T18:09:05.429-0300] {logging_mixin.py:137} INFO - [2023-04-28T18:09:05.428-0300] {taskmixin.py:211} WARNING - Dependency <Task(_PythonDecoratedOperator): prepare_email>, send_email already registered for DAG: example_dag_decorator
[2023-04-28T18:09:05.429-0300] {logging_mixin.py:137} INFO - [2023-04-28T18:09:05.429-0300] {taskmixin.py:211} WARNING - Dependency <Task(EmailOperator): send_email>, prepare_email already registered for DAG: example_dag_decorator
[2023-04-28T18:09:05.437-0300] {processor.py:753} INFO - DAG(s) dict_keys(['example_dag_decorator']) retrieved from /home/lcscarv/projetos/indicium/desafio_5/.venv/lib/python3.8/site-packages/airflow/example_dags/example_dag_decorator.py
[2023-04-28T18:09:05.472-0300] {logging_mixin.py:137} INFO - [2023-04-28T18:09:05.472-0300] {dag.py:2705} INFO - Sync 1 DAGs
[2023-04-28T18:09:05.485-0300] {logging_mixin.py:137} INFO - [2023-04-28T18:09:05.485-0300] {dag.py:3452} INFO - Setting next_dagrun for example_dag_decorator to None, run_after=None
[2023-04-28T18:09:05.504-0300] {processor.py:175} INFO - Processing /home/lcscarv/projetos/indicium/desafio_5/.venv/lib/python3.8/site-packages/airflow/example_dags/example_dag_decorator.py took 0.092 seconds
[2023-04-28T18:09:52.724-0300] {processor.py:153} INFO - Started process (PID=5517) to work on /home/lcscarv/projetos/indicium/desafio_5/.venv/lib/python3.8/site-packages/airflow/example_dags/example_dag_decorator.py
[2023-04-28T18:09:52.725-0300] {processor.py:743} INFO - Processing file /home/lcscarv/projetos/indicium/desafio_5/.venv/lib/python3.8/site-packages/airflow/example_dags/example_dag_decorator.py for tasks to queue
[2023-04-28T18:09:52.726-0300] {logging_mixin.py:137} INFO - [2023-04-28T18:09:52.725-0300] {dagbag.py:532} INFO - Filling up the DagBag from /home/lcscarv/projetos/indicium/desafio_5/.venv/lib/python3.8/site-packages/airflow/example_dags/example_dag_decorator.py
[2023-04-28T18:09:52.738-0300] {logging_mixin.py:137} INFO - [2023-04-28T18:09:52.738-0300] {taskmixin.py:211} WARNING - Dependency <Task(_PythonDecoratedOperator): prepare_email>, send_email already registered for DAG: example_dag_decorator
[2023-04-28T18:09:52.738-0300] {logging_mixin.py:137} INFO - [2023-04-28T18:09:52.738-0300] {taskmixin.py:211} WARNING - Dependency <Task(EmailOperator): send_email>, prepare_email already registered for DAG: example_dag_decorator
[2023-04-28T18:09:52.746-0300] {processor.py:753} INFO - DAG(s) dict_keys(['example_dag_decorator']) retrieved from /home/lcscarv/projetos/indicium/desafio_5/.venv/lib/python3.8/site-packages/airflow/example_dags/example_dag_decorator.py
[2023-04-28T18:09:52.781-0300] {logging_mixin.py:137} INFO - [2023-04-28T18:09:52.781-0300] {dag.py:2705} INFO - Sync 1 DAGs
[2023-04-28T18:09:52.795-0300] {logging_mixin.py:137} INFO - [2023-04-28T18:09:52.794-0300] {dag.py:3452} INFO - Setting next_dagrun for example_dag_decorator to None, run_after=None
[2023-04-28T18:09:52.816-0300] {processor.py:175} INFO - Processing /home/lcscarv/projetos/indicium/desafio_5/.venv/lib/python3.8/site-packages/airflow/example_dags/example_dag_decorator.py took 0.094 seconds
[2023-04-28T18:10:50.747-0300] {processor.py:153} INFO - Started process (PID=5665) to work on /home/lcscarv/projetos/indicium/desafio_5/.venv/lib/python3.8/site-packages/airflow/example_dags/example_dag_decorator.py
[2023-04-28T18:10:50.748-0300] {processor.py:743} INFO - Processing file /home/lcscarv/projetos/indicium/desafio_5/.venv/lib/python3.8/site-packages/airflow/example_dags/example_dag_decorator.py for tasks to queue
[2023-04-28T18:10:50.749-0300] {logging_mixin.py:137} INFO - [2023-04-28T18:10:50.748-0300] {dagbag.py:532} INFO - Filling up the DagBag from /home/lcscarv/projetos/indicium/desafio_5/.venv/lib/python3.8/site-packages/airflow/example_dags/example_dag_decorator.py
[2023-04-28T18:10:50.761-0300] {logging_mixin.py:137} INFO - [2023-04-28T18:10:50.761-0300] {taskmixin.py:211} WARNING - Dependency <Task(_PythonDecoratedOperator): prepare_email>, send_email already registered for DAG: example_dag_decorator
[2023-04-28T18:10:50.761-0300] {logging_mixin.py:137} INFO - [2023-04-28T18:10:50.761-0300] {taskmixin.py:211} WARNING - Dependency <Task(EmailOperator): send_email>, prepare_email already registered for DAG: example_dag_decorator
[2023-04-28T18:10:50.769-0300] {processor.py:753} INFO - DAG(s) dict_keys(['example_dag_decorator']) retrieved from /home/lcscarv/projetos/indicium/desafio_5/.venv/lib/python3.8/site-packages/airflow/example_dags/example_dag_decorator.py
[2023-04-28T18:10:50.805-0300] {logging_mixin.py:137} INFO - [2023-04-28T18:10:50.805-0300] {dag.py:2705} INFO - Sync 1 DAGs
[2023-04-28T18:10:50.816-0300] {logging_mixin.py:137} INFO - [2023-04-28T18:10:50.816-0300] {dag.py:3452} INFO - Setting next_dagrun for example_dag_decorator to None, run_after=None
[2023-04-28T18:10:50.836-0300] {processor.py:175} INFO - Processing /home/lcscarv/projetos/indicium/desafio_5/.venv/lib/python3.8/site-packages/airflow/example_dags/example_dag_decorator.py took 0.092 seconds
[2023-04-28T18:11:43.150-0300] {processor.py:153} INFO - Started process (PID=5817) to work on /home/lcscarv/projetos/indicium/desafio_5/.venv/lib/python3.8/site-packages/airflow/example_dags/example_dag_decorator.py
[2023-04-28T18:11:43.151-0300] {processor.py:743} INFO - Processing file /home/lcscarv/projetos/indicium/desafio_5/.venv/lib/python3.8/site-packages/airflow/example_dags/example_dag_decorator.py for tasks to queue
[2023-04-28T18:11:43.151-0300] {logging_mixin.py:137} INFO - [2023-04-28T18:11:43.151-0300] {dagbag.py:532} INFO - Filling up the DagBag from /home/lcscarv/projetos/indicium/desafio_5/.venv/lib/python3.8/site-packages/airflow/example_dags/example_dag_decorator.py
[2023-04-28T18:11:43.162-0300] {logging_mixin.py:137} INFO - [2023-04-28T18:11:43.162-0300] {taskmixin.py:211} WARNING - Dependency <Task(_PythonDecoratedOperator): prepare_email>, send_email already registered for DAG: example_dag_decorator
[2023-04-28T18:11:43.162-0300] {logging_mixin.py:137} INFO - [2023-04-28T18:11:43.162-0300] {taskmixin.py:211} WARNING - Dependency <Task(EmailOperator): send_email>, prepare_email already registered for DAG: example_dag_decorator
[2023-04-28T18:11:43.169-0300] {processor.py:753} INFO - DAG(s) dict_keys(['example_dag_decorator']) retrieved from /home/lcscarv/projetos/indicium/desafio_5/.venv/lib/python3.8/site-packages/airflow/example_dags/example_dag_decorator.py
[2023-04-28T18:11:43.201-0300] {logging_mixin.py:137} INFO - [2023-04-28T18:11:43.201-0300] {dag.py:2705} INFO - Sync 1 DAGs
[2023-04-28T18:11:43.212-0300] {logging_mixin.py:137} INFO - [2023-04-28T18:11:43.211-0300] {dag.py:3452} INFO - Setting next_dagrun for example_dag_decorator to None, run_after=None
[2023-04-28T18:11:43.292-0300] {processor.py:175} INFO - Processing /home/lcscarv/projetos/indicium/desafio_5/.venv/lib/python3.8/site-packages/airflow/example_dags/example_dag_decorator.py took 0.144 seconds
[2023-04-28T18:12:36.489-0300] {processor.py:153} INFO - Started process (PID=5864) to work on /home/lcscarv/projetos/indicium/desafio_5/.venv/lib/python3.8/site-packages/airflow/example_dags/example_dag_decorator.py
[2023-04-28T18:12:36.490-0300] {processor.py:743} INFO - Processing file /home/lcscarv/projetos/indicium/desafio_5/.venv/lib/python3.8/site-packages/airflow/example_dags/example_dag_decorator.py for tasks to queue
[2023-04-28T18:12:36.490-0300] {logging_mixin.py:137} INFO - [2023-04-28T18:12:36.490-0300] {dagbag.py:532} INFO - Filling up the DagBag from /home/lcscarv/projetos/indicium/desafio_5/.venv/lib/python3.8/site-packages/airflow/example_dags/example_dag_decorator.py
[2023-04-28T18:12:36.502-0300] {logging_mixin.py:137} INFO - [2023-04-28T18:12:36.502-0300] {taskmixin.py:211} WARNING - Dependency <Task(_PythonDecoratedOperator): prepare_email>, send_email already registered for DAG: example_dag_decorator
[2023-04-28T18:12:36.502-0300] {logging_mixin.py:137} INFO - [2023-04-28T18:12:36.502-0300] {taskmixin.py:211} WARNING - Dependency <Task(EmailOperator): send_email>, prepare_email already registered for DAG: example_dag_decorator
[2023-04-28T18:12:36.510-0300] {processor.py:753} INFO - DAG(s) dict_keys(['example_dag_decorator']) retrieved from /home/lcscarv/projetos/indicium/desafio_5/.venv/lib/python3.8/site-packages/airflow/example_dags/example_dag_decorator.py
[2023-04-28T18:12:36.546-0300] {logging_mixin.py:137} INFO - [2023-04-28T18:12:36.546-0300] {dag.py:2705} INFO - Sync 1 DAGs
[2023-04-28T18:12:36.559-0300] {logging_mixin.py:137} INFO - [2023-04-28T18:12:36.558-0300] {dag.py:3452} INFO - Setting next_dagrun for example_dag_decorator to None, run_after=None
[2023-04-28T18:12:47.610-0300] {processor.py:175} INFO - Processing /home/lcscarv/projetos/indicium/desafio_5/.venv/lib/python3.8/site-packages/airflow/example_dags/example_dag_decorator.py took 11.123 seconds
[2023-04-28T18:13:33.080-0300] {processor.py:153} INFO - Started process (PID=5906) to work on /home/lcscarv/projetos/indicium/desafio_5/.venv/lib/python3.8/site-packages/airflow/example_dags/example_dag_decorator.py
[2023-04-28T18:13:33.111-0300] {processor.py:743} INFO - Processing file /home/lcscarv/projetos/indicium/desafio_5/.venv/lib/python3.8/site-packages/airflow/example_dags/example_dag_decorator.py for tasks to queue
[2023-04-28T18:13:33.113-0300] {logging_mixin.py:137} INFO - [2023-04-28T18:13:33.113-0300] {dagbag.py:532} INFO - Filling up the DagBag from /home/lcscarv/projetos/indicium/desafio_5/.venv/lib/python3.8/site-packages/airflow/example_dags/example_dag_decorator.py
[2023-04-28T18:13:33.129-0300] {logging_mixin.py:137} INFO - [2023-04-28T18:13:33.129-0300] {taskmixin.py:211} WARNING - Dependency <Task(_PythonDecoratedOperator): prepare_email>, send_email already registered for DAG: example_dag_decorator
[2023-04-28T18:13:33.129-0300] {logging_mixin.py:137} INFO - [2023-04-28T18:13:33.129-0300] {taskmixin.py:211} WARNING - Dependency <Task(EmailOperator): send_email>, prepare_email already registered for DAG: example_dag_decorator
[2023-04-28T18:13:33.136-0300] {processor.py:753} INFO - DAG(s) dict_keys(['example_dag_decorator']) retrieved from /home/lcscarv/projetos/indicium/desafio_5/.venv/lib/python3.8/site-packages/airflow/example_dags/example_dag_decorator.py
[2023-04-28T18:13:33.168-0300] {logging_mixin.py:137} INFO - [2023-04-28T18:13:33.167-0300] {dag.py:2705} INFO - Sync 1 DAGs
[2023-04-28T18:13:33.911-0300] {logging_mixin.py:137} INFO - [2023-04-28T18:13:33.911-0300] {dag.py:3452} INFO - Setting next_dagrun for example_dag_decorator to None, run_after=None
[2023-04-28T18:13:33.936-0300] {processor.py:175} INFO - Processing /home/lcscarv/projetos/indicium/desafio_5/.venv/lib/python3.8/site-packages/airflow/example_dags/example_dag_decorator.py took 0.858 seconds
[2023-04-28T18:14:30.610-0300] {processor.py:153} INFO - Started process (PID=5954) to work on /home/lcscarv/projetos/indicium/desafio_5/.venv/lib/python3.8/site-packages/airflow/example_dags/example_dag_decorator.py
[2023-04-28T18:14:30.668-0300] {processor.py:743} INFO - Processing file /home/lcscarv/projetos/indicium/desafio_5/.venv/lib/python3.8/site-packages/airflow/example_dags/example_dag_decorator.py for tasks to queue
[2023-04-28T18:14:30.670-0300] {logging_mixin.py:137} INFO - [2023-04-28T18:14:30.669-0300] {dagbag.py:532} INFO - Filling up the DagBag from /home/lcscarv/projetos/indicium/desafio_5/.venv/lib/python3.8/site-packages/airflow/example_dags/example_dag_decorator.py
[2023-04-28T18:14:30.686-0300] {logging_mixin.py:137} INFO - [2023-04-28T18:14:30.686-0300] {taskmixin.py:211} WARNING - Dependency <Task(_PythonDecoratedOperator): prepare_email>, send_email already registered for DAG: example_dag_decorator
[2023-04-28T18:14:30.686-0300] {logging_mixin.py:137} INFO - [2023-04-28T18:14:30.686-0300] {taskmixin.py:211} WARNING - Dependency <Task(EmailOperator): send_email>, prepare_email already registered for DAG: example_dag_decorator
[2023-04-28T18:14:30.693-0300] {processor.py:753} INFO - DAG(s) dict_keys(['example_dag_decorator']) retrieved from /home/lcscarv/projetos/indicium/desafio_5/.venv/lib/python3.8/site-packages/airflow/example_dags/example_dag_decorator.py
[2023-04-28T18:14:30.724-0300] {logging_mixin.py:137} INFO - [2023-04-28T18:14:30.724-0300] {dag.py:2705} INFO - Sync 1 DAGs
[2023-04-28T18:14:30.791-0300] {logging_mixin.py:137} INFO - [2023-04-28T18:14:30.791-0300] {dag.py:3452} INFO - Setting next_dagrun for example_dag_decorator to None, run_after=None
[2023-04-28T18:14:31.324-0300] {processor.py:175} INFO - Processing /home/lcscarv/projetos/indicium/desafio_5/.venv/lib/python3.8/site-packages/airflow/example_dags/example_dag_decorator.py took 0.716 seconds
[2023-04-28T18:15:32.955-0300] {processor.py:153} INFO - Started process (PID=6057) to work on /home/lcscarv/projetos/indicium/desafio_5/.venv/lib/python3.8/site-packages/airflow/example_dags/example_dag_decorator.py
[2023-04-28T18:15:33.032-0300] {processor.py:743} INFO - Processing file /home/lcscarv/projetos/indicium/desafio_5/.venv/lib/python3.8/site-packages/airflow/example_dags/example_dag_decorator.py for tasks to queue
[2023-04-28T18:15:33.033-0300] {logging_mixin.py:137} INFO - [2023-04-28T18:15:33.033-0300] {dagbag.py:532} INFO - Filling up the DagBag from /home/lcscarv/projetos/indicium/desafio_5/.venv/lib/python3.8/site-packages/airflow/example_dags/example_dag_decorator.py
[2023-04-28T18:15:33.052-0300] {logging_mixin.py:137} INFO - [2023-04-28T18:15:33.052-0300] {taskmixin.py:211} WARNING - Dependency <Task(_PythonDecoratedOperator): prepare_email>, send_email already registered for DAG: example_dag_decorator
[2023-04-28T18:15:33.053-0300] {logging_mixin.py:137} INFO - [2023-04-28T18:15:33.053-0300] {taskmixin.py:211} WARNING - Dependency <Task(EmailOperator): send_email>, prepare_email already registered for DAG: example_dag_decorator
[2023-04-28T18:15:33.062-0300] {processor.py:753} INFO - DAG(s) dict_keys(['example_dag_decorator']) retrieved from /home/lcscarv/projetos/indicium/desafio_5/.venv/lib/python3.8/site-packages/airflow/example_dags/example_dag_decorator.py
[2023-04-28T18:15:33.156-0300] {logging_mixin.py:137} INFO - [2023-04-28T18:15:33.156-0300] {dag.py:2705} INFO - Sync 1 DAGs
[2023-04-28T18:15:33.166-0300] {logging_mixin.py:137} INFO - [2023-04-28T18:15:33.166-0300] {dag.py:3452} INFO - Setting next_dagrun for example_dag_decorator to None, run_after=None
[2023-04-28T18:15:33.282-0300] {processor.py:175} INFO - Processing /home/lcscarv/projetos/indicium/desafio_5/.venv/lib/python3.8/site-packages/airflow/example_dags/example_dag_decorator.py took 0.329 seconds
[2023-04-28T18:16:28.488-0300] {processor.py:153} INFO - Started process (PID=6105) to work on /home/lcscarv/projetos/indicium/desafio_5/.venv/lib/python3.8/site-packages/airflow/example_dags/example_dag_decorator.py
[2023-04-28T18:16:28.586-0300] {processor.py:743} INFO - Processing file /home/lcscarv/projetos/indicium/desafio_5/.venv/lib/python3.8/site-packages/airflow/example_dags/example_dag_decorator.py for tasks to queue
[2023-04-28T18:16:28.587-0300] {logging_mixin.py:137} INFO - [2023-04-28T18:16:28.587-0300] {dagbag.py:532} INFO - Filling up the DagBag from /home/lcscarv/projetos/indicium/desafio_5/.venv/lib/python3.8/site-packages/airflow/example_dags/example_dag_decorator.py
[2023-04-28T18:16:28.604-0300] {logging_mixin.py:137} INFO - [2023-04-28T18:16:28.604-0300] {taskmixin.py:211} WARNING - Dependency <Task(_PythonDecoratedOperator): prepare_email>, send_email already registered for DAG: example_dag_decorator
[2023-04-28T18:16:28.604-0300] {logging_mixin.py:137} INFO - [2023-04-28T18:16:28.604-0300] {taskmixin.py:211} WARNING - Dependency <Task(EmailOperator): send_email>, prepare_email already registered for DAG: example_dag_decorator
[2023-04-28T18:16:28.612-0300] {processor.py:753} INFO - DAG(s) dict_keys(['example_dag_decorator']) retrieved from /home/lcscarv/projetos/indicium/desafio_5/.venv/lib/python3.8/site-packages/airflow/example_dags/example_dag_decorator.py
[2023-04-28T18:16:28.737-0300] {logging_mixin.py:137} INFO - [2023-04-28T18:16:28.737-0300] {dag.py:2705} INFO - Sync 1 DAGs
[2023-04-28T18:16:28.760-0300] {logging_mixin.py:137} INFO - [2023-04-28T18:16:28.760-0300] {dag.py:3452} INFO - Setting next_dagrun for example_dag_decorator to None, run_after=None
[2023-04-28T18:16:28.873-0300] {processor.py:175} INFO - Processing /home/lcscarv/projetos/indicium/desafio_5/.venv/lib/python3.8/site-packages/airflow/example_dags/example_dag_decorator.py took 0.387 seconds
[2023-04-28T18:17:28.378-0300] {processor.py:153} INFO - Started process (PID=6156) to work on /home/lcscarv/projetos/indicium/desafio_5/.venv/lib/python3.8/site-packages/airflow/example_dags/example_dag_decorator.py
[2023-04-28T18:17:28.379-0300] {processor.py:743} INFO - Processing file /home/lcscarv/projetos/indicium/desafio_5/.venv/lib/python3.8/site-packages/airflow/example_dags/example_dag_decorator.py for tasks to queue
[2023-04-28T18:17:28.380-0300] {logging_mixin.py:137} INFO - [2023-04-28T18:17:28.380-0300] {dagbag.py:532} INFO - Filling up the DagBag from /home/lcscarv/projetos/indicium/desafio_5/.venv/lib/python3.8/site-packages/airflow/example_dags/example_dag_decorator.py
[2023-04-28T18:17:28.394-0300] {logging_mixin.py:137} INFO - [2023-04-28T18:17:28.394-0300] {taskmixin.py:211} WARNING - Dependency <Task(_PythonDecoratedOperator): prepare_email>, send_email already registered for DAG: example_dag_decorator
[2023-04-28T18:17:28.394-0300] {logging_mixin.py:137} INFO - [2023-04-28T18:17:28.394-0300] {taskmixin.py:211} WARNING - Dependency <Task(EmailOperator): send_email>, prepare_email already registered for DAG: example_dag_decorator
[2023-04-28T18:17:28.472-0300] {processor.py:753} INFO - DAG(s) dict_keys(['example_dag_decorator']) retrieved from /home/lcscarv/projetos/indicium/desafio_5/.venv/lib/python3.8/site-packages/airflow/example_dags/example_dag_decorator.py
[2023-04-28T18:17:28.505-0300] {logging_mixin.py:137} INFO - [2023-04-28T18:17:28.505-0300] {dag.py:2705} INFO - Sync 1 DAGs
[2023-04-28T18:17:28.516-0300] {logging_mixin.py:137} INFO - [2023-04-28T18:17:28.516-0300] {dag.py:3452} INFO - Setting next_dagrun for example_dag_decorator to None, run_after=None
[2023-04-28T18:17:28.690-0300] {processor.py:175} INFO - Processing /home/lcscarv/projetos/indicium/desafio_5/.venv/lib/python3.8/site-packages/airflow/example_dags/example_dag_decorator.py took 0.315 seconds
[2023-04-28T18:18:19.341-0300] {processor.py:153} INFO - Started process (PID=6202) to work on /home/lcscarv/projetos/indicium/desafio_5/.venv/lib/python3.8/site-packages/airflow/example_dags/example_dag_decorator.py
[2023-04-28T18:18:19.343-0300] {processor.py:743} INFO - Processing file /home/lcscarv/projetos/indicium/desafio_5/.venv/lib/python3.8/site-packages/airflow/example_dags/example_dag_decorator.py for tasks to queue
[2023-04-28T18:18:19.343-0300] {logging_mixin.py:137} INFO - [2023-04-28T18:18:19.343-0300] {dagbag.py:532} INFO - Filling up the DagBag from /home/lcscarv/projetos/indicium/desafio_5/.venv/lib/python3.8/site-packages/airflow/example_dags/example_dag_decorator.py
[2023-04-28T18:18:19.354-0300] {logging_mixin.py:137} INFO - [2023-04-28T18:18:19.354-0300] {taskmixin.py:211} WARNING - Dependency <Task(_PythonDecoratedOperator): prepare_email>, send_email already registered for DAG: example_dag_decorator
[2023-04-28T18:18:19.355-0300] {logging_mixin.py:137} INFO - [2023-04-28T18:18:19.355-0300] {taskmixin.py:211} WARNING - Dependency <Task(EmailOperator): send_email>, prepare_email already registered for DAG: example_dag_decorator
[2023-04-28T18:18:19.362-0300] {processor.py:753} INFO - DAG(s) dict_keys(['example_dag_decorator']) retrieved from /home/lcscarv/projetos/indicium/desafio_5/.venv/lib/python3.8/site-packages/airflow/example_dags/example_dag_decorator.py
[2023-04-28T18:18:19.398-0300] {logging_mixin.py:137} INFO - [2023-04-28T18:18:19.398-0300] {dag.py:2705} INFO - Sync 1 DAGs
[2023-04-28T18:18:19.472-0300] {logging_mixin.py:137} INFO - [2023-04-28T18:18:19.472-0300] {dag.py:3452} INFO - Setting next_dagrun for example_dag_decorator to None, run_after=None
[2023-04-28T18:18:19.491-0300] {processor.py:175} INFO - Processing /home/lcscarv/projetos/indicium/desafio_5/.venv/lib/python3.8/site-packages/airflow/example_dags/example_dag_decorator.py took 0.152 seconds
[2023-04-28T18:19:02.277-0300] {processor.py:153} INFO - Started process (PID=6243) to work on /home/lcscarv/projetos/indicium/desafio_5/.venv/lib/python3.8/site-packages/airflow/example_dags/example_dag_decorator.py
[2023-04-28T18:19:02.278-0300] {processor.py:743} INFO - Processing file /home/lcscarv/projetos/indicium/desafio_5/.venv/lib/python3.8/site-packages/airflow/example_dags/example_dag_decorator.py for tasks to queue
[2023-04-28T18:19:02.278-0300] {logging_mixin.py:137} INFO - [2023-04-28T18:19:02.278-0300] {dagbag.py:532} INFO - Filling up the DagBag from /home/lcscarv/projetos/indicium/desafio_5/.venv/lib/python3.8/site-packages/airflow/example_dags/example_dag_decorator.py
[2023-04-28T18:19:02.290-0300] {logging_mixin.py:137} INFO - [2023-04-28T18:19:02.290-0300] {taskmixin.py:211} WARNING - Dependency <Task(_PythonDecoratedOperator): prepare_email>, send_email already registered for DAG: example_dag_decorator
[2023-04-28T18:19:02.291-0300] {logging_mixin.py:137} INFO - [2023-04-28T18:19:02.291-0300] {taskmixin.py:211} WARNING - Dependency <Task(EmailOperator): send_email>, prepare_email already registered for DAG: example_dag_decorator
[2023-04-28T18:19:02.299-0300] {processor.py:753} INFO - DAG(s) dict_keys(['example_dag_decorator']) retrieved from /home/lcscarv/projetos/indicium/desafio_5/.venv/lib/python3.8/site-packages/airflow/example_dags/example_dag_decorator.py
[2023-04-28T18:19:02.405-0300] {logging_mixin.py:137} INFO - [2023-04-28T18:19:02.405-0300] {dag.py:2705} INFO - Sync 1 DAGs
[2023-04-28T18:19:02.416-0300] {logging_mixin.py:137} INFO - [2023-04-28T18:19:02.416-0300] {dag.py:3452} INFO - Setting next_dagrun for example_dag_decorator to None, run_after=None
[2023-04-28T18:19:02.439-0300] {processor.py:175} INFO - Processing /home/lcscarv/projetos/indicium/desafio_5/.venv/lib/python3.8/site-packages/airflow/example_dags/example_dag_decorator.py took 0.165 seconds
[2023-04-28T18:19:50.073-0300] {processor.py:153} INFO - Started process (PID=6287) to work on /home/lcscarv/projetos/indicium/desafio_5/.venv/lib/python3.8/site-packages/airflow/example_dags/example_dag_decorator.py
[2023-04-28T18:19:50.074-0300] {processor.py:743} INFO - Processing file /home/lcscarv/projetos/indicium/desafio_5/.venv/lib/python3.8/site-packages/airflow/example_dags/example_dag_decorator.py for tasks to queue
[2023-04-28T18:19:50.074-0300] {logging_mixin.py:137} INFO - [2023-04-28T18:19:50.074-0300] {dagbag.py:532} INFO - Filling up the DagBag from /home/lcscarv/projetos/indicium/desafio_5/.venv/lib/python3.8/site-packages/airflow/example_dags/example_dag_decorator.py
[2023-04-28T18:19:50.086-0300] {logging_mixin.py:137} INFO - [2023-04-28T18:19:50.085-0300] {taskmixin.py:211} WARNING - Dependency <Task(_PythonDecoratedOperator): prepare_email>, send_email already registered for DAG: example_dag_decorator
[2023-04-28T18:19:50.086-0300] {logging_mixin.py:137} INFO - [2023-04-28T18:19:50.086-0300] {taskmixin.py:211} WARNING - Dependency <Task(EmailOperator): send_email>, prepare_email already registered for DAG: example_dag_decorator
[2023-04-28T18:19:50.093-0300] {processor.py:753} INFO - DAG(s) dict_keys(['example_dag_decorator']) retrieved from /home/lcscarv/projetos/indicium/desafio_5/.venv/lib/python3.8/site-packages/airflow/example_dags/example_dag_decorator.py
[2023-04-28T18:19:50.189-0300] {logging_mixin.py:137} INFO - [2023-04-28T18:19:50.189-0300] {dag.py:2705} INFO - Sync 1 DAGs
[2023-04-28T18:19:50.201-0300] {logging_mixin.py:137} INFO - [2023-04-28T18:19:50.200-0300] {dag.py:3452} INFO - Setting next_dagrun for example_dag_decorator to None, run_after=None
[2023-04-28T18:19:50.219-0300] {processor.py:175} INFO - Processing /home/lcscarv/projetos/indicium/desafio_5/.venv/lib/python3.8/site-packages/airflow/example_dags/example_dag_decorator.py took 0.148 seconds
[2023-04-28T18:20:40.981-0300] {processor.py:153} INFO - Started process (PID=6385) to work on /home/lcscarv/projetos/indicium/desafio_5/.venv/lib/python3.8/site-packages/airflow/example_dags/example_dag_decorator.py
[2023-04-28T18:20:41.001-0300] {processor.py:743} INFO - Processing file /home/lcscarv/projetos/indicium/desafio_5/.venv/lib/python3.8/site-packages/airflow/example_dags/example_dag_decorator.py for tasks to queue
[2023-04-28T18:20:41.002-0300] {logging_mixin.py:137} INFO - [2023-04-28T18:20:41.002-0300] {dagbag.py:532} INFO - Filling up the DagBag from /home/lcscarv/projetos/indicium/desafio_5/.venv/lib/python3.8/site-packages/airflow/example_dags/example_dag_decorator.py
[2023-04-28T18:20:41.016-0300] {logging_mixin.py:137} INFO - [2023-04-28T18:20:41.016-0300] {taskmixin.py:211} WARNING - Dependency <Task(_PythonDecoratedOperator): prepare_email>, send_email already registered for DAG: example_dag_decorator
[2023-04-28T18:20:41.016-0300] {logging_mixin.py:137} INFO - [2023-04-28T18:20:41.016-0300] {taskmixin.py:211} WARNING - Dependency <Task(EmailOperator): send_email>, prepare_email already registered for DAG: example_dag_decorator
[2023-04-28T18:20:41.025-0300] {processor.py:753} INFO - DAG(s) dict_keys(['example_dag_decorator']) retrieved from /home/lcscarv/projetos/indicium/desafio_5/.venv/lib/python3.8/site-packages/airflow/example_dags/example_dag_decorator.py
[2023-04-28T18:20:41.187-0300] {logging_mixin.py:137} INFO - [2023-04-28T18:20:41.187-0300] {dag.py:2705} INFO - Sync 1 DAGs
[2023-04-28T18:20:41.270-0300] {logging_mixin.py:137} INFO - [2023-04-28T18:20:41.270-0300] {dag.py:3452} INFO - Setting next_dagrun for example_dag_decorator to None, run_after=None
[2023-04-28T18:20:41.324-0300] {processor.py:175} INFO - Processing /home/lcscarv/projetos/indicium/desafio_5/.venv/lib/python3.8/site-packages/airflow/example_dags/example_dag_decorator.py took 0.345 seconds
[2023-04-28T18:21:28.387-0300] {processor.py:153} INFO - Started process (PID=6429) to work on /home/lcscarv/projetos/indicium/desafio_5/.venv/lib/python3.8/site-packages/airflow/example_dags/example_dag_decorator.py
[2023-04-28T18:21:28.388-0300] {processor.py:743} INFO - Processing file /home/lcscarv/projetos/indicium/desafio_5/.venv/lib/python3.8/site-packages/airflow/example_dags/example_dag_decorator.py for tasks to queue
[2023-04-28T18:21:28.389-0300] {logging_mixin.py:137} INFO - [2023-04-28T18:21:28.389-0300] {dagbag.py:532} INFO - Filling up the DagBag from /home/lcscarv/projetos/indicium/desafio_5/.venv/lib/python3.8/site-packages/airflow/example_dags/example_dag_decorator.py
[2023-04-28T18:21:28.405-0300] {logging_mixin.py:137} INFO - [2023-04-28T18:21:28.405-0300] {taskmixin.py:211} WARNING - Dependency <Task(_PythonDecoratedOperator): prepare_email>, send_email already registered for DAG: example_dag_decorator
[2023-04-28T18:21:28.406-0300] {logging_mixin.py:137} INFO - [2023-04-28T18:21:28.405-0300] {taskmixin.py:211} WARNING - Dependency <Task(EmailOperator): send_email>, prepare_email already registered for DAG: example_dag_decorator
[2023-04-28T18:21:28.494-0300] {processor.py:753} INFO - DAG(s) dict_keys(['example_dag_decorator']) retrieved from /home/lcscarv/projetos/indicium/desafio_5/.venv/lib/python3.8/site-packages/airflow/example_dags/example_dag_decorator.py
[2023-04-28T18:21:28.540-0300] {logging_mixin.py:137} INFO - [2023-04-28T18:21:28.539-0300] {dag.py:2705} INFO - Sync 1 DAGs
[2023-04-28T18:21:28.558-0300] {logging_mixin.py:137} INFO - [2023-04-28T18:21:28.558-0300] {dag.py:3452} INFO - Setting next_dagrun for example_dag_decorator to None, run_after=None
[2023-04-28T18:21:28.599-0300] {processor.py:175} INFO - Processing /home/lcscarv/projetos/indicium/desafio_5/.venv/lib/python3.8/site-packages/airflow/example_dags/example_dag_decorator.py took 0.215 seconds
