[2023-04-28T18:00:41.587-0300] {processor.py:153} INFO - Started process (PID=4609) to work on /home/lcscarv/projetos/indicium/desafio_5/.venv/lib/python3.8/site-packages/airflow/example_dags/example_latest_only.py
[2023-04-28T18:00:41.588-0300] {processor.py:743} INFO - Processing file /home/lcscarv/projetos/indicium/desafio_5/.venv/lib/python3.8/site-packages/airflow/example_dags/example_latest_only.py for tasks to queue
[2023-04-28T18:00:41.588-0300] {logging_mixin.py:137} INFO - [2023-04-28T18:00:41.588-0300] {dagbag.py:532} INFO - Filling up the DagBag from /home/lcscarv/projetos/indicium/desafio_5/.venv/lib/python3.8/site-packages/airflow/example_dags/example_latest_only.py
[2023-04-28T18:00:41.598-0300] {processor.py:753} INFO - DAG(s) dict_keys(['latest_only']) retrieved from /home/lcscarv/projetos/indicium/desafio_5/.venv/lib/python3.8/site-packages/airflow/example_dags/example_latest_only.py
[2023-04-28T18:00:41.614-0300] {logging_mixin.py:137} INFO - [2023-04-28T18:00:41.614-0300] {dag.py:2705} INFO - Sync 1 DAGs
[2023-04-28T18:00:41.630-0300] {logging_mixin.py:137} INFO - [2023-04-28T18:00:41.630-0300] {dag.py:3452} INFO - Setting next_dagrun for latest_only to 2023-04-28T17:00:41.629867+00:00, run_after=2023-04-28T21:00:41.629867+00:00
[2023-04-28T18:00:41.653-0300] {processor.py:175} INFO - Processing /home/lcscarv/projetos/indicium/desafio_5/.venv/lib/python3.8/site-packages/airflow/example_dags/example_latest_only.py took 0.068 seconds
[2023-04-28T18:01:23.899-0300] {processor.py:153} INFO - Started process (PID=4651) to work on /home/lcscarv/projetos/indicium/desafio_5/.venv/lib/python3.8/site-packages/airflow/example_dags/example_latest_only.py
[2023-04-28T18:01:23.900-0300] {processor.py:743} INFO - Processing file /home/lcscarv/projetos/indicium/desafio_5/.venv/lib/python3.8/site-packages/airflow/example_dags/example_latest_only.py for tasks to queue
[2023-04-28T18:01:23.901-0300] {logging_mixin.py:137} INFO - [2023-04-28T18:01:23.901-0300] {dagbag.py:532} INFO - Filling up the DagBag from /home/lcscarv/projetos/indicium/desafio_5/.venv/lib/python3.8/site-packages/airflow/example_dags/example_latest_only.py
[2023-04-28T18:01:23.914-0300] {processor.py:753} INFO - DAG(s) dict_keys(['latest_only']) retrieved from /home/lcscarv/projetos/indicium/desafio_5/.venv/lib/python3.8/site-packages/airflow/example_dags/example_latest_only.py
[2023-04-28T18:01:23.935-0300] {logging_mixin.py:137} INFO - [2023-04-28T18:01:23.934-0300] {dag.py:2705} INFO - Sync 1 DAGs
[2023-04-28T18:01:23.951-0300] {logging_mixin.py:137} INFO - [2023-04-28T18:01:23.951-0300] {dag.py:3452} INFO - Setting next_dagrun for latest_only to 2023-04-28T17:01:23.951346+00:00, run_after=2023-04-28T21:01:23.951346+00:00
[2023-04-28T18:01:24.094-0300] {processor.py:175} INFO - Processing /home/lcscarv/projetos/indicium/desafio_5/.venv/lib/python3.8/site-packages/airflow/example_dags/example_latest_only.py took 0.197 seconds
[2023-04-28T18:02:33.160-0300] {processor.py:153} INFO - Started process (PID=4754) to work on /home/lcscarv/projetos/indicium/desafio_5/.venv/lib/python3.8/site-packages/airflow/example_dags/example_latest_only.py
[2023-04-28T18:02:33.161-0300] {processor.py:743} INFO - Processing file /home/lcscarv/projetos/indicium/desafio_5/.venv/lib/python3.8/site-packages/airflow/example_dags/example_latest_only.py for tasks to queue
[2023-04-28T18:02:33.161-0300] {logging_mixin.py:137} INFO - [2023-04-28T18:02:33.161-0300] {dagbag.py:532} INFO - Filling up the DagBag from /home/lcscarv/projetos/indicium/desafio_5/.venv/lib/python3.8/site-packages/airflow/example_dags/example_latest_only.py
[2023-04-28T18:02:33.171-0300] {processor.py:753} INFO - DAG(s) dict_keys(['latest_only']) retrieved from /home/lcscarv/projetos/indicium/desafio_5/.venv/lib/python3.8/site-packages/airflow/example_dags/example_latest_only.py
[2023-04-28T18:02:33.184-0300] {logging_mixin.py:137} INFO - [2023-04-28T18:02:33.184-0300] {dag.py:2705} INFO - Sync 1 DAGs
[2023-04-28T18:02:33.201-0300] {logging_mixin.py:137} INFO - [2023-04-28T18:02:33.201-0300] {dag.py:3452} INFO - Setting next_dagrun for latest_only to 2023-04-28T17:02:33.200849+00:00, run_after=2023-04-28T21:02:33.200849+00:00
[2023-04-28T18:02:33.226-0300] {processor.py:175} INFO - Processing /home/lcscarv/projetos/indicium/desafio_5/.venv/lib/python3.8/site-packages/airflow/example_dags/example_latest_only.py took 0.068 seconds
[2023-04-28T18:03:21.369-0300] {processor.py:153} INFO - Started process (PID=4847) to work on /home/lcscarv/projetos/indicium/desafio_5/.venv/lib/python3.8/site-packages/airflow/example_dags/example_latest_only.py
[2023-04-28T18:03:21.371-0300] {processor.py:743} INFO - Processing file /home/lcscarv/projetos/indicium/desafio_5/.venv/lib/python3.8/site-packages/airflow/example_dags/example_latest_only.py for tasks to queue
[2023-04-28T18:03:21.371-0300] {logging_mixin.py:137} INFO - [2023-04-28T18:03:21.371-0300] {dagbag.py:532} INFO - Filling up the DagBag from /home/lcscarv/projetos/indicium/desafio_5/.venv/lib/python3.8/site-packages/airflow/example_dags/example_latest_only.py
[2023-04-28T18:03:21.379-0300] {processor.py:753} INFO - DAG(s) dict_keys(['latest_only']) retrieved from /home/lcscarv/projetos/indicium/desafio_5/.venv/lib/python3.8/site-packages/airflow/example_dags/example_latest_only.py
[2023-04-28T18:03:21.391-0300] {logging_mixin.py:137} INFO - [2023-04-28T18:03:21.391-0300] {dag.py:2705} INFO - Sync 1 DAGs
[2023-04-28T18:03:21.406-0300] {logging_mixin.py:137} INFO - [2023-04-28T18:03:21.406-0300] {dag.py:3452} INFO - Setting next_dagrun for latest_only to 2023-04-28T17:03:21.406506+00:00, run_after=2023-04-28T21:03:21.406506+00:00
[2023-04-28T18:03:21.423-0300] {processor.py:175} INFO - Processing /home/lcscarv/projetos/indicium/desafio_5/.venv/lib/python3.8/site-packages/airflow/example_dags/example_latest_only.py took 0.056 seconds
[2023-04-28T18:04:04.163-0300] {processor.py:153} INFO - Started process (PID=4889) to work on /home/lcscarv/projetos/indicium/desafio_5/.venv/lib/python3.8/site-packages/airflow/example_dags/example_latest_only.py
[2023-04-28T18:04:04.166-0300] {processor.py:743} INFO - Processing file /home/lcscarv/projetos/indicium/desafio_5/.venv/lib/python3.8/site-packages/airflow/example_dags/example_latest_only.py for tasks to queue
[2023-04-28T18:04:04.167-0300] {logging_mixin.py:137} INFO - [2023-04-28T18:04:04.167-0300] {dagbag.py:532} INFO - Filling up the DagBag from /home/lcscarv/projetos/indicium/desafio_5/.venv/lib/python3.8/site-packages/airflow/example_dags/example_latest_only.py
[2023-04-28T18:04:04.175-0300] {processor.py:753} INFO - DAG(s) dict_keys(['latest_only']) retrieved from /home/lcscarv/projetos/indicium/desafio_5/.venv/lib/python3.8/site-packages/airflow/example_dags/example_latest_only.py
[2023-04-28T18:04:04.188-0300] {logging_mixin.py:137} INFO - [2023-04-28T18:04:04.188-0300] {dag.py:2705} INFO - Sync 1 DAGs
[2023-04-28T18:04:04.200-0300] {logging_mixin.py:137} INFO - [2023-04-28T18:04:04.200-0300] {dag.py:3452} INFO - Setting next_dagrun for latest_only to 2023-04-28T17:04:04.200561+00:00, run_after=2023-04-28T21:04:04.200561+00:00
[2023-04-28T18:04:04.218-0300] {processor.py:175} INFO - Processing /home/lcscarv/projetos/indicium/desafio_5/.venv/lib/python3.8/site-packages/airflow/example_dags/example_latest_only.py took 0.058 seconds
[2023-04-28T18:04:57.404-0300] {processor.py:153} INFO - Started process (PID=4993) to work on /home/lcscarv/projetos/indicium/desafio_5/.venv/lib/python3.8/site-packages/airflow/example_dags/example_latest_only.py
[2023-04-28T18:04:57.405-0300] {processor.py:743} INFO - Processing file /home/lcscarv/projetos/indicium/desafio_5/.venv/lib/python3.8/site-packages/airflow/example_dags/example_latest_only.py for tasks to queue
[2023-04-28T18:04:57.406-0300] {logging_mixin.py:137} INFO - [2023-04-28T18:04:57.405-0300] {dagbag.py:532} INFO - Filling up the DagBag from /home/lcscarv/projetos/indicium/desafio_5/.venv/lib/python3.8/site-packages/airflow/example_dags/example_latest_only.py
[2023-04-28T18:04:57.417-0300] {processor.py:753} INFO - DAG(s) dict_keys(['latest_only']) retrieved from /home/lcscarv/projetos/indicium/desafio_5/.venv/lib/python3.8/site-packages/airflow/example_dags/example_latest_only.py
[2023-04-28T18:04:57.434-0300] {logging_mixin.py:137} INFO - [2023-04-28T18:04:57.434-0300] {dag.py:2705} INFO - Sync 1 DAGs
[2023-04-28T18:04:57.453-0300] {logging_mixin.py:137} INFO - [2023-04-28T18:04:57.452-0300] {dag.py:3452} INFO - Setting next_dagrun for latest_only to 2023-04-28T17:04:57.452593+00:00, run_after=2023-04-28T21:04:57.452593+00:00
[2023-04-28T18:04:57.472-0300] {processor.py:175} INFO - Processing /home/lcscarv/projetos/indicium/desafio_5/.venv/lib/python3.8/site-packages/airflow/example_dags/example_latest_only.py took 0.070 seconds
[2023-04-28T18:05:39.085-0300] {processor.py:153} INFO - Started process (PID=5087) to work on /home/lcscarv/projetos/indicium/desafio_5/.venv/lib/python3.8/site-packages/airflow/example_dags/example_latest_only.py
[2023-04-28T18:05:39.086-0300] {processor.py:743} INFO - Processing file /home/lcscarv/projetos/indicium/desafio_5/.venv/lib/python3.8/site-packages/airflow/example_dags/example_latest_only.py for tasks to queue
[2023-04-28T18:05:39.087-0300] {logging_mixin.py:137} INFO - [2023-04-28T18:05:39.087-0300] {dagbag.py:532} INFO - Filling up the DagBag from /home/lcscarv/projetos/indicium/desafio_5/.venv/lib/python3.8/site-packages/airflow/example_dags/example_latest_only.py
[2023-04-28T18:05:39.096-0300] {processor.py:753} INFO - DAG(s) dict_keys(['latest_only']) retrieved from /home/lcscarv/projetos/indicium/desafio_5/.venv/lib/python3.8/site-packages/airflow/example_dags/example_latest_only.py
[2023-04-28T18:05:39.115-0300] {logging_mixin.py:137} INFO - [2023-04-28T18:05:39.115-0300] {dag.py:2705} INFO - Sync 1 DAGs
[2023-04-28T18:05:39.135-0300] {logging_mixin.py:137} INFO - [2023-04-28T18:05:39.135-0300] {dag.py:3452} INFO - Setting next_dagrun for latest_only to 2023-04-28T17:05:39.134906+00:00, run_after=2023-04-28T21:05:39.134906+00:00
[2023-04-28T18:05:39.154-0300] {processor.py:175} INFO - Processing /home/lcscarv/projetos/indicium/desafio_5/.venv/lib/python3.8/site-packages/airflow/example_dags/example_latest_only.py took 0.071 seconds
[2023-04-28T18:06:21.530-0300] {processor.py:153} INFO - Started process (PID=5131) to work on /home/lcscarv/projetos/indicium/desafio_5/.venv/lib/python3.8/site-packages/airflow/example_dags/example_latest_only.py
[2023-04-28T18:06:21.531-0300] {processor.py:743} INFO - Processing file /home/lcscarv/projetos/indicium/desafio_5/.venv/lib/python3.8/site-packages/airflow/example_dags/example_latest_only.py for tasks to queue
[2023-04-28T18:06:21.531-0300] {logging_mixin.py:137} INFO - [2023-04-28T18:06:21.531-0300] {dagbag.py:532} INFO - Filling up the DagBag from /home/lcscarv/projetos/indicium/desafio_5/.venv/lib/python3.8/site-packages/airflow/example_dags/example_latest_only.py
[2023-04-28T18:06:21.543-0300] {processor.py:753} INFO - DAG(s) dict_keys(['latest_only']) retrieved from /home/lcscarv/projetos/indicium/desafio_5/.venv/lib/python3.8/site-packages/airflow/example_dags/example_latest_only.py
[2023-04-28T18:06:21.557-0300] {logging_mixin.py:137} INFO - [2023-04-28T18:06:21.556-0300] {dag.py:2705} INFO - Sync 1 DAGs
[2023-04-28T18:06:21.569-0300] {logging_mixin.py:137} INFO - [2023-04-28T18:06:21.569-0300] {dag.py:3452} INFO - Setting next_dagrun for latest_only to 2023-04-28T17:06:21.569288+00:00, run_after=2023-04-28T21:06:21.569288+00:00
[2023-04-28T18:06:21.600-0300] {processor.py:175} INFO - Processing /home/lcscarv/projetos/indicium/desafio_5/.venv/lib/python3.8/site-packages/airflow/example_dags/example_latest_only.py took 0.072 seconds
[2023-04-28T18:07:29.314-0300] {processor.py:153} INFO - Started process (PID=5187) to work on /home/lcscarv/projetos/indicium/desafio_5/.venv/lib/python3.8/site-packages/airflow/example_dags/example_latest_only.py
[2023-04-28T18:07:29.437-0300] {processor.py:743} INFO - Processing file /home/lcscarv/projetos/indicium/desafio_5/.venv/lib/python3.8/site-packages/airflow/example_dags/example_latest_only.py for tasks to queue
[2023-04-28T18:07:29.439-0300] {logging_mixin.py:137} INFO - [2023-04-28T18:07:29.438-0300] {dagbag.py:532} INFO - Filling up the DagBag from /home/lcscarv/projetos/indicium/desafio_5/.venv/lib/python3.8/site-packages/airflow/example_dags/example_latest_only.py
[2023-04-28T18:07:29.449-0300] {processor.py:753} INFO - DAG(s) dict_keys(['latest_only']) retrieved from /home/lcscarv/projetos/indicium/desafio_5/.venv/lib/python3.8/site-packages/airflow/example_dags/example_latest_only.py
[2023-04-28T18:07:29.461-0300] {logging_mixin.py:137} INFO - [2023-04-28T18:07:29.461-0300] {dag.py:2705} INFO - Sync 1 DAGs
[2023-04-28T18:07:29.473-0300] {logging_mixin.py:137} INFO - [2023-04-28T18:07:29.473-0300] {dag.py:3452} INFO - Setting next_dagrun for latest_only to 2023-04-28T17:07:29.473699+00:00, run_after=2023-04-28T21:07:29.473699+00:00
[2023-04-28T18:07:29.708-0300] {processor.py:175} INFO - Processing /home/lcscarv/projetos/indicium/desafio_5/.venv/lib/python3.8/site-packages/airflow/example_dags/example_latest_only.py took 0.395 seconds
[2023-04-28T18:08:20.331-0300] {processor.py:153} INFO - Started process (PID=5381) to work on /home/lcscarv/projetos/indicium/desafio_5/.venv/lib/python3.8/site-packages/airflow/example_dags/example_latest_only.py
[2023-04-28T18:08:20.368-0300] {processor.py:743} INFO - Processing file /home/lcscarv/projetos/indicium/desafio_5/.venv/lib/python3.8/site-packages/airflow/example_dags/example_latest_only.py for tasks to queue
[2023-04-28T18:08:20.370-0300] {logging_mixin.py:137} INFO - [2023-04-28T18:08:20.370-0300] {dagbag.py:532} INFO - Filling up the DagBag from /home/lcscarv/projetos/indicium/desafio_5/.venv/lib/python3.8/site-packages/airflow/example_dags/example_latest_only.py
[2023-04-28T18:08:20.380-0300] {processor.py:753} INFO - DAG(s) dict_keys(['latest_only']) retrieved from /home/lcscarv/projetos/indicium/desafio_5/.venv/lib/python3.8/site-packages/airflow/example_dags/example_latest_only.py
[2023-04-28T18:08:20.395-0300] {logging_mixin.py:137} INFO - [2023-04-28T18:08:20.394-0300] {dag.py:2705} INFO - Sync 1 DAGs
[2023-04-28T18:08:20.408-0300] {logging_mixin.py:137} INFO - [2023-04-28T18:08:20.408-0300] {dag.py:3452} INFO - Setting next_dagrun for latest_only to 2023-04-28T17:08:20.408216+00:00, run_after=2023-04-28T21:08:20.408216+00:00
[2023-04-28T18:08:20.428-0300] {processor.py:175} INFO - Processing /home/lcscarv/projetos/indicium/desafio_5/.venv/lib/python3.8/site-packages/airflow/example_dags/example_latest_only.py took 0.099 seconds
[2023-04-28T18:09:07.679-0300] {processor.py:153} INFO - Started process (PID=5475) to work on /home/lcscarv/projetos/indicium/desafio_5/.venv/lib/python3.8/site-packages/airflow/example_dags/example_latest_only.py
[2023-04-28T18:09:07.681-0300] {processor.py:743} INFO - Processing file /home/lcscarv/projetos/indicium/desafio_5/.venv/lib/python3.8/site-packages/airflow/example_dags/example_latest_only.py for tasks to queue
[2023-04-28T18:09:07.681-0300] {logging_mixin.py:137} INFO - [2023-04-28T18:09:07.681-0300] {dagbag.py:532} INFO - Filling up the DagBag from /home/lcscarv/projetos/indicium/desafio_5/.venv/lib/python3.8/site-packages/airflow/example_dags/example_latest_only.py
[2023-04-28T18:09:07.692-0300] {processor.py:753} INFO - DAG(s) dict_keys(['latest_only']) retrieved from /home/lcscarv/projetos/indicium/desafio_5/.venv/lib/python3.8/site-packages/airflow/example_dags/example_latest_only.py
[2023-04-28T18:09:07.707-0300] {logging_mixin.py:137} INFO - [2023-04-28T18:09:07.707-0300] {dag.py:2705} INFO - Sync 1 DAGs
[2023-04-28T18:09:07.722-0300] {logging_mixin.py:137} INFO - [2023-04-28T18:09:07.722-0300] {dag.py:3452} INFO - Setting next_dagrun for latest_only to 2023-04-28T17:09:07.722211+00:00, run_after=2023-04-28T21:09:07.722211+00:00
[2023-04-28T18:09:07.742-0300] {processor.py:175} INFO - Processing /home/lcscarv/projetos/indicium/desafio_5/.venv/lib/python3.8/site-packages/airflow/example_dags/example_latest_only.py took 0.065 seconds
[2023-04-28T18:09:54.448-0300] {processor.py:153} INFO - Started process (PID=5519) to work on /home/lcscarv/projetos/indicium/desafio_5/.venv/lib/python3.8/site-packages/airflow/example_dags/example_latest_only.py
[2023-04-28T18:09:54.449-0300] {processor.py:743} INFO - Processing file /home/lcscarv/projetos/indicium/desafio_5/.venv/lib/python3.8/site-packages/airflow/example_dags/example_latest_only.py for tasks to queue
[2023-04-28T18:09:54.450-0300] {logging_mixin.py:137} INFO - [2023-04-28T18:09:54.449-0300] {dagbag.py:532} INFO - Filling up the DagBag from /home/lcscarv/projetos/indicium/desafio_5/.venv/lib/python3.8/site-packages/airflow/example_dags/example_latest_only.py
[2023-04-28T18:09:54.459-0300] {processor.py:753} INFO - DAG(s) dict_keys(['latest_only']) retrieved from /home/lcscarv/projetos/indicium/desafio_5/.venv/lib/python3.8/site-packages/airflow/example_dags/example_latest_only.py
[2023-04-28T18:09:54.472-0300] {logging_mixin.py:137} INFO - [2023-04-28T18:09:54.472-0300] {dag.py:2705} INFO - Sync 1 DAGs
[2023-04-28T18:09:54.485-0300] {logging_mixin.py:137} INFO - [2023-04-28T18:09:54.485-0300] {dag.py:3452} INFO - Setting next_dagrun for latest_only to 2023-04-28T17:09:54.485028+00:00, run_after=2023-04-28T21:09:54.485028+00:00
[2023-04-28T18:09:54.507-0300] {processor.py:175} INFO - Processing /home/lcscarv/projetos/indicium/desafio_5/.venv/lib/python3.8/site-packages/airflow/example_dags/example_latest_only.py took 0.061 seconds
[2023-04-28T18:10:52.231-0300] {processor.py:153} INFO - Started process (PID=5667) to work on /home/lcscarv/projetos/indicium/desafio_5/.venv/lib/python3.8/site-packages/airflow/example_dags/example_latest_only.py
[2023-04-28T18:10:52.232-0300] {processor.py:743} INFO - Processing file /home/lcscarv/projetos/indicium/desafio_5/.venv/lib/python3.8/site-packages/airflow/example_dags/example_latest_only.py for tasks to queue
[2023-04-28T18:10:52.233-0300] {logging_mixin.py:137} INFO - [2023-04-28T18:10:52.233-0300] {dagbag.py:532} INFO - Filling up the DagBag from /home/lcscarv/projetos/indicium/desafio_5/.venv/lib/python3.8/site-packages/airflow/example_dags/example_latest_only.py
[2023-04-28T18:10:52.242-0300] {processor.py:753} INFO - DAG(s) dict_keys(['latest_only']) retrieved from /home/lcscarv/projetos/indicium/desafio_5/.venv/lib/python3.8/site-packages/airflow/example_dags/example_latest_only.py
[2023-04-28T18:10:52.258-0300] {logging_mixin.py:137} INFO - [2023-04-28T18:10:52.258-0300] {dag.py:2705} INFO - Sync 1 DAGs
[2023-04-28T18:10:52.279-0300] {logging_mixin.py:137} INFO - [2023-04-28T18:10:52.279-0300] {dag.py:3452} INFO - Setting next_dagrun for latest_only to 2023-04-28T17:10:52.278638+00:00, run_after=2023-04-28T21:10:52.278638+00:00
[2023-04-28T18:10:52.312-0300] {processor.py:175} INFO - Processing /home/lcscarv/projetos/indicium/desafio_5/.venv/lib/python3.8/site-packages/airflow/example_dags/example_latest_only.py took 0.084 seconds
[2023-04-28T18:11:45.520-0300] {processor.py:153} INFO - Started process (PID=5819) to work on /home/lcscarv/projetos/indicium/desafio_5/.venv/lib/python3.8/site-packages/airflow/example_dags/example_latest_only.py
[2023-04-28T18:11:45.608-0300] {processor.py:743} INFO - Processing file /home/lcscarv/projetos/indicium/desafio_5/.venv/lib/python3.8/site-packages/airflow/example_dags/example_latest_only.py for tasks to queue
[2023-04-28T18:11:45.610-0300] {logging_mixin.py:137} INFO - [2023-04-28T18:11:45.609-0300] {dagbag.py:532} INFO - Filling up the DagBag from /home/lcscarv/projetos/indicium/desafio_5/.venv/lib/python3.8/site-packages/airflow/example_dags/example_latest_only.py
[2023-04-28T18:11:45.624-0300] {processor.py:753} INFO - DAG(s) dict_keys(['latest_only']) retrieved from /home/lcscarv/projetos/indicium/desafio_5/.venv/lib/python3.8/site-packages/airflow/example_dags/example_latest_only.py
[2023-04-28T18:11:45.636-0300] {logging_mixin.py:137} INFO - [2023-04-28T18:11:45.636-0300] {dag.py:2705} INFO - Sync 1 DAGs
[2023-04-28T18:11:45.648-0300] {logging_mixin.py:137} INFO - [2023-04-28T18:11:45.648-0300] {dag.py:3452} INFO - Setting next_dagrun for latest_only to 2023-04-28T17:11:45.648321+00:00, run_after=2023-04-28T21:11:45.648321+00:00
[2023-04-28T18:11:45.899-0300] {processor.py:175} INFO - Processing /home/lcscarv/projetos/indicium/desafio_5/.venv/lib/python3.8/site-packages/airflow/example_dags/example_latest_only.py took 0.382 seconds
[2023-04-28T18:12:49.797-0300] {processor.py:153} INFO - Started process (PID=5866) to work on /home/lcscarv/projetos/indicium/desafio_5/.venv/lib/python3.8/site-packages/airflow/example_dags/example_latest_only.py
[2023-04-28T18:12:49.799-0300] {processor.py:743} INFO - Processing file /home/lcscarv/projetos/indicium/desafio_5/.venv/lib/python3.8/site-packages/airflow/example_dags/example_latest_only.py for tasks to queue
[2023-04-28T18:12:49.799-0300] {logging_mixin.py:137} INFO - [2023-04-28T18:12:49.799-0300] {dagbag.py:532} INFO - Filling up the DagBag from /home/lcscarv/projetos/indicium/desafio_5/.venv/lib/python3.8/site-packages/airflow/example_dags/example_latest_only.py
[2023-04-28T18:12:49.809-0300] {processor.py:753} INFO - DAG(s) dict_keys(['latest_only']) retrieved from /home/lcscarv/projetos/indicium/desafio_5/.venv/lib/python3.8/site-packages/airflow/example_dags/example_latest_only.py
[2023-04-28T18:12:49.822-0300] {logging_mixin.py:137} INFO - [2023-04-28T18:12:49.822-0300] {dag.py:2705} INFO - Sync 1 DAGs
[2023-04-28T18:12:49.838-0300] {logging_mixin.py:137} INFO - [2023-04-28T18:12:49.838-0300] {dag.py:3452} INFO - Setting next_dagrun for latest_only to 2023-04-28T17:12:49.837960+00:00, run_after=2023-04-28T21:12:49.837960+00:00
[2023-04-28T18:12:49.858-0300] {processor.py:175} INFO - Processing /home/lcscarv/projetos/indicium/desafio_5/.venv/lib/python3.8/site-packages/airflow/example_dags/example_latest_only.py took 0.063 seconds
[2023-04-28T18:13:35.937-0300] {processor.py:153} INFO - Started process (PID=5908) to work on /home/lcscarv/projetos/indicium/desafio_5/.venv/lib/python3.8/site-packages/airflow/example_dags/example_latest_only.py
[2023-04-28T18:13:35.938-0300] {processor.py:743} INFO - Processing file /home/lcscarv/projetos/indicium/desafio_5/.venv/lib/python3.8/site-packages/airflow/example_dags/example_latest_only.py for tasks to queue
[2023-04-28T18:13:35.938-0300] {logging_mixin.py:137} INFO - [2023-04-28T18:13:35.938-0300] {dagbag.py:532} INFO - Filling up the DagBag from /home/lcscarv/projetos/indicium/desafio_5/.venv/lib/python3.8/site-packages/airflow/example_dags/example_latest_only.py
[2023-04-28T18:13:35.947-0300] {processor.py:753} INFO - DAG(s) dict_keys(['latest_only']) retrieved from /home/lcscarv/projetos/indicium/desafio_5/.venv/lib/python3.8/site-packages/airflow/example_dags/example_latest_only.py
[2023-04-28T18:13:35.960-0300] {logging_mixin.py:137} INFO - [2023-04-28T18:13:35.960-0300] {dag.py:2705} INFO - Sync 1 DAGs
[2023-04-28T18:13:35.974-0300] {logging_mixin.py:137} INFO - [2023-04-28T18:13:35.974-0300] {dag.py:3452} INFO - Setting next_dagrun for latest_only to 2023-04-28T17:13:35.973940+00:00, run_after=2023-04-28T21:13:35.973940+00:00
[2023-04-28T18:13:35.996-0300] {processor.py:175} INFO - Processing /home/lcscarv/projetos/indicium/desafio_5/.venv/lib/python3.8/site-packages/airflow/example_dags/example_latest_only.py took 0.061 seconds
[2023-04-28T18:14:34.173-0300] {processor.py:153} INFO - Started process (PID=5956) to work on /home/lcscarv/projetos/indicium/desafio_5/.venv/lib/python3.8/site-packages/airflow/example_dags/example_latest_only.py
[2023-04-28T18:14:34.174-0300] {processor.py:743} INFO - Processing file /home/lcscarv/projetos/indicium/desafio_5/.venv/lib/python3.8/site-packages/airflow/example_dags/example_latest_only.py for tasks to queue
[2023-04-28T18:14:34.174-0300] {logging_mixin.py:137} INFO - [2023-04-28T18:14:34.174-0300] {dagbag.py:532} INFO - Filling up the DagBag from /home/lcscarv/projetos/indicium/desafio_5/.venv/lib/python3.8/site-packages/airflow/example_dags/example_latest_only.py
[2023-04-28T18:14:34.183-0300] {processor.py:753} INFO - DAG(s) dict_keys(['latest_only']) retrieved from /home/lcscarv/projetos/indicium/desafio_5/.venv/lib/python3.8/site-packages/airflow/example_dags/example_latest_only.py
[2023-04-28T18:14:34.196-0300] {logging_mixin.py:137} INFO - [2023-04-28T18:14:34.196-0300] {dag.py:2705} INFO - Sync 1 DAGs
[2023-04-28T18:14:34.209-0300] {logging_mixin.py:137} INFO - [2023-04-28T18:14:34.209-0300] {dag.py:3452} INFO - Setting next_dagrun for latest_only to 2023-04-28T17:14:34.209525+00:00, run_after=2023-04-28T21:14:34.209525+00:00
[2023-04-28T18:14:34.230-0300] {processor.py:175} INFO - Processing /home/lcscarv/projetos/indicium/desafio_5/.venv/lib/python3.8/site-packages/airflow/example_dags/example_latest_only.py took 0.059 seconds
[2023-04-28T18:15:35.829-0300] {processor.py:153} INFO - Started process (PID=6059) to work on /home/lcscarv/projetos/indicium/desafio_5/.venv/lib/python3.8/site-packages/airflow/example_dags/example_latest_only.py
[2023-04-28T18:15:35.892-0300] {processor.py:743} INFO - Processing file /home/lcscarv/projetos/indicium/desafio_5/.venv/lib/python3.8/site-packages/airflow/example_dags/example_latest_only.py for tasks to queue
[2023-04-28T18:15:35.893-0300] {logging_mixin.py:137} INFO - [2023-04-28T18:15:35.893-0300] {dagbag.py:532} INFO - Filling up the DagBag from /home/lcscarv/projetos/indicium/desafio_5/.venv/lib/python3.8/site-packages/airflow/example_dags/example_latest_only.py
[2023-04-28T18:15:35.904-0300] {processor.py:753} INFO - DAG(s) dict_keys(['latest_only']) retrieved from /home/lcscarv/projetos/indicium/desafio_5/.venv/lib/python3.8/site-packages/airflow/example_dags/example_latest_only.py
[2023-04-28T18:15:35.916-0300] {logging_mixin.py:137} INFO - [2023-04-28T18:15:35.916-0300] {dag.py:2705} INFO - Sync 1 DAGs
[2023-04-28T18:15:35.928-0300] {logging_mixin.py:137} INFO - [2023-04-28T18:15:35.928-0300] {dag.py:3452} INFO - Setting next_dagrun for latest_only to 2023-04-28T17:15:35.928568+00:00, run_after=2023-04-28T21:15:35.928568+00:00
[2023-04-28T18:15:36.100-0300] {processor.py:175} INFO - Processing /home/lcscarv/projetos/indicium/desafio_5/.venv/lib/python3.8/site-packages/airflow/example_dags/example_latest_only.py took 0.272 seconds
[2023-04-28T18:16:31.052-0300] {processor.py:153} INFO - Started process (PID=6107) to work on /home/lcscarv/projetos/indicium/desafio_5/.venv/lib/python3.8/site-packages/airflow/example_dags/example_latest_only.py
[2023-04-28T18:16:31.155-0300] {processor.py:743} INFO - Processing file /home/lcscarv/projetos/indicium/desafio_5/.venv/lib/python3.8/site-packages/airflow/example_dags/example_latest_only.py for tasks to queue
[2023-04-28T18:16:31.156-0300] {logging_mixin.py:137} INFO - [2023-04-28T18:16:31.156-0300] {dagbag.py:532} INFO - Filling up the DagBag from /home/lcscarv/projetos/indicium/desafio_5/.venv/lib/python3.8/site-packages/airflow/example_dags/example_latest_only.py
[2023-04-28T18:16:31.171-0300] {processor.py:753} INFO - DAG(s) dict_keys(['latest_only']) retrieved from /home/lcscarv/projetos/indicium/desafio_5/.venv/lib/python3.8/site-packages/airflow/example_dags/example_latest_only.py
[2023-04-28T18:16:31.187-0300] {logging_mixin.py:137} INFO - [2023-04-28T18:16:31.187-0300] {dag.py:2705} INFO - Sync 1 DAGs
[2023-04-28T18:16:31.259-0300] {logging_mixin.py:137} INFO - [2023-04-28T18:16:31.259-0300] {dag.py:3452} INFO - Setting next_dagrun for latest_only to 2023-04-28T17:16:31.258958+00:00, run_after=2023-04-28T21:16:31.258958+00:00
[2023-04-28T18:16:31.680-0300] {processor.py:175} INFO - Processing /home/lcscarv/projetos/indicium/desafio_5/.venv/lib/python3.8/site-packages/airflow/example_dags/example_latest_only.py took 0.629 seconds
[2023-04-28T18:17:31.052-0300] {processor.py:153} INFO - Started process (PID=6158) to work on /home/lcscarv/projetos/indicium/desafio_5/.venv/lib/python3.8/site-packages/airflow/example_dags/example_latest_only.py
[2023-04-28T18:17:31.128-0300] {processor.py:743} INFO - Processing file /home/lcscarv/projetos/indicium/desafio_5/.venv/lib/python3.8/site-packages/airflow/example_dags/example_latest_only.py for tasks to queue
[2023-04-28T18:17:31.129-0300] {logging_mixin.py:137} INFO - [2023-04-28T18:17:31.129-0300] {dagbag.py:532} INFO - Filling up the DagBag from /home/lcscarv/projetos/indicium/desafio_5/.venv/lib/python3.8/site-packages/airflow/example_dags/example_latest_only.py
[2023-04-28T18:17:31.141-0300] {processor.py:753} INFO - DAG(s) dict_keys(['latest_only']) retrieved from /home/lcscarv/projetos/indicium/desafio_5/.venv/lib/python3.8/site-packages/airflow/example_dags/example_latest_only.py
[2023-04-28T18:17:31.229-0300] {logging_mixin.py:137} INFO - [2023-04-28T18:17:31.229-0300] {dag.py:2705} INFO - Sync 1 DAGs
[2023-04-28T18:17:31.241-0300] {logging_mixin.py:137} INFO - [2023-04-28T18:17:31.241-0300] {dag.py:3452} INFO - Setting next_dagrun for latest_only to 2023-04-28T17:17:31.240899+00:00, run_after=2023-04-28T21:17:31.240899+00:00
[2023-04-28T18:17:31.394-0300] {processor.py:175} INFO - Processing /home/lcscarv/projetos/indicium/desafio_5/.venv/lib/python3.8/site-packages/airflow/example_dags/example_latest_only.py took 0.344 seconds
[2023-04-28T18:18:21.713-0300] {processor.py:153} INFO - Started process (PID=6204) to work on /home/lcscarv/projetos/indicium/desafio_5/.venv/lib/python3.8/site-packages/airflow/example_dags/example_latest_only.py
[2023-04-28T18:18:21.714-0300] {processor.py:743} INFO - Processing file /home/lcscarv/projetos/indicium/desafio_5/.venv/lib/python3.8/site-packages/airflow/example_dags/example_latest_only.py for tasks to queue
[2023-04-28T18:18:21.714-0300] {logging_mixin.py:137} INFO - [2023-04-28T18:18:21.714-0300] {dagbag.py:532} INFO - Filling up the DagBag from /home/lcscarv/projetos/indicium/desafio_5/.venv/lib/python3.8/site-packages/airflow/example_dags/example_latest_only.py
[2023-04-28T18:18:21.723-0300] {processor.py:753} INFO - DAG(s) dict_keys(['latest_only']) retrieved from /home/lcscarv/projetos/indicium/desafio_5/.venv/lib/python3.8/site-packages/airflow/example_dags/example_latest_only.py
[2023-04-28T18:18:21.735-0300] {logging_mixin.py:137} INFO - [2023-04-28T18:18:21.735-0300] {dag.py:2705} INFO - Sync 1 DAGs
[2023-04-28T18:18:21.748-0300] {logging_mixin.py:137} INFO - [2023-04-28T18:18:21.748-0300] {dag.py:3452} INFO - Setting next_dagrun for latest_only to 2023-04-28T17:18:21.748181+00:00, run_after=2023-04-28T21:18:21.748181+00:00
[2023-04-28T18:18:21.767-0300] {processor.py:175} INFO - Processing /home/lcscarv/projetos/indicium/desafio_5/.venv/lib/python3.8/site-packages/airflow/example_dags/example_latest_only.py took 0.056 seconds
[2023-04-28T18:19:04.672-0300] {processor.py:153} INFO - Started process (PID=6245) to work on /home/lcscarv/projetos/indicium/desafio_5/.venv/lib/python3.8/site-packages/airflow/example_dags/example_latest_only.py
[2023-04-28T18:19:04.674-0300] {processor.py:743} INFO - Processing file /home/lcscarv/projetos/indicium/desafio_5/.venv/lib/python3.8/site-packages/airflow/example_dags/example_latest_only.py for tasks to queue
[2023-04-28T18:19:04.676-0300] {logging_mixin.py:137} INFO - [2023-04-28T18:19:04.675-0300] {dagbag.py:532} INFO - Filling up the DagBag from /home/lcscarv/projetos/indicium/desafio_5/.venv/lib/python3.8/site-packages/airflow/example_dags/example_latest_only.py
[2023-04-28T18:19:04.720-0300] {processor.py:753} INFO - DAG(s) dict_keys(['latest_only']) retrieved from /home/lcscarv/projetos/indicium/desafio_5/.venv/lib/python3.8/site-packages/airflow/example_dags/example_latest_only.py
[2023-04-28T18:19:04.767-0300] {logging_mixin.py:137} INFO - [2023-04-28T18:19:04.766-0300] {dag.py:2705} INFO - Sync 1 DAGs
[2023-04-28T18:19:04.812-0300] {logging_mixin.py:137} INFO - [2023-04-28T18:19:04.812-0300] {dag.py:3452} INFO - Setting next_dagrun for latest_only to 2023-04-28T17:19:04.811921+00:00, run_after=2023-04-28T21:19:04.811921+00:00
[2023-04-28T18:19:04.852-0300] {processor.py:175} INFO - Processing /home/lcscarv/projetos/indicium/desafio_5/.venv/lib/python3.8/site-packages/airflow/example_dags/example_latest_only.py took 0.188 seconds
[2023-04-28T18:19:52.433-0300] {processor.py:153} INFO - Started process (PID=6289) to work on /home/lcscarv/projetos/indicium/desafio_5/.venv/lib/python3.8/site-packages/airflow/example_dags/example_latest_only.py
[2023-04-28T18:19:52.434-0300] {processor.py:743} INFO - Processing file /home/lcscarv/projetos/indicium/desafio_5/.venv/lib/python3.8/site-packages/airflow/example_dags/example_latest_only.py for tasks to queue
[2023-04-28T18:19:52.435-0300] {logging_mixin.py:137} INFO - [2023-04-28T18:19:52.434-0300] {dagbag.py:532} INFO - Filling up the DagBag from /home/lcscarv/projetos/indicium/desafio_5/.venv/lib/python3.8/site-packages/airflow/example_dags/example_latest_only.py
[2023-04-28T18:19:52.444-0300] {processor.py:753} INFO - DAG(s) dict_keys(['latest_only']) retrieved from /home/lcscarv/projetos/indicium/desafio_5/.venv/lib/python3.8/site-packages/airflow/example_dags/example_latest_only.py
[2023-04-28T18:19:52.456-0300] {logging_mixin.py:137} INFO - [2023-04-28T18:19:52.456-0300] {dag.py:2705} INFO - Sync 1 DAGs
[2023-04-28T18:19:52.470-0300] {logging_mixin.py:137} INFO - [2023-04-28T18:19:52.470-0300] {dag.py:3452} INFO - Setting next_dagrun for latest_only to 2023-04-28T17:19:52.470174+00:00, run_after=2023-04-28T21:19:52.470174+00:00
[2023-04-28T18:19:52.546-0300] {processor.py:175} INFO - Processing /home/lcscarv/projetos/indicium/desafio_5/.venv/lib/python3.8/site-packages/airflow/example_dags/example_latest_only.py took 0.115 seconds
[2023-04-28T18:20:42.683-0300] {processor.py:153} INFO - Started process (PID=6387) to work on /home/lcscarv/projetos/indicium/desafio_5/.venv/lib/python3.8/site-packages/airflow/example_dags/example_latest_only.py
[2023-04-28T18:20:42.685-0300] {processor.py:743} INFO - Processing file /home/lcscarv/projetos/indicium/desafio_5/.venv/lib/python3.8/site-packages/airflow/example_dags/example_latest_only.py for tasks to queue
[2023-04-28T18:20:42.685-0300] {logging_mixin.py:137} INFO - [2023-04-28T18:20:42.685-0300] {dagbag.py:532} INFO - Filling up the DagBag from /home/lcscarv/projetos/indicium/desafio_5/.venv/lib/python3.8/site-packages/airflow/example_dags/example_latest_only.py
[2023-04-28T18:20:42.695-0300] {processor.py:753} INFO - DAG(s) dict_keys(['latest_only']) retrieved from /home/lcscarv/projetos/indicium/desafio_5/.venv/lib/python3.8/site-packages/airflow/example_dags/example_latest_only.py
[2023-04-28T18:20:42.714-0300] {logging_mixin.py:137} INFO - [2023-04-28T18:20:42.714-0300] {dag.py:2705} INFO - Sync 1 DAGs
[2023-04-28T18:20:42.808-0300] {logging_mixin.py:137} INFO - [2023-04-28T18:20:42.808-0300] {dag.py:3452} INFO - Setting next_dagrun for latest_only to 2023-04-28T17:20:42.808059+00:00, run_after=2023-04-28T21:20:42.808059+00:00
[2023-04-28T18:20:42.831-0300] {processor.py:175} INFO - Processing /home/lcscarv/projetos/indicium/desafio_5/.venv/lib/python3.8/site-packages/airflow/example_dags/example_latest_only.py took 0.149 seconds
[2023-04-28T18:21:30.916-0300] {processor.py:153} INFO - Started process (PID=6431) to work on /home/lcscarv/projetos/indicium/desafio_5/.venv/lib/python3.8/site-packages/airflow/example_dags/example_latest_only.py
[2023-04-28T18:21:30.917-0300] {processor.py:743} INFO - Processing file /home/lcscarv/projetos/indicium/desafio_5/.venv/lib/python3.8/site-packages/airflow/example_dags/example_latest_only.py for tasks to queue
[2023-04-28T18:21:30.917-0300] {logging_mixin.py:137} INFO - [2023-04-28T18:21:30.917-0300] {dagbag.py:532} INFO - Filling up the DagBag from /home/lcscarv/projetos/indicium/desafio_5/.venv/lib/python3.8/site-packages/airflow/example_dags/example_latest_only.py
[2023-04-28T18:21:30.928-0300] {processor.py:753} INFO - DAG(s) dict_keys(['latest_only']) retrieved from /home/lcscarv/projetos/indicium/desafio_5/.venv/lib/python3.8/site-packages/airflow/example_dags/example_latest_only.py
[2023-04-28T18:21:31.020-0300] {logging_mixin.py:137} INFO - [2023-04-28T18:21:31.019-0300] {dag.py:2705} INFO - Sync 1 DAGs
[2023-04-28T18:21:31.031-0300] {logging_mixin.py:137} INFO - [2023-04-28T18:21:31.031-0300] {dag.py:3452} INFO - Setting next_dagrun for latest_only to 2023-04-28T17:21:31.031387+00:00, run_after=2023-04-28T21:21:31.031387+00:00
[2023-04-28T18:21:31.145-0300] {processor.py:175} INFO - Processing /home/lcscarv/projetos/indicium/desafio_5/.venv/lib/python3.8/site-packages/airflow/example_dags/example_latest_only.py took 0.231 seconds
