[2023-04-28T18:00:21.197-0300] {processor.py:153} INFO - Started process (PID=4536) to work on /home/lcscarv/projetos/indicium/desafio_5/.venv/lib/python3.8/site-packages/airflow/example_dags/example_xcomargs.py
[2023-04-28T18:00:21.198-0300] {processor.py:743} INFO - Processing file /home/lcscarv/projetos/indicium/desafio_5/.venv/lib/python3.8/site-packages/airflow/example_dags/example_xcomargs.py for tasks to queue
[2023-04-28T18:00:21.198-0300] {logging_mixin.py:137} INFO - [2023-04-28T18:00:21.198-0300] {dagbag.py:532} INFO - Filling up the DagBag from /home/lcscarv/projetos/indicium/desafio_5/.venv/lib/python3.8/site-packages/airflow/example_dags/example_xcomargs.py
[2023-04-28T18:00:21.215-0300] {processor.py:753} INFO - DAG(s) dict_keys(['example_xcom_args_with_operators', 'example_xcom_args']) retrieved from /home/lcscarv/projetos/indicium/desafio_5/.venv/lib/python3.8/site-packages/airflow/example_dags/example_xcomargs.py
[2023-04-28T18:00:21.231-0300] {logging_mixin.py:137} INFO - [2023-04-28T18:00:21.231-0300] {dag.py:2705} INFO - Sync 2 DAGs
[2023-04-28T18:00:21.246-0300] {logging_mixin.py:137} INFO - [2023-04-28T18:00:21.245-0300] {dag.py:3452} INFO - Setting next_dagrun for example_xcom_args to None, run_after=None
[2023-04-28T18:00:21.247-0300] {logging_mixin.py:137} INFO - [2023-04-28T18:00:21.247-0300] {dag.py:3452} INFO - Setting next_dagrun for example_xcom_args_with_operators to None, run_after=None
[2023-04-28T18:00:21.268-0300] {processor.py:175} INFO - Processing /home/lcscarv/projetos/indicium/desafio_5/.venv/lib/python3.8/site-packages/airflow/example_dags/example_xcomargs.py took 0.073 seconds
[2023-04-28T18:01:04.569-0300] {processor.py:153} INFO - Started process (PID=4631) to work on /home/lcscarv/projetos/indicium/desafio_5/.venv/lib/python3.8/site-packages/airflow/example_dags/example_xcomargs.py
[2023-04-28T18:01:04.570-0300] {processor.py:743} INFO - Processing file /home/lcscarv/projetos/indicium/desafio_5/.venv/lib/python3.8/site-packages/airflow/example_dags/example_xcomargs.py for tasks to queue
[2023-04-28T18:01:04.570-0300] {logging_mixin.py:137} INFO - [2023-04-28T18:01:04.570-0300] {dagbag.py:532} INFO - Filling up the DagBag from /home/lcscarv/projetos/indicium/desafio_5/.venv/lib/python3.8/site-packages/airflow/example_dags/example_xcomargs.py
[2023-04-28T18:01:04.588-0300] {processor.py:753} INFO - DAG(s) dict_keys(['example_xcom_args_with_operators', 'example_xcom_args']) retrieved from /home/lcscarv/projetos/indicium/desafio_5/.venv/lib/python3.8/site-packages/airflow/example_dags/example_xcomargs.py
[2023-04-28T18:01:04.604-0300] {logging_mixin.py:137} INFO - [2023-04-28T18:01:04.604-0300] {dag.py:2705} INFO - Sync 2 DAGs
[2023-04-28T18:01:04.616-0300] {logging_mixin.py:137} INFO - [2023-04-28T18:01:04.616-0300] {dag.py:3452} INFO - Setting next_dagrun for example_xcom_args to None, run_after=None
[2023-04-28T18:01:04.618-0300] {logging_mixin.py:137} INFO - [2023-04-28T18:01:04.617-0300] {dag.py:3452} INFO - Setting next_dagrun for example_xcom_args_with_operators to None, run_after=None
[2023-04-28T18:01:04.634-0300] {processor.py:175} INFO - Processing /home/lcscarv/projetos/indicium/desafio_5/.venv/lib/python3.8/site-packages/airflow/example_dags/example_xcomargs.py took 0.067 seconds
[2023-04-28T18:01:48.831-0300] {processor.py:153} INFO - Started process (PID=4673) to work on /home/lcscarv/projetos/indicium/desafio_5/.venv/lib/python3.8/site-packages/airflow/example_dags/example_xcomargs.py
[2023-04-28T18:01:48.833-0300] {processor.py:743} INFO - Processing file /home/lcscarv/projetos/indicium/desafio_5/.venv/lib/python3.8/site-packages/airflow/example_dags/example_xcomargs.py for tasks to queue
[2023-04-28T18:01:48.834-0300] {logging_mixin.py:137} INFO - [2023-04-28T18:01:48.834-0300] {dagbag.py:532} INFO - Filling up the DagBag from /home/lcscarv/projetos/indicium/desafio_5/.venv/lib/python3.8/site-packages/airflow/example_dags/example_xcomargs.py
[2023-04-28T18:01:48.876-0300] {processor.py:753} INFO - DAG(s) dict_keys(['example_xcom_args_with_operators', 'example_xcom_args']) retrieved from /home/lcscarv/projetos/indicium/desafio_5/.venv/lib/python3.8/site-packages/airflow/example_dags/example_xcomargs.py
[2023-04-28T18:01:48.934-0300] {logging_mixin.py:137} INFO - [2023-04-28T18:01:48.933-0300] {dag.py:2705} INFO - Sync 2 DAGs
[2023-04-28T18:01:48.986-0300] {logging_mixin.py:137} INFO - [2023-04-28T18:01:48.986-0300] {dag.py:3452} INFO - Setting next_dagrun for example_xcom_args to None, run_after=None
[2023-04-28T18:01:48.994-0300] {logging_mixin.py:137} INFO - [2023-04-28T18:01:48.992-0300] {dag.py:3452} INFO - Setting next_dagrun for example_xcom_args_with_operators to None, run_after=None
[2023-04-28T18:01:49.024-0300] {processor.py:175} INFO - Processing /home/lcscarv/projetos/indicium/desafio_5/.venv/lib/python3.8/site-packages/airflow/example_dags/example_xcomargs.py took 0.210 seconds
[2023-04-28T18:02:42.550-0300] {processor.py:153} INFO - Started process (PID=4764) to work on /home/lcscarv/projetos/indicium/desafio_5/.venv/lib/python3.8/site-packages/airflow/example_dags/example_xcomargs.py
[2023-04-28T18:02:42.554-0300] {processor.py:743} INFO - Processing file /home/lcscarv/projetos/indicium/desafio_5/.venv/lib/python3.8/site-packages/airflow/example_dags/example_xcomargs.py for tasks to queue
[2023-04-28T18:02:42.555-0300] {logging_mixin.py:137} INFO - [2023-04-28T18:02:42.554-0300] {dagbag.py:532} INFO - Filling up the DagBag from /home/lcscarv/projetos/indicium/desafio_5/.venv/lib/python3.8/site-packages/airflow/example_dags/example_xcomargs.py
[2023-04-28T18:02:42.573-0300] {processor.py:753} INFO - DAG(s) dict_keys(['example_xcom_args', 'example_xcom_args_with_operators']) retrieved from /home/lcscarv/projetos/indicium/desafio_5/.venv/lib/python3.8/site-packages/airflow/example_dags/example_xcomargs.py
[2023-04-28T18:02:42.591-0300] {logging_mixin.py:137} INFO - [2023-04-28T18:02:42.591-0300] {dag.py:2705} INFO - Sync 2 DAGs
[2023-04-28T18:02:42.607-0300] {logging_mixin.py:137} INFO - [2023-04-28T18:02:42.607-0300] {dag.py:3452} INFO - Setting next_dagrun for example_xcom_args to None, run_after=None
[2023-04-28T18:02:42.609-0300] {logging_mixin.py:137} INFO - [2023-04-28T18:02:42.608-0300] {dag.py:3452} INFO - Setting next_dagrun for example_xcom_args_with_operators to None, run_after=None
[2023-04-28T18:02:42.639-0300] {processor.py:175} INFO - Processing /home/lcscarv/projetos/indicium/desafio_5/.venv/lib/python3.8/site-packages/airflow/example_dags/example_xcomargs.py took 0.091 seconds
[2023-04-28T18:03:27.328-0300] {processor.py:153} INFO - Started process (PID=4852) to work on /home/lcscarv/projetos/indicium/desafio_5/.venv/lib/python3.8/site-packages/airflow/example_dags/example_xcomargs.py
[2023-04-28T18:03:27.331-0300] {processor.py:743} INFO - Processing file /home/lcscarv/projetos/indicium/desafio_5/.venv/lib/python3.8/site-packages/airflow/example_dags/example_xcomargs.py for tasks to queue
[2023-04-28T18:03:27.332-0300] {logging_mixin.py:137} INFO - [2023-04-28T18:03:27.332-0300] {dagbag.py:532} INFO - Filling up the DagBag from /home/lcscarv/projetos/indicium/desafio_5/.venv/lib/python3.8/site-packages/airflow/example_dags/example_xcomargs.py
[2023-04-28T18:03:27.346-0300] {processor.py:753} INFO - DAG(s) dict_keys(['example_xcom_args_with_operators', 'example_xcom_args']) retrieved from /home/lcscarv/projetos/indicium/desafio_5/.venv/lib/python3.8/site-packages/airflow/example_dags/example_xcomargs.py
[2023-04-28T18:03:27.360-0300] {logging_mixin.py:137} INFO - [2023-04-28T18:03:27.360-0300] {dag.py:2705} INFO - Sync 2 DAGs
[2023-04-28T18:03:27.372-0300] {logging_mixin.py:137} INFO - [2023-04-28T18:03:27.371-0300] {dag.py:3452} INFO - Setting next_dagrun for example_xcom_args to None, run_after=None
[2023-04-28T18:03:27.373-0300] {logging_mixin.py:137} INFO - [2023-04-28T18:03:27.373-0300] {dag.py:3452} INFO - Setting next_dagrun for example_xcom_args_with_operators to None, run_after=None
[2023-04-28T18:03:27.389-0300] {processor.py:175} INFO - Processing /home/lcscarv/projetos/indicium/desafio_5/.venv/lib/python3.8/site-packages/airflow/example_dags/example_xcomargs.py took 0.064 seconds
[2023-04-28T18:04:09.004-0300] {processor.py:153} INFO - Started process (PID=4894) to work on /home/lcscarv/projetos/indicium/desafio_5/.venv/lib/python3.8/site-packages/airflow/example_dags/example_xcomargs.py
[2023-04-28T18:04:09.005-0300] {processor.py:743} INFO - Processing file /home/lcscarv/projetos/indicium/desafio_5/.venv/lib/python3.8/site-packages/airflow/example_dags/example_xcomargs.py for tasks to queue
[2023-04-28T18:04:09.006-0300] {logging_mixin.py:137} INFO - [2023-04-28T18:04:09.006-0300] {dagbag.py:532} INFO - Filling up the DagBag from /home/lcscarv/projetos/indicium/desafio_5/.venv/lib/python3.8/site-packages/airflow/example_dags/example_xcomargs.py
[2023-04-28T18:04:09.022-0300] {processor.py:753} INFO - DAG(s) dict_keys(['example_xcom_args_with_operators', 'example_xcom_args']) retrieved from /home/lcscarv/projetos/indicium/desafio_5/.venv/lib/python3.8/site-packages/airflow/example_dags/example_xcomargs.py
[2023-04-28T18:04:09.036-0300] {logging_mixin.py:137} INFO - [2023-04-28T18:04:09.036-0300] {dag.py:2705} INFO - Sync 2 DAGs
[2023-04-28T18:04:09.050-0300] {logging_mixin.py:137} INFO - [2023-04-28T18:04:09.050-0300] {dag.py:3452} INFO - Setting next_dagrun for example_xcom_args to None, run_after=None
[2023-04-28T18:04:09.052-0300] {logging_mixin.py:137} INFO - [2023-04-28T18:04:09.052-0300] {dag.py:3452} INFO - Setting next_dagrun for example_xcom_args_with_operators to None, run_after=None
[2023-04-28T18:04:09.068-0300] {processor.py:175} INFO - Processing /home/lcscarv/projetos/indicium/desafio_5/.venv/lib/python3.8/site-packages/airflow/example_dags/example_xcomargs.py took 0.067 seconds
[2023-04-28T18:04:46.637-0300] {processor.py:153} INFO - Started process (PID=4982) to work on /home/lcscarv/projetos/indicium/desafio_5/.venv/lib/python3.8/site-packages/airflow/example_dags/example_xcomargs.py
[2023-04-28T18:04:46.638-0300] {processor.py:743} INFO - Processing file /home/lcscarv/projetos/indicium/desafio_5/.venv/lib/python3.8/site-packages/airflow/example_dags/example_xcomargs.py for tasks to queue
[2023-04-28T18:04:46.638-0300] {logging_mixin.py:137} INFO - [2023-04-28T18:04:46.638-0300] {dagbag.py:532} INFO - Filling up the DagBag from /home/lcscarv/projetos/indicium/desafio_5/.venv/lib/python3.8/site-packages/airflow/example_dags/example_xcomargs.py
[2023-04-28T18:04:46.654-0300] {processor.py:753} INFO - DAG(s) dict_keys(['example_xcom_args_with_operators', 'example_xcom_args']) retrieved from /home/lcscarv/projetos/indicium/desafio_5/.venv/lib/python3.8/site-packages/airflow/example_dags/example_xcomargs.py
[2023-04-28T18:04:46.670-0300] {logging_mixin.py:137} INFO - [2023-04-28T18:04:46.670-0300] {dag.py:2705} INFO - Sync 2 DAGs
[2023-04-28T18:04:46.684-0300] {logging_mixin.py:137} INFO - [2023-04-28T18:04:46.684-0300] {dag.py:3452} INFO - Setting next_dagrun for example_xcom_args to None, run_after=None
[2023-04-28T18:04:46.685-0300] {logging_mixin.py:137} INFO - [2023-04-28T18:04:46.685-0300] {dag.py:3452} INFO - Setting next_dagrun for example_xcom_args_with_operators to None, run_after=None
[2023-04-28T18:04:46.703-0300] {processor.py:175} INFO - Processing /home/lcscarv/projetos/indicium/desafio_5/.venv/lib/python3.8/site-packages/airflow/example_dags/example_xcomargs.py took 0.068 seconds
[2023-04-28T18:05:27.808-0300] {processor.py:153} INFO - Started process (PID=5076) to work on /home/lcscarv/projetos/indicium/desafio_5/.venv/lib/python3.8/site-packages/airflow/example_dags/example_xcomargs.py
[2023-04-28T18:05:27.809-0300] {processor.py:743} INFO - Processing file /home/lcscarv/projetos/indicium/desafio_5/.venv/lib/python3.8/site-packages/airflow/example_dags/example_xcomargs.py for tasks to queue
[2023-04-28T18:05:27.810-0300] {logging_mixin.py:137} INFO - [2023-04-28T18:05:27.809-0300] {dagbag.py:532} INFO - Filling up the DagBag from /home/lcscarv/projetos/indicium/desafio_5/.venv/lib/python3.8/site-packages/airflow/example_dags/example_xcomargs.py
[2023-04-28T18:05:27.825-0300] {processor.py:753} INFO - DAG(s) dict_keys(['example_xcom_args', 'example_xcom_args_with_operators']) retrieved from /home/lcscarv/projetos/indicium/desafio_5/.venv/lib/python3.8/site-packages/airflow/example_dags/example_xcomargs.py
[2023-04-28T18:05:27.840-0300] {logging_mixin.py:137} INFO - [2023-04-28T18:05:27.839-0300] {dag.py:2705} INFO - Sync 2 DAGs
[2023-04-28T18:05:27.851-0300] {logging_mixin.py:137} INFO - [2023-04-28T18:05:27.851-0300] {dag.py:3452} INFO - Setting next_dagrun for example_xcom_args to None, run_after=None
[2023-04-28T18:05:27.853-0300] {logging_mixin.py:137} INFO - [2023-04-28T18:05:27.853-0300] {dag.py:3452} INFO - Setting next_dagrun for example_xcom_args_with_operators to None, run_after=None
[2023-04-28T18:05:27.869-0300] {processor.py:175} INFO - Processing /home/lcscarv/projetos/indicium/desafio_5/.venv/lib/python3.8/site-packages/airflow/example_dags/example_xcomargs.py took 0.063 seconds
[2023-04-28T18:06:01.183-0300] {processor.py:153} INFO - Started process (PID=5111) to work on /home/lcscarv/projetos/indicium/desafio_5/.venv/lib/python3.8/site-packages/airflow/example_dags/example_xcomargs.py
[2023-04-28T18:06:01.185-0300] {processor.py:743} INFO - Processing file /home/lcscarv/projetos/indicium/desafio_5/.venv/lib/python3.8/site-packages/airflow/example_dags/example_xcomargs.py for tasks to queue
[2023-04-28T18:06:01.185-0300] {logging_mixin.py:137} INFO - [2023-04-28T18:06:01.185-0300] {dagbag.py:532} INFO - Filling up the DagBag from /home/lcscarv/projetos/indicium/desafio_5/.venv/lib/python3.8/site-packages/airflow/example_dags/example_xcomargs.py
[2023-04-28T18:06:01.199-0300] {processor.py:753} INFO - DAG(s) dict_keys(['example_xcom_args', 'example_xcom_args_with_operators']) retrieved from /home/lcscarv/projetos/indicium/desafio_5/.venv/lib/python3.8/site-packages/airflow/example_dags/example_xcomargs.py
[2023-04-28T18:06:01.214-0300] {logging_mixin.py:137} INFO - [2023-04-28T18:06:01.213-0300] {dag.py:2705} INFO - Sync 2 DAGs
[2023-04-28T18:06:01.227-0300] {logging_mixin.py:137} INFO - [2023-04-28T18:06:01.227-0300] {dag.py:3452} INFO - Setting next_dagrun for example_xcom_args to None, run_after=None
[2023-04-28T18:06:01.230-0300] {logging_mixin.py:137} INFO - [2023-04-28T18:06:01.230-0300] {dag.py:3452} INFO - Setting next_dagrun for example_xcom_args_with_operators to None, run_after=None
[2023-04-28T18:06:01.246-0300] {processor.py:175} INFO - Processing /home/lcscarv/projetos/indicium/desafio_5/.venv/lib/python3.8/site-packages/airflow/example_dags/example_xcomargs.py took 0.064 seconds
[2023-04-28T18:06:35.870-0300] {processor.py:153} INFO - Started process (PID=5146) to work on /home/lcscarv/projetos/indicium/desafio_5/.venv/lib/python3.8/site-packages/airflow/example_dags/example_xcomargs.py
[2023-04-28T18:06:35.871-0300] {processor.py:743} INFO - Processing file /home/lcscarv/projetos/indicium/desafio_5/.venv/lib/python3.8/site-packages/airflow/example_dags/example_xcomargs.py for tasks to queue
[2023-04-28T18:06:35.872-0300] {logging_mixin.py:137} INFO - [2023-04-28T18:06:35.872-0300] {dagbag.py:532} INFO - Filling up the DagBag from /home/lcscarv/projetos/indicium/desafio_5/.venv/lib/python3.8/site-packages/airflow/example_dags/example_xcomargs.py
[2023-04-28T18:06:35.887-0300] {processor.py:753} INFO - DAG(s) dict_keys(['example_xcom_args', 'example_xcom_args_with_operators']) retrieved from /home/lcscarv/projetos/indicium/desafio_5/.venv/lib/python3.8/site-packages/airflow/example_dags/example_xcomargs.py
[2023-04-28T18:06:35.904-0300] {logging_mixin.py:137} INFO - [2023-04-28T18:06:35.904-0300] {dag.py:2705} INFO - Sync 2 DAGs
[2023-04-28T18:06:35.925-0300] {logging_mixin.py:137} INFO - [2023-04-28T18:06:35.925-0300] {dag.py:3452} INFO - Setting next_dagrun for example_xcom_args to None, run_after=None
[2023-04-28T18:06:35.927-0300] {logging_mixin.py:137} INFO - [2023-04-28T18:06:35.927-0300] {dag.py:3452} INFO - Setting next_dagrun for example_xcom_args_with_operators to None, run_after=None
[2023-04-28T18:06:35.964-0300] {processor.py:175} INFO - Processing /home/lcscarv/projetos/indicium/desafio_5/.venv/lib/python3.8/site-packages/airflow/example_dags/example_xcomargs.py took 0.095 seconds
[2023-04-28T18:07:15.804-0300] {processor.py:153} INFO - Started process (PID=5176) to work on /home/lcscarv/projetos/indicium/desafio_5/.venv/lib/python3.8/site-packages/airflow/example_dags/example_xcomargs.py
[2023-04-28T18:07:15.806-0300] {processor.py:743} INFO - Processing file /home/lcscarv/projetos/indicium/desafio_5/.venv/lib/python3.8/site-packages/airflow/example_dags/example_xcomargs.py for tasks to queue
[2023-04-28T18:07:15.806-0300] {logging_mixin.py:137} INFO - [2023-04-28T18:07:15.806-0300] {dagbag.py:532} INFO - Filling up the DagBag from /home/lcscarv/projetos/indicium/desafio_5/.venv/lib/python3.8/site-packages/airflow/example_dags/example_xcomargs.py
[2023-04-28T18:07:15.826-0300] {processor.py:753} INFO - DAG(s) dict_keys(['example_xcom_args_with_operators', 'example_xcom_args']) retrieved from /home/lcscarv/projetos/indicium/desafio_5/.venv/lib/python3.8/site-packages/airflow/example_dags/example_xcomargs.py
[2023-04-28T18:07:15.844-0300] {logging_mixin.py:137} INFO - [2023-04-28T18:07:15.843-0300] {dag.py:2705} INFO - Sync 2 DAGs
[2023-04-28T18:07:15.859-0300] {logging_mixin.py:137} INFO - [2023-04-28T18:07:15.859-0300] {dag.py:3452} INFO - Setting next_dagrun for example_xcom_args to None, run_after=None
[2023-04-28T18:07:15.861-0300] {logging_mixin.py:137} INFO - [2023-04-28T18:07:15.861-0300] {dag.py:3452} INFO - Setting next_dagrun for example_xcom_args_with_operators to None, run_after=None
[2023-04-28T18:07:15.880-0300] {processor.py:175} INFO - Processing /home/lcscarv/projetos/indicium/desafio_5/.venv/lib/python3.8/site-packages/airflow/example_dags/example_xcomargs.py took 0.080 seconds
[2023-04-28T18:08:08.969-0300] {processor.py:153} INFO - Started process (PID=5370) to work on /home/lcscarv/projetos/indicium/desafio_5/.venv/lib/python3.8/site-packages/airflow/example_dags/example_xcomargs.py
[2023-04-28T18:08:08.970-0300] {processor.py:743} INFO - Processing file /home/lcscarv/projetos/indicium/desafio_5/.venv/lib/python3.8/site-packages/airflow/example_dags/example_xcomargs.py for tasks to queue
[2023-04-28T18:08:08.970-0300] {logging_mixin.py:137} INFO - [2023-04-28T18:08:08.970-0300] {dagbag.py:532} INFO - Filling up the DagBag from /home/lcscarv/projetos/indicium/desafio_5/.venv/lib/python3.8/site-packages/airflow/example_dags/example_xcomargs.py
[2023-04-28T18:08:08.987-0300] {processor.py:753} INFO - DAG(s) dict_keys(['example_xcom_args', 'example_xcom_args_with_operators']) retrieved from /home/lcscarv/projetos/indicium/desafio_5/.venv/lib/python3.8/site-packages/airflow/example_dags/example_xcomargs.py
[2023-04-28T18:08:09.004-0300] {logging_mixin.py:137} INFO - [2023-04-28T18:08:09.004-0300] {dag.py:2705} INFO - Sync 2 DAGs
[2023-04-28T18:08:09.017-0300] {logging_mixin.py:137} INFO - [2023-04-28T18:08:09.017-0300] {dag.py:3452} INFO - Setting next_dagrun for example_xcom_args to None, run_after=None
[2023-04-28T18:08:09.019-0300] {logging_mixin.py:137} INFO - [2023-04-28T18:08:09.019-0300] {dag.py:3452} INFO - Setting next_dagrun for example_xcom_args_with_operators to None, run_after=None
[2023-04-28T18:08:09.042-0300] {processor.py:175} INFO - Processing /home/lcscarv/projetos/indicium/desafio_5/.venv/lib/python3.8/site-packages/airflow/example_dags/example_xcomargs.py took 0.075 seconds
[2023-04-28T18:08:49.894-0300] {processor.py:153} INFO - Started process (PID=5408) to work on /home/lcscarv/projetos/indicium/desafio_5/.venv/lib/python3.8/site-packages/airflow/example_dags/example_xcomargs.py
[2023-04-28T18:08:49.895-0300] {processor.py:743} INFO - Processing file /home/lcscarv/projetos/indicium/desafio_5/.venv/lib/python3.8/site-packages/airflow/example_dags/example_xcomargs.py for tasks to queue
[2023-04-28T18:08:49.895-0300] {logging_mixin.py:137} INFO - [2023-04-28T18:08:49.895-0300] {dagbag.py:532} INFO - Filling up the DagBag from /home/lcscarv/projetos/indicium/desafio_5/.venv/lib/python3.8/site-packages/airflow/example_dags/example_xcomargs.py
[2023-04-28T18:08:49.912-0300] {processor.py:753} INFO - DAG(s) dict_keys(['example_xcom_args', 'example_xcom_args_with_operators']) retrieved from /home/lcscarv/projetos/indicium/desafio_5/.venv/lib/python3.8/site-packages/airflow/example_dags/example_xcomargs.py
[2023-04-28T18:08:49.930-0300] {logging_mixin.py:137} INFO - [2023-04-28T18:08:49.929-0300] {dag.py:2705} INFO - Sync 2 DAGs
[2023-04-28T18:08:49.946-0300] {logging_mixin.py:137} INFO - [2023-04-28T18:08:49.946-0300] {dag.py:3452} INFO - Setting next_dagrun for example_xcom_args to None, run_after=None
[2023-04-28T18:08:49.948-0300] {logging_mixin.py:137} INFO - [2023-04-28T18:08:49.948-0300] {dag.py:3452} INFO - Setting next_dagrun for example_xcom_args_with_operators to None, run_after=None
[2023-04-28T18:08:49.973-0300] {processor.py:175} INFO - Processing /home/lcscarv/projetos/indicium/desafio_5/.venv/lib/python3.8/site-packages/airflow/example_dags/example_xcomargs.py took 0.082 seconds
[2023-04-28T18:09:37.576-0300] {processor.py:153} INFO - Started process (PID=5502) to work on /home/lcscarv/projetos/indicium/desafio_5/.venv/lib/python3.8/site-packages/airflow/example_dags/example_xcomargs.py
[2023-04-28T18:09:37.648-0300] {processor.py:743} INFO - Processing file /home/lcscarv/projetos/indicium/desafio_5/.venv/lib/python3.8/site-packages/airflow/example_dags/example_xcomargs.py for tasks to queue
[2023-04-28T18:09:37.650-0300] {logging_mixin.py:137} INFO - [2023-04-28T18:09:37.650-0300] {dagbag.py:532} INFO - Filling up the DagBag from /home/lcscarv/projetos/indicium/desafio_5/.venv/lib/python3.8/site-packages/airflow/example_dags/example_xcomargs.py
[2023-04-28T18:09:37.667-0300] {processor.py:753} INFO - DAG(s) dict_keys(['example_xcom_args_with_operators', 'example_xcom_args']) retrieved from /home/lcscarv/projetos/indicium/desafio_5/.venv/lib/python3.8/site-packages/airflow/example_dags/example_xcomargs.py
[2023-04-28T18:09:37.681-0300] {logging_mixin.py:137} INFO - [2023-04-28T18:09:37.681-0300] {dag.py:2705} INFO - Sync 2 DAGs
[2023-04-28T18:09:37.693-0300] {logging_mixin.py:137} INFO - [2023-04-28T18:09:37.692-0300] {dag.py:3452} INFO - Setting next_dagrun for example_xcom_args to None, run_after=None
[2023-04-28T18:09:37.694-0300] {logging_mixin.py:137} INFO - [2023-04-28T18:09:37.694-0300] {dag.py:3452} INFO - Setting next_dagrun for example_xcom_args_with_operators to None, run_after=None
[2023-04-28T18:09:37.820-0300] {processor.py:175} INFO - Processing /home/lcscarv/projetos/indicium/desafio_5/.venv/lib/python3.8/site-packages/airflow/example_dags/example_xcomargs.py took 0.246 seconds
[2023-04-28T18:10:29.088-0300] {processor.py:153} INFO - Started process (PID=5648) to work on /home/lcscarv/projetos/indicium/desafio_5/.venv/lib/python3.8/site-packages/airflow/example_dags/example_xcomargs.py
[2023-04-28T18:10:29.089-0300] {processor.py:743} INFO - Processing file /home/lcscarv/projetos/indicium/desafio_5/.venv/lib/python3.8/site-packages/airflow/example_dags/example_xcomargs.py for tasks to queue
[2023-04-28T18:10:29.090-0300] {logging_mixin.py:137} INFO - [2023-04-28T18:10:29.090-0300] {dagbag.py:532} INFO - Filling up the DagBag from /home/lcscarv/projetos/indicium/desafio_5/.venv/lib/python3.8/site-packages/airflow/example_dags/example_xcomargs.py
[2023-04-28T18:10:29.106-0300] {processor.py:753} INFO - DAG(s) dict_keys(['example_xcom_args_with_operators', 'example_xcom_args']) retrieved from /home/lcscarv/projetos/indicium/desafio_5/.venv/lib/python3.8/site-packages/airflow/example_dags/example_xcomargs.py
[2023-04-28T18:10:29.121-0300] {logging_mixin.py:137} INFO - [2023-04-28T18:10:29.121-0300] {dag.py:2705} INFO - Sync 2 DAGs
[2023-04-28T18:10:29.134-0300] {logging_mixin.py:137} INFO - [2023-04-28T18:10:29.134-0300] {dag.py:3452} INFO - Setting next_dagrun for example_xcom_args to None, run_after=None
[2023-04-28T18:10:29.137-0300] {logging_mixin.py:137} INFO - [2023-04-28T18:10:29.136-0300] {dag.py:3452} INFO - Setting next_dagrun for example_xcom_args_with_operators to None, run_after=None
[2023-04-28T18:10:29.154-0300] {processor.py:175} INFO - Processing /home/lcscarv/projetos/indicium/desafio_5/.venv/lib/python3.8/site-packages/airflow/example_dags/example_xcomargs.py took 0.069 seconds
[2023-04-28T18:11:19.637-0300] {processor.py:153} INFO - Started process (PID=5744) to work on /home/lcscarv/projetos/indicium/desafio_5/.venv/lib/python3.8/site-packages/airflow/example_dags/example_xcomargs.py
[2023-04-28T18:11:19.639-0300] {processor.py:743} INFO - Processing file /home/lcscarv/projetos/indicium/desafio_5/.venv/lib/python3.8/site-packages/airflow/example_dags/example_xcomargs.py for tasks to queue
[2023-04-28T18:11:19.639-0300] {logging_mixin.py:137} INFO - [2023-04-28T18:11:19.639-0300] {dagbag.py:532} INFO - Filling up the DagBag from /home/lcscarv/projetos/indicium/desafio_5/.venv/lib/python3.8/site-packages/airflow/example_dags/example_xcomargs.py
[2023-04-28T18:11:19.655-0300] {processor.py:753} INFO - DAG(s) dict_keys(['example_xcom_args_with_operators', 'example_xcom_args']) retrieved from /home/lcscarv/projetos/indicium/desafio_5/.venv/lib/python3.8/site-packages/airflow/example_dags/example_xcomargs.py
[2023-04-28T18:11:19.671-0300] {logging_mixin.py:137} INFO - [2023-04-28T18:11:19.670-0300] {dag.py:2705} INFO - Sync 2 DAGs
[2023-04-28T18:11:19.684-0300] {logging_mixin.py:137} INFO - [2023-04-28T18:11:19.684-0300] {dag.py:3452} INFO - Setting next_dagrun for example_xcom_args to None, run_after=None
[2023-04-28T18:11:19.686-0300] {logging_mixin.py:137} INFO - [2023-04-28T18:11:19.686-0300] {dag.py:3452} INFO - Setting next_dagrun for example_xcom_args_with_operators to None, run_after=None
[2023-04-28T18:11:19.707-0300] {processor.py:175} INFO - Processing /home/lcscarv/projetos/indicium/desafio_5/.venv/lib/python3.8/site-packages/airflow/example_dags/example_xcomargs.py took 0.072 seconds
[2023-04-28T18:11:55.772-0300] {processor.py:153} INFO - Started process (PID=5828) to work on /home/lcscarv/projetos/indicium/desafio_5/.venv/lib/python3.8/site-packages/airflow/example_dags/example_xcomargs.py
[2023-04-28T18:11:55.773-0300] {processor.py:743} INFO - Processing file /home/lcscarv/projetos/indicium/desafio_5/.venv/lib/python3.8/site-packages/airflow/example_dags/example_xcomargs.py for tasks to queue
[2023-04-28T18:11:55.773-0300] {logging_mixin.py:137} INFO - [2023-04-28T18:11:55.773-0300] {dagbag.py:532} INFO - Filling up the DagBag from /home/lcscarv/projetos/indicium/desafio_5/.venv/lib/python3.8/site-packages/airflow/example_dags/example_xcomargs.py
[2023-04-28T18:11:55.791-0300] {processor.py:753} INFO - DAG(s) dict_keys(['example_xcom_args_with_operators', 'example_xcom_args']) retrieved from /home/lcscarv/projetos/indicium/desafio_5/.venv/lib/python3.8/site-packages/airflow/example_dags/example_xcomargs.py
[2023-04-28T18:11:55.807-0300] {logging_mixin.py:137} INFO - [2023-04-28T18:11:55.807-0300] {dag.py:2705} INFO - Sync 2 DAGs
[2023-04-28T18:11:55.820-0300] {logging_mixin.py:137} INFO - [2023-04-28T18:11:55.820-0300] {dag.py:3452} INFO - Setting next_dagrun for example_xcom_args to None, run_after=None
[2023-04-28T18:11:55.822-0300] {logging_mixin.py:137} INFO - [2023-04-28T18:11:55.822-0300] {dag.py:3452} INFO - Setting next_dagrun for example_xcom_args_with_operators to None, run_after=None
[2023-04-28T18:11:55.842-0300] {processor.py:175} INFO - Processing /home/lcscarv/projetos/indicium/desafio_5/.venv/lib/python3.8/site-packages/airflow/example_dags/example_xcomargs.py took 0.072 seconds
[2023-04-28T18:12:33.895-0300] {processor.py:153} INFO - Started process (PID=5861) to work on /home/lcscarv/projetos/indicium/desafio_5/.venv/lib/python3.8/site-packages/airflow/example_dags/example_xcomargs.py
[2023-04-28T18:12:33.896-0300] {processor.py:743} INFO - Processing file /home/lcscarv/projetos/indicium/desafio_5/.venv/lib/python3.8/site-packages/airflow/example_dags/example_xcomargs.py for tasks to queue
[2023-04-28T18:12:33.896-0300] {logging_mixin.py:137} INFO - [2023-04-28T18:12:33.896-0300] {dagbag.py:532} INFO - Filling up the DagBag from /home/lcscarv/projetos/indicium/desafio_5/.venv/lib/python3.8/site-packages/airflow/example_dags/example_xcomargs.py
[2023-04-28T18:12:33.917-0300] {processor.py:753} INFO - DAG(s) dict_keys(['example_xcom_args', 'example_xcom_args_with_operators']) retrieved from /home/lcscarv/projetos/indicium/desafio_5/.venv/lib/python3.8/site-packages/airflow/example_dags/example_xcomargs.py
[2023-04-28T18:12:33.938-0300] {logging_mixin.py:137} INFO - [2023-04-28T18:12:33.938-0300] {dag.py:2705} INFO - Sync 2 DAGs
[2023-04-28T18:12:33.955-0300] {logging_mixin.py:137} INFO - [2023-04-28T18:12:33.955-0300] {dag.py:3452} INFO - Setting next_dagrun for example_xcom_args to None, run_after=None
[2023-04-28T18:12:33.957-0300] {logging_mixin.py:137} INFO - [2023-04-28T18:12:33.957-0300] {dag.py:3452} INFO - Setting next_dagrun for example_xcom_args_with_operators to None, run_after=None
[2023-04-28T18:12:33.978-0300] {processor.py:175} INFO - Processing /home/lcscarv/projetos/indicium/desafio_5/.venv/lib/python3.8/site-packages/airflow/example_dags/example_xcomargs.py took 0.086 seconds
[2023-04-28T18:13:29.374-0300] {processor.py:153} INFO - Started process (PID=5903) to work on /home/lcscarv/projetos/indicium/desafio_5/.venv/lib/python3.8/site-packages/airflow/example_dags/example_xcomargs.py
[2023-04-28T18:13:29.465-0300] {processor.py:743} INFO - Processing file /home/lcscarv/projetos/indicium/desafio_5/.venv/lib/python3.8/site-packages/airflow/example_dags/example_xcomargs.py for tasks to queue
[2023-04-28T18:13:29.467-0300] {logging_mixin.py:137} INFO - [2023-04-28T18:13:29.466-0300] {dagbag.py:532} INFO - Filling up the DagBag from /home/lcscarv/projetos/indicium/desafio_5/.venv/lib/python3.8/site-packages/airflow/example_dags/example_xcomargs.py
[2023-04-28T18:13:29.487-0300] {processor.py:753} INFO - DAG(s) dict_keys(['example_xcom_args', 'example_xcom_args_with_operators']) retrieved from /home/lcscarv/projetos/indicium/desafio_5/.venv/lib/python3.8/site-packages/airflow/example_dags/example_xcomargs.py
[2023-04-28T18:13:29.501-0300] {logging_mixin.py:137} INFO - [2023-04-28T18:13:29.501-0300] {dag.py:2705} INFO - Sync 2 DAGs
[2023-04-28T18:13:29.512-0300] {logging_mixin.py:137} INFO - [2023-04-28T18:13:29.512-0300] {dag.py:3452} INFO - Setting next_dagrun for example_xcom_args to None, run_after=None
[2023-04-28T18:13:29.514-0300] {logging_mixin.py:137} INFO - [2023-04-28T18:13:29.514-0300] {dag.py:3452} INFO - Setting next_dagrun for example_xcom_args_with_operators to None, run_after=None
[2023-04-28T18:13:29.743-0300] {processor.py:175} INFO - Processing /home/lcscarv/projetos/indicium/desafio_5/.venv/lib/python3.8/site-packages/airflow/example_dags/example_xcomargs.py took 0.372 seconds
[2023-04-28T18:14:26.610-0300] {processor.py:153} INFO - Started process (PID=5949) to work on /home/lcscarv/projetos/indicium/desafio_5/.venv/lib/python3.8/site-packages/airflow/example_dags/example_xcomargs.py
[2023-04-28T18:14:26.611-0300] {processor.py:743} INFO - Processing file /home/lcscarv/projetos/indicium/desafio_5/.venv/lib/python3.8/site-packages/airflow/example_dags/example_xcomargs.py for tasks to queue
[2023-04-28T18:14:26.611-0300] {logging_mixin.py:137} INFO - [2023-04-28T18:14:26.611-0300] {dagbag.py:532} INFO - Filling up the DagBag from /home/lcscarv/projetos/indicium/desafio_5/.venv/lib/python3.8/site-packages/airflow/example_dags/example_xcomargs.py
[2023-04-28T18:14:26.628-0300] {processor.py:753} INFO - DAG(s) dict_keys(['example_xcom_args_with_operators', 'example_xcom_args']) retrieved from /home/lcscarv/projetos/indicium/desafio_5/.venv/lib/python3.8/site-packages/airflow/example_dags/example_xcomargs.py
[2023-04-28T18:14:26.643-0300] {logging_mixin.py:137} INFO - [2023-04-28T18:14:26.643-0300] {dag.py:2705} INFO - Sync 2 DAGs
[2023-04-28T18:14:26.656-0300] {logging_mixin.py:137} INFO - [2023-04-28T18:14:26.656-0300] {dag.py:3452} INFO - Setting next_dagrun for example_xcom_args to None, run_after=None
[2023-04-28T18:14:26.658-0300] {logging_mixin.py:137} INFO - [2023-04-28T18:14:26.658-0300] {dag.py:3452} INFO - Setting next_dagrun for example_xcom_args_with_operators to None, run_after=None
[2023-04-28T18:14:26.678-0300] {processor.py:175} INFO - Processing /home/lcscarv/projetos/indicium/desafio_5/.venv/lib/python3.8/site-packages/airflow/example_dags/example_xcomargs.py took 0.070 seconds
[2023-04-28T18:15:11.374-0300] {processor.py:153} INFO - Started process (PID=5985) to work on /home/lcscarv/projetos/indicium/desafio_5/.venv/lib/python3.8/site-packages/airflow/example_dags/example_xcomargs.py
[2023-04-28T18:15:11.375-0300] {processor.py:743} INFO - Processing file /home/lcscarv/projetos/indicium/desafio_5/.venv/lib/python3.8/site-packages/airflow/example_dags/example_xcomargs.py for tasks to queue
[2023-04-28T18:15:11.376-0300] {logging_mixin.py:137} INFO - [2023-04-28T18:15:11.376-0300] {dagbag.py:532} INFO - Filling up the DagBag from /home/lcscarv/projetos/indicium/desafio_5/.venv/lib/python3.8/site-packages/airflow/example_dags/example_xcomargs.py
[2023-04-28T18:15:11.392-0300] {processor.py:753} INFO - DAG(s) dict_keys(['example_xcom_args', 'example_xcom_args_with_operators']) retrieved from /home/lcscarv/projetos/indicium/desafio_5/.venv/lib/python3.8/site-packages/airflow/example_dags/example_xcomargs.py
[2023-04-28T18:15:11.409-0300] {logging_mixin.py:137} INFO - [2023-04-28T18:15:11.409-0300] {dag.py:2705} INFO - Sync 2 DAGs
[2023-04-28T18:15:11.483-0300] {logging_mixin.py:137} INFO - [2023-04-28T18:15:11.483-0300] {dag.py:3452} INFO - Setting next_dagrun for example_xcom_args to None, run_after=None
[2023-04-28T18:15:11.484-0300] {logging_mixin.py:137} INFO - [2023-04-28T18:15:11.484-0300] {dag.py:3452} INFO - Setting next_dagrun for example_xcom_args_with_operators to None, run_after=None
[2023-04-28T18:15:11.565-0300] {processor.py:175} INFO - Processing /home/lcscarv/projetos/indicium/desafio_5/.venv/lib/python3.8/site-packages/airflow/example_dags/example_xcomargs.py took 0.193 seconds
[2023-04-28T18:16:01.492-0300] {processor.py:153} INFO - Started process (PID=6082) to work on /home/lcscarv/projetos/indicium/desafio_5/.venv/lib/python3.8/site-packages/airflow/example_dags/example_xcomargs.py
[2023-04-28T18:16:01.494-0300] {processor.py:743} INFO - Processing file /home/lcscarv/projetos/indicium/desafio_5/.venv/lib/python3.8/site-packages/airflow/example_dags/example_xcomargs.py for tasks to queue
[2023-04-28T18:16:01.495-0300] {logging_mixin.py:137} INFO - [2023-04-28T18:16:01.495-0300] {dagbag.py:532} INFO - Filling up the DagBag from /home/lcscarv/projetos/indicium/desafio_5/.venv/lib/python3.8/site-packages/airflow/example_dags/example_xcomargs.py
[2023-04-28T18:16:01.514-0300] {processor.py:753} INFO - DAG(s) dict_keys(['example_xcom_args_with_operators', 'example_xcom_args']) retrieved from /home/lcscarv/projetos/indicium/desafio_5/.venv/lib/python3.8/site-packages/airflow/example_dags/example_xcomargs.py
[2023-04-28T18:16:01.532-0300] {logging_mixin.py:137} INFO - [2023-04-28T18:16:01.532-0300] {dag.py:2705} INFO - Sync 2 DAGs
[2023-04-28T18:16:01.622-0300] {logging_mixin.py:137} INFO - [2023-04-28T18:16:01.622-0300] {dag.py:3452} INFO - Setting next_dagrun for example_xcom_args to None, run_after=None
[2023-04-28T18:16:01.624-0300] {logging_mixin.py:137} INFO - [2023-04-28T18:16:01.624-0300] {dag.py:3452} INFO - Setting next_dagrun for example_xcom_args_with_operators to None, run_after=None
[2023-04-28T18:16:01.641-0300] {processor.py:175} INFO - Processing /home/lcscarv/projetos/indicium/desafio_5/.venv/lib/python3.8/site-packages/airflow/example_dags/example_xcomargs.py took 0.152 seconds
[2023-04-28T18:16:39.945-0300] {processor.py:153} INFO - Started process (PID=6115) to work on /home/lcscarv/projetos/indicium/desafio_5/.venv/lib/python3.8/site-packages/airflow/example_dags/example_xcomargs.py
[2023-04-28T18:16:39.950-0300] {processor.py:743} INFO - Processing file /home/lcscarv/projetos/indicium/desafio_5/.venv/lib/python3.8/site-packages/airflow/example_dags/example_xcomargs.py for tasks to queue
[2023-04-28T18:16:39.950-0300] {logging_mixin.py:137} INFO - [2023-04-28T18:16:39.950-0300] {dagbag.py:532} INFO - Filling up the DagBag from /home/lcscarv/projetos/indicium/desafio_5/.venv/lib/python3.8/site-packages/airflow/example_dags/example_xcomargs.py
[2023-04-28T18:16:39.968-0300] {processor.py:753} INFO - DAG(s) dict_keys(['example_xcom_args', 'example_xcom_args_with_operators']) retrieved from /home/lcscarv/projetos/indicium/desafio_5/.venv/lib/python3.8/site-packages/airflow/example_dags/example_xcomargs.py
[2023-04-28T18:16:40.051-0300] {logging_mixin.py:137} INFO - [2023-04-28T18:16:40.051-0300] {dag.py:2705} INFO - Sync 2 DAGs
[2023-04-28T18:16:40.065-0300] {logging_mixin.py:137} INFO - [2023-04-28T18:16:40.064-0300] {dag.py:3452} INFO - Setting next_dagrun for example_xcom_args to None, run_after=None
[2023-04-28T18:16:40.067-0300] {logging_mixin.py:137} INFO - [2023-04-28T18:16:40.066-0300] {dag.py:3452} INFO - Setting next_dagrun for example_xcom_args_with_operators to None, run_after=None
[2023-04-28T18:16:40.082-0300] {processor.py:175} INFO - Processing /home/lcscarv/projetos/indicium/desafio_5/.venv/lib/python3.8/site-packages/airflow/example_dags/example_xcomargs.py took 0.139 seconds
[2023-04-28T18:17:19.989-0300] {processor.py:153} INFO - Started process (PID=6148) to work on /home/lcscarv/projetos/indicium/desafio_5/.venv/lib/python3.8/site-packages/airflow/example_dags/example_xcomargs.py
[2023-04-28T18:17:19.991-0300] {processor.py:743} INFO - Processing file /home/lcscarv/projetos/indicium/desafio_5/.venv/lib/python3.8/site-packages/airflow/example_dags/example_xcomargs.py for tasks to queue
[2023-04-28T18:17:19.991-0300] {logging_mixin.py:137} INFO - [2023-04-28T18:17:19.991-0300] {dagbag.py:532} INFO - Filling up the DagBag from /home/lcscarv/projetos/indicium/desafio_5/.venv/lib/python3.8/site-packages/airflow/example_dags/example_xcomargs.py
[2023-04-28T18:17:20.010-0300] {processor.py:753} INFO - DAG(s) dict_keys(['example_xcom_args_with_operators', 'example_xcom_args']) retrieved from /home/lcscarv/projetos/indicium/desafio_5/.venv/lib/python3.8/site-packages/airflow/example_dags/example_xcomargs.py
[2023-04-28T18:17:20.092-0300] {logging_mixin.py:137} INFO - [2023-04-28T18:17:20.092-0300] {dag.py:2705} INFO - Sync 2 DAGs
[2023-04-28T18:17:20.104-0300] {logging_mixin.py:137} INFO - [2023-04-28T18:17:20.104-0300] {dag.py:3452} INFO - Setting next_dagrun for example_xcom_args to None, run_after=None
[2023-04-28T18:17:20.106-0300] {logging_mixin.py:137} INFO - [2023-04-28T18:17:20.106-0300] {dag.py:3452} INFO - Setting next_dagrun for example_xcom_args_with_operators to None, run_after=None
[2023-04-28T18:17:20.121-0300] {processor.py:175} INFO - Processing /home/lcscarv/projetos/indicium/desafio_5/.venv/lib/python3.8/site-packages/airflow/example_dags/example_xcomargs.py took 0.135 seconds
[2023-04-28T18:17:57.331-0300] {processor.py:153} INFO - Started process (PID=6182) to work on /home/lcscarv/projetos/indicium/desafio_5/.venv/lib/python3.8/site-packages/airflow/example_dags/example_xcomargs.py
[2023-04-28T18:17:57.332-0300] {processor.py:743} INFO - Processing file /home/lcscarv/projetos/indicium/desafio_5/.venv/lib/python3.8/site-packages/airflow/example_dags/example_xcomargs.py for tasks to queue
[2023-04-28T18:17:57.333-0300] {logging_mixin.py:137} INFO - [2023-04-28T18:17:57.333-0300] {dagbag.py:532} INFO - Filling up the DagBag from /home/lcscarv/projetos/indicium/desafio_5/.venv/lib/python3.8/site-packages/airflow/example_dags/example_xcomargs.py
[2023-04-28T18:17:57.408-0300] {processor.py:753} INFO - DAG(s) dict_keys(['example_xcom_args', 'example_xcom_args_with_operators']) retrieved from /home/lcscarv/projetos/indicium/desafio_5/.venv/lib/python3.8/site-packages/airflow/example_dags/example_xcomargs.py
[2023-04-28T18:17:57.420-0300] {logging_mixin.py:137} INFO - [2023-04-28T18:17:57.420-0300] {dag.py:2705} INFO - Sync 2 DAGs
[2023-04-28T18:17:57.431-0300] {logging_mixin.py:137} INFO - [2023-04-28T18:17:57.431-0300] {dag.py:3452} INFO - Setting next_dagrun for example_xcom_args to None, run_after=None
[2023-04-28T18:17:57.433-0300] {logging_mixin.py:137} INFO - [2023-04-28T18:17:57.433-0300] {dag.py:3452} INFO - Setting next_dagrun for example_xcom_args_with_operators to None, run_after=None
[2023-04-28T18:17:57.453-0300] {processor.py:175} INFO - Processing /home/lcscarv/projetos/indicium/desafio_5/.venv/lib/python3.8/site-packages/airflow/example_dags/example_xcomargs.py took 0.124 seconds
[2023-04-28T18:18:40.563-0300] {processor.py:153} INFO - Started process (PID=6224) to work on /home/lcscarv/projetos/indicium/desafio_5/.venv/lib/python3.8/site-packages/airflow/example_dags/example_xcomargs.py
[2023-04-28T18:18:40.564-0300] {processor.py:743} INFO - Processing file /home/lcscarv/projetos/indicium/desafio_5/.venv/lib/python3.8/site-packages/airflow/example_dags/example_xcomargs.py for tasks to queue
[2023-04-28T18:18:40.565-0300] {logging_mixin.py:137} INFO - [2023-04-28T18:18:40.564-0300] {dagbag.py:532} INFO - Filling up the DagBag from /home/lcscarv/projetos/indicium/desafio_5/.venv/lib/python3.8/site-packages/airflow/example_dags/example_xcomargs.py
[2023-04-28T18:18:40.581-0300] {processor.py:753} INFO - DAG(s) dict_keys(['example_xcom_args_with_operators', 'example_xcom_args']) retrieved from /home/lcscarv/projetos/indicium/desafio_5/.venv/lib/python3.8/site-packages/airflow/example_dags/example_xcomargs.py
[2023-04-28T18:18:40.596-0300] {logging_mixin.py:137} INFO - [2023-04-28T18:18:40.596-0300] {dag.py:2705} INFO - Sync 2 DAGs
[2023-04-28T18:18:40.608-0300] {logging_mixin.py:137} INFO - [2023-04-28T18:18:40.608-0300] {dag.py:3452} INFO - Setting next_dagrun for example_xcom_args to None, run_after=None
[2023-04-28T18:18:40.610-0300] {logging_mixin.py:137} INFO - [2023-04-28T18:18:40.610-0300] {dag.py:3452} INFO - Setting next_dagrun for example_xcom_args_with_operators to None, run_after=None
[2023-04-28T18:18:40.785-0300] {processor.py:175} INFO - Processing /home/lcscarv/projetos/indicium/desafio_5/.venv/lib/python3.8/site-packages/airflow/example_dags/example_xcomargs.py took 0.225 seconds
[2023-04-28T18:19:24.996-0300] {processor.py:153} INFO - Started process (PID=6264) to work on /home/lcscarv/projetos/indicium/desafio_5/.venv/lib/python3.8/site-packages/airflow/example_dags/example_xcomargs.py
[2023-04-28T18:19:24.997-0300] {processor.py:743} INFO - Processing file /home/lcscarv/projetos/indicium/desafio_5/.venv/lib/python3.8/site-packages/airflow/example_dags/example_xcomargs.py for tasks to queue
[2023-04-28T18:19:24.997-0300] {logging_mixin.py:137} INFO - [2023-04-28T18:19:24.997-0300] {dagbag.py:532} INFO - Filling up the DagBag from /home/lcscarv/projetos/indicium/desafio_5/.venv/lib/python3.8/site-packages/airflow/example_dags/example_xcomargs.py
[2023-04-28T18:19:25.013-0300] {processor.py:753} INFO - DAG(s) dict_keys(['example_xcom_args_with_operators', 'example_xcom_args']) retrieved from /home/lcscarv/projetos/indicium/desafio_5/.venv/lib/python3.8/site-packages/airflow/example_dags/example_xcomargs.py
[2023-04-28T18:19:25.029-0300] {logging_mixin.py:137} INFO - [2023-04-28T18:19:25.029-0300] {dag.py:2705} INFO - Sync 2 DAGs
[2023-04-28T18:19:25.104-0300] {logging_mixin.py:137} INFO - [2023-04-28T18:19:25.104-0300] {dag.py:3452} INFO - Setting next_dagrun for example_xcom_args to None, run_after=None
[2023-04-28T18:19:25.106-0300] {logging_mixin.py:137} INFO - [2023-04-28T18:19:25.106-0300] {dag.py:3452} INFO - Setting next_dagrun for example_xcom_args_with_operators to None, run_after=None
[2023-04-28T18:19:25.121-0300] {processor.py:175} INFO - Processing /home/lcscarv/projetos/indicium/desafio_5/.venv/lib/python3.8/site-packages/airflow/example_dags/example_xcomargs.py took 0.128 seconds
[2023-04-28T18:20:14.399-0300] {processor.py:153} INFO - Started process (PID=6331) to work on /home/lcscarv/projetos/indicium/desafio_5/.venv/lib/python3.8/site-packages/airflow/example_dags/example_xcomargs.py
[2023-04-28T18:20:14.400-0300] {processor.py:743} INFO - Processing file /home/lcscarv/projetos/indicium/desafio_5/.venv/lib/python3.8/site-packages/airflow/example_dags/example_xcomargs.py for tasks to queue
[2023-04-28T18:20:14.401-0300] {logging_mixin.py:137} INFO - [2023-04-28T18:20:14.401-0300] {dagbag.py:532} INFO - Filling up the DagBag from /home/lcscarv/projetos/indicium/desafio_5/.venv/lib/python3.8/site-packages/airflow/example_dags/example_xcomargs.py
[2023-04-28T18:20:14.418-0300] {processor.py:753} INFO - DAG(s) dict_keys(['example_xcom_args', 'example_xcom_args_with_operators']) retrieved from /home/lcscarv/projetos/indicium/desafio_5/.venv/lib/python3.8/site-packages/airflow/example_dags/example_xcomargs.py
[2023-04-28T18:20:14.495-0300] {logging_mixin.py:137} INFO - [2023-04-28T18:20:14.495-0300] {dag.py:2705} INFO - Sync 2 DAGs
[2023-04-28T18:20:14.507-0300] {logging_mixin.py:137} INFO - [2023-04-28T18:20:14.507-0300] {dag.py:3452} INFO - Setting next_dagrun for example_xcom_args to None, run_after=None
[2023-04-28T18:20:14.509-0300] {logging_mixin.py:137} INFO - [2023-04-28T18:20:14.509-0300] {dag.py:3452} INFO - Setting next_dagrun for example_xcom_args_with_operators to None, run_after=None
[2023-04-28T18:20:14.526-0300] {processor.py:175} INFO - Processing /home/lcscarv/projetos/indicium/desafio_5/.venv/lib/python3.8/site-packages/airflow/example_dags/example_xcomargs.py took 0.130 seconds
[2023-04-28T18:20:48.988-0300] {processor.py:153} INFO - Started process (PID=6392) to work on /home/lcscarv/projetos/indicium/desafio_5/.venv/lib/python3.8/site-packages/airflow/example_dags/example_xcomargs.py
[2023-04-28T18:20:48.989-0300] {processor.py:743} INFO - Processing file /home/lcscarv/projetos/indicium/desafio_5/.venv/lib/python3.8/site-packages/airflow/example_dags/example_xcomargs.py for tasks to queue
[2023-04-28T18:20:48.990-0300] {logging_mixin.py:137} INFO - [2023-04-28T18:20:48.990-0300] {dagbag.py:532} INFO - Filling up the DagBag from /home/lcscarv/projetos/indicium/desafio_5/.venv/lib/python3.8/site-packages/airflow/example_dags/example_xcomargs.py
[2023-04-28T18:20:49.012-0300] {processor.py:753} INFO - DAG(s) dict_keys(['example_xcom_args', 'example_xcom_args_with_operators']) retrieved from /home/lcscarv/projetos/indicium/desafio_5/.venv/lib/python3.8/site-packages/airflow/example_dags/example_xcomargs.py
[2023-04-28T18:20:49.110-0300] {logging_mixin.py:137} INFO - [2023-04-28T18:20:49.110-0300] {dag.py:2705} INFO - Sync 2 DAGs
[2023-04-28T18:20:49.128-0300] {logging_mixin.py:137} INFO - [2023-04-28T18:20:49.128-0300] {dag.py:3452} INFO - Setting next_dagrun for example_xcom_args to None, run_after=None
[2023-04-28T18:20:49.131-0300] {logging_mixin.py:137} INFO - [2023-04-28T18:20:49.130-0300] {dag.py:3452} INFO - Setting next_dagrun for example_xcom_args_with_operators to None, run_after=None
[2023-04-28T18:20:49.151-0300] {processor.py:175} INFO - Processing /home/lcscarv/projetos/indicium/desafio_5/.venv/lib/python3.8/site-packages/airflow/example_dags/example_xcomargs.py took 0.166 seconds
[2023-04-28T18:21:42.291-0300] {processor.py:153} INFO - Started process (PID=6437) to work on /home/lcscarv/projetos/indicium/desafio_5/.venv/lib/python3.8/site-packages/airflow/example_dags/example_xcomargs.py
[2023-04-28T18:21:42.293-0300] {processor.py:743} INFO - Processing file /home/lcscarv/projetos/indicium/desafio_5/.venv/lib/python3.8/site-packages/airflow/example_dags/example_xcomargs.py for tasks to queue
[2023-04-28T18:21:42.295-0300] {logging_mixin.py:137} INFO - [2023-04-28T18:21:42.295-0300] {dagbag.py:532} INFO - Filling up the DagBag from /home/lcscarv/projetos/indicium/desafio_5/.venv/lib/python3.8/site-packages/airflow/example_dags/example_xcomargs.py
[2023-04-28T18:21:42.493-0300] {processor.py:753} INFO - DAG(s) dict_keys(['example_xcom_args_with_operators', 'example_xcom_args']) retrieved from /home/lcscarv/projetos/indicium/desafio_5/.venv/lib/python3.8/site-packages/airflow/example_dags/example_xcomargs.py
[2023-04-28T18:21:42.536-0300] {logging_mixin.py:137} INFO - [2023-04-28T18:21:42.536-0300] {dag.py:2705} INFO - Sync 2 DAGs
[2023-04-28T18:21:42.572-0300] {logging_mixin.py:137} INFO - [2023-04-28T18:21:42.571-0300] {dag.py:3452} INFO - Setting next_dagrun for example_xcom_args to None, run_after=None
[2023-04-28T18:21:42.575-0300] {logging_mixin.py:137} INFO - [2023-04-28T18:21:42.575-0300] {dag.py:3452} INFO - Setting next_dagrun for example_xcom_args_with_operators to None, run_after=None
[2023-04-28T18:21:42.597-0300] {processor.py:175} INFO - Processing /home/lcscarv/projetos/indicium/desafio_5/.venv/lib/python3.8/site-packages/airflow/example_dags/example_xcomargs.py took 0.310 seconds
