[2023-04-28T18:00:09.773-0300] {processor.py:153} INFO - Started process (PID=4393) to work on /home/lcscarv/projetos/indicium/desafio_5/.venv/lib/python3.8/site-packages/airflow/example_dags/example_short_circuit_operator.py
[2023-04-28T18:00:09.775-0300] {processor.py:743} INFO - Processing file /home/lcscarv/projetos/indicium/desafio_5/.venv/lib/python3.8/site-packages/airflow/example_dags/example_short_circuit_operator.py for tasks to queue
[2023-04-28T18:00:09.776-0300] {logging_mixin.py:137} INFO - [2023-04-28T18:00:09.776-0300] {dagbag.py:532} INFO - Filling up the DagBag from /home/lcscarv/projetos/indicium/desafio_5/.venv/lib/python3.8/site-packages/airflow/example_dags/example_short_circuit_operator.py
[2023-04-28T18:00:09.814-0300] {processor.py:753} INFO - DAG(s) dict_keys(['example_short_circuit_operator']) retrieved from /home/lcscarv/projetos/indicium/desafio_5/.venv/lib/python3.8/site-packages/airflow/example_dags/example_short_circuit_operator.py
[2023-04-28T18:00:09.836-0300] {logging_mixin.py:137} INFO - [2023-04-28T18:00:09.836-0300] {dag.py:2705} INFO - Sync 1 DAGs
[2023-04-28T18:00:09.897-0300] {logging_mixin.py:137} INFO - [2023-04-28T18:00:09.897-0300] {dag.py:3452} INFO - Setting next_dagrun for example_short_circuit_operator to 2023-04-27T21:00:09.896485+00:00, run_after=2023-04-28T21:00:09.896485+00:00
[2023-04-28T18:00:09.959-0300] {processor.py:175} INFO - Processing /home/lcscarv/projetos/indicium/desafio_5/.venv/lib/python3.8/site-packages/airflow/example_dags/example_short_circuit_operator.py took 0.195 seconds
[2023-04-28T18:00:54.180-0300] {processor.py:153} INFO - Started process (PID=4621) to work on /home/lcscarv/projetos/indicium/desafio_5/.venv/lib/python3.8/site-packages/airflow/example_dags/example_short_circuit_operator.py
[2023-04-28T18:00:54.181-0300] {processor.py:743} INFO - Processing file /home/lcscarv/projetos/indicium/desafio_5/.venv/lib/python3.8/site-packages/airflow/example_dags/example_short_circuit_operator.py for tasks to queue
[2023-04-28T18:00:54.182-0300] {logging_mixin.py:137} INFO - [2023-04-28T18:00:54.182-0300] {dagbag.py:532} INFO - Filling up the DagBag from /home/lcscarv/projetos/indicium/desafio_5/.venv/lib/python3.8/site-packages/airflow/example_dags/example_short_circuit_operator.py
[2023-04-28T18:00:54.194-0300] {processor.py:753} INFO - DAG(s) dict_keys(['example_short_circuit_operator']) retrieved from /home/lcscarv/projetos/indicium/desafio_5/.venv/lib/python3.8/site-packages/airflow/example_dags/example_short_circuit_operator.py
[2023-04-28T18:00:54.211-0300] {logging_mixin.py:137} INFO - [2023-04-28T18:00:54.211-0300] {dag.py:2705} INFO - Sync 1 DAGs
[2023-04-28T18:00:54.228-0300] {logging_mixin.py:137} INFO - [2023-04-28T18:00:54.228-0300] {dag.py:3452} INFO - Setting next_dagrun for example_short_circuit_operator to 2023-04-27T21:00:54.227926+00:00, run_after=2023-04-28T21:00:54.227926+00:00
[2023-04-28T18:00:54.246-0300] {processor.py:175} INFO - Processing /home/lcscarv/projetos/indicium/desafio_5/.venv/lib/python3.8/site-packages/airflow/example_dags/example_short_circuit_operator.py took 0.069 seconds
[2023-04-28T18:01:31.542-0300] {processor.py:153} INFO - Started process (PID=4658) to work on /home/lcscarv/projetos/indicium/desafio_5/.venv/lib/python3.8/site-packages/airflow/example_dags/example_short_circuit_operator.py
[2023-04-28T18:01:31.606-0300] {processor.py:743} INFO - Processing file /home/lcscarv/projetos/indicium/desafio_5/.venv/lib/python3.8/site-packages/airflow/example_dags/example_short_circuit_operator.py for tasks to queue
[2023-04-28T18:01:31.608-0300] {logging_mixin.py:137} INFO - [2023-04-28T18:01:31.608-0300] {dagbag.py:532} INFO - Filling up the DagBag from /home/lcscarv/projetos/indicium/desafio_5/.venv/lib/python3.8/site-packages/airflow/example_dags/example_short_circuit_operator.py
[2023-04-28T18:01:31.621-0300] {processor.py:753} INFO - DAG(s) dict_keys(['example_short_circuit_operator']) retrieved from /home/lcscarv/projetos/indicium/desafio_5/.venv/lib/python3.8/site-packages/airflow/example_dags/example_short_circuit_operator.py
[2023-04-28T18:01:31.637-0300] {logging_mixin.py:137} INFO - [2023-04-28T18:01:31.637-0300] {dag.py:2705} INFO - Sync 1 DAGs
[2023-04-28T18:01:31.649-0300] {logging_mixin.py:137} INFO - [2023-04-28T18:01:31.649-0300] {dag.py:3452} INFO - Setting next_dagrun for example_short_circuit_operator to 2023-04-27T21:01:31.649416+00:00, run_after=2023-04-28T21:01:31.649416+00:00
[2023-04-28T18:01:31.671-0300] {processor.py:175} INFO - Processing /home/lcscarv/projetos/indicium/desafio_5/.venv/lib/python3.8/site-packages/airflow/example_dags/example_short_circuit_operator.py took 0.130 seconds
[2023-04-28T18:02:12.258-0300] {processor.py:153} INFO - Started process (PID=4709) to work on /home/lcscarv/projetos/indicium/desafio_5/.venv/lib/python3.8/site-packages/airflow/example_dags/example_short_circuit_operator.py
[2023-04-28T18:02:12.261-0300] {processor.py:743} INFO - Processing file /home/lcscarv/projetos/indicium/desafio_5/.venv/lib/python3.8/site-packages/airflow/example_dags/example_short_circuit_operator.py for tasks to queue
[2023-04-28T18:02:12.263-0300] {logging_mixin.py:137} INFO - [2023-04-28T18:02:12.263-0300] {dagbag.py:532} INFO - Filling up the DagBag from /home/lcscarv/projetos/indicium/desafio_5/.venv/lib/python3.8/site-packages/airflow/example_dags/example_short_circuit_operator.py
[2023-04-28T18:02:12.325-0300] {processor.py:753} INFO - DAG(s) dict_keys(['example_short_circuit_operator']) retrieved from /home/lcscarv/projetos/indicium/desafio_5/.venv/lib/python3.8/site-packages/airflow/example_dags/example_short_circuit_operator.py
[2023-04-28T18:02:12.427-0300] {logging_mixin.py:137} INFO - [2023-04-28T18:02:12.426-0300] {dag.py:2705} INFO - Sync 1 DAGs
[2023-04-28T18:02:12.518-0300] {logging_mixin.py:137} INFO - [2023-04-28T18:02:12.518-0300] {dag.py:3452} INFO - Setting next_dagrun for example_short_circuit_operator to 2023-04-27T21:02:12.516515+00:00, run_after=2023-04-28T21:02:12.516515+00:00
[2023-04-28T18:02:12.586-0300] {processor.py:175} INFO - Processing /home/lcscarv/projetos/indicium/desafio_5/.venv/lib/python3.8/site-packages/airflow/example_dags/example_short_circuit_operator.py took 0.341 seconds
[2023-04-28T18:03:04.699-0300] {processor.py:153} INFO - Started process (PID=4831) to work on /home/lcscarv/projetos/indicium/desafio_5/.venv/lib/python3.8/site-packages/airflow/example_dags/example_short_circuit_operator.py
[2023-04-28T18:03:04.704-0300] {processor.py:743} INFO - Processing file /home/lcscarv/projetos/indicium/desafio_5/.venv/lib/python3.8/site-packages/airflow/example_dags/example_short_circuit_operator.py for tasks to queue
[2023-04-28T18:03:04.704-0300] {logging_mixin.py:137} INFO - [2023-04-28T18:03:04.704-0300] {dagbag.py:532} INFO - Filling up the DagBag from /home/lcscarv/projetos/indicium/desafio_5/.venv/lib/python3.8/site-packages/airflow/example_dags/example_short_circuit_operator.py
[2023-04-28T18:03:04.716-0300] {processor.py:753} INFO - DAG(s) dict_keys(['example_short_circuit_operator']) retrieved from /home/lcscarv/projetos/indicium/desafio_5/.venv/lib/python3.8/site-packages/airflow/example_dags/example_short_circuit_operator.py
[2023-04-28T18:03:04.729-0300] {logging_mixin.py:137} INFO - [2023-04-28T18:03:04.729-0300] {dag.py:2705} INFO - Sync 1 DAGs
[2023-04-28T18:03:04.742-0300] {logging_mixin.py:137} INFO - [2023-04-28T18:03:04.742-0300] {dag.py:3452} INFO - Setting next_dagrun for example_short_circuit_operator to 2023-04-27T21:03:04.742067+00:00, run_after=2023-04-28T21:03:04.742067+00:00
[2023-04-28T18:03:04.758-0300] {processor.py:175} INFO - Processing /home/lcscarv/projetos/indicium/desafio_5/.venv/lib/python3.8/site-packages/airflow/example_dags/example_short_circuit_operator.py took 0.061 seconds
[2023-04-28T18:03:38.542-0300] {processor.py:153} INFO - Started process (PID=4864) to work on /home/lcscarv/projetos/indicium/desafio_5/.venv/lib/python3.8/site-packages/airflow/example_dags/example_short_circuit_operator.py
[2023-04-28T18:03:38.543-0300] {processor.py:743} INFO - Processing file /home/lcscarv/projetos/indicium/desafio_5/.venv/lib/python3.8/site-packages/airflow/example_dags/example_short_circuit_operator.py for tasks to queue
[2023-04-28T18:03:38.544-0300] {logging_mixin.py:137} INFO - [2023-04-28T18:03:38.544-0300] {dagbag.py:532} INFO - Filling up the DagBag from /home/lcscarv/projetos/indicium/desafio_5/.venv/lib/python3.8/site-packages/airflow/example_dags/example_short_circuit_operator.py
[2023-04-28T18:03:38.554-0300] {processor.py:753} INFO - DAG(s) dict_keys(['example_short_circuit_operator']) retrieved from /home/lcscarv/projetos/indicium/desafio_5/.venv/lib/python3.8/site-packages/airflow/example_dags/example_short_circuit_operator.py
[2023-04-28T18:03:38.568-0300] {logging_mixin.py:137} INFO - [2023-04-28T18:03:38.568-0300] {dag.py:2705} INFO - Sync 1 DAGs
[2023-04-28T18:03:38.580-0300] {logging_mixin.py:137} INFO - [2023-04-28T18:03:38.580-0300] {dag.py:3452} INFO - Setting next_dagrun for example_short_circuit_operator to 2023-04-27T21:03:38.580615+00:00, run_after=2023-04-28T21:03:38.580615+00:00
[2023-04-28T18:03:38.598-0300] {processor.py:175} INFO - Processing /home/lcscarv/projetos/indicium/desafio_5/.venv/lib/python3.8/site-packages/airflow/example_dags/example_short_circuit_operator.py took 0.057 seconds
[2023-04-28T18:04:18.005-0300] {processor.py:153} INFO - Started process (PID=4905) to work on /home/lcscarv/projetos/indicium/desafio_5/.venv/lib/python3.8/site-packages/airflow/example_dags/example_short_circuit_operator.py
[2023-04-28T18:04:18.006-0300] {processor.py:743} INFO - Processing file /home/lcscarv/projetos/indicium/desafio_5/.venv/lib/python3.8/site-packages/airflow/example_dags/example_short_circuit_operator.py for tasks to queue
[2023-04-28T18:04:18.007-0300] {logging_mixin.py:137} INFO - [2023-04-28T18:04:18.006-0300] {dagbag.py:532} INFO - Filling up the DagBag from /home/lcscarv/projetos/indicium/desafio_5/.venv/lib/python3.8/site-packages/airflow/example_dags/example_short_circuit_operator.py
[2023-04-28T18:04:18.017-0300] {processor.py:753} INFO - DAG(s) dict_keys(['example_short_circuit_operator']) retrieved from /home/lcscarv/projetos/indicium/desafio_5/.venv/lib/python3.8/site-packages/airflow/example_dags/example_short_circuit_operator.py
[2023-04-28T18:04:18.032-0300] {logging_mixin.py:137} INFO - [2023-04-28T18:04:18.032-0300] {dag.py:2705} INFO - Sync 1 DAGs
[2023-04-28T18:04:18.043-0300] {logging_mixin.py:137} INFO - [2023-04-28T18:04:18.043-0300] {dag.py:3452} INFO - Setting next_dagrun for example_short_circuit_operator to 2023-04-27T21:04:18.043498+00:00, run_after=2023-04-28T21:04:18.043498+00:00
[2023-04-28T18:04:18.061-0300] {processor.py:175} INFO - Processing /home/lcscarv/projetos/indicium/desafio_5/.venv/lib/python3.8/site-packages/airflow/example_dags/example_short_circuit_operator.py took 0.058 seconds
[2023-04-28T18:04:59.506-0300] {processor.py:153} INFO - Started process (PID=4996) to work on /home/lcscarv/projetos/indicium/desafio_5/.venv/lib/python3.8/site-packages/airflow/example_dags/example_short_circuit_operator.py
[2023-04-28T18:04:59.507-0300] {processor.py:743} INFO - Processing file /home/lcscarv/projetos/indicium/desafio_5/.venv/lib/python3.8/site-packages/airflow/example_dags/example_short_circuit_operator.py for tasks to queue
[2023-04-28T18:04:59.508-0300] {logging_mixin.py:137} INFO - [2023-04-28T18:04:59.508-0300] {dagbag.py:532} INFO - Filling up the DagBag from /home/lcscarv/projetos/indicium/desafio_5/.venv/lib/python3.8/site-packages/airflow/example_dags/example_short_circuit_operator.py
[2023-04-28T18:04:59.518-0300] {processor.py:753} INFO - DAG(s) dict_keys(['example_short_circuit_operator']) retrieved from /home/lcscarv/projetos/indicium/desafio_5/.venv/lib/python3.8/site-packages/airflow/example_dags/example_short_circuit_operator.py
[2023-04-28T18:04:59.532-0300] {logging_mixin.py:137} INFO - [2023-04-28T18:04:59.532-0300] {dag.py:2705} INFO - Sync 1 DAGs
[2023-04-28T18:04:59.566-0300] {logging_mixin.py:137} INFO - [2023-04-28T18:04:59.565-0300] {dag.py:3452} INFO - Setting next_dagrun for example_short_circuit_operator to 2023-04-27T21:04:59.563411+00:00, run_after=2023-04-28T21:04:59.563411+00:00
[2023-04-28T18:04:59.613-0300] {processor.py:175} INFO - Processing /home/lcscarv/projetos/indicium/desafio_5/.venv/lib/python3.8/site-packages/airflow/example_dags/example_short_circuit_operator.py took 0.109 seconds
[2023-04-28T18:05:39.224-0300] {processor.py:153} INFO - Started process (PID=5088) to work on /home/lcscarv/projetos/indicium/desafio_5/.venv/lib/python3.8/site-packages/airflow/example_dags/example_short_circuit_operator.py
[2023-04-28T18:05:39.225-0300] {processor.py:743} INFO - Processing file /home/lcscarv/projetos/indicium/desafio_5/.venv/lib/python3.8/site-packages/airflow/example_dags/example_short_circuit_operator.py for tasks to queue
[2023-04-28T18:05:39.226-0300] {logging_mixin.py:137} INFO - [2023-04-28T18:05:39.226-0300] {dagbag.py:532} INFO - Filling up the DagBag from /home/lcscarv/projetos/indicium/desafio_5/.venv/lib/python3.8/site-packages/airflow/example_dags/example_short_circuit_operator.py
[2023-04-28T18:05:39.236-0300] {processor.py:753} INFO - DAG(s) dict_keys(['example_short_circuit_operator']) retrieved from /home/lcscarv/projetos/indicium/desafio_5/.venv/lib/python3.8/site-packages/airflow/example_dags/example_short_circuit_operator.py
[2023-04-28T18:05:39.251-0300] {logging_mixin.py:137} INFO - [2023-04-28T18:05:39.251-0300] {dag.py:2705} INFO - Sync 1 DAGs
[2023-04-28T18:05:39.263-0300] {logging_mixin.py:137} INFO - [2023-04-28T18:05:39.263-0300] {dag.py:3452} INFO - Setting next_dagrun for example_short_circuit_operator to 2023-04-27T21:05:39.263152+00:00, run_after=2023-04-28T21:05:39.263152+00:00
[2023-04-28T18:05:39.281-0300] {processor.py:175} INFO - Processing /home/lcscarv/projetos/indicium/desafio_5/.venv/lib/python3.8/site-packages/airflow/example_dags/example_short_circuit_operator.py took 0.059 seconds
[2023-04-28T18:06:11.315-0300] {processor.py:153} INFO - Started process (PID=5121) to work on /home/lcscarv/projetos/indicium/desafio_5/.venv/lib/python3.8/site-packages/airflow/example_dags/example_short_circuit_operator.py
[2023-04-28T18:06:11.316-0300] {processor.py:743} INFO - Processing file /home/lcscarv/projetos/indicium/desafio_5/.venv/lib/python3.8/site-packages/airflow/example_dags/example_short_circuit_operator.py for tasks to queue
[2023-04-28T18:06:11.316-0300] {logging_mixin.py:137} INFO - [2023-04-28T18:06:11.316-0300] {dagbag.py:532} INFO - Filling up the DagBag from /home/lcscarv/projetos/indicium/desafio_5/.venv/lib/python3.8/site-packages/airflow/example_dags/example_short_circuit_operator.py
[2023-04-28T18:06:11.326-0300] {processor.py:753} INFO - DAG(s) dict_keys(['example_short_circuit_operator']) retrieved from /home/lcscarv/projetos/indicium/desafio_5/.venv/lib/python3.8/site-packages/airflow/example_dags/example_short_circuit_operator.py
[2023-04-28T18:06:11.340-0300] {logging_mixin.py:137} INFO - [2023-04-28T18:06:11.340-0300] {dag.py:2705} INFO - Sync 1 DAGs
[2023-04-28T18:06:11.352-0300] {logging_mixin.py:137} INFO - [2023-04-28T18:06:11.352-0300] {dag.py:3452} INFO - Setting next_dagrun for example_short_circuit_operator to 2023-04-27T21:06:11.352585+00:00, run_after=2023-04-28T21:06:11.352585+00:00
[2023-04-28T18:06:11.371-0300] {processor.py:175} INFO - Processing /home/lcscarv/projetos/indicium/desafio_5/.venv/lib/python3.8/site-packages/airflow/example_dags/example_short_circuit_operator.py took 0.058 seconds
[2023-04-28T18:06:46.132-0300] {processor.py:153} INFO - Started process (PID=5156) to work on /home/lcscarv/projetos/indicium/desafio_5/.venv/lib/python3.8/site-packages/airflow/example_dags/example_short_circuit_operator.py
[2023-04-28T18:06:46.134-0300] {processor.py:743} INFO - Processing file /home/lcscarv/projetos/indicium/desafio_5/.venv/lib/python3.8/site-packages/airflow/example_dags/example_short_circuit_operator.py for tasks to queue
[2023-04-28T18:06:46.134-0300] {logging_mixin.py:137} INFO - [2023-04-28T18:06:46.134-0300] {dagbag.py:532} INFO - Filling up the DagBag from /home/lcscarv/projetos/indicium/desafio_5/.venv/lib/python3.8/site-packages/airflow/example_dags/example_short_circuit_operator.py
[2023-04-28T18:06:46.150-0300] {processor.py:753} INFO - DAG(s) dict_keys(['example_short_circuit_operator']) retrieved from /home/lcscarv/projetos/indicium/desafio_5/.venv/lib/python3.8/site-packages/airflow/example_dags/example_short_circuit_operator.py
[2023-04-28T18:06:46.169-0300] {logging_mixin.py:137} INFO - [2023-04-28T18:06:46.169-0300] {dag.py:2705} INFO - Sync 1 DAGs
[2023-04-28T18:06:46.190-0300] {logging_mixin.py:137} INFO - [2023-04-28T18:06:46.190-0300] {dag.py:3452} INFO - Setting next_dagrun for example_short_circuit_operator to 2023-04-27T21:06:46.190484+00:00, run_after=2023-04-28T21:06:46.190484+00:00
[2023-04-28T18:06:46.216-0300] {processor.py:175} INFO - Processing /home/lcscarv/projetos/indicium/desafio_5/.venv/lib/python3.8/site-packages/airflow/example_dags/example_short_circuit_operator.py took 0.087 seconds
[2023-04-28T18:07:32.611-0300] {processor.py:153} INFO - Started process (PID=5212) to work on /home/lcscarv/projetos/indicium/desafio_5/.venv/lib/python3.8/site-packages/airflow/example_dags/example_short_circuit_operator.py
[2023-04-28T18:07:32.612-0300] {processor.py:743} INFO - Processing file /home/lcscarv/projetos/indicium/desafio_5/.venv/lib/python3.8/site-packages/airflow/example_dags/example_short_circuit_operator.py for tasks to queue
[2023-04-28T18:07:32.613-0300] {logging_mixin.py:137} INFO - [2023-04-28T18:07:32.613-0300] {dagbag.py:532} INFO - Filling up the DagBag from /home/lcscarv/projetos/indicium/desafio_5/.venv/lib/python3.8/site-packages/airflow/example_dags/example_short_circuit_operator.py
[2023-04-28T18:07:32.625-0300] {processor.py:753} INFO - DAG(s) dict_keys(['example_short_circuit_operator']) retrieved from /home/lcscarv/projetos/indicium/desafio_5/.venv/lib/python3.8/site-packages/airflow/example_dags/example_short_circuit_operator.py
[2023-04-28T18:07:32.643-0300] {logging_mixin.py:137} INFO - [2023-04-28T18:07:32.642-0300] {dag.py:2705} INFO - Sync 1 DAGs
[2023-04-28T18:07:32.659-0300] {logging_mixin.py:137} INFO - [2023-04-28T18:07:32.658-0300] {dag.py:3452} INFO - Setting next_dagrun for example_short_circuit_operator to 2023-04-27T21:07:32.658698+00:00, run_after=2023-04-28T21:07:32.658698+00:00
[2023-04-28T18:07:34.180-0300] {processor.py:175} INFO - Processing /home/lcscarv/projetos/indicium/desafio_5/.venv/lib/python3.8/site-packages/airflow/example_dags/example_short_circuit_operator.py took 1.571 seconds
[2023-04-28T18:08:26.807-0300] {processor.py:153} INFO - Started process (PID=5386) to work on /home/lcscarv/projetos/indicium/desafio_5/.venv/lib/python3.8/site-packages/airflow/example_dags/example_short_circuit_operator.py
[2023-04-28T18:08:26.813-0300] {processor.py:743} INFO - Processing file /home/lcscarv/projetos/indicium/desafio_5/.venv/lib/python3.8/site-packages/airflow/example_dags/example_short_circuit_operator.py for tasks to queue
[2023-04-28T18:08:26.814-0300] {logging_mixin.py:137} INFO - [2023-04-28T18:08:26.814-0300] {dagbag.py:532} INFO - Filling up the DagBag from /home/lcscarv/projetos/indicium/desafio_5/.venv/lib/python3.8/site-packages/airflow/example_dags/example_short_circuit_operator.py
[2023-04-28T18:08:26.829-0300] {processor.py:753} INFO - DAG(s) dict_keys(['example_short_circuit_operator']) retrieved from /home/lcscarv/projetos/indicium/desafio_5/.venv/lib/python3.8/site-packages/airflow/example_dags/example_short_circuit_operator.py
[2023-04-28T18:08:26.845-0300] {logging_mixin.py:137} INFO - [2023-04-28T18:08:26.845-0300] {dag.py:2705} INFO - Sync 1 DAGs
[2023-04-28T18:08:26.857-0300] {logging_mixin.py:137} INFO - [2023-04-28T18:08:26.857-0300] {dag.py:3452} INFO - Setting next_dagrun for example_short_circuit_operator to 2023-04-27T21:08:26.857258+00:00, run_after=2023-04-28T21:08:26.857258+00:00
[2023-04-28T18:08:26.931-0300] {processor.py:175} INFO - Processing /home/lcscarv/projetos/indicium/desafio_5/.venv/lib/python3.8/site-packages/airflow/example_dags/example_short_circuit_operator.py took 0.125 seconds
[2023-04-28T18:08:57.282-0300] {processor.py:153} INFO - Started process (PID=5414) to work on /home/lcscarv/projetos/indicium/desafio_5/.venv/lib/python3.8/site-packages/airflow/example_dags/example_short_circuit_operator.py
[2023-04-28T18:08:57.316-0300] {processor.py:743} INFO - Processing file /home/lcscarv/projetos/indicium/desafio_5/.venv/lib/python3.8/site-packages/airflow/example_dags/example_short_circuit_operator.py for tasks to queue
[2023-04-28T18:08:57.317-0300] {logging_mixin.py:137} INFO - [2023-04-28T18:08:57.317-0300] {dagbag.py:532} INFO - Filling up the DagBag from /home/lcscarv/projetos/indicium/desafio_5/.venv/lib/python3.8/site-packages/airflow/example_dags/example_short_circuit_operator.py
[2023-04-28T18:08:57.334-0300] {processor.py:753} INFO - DAG(s) dict_keys(['example_short_circuit_operator']) retrieved from /home/lcscarv/projetos/indicium/desafio_5/.venv/lib/python3.8/site-packages/airflow/example_dags/example_short_circuit_operator.py
[2023-04-28T18:08:57.350-0300] {logging_mixin.py:137} INFO - [2023-04-28T18:08:57.350-0300] {dag.py:2705} INFO - Sync 1 DAGs
[2023-04-28T18:08:57.654-0300] {logging_mixin.py:137} INFO - [2023-04-28T18:08:57.654-0300] {dag.py:3452} INFO - Setting next_dagrun for example_short_circuit_operator to 2023-04-27T21:08:57.654106+00:00, run_after=2023-04-28T21:08:57.654106+00:00
[2023-04-28T18:08:57.849-0300] {processor.py:175} INFO - Processing /home/lcscarv/projetos/indicium/desafio_5/.venv/lib/python3.8/site-packages/airflow/example_dags/example_short_circuit_operator.py took 0.569 seconds
[2023-04-28T18:09:29.848-0300] {processor.py:153} INFO - Started process (PID=5495) to work on /home/lcscarv/projetos/indicium/desafio_5/.venv/lib/python3.8/site-packages/airflow/example_dags/example_short_circuit_operator.py
[2023-04-28T18:09:29.849-0300] {processor.py:743} INFO - Processing file /home/lcscarv/projetos/indicium/desafio_5/.venv/lib/python3.8/site-packages/airflow/example_dags/example_short_circuit_operator.py for tasks to queue
[2023-04-28T18:09:29.850-0300] {logging_mixin.py:137} INFO - [2023-04-28T18:09:29.849-0300] {dagbag.py:532} INFO - Filling up the DagBag from /home/lcscarv/projetos/indicium/desafio_5/.venv/lib/python3.8/site-packages/airflow/example_dags/example_short_circuit_operator.py
[2023-04-28T18:09:29.862-0300] {processor.py:753} INFO - DAG(s) dict_keys(['example_short_circuit_operator']) retrieved from /home/lcscarv/projetos/indicium/desafio_5/.venv/lib/python3.8/site-packages/airflow/example_dags/example_short_circuit_operator.py
[2023-04-28T18:09:29.881-0300] {logging_mixin.py:137} INFO - [2023-04-28T18:09:29.881-0300] {dag.py:2705} INFO - Sync 1 DAGs
[2023-04-28T18:09:29.896-0300] {logging_mixin.py:137} INFO - [2023-04-28T18:09:29.895-0300] {dag.py:3452} INFO - Setting next_dagrun for example_short_circuit_operator to 2023-04-27T21:09:29.895693+00:00, run_after=2023-04-28T21:09:29.895693+00:00
[2023-04-28T18:09:29.917-0300] {processor.py:175} INFO - Processing /home/lcscarv/projetos/indicium/desafio_5/.venv/lib/python3.8/site-packages/airflow/example_dags/example_short_circuit_operator.py took 0.072 seconds
[2023-04-28T18:10:18.650-0300] {processor.py:153} INFO - Started process (PID=5639) to work on /home/lcscarv/projetos/indicium/desafio_5/.venv/lib/python3.8/site-packages/airflow/example_dags/example_short_circuit_operator.py
[2023-04-28T18:10:18.651-0300] {processor.py:743} INFO - Processing file /home/lcscarv/projetos/indicium/desafio_5/.venv/lib/python3.8/site-packages/airflow/example_dags/example_short_circuit_operator.py for tasks to queue
[2023-04-28T18:10:18.652-0300] {logging_mixin.py:137} INFO - [2023-04-28T18:10:18.652-0300] {dagbag.py:532} INFO - Filling up the DagBag from /home/lcscarv/projetos/indicium/desafio_5/.venv/lib/python3.8/site-packages/airflow/example_dags/example_short_circuit_operator.py
[2023-04-28T18:10:18.666-0300] {processor.py:753} INFO - DAG(s) dict_keys(['example_short_circuit_operator']) retrieved from /home/lcscarv/projetos/indicium/desafio_5/.venv/lib/python3.8/site-packages/airflow/example_dags/example_short_circuit_operator.py
[2023-04-28T18:10:18.684-0300] {logging_mixin.py:137} INFO - [2023-04-28T18:10:18.684-0300] {dag.py:2705} INFO - Sync 1 DAGs
[2023-04-28T18:10:18.699-0300] {logging_mixin.py:137} INFO - [2023-04-28T18:10:18.699-0300] {dag.py:3452} INFO - Setting next_dagrun for example_short_circuit_operator to 2023-04-27T21:10:18.699459+00:00, run_after=2023-04-28T21:10:18.699459+00:00
[2023-04-28T18:10:18.725-0300] {processor.py:175} INFO - Processing /home/lcscarv/projetos/indicium/desafio_5/.venv/lib/python3.8/site-packages/airflow/example_dags/example_short_circuit_operator.py took 0.077 seconds
[2023-04-28T18:10:57.010-0300] {processor.py:153} INFO - Started process (PID=5672) to work on /home/lcscarv/projetos/indicium/desafio_5/.venv/lib/python3.8/site-packages/airflow/example_dags/example_short_circuit_operator.py
[2023-04-28T18:10:57.012-0300] {processor.py:743} INFO - Processing file /home/lcscarv/projetos/indicium/desafio_5/.venv/lib/python3.8/site-packages/airflow/example_dags/example_short_circuit_operator.py for tasks to queue
[2023-04-28T18:10:57.012-0300] {logging_mixin.py:137} INFO - [2023-04-28T18:10:57.012-0300] {dagbag.py:532} INFO - Filling up the DagBag from /home/lcscarv/projetos/indicium/desafio_5/.venv/lib/python3.8/site-packages/airflow/example_dags/example_short_circuit_operator.py
[2023-04-28T18:10:57.024-0300] {processor.py:753} INFO - DAG(s) dict_keys(['example_short_circuit_operator']) retrieved from /home/lcscarv/projetos/indicium/desafio_5/.venv/lib/python3.8/site-packages/airflow/example_dags/example_short_circuit_operator.py
[2023-04-28T18:10:57.040-0300] {logging_mixin.py:137} INFO - [2023-04-28T18:10:57.040-0300] {dag.py:2705} INFO - Sync 1 DAGs
[2023-04-28T18:10:57.053-0300] {logging_mixin.py:137} INFO - [2023-04-28T18:10:57.053-0300] {dag.py:3452} INFO - Setting next_dagrun for example_short_circuit_operator to 2023-04-27T21:10:57.052927+00:00, run_after=2023-04-28T21:10:57.052927+00:00
[2023-04-28T18:10:57.075-0300] {processor.py:175} INFO - Processing /home/lcscarv/projetos/indicium/desafio_5/.venv/lib/python3.8/site-packages/airflow/example_dags/example_short_circuit_operator.py took 0.067 seconds
[2023-04-28T18:11:35.121-0300] {processor.py:153} INFO - Started process (PID=5809) to work on /home/lcscarv/projetos/indicium/desafio_5/.venv/lib/python3.8/site-packages/airflow/example_dags/example_short_circuit_operator.py
[2023-04-28T18:11:35.155-0300] {processor.py:743} INFO - Processing file /home/lcscarv/projetos/indicium/desafio_5/.venv/lib/python3.8/site-packages/airflow/example_dags/example_short_circuit_operator.py for tasks to queue
[2023-04-28T18:11:35.156-0300] {logging_mixin.py:137} INFO - [2023-04-28T18:11:35.156-0300] {dagbag.py:532} INFO - Filling up the DagBag from /home/lcscarv/projetos/indicium/desafio_5/.venv/lib/python3.8/site-packages/airflow/example_dags/example_short_circuit_operator.py
[2023-04-28T18:11:35.172-0300] {processor.py:753} INFO - DAG(s) dict_keys(['example_short_circuit_operator']) retrieved from /home/lcscarv/projetos/indicium/desafio_5/.venv/lib/python3.8/site-packages/airflow/example_dags/example_short_circuit_operator.py
[2023-04-28T18:11:35.186-0300] {logging_mixin.py:137} INFO - [2023-04-28T18:11:35.186-0300] {dag.py:2705} INFO - Sync 1 DAGs
[2023-04-28T18:11:35.198-0300] {logging_mixin.py:137} INFO - [2023-04-28T18:11:35.198-0300] {dag.py:3452} INFO - Setting next_dagrun for example_short_circuit_operator to 2023-04-27T21:11:35.198483+00:00, run_after=2023-04-28T21:11:35.198483+00:00
[2023-04-28T18:11:35.734-0300] {processor.py:175} INFO - Processing /home/lcscarv/projetos/indicium/desafio_5/.venv/lib/python3.8/site-packages/airflow/example_dags/example_short_circuit_operator.py took 0.614 seconds
[2023-04-28T18:12:08.562-0300] {processor.py:153} INFO - Started process (PID=5840) to work on /home/lcscarv/projetos/indicium/desafio_5/.venv/lib/python3.8/site-packages/airflow/example_dags/example_short_circuit_operator.py
[2023-04-28T18:12:08.563-0300] {processor.py:743} INFO - Processing file /home/lcscarv/projetos/indicium/desafio_5/.venv/lib/python3.8/site-packages/airflow/example_dags/example_short_circuit_operator.py for tasks to queue
[2023-04-28T18:12:08.564-0300] {logging_mixin.py:137} INFO - [2023-04-28T18:12:08.563-0300] {dagbag.py:532} INFO - Filling up the DagBag from /home/lcscarv/projetos/indicium/desafio_5/.venv/lib/python3.8/site-packages/airflow/example_dags/example_short_circuit_operator.py
[2023-04-28T18:12:08.575-0300] {processor.py:753} INFO - DAG(s) dict_keys(['example_short_circuit_operator']) retrieved from /home/lcscarv/projetos/indicium/desafio_5/.venv/lib/python3.8/site-packages/airflow/example_dags/example_short_circuit_operator.py
[2023-04-28T18:12:08.591-0300] {logging_mixin.py:137} INFO - [2023-04-28T18:12:08.591-0300] {dag.py:2705} INFO - Sync 1 DAGs
[2023-04-28T18:12:08.605-0300] {logging_mixin.py:137} INFO - [2023-04-28T18:12:08.605-0300] {dag.py:3452} INFO - Setting next_dagrun for example_short_circuit_operator to 2023-04-27T21:12:08.605208+00:00, run_after=2023-04-28T21:12:08.605208+00:00
[2023-04-28T18:12:08.628-0300] {processor.py:175} INFO - Processing /home/lcscarv/projetos/indicium/desafio_5/.venv/lib/python3.8/site-packages/airflow/example_dags/example_short_circuit_operator.py took 0.068 seconds
[2023-04-28T18:12:55.448-0300] {processor.py:153} INFO - Started process (PID=5871) to work on /home/lcscarv/projetos/indicium/desafio_5/.venv/lib/python3.8/site-packages/airflow/example_dags/example_short_circuit_operator.py
[2023-04-28T18:12:55.449-0300] {processor.py:743} INFO - Processing file /home/lcscarv/projetos/indicium/desafio_5/.venv/lib/python3.8/site-packages/airflow/example_dags/example_short_circuit_operator.py for tasks to queue
[2023-04-28T18:12:55.450-0300] {logging_mixin.py:137} INFO - [2023-04-28T18:12:55.450-0300] {dagbag.py:532} INFO - Filling up the DagBag from /home/lcscarv/projetos/indicium/desafio_5/.venv/lib/python3.8/site-packages/airflow/example_dags/example_short_circuit_operator.py
[2023-04-28T18:12:55.461-0300] {processor.py:753} INFO - DAG(s) dict_keys(['example_short_circuit_operator']) retrieved from /home/lcscarv/projetos/indicium/desafio_5/.venv/lib/python3.8/site-packages/airflow/example_dags/example_short_circuit_operator.py
[2023-04-28T18:12:55.477-0300] {logging_mixin.py:137} INFO - [2023-04-28T18:12:55.477-0300] {dag.py:2705} INFO - Sync 1 DAGs
[2023-04-28T18:12:55.491-0300] {logging_mixin.py:137} INFO - [2023-04-28T18:12:55.491-0300] {dag.py:3452} INFO - Setting next_dagrun for example_short_circuit_operator to 2023-04-27T21:12:55.490874+00:00, run_after=2023-04-28T21:12:55.490874+00:00
[2023-04-28T18:12:55.513-0300] {processor.py:175} INFO - Processing /home/lcscarv/projetos/indicium/desafio_5/.venv/lib/python3.8/site-packages/airflow/example_dags/example_short_circuit_operator.py took 0.066 seconds
[2023-04-28T18:13:39.608-0300] {processor.py:153} INFO - Started process (PID=5912) to work on /home/lcscarv/projetos/indicium/desafio_5/.venv/lib/python3.8/site-packages/airflow/example_dags/example_short_circuit_operator.py
[2023-04-28T18:13:39.609-0300] {processor.py:743} INFO - Processing file /home/lcscarv/projetos/indicium/desafio_5/.venv/lib/python3.8/site-packages/airflow/example_dags/example_short_circuit_operator.py for tasks to queue
[2023-04-28T18:13:39.609-0300] {logging_mixin.py:137} INFO - [2023-04-28T18:13:39.609-0300] {dagbag.py:532} INFO - Filling up the DagBag from /home/lcscarv/projetos/indicium/desafio_5/.venv/lib/python3.8/site-packages/airflow/example_dags/example_short_circuit_operator.py
[2023-04-28T18:13:39.621-0300] {processor.py:753} INFO - DAG(s) dict_keys(['example_short_circuit_operator']) retrieved from /home/lcscarv/projetos/indicium/desafio_5/.venv/lib/python3.8/site-packages/airflow/example_dags/example_short_circuit_operator.py
[2023-04-28T18:13:39.637-0300] {logging_mixin.py:137} INFO - [2023-04-28T18:13:39.637-0300] {dag.py:2705} INFO - Sync 1 DAGs
[2023-04-28T18:13:39.652-0300] {logging_mixin.py:137} INFO - [2023-04-28T18:13:39.652-0300] {dag.py:3452} INFO - Setting next_dagrun for example_short_circuit_operator to 2023-04-27T21:13:39.651898+00:00, run_after=2023-04-28T21:13:39.651898+00:00
[2023-04-28T18:13:39.671-0300] {processor.py:175} INFO - Processing /home/lcscarv/projetos/indicium/desafio_5/.venv/lib/python3.8/site-packages/airflow/example_dags/example_short_circuit_operator.py took 0.066 seconds
[2023-04-28T18:14:16.848-0300] {processor.py:153} INFO - Started process (PID=5942) to work on /home/lcscarv/projetos/indicium/desafio_5/.venv/lib/python3.8/site-packages/airflow/example_dags/example_short_circuit_operator.py
[2023-04-28T18:14:16.962-0300] {processor.py:743} INFO - Processing file /home/lcscarv/projetos/indicium/desafio_5/.venv/lib/python3.8/site-packages/airflow/example_dags/example_short_circuit_operator.py for tasks to queue
[2023-04-28T18:14:16.964-0300] {logging_mixin.py:137} INFO - [2023-04-28T18:14:16.964-0300] {dagbag.py:532} INFO - Filling up the DagBag from /home/lcscarv/projetos/indicium/desafio_5/.venv/lib/python3.8/site-packages/airflow/example_dags/example_short_circuit_operator.py
[2023-04-28T18:14:16.979-0300] {processor.py:753} INFO - DAG(s) dict_keys(['example_short_circuit_operator']) retrieved from /home/lcscarv/projetos/indicium/desafio_5/.venv/lib/python3.8/site-packages/airflow/example_dags/example_short_circuit_operator.py
[2023-04-28T18:14:16.993-0300] {logging_mixin.py:137} INFO - [2023-04-28T18:14:16.993-0300] {dag.py:2705} INFO - Sync 1 DAGs
[2023-04-28T18:14:17.005-0300] {logging_mixin.py:137} INFO - [2023-04-28T18:14:17.005-0300] {dag.py:3452} INFO - Setting next_dagrun for example_short_circuit_operator to 2023-04-27T21:14:17.005394+00:00, run_after=2023-04-28T21:14:17.005394+00:00
[2023-04-28T18:14:17.510-0300] {processor.py:175} INFO - Processing /home/lcscarv/projetos/indicium/desafio_5/.venv/lib/python3.8/site-packages/airflow/example_dags/example_short_circuit_operator.py took 0.664 seconds
[2023-04-28T18:14:58.667-0300] {processor.py:153} INFO - Started process (PID=5978) to work on /home/lcscarv/projetos/indicium/desafio_5/.venv/lib/python3.8/site-packages/airflow/example_dags/example_short_circuit_operator.py
[2023-04-28T18:14:58.732-0300] {processor.py:743} INFO - Processing file /home/lcscarv/projetos/indicium/desafio_5/.venv/lib/python3.8/site-packages/airflow/example_dags/example_short_circuit_operator.py for tasks to queue
[2023-04-28T18:14:58.732-0300] {logging_mixin.py:137} INFO - [2023-04-28T18:14:58.732-0300] {dagbag.py:532} INFO - Filling up the DagBag from /home/lcscarv/projetos/indicium/desafio_5/.venv/lib/python3.8/site-packages/airflow/example_dags/example_short_circuit_operator.py
[2023-04-28T18:14:58.742-0300] {processor.py:753} INFO - DAG(s) dict_keys(['example_short_circuit_operator']) retrieved from /home/lcscarv/projetos/indicium/desafio_5/.venv/lib/python3.8/site-packages/airflow/example_dags/example_short_circuit_operator.py
[2023-04-28T18:14:58.757-0300] {logging_mixin.py:137} INFO - [2023-04-28T18:14:58.757-0300] {dag.py:2705} INFO - Sync 1 DAGs
[2023-04-28T18:14:58.769-0300] {logging_mixin.py:137} INFO - [2023-04-28T18:14:58.769-0300] {dag.py:3452} INFO - Setting next_dagrun for example_short_circuit_operator to 2023-04-27T21:14:58.769214+00:00, run_after=2023-04-28T21:14:58.769214+00:00
[2023-04-28T18:14:59.243-0300] {processor.py:175} INFO - Processing /home/lcscarv/projetos/indicium/desafio_5/.venv/lib/python3.8/site-packages/airflow/example_dags/example_short_circuit_operator.py took 0.578 seconds
[2023-04-28T18:15:41.543-0300] {processor.py:153} INFO - Started process (PID=6063) to work on /home/lcscarv/projetos/indicium/desafio_5/.venv/lib/python3.8/site-packages/airflow/example_dags/example_short_circuit_operator.py
[2023-04-28T18:15:41.544-0300] {processor.py:743} INFO - Processing file /home/lcscarv/projetos/indicium/desafio_5/.venv/lib/python3.8/site-packages/airflow/example_dags/example_short_circuit_operator.py for tasks to queue
[2023-04-28T18:15:41.545-0300] {logging_mixin.py:137} INFO - [2023-04-28T18:15:41.545-0300] {dagbag.py:532} INFO - Filling up the DagBag from /home/lcscarv/projetos/indicium/desafio_5/.venv/lib/python3.8/site-packages/airflow/example_dags/example_short_circuit_operator.py
[2023-04-28T18:15:41.555-0300] {processor.py:753} INFO - DAG(s) dict_keys(['example_short_circuit_operator']) retrieved from /home/lcscarv/projetos/indicium/desafio_5/.venv/lib/python3.8/site-packages/airflow/example_dags/example_short_circuit_operator.py
[2023-04-28T18:15:41.572-0300] {logging_mixin.py:137} INFO - [2023-04-28T18:15:41.571-0300] {dag.py:2705} INFO - Sync 1 DAGs
[2023-04-28T18:15:41.585-0300] {logging_mixin.py:137} INFO - [2023-04-28T18:15:41.585-0300] {dag.py:3452} INFO - Setting next_dagrun for example_short_circuit_operator to 2023-04-27T21:15:41.585599+00:00, run_after=2023-04-28T21:15:41.585599+00:00
[2023-04-28T18:15:41.662-0300] {processor.py:175} INFO - Processing /home/lcscarv/projetos/indicium/desafio_5/.venv/lib/python3.8/site-packages/airflow/example_dags/example_short_circuit_operator.py took 0.121 seconds
[2023-04-28T18:16:17.821-0300] {processor.py:153} INFO - Started process (PID=6095) to work on /home/lcscarv/projetos/indicium/desafio_5/.venv/lib/python3.8/site-packages/airflow/example_dags/example_short_circuit_operator.py
[2023-04-28T18:16:17.823-0300] {processor.py:743} INFO - Processing file /home/lcscarv/projetos/indicium/desafio_5/.venv/lib/python3.8/site-packages/airflow/example_dags/example_short_circuit_operator.py for tasks to queue
[2023-04-28T18:16:17.823-0300] {logging_mixin.py:137} INFO - [2023-04-28T18:16:17.823-0300] {dagbag.py:532} INFO - Filling up the DagBag from /home/lcscarv/projetos/indicium/desafio_5/.venv/lib/python3.8/site-packages/airflow/example_dags/example_short_circuit_operator.py
[2023-04-28T18:16:17.834-0300] {processor.py:753} INFO - DAG(s) dict_keys(['example_short_circuit_operator']) retrieved from /home/lcscarv/projetos/indicium/desafio_5/.venv/lib/python3.8/site-packages/airflow/example_dags/example_short_circuit_operator.py
[2023-04-28T18:16:17.852-0300] {logging_mixin.py:137} INFO - [2023-04-28T18:16:17.851-0300] {dag.py:2705} INFO - Sync 1 DAGs
[2023-04-28T18:16:17.957-0300] {logging_mixin.py:137} INFO - [2023-04-28T18:16:17.957-0300] {dag.py:3452} INFO - Setting next_dagrun for example_short_circuit_operator to 2023-04-27T21:16:17.957109+00:00, run_after=2023-04-28T21:16:17.957109+00:00
[2023-04-28T18:16:17.987-0300] {processor.py:175} INFO - Processing /home/lcscarv/projetos/indicium/desafio_5/.venv/lib/python3.8/site-packages/airflow/example_dags/example_short_circuit_operator.py took 0.168 seconds
[2023-04-28T18:16:54.498-0300] {processor.py:153} INFO - Started process (PID=6128) to work on /home/lcscarv/projetos/indicium/desafio_5/.venv/lib/python3.8/site-packages/airflow/example_dags/example_short_circuit_operator.py
[2023-04-28T18:16:54.542-0300] {processor.py:743} INFO - Processing file /home/lcscarv/projetos/indicium/desafio_5/.venv/lib/python3.8/site-packages/airflow/example_dags/example_short_circuit_operator.py for tasks to queue
[2023-04-28T18:16:54.543-0300] {logging_mixin.py:137} INFO - [2023-04-28T18:16:54.543-0300] {dagbag.py:532} INFO - Filling up the DagBag from /home/lcscarv/projetos/indicium/desafio_5/.venv/lib/python3.8/site-packages/airflow/example_dags/example_short_circuit_operator.py
[2023-04-28T18:16:54.554-0300] {processor.py:753} INFO - DAG(s) dict_keys(['example_short_circuit_operator']) retrieved from /home/lcscarv/projetos/indicium/desafio_5/.venv/lib/python3.8/site-packages/airflow/example_dags/example_short_circuit_operator.py
[2023-04-28T18:16:54.575-0300] {logging_mixin.py:137} INFO - [2023-04-28T18:16:54.575-0300] {dag.py:2705} INFO - Sync 1 DAGs
[2023-04-28T18:16:54.647-0300] {logging_mixin.py:137} INFO - [2023-04-28T18:16:54.647-0300] {dag.py:3452} INFO - Setting next_dagrun for example_short_circuit_operator to 2023-04-27T21:16:54.647008+00:00, run_after=2023-04-28T21:16:54.647008+00:00
[2023-04-28T18:16:55.469-0300] {processor.py:175} INFO - Processing /home/lcscarv/projetos/indicium/desafio_5/.venv/lib/python3.8/site-packages/airflow/example_dags/example_short_circuit_operator.py took 0.973 seconds
[2023-04-28T18:17:36.249-0300] {processor.py:153} INFO - Started process (PID=6162) to work on /home/lcscarv/projetos/indicium/desafio_5/.venv/lib/python3.8/site-packages/airflow/example_dags/example_short_circuit_operator.py
[2023-04-28T18:17:36.352-0300] {processor.py:743} INFO - Processing file /home/lcscarv/projetos/indicium/desafio_5/.venv/lib/python3.8/site-packages/airflow/example_dags/example_short_circuit_operator.py for tasks to queue
[2023-04-28T18:17:36.353-0300] {logging_mixin.py:137} INFO - [2023-04-28T18:17:36.353-0300] {dagbag.py:532} INFO - Filling up the DagBag from /home/lcscarv/projetos/indicium/desafio_5/.venv/lib/python3.8/site-packages/airflow/example_dags/example_short_circuit_operator.py
[2023-04-28T18:17:36.365-0300] {processor.py:753} INFO - DAG(s) dict_keys(['example_short_circuit_operator']) retrieved from /home/lcscarv/projetos/indicium/desafio_5/.venv/lib/python3.8/site-packages/airflow/example_dags/example_short_circuit_operator.py
[2023-04-28T18:17:36.435-0300] {logging_mixin.py:137} INFO - [2023-04-28T18:17:36.435-0300] {dag.py:2705} INFO - Sync 1 DAGs
[2023-04-28T18:17:36.445-0300] {logging_mixin.py:137} INFO - [2023-04-28T18:17:36.445-0300] {dag.py:3452} INFO - Setting next_dagrun for example_short_circuit_operator to 2023-04-27T21:17:36.445635+00:00, run_after=2023-04-28T21:17:36.445635+00:00
[2023-04-28T18:17:36.485-0300] {processor.py:175} INFO - Processing /home/lcscarv/projetos/indicium/desafio_5/.venv/lib/python3.8/site-packages/airflow/example_dags/example_short_circuit_operator.py took 0.238 seconds
[2023-04-28T18:18:10.090-0300] {processor.py:153} INFO - Started process (PID=6194) to work on /home/lcscarv/projetos/indicium/desafio_5/.venv/lib/python3.8/site-packages/airflow/example_dags/example_short_circuit_operator.py
[2023-04-28T18:18:10.169-0300] {processor.py:743} INFO - Processing file /home/lcscarv/projetos/indicium/desafio_5/.venv/lib/python3.8/site-packages/airflow/example_dags/example_short_circuit_operator.py for tasks to queue
[2023-04-28T18:18:10.171-0300] {logging_mixin.py:137} INFO - [2023-04-28T18:18:10.171-0300] {dagbag.py:532} INFO - Filling up the DagBag from /home/lcscarv/projetos/indicium/desafio_5/.venv/lib/python3.8/site-packages/airflow/example_dags/example_short_circuit_operator.py
[2023-04-28T18:18:10.187-0300] {processor.py:753} INFO - DAG(s) dict_keys(['example_short_circuit_operator']) retrieved from /home/lcscarv/projetos/indicium/desafio_5/.venv/lib/python3.8/site-packages/airflow/example_dags/example_short_circuit_operator.py
[2023-04-28T18:18:10.203-0300] {logging_mixin.py:137} INFO - [2023-04-28T18:18:10.203-0300] {dag.py:2705} INFO - Sync 1 DAGs
[2023-04-28T18:18:10.216-0300] {logging_mixin.py:137} INFO - [2023-04-28T18:18:10.216-0300] {dag.py:3452} INFO - Setting next_dagrun for example_short_circuit_operator to 2023-04-27T21:18:10.216118+00:00, run_after=2023-04-28T21:18:10.216118+00:00
[2023-04-28T18:18:10.318-0300] {processor.py:175} INFO - Processing /home/lcscarv/projetos/indicium/desafio_5/.venv/lib/python3.8/site-packages/airflow/example_dags/example_short_circuit_operator.py took 0.231 seconds
[2023-04-28T18:18:52.788-0300] {processor.py:153} INFO - Started process (PID=6235) to work on /home/lcscarv/projetos/indicium/desafio_5/.venv/lib/python3.8/site-packages/airflow/example_dags/example_short_circuit_operator.py
[2023-04-28T18:18:52.833-0300] {processor.py:743} INFO - Processing file /home/lcscarv/projetos/indicium/desafio_5/.venv/lib/python3.8/site-packages/airflow/example_dags/example_short_circuit_operator.py for tasks to queue
[2023-04-28T18:18:52.834-0300] {logging_mixin.py:137} INFO - [2023-04-28T18:18:52.834-0300] {dagbag.py:532} INFO - Filling up the DagBag from /home/lcscarv/projetos/indicium/desafio_5/.venv/lib/python3.8/site-packages/airflow/example_dags/example_short_circuit_operator.py
[2023-04-28T18:18:52.847-0300] {processor.py:753} INFO - DAG(s) dict_keys(['example_short_circuit_operator']) retrieved from /home/lcscarv/projetos/indicium/desafio_5/.venv/lib/python3.8/site-packages/airflow/example_dags/example_short_circuit_operator.py
[2023-04-28T18:18:52.869-0300] {logging_mixin.py:137} INFO - [2023-04-28T18:18:52.869-0300] {dag.py:2705} INFO - Sync 1 DAGs
[2023-04-28T18:18:52.883-0300] {logging_mixin.py:137} INFO - [2023-04-28T18:18:52.882-0300] {dag.py:3452} INFO - Setting next_dagrun for example_short_circuit_operator to 2023-04-27T21:18:52.882686+00:00, run_after=2023-04-28T21:18:52.882686+00:00
[2023-04-28T18:18:53.007-0300] {processor.py:175} INFO - Processing /home/lcscarv/projetos/indicium/desafio_5/.venv/lib/python3.8/site-packages/airflow/example_dags/example_short_circuit_operator.py took 0.221 seconds
[2023-04-28T18:19:38.307-0300] {processor.py:153} INFO - Started process (PID=6277) to work on /home/lcscarv/projetos/indicium/desafio_5/.venv/lib/python3.8/site-packages/airflow/example_dags/example_short_circuit_operator.py
[2023-04-28T18:19:38.308-0300] {processor.py:743} INFO - Processing file /home/lcscarv/projetos/indicium/desafio_5/.venv/lib/python3.8/site-packages/airflow/example_dags/example_short_circuit_operator.py for tasks to queue
[2023-04-28T18:19:38.309-0300] {logging_mixin.py:137} INFO - [2023-04-28T18:19:38.309-0300] {dagbag.py:532} INFO - Filling up the DagBag from /home/lcscarv/projetos/indicium/desafio_5/.venv/lib/python3.8/site-packages/airflow/example_dags/example_short_circuit_operator.py
[2023-04-28T18:19:38.323-0300] {processor.py:753} INFO - DAG(s) dict_keys(['example_short_circuit_operator']) retrieved from /home/lcscarv/projetos/indicium/desafio_5/.venv/lib/python3.8/site-packages/airflow/example_dags/example_short_circuit_operator.py
[2023-04-28T18:19:38.342-0300] {logging_mixin.py:137} INFO - [2023-04-28T18:19:38.342-0300] {dag.py:2705} INFO - Sync 1 DAGs
[2023-04-28T18:19:38.359-0300] {logging_mixin.py:137} INFO - [2023-04-28T18:19:38.359-0300] {dag.py:3452} INFO - Setting next_dagrun for example_short_circuit_operator to 2023-04-27T21:19:38.359578+00:00, run_after=2023-04-28T21:19:38.359578+00:00
[2023-04-28T18:19:38.457-0300] {processor.py:175} INFO - Processing /home/lcscarv/projetos/indicium/desafio_5/.venv/lib/python3.8/site-packages/airflow/example_dags/example_short_circuit_operator.py took 0.152 seconds
[2023-04-28T18:20:10.429-0300] {processor.py:153} INFO - Started process (PID=6306) to work on /home/lcscarv/projetos/indicium/desafio_5/.venv/lib/python3.8/site-packages/airflow/example_dags/example_short_circuit_operator.py
[2023-04-28T18:20:10.430-0300] {processor.py:743} INFO - Processing file /home/lcscarv/projetos/indicium/desafio_5/.venv/lib/python3.8/site-packages/airflow/example_dags/example_short_circuit_operator.py for tasks to queue
[2023-04-28T18:20:10.430-0300] {logging_mixin.py:137} INFO - [2023-04-28T18:20:10.430-0300] {dagbag.py:532} INFO - Filling up the DagBag from /home/lcscarv/projetos/indicium/desafio_5/.venv/lib/python3.8/site-packages/airflow/example_dags/example_short_circuit_operator.py
[2023-04-28T18:20:10.440-0300] {processor.py:753} INFO - DAG(s) dict_keys(['example_short_circuit_operator']) retrieved from /home/lcscarv/projetos/indicium/desafio_5/.venv/lib/python3.8/site-packages/airflow/example_dags/example_short_circuit_operator.py
[2023-04-28T18:20:10.456-0300] {logging_mixin.py:137} INFO - [2023-04-28T18:20:10.456-0300] {dag.py:2705} INFO - Sync 1 DAGs
[2023-04-28T18:20:10.524-0300] {logging_mixin.py:137} INFO - [2023-04-28T18:20:10.523-0300] {dag.py:3452} INFO - Setting next_dagrun for example_short_circuit_operator to 2023-04-27T21:20:10.523848+00:00, run_after=2023-04-28T21:20:10.523848+00:00
[2023-04-28T18:20:10.555-0300] {processor.py:175} INFO - Processing /home/lcscarv/projetos/indicium/desafio_5/.venv/lib/python3.8/site-packages/airflow/example_dags/example_short_circuit_operator.py took 0.127 seconds
[2023-04-28T18:20:45.157-0300] {processor.py:153} INFO - Started process (PID=6389) to work on /home/lcscarv/projetos/indicium/desafio_5/.venv/lib/python3.8/site-packages/airflow/example_dags/example_short_circuit_operator.py
[2023-04-28T18:20:45.158-0300] {processor.py:743} INFO - Processing file /home/lcscarv/projetos/indicium/desafio_5/.venv/lib/python3.8/site-packages/airflow/example_dags/example_short_circuit_operator.py for tasks to queue
[2023-04-28T18:20:45.159-0300] {logging_mixin.py:137} INFO - [2023-04-28T18:20:45.159-0300] {dagbag.py:532} INFO - Filling up the DagBag from /home/lcscarv/projetos/indicium/desafio_5/.venv/lib/python3.8/site-packages/airflow/example_dags/example_short_circuit_operator.py
[2023-04-28T18:20:45.174-0300] {processor.py:753} INFO - DAG(s) dict_keys(['example_short_circuit_operator']) retrieved from /home/lcscarv/projetos/indicium/desafio_5/.venv/lib/python3.8/site-packages/airflow/example_dags/example_short_circuit_operator.py
[2023-04-28T18:20:45.202-0300] {logging_mixin.py:137} INFO - [2023-04-28T18:20:45.201-0300] {dag.py:2705} INFO - Sync 1 DAGs
[2023-04-28T18:20:45.285-0300] {logging_mixin.py:137} INFO - [2023-04-28T18:20:45.285-0300] {dag.py:3452} INFO - Setting next_dagrun for example_short_circuit_operator to 2023-04-27T21:20:45.285370+00:00, run_after=2023-04-28T21:20:45.285370+00:00
[2023-04-28T18:20:45.301-0300] {processor.py:175} INFO - Processing /home/lcscarv/projetos/indicium/desafio_5/.venv/lib/python3.8/site-packages/airflow/example_dags/example_short_circuit_operator.py took 0.147 seconds
[2023-04-28T18:21:16.854-0300] {processor.py:153} INFO - Started process (PID=6418) to work on /home/lcscarv/projetos/indicium/desafio_5/.venv/lib/python3.8/site-packages/airflow/example_dags/example_short_circuit_operator.py
[2023-04-28T18:21:16.855-0300] {processor.py:743} INFO - Processing file /home/lcscarv/projetos/indicium/desafio_5/.venv/lib/python3.8/site-packages/airflow/example_dags/example_short_circuit_operator.py for tasks to queue
[2023-04-28T18:21:16.855-0300] {logging_mixin.py:137} INFO - [2023-04-28T18:21:16.855-0300] {dagbag.py:532} INFO - Filling up the DagBag from /home/lcscarv/projetos/indicium/desafio_5/.venv/lib/python3.8/site-packages/airflow/example_dags/example_short_circuit_operator.py
[2023-04-28T18:21:16.868-0300] {processor.py:753} INFO - DAG(s) dict_keys(['example_short_circuit_operator']) retrieved from /home/lcscarv/projetos/indicium/desafio_5/.venv/lib/python3.8/site-packages/airflow/example_dags/example_short_circuit_operator.py
[2023-04-28T18:21:16.954-0300] {logging_mixin.py:137} INFO - [2023-04-28T18:21:16.953-0300] {dag.py:2705} INFO - Sync 1 DAGs
[2023-04-28T18:21:16.968-0300] {logging_mixin.py:137} INFO - [2023-04-28T18:21:16.968-0300] {dag.py:3452} INFO - Setting next_dagrun for example_short_circuit_operator to 2023-04-27T21:21:16.968437+00:00, run_after=2023-04-28T21:21:16.968437+00:00
[2023-04-28T18:21:16.989-0300] {processor.py:175} INFO - Processing /home/lcscarv/projetos/indicium/desafio_5/.venv/lib/python3.8/site-packages/airflow/example_dags/example_short_circuit_operator.py took 0.137 seconds
