[2023-04-28T18:00:17.421-0300] {processor.py:153} INFO - Started process (PID=4481) to work on /home/lcscarv/projetos/indicium/desafio_5/.venv/lib/python3.8/site-packages/airflow/example_dags/example_task_group.py
[2023-04-28T18:00:17.422-0300] {processor.py:743} INFO - Processing file /home/lcscarv/projetos/indicium/desafio_5/.venv/lib/python3.8/site-packages/airflow/example_dags/example_task_group.py for tasks to queue
[2023-04-28T18:00:17.422-0300] {logging_mixin.py:137} INFO - [2023-04-28T18:00:17.422-0300] {dagbag.py:532} INFO - Filling up the DagBag from /home/lcscarv/projetos/indicium/desafio_5/.venv/lib/python3.8/site-packages/airflow/example_dags/example_task_group.py
[2023-04-28T18:00:17.444-0300] {processor.py:753} INFO - DAG(s) dict_keys(['example_task_group']) retrieved from /home/lcscarv/projetos/indicium/desafio_5/.venv/lib/python3.8/site-packages/airflow/example_dags/example_task_group.py
[2023-04-28T18:00:17.478-0300] {logging_mixin.py:137} INFO - [2023-04-28T18:00:17.478-0300] {dag.py:2705} INFO - Sync 1 DAGs
[2023-04-28T18:00:17.504-0300] {logging_mixin.py:137} INFO - [2023-04-28T18:00:17.504-0300] {dag.py:3452} INFO - Setting next_dagrun for example_task_group to 2023-04-27T21:00:17.504427+00:00, run_after=2023-04-28T21:00:17.504427+00:00
[2023-04-28T18:00:17.540-0300] {processor.py:175} INFO - Processing /home/lcscarv/projetos/indicium/desafio_5/.venv/lib/python3.8/site-packages/airflow/example_dags/example_task_group.py took 0.124 seconds
[2023-04-28T18:01:00.118-0300] {processor.py:153} INFO - Started process (PID=4627) to work on /home/lcscarv/projetos/indicium/desafio_5/.venv/lib/python3.8/site-packages/airflow/example_dags/example_task_group.py
[2023-04-28T18:01:00.119-0300] {processor.py:743} INFO - Processing file /home/lcscarv/projetos/indicium/desafio_5/.venv/lib/python3.8/site-packages/airflow/example_dags/example_task_group.py for tasks to queue
[2023-04-28T18:01:00.120-0300] {logging_mixin.py:137} INFO - [2023-04-28T18:01:00.120-0300] {dagbag.py:532} INFO - Filling up the DagBag from /home/lcscarv/projetos/indicium/desafio_5/.venv/lib/python3.8/site-packages/airflow/example_dags/example_task_group.py
[2023-04-28T18:01:00.134-0300] {processor.py:753} INFO - DAG(s) dict_keys(['example_task_group']) retrieved from /home/lcscarv/projetos/indicium/desafio_5/.venv/lib/python3.8/site-packages/airflow/example_dags/example_task_group.py
[2023-04-28T18:01:00.154-0300] {logging_mixin.py:137} INFO - [2023-04-28T18:01:00.154-0300] {dag.py:2705} INFO - Sync 1 DAGs
[2023-04-28T18:01:00.169-0300] {logging_mixin.py:137} INFO - [2023-04-28T18:01:00.169-0300] {dag.py:3452} INFO - Setting next_dagrun for example_task_group to 2023-04-27T21:01:00.169125+00:00, run_after=2023-04-28T21:01:00.169125+00:00
[2023-04-28T18:01:00.191-0300] {processor.py:175} INFO - Processing /home/lcscarv/projetos/indicium/desafio_5/.venv/lib/python3.8/site-packages/airflow/example_dags/example_task_group.py took 0.075 seconds
[2023-04-28T18:01:40.546-0300] {processor.py:153} INFO - Started process (PID=4664) to work on /home/lcscarv/projetos/indicium/desafio_5/.venv/lib/python3.8/site-packages/airflow/example_dags/example_task_group.py
[2023-04-28T18:01:40.547-0300] {processor.py:743} INFO - Processing file /home/lcscarv/projetos/indicium/desafio_5/.venv/lib/python3.8/site-packages/airflow/example_dags/example_task_group.py for tasks to queue
[2023-04-28T18:01:40.547-0300] {logging_mixin.py:137} INFO - [2023-04-28T18:01:40.547-0300] {dagbag.py:532} INFO - Filling up the DagBag from /home/lcscarv/projetos/indicium/desafio_5/.venv/lib/python3.8/site-packages/airflow/example_dags/example_task_group.py
[2023-04-28T18:01:40.561-0300] {processor.py:753} INFO - DAG(s) dict_keys(['example_task_group']) retrieved from /home/lcscarv/projetos/indicium/desafio_5/.venv/lib/python3.8/site-packages/airflow/example_dags/example_task_group.py
[2023-04-28T18:01:40.579-0300] {logging_mixin.py:137} INFO - [2023-04-28T18:01:40.579-0300] {dag.py:2705} INFO - Sync 1 DAGs
[2023-04-28T18:01:40.595-0300] {logging_mixin.py:137} INFO - [2023-04-28T18:01:40.595-0300] {dag.py:3452} INFO - Setting next_dagrun for example_task_group to 2023-04-27T21:01:40.595055+00:00, run_after=2023-04-28T21:01:40.595055+00:00
[2023-04-28T18:01:40.614-0300] {processor.py:175} INFO - Processing /home/lcscarv/projetos/indicium/desafio_5/.venv/lib/python3.8/site-packages/airflow/example_dags/example_task_group.py took 0.071 seconds
[2023-04-28T18:02:23.010-0300] {processor.py:153} INFO - Started process (PID=4745) to work on /home/lcscarv/projetos/indicium/desafio_5/.venv/lib/python3.8/site-packages/airflow/example_dags/example_task_group.py
[2023-04-28T18:02:23.012-0300] {processor.py:743} INFO - Processing file /home/lcscarv/projetos/indicium/desafio_5/.venv/lib/python3.8/site-packages/airflow/example_dags/example_task_group.py for tasks to queue
[2023-04-28T18:02:23.014-0300] {logging_mixin.py:137} INFO - [2023-04-28T18:02:23.013-0300] {dagbag.py:532} INFO - Filling up the DagBag from /home/lcscarv/projetos/indicium/desafio_5/.venv/lib/python3.8/site-packages/airflow/example_dags/example_task_group.py
[2023-04-28T18:02:23.047-0300] {processor.py:753} INFO - DAG(s) dict_keys(['example_task_group']) retrieved from /home/lcscarv/projetos/indicium/desafio_5/.venv/lib/python3.8/site-packages/airflow/example_dags/example_task_group.py
[2023-04-28T18:02:23.088-0300] {logging_mixin.py:137} INFO - [2023-04-28T18:02:23.088-0300] {dag.py:2705} INFO - Sync 1 DAGs
[2023-04-28T18:02:23.131-0300] {logging_mixin.py:137} INFO - [2023-04-28T18:02:23.131-0300] {dag.py:3452} INFO - Setting next_dagrun for example_task_group to 2023-04-27T21:02:23.130647+00:00, run_after=2023-04-28T21:02:23.130647+00:00
[2023-04-28T18:02:23.174-0300] {processor.py:175} INFO - Processing /home/lcscarv/projetos/indicium/desafio_5/.venv/lib/python3.8/site-packages/airflow/example_dags/example_task_group.py took 0.172 seconds
[2023-04-28T18:03:11.082-0300] {processor.py:153} INFO - Started process (PID=4837) to work on /home/lcscarv/projetos/indicium/desafio_5/.venv/lib/python3.8/site-packages/airflow/example_dags/example_task_group.py
[2023-04-28T18:03:11.083-0300] {processor.py:743} INFO - Processing file /home/lcscarv/projetos/indicium/desafio_5/.venv/lib/python3.8/site-packages/airflow/example_dags/example_task_group.py for tasks to queue
[2023-04-28T18:03:11.083-0300] {logging_mixin.py:137} INFO - [2023-04-28T18:03:11.083-0300] {dagbag.py:532} INFO - Filling up the DagBag from /home/lcscarv/projetos/indicium/desafio_5/.venv/lib/python3.8/site-packages/airflow/example_dags/example_task_group.py
[2023-04-28T18:03:11.094-0300] {processor.py:753} INFO - DAG(s) dict_keys(['example_task_group']) retrieved from /home/lcscarv/projetos/indicium/desafio_5/.venv/lib/python3.8/site-packages/airflow/example_dags/example_task_group.py
[2023-04-28T18:03:11.109-0300] {logging_mixin.py:137} INFO - [2023-04-28T18:03:11.109-0300] {dag.py:2705} INFO - Sync 1 DAGs
[2023-04-28T18:03:11.125-0300] {logging_mixin.py:137} INFO - [2023-04-28T18:03:11.124-0300] {dag.py:3452} INFO - Setting next_dagrun for example_task_group to 2023-04-27T21:03:11.124818+00:00, run_after=2023-04-28T21:03:11.124818+00:00
[2023-04-28T18:03:11.141-0300] {processor.py:175} INFO - Processing /home/lcscarv/projetos/indicium/desafio_5/.venv/lib/python3.8/site-packages/airflow/example_dags/example_task_group.py took 0.062 seconds
[2023-04-28T18:03:55.015-0300] {processor.py:153} INFO - Started process (PID=4879) to work on /home/lcscarv/projetos/indicium/desafio_5/.venv/lib/python3.8/site-packages/airflow/example_dags/example_task_group.py
[2023-04-28T18:03:55.017-0300] {processor.py:743} INFO - Processing file /home/lcscarv/projetos/indicium/desafio_5/.venv/lib/python3.8/site-packages/airflow/example_dags/example_task_group.py for tasks to queue
[2023-04-28T18:03:55.018-0300] {logging_mixin.py:137} INFO - [2023-04-28T18:03:55.017-0300] {dagbag.py:532} INFO - Filling up the DagBag from /home/lcscarv/projetos/indicium/desafio_5/.venv/lib/python3.8/site-packages/airflow/example_dags/example_task_group.py
[2023-04-28T18:03:55.028-0300] {processor.py:753} INFO - DAG(s) dict_keys(['example_task_group']) retrieved from /home/lcscarv/projetos/indicium/desafio_5/.venv/lib/python3.8/site-packages/airflow/example_dags/example_task_group.py
[2023-04-28T18:03:55.048-0300] {logging_mixin.py:137} INFO - [2023-04-28T18:03:55.048-0300] {dag.py:2705} INFO - Sync 1 DAGs
[2023-04-28T18:03:55.062-0300] {logging_mixin.py:137} INFO - [2023-04-28T18:03:55.062-0300] {dag.py:3452} INFO - Setting next_dagrun for example_task_group to 2023-04-27T21:03:55.061871+00:00, run_after=2023-04-28T21:03:55.061871+00:00
[2023-04-28T18:03:55.084-0300] {processor.py:175} INFO - Processing /home/lcscarv/projetos/indicium/desafio_5/.venv/lib/python3.8/site-packages/airflow/example_dags/example_task_group.py took 0.073 seconds
[2023-04-28T18:04:31.031-0300] {processor.py:153} INFO - Started process (PID=4918) to work on /home/lcscarv/projetos/indicium/desafio_5/.venv/lib/python3.8/site-packages/airflow/example_dags/example_task_group.py
[2023-04-28T18:04:31.032-0300] {processor.py:743} INFO - Processing file /home/lcscarv/projetos/indicium/desafio_5/.venv/lib/python3.8/site-packages/airflow/example_dags/example_task_group.py for tasks to queue
[2023-04-28T18:04:31.032-0300] {logging_mixin.py:137} INFO - [2023-04-28T18:04:31.032-0300] {dagbag.py:532} INFO - Filling up the DagBag from /home/lcscarv/projetos/indicium/desafio_5/.venv/lib/python3.8/site-packages/airflow/example_dags/example_task_group.py
[2023-04-28T18:04:31.043-0300] {processor.py:753} INFO - DAG(s) dict_keys(['example_task_group']) retrieved from /home/lcscarv/projetos/indicium/desafio_5/.venv/lib/python3.8/site-packages/airflow/example_dags/example_task_group.py
[2023-04-28T18:04:31.058-0300] {logging_mixin.py:137} INFO - [2023-04-28T18:04:31.058-0300] {dag.py:2705} INFO - Sync 1 DAGs
[2023-04-28T18:04:31.070-0300] {logging_mixin.py:137} INFO - [2023-04-28T18:04:31.070-0300] {dag.py:3452} INFO - Setting next_dagrun for example_task_group to 2023-04-27T21:04:31.070239+00:00, run_after=2023-04-28T21:04:31.070239+00:00
[2023-04-28T18:04:31.087-0300] {processor.py:175} INFO - Processing /home/lcscarv/projetos/indicium/desafio_5/.venv/lib/python3.8/site-packages/airflow/example_dags/example_task_group.py took 0.058 seconds
[2023-04-28T18:05:17.129-0300] {processor.py:153} INFO - Started process (PID=5065) to work on /home/lcscarv/projetos/indicium/desafio_5/.venv/lib/python3.8/site-packages/airflow/example_dags/example_task_group.py
[2023-04-28T18:05:17.131-0300] {processor.py:743} INFO - Processing file /home/lcscarv/projetos/indicium/desafio_5/.venv/lib/python3.8/site-packages/airflow/example_dags/example_task_group.py for tasks to queue
[2023-04-28T18:05:17.132-0300] {logging_mixin.py:137} INFO - [2023-04-28T18:05:17.132-0300] {dagbag.py:532} INFO - Filling up the DagBag from /home/lcscarv/projetos/indicium/desafio_5/.venv/lib/python3.8/site-packages/airflow/example_dags/example_task_group.py
[2023-04-28T18:05:17.143-0300] {processor.py:753} INFO - DAG(s) dict_keys(['example_task_group']) retrieved from /home/lcscarv/projetos/indicium/desafio_5/.venv/lib/python3.8/site-packages/airflow/example_dags/example_task_group.py
[2023-04-28T18:05:17.156-0300] {logging_mixin.py:137} INFO - [2023-04-28T18:05:17.156-0300] {dag.py:2705} INFO - Sync 1 DAGs
[2023-04-28T18:05:17.169-0300] {logging_mixin.py:137} INFO - [2023-04-28T18:05:17.169-0300] {dag.py:3452} INFO - Setting next_dagrun for example_task_group to 2023-04-27T21:05:17.169284+00:00, run_after=2023-04-28T21:05:17.169284+00:00
[2023-04-28T18:05:17.187-0300] {processor.py:175} INFO - Processing /home/lcscarv/projetos/indicium/desafio_5/.venv/lib/python3.8/site-packages/airflow/example_dags/example_task_group.py took 0.066 seconds
[2023-04-28T18:05:50.665-0300] {processor.py:153} INFO - Started process (PID=5100) to work on /home/lcscarv/projetos/indicium/desafio_5/.venv/lib/python3.8/site-packages/airflow/example_dags/example_task_group.py
[2023-04-28T18:05:50.667-0300] {processor.py:743} INFO - Processing file /home/lcscarv/projetos/indicium/desafio_5/.venv/lib/python3.8/site-packages/airflow/example_dags/example_task_group.py for tasks to queue
[2023-04-28T18:05:50.667-0300] {logging_mixin.py:137} INFO - [2023-04-28T18:05:50.667-0300] {dagbag.py:532} INFO - Filling up the DagBag from /home/lcscarv/projetos/indicium/desafio_5/.venv/lib/python3.8/site-packages/airflow/example_dags/example_task_group.py
[2023-04-28T18:05:50.677-0300] {processor.py:753} INFO - DAG(s) dict_keys(['example_task_group']) retrieved from /home/lcscarv/projetos/indicium/desafio_5/.venv/lib/python3.8/site-packages/airflow/example_dags/example_task_group.py
[2023-04-28T18:05:50.690-0300] {logging_mixin.py:137} INFO - [2023-04-28T18:05:50.690-0300] {dag.py:2705} INFO - Sync 1 DAGs
[2023-04-28T18:05:50.702-0300] {logging_mixin.py:137} INFO - [2023-04-28T18:05:50.702-0300] {dag.py:3452} INFO - Setting next_dagrun for example_task_group to 2023-04-27T21:05:50.702171+00:00, run_after=2023-04-28T21:05:50.702171+00:00
[2023-04-28T18:05:50.720-0300] {processor.py:175} INFO - Processing /home/lcscarv/projetos/indicium/desafio_5/.venv/lib/python3.8/site-packages/airflow/example_dags/example_task_group.py took 0.056 seconds
[2023-04-28T18:06:26.716-0300] {processor.py:153} INFO - Started process (PID=5136) to work on /home/lcscarv/projetos/indicium/desafio_5/.venv/lib/python3.8/site-packages/airflow/example_dags/example_task_group.py
[2023-04-28T18:06:26.718-0300] {processor.py:743} INFO - Processing file /home/lcscarv/projetos/indicium/desafio_5/.venv/lib/python3.8/site-packages/airflow/example_dags/example_task_group.py for tasks to queue
[2023-04-28T18:06:26.718-0300] {logging_mixin.py:137} INFO - [2023-04-28T18:06:26.718-0300] {dagbag.py:532} INFO - Filling up the DagBag from /home/lcscarv/projetos/indicium/desafio_5/.venv/lib/python3.8/site-packages/airflow/example_dags/example_task_group.py
[2023-04-28T18:06:26.727-0300] {processor.py:753} INFO - DAG(s) dict_keys(['example_task_group']) retrieved from /home/lcscarv/projetos/indicium/desafio_5/.venv/lib/python3.8/site-packages/airflow/example_dags/example_task_group.py
[2023-04-28T18:06:26.740-0300] {logging_mixin.py:137} INFO - [2023-04-28T18:06:26.740-0300] {dag.py:2705} INFO - Sync 1 DAGs
[2023-04-28T18:06:26.752-0300] {logging_mixin.py:137} INFO - [2023-04-28T18:06:26.752-0300] {dag.py:3452} INFO - Setting next_dagrun for example_task_group to 2023-04-27T21:06:26.752250+00:00, run_after=2023-04-28T21:06:26.752250+00:00
[2023-04-28T18:06:26.771-0300] {processor.py:175} INFO - Processing /home/lcscarv/projetos/indicium/desafio_5/.venv/lib/python3.8/site-packages/airflow/example_dags/example_task_group.py took 0.056 seconds
[2023-04-28T18:07:11.792-0300] {processor.py:153} INFO - Started process (PID=5172) to work on /home/lcscarv/projetos/indicium/desafio_5/.venv/lib/python3.8/site-packages/airflow/example_dags/example_task_group.py
[2023-04-28T18:07:11.794-0300] {processor.py:743} INFO - Processing file /home/lcscarv/projetos/indicium/desafio_5/.venv/lib/python3.8/site-packages/airflow/example_dags/example_task_group.py for tasks to queue
[2023-04-28T18:07:11.794-0300] {logging_mixin.py:137} INFO - [2023-04-28T18:07:11.794-0300] {dagbag.py:532} INFO - Filling up the DagBag from /home/lcscarv/projetos/indicium/desafio_5/.venv/lib/python3.8/site-packages/airflow/example_dags/example_task_group.py
[2023-04-28T18:07:11.806-0300] {processor.py:753} INFO - DAG(s) dict_keys(['example_task_group']) retrieved from /home/lcscarv/projetos/indicium/desafio_5/.venv/lib/python3.8/site-packages/airflow/example_dags/example_task_group.py
[2023-04-28T18:07:11.823-0300] {logging_mixin.py:137} INFO - [2023-04-28T18:07:11.822-0300] {dag.py:2705} INFO - Sync 1 DAGs
[2023-04-28T18:07:11.838-0300] {logging_mixin.py:137} INFO - [2023-04-28T18:07:11.837-0300] {dag.py:3452} INFO - Setting next_dagrun for example_task_group to 2023-04-27T21:07:11.837705+00:00, run_after=2023-04-28T21:07:11.837705+00:00
[2023-04-28T18:07:11.861-0300] {processor.py:175} INFO - Processing /home/lcscarv/projetos/indicium/desafio_5/.venv/lib/python3.8/site-packages/airflow/example_dags/example_task_group.py took 0.071 seconds
[2023-04-28T18:08:04.962-0300] {processor.py:153} INFO - Started process (PID=5366) to work on /home/lcscarv/projetos/indicium/desafio_5/.venv/lib/python3.8/site-packages/airflow/example_dags/example_task_group.py
[2023-04-28T18:08:04.964-0300] {processor.py:743} INFO - Processing file /home/lcscarv/projetos/indicium/desafio_5/.venv/lib/python3.8/site-packages/airflow/example_dags/example_task_group.py for tasks to queue
[2023-04-28T18:08:04.965-0300] {logging_mixin.py:137} INFO - [2023-04-28T18:08:04.965-0300] {dagbag.py:532} INFO - Filling up the DagBag from /home/lcscarv/projetos/indicium/desafio_5/.venv/lib/python3.8/site-packages/airflow/example_dags/example_task_group.py
[2023-04-28T18:08:04.989-0300] {processor.py:753} INFO - DAG(s) dict_keys(['example_task_group']) retrieved from /home/lcscarv/projetos/indicium/desafio_5/.venv/lib/python3.8/site-packages/airflow/example_dags/example_task_group.py
[2023-04-28T18:08:05.019-0300] {logging_mixin.py:137} INFO - [2023-04-28T18:08:05.019-0300] {dag.py:2705} INFO - Sync 1 DAGs
[2023-04-28T18:08:05.046-0300] {logging_mixin.py:137} INFO - [2023-04-28T18:08:05.046-0300] {dag.py:3452} INFO - Setting next_dagrun for example_task_group to 2023-04-27T21:08:05.045869+00:00, run_after=2023-04-28T21:08:05.045869+00:00
[2023-04-28T18:08:05.080-0300] {processor.py:175} INFO - Processing /home/lcscarv/projetos/indicium/desafio_5/.venv/lib/python3.8/site-packages/airflow/example_dags/example_task_group.py took 0.121 seconds
[2023-04-28T18:08:45.332-0300] {processor.py:153} INFO - Started process (PID=5404) to work on /home/lcscarv/projetos/indicium/desafio_5/.venv/lib/python3.8/site-packages/airflow/example_dags/example_task_group.py
[2023-04-28T18:08:45.333-0300] {processor.py:743} INFO - Processing file /home/lcscarv/projetos/indicium/desafio_5/.venv/lib/python3.8/site-packages/airflow/example_dags/example_task_group.py for tasks to queue
[2023-04-28T18:08:45.334-0300] {logging_mixin.py:137} INFO - [2023-04-28T18:08:45.334-0300] {dagbag.py:532} INFO - Filling up the DagBag from /home/lcscarv/projetos/indicium/desafio_5/.venv/lib/python3.8/site-packages/airflow/example_dags/example_task_group.py
[2023-04-28T18:08:45.345-0300] {processor.py:753} INFO - DAG(s) dict_keys(['example_task_group']) retrieved from /home/lcscarv/projetos/indicium/desafio_5/.venv/lib/python3.8/site-packages/airflow/example_dags/example_task_group.py
[2023-04-28T18:08:45.358-0300] {logging_mixin.py:137} INFO - [2023-04-28T18:08:45.358-0300] {dag.py:2705} INFO - Sync 1 DAGs
[2023-04-28T18:08:45.373-0300] {logging_mixin.py:137} INFO - [2023-04-28T18:08:45.373-0300] {dag.py:3452} INFO - Setting next_dagrun for example_task_group to 2023-04-27T21:08:45.372861+00:00, run_after=2023-04-28T21:08:45.372861+00:00
[2023-04-28T18:08:45.419-0300] {processor.py:175} INFO - Processing /home/lcscarv/projetos/indicium/desafio_5/.venv/lib/python3.8/site-packages/airflow/example_dags/example_task_group.py took 0.089 seconds
[2023-04-28T18:09:32.759-0300] {processor.py:153} INFO - Started process (PID=5498) to work on /home/lcscarv/projetos/indicium/desafio_5/.venv/lib/python3.8/site-packages/airflow/example_dags/example_task_group.py
[2023-04-28T18:09:32.880-0300] {processor.py:743} INFO - Processing file /home/lcscarv/projetos/indicium/desafio_5/.venv/lib/python3.8/site-packages/airflow/example_dags/example_task_group.py for tasks to queue
[2023-04-28T18:09:32.882-0300] {logging_mixin.py:137} INFO - [2023-04-28T18:09:32.882-0300] {dagbag.py:532} INFO - Filling up the DagBag from /home/lcscarv/projetos/indicium/desafio_5/.venv/lib/python3.8/site-packages/airflow/example_dags/example_task_group.py
[2023-04-28T18:09:32.896-0300] {processor.py:753} INFO - DAG(s) dict_keys(['example_task_group']) retrieved from /home/lcscarv/projetos/indicium/desafio_5/.venv/lib/python3.8/site-packages/airflow/example_dags/example_task_group.py
[2023-04-28T18:09:32.908-0300] {logging_mixin.py:137} INFO - [2023-04-28T18:09:32.908-0300] {dag.py:2705} INFO - Sync 1 DAGs
[2023-04-28T18:09:32.920-0300] {logging_mixin.py:137} INFO - [2023-04-28T18:09:32.920-0300] {dag.py:3452} INFO - Setting next_dagrun for example_task_group to 2023-04-27T21:09:32.920376+00:00, run_after=2023-04-28T21:09:32.920376+00:00
[2023-04-28T18:09:33.161-0300] {processor.py:175} INFO - Processing /home/lcscarv/projetos/indicium/desafio_5/.venv/lib/python3.8/site-packages/airflow/example_dags/example_task_group.py took 0.405 seconds
[2023-04-28T18:10:23.891-0300] {processor.py:153} INFO - Started process (PID=5644) to work on /home/lcscarv/projetos/indicium/desafio_5/.venv/lib/python3.8/site-packages/airflow/example_dags/example_task_group.py
[2023-04-28T18:10:23.892-0300] {processor.py:743} INFO - Processing file /home/lcscarv/projetos/indicium/desafio_5/.venv/lib/python3.8/site-packages/airflow/example_dags/example_task_group.py for tasks to queue
[2023-04-28T18:10:23.893-0300] {logging_mixin.py:137} INFO - [2023-04-28T18:10:23.893-0300] {dagbag.py:532} INFO - Filling up the DagBag from /home/lcscarv/projetos/indicium/desafio_5/.venv/lib/python3.8/site-packages/airflow/example_dags/example_task_group.py
[2023-04-28T18:10:23.904-0300] {processor.py:753} INFO - DAG(s) dict_keys(['example_task_group']) retrieved from /home/lcscarv/projetos/indicium/desafio_5/.venv/lib/python3.8/site-packages/airflow/example_dags/example_task_group.py
[2023-04-28T18:10:23.919-0300] {logging_mixin.py:137} INFO - [2023-04-28T18:10:23.919-0300] {dag.py:2705} INFO - Sync 1 DAGs
[2023-04-28T18:10:23.934-0300] {logging_mixin.py:137} INFO - [2023-04-28T18:10:23.933-0300] {dag.py:3452} INFO - Setting next_dagrun for example_task_group to 2023-04-27T21:10:23.933670+00:00, run_after=2023-04-28T21:10:23.933670+00:00
[2023-04-28T18:10:24.031-0300] {processor.py:175} INFO - Processing /home/lcscarv/projetos/indicium/desafio_5/.venv/lib/python3.8/site-packages/airflow/example_dags/example_task_group.py took 0.142 seconds
[2023-04-28T18:11:04.129-0300] {processor.py:153} INFO - Started process (PID=5730) to work on /home/lcscarv/projetos/indicium/desafio_5/.venv/lib/python3.8/site-packages/airflow/example_dags/example_task_group.py
[2023-04-28T18:11:04.190-0300] {processor.py:743} INFO - Processing file /home/lcscarv/projetos/indicium/desafio_5/.venv/lib/python3.8/site-packages/airflow/example_dags/example_task_group.py for tasks to queue
[2023-04-28T18:11:04.191-0300] {logging_mixin.py:137} INFO - [2023-04-28T18:11:04.191-0300] {dagbag.py:532} INFO - Filling up the DagBag from /home/lcscarv/projetos/indicium/desafio_5/.venv/lib/python3.8/site-packages/airflow/example_dags/example_task_group.py
[2023-04-28T18:11:04.207-0300] {processor.py:753} INFO - DAG(s) dict_keys(['example_task_group']) retrieved from /home/lcscarv/projetos/indicium/desafio_5/.venv/lib/python3.8/site-packages/airflow/example_dags/example_task_group.py
[2023-04-28T18:11:04.219-0300] {logging_mixin.py:137} INFO - [2023-04-28T18:11:04.219-0300] {dag.py:2705} INFO - Sync 1 DAGs
[2023-04-28T18:11:04.231-0300] {logging_mixin.py:137} INFO - [2023-04-28T18:11:04.231-0300] {dag.py:3452} INFO - Setting next_dagrun for example_task_group to 2023-04-27T21:11:04.230927+00:00, run_after=2023-04-28T21:11:04.230927+00:00
[2023-04-28T18:11:04.315-0300] {processor.py:175} INFO - Processing /home/lcscarv/projetos/indicium/desafio_5/.venv/lib/python3.8/site-packages/airflow/example_dags/example_task_group.py took 0.188 seconds
[2023-04-28T18:11:40.314-0300] {processor.py:153} INFO - Started process (PID=5814) to work on /home/lcscarv/projetos/indicium/desafio_5/.venv/lib/python3.8/site-packages/airflow/example_dags/example_task_group.py
[2023-04-28T18:11:40.316-0300] {processor.py:743} INFO - Processing file /home/lcscarv/projetos/indicium/desafio_5/.venv/lib/python3.8/site-packages/airflow/example_dags/example_task_group.py for tasks to queue
[2023-04-28T18:11:40.316-0300] {logging_mixin.py:137} INFO - [2023-04-28T18:11:40.316-0300] {dagbag.py:532} INFO - Filling up the DagBag from /home/lcscarv/projetos/indicium/desafio_5/.venv/lib/python3.8/site-packages/airflow/example_dags/example_task_group.py
[2023-04-28T18:11:40.326-0300] {processor.py:753} INFO - DAG(s) dict_keys(['example_task_group']) retrieved from /home/lcscarv/projetos/indicium/desafio_5/.venv/lib/python3.8/site-packages/airflow/example_dags/example_task_group.py
[2023-04-28T18:11:40.338-0300] {logging_mixin.py:137} INFO - [2023-04-28T18:11:40.338-0300] {dag.py:2705} INFO - Sync 1 DAGs
[2023-04-28T18:11:40.350-0300] {logging_mixin.py:137} INFO - [2023-04-28T18:11:40.350-0300] {dag.py:3452} INFO - Setting next_dagrun for example_task_group to 2023-04-27T21:11:40.350361+00:00, run_after=2023-04-28T21:11:40.350361+00:00
[2023-04-28T18:11:40.674-0300] {processor.py:175} INFO - Processing /home/lcscarv/projetos/indicium/desafio_5/.venv/lib/python3.8/site-packages/airflow/example_dags/example_task_group.py took 0.362 seconds
[2023-04-28T18:12:29.075-0300] {processor.py:153} INFO - Started process (PID=5857) to work on /home/lcscarv/projetos/indicium/desafio_5/.venv/lib/python3.8/site-packages/airflow/example_dags/example_task_group.py
[2023-04-28T18:12:29.076-0300] {processor.py:743} INFO - Processing file /home/lcscarv/projetos/indicium/desafio_5/.venv/lib/python3.8/site-packages/airflow/example_dags/example_task_group.py for tasks to queue
[2023-04-28T18:12:29.077-0300] {logging_mixin.py:137} INFO - [2023-04-28T18:12:29.077-0300] {dagbag.py:532} INFO - Filling up the DagBag from /home/lcscarv/projetos/indicium/desafio_5/.venv/lib/python3.8/site-packages/airflow/example_dags/example_task_group.py
[2023-04-28T18:12:29.091-0300] {processor.py:753} INFO - DAG(s) dict_keys(['example_task_group']) retrieved from /home/lcscarv/projetos/indicium/desafio_5/.venv/lib/python3.8/site-packages/airflow/example_dags/example_task_group.py
[2023-04-28T18:12:29.107-0300] {logging_mixin.py:137} INFO - [2023-04-28T18:12:29.107-0300] {dag.py:2705} INFO - Sync 1 DAGs
[2023-04-28T18:12:29.120-0300] {logging_mixin.py:137} INFO - [2023-04-28T18:12:29.120-0300] {dag.py:3452} INFO - Setting next_dagrun for example_task_group to 2023-04-27T21:12:29.119935+00:00, run_after=2023-04-28T21:12:29.119935+00:00
[2023-04-28T18:12:29.376-0300] {processor.py:175} INFO - Processing /home/lcscarv/projetos/indicium/desafio_5/.venv/lib/python3.8/site-packages/airflow/example_dags/example_task_group.py took 0.304 seconds
[2023-04-28T18:13:25.493-0300] {processor.py:153} INFO - Started process (PID=5899) to work on /home/lcscarv/projetos/indicium/desafio_5/.venv/lib/python3.8/site-packages/airflow/example_dags/example_task_group.py
[2023-04-28T18:13:25.494-0300] {processor.py:743} INFO - Processing file /home/lcscarv/projetos/indicium/desafio_5/.venv/lib/python3.8/site-packages/airflow/example_dags/example_task_group.py for tasks to queue
[2023-04-28T18:13:25.494-0300] {logging_mixin.py:137} INFO - [2023-04-28T18:13:25.494-0300] {dagbag.py:532} INFO - Filling up the DagBag from /home/lcscarv/projetos/indicium/desafio_5/.venv/lib/python3.8/site-packages/airflow/example_dags/example_task_group.py
[2023-04-28T18:13:25.506-0300] {processor.py:753} INFO - DAG(s) dict_keys(['example_task_group']) retrieved from /home/lcscarv/projetos/indicium/desafio_5/.venv/lib/python3.8/site-packages/airflow/example_dags/example_task_group.py
[2023-04-28T18:13:25.520-0300] {logging_mixin.py:137} INFO - [2023-04-28T18:13:25.520-0300] {dag.py:2705} INFO - Sync 1 DAGs
[2023-04-28T18:13:25.533-0300] {logging_mixin.py:137} INFO - [2023-04-28T18:13:25.533-0300] {dag.py:3452} INFO - Setting next_dagrun for example_task_group to 2023-04-27T21:13:25.533571+00:00, run_after=2023-04-28T21:13:25.533571+00:00
[2023-04-28T18:13:25.553-0300] {processor.py:175} INFO - Processing /home/lcscarv/projetos/indicium/desafio_5/.venv/lib/python3.8/site-packages/airflow/example_dags/example_task_group.py took 0.063 seconds
[2023-04-28T18:13:58.734-0300] {processor.py:153} INFO - Started process (PID=5929) to work on /home/lcscarv/projetos/indicium/desafio_5/.venv/lib/python3.8/site-packages/airflow/example_dags/example_task_group.py
[2023-04-28T18:13:58.774-0300] {processor.py:743} INFO - Processing file /home/lcscarv/projetos/indicium/desafio_5/.venv/lib/python3.8/site-packages/airflow/example_dags/example_task_group.py for tasks to queue
[2023-04-28T18:13:58.775-0300] {logging_mixin.py:137} INFO - [2023-04-28T18:13:58.775-0300] {dagbag.py:532} INFO - Filling up the DagBag from /home/lcscarv/projetos/indicium/desafio_5/.venv/lib/python3.8/site-packages/airflow/example_dags/example_task_group.py
[2023-04-28T18:13:58.786-0300] {processor.py:753} INFO - DAG(s) dict_keys(['example_task_group']) retrieved from /home/lcscarv/projetos/indicium/desafio_5/.venv/lib/python3.8/site-packages/airflow/example_dags/example_task_group.py
[2023-04-28T18:13:58.798-0300] {logging_mixin.py:137} INFO - [2023-04-28T18:13:58.798-0300] {dag.py:2705} INFO - Sync 1 DAGs
[2023-04-28T18:13:58.810-0300] {logging_mixin.py:137} INFO - [2023-04-28T18:13:58.810-0300] {dag.py:3452} INFO - Setting next_dagrun for example_task_group to 2023-04-27T21:13:58.810476+00:00, run_after=2023-04-28T21:13:58.810476+00:00
[2023-04-28T18:13:59.535-0300] {processor.py:175} INFO - Processing /home/lcscarv/projetos/indicium/desafio_5/.venv/lib/python3.8/site-packages/airflow/example_dags/example_task_group.py took 0.803 seconds
[2023-04-28T18:14:39.512-0300] {processor.py:153} INFO - Started process (PID=5962) to work on /home/lcscarv/projetos/indicium/desafio_5/.venv/lib/python3.8/site-packages/airflow/example_dags/example_task_group.py
[2023-04-28T18:14:39.527-0300] {processor.py:743} INFO - Processing file /home/lcscarv/projetos/indicium/desafio_5/.venv/lib/python3.8/site-packages/airflow/example_dags/example_task_group.py for tasks to queue
[2023-04-28T18:14:39.528-0300] {logging_mixin.py:137} INFO - [2023-04-28T18:14:39.527-0300] {dagbag.py:532} INFO - Filling up the DagBag from /home/lcscarv/projetos/indicium/desafio_5/.venv/lib/python3.8/site-packages/airflow/example_dags/example_task_group.py
[2023-04-28T18:14:39.541-0300] {processor.py:753} INFO - DAG(s) dict_keys(['example_task_group']) retrieved from /home/lcscarv/projetos/indicium/desafio_5/.venv/lib/python3.8/site-packages/airflow/example_dags/example_task_group.py
[2023-04-28T18:14:39.553-0300] {logging_mixin.py:137} INFO - [2023-04-28T18:14:39.553-0300] {dag.py:2705} INFO - Sync 1 DAGs
[2023-04-28T18:14:39.565-0300] {logging_mixin.py:137} INFO - [2023-04-28T18:14:39.565-0300] {dag.py:3452} INFO - Setting next_dagrun for example_task_group to 2023-04-27T21:14:39.565178+00:00, run_after=2023-04-28T21:14:39.565178+00:00
[2023-04-28T18:14:39.766-0300] {processor.py:175} INFO - Processing /home/lcscarv/projetos/indicium/desafio_5/.venv/lib/python3.8/site-packages/airflow/example_dags/example_task_group.py took 0.256 seconds
[2023-04-28T18:15:21.759-0300] {processor.py:153} INFO - Started process (PID=6047) to work on /home/lcscarv/projetos/indicium/desafio_5/.venv/lib/python3.8/site-packages/airflow/example_dags/example_task_group.py
[2023-04-28T18:15:21.841-0300] {processor.py:743} INFO - Processing file /home/lcscarv/projetos/indicium/desafio_5/.venv/lib/python3.8/site-packages/airflow/example_dags/example_task_group.py for tasks to queue
[2023-04-28T18:15:21.843-0300] {logging_mixin.py:137} INFO - [2023-04-28T18:15:21.843-0300] {dagbag.py:532} INFO - Filling up the DagBag from /home/lcscarv/projetos/indicium/desafio_5/.venv/lib/python3.8/site-packages/airflow/example_dags/example_task_group.py
[2023-04-28T18:15:21.856-0300] {processor.py:753} INFO - DAG(s) dict_keys(['example_task_group']) retrieved from /home/lcscarv/projetos/indicium/desafio_5/.venv/lib/python3.8/site-packages/airflow/example_dags/example_task_group.py
[2023-04-28T18:15:21.869-0300] {logging_mixin.py:137} INFO - [2023-04-28T18:15:21.869-0300] {dag.py:2705} INFO - Sync 1 DAGs
[2023-04-28T18:15:21.881-0300] {logging_mixin.py:137} INFO - [2023-04-28T18:15:21.881-0300] {dag.py:3452} INFO - Setting next_dagrun for example_task_group to 2023-04-27T21:15:21.880402+00:00, run_after=2023-04-28T21:15:21.880402+00:00
[2023-04-28T18:15:22.140-0300] {processor.py:175} INFO - Processing /home/lcscarv/projetos/indicium/desafio_5/.venv/lib/python3.8/site-packages/airflow/example_dags/example_task_group.py took 0.383 seconds
[2023-04-28T18:16:00.247-0300] {processor.py:153} INFO - Started process (PID=6081) to work on /home/lcscarv/projetos/indicium/desafio_5/.venv/lib/python3.8/site-packages/airflow/example_dags/example_task_group.py
[2023-04-28T18:16:00.248-0300] {processor.py:743} INFO - Processing file /home/lcscarv/projetos/indicium/desafio_5/.venv/lib/python3.8/site-packages/airflow/example_dags/example_task_group.py for tasks to queue
[2023-04-28T18:16:00.249-0300] {logging_mixin.py:137} INFO - [2023-04-28T18:16:00.249-0300] {dagbag.py:532} INFO - Filling up the DagBag from /home/lcscarv/projetos/indicium/desafio_5/.venv/lib/python3.8/site-packages/airflow/example_dags/example_task_group.py
[2023-04-28T18:16:00.261-0300] {processor.py:753} INFO - DAG(s) dict_keys(['example_task_group']) retrieved from /home/lcscarv/projetos/indicium/desafio_5/.venv/lib/python3.8/site-packages/airflow/example_dags/example_task_group.py
[2023-04-28T18:16:00.279-0300] {logging_mixin.py:137} INFO - [2023-04-28T18:16:00.278-0300] {dag.py:2705} INFO - Sync 1 DAGs
[2023-04-28T18:16:00.358-0300] {logging_mixin.py:137} INFO - [2023-04-28T18:16:00.358-0300] {dag.py:3452} INFO - Setting next_dagrun for example_task_group to 2023-04-27T21:16:00.358721+00:00, run_after=2023-04-28T21:16:00.358721+00:00
[2023-04-28T18:16:00.380-0300] {processor.py:175} INFO - Processing /home/lcscarv/projetos/indicium/desafio_5/.venv/lib/python3.8/site-packages/airflow/example_dags/example_task_group.py took 0.135 seconds
[2023-04-28T18:16:37.725-0300] {processor.py:153} INFO - Started process (PID=6113) to work on /home/lcscarv/projetos/indicium/desafio_5/.venv/lib/python3.8/site-packages/airflow/example_dags/example_task_group.py
[2023-04-28T18:16:37.726-0300] {processor.py:743} INFO - Processing file /home/lcscarv/projetos/indicium/desafio_5/.venv/lib/python3.8/site-packages/airflow/example_dags/example_task_group.py for tasks to queue
[2023-04-28T18:16:37.727-0300] {logging_mixin.py:137} INFO - [2023-04-28T18:16:37.727-0300] {dagbag.py:532} INFO - Filling up the DagBag from /home/lcscarv/projetos/indicium/desafio_5/.venv/lib/python3.8/site-packages/airflow/example_dags/example_task_group.py
[2023-04-28T18:16:37.739-0300] {processor.py:753} INFO - DAG(s) dict_keys(['example_task_group']) retrieved from /home/lcscarv/projetos/indicium/desafio_5/.venv/lib/python3.8/site-packages/airflow/example_dags/example_task_group.py
[2023-04-28T18:16:37.754-0300] {logging_mixin.py:137} INFO - [2023-04-28T18:16:37.754-0300] {dag.py:2705} INFO - Sync 1 DAGs
[2023-04-28T18:16:37.827-0300] {logging_mixin.py:137} INFO - [2023-04-28T18:16:37.826-0300] {dag.py:3452} INFO - Setting next_dagrun for example_task_group to 2023-04-27T21:16:37.826820+00:00, run_after=2023-04-28T21:16:37.826820+00:00
[2023-04-28T18:16:38.002-0300] {processor.py:175} INFO - Processing /home/lcscarv/projetos/indicium/desafio_5/.venv/lib/python3.8/site-packages/airflow/example_dags/example_task_group.py took 0.280 seconds
[2023-04-28T18:17:17.113-0300] {processor.py:153} INFO - Started process (PID=6146) to work on /home/lcscarv/projetos/indicium/desafio_5/.venv/lib/python3.8/site-packages/airflow/example_dags/example_task_group.py
[2023-04-28T18:17:17.140-0300] {processor.py:743} INFO - Processing file /home/lcscarv/projetos/indicium/desafio_5/.venv/lib/python3.8/site-packages/airflow/example_dags/example_task_group.py for tasks to queue
[2023-04-28T18:17:17.141-0300] {logging_mixin.py:137} INFO - [2023-04-28T18:17:17.141-0300] {dagbag.py:532} INFO - Filling up the DagBag from /home/lcscarv/projetos/indicium/desafio_5/.venv/lib/python3.8/site-packages/airflow/example_dags/example_task_group.py
[2023-04-28T18:17:17.154-0300] {processor.py:753} INFO - DAG(s) dict_keys(['example_task_group']) retrieved from /home/lcscarv/projetos/indicium/desafio_5/.venv/lib/python3.8/site-packages/airflow/example_dags/example_task_group.py
[2023-04-28T18:17:17.227-0300] {logging_mixin.py:137} INFO - [2023-04-28T18:17:17.226-0300] {dag.py:2705} INFO - Sync 1 DAGs
[2023-04-28T18:17:17.238-0300] {logging_mixin.py:137} INFO - [2023-04-28T18:17:17.237-0300] {dag.py:3452} INFO - Setting next_dagrun for example_task_group to 2023-04-27T21:17:17.237745+00:00, run_after=2023-04-28T21:17:17.237745+00:00
[2023-04-28T18:17:17.527-0300] {processor.py:175} INFO - Processing /home/lcscarv/projetos/indicium/desafio_5/.venv/lib/python3.8/site-packages/airflow/example_dags/example_task_group.py took 0.416 seconds
[2023-04-28T18:17:56.331-0300] {processor.py:153} INFO - Started process (PID=6180) to work on /home/lcscarv/projetos/indicium/desafio_5/.venv/lib/python3.8/site-packages/airflow/example_dags/example_task_group.py
[2023-04-28T18:17:56.332-0300] {processor.py:743} INFO - Processing file /home/lcscarv/projetos/indicium/desafio_5/.venv/lib/python3.8/site-packages/airflow/example_dags/example_task_group.py for tasks to queue
[2023-04-28T18:17:56.333-0300] {logging_mixin.py:137} INFO - [2023-04-28T18:17:56.333-0300] {dagbag.py:532} INFO - Filling up the DagBag from /home/lcscarv/projetos/indicium/desafio_5/.venv/lib/python3.8/site-packages/airflow/example_dags/example_task_group.py
[2023-04-28T18:17:56.344-0300] {processor.py:753} INFO - DAG(s) dict_keys(['example_task_group']) retrieved from /home/lcscarv/projetos/indicium/desafio_5/.venv/lib/python3.8/site-packages/airflow/example_dags/example_task_group.py
[2023-04-28T18:17:56.415-0300] {logging_mixin.py:137} INFO - [2023-04-28T18:17:56.415-0300] {dag.py:2705} INFO - Sync 1 DAGs
[2023-04-28T18:17:56.427-0300] {logging_mixin.py:137} INFO - [2023-04-28T18:17:56.427-0300] {dag.py:3452} INFO - Setting next_dagrun for example_task_group to 2023-04-27T21:17:56.427080+00:00, run_after=2023-04-28T21:17:56.427080+00:00
[2023-04-28T18:17:56.444-0300] {processor.py:175} INFO - Processing /home/lcscarv/projetos/indicium/desafio_5/.venv/lib/python3.8/site-packages/airflow/example_dags/example_task_group.py took 0.116 seconds
[2023-04-28T18:18:38.458-0300] {processor.py:153} INFO - Started process (PID=6222) to work on /home/lcscarv/projetos/indicium/desafio_5/.venv/lib/python3.8/site-packages/airflow/example_dags/example_task_group.py
[2023-04-28T18:18:38.533-0300] {processor.py:743} INFO - Processing file /home/lcscarv/projetos/indicium/desafio_5/.venv/lib/python3.8/site-packages/airflow/example_dags/example_task_group.py for tasks to queue
[2023-04-28T18:18:38.533-0300] {logging_mixin.py:137} INFO - [2023-04-28T18:18:38.533-0300] {dagbag.py:532} INFO - Filling up the DagBag from /home/lcscarv/projetos/indicium/desafio_5/.venv/lib/python3.8/site-packages/airflow/example_dags/example_task_group.py
[2023-04-28T18:18:38.543-0300] {processor.py:753} INFO - DAG(s) dict_keys(['example_task_group']) retrieved from /home/lcscarv/projetos/indicium/desafio_5/.venv/lib/python3.8/site-packages/airflow/example_dags/example_task_group.py
[2023-04-28T18:18:38.557-0300] {logging_mixin.py:137} INFO - [2023-04-28T18:18:38.557-0300] {dag.py:2705} INFO - Sync 1 DAGs
[2023-04-28T18:18:38.570-0300] {logging_mixin.py:137} INFO - [2023-04-28T18:18:38.570-0300] {dag.py:3452} INFO - Setting next_dagrun for example_task_group to 2023-04-27T21:18:38.570324+00:00, run_after=2023-04-28T21:18:38.570324+00:00
[2023-04-28T18:18:38.676-0300] {processor.py:175} INFO - Processing /home/lcscarv/projetos/indicium/desafio_5/.venv/lib/python3.8/site-packages/airflow/example_dags/example_task_group.py took 0.219 seconds
[2023-04-28T18:19:22.634-0300] {processor.py:153} INFO - Started process (PID=6262) to work on /home/lcscarv/projetos/indicium/desafio_5/.venv/lib/python3.8/site-packages/airflow/example_dags/example_task_group.py
[2023-04-28T18:19:22.635-0300] {processor.py:743} INFO - Processing file /home/lcscarv/projetos/indicium/desafio_5/.venv/lib/python3.8/site-packages/airflow/example_dags/example_task_group.py for tasks to queue
[2023-04-28T18:19:22.636-0300] {logging_mixin.py:137} INFO - [2023-04-28T18:19:22.636-0300] {dagbag.py:532} INFO - Filling up the DagBag from /home/lcscarv/projetos/indicium/desafio_5/.venv/lib/python3.8/site-packages/airflow/example_dags/example_task_group.py
[2023-04-28T18:19:22.646-0300] {processor.py:753} INFO - DAG(s) dict_keys(['example_task_group']) retrieved from /home/lcscarv/projetos/indicium/desafio_5/.venv/lib/python3.8/site-packages/airflow/example_dags/example_task_group.py
[2023-04-28T18:19:22.661-0300] {logging_mixin.py:137} INFO - [2023-04-28T18:19:22.661-0300] {dag.py:2705} INFO - Sync 1 DAGs
[2023-04-28T18:19:22.675-0300] {logging_mixin.py:137} INFO - [2023-04-28T18:19:22.675-0300] {dag.py:3452} INFO - Setting next_dagrun for example_task_group to 2023-04-27T21:19:22.675331+00:00, run_after=2023-04-28T21:19:22.675331+00:00
[2023-04-28T18:19:22.764-0300] {processor.py:175} INFO - Processing /home/lcscarv/projetos/indicium/desafio_5/.venv/lib/python3.8/site-packages/airflow/example_dags/example_task_group.py took 0.132 seconds
[2023-04-28T18:19:54.188-0300] {processor.py:153} INFO - Started process (PID=6291) to work on /home/lcscarv/projetos/indicium/desafio_5/.venv/lib/python3.8/site-packages/airflow/example_dags/example_task_group.py
[2023-04-28T18:19:54.189-0300] {processor.py:743} INFO - Processing file /home/lcscarv/projetos/indicium/desafio_5/.venv/lib/python3.8/site-packages/airflow/example_dags/example_task_group.py for tasks to queue
[2023-04-28T18:19:54.190-0300] {logging_mixin.py:137} INFO - [2023-04-28T18:19:54.190-0300] {dagbag.py:532} INFO - Filling up the DagBag from /home/lcscarv/projetos/indicium/desafio_5/.venv/lib/python3.8/site-packages/airflow/example_dags/example_task_group.py
[2023-04-28T18:19:54.200-0300] {processor.py:753} INFO - DAG(s) dict_keys(['example_task_group']) retrieved from /home/lcscarv/projetos/indicium/desafio_5/.venv/lib/python3.8/site-packages/airflow/example_dags/example_task_group.py
[2023-04-28T18:19:54.214-0300] {logging_mixin.py:137} INFO - [2023-04-28T18:19:54.214-0300] {dag.py:2705} INFO - Sync 1 DAGs
[2023-04-28T18:19:54.227-0300] {logging_mixin.py:137} INFO - [2023-04-28T18:19:54.227-0300] {dag.py:3452} INFO - Setting next_dagrun for example_task_group to 2023-04-27T21:19:54.227562+00:00, run_after=2023-04-28T21:19:54.227562+00:00
[2023-04-28T18:19:54.305-0300] {processor.py:175} INFO - Processing /home/lcscarv/projetos/indicium/desafio_5/.venv/lib/python3.8/site-packages/airflow/example_dags/example_task_group.py took 0.119 seconds
[2023-04-28T18:20:31.571-0300] {processor.py:153} INFO - Started process (PID=6376) to work on /home/lcscarv/projetos/indicium/desafio_5/.venv/lib/python3.8/site-packages/airflow/example_dags/example_task_group.py
[2023-04-28T18:20:31.573-0300] {processor.py:743} INFO - Processing file /home/lcscarv/projetos/indicium/desafio_5/.venv/lib/python3.8/site-packages/airflow/example_dags/example_task_group.py for tasks to queue
[2023-04-28T18:20:31.573-0300] {logging_mixin.py:137} INFO - [2023-04-28T18:20:31.573-0300] {dagbag.py:532} INFO - Filling up the DagBag from /home/lcscarv/projetos/indicium/desafio_5/.venv/lib/python3.8/site-packages/airflow/example_dags/example_task_group.py
[2023-04-28T18:20:31.584-0300] {processor.py:753} INFO - DAG(s) dict_keys(['example_task_group']) retrieved from /home/lcscarv/projetos/indicium/desafio_5/.venv/lib/python3.8/site-packages/airflow/example_dags/example_task_group.py
[2023-04-28T18:20:31.600-0300] {logging_mixin.py:137} INFO - [2023-04-28T18:20:31.600-0300] {dag.py:2705} INFO - Sync 1 DAGs
[2023-04-28T18:20:31.676-0300] {logging_mixin.py:137} INFO - [2023-04-28T18:20:31.676-0300] {dag.py:3452} INFO - Setting next_dagrun for example_task_group to 2023-04-27T21:20:31.676604+00:00, run_after=2023-04-28T21:20:31.676604+00:00
[2023-04-28T18:20:31.694-0300] {processor.py:175} INFO - Processing /home/lcscarv/projetos/indicium/desafio_5/.venv/lib/python3.8/site-packages/airflow/example_dags/example_task_group.py took 0.125 seconds
[2023-04-28T18:21:19.239-0300] {processor.py:153} INFO - Started process (PID=6420) to work on /home/lcscarv/projetos/indicium/desafio_5/.venv/lib/python3.8/site-packages/airflow/example_dags/example_task_group.py
[2023-04-28T18:21:19.240-0300] {processor.py:743} INFO - Processing file /home/lcscarv/projetos/indicium/desafio_5/.venv/lib/python3.8/site-packages/airflow/example_dags/example_task_group.py for tasks to queue
[2023-04-28T18:21:19.241-0300] {logging_mixin.py:137} INFO - [2023-04-28T18:21:19.241-0300] {dagbag.py:532} INFO - Filling up the DagBag from /home/lcscarv/projetos/indicium/desafio_5/.venv/lib/python3.8/site-packages/airflow/example_dags/example_task_group.py
[2023-04-28T18:21:19.253-0300] {processor.py:753} INFO - DAG(s) dict_keys(['example_task_group']) retrieved from /home/lcscarv/projetos/indicium/desafio_5/.venv/lib/python3.8/site-packages/airflow/example_dags/example_task_group.py
[2023-04-28T18:21:19.337-0300] {logging_mixin.py:137} INFO - [2023-04-28T18:21:19.337-0300] {dag.py:2705} INFO - Sync 1 DAGs
[2023-04-28T18:21:19.352-0300] {logging_mixin.py:137} INFO - [2023-04-28T18:21:19.352-0300] {dag.py:3452} INFO - Setting next_dagrun for example_task_group to 2023-04-27T21:21:19.351884+00:00, run_after=2023-04-28T21:21:19.351884+00:00
[2023-04-28T18:21:19.372-0300] {processor.py:175} INFO - Processing /home/lcscarv/projetos/indicium/desafio_5/.venv/lib/python3.8/site-packages/airflow/example_dags/example_task_group.py took 0.135 seconds
