[2023-04-28T18:00:45.015-0300] {processor.py:153} INFO - Started process (PID=4612) to work on /home/lcscarv/projetos/indicium/desafio_5/.venv/lib/python3.8/site-packages/airflow/example_dags/example_branch_operator_decorator.py
[2023-04-28T18:00:45.015-0300] {processor.py:743} INFO - Processing file /home/lcscarv/projetos/indicium/desafio_5/.venv/lib/python3.8/site-packages/airflow/example_dags/example_branch_operator_decorator.py for tasks to queue
[2023-04-28T18:00:45.016-0300] {logging_mixin.py:137} INFO - [2023-04-28T18:00:45.016-0300] {dagbag.py:532} INFO - Filling up the DagBag from /home/lcscarv/projetos/indicium/desafio_5/.venv/lib/python3.8/site-packages/airflow/example_dags/example_branch_operator_decorator.py
[2023-04-28T18:00:45.040-0300] {processor.py:753} INFO - DAG(s) dict_keys(['example_branch_python_operator_decorator']) retrieved from /home/lcscarv/projetos/indicium/desafio_5/.venv/lib/python3.8/site-packages/airflow/example_dags/example_branch_operator_decorator.py
[2023-04-28T18:00:45.057-0300] {logging_mixin.py:137} INFO - [2023-04-28T18:00:45.056-0300] {dag.py:2705} INFO - Sync 1 DAGs
[2023-04-28T18:00:45.070-0300] {logging_mixin.py:137} INFO - [2023-04-28T18:00:45.070-0300] {dag.py:3452} INFO - Setting next_dagrun for example_branch_python_operator_decorator to 2023-04-27T00:00:00+00:00, run_after=2023-04-28T00:00:00+00:00
[2023-04-28T18:00:45.091-0300] {processor.py:175} INFO - Processing /home/lcscarv/projetos/indicium/desafio_5/.venv/lib/python3.8/site-packages/airflow/example_dags/example_branch_operator_decorator.py took 0.077 seconds
[2023-04-28T18:01:26.715-0300] {processor.py:153} INFO - Started process (PID=4654) to work on /home/lcscarv/projetos/indicium/desafio_5/.venv/lib/python3.8/site-packages/airflow/example_dags/example_branch_operator_decorator.py
[2023-04-28T18:01:26.717-0300] {processor.py:743} INFO - Processing file /home/lcscarv/projetos/indicium/desafio_5/.venv/lib/python3.8/site-packages/airflow/example_dags/example_branch_operator_decorator.py for tasks to queue
[2023-04-28T18:01:26.718-0300] {logging_mixin.py:137} INFO - [2023-04-28T18:01:26.718-0300] {dagbag.py:532} INFO - Filling up the DagBag from /home/lcscarv/projetos/indicium/desafio_5/.venv/lib/python3.8/site-packages/airflow/example_dags/example_branch_operator_decorator.py
[2023-04-28T18:01:26.749-0300] {processor.py:753} INFO - DAG(s) dict_keys(['example_branch_python_operator_decorator']) retrieved from /home/lcscarv/projetos/indicium/desafio_5/.venv/lib/python3.8/site-packages/airflow/example_dags/example_branch_operator_decorator.py
[2023-04-28T18:01:26.770-0300] {logging_mixin.py:137} INFO - [2023-04-28T18:01:26.770-0300] {dag.py:2705} INFO - Sync 1 DAGs
[2023-04-28T18:01:26.792-0300] {logging_mixin.py:137} INFO - [2023-04-28T18:01:26.791-0300] {dag.py:3452} INFO - Setting next_dagrun for example_branch_python_operator_decorator to 2023-04-27T00:00:00+00:00, run_after=2023-04-28T00:00:00+00:00
[2023-04-28T18:01:26.819-0300] {processor.py:175} INFO - Processing /home/lcscarv/projetos/indicium/desafio_5/.venv/lib/python3.8/site-packages/airflow/example_dags/example_branch_operator_decorator.py took 0.107 seconds
[2023-04-28T18:02:35.662-0300] {processor.py:153} INFO - Started process (PID=4757) to work on /home/lcscarv/projetos/indicium/desafio_5/.venv/lib/python3.8/site-packages/airflow/example_dags/example_branch_operator_decorator.py
[2023-04-28T18:02:35.664-0300] {processor.py:743} INFO - Processing file /home/lcscarv/projetos/indicium/desafio_5/.venv/lib/python3.8/site-packages/airflow/example_dags/example_branch_operator_decorator.py for tasks to queue
[2023-04-28T18:02:35.665-0300] {logging_mixin.py:137} INFO - [2023-04-28T18:02:35.665-0300] {dagbag.py:532} INFO - Filling up the DagBag from /home/lcscarv/projetos/indicium/desafio_5/.venv/lib/python3.8/site-packages/airflow/example_dags/example_branch_operator_decorator.py
[2023-04-28T18:02:35.703-0300] {processor.py:753} INFO - DAG(s) dict_keys(['example_branch_python_operator_decorator']) retrieved from /home/lcscarv/projetos/indicium/desafio_5/.venv/lib/python3.8/site-packages/airflow/example_dags/example_branch_operator_decorator.py
[2023-04-28T18:02:35.744-0300] {logging_mixin.py:137} INFO - [2023-04-28T18:02:35.744-0300] {dag.py:2705} INFO - Sync 1 DAGs
[2023-04-28T18:02:35.783-0300] {logging_mixin.py:137} INFO - [2023-04-28T18:02:35.782-0300] {dag.py:3452} INFO - Setting next_dagrun for example_branch_python_operator_decorator to 2023-04-27T00:00:00+00:00, run_after=2023-04-28T00:00:00+00:00
[2023-04-28T18:02:35.817-0300] {processor.py:175} INFO - Processing /home/lcscarv/projetos/indicium/desafio_5/.venv/lib/python3.8/site-packages/airflow/example_dags/example_branch_operator_decorator.py took 0.158 seconds
[2023-04-28T18:03:33.396-0300] {processor.py:153} INFO - Started process (PID=4859) to work on /home/lcscarv/projetos/indicium/desafio_5/.venv/lib/python3.8/site-packages/airflow/example_dags/example_branch_operator_decorator.py
[2023-04-28T18:03:33.397-0300] {processor.py:743} INFO - Processing file /home/lcscarv/projetos/indicium/desafio_5/.venv/lib/python3.8/site-packages/airflow/example_dags/example_branch_operator_decorator.py for tasks to queue
[2023-04-28T18:03:33.398-0300] {logging_mixin.py:137} INFO - [2023-04-28T18:03:33.398-0300] {dagbag.py:532} INFO - Filling up the DagBag from /home/lcscarv/projetos/indicium/desafio_5/.venv/lib/python3.8/site-packages/airflow/example_dags/example_branch_operator_decorator.py
[2023-04-28T18:03:33.413-0300] {processor.py:753} INFO - DAG(s) dict_keys(['example_branch_python_operator_decorator']) retrieved from /home/lcscarv/projetos/indicium/desafio_5/.venv/lib/python3.8/site-packages/airflow/example_dags/example_branch_operator_decorator.py
[2023-04-28T18:03:33.426-0300] {logging_mixin.py:137} INFO - [2023-04-28T18:03:33.426-0300] {dag.py:2705} INFO - Sync 1 DAGs
[2023-04-28T18:03:33.439-0300] {logging_mixin.py:137} INFO - [2023-04-28T18:03:33.439-0300] {dag.py:3452} INFO - Setting next_dagrun for example_branch_python_operator_decorator to 2023-04-27T00:00:00+00:00, run_after=2023-04-28T00:00:00+00:00
[2023-04-28T18:03:33.458-0300] {processor.py:175} INFO - Processing /home/lcscarv/projetos/indicium/desafio_5/.venv/lib/python3.8/site-packages/airflow/example_dags/example_branch_operator_decorator.py took 0.065 seconds
[2023-04-28T18:04:14.454-0300] {processor.py:153} INFO - Started process (PID=4901) to work on /home/lcscarv/projetos/indicium/desafio_5/.venv/lib/python3.8/site-packages/airflow/example_dags/example_branch_operator_decorator.py
[2023-04-28T18:04:14.455-0300] {processor.py:743} INFO - Processing file /home/lcscarv/projetos/indicium/desafio_5/.venv/lib/python3.8/site-packages/airflow/example_dags/example_branch_operator_decorator.py for tasks to queue
[2023-04-28T18:04:14.456-0300] {logging_mixin.py:137} INFO - [2023-04-28T18:04:14.456-0300] {dagbag.py:532} INFO - Filling up the DagBag from /home/lcscarv/projetos/indicium/desafio_5/.venv/lib/python3.8/site-packages/airflow/example_dags/example_branch_operator_decorator.py
[2023-04-28T18:04:14.472-0300] {processor.py:753} INFO - DAG(s) dict_keys(['example_branch_python_operator_decorator']) retrieved from /home/lcscarv/projetos/indicium/desafio_5/.venv/lib/python3.8/site-packages/airflow/example_dags/example_branch_operator_decorator.py
[2023-04-28T18:04:14.486-0300] {logging_mixin.py:137} INFO - [2023-04-28T18:04:14.486-0300] {dag.py:2705} INFO - Sync 1 DAGs
[2023-04-28T18:04:14.500-0300] {logging_mixin.py:137} INFO - [2023-04-28T18:04:14.500-0300] {dag.py:3452} INFO - Setting next_dagrun for example_branch_python_operator_decorator to 2023-04-27T00:00:00+00:00, run_after=2023-04-28T00:00:00+00:00
[2023-04-28T18:04:14.520-0300] {processor.py:175} INFO - Processing /home/lcscarv/projetos/indicium/desafio_5/.venv/lib/python3.8/site-packages/airflow/example_dags/example_branch_operator_decorator.py took 0.068 seconds
[2023-04-28T18:05:09.724-0300] {processor.py:153} INFO - Started process (PID=5006) to work on /home/lcscarv/projetos/indicium/desafio_5/.venv/lib/python3.8/site-packages/airflow/example_dags/example_branch_operator_decorator.py
[2023-04-28T18:05:09.725-0300] {processor.py:743} INFO - Processing file /home/lcscarv/projetos/indicium/desafio_5/.venv/lib/python3.8/site-packages/airflow/example_dags/example_branch_operator_decorator.py for tasks to queue
[2023-04-28T18:05:09.725-0300] {logging_mixin.py:137} INFO - [2023-04-28T18:05:09.725-0300] {dagbag.py:532} INFO - Filling up the DagBag from /home/lcscarv/projetos/indicium/desafio_5/.venv/lib/python3.8/site-packages/airflow/example_dags/example_branch_operator_decorator.py
[2023-04-28T18:05:09.741-0300] {processor.py:753} INFO - DAG(s) dict_keys(['example_branch_python_operator_decorator']) retrieved from /home/lcscarv/projetos/indicium/desafio_5/.venv/lib/python3.8/site-packages/airflow/example_dags/example_branch_operator_decorator.py
[2023-04-28T18:05:09.754-0300] {logging_mixin.py:137} INFO - [2023-04-28T18:05:09.754-0300] {dag.py:2705} INFO - Sync 1 DAGs
[2023-04-28T18:05:09.767-0300] {logging_mixin.py:137} INFO - [2023-04-28T18:05:09.767-0300] {dag.py:3452} INFO - Setting next_dagrun for example_branch_python_operator_decorator to 2023-04-27T00:00:00+00:00, run_after=2023-04-28T00:00:00+00:00
[2023-04-28T18:05:09.791-0300] {processor.py:175} INFO - Processing /home/lcscarv/projetos/indicium/desafio_5/.venv/lib/python3.8/site-packages/airflow/example_dags/example_branch_operator_decorator.py took 0.069 seconds
[2023-04-28T18:05:54.668-0300] {processor.py:153} INFO - Started process (PID=5104) to work on /home/lcscarv/projetos/indicium/desafio_5/.venv/lib/python3.8/site-packages/airflow/example_dags/example_branch_operator_decorator.py
[2023-04-28T18:05:54.672-0300] {processor.py:743} INFO - Processing file /home/lcscarv/projetos/indicium/desafio_5/.venv/lib/python3.8/site-packages/airflow/example_dags/example_branch_operator_decorator.py for tasks to queue
[2023-04-28T18:05:54.673-0300] {logging_mixin.py:137} INFO - [2023-04-28T18:05:54.673-0300] {dagbag.py:532} INFO - Filling up the DagBag from /home/lcscarv/projetos/indicium/desafio_5/.venv/lib/python3.8/site-packages/airflow/example_dags/example_branch_operator_decorator.py
[2023-04-28T18:05:54.689-0300] {processor.py:753} INFO - DAG(s) dict_keys(['example_branch_python_operator_decorator']) retrieved from /home/lcscarv/projetos/indicium/desafio_5/.venv/lib/python3.8/site-packages/airflow/example_dags/example_branch_operator_decorator.py
[2023-04-28T18:05:54.703-0300] {logging_mixin.py:137} INFO - [2023-04-28T18:05:54.703-0300] {dag.py:2705} INFO - Sync 1 DAGs
[2023-04-28T18:05:54.715-0300] {logging_mixin.py:137} INFO - [2023-04-28T18:05:54.715-0300] {dag.py:3452} INFO - Setting next_dagrun for example_branch_python_operator_decorator to 2023-04-27T00:00:00+00:00, run_after=2023-04-28T00:00:00+00:00
[2023-04-28T18:05:54.733-0300] {processor.py:175} INFO - Processing /home/lcscarv/projetos/indicium/desafio_5/.venv/lib/python3.8/site-packages/airflow/example_dags/example_branch_operator_decorator.py took 0.067 seconds
[2023-04-28T18:06:39.861-0300] {processor.py:153} INFO - Started process (PID=5150) to work on /home/lcscarv/projetos/indicium/desafio_5/.venv/lib/python3.8/site-packages/airflow/example_dags/example_branch_operator_decorator.py
[2023-04-28T18:06:39.865-0300] {processor.py:743} INFO - Processing file /home/lcscarv/projetos/indicium/desafio_5/.venv/lib/python3.8/site-packages/airflow/example_dags/example_branch_operator_decorator.py for tasks to queue
[2023-04-28T18:06:39.865-0300] {logging_mixin.py:137} INFO - [2023-04-28T18:06:39.865-0300] {dagbag.py:532} INFO - Filling up the DagBag from /home/lcscarv/projetos/indicium/desafio_5/.venv/lib/python3.8/site-packages/airflow/example_dags/example_branch_operator_decorator.py
[2023-04-28T18:06:39.881-0300] {processor.py:753} INFO - DAG(s) dict_keys(['example_branch_python_operator_decorator']) retrieved from /home/lcscarv/projetos/indicium/desafio_5/.venv/lib/python3.8/site-packages/airflow/example_dags/example_branch_operator_decorator.py
[2023-04-28T18:06:39.895-0300] {logging_mixin.py:137} INFO - [2023-04-28T18:06:39.895-0300] {dag.py:2705} INFO - Sync 1 DAGs
[2023-04-28T18:06:39.908-0300] {logging_mixin.py:137} INFO - [2023-04-28T18:06:39.908-0300] {dag.py:3452} INFO - Setting next_dagrun for example_branch_python_operator_decorator to 2023-04-27T00:00:00+00:00, run_after=2023-04-28T00:00:00+00:00
[2023-04-28T18:06:39.926-0300] {processor.py:175} INFO - Processing /home/lcscarv/projetos/indicium/desafio_5/.venv/lib/python3.8/site-packages/airflow/example_dags/example_branch_operator_decorator.py took 0.067 seconds
[2023-04-28T18:07:54.707-0300] {processor.py:153} INFO - Started process (PID=5356) to work on /home/lcscarv/projetos/indicium/desafio_5/.venv/lib/python3.8/site-packages/airflow/example_dags/example_branch_operator_decorator.py
[2023-04-28T18:07:54.708-0300] {processor.py:743} INFO - Processing file /home/lcscarv/projetos/indicium/desafio_5/.venv/lib/python3.8/site-packages/airflow/example_dags/example_branch_operator_decorator.py for tasks to queue
[2023-04-28T18:07:54.708-0300] {logging_mixin.py:137} INFO - [2023-04-28T18:07:54.708-0300] {dagbag.py:532} INFO - Filling up the DagBag from /home/lcscarv/projetos/indicium/desafio_5/.venv/lib/python3.8/site-packages/airflow/example_dags/example_branch_operator_decorator.py
[2023-04-28T18:07:54.728-0300] {processor.py:753} INFO - DAG(s) dict_keys(['example_branch_python_operator_decorator']) retrieved from /home/lcscarv/projetos/indicium/desafio_5/.venv/lib/python3.8/site-packages/airflow/example_dags/example_branch_operator_decorator.py
[2023-04-28T18:07:54.744-0300] {logging_mixin.py:137} INFO - [2023-04-28T18:07:54.744-0300] {dag.py:2705} INFO - Sync 1 DAGs
[2023-04-28T18:07:54.759-0300] {logging_mixin.py:137} INFO - [2023-04-28T18:07:54.758-0300] {dag.py:3452} INFO - Setting next_dagrun for example_branch_python_operator_decorator to 2023-04-27T00:00:00+00:00, run_after=2023-04-28T00:00:00+00:00
[2023-04-28T18:07:54.779-0300] {processor.py:175} INFO - Processing /home/lcscarv/projetos/indicium/desafio_5/.venv/lib/python3.8/site-packages/airflow/example_dags/example_branch_operator_decorator.py took 0.075 seconds
[2023-04-28T18:08:39.446-0300] {processor.py:153} INFO - Started process (PID=5398) to work on /home/lcscarv/projetos/indicium/desafio_5/.venv/lib/python3.8/site-packages/airflow/example_dags/example_branch_operator_decorator.py
[2023-04-28T18:08:39.447-0300] {processor.py:743} INFO - Processing file /home/lcscarv/projetos/indicium/desafio_5/.venv/lib/python3.8/site-packages/airflow/example_dags/example_branch_operator_decorator.py for tasks to queue
[2023-04-28T18:08:39.449-0300] {logging_mixin.py:137} INFO - [2023-04-28T18:08:39.448-0300] {dagbag.py:532} INFO - Filling up the DagBag from /home/lcscarv/projetos/indicium/desafio_5/.venv/lib/python3.8/site-packages/airflow/example_dags/example_branch_operator_decorator.py
[2023-04-28T18:08:39.469-0300] {processor.py:753} INFO - DAG(s) dict_keys(['example_branch_python_operator_decorator']) retrieved from /home/lcscarv/projetos/indicium/desafio_5/.venv/lib/python3.8/site-packages/airflow/example_dags/example_branch_operator_decorator.py
[2023-04-28T18:08:39.490-0300] {logging_mixin.py:137} INFO - [2023-04-28T18:08:39.489-0300] {dag.py:2705} INFO - Sync 1 DAGs
[2023-04-28T18:08:39.506-0300] {logging_mixin.py:137} INFO - [2023-04-28T18:08:39.506-0300] {dag.py:3452} INFO - Setting next_dagrun for example_branch_python_operator_decorator to 2023-04-27T00:00:00+00:00, run_after=2023-04-28T00:00:00+00:00
[2023-04-28T18:08:39.532-0300] {processor.py:175} INFO - Processing /home/lcscarv/projetos/indicium/desafio_5/.venv/lib/python3.8/site-packages/airflow/example_dags/example_branch_operator_decorator.py took 0.088 seconds
[2023-04-28T18:09:27.344-0300] {processor.py:153} INFO - Started process (PID=5493) to work on /home/lcscarv/projetos/indicium/desafio_5/.venv/lib/python3.8/site-packages/airflow/example_dags/example_branch_operator_decorator.py
[2023-04-28T18:09:27.380-0300] {processor.py:743} INFO - Processing file /home/lcscarv/projetos/indicium/desafio_5/.venv/lib/python3.8/site-packages/airflow/example_dags/example_branch_operator_decorator.py for tasks to queue
[2023-04-28T18:09:27.381-0300] {logging_mixin.py:137} INFO - [2023-04-28T18:09:27.381-0300] {dagbag.py:532} INFO - Filling up the DagBag from /home/lcscarv/projetos/indicium/desafio_5/.venv/lib/python3.8/site-packages/airflow/example_dags/example_branch_operator_decorator.py
[2023-04-28T18:09:27.401-0300] {processor.py:753} INFO - DAG(s) dict_keys(['example_branch_python_operator_decorator']) retrieved from /home/lcscarv/projetos/indicium/desafio_5/.venv/lib/python3.8/site-packages/airflow/example_dags/example_branch_operator_decorator.py
[2023-04-28T18:09:27.445-0300] {logging_mixin.py:137} INFO - [2023-04-28T18:09:27.445-0300] {dag.py:2705} INFO - Sync 1 DAGs
[2023-04-28T18:09:27.491-0300] {logging_mixin.py:137} INFO - [2023-04-28T18:09:27.490-0300] {dag.py:3452} INFO - Setting next_dagrun for example_branch_python_operator_decorator to 2023-04-27T00:00:00+00:00, run_after=2023-04-28T00:00:00+00:00
[2023-04-28T18:09:27.636-0300] {processor.py:175} INFO - Processing /home/lcscarv/projetos/indicium/desafio_5/.venv/lib/python3.8/site-packages/airflow/example_dags/example_branch_operator_decorator.py took 0.293 seconds
[2023-04-28T18:10:15.846-0300] {processor.py:153} INFO - Started process (PID=5586) to work on /home/lcscarv/projetos/indicium/desafio_5/.venv/lib/python3.8/site-packages/airflow/example_dags/example_branch_operator_decorator.py
[2023-04-28T18:10:15.904-0300] {processor.py:743} INFO - Processing file /home/lcscarv/projetos/indicium/desafio_5/.venv/lib/python3.8/site-packages/airflow/example_dags/example_branch_operator_decorator.py for tasks to queue
[2023-04-28T18:10:15.905-0300] {logging_mixin.py:137} INFO - [2023-04-28T18:10:15.905-0300] {dagbag.py:532} INFO - Filling up the DagBag from /home/lcscarv/projetos/indicium/desafio_5/.venv/lib/python3.8/site-packages/airflow/example_dags/example_branch_operator_decorator.py
[2023-04-28T18:10:15.926-0300] {processor.py:753} INFO - DAG(s) dict_keys(['example_branch_python_operator_decorator']) retrieved from /home/lcscarv/projetos/indicium/desafio_5/.venv/lib/python3.8/site-packages/airflow/example_dags/example_branch_operator_decorator.py
[2023-04-28T18:10:15.942-0300] {logging_mixin.py:137} INFO - [2023-04-28T18:10:15.942-0300] {dag.py:2705} INFO - Sync 1 DAGs
[2023-04-28T18:10:15.955-0300] {logging_mixin.py:137} INFO - [2023-04-28T18:10:15.955-0300] {dag.py:3452} INFO - Setting next_dagrun for example_branch_python_operator_decorator to 2023-04-27T00:00:00+00:00, run_after=2023-04-28T00:00:00+00:00
[2023-04-28T18:10:16.071-0300] {processor.py:175} INFO - Processing /home/lcscarv/projetos/indicium/desafio_5/.venv/lib/python3.8/site-packages/airflow/example_dags/example_branch_operator_decorator.py took 0.227 seconds
[2023-04-28T18:11:15.319-0300] {processor.py:153} INFO - Started process (PID=5740) to work on /home/lcscarv/projetos/indicium/desafio_5/.venv/lib/python3.8/site-packages/airflow/example_dags/example_branch_operator_decorator.py
[2023-04-28T18:11:15.320-0300] {processor.py:743} INFO - Processing file /home/lcscarv/projetos/indicium/desafio_5/.venv/lib/python3.8/site-packages/airflow/example_dags/example_branch_operator_decorator.py for tasks to queue
[2023-04-28T18:11:15.321-0300] {logging_mixin.py:137} INFO - [2023-04-28T18:11:15.321-0300] {dagbag.py:532} INFO - Filling up the DagBag from /home/lcscarv/projetos/indicium/desafio_5/.venv/lib/python3.8/site-packages/airflow/example_dags/example_branch_operator_decorator.py
[2023-04-28T18:11:15.343-0300] {processor.py:753} INFO - DAG(s) dict_keys(['example_branch_python_operator_decorator']) retrieved from /home/lcscarv/projetos/indicium/desafio_5/.venv/lib/python3.8/site-packages/airflow/example_dags/example_branch_operator_decorator.py
[2023-04-28T18:11:15.361-0300] {logging_mixin.py:137} INFO - [2023-04-28T18:11:15.361-0300] {dag.py:2705} INFO - Sync 1 DAGs
[2023-04-28T18:11:15.380-0300] {logging_mixin.py:137} INFO - [2023-04-28T18:11:15.379-0300] {dag.py:3452} INFO - Setting next_dagrun for example_branch_python_operator_decorator to 2023-04-27T00:00:00+00:00, run_after=2023-04-28T00:00:00+00:00
[2023-04-28T18:11:15.432-0300] {processor.py:175} INFO - Processing /home/lcscarv/projetos/indicium/desafio_5/.venv/lib/python3.8/site-packages/airflow/example_dags/example_branch_operator_decorator.py took 0.116 seconds
[2023-04-28T18:12:06.808-0300] {processor.py:153} INFO - Started process (PID=5838) to work on /home/lcscarv/projetos/indicium/desafio_5/.venv/lib/python3.8/site-packages/airflow/example_dags/example_branch_operator_decorator.py
[2023-04-28T18:12:06.810-0300] {processor.py:743} INFO - Processing file /home/lcscarv/projetos/indicium/desafio_5/.venv/lib/python3.8/site-packages/airflow/example_dags/example_branch_operator_decorator.py for tasks to queue
[2023-04-28T18:12:06.810-0300] {logging_mixin.py:137} INFO - [2023-04-28T18:12:06.810-0300] {dagbag.py:532} INFO - Filling up the DagBag from /home/lcscarv/projetos/indicium/desafio_5/.venv/lib/python3.8/site-packages/airflow/example_dags/example_branch_operator_decorator.py
[2023-04-28T18:12:06.828-0300] {processor.py:753} INFO - DAG(s) dict_keys(['example_branch_python_operator_decorator']) retrieved from /home/lcscarv/projetos/indicium/desafio_5/.venv/lib/python3.8/site-packages/airflow/example_dags/example_branch_operator_decorator.py
[2023-04-28T18:12:06.844-0300] {logging_mixin.py:137} INFO - [2023-04-28T18:12:06.843-0300] {dag.py:2705} INFO - Sync 1 DAGs
[2023-04-28T18:12:06.857-0300] {logging_mixin.py:137} INFO - [2023-04-28T18:12:06.857-0300] {dag.py:3452} INFO - Setting next_dagrun for example_branch_python_operator_decorator to 2023-04-27T00:00:00+00:00, run_after=2023-04-28T00:00:00+00:00
[2023-04-28T18:12:06.882-0300] {processor.py:175} INFO - Processing /home/lcscarv/projetos/indicium/desafio_5/.venv/lib/python3.8/site-packages/airflow/example_dags/example_branch_operator_decorator.py took 0.075 seconds
[2023-04-28T18:13:16.077-0300] {processor.py:153} INFO - Started process (PID=5891) to work on /home/lcscarv/projetos/indicium/desafio_5/.venv/lib/python3.8/site-packages/airflow/example_dags/example_branch_operator_decorator.py
[2023-04-28T18:13:16.079-0300] {processor.py:743} INFO - Processing file /home/lcscarv/projetos/indicium/desafio_5/.venv/lib/python3.8/site-packages/airflow/example_dags/example_branch_operator_decorator.py for tasks to queue
[2023-04-28T18:13:16.079-0300] {logging_mixin.py:137} INFO - [2023-04-28T18:13:16.079-0300] {dagbag.py:532} INFO - Filling up the DagBag from /home/lcscarv/projetos/indicium/desafio_5/.venv/lib/python3.8/site-packages/airflow/example_dags/example_branch_operator_decorator.py
[2023-04-28T18:13:16.108-0300] {processor.py:753} INFO - DAG(s) dict_keys(['example_branch_python_operator_decorator']) retrieved from /home/lcscarv/projetos/indicium/desafio_5/.venv/lib/python3.8/site-packages/airflow/example_dags/example_branch_operator_decorator.py
[2023-04-28T18:13:16.125-0300] {logging_mixin.py:137} INFO - [2023-04-28T18:13:16.125-0300] {dag.py:2705} INFO - Sync 1 DAGs
[2023-04-28T18:13:16.140-0300] {logging_mixin.py:137} INFO - [2023-04-28T18:13:16.140-0300] {dag.py:3452} INFO - Setting next_dagrun for example_branch_python_operator_decorator to 2023-04-27T00:00:00+00:00, run_after=2023-04-28T00:00:00+00:00
[2023-04-28T18:13:16.159-0300] {processor.py:175} INFO - Processing /home/lcscarv/projetos/indicium/desafio_5/.venv/lib/python3.8/site-packages/airflow/example_dags/example_branch_operator_decorator.py took 0.084 seconds
[2023-04-28T18:14:07.745-0300] {processor.py:153} INFO - Started process (PID=5936) to work on /home/lcscarv/projetos/indicium/desafio_5/.venv/lib/python3.8/site-packages/airflow/example_dags/example_branch_operator_decorator.py
[2023-04-28T18:14:07.746-0300] {processor.py:743} INFO - Processing file /home/lcscarv/projetos/indicium/desafio_5/.venv/lib/python3.8/site-packages/airflow/example_dags/example_branch_operator_decorator.py for tasks to queue
[2023-04-28T18:14:07.747-0300] {logging_mixin.py:137} INFO - [2023-04-28T18:14:07.747-0300] {dagbag.py:532} INFO - Filling up the DagBag from /home/lcscarv/projetos/indicium/desafio_5/.venv/lib/python3.8/site-packages/airflow/example_dags/example_branch_operator_decorator.py
[2023-04-28T18:14:07.766-0300] {processor.py:753} INFO - DAG(s) dict_keys(['example_branch_python_operator_decorator']) retrieved from /home/lcscarv/projetos/indicium/desafio_5/.venv/lib/python3.8/site-packages/airflow/example_dags/example_branch_operator_decorator.py
[2023-04-28T18:14:07.782-0300] {logging_mixin.py:137} INFO - [2023-04-28T18:14:07.782-0300] {dag.py:2705} INFO - Sync 1 DAGs
[2023-04-28T18:14:07.796-0300] {logging_mixin.py:137} INFO - [2023-04-28T18:14:07.796-0300] {dag.py:3452} INFO - Setting next_dagrun for example_branch_python_operator_decorator to 2023-04-27T00:00:00+00:00, run_after=2023-04-28T00:00:00+00:00
[2023-04-28T18:14:07.814-0300] {processor.py:175} INFO - Processing /home/lcscarv/projetos/indicium/desafio_5/.venv/lib/python3.8/site-packages/airflow/example_dags/example_branch_operator_decorator.py took 0.071 seconds
[2023-04-28T18:15:13.276-0300] {processor.py:153} INFO - Started process (PID=6039) to work on /home/lcscarv/projetos/indicium/desafio_5/.venv/lib/python3.8/site-packages/airflow/example_dags/example_branch_operator_decorator.py
[2023-04-28T18:15:13.277-0300] {processor.py:743} INFO - Processing file /home/lcscarv/projetos/indicium/desafio_5/.venv/lib/python3.8/site-packages/airflow/example_dags/example_branch_operator_decorator.py for tasks to queue
[2023-04-28T18:15:13.277-0300] {logging_mixin.py:137} INFO - [2023-04-28T18:15:13.277-0300] {dagbag.py:532} INFO - Filling up the DagBag from /home/lcscarv/projetos/indicium/desafio_5/.venv/lib/python3.8/site-packages/airflow/example_dags/example_branch_operator_decorator.py
[2023-04-28T18:15:13.295-0300] {processor.py:753} INFO - DAG(s) dict_keys(['example_branch_python_operator_decorator']) retrieved from /home/lcscarv/projetos/indicium/desafio_5/.venv/lib/python3.8/site-packages/airflow/example_dags/example_branch_operator_decorator.py
[2023-04-28T18:15:13.310-0300] {logging_mixin.py:137} INFO - [2023-04-28T18:15:13.310-0300] {dag.py:2705} INFO - Sync 1 DAGs
[2023-04-28T18:15:13.385-0300] {logging_mixin.py:137} INFO - [2023-04-28T18:15:13.385-0300] {dag.py:3452} INFO - Setting next_dagrun for example_branch_python_operator_decorator to 2023-04-27T00:00:00+00:00, run_after=2023-04-28T00:00:00+00:00
[2023-04-28T18:15:13.403-0300] {processor.py:175} INFO - Processing /home/lcscarv/projetos/indicium/desafio_5/.venv/lib/python3.8/site-packages/airflow/example_dags/example_branch_operator_decorator.py took 0.130 seconds
[2023-04-28T18:16:09.476-0300] {processor.py:153} INFO - Started process (PID=6089) to work on /home/lcscarv/projetos/indicium/desafio_5/.venv/lib/python3.8/site-packages/airflow/example_dags/example_branch_operator_decorator.py
[2023-04-28T18:16:09.535-0300] {processor.py:743} INFO - Processing file /home/lcscarv/projetos/indicium/desafio_5/.venv/lib/python3.8/site-packages/airflow/example_dags/example_branch_operator_decorator.py for tasks to queue
[2023-04-28T18:16:09.537-0300] {logging_mixin.py:137} INFO - [2023-04-28T18:16:09.537-0300] {dagbag.py:532} INFO - Filling up the DagBag from /home/lcscarv/projetos/indicium/desafio_5/.venv/lib/python3.8/site-packages/airflow/example_dags/example_branch_operator_decorator.py
[2023-04-28T18:16:09.560-0300] {processor.py:753} INFO - DAG(s) dict_keys(['example_branch_python_operator_decorator']) retrieved from /home/lcscarv/projetos/indicium/desafio_5/.venv/lib/python3.8/site-packages/airflow/example_dags/example_branch_operator_decorator.py
[2023-04-28T18:16:09.575-0300] {logging_mixin.py:137} INFO - [2023-04-28T18:16:09.575-0300] {dag.py:2705} INFO - Sync 1 DAGs
[2023-04-28T18:16:09.641-0300] {logging_mixin.py:137} INFO - [2023-04-28T18:16:09.641-0300] {dag.py:3452} INFO - Setting next_dagrun for example_branch_python_operator_decorator to 2023-04-27T00:00:00+00:00, run_after=2023-04-28T00:00:00+00:00
[2023-04-28T18:16:10.901-0300] {processor.py:175} INFO - Processing /home/lcscarv/projetos/indicium/desafio_5/.venv/lib/python3.8/site-packages/airflow/example_dags/example_branch_operator_decorator.py took 1.427 seconds
[2023-04-28T18:17:09.182-0300] {processor.py:153} INFO - Started process (PID=6138) to work on /home/lcscarv/projetos/indicium/desafio_5/.venv/lib/python3.8/site-packages/airflow/example_dags/example_branch_operator_decorator.py
[2023-04-28T18:17:09.184-0300] {processor.py:743} INFO - Processing file /home/lcscarv/projetos/indicium/desafio_5/.venv/lib/python3.8/site-packages/airflow/example_dags/example_branch_operator_decorator.py for tasks to queue
[2023-04-28T18:17:09.185-0300] {logging_mixin.py:137} INFO - [2023-04-28T18:17:09.184-0300] {dagbag.py:532} INFO - Filling up the DagBag from /home/lcscarv/projetos/indicium/desafio_5/.venv/lib/python3.8/site-packages/airflow/example_dags/example_branch_operator_decorator.py
[2023-04-28T18:17:09.202-0300] {processor.py:753} INFO - DAG(s) dict_keys(['example_branch_python_operator_decorator']) retrieved from /home/lcscarv/projetos/indicium/desafio_5/.venv/lib/python3.8/site-packages/airflow/example_dags/example_branch_operator_decorator.py
[2023-04-28T18:17:09.272-0300] {logging_mixin.py:137} INFO - [2023-04-28T18:17:09.272-0300] {dag.py:2705} INFO - Sync 1 DAGs
[2023-04-28T18:17:09.283-0300] {logging_mixin.py:137} INFO - [2023-04-28T18:17:09.283-0300] {dag.py:3452} INFO - Setting next_dagrun for example_branch_python_operator_decorator to 2023-04-27T00:00:00+00:00, run_after=2023-04-28T00:00:00+00:00
[2023-04-28T18:17:09.321-0300] {processor.py:175} INFO - Processing /home/lcscarv/projetos/indicium/desafio_5/.venv/lib/python3.8/site-packages/airflow/example_dags/example_branch_operator_decorator.py took 0.141 seconds
[2023-04-28T18:18:03.718-0300] {processor.py:153} INFO - Started process (PID=6188) to work on /home/lcscarv/projetos/indicium/desafio_5/.venv/lib/python3.8/site-packages/airflow/example_dags/example_branch_operator_decorator.py
[2023-04-28T18:18:03.719-0300] {processor.py:743} INFO - Processing file /home/lcscarv/projetos/indicium/desafio_5/.venv/lib/python3.8/site-packages/airflow/example_dags/example_branch_operator_decorator.py for tasks to queue
[2023-04-28T18:18:03.720-0300] {logging_mixin.py:137} INFO - [2023-04-28T18:18:03.720-0300] {dagbag.py:532} INFO - Filling up the DagBag from /home/lcscarv/projetos/indicium/desafio_5/.venv/lib/python3.8/site-packages/airflow/example_dags/example_branch_operator_decorator.py
[2023-04-28T18:18:03.739-0300] {processor.py:753} INFO - DAG(s) dict_keys(['example_branch_python_operator_decorator']) retrieved from /home/lcscarv/projetos/indicium/desafio_5/.venv/lib/python3.8/site-packages/airflow/example_dags/example_branch_operator_decorator.py
[2023-04-28T18:18:03.756-0300] {logging_mixin.py:137} INFO - [2023-04-28T18:18:03.756-0300] {dag.py:2705} INFO - Sync 1 DAGs
[2023-04-28T18:18:03.770-0300] {logging_mixin.py:137} INFO - [2023-04-28T18:18:03.770-0300] {dag.py:3452} INFO - Setting next_dagrun for example_branch_python_operator_decorator to 2023-04-27T00:00:00+00:00, run_after=2023-04-28T00:00:00+00:00
[2023-04-28T18:18:03.789-0300] {processor.py:175} INFO - Processing /home/lcscarv/projetos/indicium/desafio_5/.venv/lib/python3.8/site-packages/airflow/example_dags/example_branch_operator_decorator.py took 0.073 seconds
[2023-04-28T18:18:47.414-0300] {processor.py:153} INFO - Started process (PID=6230) to work on /home/lcscarv/projetos/indicium/desafio_5/.venv/lib/python3.8/site-packages/airflow/example_dags/example_branch_operator_decorator.py
[2023-04-28T18:18:47.415-0300] {processor.py:743} INFO - Processing file /home/lcscarv/projetos/indicium/desafio_5/.venv/lib/python3.8/site-packages/airflow/example_dags/example_branch_operator_decorator.py for tasks to queue
[2023-04-28T18:18:47.416-0300] {logging_mixin.py:137} INFO - [2023-04-28T18:18:47.416-0300] {dagbag.py:532} INFO - Filling up the DagBag from /home/lcscarv/projetos/indicium/desafio_5/.venv/lib/python3.8/site-packages/airflow/example_dags/example_branch_operator_decorator.py
[2023-04-28T18:18:47.437-0300] {processor.py:753} INFO - DAG(s) dict_keys(['example_branch_python_operator_decorator']) retrieved from /home/lcscarv/projetos/indicium/desafio_5/.venv/lib/python3.8/site-packages/airflow/example_dags/example_branch_operator_decorator.py
[2023-04-28T18:18:47.453-0300] {logging_mixin.py:137} INFO - [2023-04-28T18:18:47.453-0300] {dag.py:2705} INFO - Sync 1 DAGs
[2023-04-28T18:18:47.467-0300] {logging_mixin.py:137} INFO - [2023-04-28T18:18:47.467-0300] {dag.py:3452} INFO - Setting next_dagrun for example_branch_python_operator_decorator to 2023-04-27T00:00:00+00:00, run_after=2023-04-28T00:00:00+00:00
[2023-04-28T18:18:47.560-0300] {processor.py:175} INFO - Processing /home/lcscarv/projetos/indicium/desafio_5/.venv/lib/python3.8/site-packages/airflow/example_dags/example_branch_operator_decorator.py took 0.148 seconds
[2023-04-28T18:19:31.770-0300] {processor.py:153} INFO - Started process (PID=6271) to work on /home/lcscarv/projetos/indicium/desafio_5/.venv/lib/python3.8/site-packages/airflow/example_dags/example_branch_operator_decorator.py
[2023-04-28T18:19:31.771-0300] {processor.py:743} INFO - Processing file /home/lcscarv/projetos/indicium/desafio_5/.venv/lib/python3.8/site-packages/airflow/example_dags/example_branch_operator_decorator.py for tasks to queue
[2023-04-28T18:19:31.772-0300] {logging_mixin.py:137} INFO - [2023-04-28T18:19:31.772-0300] {dagbag.py:532} INFO - Filling up the DagBag from /home/lcscarv/projetos/indicium/desafio_5/.venv/lib/python3.8/site-packages/airflow/example_dags/example_branch_operator_decorator.py
[2023-04-28T18:19:31.789-0300] {processor.py:753} INFO - DAG(s) dict_keys(['example_branch_python_operator_decorator']) retrieved from /home/lcscarv/projetos/indicium/desafio_5/.venv/lib/python3.8/site-packages/airflow/example_dags/example_branch_operator_decorator.py
[2023-04-28T18:19:31.804-0300] {logging_mixin.py:137} INFO - [2023-04-28T18:19:31.804-0300] {dag.py:2705} INFO - Sync 1 DAGs
[2023-04-28T18:19:31.873-0300] {logging_mixin.py:137} INFO - [2023-04-28T18:19:31.873-0300] {dag.py:3452} INFO - Setting next_dagrun for example_branch_python_operator_decorator to 2023-04-27T00:00:00+00:00, run_after=2023-04-28T00:00:00+00:00
[2023-04-28T18:19:31.913-0300] {processor.py:175} INFO - Processing /home/lcscarv/projetos/indicium/desafio_5/.venv/lib/python3.8/site-packages/airflow/example_dags/example_branch_operator_decorator.py took 0.145 seconds
[2023-04-28T18:20:22.219-0300] {processor.py:153} INFO - Started process (PID=6367) to work on /home/lcscarv/projetos/indicium/desafio_5/.venv/lib/python3.8/site-packages/airflow/example_dags/example_branch_operator_decorator.py
[2023-04-28T18:20:22.221-0300] {processor.py:743} INFO - Processing file /home/lcscarv/projetos/indicium/desafio_5/.venv/lib/python3.8/site-packages/airflow/example_dags/example_branch_operator_decorator.py for tasks to queue
[2023-04-28T18:20:22.221-0300] {logging_mixin.py:137} INFO - [2023-04-28T18:20:22.221-0300] {dagbag.py:532} INFO - Filling up the DagBag from /home/lcscarv/projetos/indicium/desafio_5/.venv/lib/python3.8/site-packages/airflow/example_dags/example_branch_operator_decorator.py
[2023-04-28T18:20:22.243-0300] {processor.py:753} INFO - DAG(s) dict_keys(['example_branch_python_operator_decorator']) retrieved from /home/lcscarv/projetos/indicium/desafio_5/.venv/lib/python3.8/site-packages/airflow/example_dags/example_branch_operator_decorator.py
[2023-04-28T18:20:22.326-0300] {logging_mixin.py:137} INFO - [2023-04-28T18:20:22.326-0300] {dag.py:2705} INFO - Sync 1 DAGs
[2023-04-28T18:20:22.342-0300] {logging_mixin.py:137} INFO - [2023-04-28T18:20:22.342-0300] {dag.py:3452} INFO - Setting next_dagrun for example_branch_python_operator_decorator to 2023-04-27T00:00:00+00:00, run_after=2023-04-28T00:00:00+00:00
[2023-04-28T18:20:22.370-0300] {processor.py:175} INFO - Processing /home/lcscarv/projetos/indicium/desafio_5/.venv/lib/python3.8/site-packages/airflow/example_dags/example_branch_operator_decorator.py took 0.153 seconds
[2023-04-28T18:21:10.448-0300] {processor.py:153} INFO - Started process (PID=6412) to work on /home/lcscarv/projetos/indicium/desafio_5/.venv/lib/python3.8/site-packages/airflow/example_dags/example_branch_operator_decorator.py
[2023-04-28T18:21:10.450-0300] {processor.py:743} INFO - Processing file /home/lcscarv/projetos/indicium/desafio_5/.venv/lib/python3.8/site-packages/airflow/example_dags/example_branch_operator_decorator.py for tasks to queue
[2023-04-28T18:21:10.451-0300] {logging_mixin.py:137} INFO - [2023-04-28T18:21:10.450-0300] {dagbag.py:532} INFO - Filling up the DagBag from /home/lcscarv/projetos/indicium/desafio_5/.venv/lib/python3.8/site-packages/airflow/example_dags/example_branch_operator_decorator.py
[2023-04-28T18:21:10.468-0300] {processor.py:753} INFO - DAG(s) dict_keys(['example_branch_python_operator_decorator']) retrieved from /home/lcscarv/projetos/indicium/desafio_5/.venv/lib/python3.8/site-packages/airflow/example_dags/example_branch_operator_decorator.py
[2023-04-28T18:21:10.545-0300] {logging_mixin.py:137} INFO - [2023-04-28T18:21:10.545-0300] {dag.py:2705} INFO - Sync 1 DAGs
[2023-04-28T18:21:10.557-0300] {logging_mixin.py:137} INFO - [2023-04-28T18:21:10.557-0300] {dag.py:3452} INFO - Setting next_dagrun for example_branch_python_operator_decorator to 2023-04-27T00:00:00+00:00, run_after=2023-04-28T00:00:00+00:00
[2023-04-28T18:21:10.579-0300] {processor.py:175} INFO - Processing /home/lcscarv/projetos/indicium/desafio_5/.venv/lib/python3.8/site-packages/airflow/example_dags/example_branch_operator_decorator.py took 0.133 seconds
