[2023-04-28T18:00:53.039-0300] {processor.py:153} INFO - Started process (PID=4620) to work on /home/lcscarv/projetos/indicium/desafio_5/.venv/lib/python3.8/site-packages/airflow/example_dags/example_bash_operator.py
[2023-04-28T18:00:53.040-0300] {processor.py:743} INFO - Processing file /home/lcscarv/projetos/indicium/desafio_5/.venv/lib/python3.8/site-packages/airflow/example_dags/example_bash_operator.py for tasks to queue
[2023-04-28T18:00:53.041-0300] {logging_mixin.py:137} INFO - [2023-04-28T18:00:53.040-0300] {dagbag.py:532} INFO - Filling up the DagBag from /home/lcscarv/projetos/indicium/desafio_5/.venv/lib/python3.8/site-packages/airflow/example_dags/example_bash_operator.py
[2023-04-28T18:00:53.058-0300] {processor.py:753} INFO - DAG(s) dict_keys(['example_bash_operator']) retrieved from /home/lcscarv/projetos/indicium/desafio_5/.venv/lib/python3.8/site-packages/airflow/example_dags/example_bash_operator.py
[2023-04-28T18:00:53.084-0300] {logging_mixin.py:137} INFO - [2023-04-28T18:00:53.084-0300] {dag.py:2705} INFO - Sync 1 DAGs
[2023-04-28T18:00:53.100-0300] {logging_mixin.py:137} INFO - [2023-04-28T18:00:53.100-0300] {dag.py:3452} INFO - Setting next_dagrun for example_bash_operator to 2023-04-27T00:00:00+00:00, run_after=2023-04-28T00:00:00+00:00
[2023-04-28T18:00:53.129-0300] {processor.py:175} INFO - Processing /home/lcscarv/projetos/indicium/desafio_5/.venv/lib/python3.8/site-packages/airflow/example_dags/example_bash_operator.py took 0.092 seconds
[2023-04-28T18:01:45.954-0300] {processor.py:153} INFO - Started process (PID=4670) to work on /home/lcscarv/projetos/indicium/desafio_5/.venv/lib/python3.8/site-packages/airflow/example_dags/example_bash_operator.py
[2023-04-28T18:01:45.956-0300] {processor.py:743} INFO - Processing file /home/lcscarv/projetos/indicium/desafio_5/.venv/lib/python3.8/site-packages/airflow/example_dags/example_bash_operator.py for tasks to queue
[2023-04-28T18:01:45.959-0300] {logging_mixin.py:137} INFO - [2023-04-28T18:01:45.958-0300] {dagbag.py:532} INFO - Filling up the DagBag from /home/lcscarv/projetos/indicium/desafio_5/.venv/lib/python3.8/site-packages/airflow/example_dags/example_bash_operator.py
[2023-04-28T18:01:45.981-0300] {processor.py:753} INFO - DAG(s) dict_keys(['example_bash_operator']) retrieved from /home/lcscarv/projetos/indicium/desafio_5/.venv/lib/python3.8/site-packages/airflow/example_dags/example_bash_operator.py
[2023-04-28T18:01:46.015-0300] {logging_mixin.py:137} INFO - [2023-04-28T18:01:46.014-0300] {dag.py:2705} INFO - Sync 1 DAGs
[2023-04-28T18:01:46.043-0300] {logging_mixin.py:137} INFO - [2023-04-28T18:01:46.042-0300] {dag.py:3452} INFO - Setting next_dagrun for example_bash_operator to 2023-04-27T00:00:00+00:00, run_after=2023-04-28T00:00:00+00:00
[2023-04-28T18:01:46.066-0300] {processor.py:175} INFO - Processing /home/lcscarv/projetos/indicium/desafio_5/.venv/lib/python3.8/site-packages/airflow/example_dags/example_bash_operator.py took 0.116 seconds
[2023-04-28T18:03:03.572-0300] {processor.py:153} INFO - Started process (PID=4830) to work on /home/lcscarv/projetos/indicium/desafio_5/.venv/lib/python3.8/site-packages/airflow/example_dags/example_bash_operator.py
[2023-04-28T18:03:03.573-0300] {processor.py:743} INFO - Processing file /home/lcscarv/projetos/indicium/desafio_5/.venv/lib/python3.8/site-packages/airflow/example_dags/example_bash_operator.py for tasks to queue
[2023-04-28T18:03:03.574-0300] {logging_mixin.py:137} INFO - [2023-04-28T18:03:03.573-0300] {dagbag.py:532} INFO - Filling up the DagBag from /home/lcscarv/projetos/indicium/desafio_5/.venv/lib/python3.8/site-packages/airflow/example_dags/example_bash_operator.py
[2023-04-28T18:03:03.587-0300] {processor.py:753} INFO - DAG(s) dict_keys(['example_bash_operator']) retrieved from /home/lcscarv/projetos/indicium/desafio_5/.venv/lib/python3.8/site-packages/airflow/example_dags/example_bash_operator.py
[2023-04-28T18:03:03.609-0300] {logging_mixin.py:137} INFO - [2023-04-28T18:03:03.609-0300] {dag.py:2705} INFO - Sync 1 DAGs
[2023-04-28T18:03:03.623-0300] {logging_mixin.py:137} INFO - [2023-04-28T18:03:03.623-0300] {dag.py:3452} INFO - Setting next_dagrun for example_bash_operator to 2023-04-27T00:00:00+00:00, run_after=2023-04-28T00:00:00+00:00
[2023-04-28T18:03:03.644-0300] {processor.py:175} INFO - Processing /home/lcscarv/projetos/indicium/desafio_5/.venv/lib/python3.8/site-packages/airflow/example_dags/example_bash_operator.py took 0.074 seconds
[2023-04-28T18:03:51.107-0300] {processor.py:153} INFO - Started process (PID=4876) to work on /home/lcscarv/projetos/indicium/desafio_5/.venv/lib/python3.8/site-packages/airflow/example_dags/example_bash_operator.py
[2023-04-28T18:03:51.280-0300] {processor.py:743} INFO - Processing file /home/lcscarv/projetos/indicium/desafio_5/.venv/lib/python3.8/site-packages/airflow/example_dags/example_bash_operator.py for tasks to queue
[2023-04-28T18:03:51.281-0300] {logging_mixin.py:137} INFO - [2023-04-28T18:03:51.281-0300] {dagbag.py:532} INFO - Filling up the DagBag from /home/lcscarv/projetos/indicium/desafio_5/.venv/lib/python3.8/site-packages/airflow/example_dags/example_bash_operator.py
[2023-04-28T18:03:51.295-0300] {processor.py:753} INFO - DAG(s) dict_keys(['example_bash_operator']) retrieved from /home/lcscarv/projetos/indicium/desafio_5/.venv/lib/python3.8/site-packages/airflow/example_dags/example_bash_operator.py
[2023-04-28T18:03:51.316-0300] {logging_mixin.py:137} INFO - [2023-04-28T18:03:51.316-0300] {dag.py:2705} INFO - Sync 1 DAGs
[2023-04-28T18:03:51.329-0300] {logging_mixin.py:137} INFO - [2023-04-28T18:03:51.329-0300] {dag.py:3452} INFO - Setting next_dagrun for example_bash_operator to 2023-04-27T00:00:00+00:00, run_after=2023-04-28T00:00:00+00:00
[2023-04-28T18:03:52.251-0300] {processor.py:175} INFO - Processing /home/lcscarv/projetos/indicium/desafio_5/.venv/lib/python3.8/site-packages/airflow/example_dags/example_bash_operator.py took 1.147 seconds
[2023-04-28T18:04:43.792-0300] {processor.py:153} INFO - Started process (PID=4926) to work on /home/lcscarv/projetos/indicium/desafio_5/.venv/lib/python3.8/site-packages/airflow/example_dags/example_bash_operator.py
[2023-04-28T18:04:43.794-0300] {processor.py:743} INFO - Processing file /home/lcscarv/projetos/indicium/desafio_5/.venv/lib/python3.8/site-packages/airflow/example_dags/example_bash_operator.py for tasks to queue
[2023-04-28T18:04:43.795-0300] {logging_mixin.py:137} INFO - [2023-04-28T18:04:43.794-0300] {dagbag.py:532} INFO - Filling up the DagBag from /home/lcscarv/projetos/indicium/desafio_5/.venv/lib/python3.8/site-packages/airflow/example_dags/example_bash_operator.py
[2023-04-28T18:04:43.817-0300] {processor.py:753} INFO - DAG(s) dict_keys(['example_bash_operator']) retrieved from /home/lcscarv/projetos/indicium/desafio_5/.venv/lib/python3.8/site-packages/airflow/example_dags/example_bash_operator.py
[2023-04-28T18:04:43.848-0300] {logging_mixin.py:137} INFO - [2023-04-28T18:04:43.848-0300] {dag.py:2705} INFO - Sync 1 DAGs
[2023-04-28T18:04:43.868-0300] {logging_mixin.py:137} INFO - [2023-04-28T18:04:43.868-0300] {dag.py:3452} INFO - Setting next_dagrun for example_bash_operator to 2023-04-27T00:00:00+00:00, run_after=2023-04-28T00:00:00+00:00
[2023-04-28T18:04:43.889-0300] {processor.py:175} INFO - Processing /home/lcscarv/projetos/indicium/desafio_5/.venv/lib/python3.8/site-packages/airflow/example_dags/example_bash_operator.py took 0.107 seconds
[2023-04-28T18:05:27.204-0300] {processor.py:153} INFO - Started process (PID=5075) to work on /home/lcscarv/projetos/indicium/desafio_5/.venv/lib/python3.8/site-packages/airflow/example_dags/example_bash_operator.py
[2023-04-28T18:05:27.205-0300] {processor.py:743} INFO - Processing file /home/lcscarv/projetos/indicium/desafio_5/.venv/lib/python3.8/site-packages/airflow/example_dags/example_bash_operator.py for tasks to queue
[2023-04-28T18:05:27.206-0300] {logging_mixin.py:137} INFO - [2023-04-28T18:05:27.206-0300] {dagbag.py:532} INFO - Filling up the DagBag from /home/lcscarv/projetos/indicium/desafio_5/.venv/lib/python3.8/site-packages/airflow/example_dags/example_bash_operator.py
[2023-04-28T18:05:27.222-0300] {processor.py:753} INFO - DAG(s) dict_keys(['example_bash_operator']) retrieved from /home/lcscarv/projetos/indicium/desafio_5/.venv/lib/python3.8/site-packages/airflow/example_dags/example_bash_operator.py
[2023-04-28T18:05:27.246-0300] {logging_mixin.py:137} INFO - [2023-04-28T18:05:27.246-0300] {dag.py:2705} INFO - Sync 1 DAGs
[2023-04-28T18:05:27.259-0300] {logging_mixin.py:137} INFO - [2023-04-28T18:05:27.259-0300] {dag.py:3452} INFO - Setting next_dagrun for example_bash_operator to 2023-04-27T00:00:00+00:00, run_after=2023-04-28T00:00:00+00:00
[2023-04-28T18:05:27.278-0300] {processor.py:175} INFO - Processing /home/lcscarv/projetos/indicium/desafio_5/.venv/lib/python3.8/site-packages/airflow/example_dags/example_bash_operator.py took 0.076 seconds
[2023-04-28T18:06:10.115-0300] {processor.py:153} INFO - Started process (PID=5120) to work on /home/lcscarv/projetos/indicium/desafio_5/.venv/lib/python3.8/site-packages/airflow/example_dags/example_bash_operator.py
[2023-04-28T18:06:10.116-0300] {processor.py:743} INFO - Processing file /home/lcscarv/projetos/indicium/desafio_5/.venv/lib/python3.8/site-packages/airflow/example_dags/example_bash_operator.py for tasks to queue
[2023-04-28T18:06:10.116-0300] {logging_mixin.py:137} INFO - [2023-04-28T18:06:10.116-0300] {dagbag.py:532} INFO - Filling up the DagBag from /home/lcscarv/projetos/indicium/desafio_5/.venv/lib/python3.8/site-packages/airflow/example_dags/example_bash_operator.py
[2023-04-28T18:06:10.130-0300] {processor.py:753} INFO - DAG(s) dict_keys(['example_bash_operator']) retrieved from /home/lcscarv/projetos/indicium/desafio_5/.venv/lib/python3.8/site-packages/airflow/example_dags/example_bash_operator.py
[2023-04-28T18:06:10.151-0300] {logging_mixin.py:137} INFO - [2023-04-28T18:06:10.151-0300] {dag.py:2705} INFO - Sync 1 DAGs
[2023-04-28T18:06:10.163-0300] {logging_mixin.py:137} INFO - [2023-04-28T18:06:10.163-0300] {dag.py:3452} INFO - Setting next_dagrun for example_bash_operator to 2023-04-27T00:00:00+00:00, run_after=2023-04-28T00:00:00+00:00
[2023-04-28T18:06:10.181-0300] {processor.py:175} INFO - Processing /home/lcscarv/projetos/indicium/desafio_5/.venv/lib/python3.8/site-packages/airflow/example_dags/example_bash_operator.py took 0.069 seconds
[2023-04-28T18:07:06.250-0300] {processor.py:153} INFO - Started process (PID=5167) to work on /home/lcscarv/projetos/indicium/desafio_5/.venv/lib/python3.8/site-packages/airflow/example_dags/example_bash_operator.py
[2023-04-28T18:07:06.373-0300] {processor.py:743} INFO - Processing file /home/lcscarv/projetos/indicium/desafio_5/.venv/lib/python3.8/site-packages/airflow/example_dags/example_bash_operator.py for tasks to queue
[2023-04-28T18:07:06.375-0300] {logging_mixin.py:137} INFO - [2023-04-28T18:07:06.375-0300] {dagbag.py:532} INFO - Filling up the DagBag from /home/lcscarv/projetos/indicium/desafio_5/.venv/lib/python3.8/site-packages/airflow/example_dags/example_bash_operator.py
[2023-04-28T18:07:06.393-0300] {processor.py:753} INFO - DAG(s) dict_keys(['example_bash_operator']) retrieved from /home/lcscarv/projetos/indicium/desafio_5/.venv/lib/python3.8/site-packages/airflow/example_dags/example_bash_operator.py
[2023-04-28T18:07:06.415-0300] {logging_mixin.py:137} INFO - [2023-04-28T18:07:06.415-0300] {dag.py:2705} INFO - Sync 1 DAGs
[2023-04-28T18:07:06.430-0300] {logging_mixin.py:137} INFO - [2023-04-28T18:07:06.429-0300] {dag.py:3452} INFO - Setting next_dagrun for example_bash_operator to 2023-04-27T00:00:00+00:00, run_after=2023-04-28T00:00:00+00:00
[2023-04-28T18:07:06.647-0300] {processor.py:175} INFO - Processing /home/lcscarv/projetos/indicium/desafio_5/.venv/lib/python3.8/site-packages/airflow/example_dags/example_bash_operator.py took 0.400 seconds
[2023-04-28T18:08:25.372-0300] {processor.py:153} INFO - Started process (PID=5385) to work on /home/lcscarv/projetos/indicium/desafio_5/.venv/lib/python3.8/site-packages/airflow/example_dags/example_bash_operator.py
[2023-04-28T18:08:25.460-0300] {processor.py:743} INFO - Processing file /home/lcscarv/projetos/indicium/desafio_5/.venv/lib/python3.8/site-packages/airflow/example_dags/example_bash_operator.py for tasks to queue
[2023-04-28T18:08:25.462-0300] {logging_mixin.py:137} INFO - [2023-04-28T18:08:25.461-0300] {dagbag.py:532} INFO - Filling up the DagBag from /home/lcscarv/projetos/indicium/desafio_5/.venv/lib/python3.8/site-packages/airflow/example_dags/example_bash_operator.py
[2023-04-28T18:08:25.482-0300] {processor.py:753} INFO - DAG(s) dict_keys(['example_bash_operator']) retrieved from /home/lcscarv/projetos/indicium/desafio_5/.venv/lib/python3.8/site-packages/airflow/example_dags/example_bash_operator.py
[2023-04-28T18:08:25.505-0300] {logging_mixin.py:137} INFO - [2023-04-28T18:08:25.505-0300] {dag.py:2705} INFO - Sync 1 DAGs
[2023-04-28T18:08:25.518-0300] {logging_mixin.py:137} INFO - [2023-04-28T18:08:25.517-0300] {dag.py:3452} INFO - Setting next_dagrun for example_bash_operator to 2023-04-27T00:00:00+00:00, run_after=2023-04-28T00:00:00+00:00
[2023-04-28T18:08:25.714-0300] {processor.py:175} INFO - Processing /home/lcscarv/projetos/indicium/desafio_5/.venv/lib/python3.8/site-packages/airflow/example_dags/example_bash_operator.py took 0.344 seconds
[2023-04-28T18:09:11.684-0300] {processor.py:153} INFO - Started process (PID=5479) to work on /home/lcscarv/projetos/indicium/desafio_5/.venv/lib/python3.8/site-packages/airflow/example_dags/example_bash_operator.py
[2023-04-28T18:09:11.692-0300] {processor.py:743} INFO - Processing file /home/lcscarv/projetos/indicium/desafio_5/.venv/lib/python3.8/site-packages/airflow/example_dags/example_bash_operator.py for tasks to queue
[2023-04-28T18:09:11.693-0300] {logging_mixin.py:137} INFO - [2023-04-28T18:09:11.693-0300] {dagbag.py:532} INFO - Filling up the DagBag from /home/lcscarv/projetos/indicium/desafio_5/.venv/lib/python3.8/site-packages/airflow/example_dags/example_bash_operator.py
[2023-04-28T18:09:11.710-0300] {processor.py:753} INFO - DAG(s) dict_keys(['example_bash_operator']) retrieved from /home/lcscarv/projetos/indicium/desafio_5/.venv/lib/python3.8/site-packages/airflow/example_dags/example_bash_operator.py
[2023-04-28T18:09:11.733-0300] {logging_mixin.py:137} INFO - [2023-04-28T18:09:11.733-0300] {dag.py:2705} INFO - Sync 1 DAGs
[2023-04-28T18:09:11.746-0300] {logging_mixin.py:137} INFO - [2023-04-28T18:09:11.746-0300] {dag.py:3452} INFO - Setting next_dagrun for example_bash_operator to 2023-04-27T00:00:00+00:00, run_after=2023-04-28T00:00:00+00:00
[2023-04-28T18:09:11.897-0300] {processor.py:175} INFO - Processing /home/lcscarv/projetos/indicium/desafio_5/.venv/lib/python3.8/site-packages/airflow/example_dags/example_bash_operator.py took 0.215 seconds
[2023-04-28T18:09:58.632-0300] {processor.py:153} INFO - Started process (PID=5523) to work on /home/lcscarv/projetos/indicium/desafio_5/.venv/lib/python3.8/site-packages/airflow/example_dags/example_bash_operator.py
[2023-04-28T18:09:58.633-0300] {processor.py:743} INFO - Processing file /home/lcscarv/projetos/indicium/desafio_5/.venv/lib/python3.8/site-packages/airflow/example_dags/example_bash_operator.py for tasks to queue
[2023-04-28T18:09:58.633-0300] {logging_mixin.py:137} INFO - [2023-04-28T18:09:58.633-0300] {dagbag.py:532} INFO - Filling up the DagBag from /home/lcscarv/projetos/indicium/desafio_5/.venv/lib/python3.8/site-packages/airflow/example_dags/example_bash_operator.py
[2023-04-28T18:09:58.648-0300] {processor.py:753} INFO - DAG(s) dict_keys(['example_bash_operator']) retrieved from /home/lcscarv/projetos/indicium/desafio_5/.venv/lib/python3.8/site-packages/airflow/example_dags/example_bash_operator.py
[2023-04-28T18:09:58.674-0300] {logging_mixin.py:137} INFO - [2023-04-28T18:09:58.674-0300] {dag.py:2705} INFO - Sync 1 DAGs
[2023-04-28T18:09:58.691-0300] {logging_mixin.py:137} INFO - [2023-04-28T18:09:58.691-0300] {dag.py:3452} INFO - Setting next_dagrun for example_bash_operator to 2023-04-27T00:00:00+00:00, run_after=2023-04-28T00:00:00+00:00
[2023-04-28T18:09:58.715-0300] {processor.py:175} INFO - Processing /home/lcscarv/projetos/indicium/desafio_5/.venv/lib/python3.8/site-packages/airflow/example_dags/example_bash_operator.py took 0.086 seconds
[2023-04-28T18:10:55.882-0300] {processor.py:153} INFO - Started process (PID=5671) to work on /home/lcscarv/projetos/indicium/desafio_5/.venv/lib/python3.8/site-packages/airflow/example_dags/example_bash_operator.py
[2023-04-28T18:10:55.883-0300] {processor.py:743} INFO - Processing file /home/lcscarv/projetos/indicium/desafio_5/.venv/lib/python3.8/site-packages/airflow/example_dags/example_bash_operator.py for tasks to queue
[2023-04-28T18:10:55.884-0300] {logging_mixin.py:137} INFO - [2023-04-28T18:10:55.884-0300] {dagbag.py:532} INFO - Filling up the DagBag from /home/lcscarv/projetos/indicium/desafio_5/.venv/lib/python3.8/site-packages/airflow/example_dags/example_bash_operator.py
[2023-04-28T18:10:55.900-0300] {processor.py:753} INFO - DAG(s) dict_keys(['example_bash_operator']) retrieved from /home/lcscarv/projetos/indicium/desafio_5/.venv/lib/python3.8/site-packages/airflow/example_dags/example_bash_operator.py
[2023-04-28T18:10:55.928-0300] {logging_mixin.py:137} INFO - [2023-04-28T18:10:55.927-0300] {dag.py:2705} INFO - Sync 1 DAGs
[2023-04-28T18:10:55.943-0300] {logging_mixin.py:137} INFO - [2023-04-28T18:10:55.943-0300] {dag.py:3452} INFO - Setting next_dagrun for example_bash_operator to 2023-04-27T00:00:00+00:00, run_after=2023-04-28T00:00:00+00:00
[2023-04-28T18:10:55.965-0300] {processor.py:175} INFO - Processing /home/lcscarv/projetos/indicium/desafio_5/.venv/lib/python3.8/site-packages/airflow/example_dags/example_bash_operator.py took 0.086 seconds
[2023-04-28T18:11:50.446-0300] {processor.py:153} INFO - Started process (PID=5823) to work on /home/lcscarv/projetos/indicium/desafio_5/.venv/lib/python3.8/site-packages/airflow/example_dags/example_bash_operator.py
[2023-04-28T18:11:50.448-0300] {processor.py:743} INFO - Processing file /home/lcscarv/projetos/indicium/desafio_5/.venv/lib/python3.8/site-packages/airflow/example_dags/example_bash_operator.py for tasks to queue
[2023-04-28T18:11:50.448-0300] {logging_mixin.py:137} INFO - [2023-04-28T18:11:50.448-0300] {dagbag.py:532} INFO - Filling up the DagBag from /home/lcscarv/projetos/indicium/desafio_5/.venv/lib/python3.8/site-packages/airflow/example_dags/example_bash_operator.py
[2023-04-28T18:11:50.466-0300] {processor.py:753} INFO - DAG(s) dict_keys(['example_bash_operator']) retrieved from /home/lcscarv/projetos/indicium/desafio_5/.venv/lib/python3.8/site-packages/airflow/example_dags/example_bash_operator.py
[2023-04-28T18:11:50.495-0300] {logging_mixin.py:137} INFO - [2023-04-28T18:11:50.494-0300] {dag.py:2705} INFO - Sync 1 DAGs
[2023-04-28T18:11:50.513-0300] {logging_mixin.py:137} INFO - [2023-04-28T18:11:50.512-0300] {dag.py:3452} INFO - Setting next_dagrun for example_bash_operator to 2023-04-27T00:00:00+00:00, run_after=2023-04-28T00:00:00+00:00
[2023-04-28T18:11:50.543-0300] {processor.py:175} INFO - Processing /home/lcscarv/projetos/indicium/desafio_5/.venv/lib/python3.8/site-packages/airflow/example_dags/example_bash_operator.py took 0.100 seconds
[2023-04-28T18:12:54.320-0300] {processor.py:153} INFO - Started process (PID=5870) to work on /home/lcscarv/projetos/indicium/desafio_5/.venv/lib/python3.8/site-packages/airflow/example_dags/example_bash_operator.py
[2023-04-28T18:12:54.322-0300] {processor.py:743} INFO - Processing file /home/lcscarv/projetos/indicium/desafio_5/.venv/lib/python3.8/site-packages/airflow/example_dags/example_bash_operator.py for tasks to queue
[2023-04-28T18:12:54.322-0300] {logging_mixin.py:137} INFO - [2023-04-28T18:12:54.322-0300] {dagbag.py:532} INFO - Filling up the DagBag from /home/lcscarv/projetos/indicium/desafio_5/.venv/lib/python3.8/site-packages/airflow/example_dags/example_bash_operator.py
[2023-04-28T18:12:54.338-0300] {processor.py:753} INFO - DAG(s) dict_keys(['example_bash_operator']) retrieved from /home/lcscarv/projetos/indicium/desafio_5/.venv/lib/python3.8/site-packages/airflow/example_dags/example_bash_operator.py
[2023-04-28T18:12:54.361-0300] {logging_mixin.py:137} INFO - [2023-04-28T18:12:54.361-0300] {dag.py:2705} INFO - Sync 1 DAGs
[2023-04-28T18:12:54.376-0300] {logging_mixin.py:137} INFO - [2023-04-28T18:12:54.376-0300] {dag.py:3452} INFO - Setting next_dagrun for example_bash_operator to 2023-04-27T00:00:00+00:00, run_after=2023-04-28T00:00:00+00:00
[2023-04-28T18:12:54.397-0300] {processor.py:175} INFO - Processing /home/lcscarv/projetos/indicium/desafio_5/.venv/lib/python3.8/site-packages/airflow/example_dags/example_bash_operator.py took 0.079 seconds
[2023-04-28T18:13:54.834-0300] {processor.py:153} INFO - Started process (PID=5926) to work on /home/lcscarv/projetos/indicium/desafio_5/.venv/lib/python3.8/site-packages/airflow/example_dags/example_bash_operator.py
[2023-04-28T18:13:54.855-0300] {processor.py:743} INFO - Processing file /home/lcscarv/projetos/indicium/desafio_5/.venv/lib/python3.8/site-packages/airflow/example_dags/example_bash_operator.py for tasks to queue
[2023-04-28T18:13:54.856-0300] {logging_mixin.py:137} INFO - [2023-04-28T18:13:54.856-0300] {dagbag.py:532} INFO - Filling up the DagBag from /home/lcscarv/projetos/indicium/desafio_5/.venv/lib/python3.8/site-packages/airflow/example_dags/example_bash_operator.py
[2023-04-28T18:13:54.872-0300] {processor.py:753} INFO - DAG(s) dict_keys(['example_bash_operator']) retrieved from /home/lcscarv/projetos/indicium/desafio_5/.venv/lib/python3.8/site-packages/airflow/example_dags/example_bash_operator.py
[2023-04-28T18:13:54.893-0300] {logging_mixin.py:137} INFO - [2023-04-28T18:13:54.892-0300] {dag.py:2705} INFO - Sync 1 DAGs
[2023-04-28T18:13:54.905-0300] {logging_mixin.py:137} INFO - [2023-04-28T18:13:54.905-0300] {dag.py:3452} INFO - Setting next_dagrun for example_bash_operator to 2023-04-27T00:00:00+00:00, run_after=2023-04-28T00:00:00+00:00
[2023-04-28T18:13:55.221-0300] {processor.py:175} INFO - Processing /home/lcscarv/projetos/indicium/desafio_5/.venv/lib/python3.8/site-packages/airflow/example_dags/example_bash_operator.py took 0.390 seconds
[2023-04-28T18:14:58.076-0300] {processor.py:153} INFO - Started process (PID=5977) to work on /home/lcscarv/projetos/indicium/desafio_5/.venv/lib/python3.8/site-packages/airflow/example_dags/example_bash_operator.py
[2023-04-28T18:14:58.077-0300] {processor.py:743} INFO - Processing file /home/lcscarv/projetos/indicium/desafio_5/.venv/lib/python3.8/site-packages/airflow/example_dags/example_bash_operator.py for tasks to queue
[2023-04-28T18:14:58.078-0300] {logging_mixin.py:137} INFO - [2023-04-28T18:14:58.077-0300] {dagbag.py:532} INFO - Filling up the DagBag from /home/lcscarv/projetos/indicium/desafio_5/.venv/lib/python3.8/site-packages/airflow/example_dags/example_bash_operator.py
[2023-04-28T18:14:58.093-0300] {processor.py:753} INFO - DAG(s) dict_keys(['example_bash_operator']) retrieved from /home/lcscarv/projetos/indicium/desafio_5/.venv/lib/python3.8/site-packages/airflow/example_dags/example_bash_operator.py
[2023-04-28T18:14:58.116-0300] {logging_mixin.py:137} INFO - [2023-04-28T18:14:58.115-0300] {dag.py:2705} INFO - Sync 1 DAGs
[2023-04-28T18:14:58.130-0300] {logging_mixin.py:137} INFO - [2023-04-28T18:14:58.129-0300] {dag.py:3452} INFO - Setting next_dagrun for example_bash_operator to 2023-04-27T00:00:00+00:00, run_after=2023-04-28T00:00:00+00:00
[2023-04-28T18:14:58.211-0300] {processor.py:175} INFO - Processing /home/lcscarv/projetos/indicium/desafio_5/.venv/lib/python3.8/site-packages/airflow/example_dags/example_bash_operator.py took 0.137 seconds
[2023-04-28T18:15:57.473-0300] {processor.py:153} INFO - Started process (PID=6078) to work on /home/lcscarv/projetos/indicium/desafio_5/.venv/lib/python3.8/site-packages/airflow/example_dags/example_bash_operator.py
[2023-04-28T18:15:57.507-0300] {processor.py:743} INFO - Processing file /home/lcscarv/projetos/indicium/desafio_5/.venv/lib/python3.8/site-packages/airflow/example_dags/example_bash_operator.py for tasks to queue
[2023-04-28T18:15:57.509-0300] {logging_mixin.py:137} INFO - [2023-04-28T18:15:57.508-0300] {dagbag.py:532} INFO - Filling up the DagBag from /home/lcscarv/projetos/indicium/desafio_5/.venv/lib/python3.8/site-packages/airflow/example_dags/example_bash_operator.py
[2023-04-28T18:15:57.533-0300] {processor.py:753} INFO - DAG(s) dict_keys(['example_bash_operator']) retrieved from /home/lcscarv/projetos/indicium/desafio_5/.venv/lib/python3.8/site-packages/airflow/example_dags/example_bash_operator.py
[2023-04-28T18:15:57.554-0300] {logging_mixin.py:137} INFO - [2023-04-28T18:15:57.553-0300] {dag.py:2705} INFO - Sync 1 DAGs
[2023-04-28T18:15:57.625-0300] {logging_mixin.py:137} INFO - [2023-04-28T18:15:57.625-0300] {dag.py:3452} INFO - Setting next_dagrun for example_bash_operator to 2023-04-27T00:00:00+00:00, run_after=2023-04-28T00:00:00+00:00
[2023-04-28T18:15:57.658-0300] {processor.py:175} INFO - Processing /home/lcscarv/projetos/indicium/desafio_5/.venv/lib/python3.8/site-packages/airflow/example_dags/example_bash_operator.py took 0.188 seconds
[2023-04-28T18:16:53.946-0300] {processor.py:153} INFO - Started process (PID=6127) to work on /home/lcscarv/projetos/indicium/desafio_5/.venv/lib/python3.8/site-packages/airflow/example_dags/example_bash_operator.py
[2023-04-28T18:16:53.947-0300] {processor.py:743} INFO - Processing file /home/lcscarv/projetos/indicium/desafio_5/.venv/lib/python3.8/site-packages/airflow/example_dags/example_bash_operator.py for tasks to queue
[2023-04-28T18:16:53.948-0300] {logging_mixin.py:137} INFO - [2023-04-28T18:16:53.948-0300] {dagbag.py:532} INFO - Filling up the DagBag from /home/lcscarv/projetos/indicium/desafio_5/.venv/lib/python3.8/site-packages/airflow/example_dags/example_bash_operator.py
[2023-04-28T18:16:53.966-0300] {processor.py:753} INFO - DAG(s) dict_keys(['example_bash_operator']) retrieved from /home/lcscarv/projetos/indicium/desafio_5/.venv/lib/python3.8/site-packages/airflow/example_dags/example_bash_operator.py
[2023-04-28T18:16:54.059-0300] {logging_mixin.py:137} INFO - [2023-04-28T18:16:54.059-0300] {dag.py:2705} INFO - Sync 1 DAGs
[2023-04-28T18:16:54.072-0300] {logging_mixin.py:137} INFO - [2023-04-28T18:16:54.072-0300] {dag.py:3452} INFO - Setting next_dagrun for example_bash_operator to 2023-04-27T00:00:00+00:00, run_after=2023-04-28T00:00:00+00:00
[2023-04-28T18:16:54.095-0300] {processor.py:175} INFO - Processing /home/lcscarv/projetos/indicium/desafio_5/.venv/lib/python3.8/site-packages/airflow/example_dags/example_bash_operator.py took 0.151 seconds
[2023-04-28T18:17:53.332-0300] {processor.py:153} INFO - Started process (PID=6177) to work on /home/lcscarv/projetos/indicium/desafio_5/.venv/lib/python3.8/site-packages/airflow/example_dags/example_bash_operator.py
[2023-04-28T18:17:53.334-0300] {processor.py:743} INFO - Processing file /home/lcscarv/projetos/indicium/desafio_5/.venv/lib/python3.8/site-packages/airflow/example_dags/example_bash_operator.py for tasks to queue
[2023-04-28T18:17:53.335-0300] {logging_mixin.py:137} INFO - [2023-04-28T18:17:53.334-0300] {dagbag.py:532} INFO - Filling up the DagBag from /home/lcscarv/projetos/indicium/desafio_5/.venv/lib/python3.8/site-packages/airflow/example_dags/example_bash_operator.py
[2023-04-28T18:17:53.354-0300] {processor.py:753} INFO - DAG(s) dict_keys(['example_bash_operator']) retrieved from /home/lcscarv/projetos/indicium/desafio_5/.venv/lib/python3.8/site-packages/airflow/example_dags/example_bash_operator.py
[2023-04-28T18:17:53.454-0300] {logging_mixin.py:137} INFO - [2023-04-28T18:17:53.454-0300] {dag.py:2705} INFO - Sync 1 DAGs
[2023-04-28T18:17:53.469-0300] {logging_mixin.py:137} INFO - [2023-04-28T18:17:53.469-0300] {dag.py:3452} INFO - Setting next_dagrun for example_bash_operator to 2023-04-27T00:00:00+00:00, run_after=2023-04-28T00:00:00+00:00
[2023-04-28T18:17:53.488-0300] {processor.py:175} INFO - Processing /home/lcscarv/projetos/indicium/desafio_5/.venv/lib/python3.8/site-packages/airflow/example_dags/example_bash_operator.py took 0.158 seconds
[2023-04-28T18:18:37.328-0300] {processor.py:153} INFO - Started process (PID=6221) to work on /home/lcscarv/projetos/indicium/desafio_5/.venv/lib/python3.8/site-packages/airflow/example_dags/example_bash_operator.py
[2023-04-28T18:18:37.329-0300] {processor.py:743} INFO - Processing file /home/lcscarv/projetos/indicium/desafio_5/.venv/lib/python3.8/site-packages/airflow/example_dags/example_bash_operator.py for tasks to queue
[2023-04-28T18:18:37.330-0300] {logging_mixin.py:137} INFO - [2023-04-28T18:18:37.330-0300] {dagbag.py:532} INFO - Filling up the DagBag from /home/lcscarv/projetos/indicium/desafio_5/.venv/lib/python3.8/site-packages/airflow/example_dags/example_bash_operator.py
[2023-04-28T18:18:37.344-0300] {processor.py:753} INFO - DAG(s) dict_keys(['example_bash_operator']) retrieved from /home/lcscarv/projetos/indicium/desafio_5/.venv/lib/python3.8/site-packages/airflow/example_dags/example_bash_operator.py
[2023-04-28T18:18:37.370-0300] {logging_mixin.py:137} INFO - [2023-04-28T18:18:37.370-0300] {dag.py:2705} INFO - Sync 1 DAGs
[2023-04-28T18:18:37.384-0300] {logging_mixin.py:137} INFO - [2023-04-28T18:18:37.384-0300] {dag.py:3452} INFO - Setting next_dagrun for example_bash_operator to 2023-04-27T00:00:00+00:00, run_after=2023-04-28T00:00:00+00:00
[2023-04-28T18:18:37.404-0300] {processor.py:175} INFO - Processing /home/lcscarv/projetos/indicium/desafio_5/.venv/lib/python3.8/site-packages/airflow/example_dags/example_bash_operator.py took 0.079 seconds
[2023-04-28T18:19:37.059-0300] {processor.py:153} INFO - Started process (PID=6276) to work on /home/lcscarv/projetos/indicium/desafio_5/.venv/lib/python3.8/site-packages/airflow/example_dags/example_bash_operator.py
[2023-04-28T18:19:37.061-0300] {processor.py:743} INFO - Processing file /home/lcscarv/projetos/indicium/desafio_5/.venv/lib/python3.8/site-packages/airflow/example_dags/example_bash_operator.py for tasks to queue
[2023-04-28T18:19:37.062-0300] {logging_mixin.py:137} INFO - [2023-04-28T18:19:37.061-0300] {dagbag.py:532} INFO - Filling up the DagBag from /home/lcscarv/projetos/indicium/desafio_5/.venv/lib/python3.8/site-packages/airflow/example_dags/example_bash_operator.py
[2023-04-28T18:19:37.081-0300] {processor.py:753} INFO - DAG(s) dict_keys(['example_bash_operator']) retrieved from /home/lcscarv/projetos/indicium/desafio_5/.venv/lib/python3.8/site-packages/airflow/example_dags/example_bash_operator.py
[2023-04-28T18:19:37.111-0300] {logging_mixin.py:137} INFO - [2023-04-28T18:19:37.111-0300] {dag.py:2705} INFO - Sync 1 DAGs
[2023-04-28T18:19:37.132-0300] {logging_mixin.py:137} INFO - [2023-04-28T18:19:37.131-0300] {dag.py:3452} INFO - Setting next_dagrun for example_bash_operator to 2023-04-27T00:00:00+00:00, run_after=2023-04-28T00:00:00+00:00
[2023-04-28T18:19:37.235-0300] {processor.py:175} INFO - Processing /home/lcscarv/projetos/indicium/desafio_5/.venv/lib/python3.8/site-packages/airflow/example_dags/example_bash_operator.py took 0.178 seconds
[2023-04-28T18:20:27.451-0300] {processor.py:153} INFO - Started process (PID=6372) to work on /home/lcscarv/projetos/indicium/desafio_5/.venv/lib/python3.8/site-packages/airflow/example_dags/example_bash_operator.py
[2023-04-28T18:20:27.452-0300] {processor.py:743} INFO - Processing file /home/lcscarv/projetos/indicium/desafio_5/.venv/lib/python3.8/site-packages/airflow/example_dags/example_bash_operator.py for tasks to queue
[2023-04-28T18:20:27.453-0300] {logging_mixin.py:137} INFO - [2023-04-28T18:20:27.453-0300] {dagbag.py:532} INFO - Filling up the DagBag from /home/lcscarv/projetos/indicium/desafio_5/.venv/lib/python3.8/site-packages/airflow/example_dags/example_bash_operator.py
[2023-04-28T18:20:27.470-0300] {processor.py:753} INFO - DAG(s) dict_keys(['example_bash_operator']) retrieved from /home/lcscarv/projetos/indicium/desafio_5/.venv/lib/python3.8/site-packages/airflow/example_dags/example_bash_operator.py
[2023-04-28T18:20:27.495-0300] {logging_mixin.py:137} INFO - [2023-04-28T18:20:27.495-0300] {dag.py:2705} INFO - Sync 1 DAGs
[2023-04-28T18:20:27.574-0300] {logging_mixin.py:137} INFO - [2023-04-28T18:20:27.574-0300] {dag.py:3452} INFO - Setting next_dagrun for example_bash_operator to 2023-04-27T00:00:00+00:00, run_after=2023-04-28T00:00:00+00:00
[2023-04-28T18:20:27.615-0300] {processor.py:175} INFO - Processing /home/lcscarv/projetos/indicium/desafio_5/.venv/lib/python3.8/site-packages/airflow/example_dags/example_bash_operator.py took 0.165 seconds
[2023-04-28T18:21:15.622-0300] {processor.py:153} INFO - Started process (PID=6417) to work on /home/lcscarv/projetos/indicium/desafio_5/.venv/lib/python3.8/site-packages/airflow/example_dags/example_bash_operator.py
[2023-04-28T18:21:15.623-0300] {processor.py:743} INFO - Processing file /home/lcscarv/projetos/indicium/desafio_5/.venv/lib/python3.8/site-packages/airflow/example_dags/example_bash_operator.py for tasks to queue
[2023-04-28T18:21:15.624-0300] {logging_mixin.py:137} INFO - [2023-04-28T18:21:15.624-0300] {dagbag.py:532} INFO - Filling up the DagBag from /home/lcscarv/projetos/indicium/desafio_5/.venv/lib/python3.8/site-packages/airflow/example_dags/example_bash_operator.py
[2023-04-28T18:21:15.638-0300] {processor.py:753} INFO - DAG(s) dict_keys(['example_bash_operator']) retrieved from /home/lcscarv/projetos/indicium/desafio_5/.venv/lib/python3.8/site-packages/airflow/example_dags/example_bash_operator.py
[2023-04-28T18:21:15.724-0300] {logging_mixin.py:137} INFO - [2023-04-28T18:21:15.724-0300] {dag.py:2705} INFO - Sync 1 DAGs
[2023-04-28T18:21:15.737-0300] {logging_mixin.py:137} INFO - [2023-04-28T18:21:15.736-0300] {dag.py:3452} INFO - Setting next_dagrun for example_bash_operator to 2023-04-27T00:00:00+00:00, run_after=2023-04-28T00:00:00+00:00
[2023-04-28T18:21:15.754-0300] {processor.py:175} INFO - Processing /home/lcscarv/projetos/indicium/desafio_5/.venv/lib/python3.8/site-packages/airflow/example_dags/example_bash_operator.py took 0.133 seconds
