[2023-04-28T18:00:35.949-0300] {processor.py:153} INFO - Started process (PID=4602) to work on /home/lcscarv/projetos/indicium/desafio_5/.venv/lib/python3.8/site-packages/airflow/example_dags/example_task_group_decorator.py
[2023-04-28T18:00:35.949-0300] {processor.py:743} INFO - Processing file /home/lcscarv/projetos/indicium/desafio_5/.venv/lib/python3.8/site-packages/airflow/example_dags/example_task_group_decorator.py for tasks to queue
[2023-04-28T18:00:35.950-0300] {logging_mixin.py:137} INFO - [2023-04-28T18:00:35.950-0300] {dagbag.py:532} INFO - Filling up the DagBag from /home/lcscarv/projetos/indicium/desafio_5/.venv/lib/python3.8/site-packages/airflow/example_dags/example_task_group_decorator.py
[2023-04-28T18:00:35.970-0300] {processor.py:753} INFO - DAG(s) dict_keys(['example_task_group_decorator']) retrieved from /home/lcscarv/projetos/indicium/desafio_5/.venv/lib/python3.8/site-packages/airflow/example_dags/example_task_group_decorator.py
[2023-04-28T18:00:35.985-0300] {logging_mixin.py:137} INFO - [2023-04-28T18:00:35.985-0300] {dag.py:2705} INFO - Sync 1 DAGs
[2023-04-28T18:00:35.998-0300] {logging_mixin.py:137} INFO - [2023-04-28T18:00:35.998-0300] {dag.py:3452} INFO - Setting next_dagrun for example_task_group_decorator to 2023-04-27T21:00:35.998036+00:00, run_after=2023-04-28T21:00:35.998036+00:00
[2023-04-28T18:00:36.022-0300] {processor.py:175} INFO - Processing /home/lcscarv/projetos/indicium/desafio_5/.venv/lib/python3.8/site-packages/airflow/example_dags/example_task_group_decorator.py took 0.075 seconds
[2023-04-28T18:01:17.109-0300] {processor.py:153} INFO - Started process (PID=4644) to work on /home/lcscarv/projetos/indicium/desafio_5/.venv/lib/python3.8/site-packages/airflow/example_dags/example_task_group_decorator.py
[2023-04-28T18:01:17.110-0300] {processor.py:743} INFO - Processing file /home/lcscarv/projetos/indicium/desafio_5/.venv/lib/python3.8/site-packages/airflow/example_dags/example_task_group_decorator.py for tasks to queue
[2023-04-28T18:01:17.110-0300] {logging_mixin.py:137} INFO - [2023-04-28T18:01:17.110-0300] {dagbag.py:532} INFO - Filling up the DagBag from /home/lcscarv/projetos/indicium/desafio_5/.venv/lib/python3.8/site-packages/airflow/example_dags/example_task_group_decorator.py
[2023-04-28T18:01:17.140-0300] {processor.py:753} INFO - DAG(s) dict_keys(['example_task_group_decorator']) retrieved from /home/lcscarv/projetos/indicium/desafio_5/.venv/lib/python3.8/site-packages/airflow/example_dags/example_task_group_decorator.py
[2023-04-28T18:01:17.172-0300] {logging_mixin.py:137} INFO - [2023-04-28T18:01:17.172-0300] {dag.py:2705} INFO - Sync 1 DAGs
[2023-04-28T18:01:17.199-0300] {logging_mixin.py:137} INFO - [2023-04-28T18:01:17.198-0300] {dag.py:3452} INFO - Setting next_dagrun for example_task_group_decorator to 2023-04-27T21:01:17.198416+00:00, run_after=2023-04-28T21:01:17.198416+00:00
[2023-04-28T18:01:17.223-0300] {processor.py:175} INFO - Processing /home/lcscarv/projetos/indicium/desafio_5/.venv/lib/python3.8/site-packages/airflow/example_dags/example_task_group_decorator.py took 0.116 seconds
[2023-04-28T18:02:25.529-0300] {processor.py:153} INFO - Started process (PID=4747) to work on /home/lcscarv/projetos/indicium/desafio_5/.venv/lib/python3.8/site-packages/airflow/example_dags/example_task_group_decorator.py
[2023-04-28T18:02:25.531-0300] {processor.py:743} INFO - Processing file /home/lcscarv/projetos/indicium/desafio_5/.venv/lib/python3.8/site-packages/airflow/example_dags/example_task_group_decorator.py for tasks to queue
[2023-04-28T18:02:25.532-0300] {logging_mixin.py:137} INFO - [2023-04-28T18:02:25.532-0300] {dagbag.py:532} INFO - Filling up the DagBag from /home/lcscarv/projetos/indicium/desafio_5/.venv/lib/python3.8/site-packages/airflow/example_dags/example_task_group_decorator.py
[2023-04-28T18:02:25.565-0300] {processor.py:753} INFO - DAG(s) dict_keys(['example_task_group_decorator']) retrieved from /home/lcscarv/projetos/indicium/desafio_5/.venv/lib/python3.8/site-packages/airflow/example_dags/example_task_group_decorator.py
[2023-04-28T18:02:25.595-0300] {logging_mixin.py:137} INFO - [2023-04-28T18:02:25.594-0300] {dag.py:2705} INFO - Sync 1 DAGs
[2023-04-28T18:02:25.620-0300] {logging_mixin.py:137} INFO - [2023-04-28T18:02:25.620-0300] {dag.py:3452} INFO - Setting next_dagrun for example_task_group_decorator to 2023-04-27T21:02:25.619685+00:00, run_after=2023-04-28T21:02:25.619685+00:00
[2023-04-28T18:02:25.649-0300] {processor.py:175} INFO - Processing /home/lcscarv/projetos/indicium/desafio_5/.venv/lib/python3.8/site-packages/airflow/example_dags/example_task_group_decorator.py took 0.123 seconds
[2023-04-28T18:03:13.429-0300] {processor.py:153} INFO - Started process (PID=4840) to work on /home/lcscarv/projetos/indicium/desafio_5/.venv/lib/python3.8/site-packages/airflow/example_dags/example_task_group_decorator.py
[2023-04-28T18:03:13.431-0300] {processor.py:743} INFO - Processing file /home/lcscarv/projetos/indicium/desafio_5/.venv/lib/python3.8/site-packages/airflow/example_dags/example_task_group_decorator.py for tasks to queue
[2023-04-28T18:03:13.431-0300] {logging_mixin.py:137} INFO - [2023-04-28T18:03:13.431-0300] {dagbag.py:532} INFO - Filling up the DagBag from /home/lcscarv/projetos/indicium/desafio_5/.venv/lib/python3.8/site-packages/airflow/example_dags/example_task_group_decorator.py
[2023-04-28T18:03:13.449-0300] {processor.py:753} INFO - DAG(s) dict_keys(['example_task_group_decorator']) retrieved from /home/lcscarv/projetos/indicium/desafio_5/.venv/lib/python3.8/site-packages/airflow/example_dags/example_task_group_decorator.py
[2023-04-28T18:03:13.466-0300] {logging_mixin.py:137} INFO - [2023-04-28T18:03:13.466-0300] {dag.py:2705} INFO - Sync 1 DAGs
[2023-04-28T18:03:13.479-0300] {logging_mixin.py:137} INFO - [2023-04-28T18:03:13.479-0300] {dag.py:3452} INFO - Setting next_dagrun for example_task_group_decorator to 2023-04-27T21:03:13.479253+00:00, run_after=2023-04-28T21:03:13.479253+00:00
[2023-04-28T18:03:13.501-0300] {processor.py:175} INFO - Processing /home/lcscarv/projetos/indicium/desafio_5/.venv/lib/python3.8/site-packages/airflow/example_dags/example_task_group_decorator.py took 0.073 seconds
[2023-04-28T18:03:57.732-0300] {processor.py:153} INFO - Started process (PID=4882) to work on /home/lcscarv/projetos/indicium/desafio_5/.venv/lib/python3.8/site-packages/airflow/example_dags/example_task_group_decorator.py
[2023-04-28T18:03:57.733-0300] {processor.py:743} INFO - Processing file /home/lcscarv/projetos/indicium/desafio_5/.venv/lib/python3.8/site-packages/airflow/example_dags/example_task_group_decorator.py for tasks to queue
[2023-04-28T18:03:57.734-0300] {logging_mixin.py:137} INFO - [2023-04-28T18:03:57.734-0300] {dagbag.py:532} INFO - Filling up the DagBag from /home/lcscarv/projetos/indicium/desafio_5/.venv/lib/python3.8/site-packages/airflow/example_dags/example_task_group_decorator.py
[2023-04-28T18:03:57.755-0300] {processor.py:753} INFO - DAG(s) dict_keys(['example_task_group_decorator']) retrieved from /home/lcscarv/projetos/indicium/desafio_5/.venv/lib/python3.8/site-packages/airflow/example_dags/example_task_group_decorator.py
[2023-04-28T18:03:57.772-0300] {logging_mixin.py:137} INFO - [2023-04-28T18:03:57.772-0300] {dag.py:2705} INFO - Sync 1 DAGs
[2023-04-28T18:03:57.786-0300] {logging_mixin.py:137} INFO - [2023-04-28T18:03:57.786-0300] {dag.py:3452} INFO - Setting next_dagrun for example_task_group_decorator to 2023-04-27T21:03:57.786139+00:00, run_after=2023-04-28T21:03:57.786139+00:00
[2023-04-28T18:03:57.804-0300] {processor.py:175} INFO - Processing /home/lcscarv/projetos/indicium/desafio_5/.venv/lib/python3.8/site-packages/airflow/example_dags/example_task_group_decorator.py took 0.074 seconds
[2023-04-28T18:04:34.420-0300] {processor.py:153} INFO - Started process (PID=4921) to work on /home/lcscarv/projetos/indicium/desafio_5/.venv/lib/python3.8/site-packages/airflow/example_dags/example_task_group_decorator.py
[2023-04-28T18:04:34.420-0300] {processor.py:743} INFO - Processing file /home/lcscarv/projetos/indicium/desafio_5/.venv/lib/python3.8/site-packages/airflow/example_dags/example_task_group_decorator.py for tasks to queue
[2023-04-28T18:04:34.421-0300] {logging_mixin.py:137} INFO - [2023-04-28T18:04:34.421-0300] {dagbag.py:532} INFO - Filling up the DagBag from /home/lcscarv/projetos/indicium/desafio_5/.venv/lib/python3.8/site-packages/airflow/example_dags/example_task_group_decorator.py
[2023-04-28T18:04:34.442-0300] {processor.py:753} INFO - DAG(s) dict_keys(['example_task_group_decorator']) retrieved from /home/lcscarv/projetos/indicium/desafio_5/.venv/lib/python3.8/site-packages/airflow/example_dags/example_task_group_decorator.py
[2023-04-28T18:04:34.462-0300] {logging_mixin.py:137} INFO - [2023-04-28T18:04:34.462-0300] {dag.py:2705} INFO - Sync 1 DAGs
[2023-04-28T18:04:34.478-0300] {logging_mixin.py:137} INFO - [2023-04-28T18:04:34.478-0300] {dag.py:3452} INFO - Setting next_dagrun for example_task_group_decorator to 2023-04-27T21:04:34.478148+00:00, run_after=2023-04-28T21:04:34.478148+00:00
[2023-04-28T18:04:34.501-0300] {processor.py:175} INFO - Processing /home/lcscarv/projetos/indicium/desafio_5/.venv/lib/python3.8/site-packages/airflow/example_dags/example_task_group_decorator.py took 0.083 seconds
[2023-04-28T18:05:22.058-0300] {processor.py:153} INFO - Started process (PID=5070) to work on /home/lcscarv/projetos/indicium/desafio_5/.venv/lib/python3.8/site-packages/airflow/example_dags/example_task_group_decorator.py
[2023-04-28T18:05:22.059-0300] {processor.py:743} INFO - Processing file /home/lcscarv/projetos/indicium/desafio_5/.venv/lib/python3.8/site-packages/airflow/example_dags/example_task_group_decorator.py for tasks to queue
[2023-04-28T18:05:22.060-0300] {logging_mixin.py:137} INFO - [2023-04-28T18:05:22.060-0300] {dagbag.py:532} INFO - Filling up the DagBag from /home/lcscarv/projetos/indicium/desafio_5/.venv/lib/python3.8/site-packages/airflow/example_dags/example_task_group_decorator.py
[2023-04-28T18:05:22.079-0300] {processor.py:753} INFO - DAG(s) dict_keys(['example_task_group_decorator']) retrieved from /home/lcscarv/projetos/indicium/desafio_5/.venv/lib/python3.8/site-packages/airflow/example_dags/example_task_group_decorator.py
[2023-04-28T18:05:22.095-0300] {logging_mixin.py:137} INFO - [2023-04-28T18:05:22.095-0300] {dag.py:2705} INFO - Sync 1 DAGs
[2023-04-28T18:05:22.107-0300] {logging_mixin.py:137} INFO - [2023-04-28T18:05:22.107-0300] {dag.py:3452} INFO - Setting next_dagrun for example_task_group_decorator to 2023-04-27T21:05:22.107516+00:00, run_after=2023-04-28T21:05:22.107516+00:00
[2023-04-28T18:05:22.126-0300] {processor.py:175} INFO - Processing /home/lcscarv/projetos/indicium/desafio_5/.venv/lib/python3.8/site-packages/airflow/example_dags/example_task_group_decorator.py took 0.070 seconds
[2023-04-28T18:06:04.967-0300] {processor.py:153} INFO - Started process (PID=5115) to work on /home/lcscarv/projetos/indicium/desafio_5/.venv/lib/python3.8/site-packages/airflow/example_dags/example_task_group_decorator.py
[2023-04-28T18:06:04.968-0300] {processor.py:743} INFO - Processing file /home/lcscarv/projetos/indicium/desafio_5/.venv/lib/python3.8/site-packages/airflow/example_dags/example_task_group_decorator.py for tasks to queue
[2023-04-28T18:06:04.968-0300] {logging_mixin.py:137} INFO - [2023-04-28T18:06:04.968-0300] {dagbag.py:532} INFO - Filling up the DagBag from /home/lcscarv/projetos/indicium/desafio_5/.venv/lib/python3.8/site-packages/airflow/example_dags/example_task_group_decorator.py
[2023-04-28T18:06:04.985-0300] {processor.py:753} INFO - DAG(s) dict_keys(['example_task_group_decorator']) retrieved from /home/lcscarv/projetos/indicium/desafio_5/.venv/lib/python3.8/site-packages/airflow/example_dags/example_task_group_decorator.py
[2023-04-28T18:06:04.999-0300] {logging_mixin.py:137} INFO - [2023-04-28T18:06:04.999-0300] {dag.py:2705} INFO - Sync 1 DAGs
[2023-04-28T18:06:05.011-0300] {logging_mixin.py:137} INFO - [2023-04-28T18:06:05.011-0300] {dag.py:3452} INFO - Setting next_dagrun for example_task_group_decorator to 2023-04-27T21:06:05.010818+00:00, run_after=2023-04-28T21:06:05.010818+00:00
[2023-04-28T18:06:05.028-0300] {processor.py:175} INFO - Processing /home/lcscarv/projetos/indicium/desafio_5/.venv/lib/python3.8/site-packages/airflow/example_dags/example_task_group_decorator.py took 0.064 seconds
[2023-04-28T18:06:58.987-0300] {processor.py:153} INFO - Started process (PID=5162) to work on /home/lcscarv/projetos/indicium/desafio_5/.venv/lib/python3.8/site-packages/airflow/example_dags/example_task_group_decorator.py
[2023-04-28T18:06:58.989-0300] {processor.py:743} INFO - Processing file /home/lcscarv/projetos/indicium/desafio_5/.venv/lib/python3.8/site-packages/airflow/example_dags/example_task_group_decorator.py for tasks to queue
[2023-04-28T18:06:58.990-0300] {logging_mixin.py:137} INFO - [2023-04-28T18:06:58.989-0300] {dagbag.py:532} INFO - Filling up the DagBag from /home/lcscarv/projetos/indicium/desafio_5/.venv/lib/python3.8/site-packages/airflow/example_dags/example_task_group_decorator.py
[2023-04-28T18:06:59.036-0300] {processor.py:753} INFO - DAG(s) dict_keys(['example_task_group_decorator']) retrieved from /home/lcscarv/projetos/indicium/desafio_5/.venv/lib/python3.8/site-packages/airflow/example_dags/example_task_group_decorator.py
[2023-04-28T18:06:59.078-0300] {logging_mixin.py:137} INFO - [2023-04-28T18:06:59.078-0300] {dag.py:2705} INFO - Sync 1 DAGs
[2023-04-28T18:06:59.099-0300] {logging_mixin.py:137} INFO - [2023-04-28T18:06:59.099-0300] {dag.py:3452} INFO - Setting next_dagrun for example_task_group_decorator to 2023-04-27T21:06:59.099462+00:00, run_after=2023-04-28T21:06:59.099462+00:00
[2023-04-28T18:06:59.705-0300] {processor.py:175} INFO - Processing /home/lcscarv/projetos/indicium/desafio_5/.venv/lib/python3.8/site-packages/airflow/example_dags/example_task_group_decorator.py took 0.722 seconds
[2023-04-28T18:07:46.613-0300] {processor.py:153} INFO - Started process (PID=5302) to work on /home/lcscarv/projetos/indicium/desafio_5/.venv/lib/python3.8/site-packages/airflow/example_dags/example_task_group_decorator.py
[2023-04-28T18:07:46.616-0300] {processor.py:743} INFO - Processing file /home/lcscarv/projetos/indicium/desafio_5/.venv/lib/python3.8/site-packages/airflow/example_dags/example_task_group_decorator.py for tasks to queue
[2023-04-28T18:07:46.617-0300] {logging_mixin.py:137} INFO - [2023-04-28T18:07:46.617-0300] {dagbag.py:532} INFO - Filling up the DagBag from /home/lcscarv/projetos/indicium/desafio_5/.venv/lib/python3.8/site-packages/airflow/example_dags/example_task_group_decorator.py
[2023-04-28T18:07:46.655-0300] {processor.py:753} INFO - DAG(s) dict_keys(['example_task_group_decorator']) retrieved from /home/lcscarv/projetos/indicium/desafio_5/.venv/lib/python3.8/site-packages/airflow/example_dags/example_task_group_decorator.py
[2023-04-28T18:07:46.682-0300] {logging_mixin.py:137} INFO - [2023-04-28T18:07:46.682-0300] {dag.py:2705} INFO - Sync 1 DAGs
[2023-04-28T18:07:46.704-0300] {logging_mixin.py:137} INFO - [2023-04-28T18:07:46.704-0300] {dag.py:3452} INFO - Setting next_dagrun for example_task_group_decorator to 2023-04-27T21:07:46.704232+00:00, run_after=2023-04-28T21:07:46.704232+00:00
[2023-04-28T18:07:46.757-0300] {processor.py:175} INFO - Processing /home/lcscarv/projetos/indicium/desafio_5/.venv/lib/python3.8/site-packages/airflow/example_dags/example_task_group_decorator.py took 0.146 seconds
[2023-04-28T18:08:34.652-0300] {processor.py:153} INFO - Started process (PID=5394) to work on /home/lcscarv/projetos/indicium/desafio_5/.venv/lib/python3.8/site-packages/airflow/example_dags/example_task_group_decorator.py
[2023-04-28T18:08:34.653-0300] {processor.py:743} INFO - Processing file /home/lcscarv/projetos/indicium/desafio_5/.venv/lib/python3.8/site-packages/airflow/example_dags/example_task_group_decorator.py for tasks to queue
[2023-04-28T18:08:34.654-0300] {logging_mixin.py:137} INFO - [2023-04-28T18:08:34.654-0300] {dagbag.py:532} INFO - Filling up the DagBag from /home/lcscarv/projetos/indicium/desafio_5/.venv/lib/python3.8/site-packages/airflow/example_dags/example_task_group_decorator.py
[2023-04-28T18:08:34.674-0300] {processor.py:753} INFO - DAG(s) dict_keys(['example_task_group_decorator']) retrieved from /home/lcscarv/projetos/indicium/desafio_5/.venv/lib/python3.8/site-packages/airflow/example_dags/example_task_group_decorator.py
[2023-04-28T18:08:34.689-0300] {logging_mixin.py:137} INFO - [2023-04-28T18:08:34.689-0300] {dag.py:2705} INFO - Sync 1 DAGs
[2023-04-28T18:08:34.701-0300] {logging_mixin.py:137} INFO - [2023-04-28T18:08:34.701-0300] {dag.py:3452} INFO - Setting next_dagrun for example_task_group_decorator to 2023-04-27T21:08:34.701097+00:00, run_after=2023-04-28T21:08:34.701097+00:00
[2023-04-28T18:08:34.768-0300] {processor.py:175} INFO - Processing /home/lcscarv/projetos/indicium/desafio_5/.venv/lib/python3.8/site-packages/airflow/example_dags/example_task_group_decorator.py took 0.118 seconds
[2023-04-28T18:09:22.378-0300] {processor.py:153} INFO - Started process (PID=5489) to work on /home/lcscarv/projetos/indicium/desafio_5/.venv/lib/python3.8/site-packages/airflow/example_dags/example_task_group_decorator.py
[2023-04-28T18:09:22.379-0300] {processor.py:743} INFO - Processing file /home/lcscarv/projetos/indicium/desafio_5/.venv/lib/python3.8/site-packages/airflow/example_dags/example_task_group_decorator.py for tasks to queue
[2023-04-28T18:09:22.380-0300] {logging_mixin.py:137} INFO - [2023-04-28T18:09:22.380-0300] {dagbag.py:532} INFO - Filling up the DagBag from /home/lcscarv/projetos/indicium/desafio_5/.venv/lib/python3.8/site-packages/airflow/example_dags/example_task_group_decorator.py
[2023-04-28T18:09:22.399-0300] {processor.py:753} INFO - DAG(s) dict_keys(['example_task_group_decorator']) retrieved from /home/lcscarv/projetos/indicium/desafio_5/.venv/lib/python3.8/site-packages/airflow/example_dags/example_task_group_decorator.py
[2023-04-28T18:09:22.416-0300] {logging_mixin.py:137} INFO - [2023-04-28T18:09:22.416-0300] {dag.py:2705} INFO - Sync 1 DAGs
[2023-04-28T18:09:22.429-0300] {logging_mixin.py:137} INFO - [2023-04-28T18:09:22.429-0300] {dag.py:3452} INFO - Setting next_dagrun for example_task_group_decorator to 2023-04-27T21:09:22.429119+00:00, run_after=2023-04-28T21:09:22.429119+00:00
[2023-04-28T18:09:22.488-0300] {processor.py:175} INFO - Processing /home/lcscarv/projetos/indicium/desafio_5/.venv/lib/python3.8/site-packages/airflow/example_dags/example_task_group_decorator.py took 0.112 seconds
[2023-04-28T18:10:11.991-0300] {processor.py:153} INFO - Started process (PID=5553) to work on /home/lcscarv/projetos/indicium/desafio_5/.venv/lib/python3.8/site-packages/airflow/example_dags/example_task_group_decorator.py
[2023-04-28T18:10:11.992-0300] {processor.py:743} INFO - Processing file /home/lcscarv/projetos/indicium/desafio_5/.venv/lib/python3.8/site-packages/airflow/example_dags/example_task_group_decorator.py for tasks to queue
[2023-04-28T18:10:11.992-0300] {logging_mixin.py:137} INFO - [2023-04-28T18:10:11.992-0300] {dagbag.py:532} INFO - Filling up the DagBag from /home/lcscarv/projetos/indicium/desafio_5/.venv/lib/python3.8/site-packages/airflow/example_dags/example_task_group_decorator.py
[2023-04-28T18:10:12.012-0300] {processor.py:753} INFO - DAG(s) dict_keys(['example_task_group_decorator']) retrieved from /home/lcscarv/projetos/indicium/desafio_5/.venv/lib/python3.8/site-packages/airflow/example_dags/example_task_group_decorator.py
[2023-04-28T18:10:12.028-0300] {logging_mixin.py:137} INFO - [2023-04-28T18:10:12.028-0300] {dag.py:2705} INFO - Sync 1 DAGs
[2023-04-28T18:10:12.042-0300] {logging_mixin.py:137} INFO - [2023-04-28T18:10:12.042-0300] {dag.py:3452} INFO - Setting next_dagrun for example_task_group_decorator to 2023-04-27T21:10:12.042320+00:00, run_after=2023-04-28T21:10:12.042320+00:00
[2023-04-28T18:10:12.067-0300] {processor.py:175} INFO - Processing /home/lcscarv/projetos/indicium/desafio_5/.venv/lib/python3.8/site-packages/airflow/example_dags/example_task_group_decorator.py took 0.078 seconds
[2023-04-28T18:11:11.325-0300] {processor.py:153} INFO - Started process (PID=5736) to work on /home/lcscarv/projetos/indicium/desafio_5/.venv/lib/python3.8/site-packages/airflow/example_dags/example_task_group_decorator.py
[2023-04-28T18:11:11.326-0300] {processor.py:743} INFO - Processing file /home/lcscarv/projetos/indicium/desafio_5/.venv/lib/python3.8/site-packages/airflow/example_dags/example_task_group_decorator.py for tasks to queue
[2023-04-28T18:11:11.326-0300] {logging_mixin.py:137} INFO - [2023-04-28T18:11:11.326-0300] {dagbag.py:532} INFO - Filling up the DagBag from /home/lcscarv/projetos/indicium/desafio_5/.venv/lib/python3.8/site-packages/airflow/example_dags/example_task_group_decorator.py
[2023-04-28T18:11:11.346-0300] {processor.py:753} INFO - DAG(s) dict_keys(['example_task_group_decorator']) retrieved from /home/lcscarv/projetos/indicium/desafio_5/.venv/lib/python3.8/site-packages/airflow/example_dags/example_task_group_decorator.py
[2023-04-28T18:11:11.360-0300] {logging_mixin.py:137} INFO - [2023-04-28T18:11:11.360-0300] {dag.py:2705} INFO - Sync 1 DAGs
[2023-04-28T18:11:11.372-0300] {logging_mixin.py:137} INFO - [2023-04-28T18:11:11.372-0300] {dag.py:3452} INFO - Setting next_dagrun for example_task_group_decorator to 2023-04-27T21:11:11.372533+00:00, run_after=2023-04-28T21:11:11.372533+00:00
[2023-04-28T18:11:11.437-0300] {processor.py:175} INFO - Processing /home/lcscarv/projetos/indicium/desafio_5/.venv/lib/python3.8/site-packages/airflow/example_dags/example_task_group_decorator.py took 0.114 seconds
[2023-04-28T18:12:02.128-0300] {processor.py:153} INFO - Started process (PID=5834) to work on /home/lcscarv/projetos/indicium/desafio_5/.venv/lib/python3.8/site-packages/airflow/example_dags/example_task_group_decorator.py
[2023-04-28T18:12:02.202-0300] {processor.py:743} INFO - Processing file /home/lcscarv/projetos/indicium/desafio_5/.venv/lib/python3.8/site-packages/airflow/example_dags/example_task_group_decorator.py for tasks to queue
[2023-04-28T18:12:02.204-0300] {logging_mixin.py:137} INFO - [2023-04-28T18:12:02.203-0300] {dagbag.py:532} INFO - Filling up the DagBag from /home/lcscarv/projetos/indicium/desafio_5/.venv/lib/python3.8/site-packages/airflow/example_dags/example_task_group_decorator.py
[2023-04-28T18:12:02.228-0300] {processor.py:753} INFO - DAG(s) dict_keys(['example_task_group_decorator']) retrieved from /home/lcscarv/projetos/indicium/desafio_5/.venv/lib/python3.8/site-packages/airflow/example_dags/example_task_group_decorator.py
[2023-04-28T18:12:02.243-0300] {logging_mixin.py:137} INFO - [2023-04-28T18:12:02.243-0300] {dag.py:2705} INFO - Sync 1 DAGs
[2023-04-28T18:12:02.254-0300] {logging_mixin.py:137} INFO - [2023-04-28T18:12:02.254-0300] {dag.py:3452} INFO - Setting next_dagrun for example_task_group_decorator to 2023-04-27T21:12:02.254581+00:00, run_after=2023-04-28T21:12:02.254581+00:00
[2023-04-28T18:12:02.323-0300] {processor.py:175} INFO - Processing /home/lcscarv/projetos/indicium/desafio_5/.venv/lib/python3.8/site-packages/airflow/example_dags/example_task_group_decorator.py took 0.197 seconds
[2023-04-28T18:13:12.160-0300] {processor.py:153} INFO - Started process (PID=5887) to work on /home/lcscarv/projetos/indicium/desafio_5/.venv/lib/python3.8/site-packages/airflow/example_dags/example_task_group_decorator.py
[2023-04-28T18:13:12.161-0300] {processor.py:743} INFO - Processing file /home/lcscarv/projetos/indicium/desafio_5/.venv/lib/python3.8/site-packages/airflow/example_dags/example_task_group_decorator.py for tasks to queue
[2023-04-28T18:13:12.162-0300] {logging_mixin.py:137} INFO - [2023-04-28T18:13:12.162-0300] {dagbag.py:532} INFO - Filling up the DagBag from /home/lcscarv/projetos/indicium/desafio_5/.venv/lib/python3.8/site-packages/airflow/example_dags/example_task_group_decorator.py
[2023-04-28T18:13:12.181-0300] {processor.py:753} INFO - DAG(s) dict_keys(['example_task_group_decorator']) retrieved from /home/lcscarv/projetos/indicium/desafio_5/.venv/lib/python3.8/site-packages/airflow/example_dags/example_task_group_decorator.py
[2023-04-28T18:13:12.197-0300] {logging_mixin.py:137} INFO - [2023-04-28T18:13:12.197-0300] {dag.py:2705} INFO - Sync 1 DAGs
[2023-04-28T18:13:12.210-0300] {logging_mixin.py:137} INFO - [2023-04-28T18:13:12.210-0300] {dag.py:3452} INFO - Setting next_dagrun for example_task_group_decorator to 2023-04-27T21:13:12.210140+00:00, run_after=2023-04-28T21:13:12.210140+00:00
[2023-04-28T18:13:12.229-0300] {processor.py:175} INFO - Processing /home/lcscarv/projetos/indicium/desafio_5/.venv/lib/python3.8/site-packages/airflow/example_dags/example_task_group_decorator.py took 0.071 seconds
[2023-04-28T18:14:03.779-0300] {processor.py:153} INFO - Started process (PID=5932) to work on /home/lcscarv/projetos/indicium/desafio_5/.venv/lib/python3.8/site-packages/airflow/example_dags/example_task_group_decorator.py
[2023-04-28T18:14:03.780-0300] {processor.py:743} INFO - Processing file /home/lcscarv/projetos/indicium/desafio_5/.venv/lib/python3.8/site-packages/airflow/example_dags/example_task_group_decorator.py for tasks to queue
[2023-04-28T18:14:03.781-0300] {logging_mixin.py:137} INFO - [2023-04-28T18:14:03.781-0300] {dagbag.py:532} INFO - Filling up the DagBag from /home/lcscarv/projetos/indicium/desafio_5/.venv/lib/python3.8/site-packages/airflow/example_dags/example_task_group_decorator.py
[2023-04-28T18:14:03.800-0300] {processor.py:753} INFO - DAG(s) dict_keys(['example_task_group_decorator']) retrieved from /home/lcscarv/projetos/indicium/desafio_5/.venv/lib/python3.8/site-packages/airflow/example_dags/example_task_group_decorator.py
[2023-04-28T18:14:03.816-0300] {logging_mixin.py:137} INFO - [2023-04-28T18:14:03.816-0300] {dag.py:2705} INFO - Sync 1 DAGs
[2023-04-28T18:14:03.830-0300] {logging_mixin.py:137} INFO - [2023-04-28T18:14:03.830-0300] {dag.py:3452} INFO - Setting next_dagrun for example_task_group_decorator to 2023-04-27T21:14:03.829815+00:00, run_after=2023-04-28T21:14:03.829815+00:00
[2023-04-28T18:14:03.852-0300] {processor.py:175} INFO - Processing /home/lcscarv/projetos/indicium/desafio_5/.venv/lib/python3.8/site-packages/airflow/example_dags/example_task_group_decorator.py took 0.075 seconds
[2023-04-28T18:14:53.073-0300] {processor.py:153} INFO - Started process (PID=5973) to work on /home/lcscarv/projetos/indicium/desafio_5/.venv/lib/python3.8/site-packages/airflow/example_dags/example_task_group_decorator.py
[2023-04-28T18:14:53.074-0300] {processor.py:743} INFO - Processing file /home/lcscarv/projetos/indicium/desafio_5/.venv/lib/python3.8/site-packages/airflow/example_dags/example_task_group_decorator.py for tasks to queue
[2023-04-28T18:14:53.075-0300] {logging_mixin.py:137} INFO - [2023-04-28T18:14:53.074-0300] {dagbag.py:532} INFO - Filling up the DagBag from /home/lcscarv/projetos/indicium/desafio_5/.venv/lib/python3.8/site-packages/airflow/example_dags/example_task_group_decorator.py
[2023-04-28T18:14:53.094-0300] {processor.py:753} INFO - DAG(s) dict_keys(['example_task_group_decorator']) retrieved from /home/lcscarv/projetos/indicium/desafio_5/.venv/lib/python3.8/site-packages/airflow/example_dags/example_task_group_decorator.py
[2023-04-28T18:14:53.108-0300] {logging_mixin.py:137} INFO - [2023-04-28T18:14:53.108-0300] {dag.py:2705} INFO - Sync 1 DAGs
[2023-04-28T18:14:53.121-0300] {logging_mixin.py:137} INFO - [2023-04-28T18:14:53.121-0300] {dag.py:3452} INFO - Setting next_dagrun for example_task_group_decorator to 2023-04-27T21:14:53.121352+00:00, run_after=2023-04-28T21:14:53.121352+00:00
[2023-04-28T18:14:53.297-0300] {processor.py:175} INFO - Processing /home/lcscarv/projetos/indicium/desafio_5/.venv/lib/python3.8/site-packages/airflow/example_dags/example_task_group_decorator.py took 0.226 seconds
[2023-04-28T18:15:52.900-0300] {processor.py:153} INFO - Started process (PID=6074) to work on /home/lcscarv/projetos/indicium/desafio_5/.venv/lib/python3.8/site-packages/airflow/example_dags/example_task_group_decorator.py
[2023-04-28T18:15:52.902-0300] {processor.py:743} INFO - Processing file /home/lcscarv/projetos/indicium/desafio_5/.venv/lib/python3.8/site-packages/airflow/example_dags/example_task_group_decorator.py for tasks to queue
[2023-04-28T18:15:52.902-0300] {logging_mixin.py:137} INFO - [2023-04-28T18:15:52.902-0300] {dagbag.py:532} INFO - Filling up the DagBag from /home/lcscarv/projetos/indicium/desafio_5/.venv/lib/python3.8/site-packages/airflow/example_dags/example_task_group_decorator.py
[2023-04-28T18:15:52.922-0300] {processor.py:753} INFO - DAG(s) dict_keys(['example_task_group_decorator']) retrieved from /home/lcscarv/projetos/indicium/desafio_5/.venv/lib/python3.8/site-packages/airflow/example_dags/example_task_group_decorator.py
[2023-04-28T18:15:52.939-0300] {logging_mixin.py:137} INFO - [2023-04-28T18:15:52.939-0300] {dag.py:2705} INFO - Sync 1 DAGs
[2023-04-28T18:15:53.010-0300] {logging_mixin.py:137} INFO - [2023-04-28T18:15:53.010-0300] {dag.py:3452} INFO - Setting next_dagrun for example_task_group_decorator to 2023-04-27T21:15:53.010674+00:00, run_after=2023-04-28T21:15:53.010674+00:00
[2023-04-28T18:15:53.035-0300] {processor.py:175} INFO - Processing /home/lcscarv/projetos/indicium/desafio_5/.venv/lib/python3.8/site-packages/airflow/example_dags/example_task_group_decorator.py took 0.137 seconds
[2023-04-28T18:16:49.457-0300] {processor.py:153} INFO - Started process (PID=6123) to work on /home/lcscarv/projetos/indicium/desafio_5/.venv/lib/python3.8/site-packages/airflow/example_dags/example_task_group_decorator.py
[2023-04-28T18:16:49.522-0300] {processor.py:743} INFO - Processing file /home/lcscarv/projetos/indicium/desafio_5/.venv/lib/python3.8/site-packages/airflow/example_dags/example_task_group_decorator.py for tasks to queue
[2023-04-28T18:16:49.524-0300] {logging_mixin.py:137} INFO - [2023-04-28T18:16:49.523-0300] {dagbag.py:532} INFO - Filling up the DagBag from /home/lcscarv/projetos/indicium/desafio_5/.venv/lib/python3.8/site-packages/airflow/example_dags/example_task_group_decorator.py
[2023-04-28T18:16:49.546-0300] {processor.py:753} INFO - DAG(s) dict_keys(['example_task_group_decorator']) retrieved from /home/lcscarv/projetos/indicium/desafio_5/.venv/lib/python3.8/site-packages/airflow/example_dags/example_task_group_decorator.py
[2023-04-28T18:16:49.616-0300] {logging_mixin.py:137} INFO - [2023-04-28T18:16:49.616-0300] {dag.py:2705} INFO - Sync 1 DAGs
[2023-04-28T18:16:49.626-0300] {logging_mixin.py:137} INFO - [2023-04-28T18:16:49.626-0300] {dag.py:3452} INFO - Setting next_dagrun for example_task_group_decorator to 2023-04-27T21:16:49.626406+00:00, run_after=2023-04-28T21:16:49.626406+00:00
[2023-04-28T18:16:50.106-0300] {processor.py:175} INFO - Processing /home/lcscarv/projetos/indicium/desafio_5/.venv/lib/python3.8/site-packages/airflow/example_dags/example_task_group_decorator.py took 0.651 seconds
[2023-04-28T18:17:49.213-0300] {processor.py:153} INFO - Started process (PID=6173) to work on /home/lcscarv/projetos/indicium/desafio_5/.venv/lib/python3.8/site-packages/airflow/example_dags/example_task_group_decorator.py
[2023-04-28T18:17:49.215-0300] {processor.py:743} INFO - Processing file /home/lcscarv/projetos/indicium/desafio_5/.venv/lib/python3.8/site-packages/airflow/example_dags/example_task_group_decorator.py for tasks to queue
[2023-04-28T18:17:49.215-0300] {logging_mixin.py:137} INFO - [2023-04-28T18:17:49.215-0300] {dagbag.py:532} INFO - Filling up the DagBag from /home/lcscarv/projetos/indicium/desafio_5/.venv/lib/python3.8/site-packages/airflow/example_dags/example_task_group_decorator.py
[2023-04-28T18:17:49.318-0300] {processor.py:753} INFO - DAG(s) dict_keys(['example_task_group_decorator']) retrieved from /home/lcscarv/projetos/indicium/desafio_5/.venv/lib/python3.8/site-packages/airflow/example_dags/example_task_group_decorator.py
[2023-04-28T18:17:49.340-0300] {logging_mixin.py:137} INFO - [2023-04-28T18:17:49.339-0300] {dag.py:2705} INFO - Sync 1 DAGs
[2023-04-28T18:17:49.358-0300] {logging_mixin.py:137} INFO - [2023-04-28T18:17:49.358-0300] {dag.py:3452} INFO - Setting next_dagrun for example_task_group_decorator to 2023-04-27T21:17:49.357958+00:00, run_after=2023-04-28T21:17:49.357958+00:00
[2023-04-28T18:17:49.381-0300] {processor.py:175} INFO - Processing /home/lcscarv/projetos/indicium/desafio_5/.venv/lib/python3.8/site-packages/airflow/example_dags/example_task_group_decorator.py took 0.170 seconds
[2023-04-28T18:18:33.617-0300] {processor.py:153} INFO - Started process (PID=6217) to work on /home/lcscarv/projetos/indicium/desafio_5/.venv/lib/python3.8/site-packages/airflow/example_dags/example_task_group_decorator.py
[2023-04-28T18:18:33.618-0300] {processor.py:743} INFO - Processing file /home/lcscarv/projetos/indicium/desafio_5/.venv/lib/python3.8/site-packages/airflow/example_dags/example_task_group_decorator.py for tasks to queue
[2023-04-28T18:18:33.618-0300] {logging_mixin.py:137} INFO - [2023-04-28T18:18:33.618-0300] {dagbag.py:532} INFO - Filling up the DagBag from /home/lcscarv/projetos/indicium/desafio_5/.venv/lib/python3.8/site-packages/airflow/example_dags/example_task_group_decorator.py
[2023-04-28T18:18:33.637-0300] {processor.py:753} INFO - DAG(s) dict_keys(['example_task_group_decorator']) retrieved from /home/lcscarv/projetos/indicium/desafio_5/.venv/lib/python3.8/site-packages/airflow/example_dags/example_task_group_decorator.py
[2023-04-28T18:18:33.653-0300] {logging_mixin.py:137} INFO - [2023-04-28T18:18:33.653-0300] {dag.py:2705} INFO - Sync 1 DAGs
[2023-04-28T18:18:33.666-0300] {logging_mixin.py:137} INFO - [2023-04-28T18:18:33.666-0300] {dag.py:3452} INFO - Setting next_dagrun for example_task_group_decorator to 2023-04-27T21:18:33.666161+00:00, run_after=2023-04-28T21:18:33.666161+00:00
[2023-04-28T18:18:33.687-0300] {processor.py:175} INFO - Processing /home/lcscarv/projetos/indicium/desafio_5/.venv/lib/python3.8/site-packages/airflow/example_dags/example_task_group_decorator.py took 0.072 seconds
[2023-04-28T18:19:16.022-0300] {processor.py:153} INFO - Started process (PID=6256) to work on /home/lcscarv/projetos/indicium/desafio_5/.venv/lib/python3.8/site-packages/airflow/example_dags/example_task_group_decorator.py
[2023-04-28T18:19:16.024-0300] {processor.py:743} INFO - Processing file /home/lcscarv/projetos/indicium/desafio_5/.venv/lib/python3.8/site-packages/airflow/example_dags/example_task_group_decorator.py for tasks to queue
[2023-04-28T18:19:16.025-0300] {logging_mixin.py:137} INFO - [2023-04-28T18:19:16.024-0300] {dagbag.py:532} INFO - Filling up the DagBag from /home/lcscarv/projetos/indicium/desafio_5/.venv/lib/python3.8/site-packages/airflow/example_dags/example_task_group_decorator.py
[2023-04-28T18:19:16.053-0300] {processor.py:753} INFO - DAG(s) dict_keys(['example_task_group_decorator']) retrieved from /home/lcscarv/projetos/indicium/desafio_5/.venv/lib/python3.8/site-packages/airflow/example_dags/example_task_group_decorator.py
[2023-04-28T18:19:16.078-0300] {logging_mixin.py:137} INFO - [2023-04-28T18:19:16.078-0300] {dag.py:2705} INFO - Sync 1 DAGs
[2023-04-28T18:19:16.179-0300] {logging_mixin.py:137} INFO - [2023-04-28T18:19:16.179-0300] {dag.py:3452} INFO - Setting next_dagrun for example_task_group_decorator to 2023-04-27T21:19:16.179527+00:00, run_after=2023-04-28T21:19:16.179527+00:00
[2023-04-28T18:19:16.206-0300] {processor.py:175} INFO - Processing /home/lcscarv/projetos/indicium/desafio_5/.venv/lib/python3.8/site-packages/airflow/example_dags/example_task_group_decorator.py took 0.187 seconds
[2023-04-28T18:20:03.429-0300] {processor.py:153} INFO - Started process (PID=6300) to work on /home/lcscarv/projetos/indicium/desafio_5/.venv/lib/python3.8/site-packages/airflow/example_dags/example_task_group_decorator.py
[2023-04-28T18:20:03.430-0300] {processor.py:743} INFO - Processing file /home/lcscarv/projetos/indicium/desafio_5/.venv/lib/python3.8/site-packages/airflow/example_dags/example_task_group_decorator.py for tasks to queue
[2023-04-28T18:20:03.431-0300] {logging_mixin.py:137} INFO - [2023-04-28T18:20:03.431-0300] {dagbag.py:532} INFO - Filling up the DagBag from /home/lcscarv/projetos/indicium/desafio_5/.venv/lib/python3.8/site-packages/airflow/example_dags/example_task_group_decorator.py
[2023-04-28T18:20:03.449-0300] {processor.py:753} INFO - DAG(s) dict_keys(['example_task_group_decorator']) retrieved from /home/lcscarv/projetos/indicium/desafio_5/.venv/lib/python3.8/site-packages/airflow/example_dags/example_task_group_decorator.py
[2023-04-28T18:20:03.465-0300] {logging_mixin.py:137} INFO - [2023-04-28T18:20:03.465-0300] {dag.py:2705} INFO - Sync 1 DAGs
[2023-04-28T18:20:03.536-0300] {logging_mixin.py:137} INFO - [2023-04-28T18:20:03.536-0300] {dag.py:3452} INFO - Setting next_dagrun for example_task_group_decorator to 2023-04-27T21:20:03.535887+00:00, run_after=2023-04-28T21:20:03.535887+00:00
[2023-04-28T18:20:03.554-0300] {processor.py:175} INFO - Processing /home/lcscarv/projetos/indicium/desafio_5/.venv/lib/python3.8/site-packages/airflow/example_dags/example_task_group_decorator.py took 0.127 seconds
[2023-04-28T18:20:54.126-0300] {processor.py:153} INFO - Started process (PID=6397) to work on /home/lcscarv/projetos/indicium/desafio_5/.venv/lib/python3.8/site-packages/airflow/example_dags/example_task_group_decorator.py
[2023-04-28T18:20:54.164-0300] {processor.py:743} INFO - Processing file /home/lcscarv/projetos/indicium/desafio_5/.venv/lib/python3.8/site-packages/airflow/example_dags/example_task_group_decorator.py for tasks to queue
[2023-04-28T18:20:54.165-0300] {logging_mixin.py:137} INFO - [2023-04-28T18:20:54.165-0300] {dagbag.py:532} INFO - Filling up the DagBag from /home/lcscarv/projetos/indicium/desafio_5/.venv/lib/python3.8/site-packages/airflow/example_dags/example_task_group_decorator.py
[2023-04-28T18:20:54.187-0300] {processor.py:753} INFO - DAG(s) dict_keys(['example_task_group_decorator']) retrieved from /home/lcscarv/projetos/indicium/desafio_5/.venv/lib/python3.8/site-packages/airflow/example_dags/example_task_group_decorator.py
[2023-04-28T18:20:54.262-0300] {logging_mixin.py:137} INFO - [2023-04-28T18:20:54.262-0300] {dag.py:2705} INFO - Sync 1 DAGs
[2023-04-28T18:20:54.275-0300] {logging_mixin.py:137} INFO - [2023-04-28T18:20:54.275-0300] {dag.py:3452} INFO - Setting next_dagrun for example_task_group_decorator to 2023-04-27T21:20:54.275044+00:00, run_after=2023-04-28T21:20:54.275044+00:00
[2023-04-28T18:20:54.448-0300] {processor.py:175} INFO - Processing /home/lcscarv/projetos/indicium/desafio_5/.venv/lib/python3.8/site-packages/airflow/example_dags/example_task_group_decorator.py took 0.323 seconds
