[2023-04-28T18:00:30.978-0300] {processor.py:153} INFO - Started process (PID=4597) to work on /home/lcscarv/projetos/indicium/desafio_5/.venv/lib/python3.8/site-packages/airflow/example_dags/example_trigger_controller_dag.py
[2023-04-28T18:00:30.979-0300] {processor.py:743} INFO - Processing file /home/lcscarv/projetos/indicium/desafio_5/.venv/lib/python3.8/site-packages/airflow/example_dags/example_trigger_controller_dag.py for tasks to queue
[2023-04-28T18:00:30.979-0300] {logging_mixin.py:137} INFO - [2023-04-28T18:00:30.979-0300] {dagbag.py:532} INFO - Filling up the DagBag from /home/lcscarv/projetos/indicium/desafio_5/.venv/lib/python3.8/site-packages/airflow/example_dags/example_trigger_controller_dag.py
[2023-04-28T18:00:30.988-0300] {processor.py:753} INFO - DAG(s) dict_keys(['example_trigger_controller_dag']) retrieved from /home/lcscarv/projetos/indicium/desafio_5/.venv/lib/python3.8/site-packages/airflow/example_dags/example_trigger_controller_dag.py
[2023-04-28T18:00:31.010-0300] {logging_mixin.py:137} INFO - [2023-04-28T18:00:31.009-0300] {dag.py:2705} INFO - Sync 1 DAGs
[2023-04-28T18:00:31.026-0300] {logging_mixin.py:137} INFO - [2023-04-28T18:00:31.026-0300] {dag.py:3452} INFO - Setting next_dagrun for example_trigger_controller_dag to 2021-01-01T00:00:00+00:00, run_after=2021-01-01T00:00:00+00:00
[2023-04-28T18:00:31.049-0300] {processor.py:175} INFO - Processing /home/lcscarv/projetos/indicium/desafio_5/.venv/lib/python3.8/site-packages/airflow/example_dags/example_trigger_controller_dag.py took 0.073 seconds
[2023-04-28T18:01:11.575-0300] {processor.py:153} INFO - Started process (PID=4639) to work on /home/lcscarv/projetos/indicium/desafio_5/.venv/lib/python3.8/site-packages/airflow/example_dags/example_trigger_controller_dag.py
[2023-04-28T18:01:11.576-0300] {processor.py:743} INFO - Processing file /home/lcscarv/projetos/indicium/desafio_5/.venv/lib/python3.8/site-packages/airflow/example_dags/example_trigger_controller_dag.py for tasks to queue
[2023-04-28T18:01:11.577-0300] {logging_mixin.py:137} INFO - [2023-04-28T18:01:11.576-0300] {dagbag.py:532} INFO - Filling up the DagBag from /home/lcscarv/projetos/indicium/desafio_5/.venv/lib/python3.8/site-packages/airflow/example_dags/example_trigger_controller_dag.py
[2023-04-28T18:01:11.584-0300] {processor.py:753} INFO - DAG(s) dict_keys(['example_trigger_controller_dag']) retrieved from /home/lcscarv/projetos/indicium/desafio_5/.venv/lib/python3.8/site-packages/airflow/example_dags/example_trigger_controller_dag.py
[2023-04-28T18:01:11.598-0300] {logging_mixin.py:137} INFO - [2023-04-28T18:01:11.598-0300] {dag.py:2705} INFO - Sync 1 DAGs
[2023-04-28T18:01:11.611-0300] {logging_mixin.py:137} INFO - [2023-04-28T18:01:11.611-0300] {dag.py:3452} INFO - Setting next_dagrun for example_trigger_controller_dag to 2021-01-01T00:00:00+00:00, run_after=2021-01-01T00:00:00+00:00
[2023-04-28T18:01:11.631-0300] {processor.py:175} INFO - Processing /home/lcscarv/projetos/indicium/desafio_5/.venv/lib/python3.8/site-packages/airflow/example_dags/example_trigger_controller_dag.py took 0.057 seconds
[2023-04-28T18:01:59.189-0300] {processor.py:153} INFO - Started process (PID=4681) to work on /home/lcscarv/projetos/indicium/desafio_5/.venv/lib/python3.8/site-packages/airflow/example_dags/example_trigger_controller_dag.py
[2023-04-28T18:01:59.236-0300] {processor.py:743} INFO - Processing file /home/lcscarv/projetos/indicium/desafio_5/.venv/lib/python3.8/site-packages/airflow/example_dags/example_trigger_controller_dag.py for tasks to queue
[2023-04-28T18:01:59.238-0300] {logging_mixin.py:137} INFO - [2023-04-28T18:01:59.238-0300] {dagbag.py:532} INFO - Filling up the DagBag from /home/lcscarv/projetos/indicium/desafio_5/.venv/lib/python3.8/site-packages/airflow/example_dags/example_trigger_controller_dag.py
[2023-04-28T18:01:59.288-0300] {processor.py:753} INFO - DAG(s) dict_keys(['example_trigger_controller_dag']) retrieved from /home/lcscarv/projetos/indicium/desafio_5/.venv/lib/python3.8/site-packages/airflow/example_dags/example_trigger_controller_dag.py
[2023-04-28T18:01:59.375-0300] {logging_mixin.py:137} INFO - [2023-04-28T18:01:59.375-0300] {dag.py:2705} INFO - Sync 1 DAGs
[2023-04-28T18:01:59.454-0300] {logging_mixin.py:137} INFO - [2023-04-28T18:01:59.454-0300] {dag.py:3452} INFO - Setting next_dagrun for example_trigger_controller_dag to 2021-01-01T00:00:00+00:00, run_after=2021-01-01T00:00:00+00:00
[2023-04-28T18:01:59.588-0300] {processor.py:175} INFO - Processing /home/lcscarv/projetos/indicium/desafio_5/.venv/lib/python3.8/site-packages/airflow/example_dags/example_trigger_controller_dag.py took 0.439 seconds
[2023-04-28T18:02:56.440-0300] {processor.py:153} INFO - Started process (PID=4823) to work on /home/lcscarv/projetos/indicium/desafio_5/.venv/lib/python3.8/site-packages/airflow/example_dags/example_trigger_controller_dag.py
[2023-04-28T18:02:56.443-0300] {processor.py:743} INFO - Processing file /home/lcscarv/projetos/indicium/desafio_5/.venv/lib/python3.8/site-packages/airflow/example_dags/example_trigger_controller_dag.py for tasks to queue
[2023-04-28T18:02:56.444-0300] {logging_mixin.py:137} INFO - [2023-04-28T18:02:56.444-0300] {dagbag.py:532} INFO - Filling up the DagBag from /home/lcscarv/projetos/indicium/desafio_5/.venv/lib/python3.8/site-packages/airflow/example_dags/example_trigger_controller_dag.py
[2023-04-28T18:02:56.478-0300] {processor.py:753} INFO - DAG(s) dict_keys(['example_trigger_controller_dag']) retrieved from /home/lcscarv/projetos/indicium/desafio_5/.venv/lib/python3.8/site-packages/airflow/example_dags/example_trigger_controller_dag.py
[2023-04-28T18:02:56.551-0300] {logging_mixin.py:137} INFO - [2023-04-28T18:02:56.550-0300] {dag.py:2705} INFO - Sync 1 DAGs
[2023-04-28T18:02:56.616-0300] {logging_mixin.py:137} INFO - [2023-04-28T18:02:56.615-0300] {dag.py:3452} INFO - Setting next_dagrun for example_trigger_controller_dag to 2021-01-01T00:00:00+00:00, run_after=2021-01-01T00:00:00+00:00
[2023-04-28T18:02:56.654-0300] {processor.py:175} INFO - Processing /home/lcscarv/projetos/indicium/desafio_5/.venv/lib/python3.8/site-packages/airflow/example_dags/example_trigger_controller_dag.py took 0.219 seconds
[2023-04-28T18:03:43.689-0300] {processor.py:153} INFO - Started process (PID=4869) to work on /home/lcscarv/projetos/indicium/desafio_5/.venv/lib/python3.8/site-packages/airflow/example_dags/example_trigger_controller_dag.py
[2023-04-28T18:03:43.691-0300] {processor.py:743} INFO - Processing file /home/lcscarv/projetos/indicium/desafio_5/.venv/lib/python3.8/site-packages/airflow/example_dags/example_trigger_controller_dag.py for tasks to queue
[2023-04-28T18:03:43.691-0300] {logging_mixin.py:137} INFO - [2023-04-28T18:03:43.691-0300] {dagbag.py:532} INFO - Filling up the DagBag from /home/lcscarv/projetos/indicium/desafio_5/.venv/lib/python3.8/site-packages/airflow/example_dags/example_trigger_controller_dag.py
[2023-04-28T18:03:43.699-0300] {processor.py:753} INFO - DAG(s) dict_keys(['example_trigger_controller_dag']) retrieved from /home/lcscarv/projetos/indicium/desafio_5/.venv/lib/python3.8/site-packages/airflow/example_dags/example_trigger_controller_dag.py
[2023-04-28T18:03:43.711-0300] {logging_mixin.py:137} INFO - [2023-04-28T18:03:43.710-0300] {dag.py:2705} INFO - Sync 1 DAGs
[2023-04-28T18:03:43.724-0300] {logging_mixin.py:137} INFO - [2023-04-28T18:03:43.723-0300] {dag.py:3452} INFO - Setting next_dagrun for example_trigger_controller_dag to 2021-01-01T00:00:00+00:00, run_after=2021-01-01T00:00:00+00:00
[2023-04-28T18:03:43.742-0300] {processor.py:175} INFO - Processing /home/lcscarv/projetos/indicium/desafio_5/.venv/lib/python3.8/site-packages/airflow/example_dags/example_trigger_controller_dag.py took 0.055 seconds
[2023-04-28T18:04:23.028-0300] {processor.py:153} INFO - Started process (PID=4910) to work on /home/lcscarv/projetos/indicium/desafio_5/.venv/lib/python3.8/site-packages/airflow/example_dags/example_trigger_controller_dag.py
[2023-04-28T18:04:23.029-0300] {processor.py:743} INFO - Processing file /home/lcscarv/projetos/indicium/desafio_5/.venv/lib/python3.8/site-packages/airflow/example_dags/example_trigger_controller_dag.py for tasks to queue
[2023-04-28T18:04:23.029-0300] {logging_mixin.py:137} INFO - [2023-04-28T18:04:23.029-0300] {dagbag.py:532} INFO - Filling up the DagBag from /home/lcscarv/projetos/indicium/desafio_5/.venv/lib/python3.8/site-packages/airflow/example_dags/example_trigger_controller_dag.py
[2023-04-28T18:04:23.036-0300] {processor.py:753} INFO - DAG(s) dict_keys(['example_trigger_controller_dag']) retrieved from /home/lcscarv/projetos/indicium/desafio_5/.venv/lib/python3.8/site-packages/airflow/example_dags/example_trigger_controller_dag.py
[2023-04-28T18:04:23.048-0300] {logging_mixin.py:137} INFO - [2023-04-28T18:04:23.048-0300] {dag.py:2705} INFO - Sync 1 DAGs
[2023-04-28T18:04:23.060-0300] {logging_mixin.py:137} INFO - [2023-04-28T18:04:23.060-0300] {dag.py:3452} INFO - Setting next_dagrun for example_trigger_controller_dag to 2021-01-01T00:00:00+00:00, run_after=2021-01-01T00:00:00+00:00
[2023-04-28T18:04:23.077-0300] {processor.py:175} INFO - Processing /home/lcscarv/projetos/indicium/desafio_5/.venv/lib/python3.8/site-packages/airflow/example_dags/example_trigger_controller_dag.py took 0.051 seconds
[2023-04-28T18:05:06.723-0300] {processor.py:153} INFO - Started process (PID=5002) to work on /home/lcscarv/projetos/indicium/desafio_5/.venv/lib/python3.8/site-packages/airflow/example_dags/example_trigger_controller_dag.py
[2023-04-28T18:05:06.724-0300] {processor.py:743} INFO - Processing file /home/lcscarv/projetos/indicium/desafio_5/.venv/lib/python3.8/site-packages/airflow/example_dags/example_trigger_controller_dag.py for tasks to queue
[2023-04-28T18:05:06.725-0300] {logging_mixin.py:137} INFO - [2023-04-28T18:05:06.725-0300] {dagbag.py:532} INFO - Filling up the DagBag from /home/lcscarv/projetos/indicium/desafio_5/.venv/lib/python3.8/site-packages/airflow/example_dags/example_trigger_controller_dag.py
[2023-04-28T18:05:06.732-0300] {processor.py:753} INFO - DAG(s) dict_keys(['example_trigger_controller_dag']) retrieved from /home/lcscarv/projetos/indicium/desafio_5/.venv/lib/python3.8/site-packages/airflow/example_dags/example_trigger_controller_dag.py
[2023-04-28T18:05:06.744-0300] {logging_mixin.py:137} INFO - [2023-04-28T18:05:06.744-0300] {dag.py:2705} INFO - Sync 1 DAGs
[2023-04-28T18:05:06.755-0300] {logging_mixin.py:137} INFO - [2023-04-28T18:05:06.755-0300] {dag.py:3452} INFO - Setting next_dagrun for example_trigger_controller_dag to 2021-01-01T00:00:00+00:00, run_after=2021-01-01T00:00:00+00:00
[2023-04-28T18:05:06.773-0300] {processor.py:175} INFO - Processing /home/lcscarv/projetos/indicium/desafio_5/.venv/lib/python3.8/site-packages/airflow/example_dags/example_trigger_controller_dag.py took 0.052 seconds
[2023-04-28T18:05:44.913-0300] {processor.py:153} INFO - Started process (PID=5094) to work on /home/lcscarv/projetos/indicium/desafio_5/.venv/lib/python3.8/site-packages/airflow/example_dags/example_trigger_controller_dag.py
[2023-04-28T18:05:44.915-0300] {processor.py:743} INFO - Processing file /home/lcscarv/projetos/indicium/desafio_5/.venv/lib/python3.8/site-packages/airflow/example_dags/example_trigger_controller_dag.py for tasks to queue
[2023-04-28T18:05:44.915-0300] {logging_mixin.py:137} INFO - [2023-04-28T18:05:44.915-0300] {dagbag.py:532} INFO - Filling up the DagBag from /home/lcscarv/projetos/indicium/desafio_5/.venv/lib/python3.8/site-packages/airflow/example_dags/example_trigger_controller_dag.py
[2023-04-28T18:05:44.922-0300] {processor.py:753} INFO - DAG(s) dict_keys(['example_trigger_controller_dag']) retrieved from /home/lcscarv/projetos/indicium/desafio_5/.venv/lib/python3.8/site-packages/airflow/example_dags/example_trigger_controller_dag.py
[2023-04-28T18:05:44.936-0300] {logging_mixin.py:137} INFO - [2023-04-28T18:05:44.936-0300] {dag.py:2705} INFO - Sync 1 DAGs
[2023-04-28T18:05:44.948-0300] {logging_mixin.py:137} INFO - [2023-04-28T18:05:44.948-0300] {dag.py:3452} INFO - Setting next_dagrun for example_trigger_controller_dag to 2021-01-01T00:00:00+00:00, run_after=2021-01-01T00:00:00+00:00
[2023-04-28T18:05:44.965-0300] {processor.py:175} INFO - Processing /home/lcscarv/projetos/indicium/desafio_5/.venv/lib/python3.8/site-packages/airflow/example_dags/example_trigger_controller_dag.py took 0.054 seconds
[2023-04-28T18:06:29.717-0300] {processor.py:153} INFO - Started process (PID=5139) to work on /home/lcscarv/projetos/indicium/desafio_5/.venv/lib/python3.8/site-packages/airflow/example_dags/example_trigger_controller_dag.py
[2023-04-28T18:06:29.718-0300] {processor.py:743} INFO - Processing file /home/lcscarv/projetos/indicium/desafio_5/.venv/lib/python3.8/site-packages/airflow/example_dags/example_trigger_controller_dag.py for tasks to queue
[2023-04-28T18:06:29.719-0300] {logging_mixin.py:137} INFO - [2023-04-28T18:06:29.719-0300] {dagbag.py:532} INFO - Filling up the DagBag from /home/lcscarv/projetos/indicium/desafio_5/.venv/lib/python3.8/site-packages/airflow/example_dags/example_trigger_controller_dag.py
[2023-04-28T18:06:29.726-0300] {processor.py:753} INFO - DAG(s) dict_keys(['example_trigger_controller_dag']) retrieved from /home/lcscarv/projetos/indicium/desafio_5/.venv/lib/python3.8/site-packages/airflow/example_dags/example_trigger_controller_dag.py
[2023-04-28T18:06:29.744-0300] {logging_mixin.py:137} INFO - [2023-04-28T18:06:29.744-0300] {dag.py:2705} INFO - Sync 1 DAGs
[2023-04-28T18:06:29.761-0300] {logging_mixin.py:137} INFO - [2023-04-28T18:06:29.761-0300] {dag.py:3452} INFO - Setting next_dagrun for example_trigger_controller_dag to 2021-01-01T00:00:00+00:00, run_after=2021-01-01T00:00:00+00:00
[2023-04-28T18:06:29.782-0300] {processor.py:175} INFO - Processing /home/lcscarv/projetos/indicium/desafio_5/.venv/lib/python3.8/site-packages/airflow/example_dags/example_trigger_controller_dag.py took 0.067 seconds
[2023-04-28T18:07:19.251-0300] {processor.py:153} INFO - Started process (PID=5180) to work on /home/lcscarv/projetos/indicium/desafio_5/.venv/lib/python3.8/site-packages/airflow/example_dags/example_trigger_controller_dag.py
[2023-04-28T18:07:19.252-0300] {processor.py:743} INFO - Processing file /home/lcscarv/projetos/indicium/desafio_5/.venv/lib/python3.8/site-packages/airflow/example_dags/example_trigger_controller_dag.py for tasks to queue
[2023-04-28T18:07:19.253-0300] {logging_mixin.py:137} INFO - [2023-04-28T18:07:19.253-0300] {dagbag.py:532} INFO - Filling up the DagBag from /home/lcscarv/projetos/indicium/desafio_5/.venv/lib/python3.8/site-packages/airflow/example_dags/example_trigger_controller_dag.py
[2023-04-28T18:07:19.260-0300] {processor.py:753} INFO - DAG(s) dict_keys(['example_trigger_controller_dag']) retrieved from /home/lcscarv/projetos/indicium/desafio_5/.venv/lib/python3.8/site-packages/airflow/example_dags/example_trigger_controller_dag.py
[2023-04-28T18:07:19.273-0300] {logging_mixin.py:137} INFO - [2023-04-28T18:07:19.273-0300] {dag.py:2705} INFO - Sync 1 DAGs
[2023-04-28T18:07:19.288-0300] {logging_mixin.py:137} INFO - [2023-04-28T18:07:19.288-0300] {dag.py:3452} INFO - Setting next_dagrun for example_trigger_controller_dag to 2021-01-01T00:00:00+00:00, run_after=2021-01-01T00:00:00+00:00
[2023-04-28T18:07:19.307-0300] {processor.py:175} INFO - Processing /home/lcscarv/projetos/indicium/desafio_5/.venv/lib/python3.8/site-packages/airflow/example_dags/example_trigger_controller_dag.py took 0.059 seconds
[2023-04-28T18:08:12.824-0300] {processor.py:153} INFO - Started process (PID=5374) to work on /home/lcscarv/projetos/indicium/desafio_5/.venv/lib/python3.8/site-packages/airflow/example_dags/example_trigger_controller_dag.py
[2023-04-28T18:08:12.825-0300] {processor.py:743} INFO - Processing file /home/lcscarv/projetos/indicium/desafio_5/.venv/lib/python3.8/site-packages/airflow/example_dags/example_trigger_controller_dag.py for tasks to queue
[2023-04-28T18:08:12.825-0300] {logging_mixin.py:137} INFO - [2023-04-28T18:08:12.825-0300] {dagbag.py:532} INFO - Filling up the DagBag from /home/lcscarv/projetos/indicium/desafio_5/.venv/lib/python3.8/site-packages/airflow/example_dags/example_trigger_controller_dag.py
[2023-04-28T18:08:12.834-0300] {processor.py:753} INFO - DAG(s) dict_keys(['example_trigger_controller_dag']) retrieved from /home/lcscarv/projetos/indicium/desafio_5/.venv/lib/python3.8/site-packages/airflow/example_dags/example_trigger_controller_dag.py
[2023-04-28T18:08:12.846-0300] {logging_mixin.py:137} INFO - [2023-04-28T18:08:12.846-0300] {dag.py:2705} INFO - Sync 1 DAGs
[2023-04-28T18:08:12.858-0300] {logging_mixin.py:137} INFO - [2023-04-28T18:08:12.858-0300] {dag.py:3452} INFO - Setting next_dagrun for example_trigger_controller_dag to 2021-01-01T00:00:00+00:00, run_after=2021-01-01T00:00:00+00:00
[2023-04-28T18:08:12.892-0300] {processor.py:175} INFO - Processing /home/lcscarv/projetos/indicium/desafio_5/.venv/lib/python3.8/site-packages/airflow/example_dags/example_trigger_controller_dag.py took 0.071 seconds
[2023-04-28T18:09:01.283-0300] {processor.py:153} INFO - Started process (PID=5468) to work on /home/lcscarv/projetos/indicium/desafio_5/.venv/lib/python3.8/site-packages/airflow/example_dags/example_trigger_controller_dag.py
[2023-04-28T18:09:01.284-0300] {processor.py:743} INFO - Processing file /home/lcscarv/projetos/indicium/desafio_5/.venv/lib/python3.8/site-packages/airflow/example_dags/example_trigger_controller_dag.py for tasks to queue
[2023-04-28T18:09:01.285-0300] {logging_mixin.py:137} INFO - [2023-04-28T18:09:01.284-0300] {dagbag.py:532} INFO - Filling up the DagBag from /home/lcscarv/projetos/indicium/desafio_5/.venv/lib/python3.8/site-packages/airflow/example_dags/example_trigger_controller_dag.py
[2023-04-28T18:09:01.292-0300] {processor.py:753} INFO - DAG(s) dict_keys(['example_trigger_controller_dag']) retrieved from /home/lcscarv/projetos/indicium/desafio_5/.venv/lib/python3.8/site-packages/airflow/example_dags/example_trigger_controller_dag.py
[2023-04-28T18:09:01.309-0300] {logging_mixin.py:137} INFO - [2023-04-28T18:09:01.308-0300] {dag.py:2705} INFO - Sync 1 DAGs
[2023-04-28T18:09:01.324-0300] {logging_mixin.py:137} INFO - [2023-04-28T18:09:01.324-0300] {dag.py:3452} INFO - Setting next_dagrun for example_trigger_controller_dag to 2021-01-01T00:00:00+00:00, run_after=2021-01-01T00:00:00+00:00
[2023-04-28T18:09:01.444-0300] {processor.py:175} INFO - Processing /home/lcscarv/projetos/indicium/desafio_5/.venv/lib/python3.8/site-packages/airflow/example_dags/example_trigger_controller_dag.py took 0.163 seconds
[2023-04-28T18:09:47.273-0300] {processor.py:153} INFO - Started process (PID=5512) to work on /home/lcscarv/projetos/indicium/desafio_5/.venv/lib/python3.8/site-packages/airflow/example_dags/example_trigger_controller_dag.py
[2023-04-28T18:09:47.311-0300] {processor.py:743} INFO - Processing file /home/lcscarv/projetos/indicium/desafio_5/.venv/lib/python3.8/site-packages/airflow/example_dags/example_trigger_controller_dag.py for tasks to queue
[2023-04-28T18:09:47.312-0300] {logging_mixin.py:137} INFO - [2023-04-28T18:09:47.312-0300] {dagbag.py:532} INFO - Filling up the DagBag from /home/lcscarv/projetos/indicium/desafio_5/.venv/lib/python3.8/site-packages/airflow/example_dags/example_trigger_controller_dag.py
[2023-04-28T18:09:47.323-0300] {processor.py:753} INFO - DAG(s) dict_keys(['example_trigger_controller_dag']) retrieved from /home/lcscarv/projetos/indicium/desafio_5/.venv/lib/python3.8/site-packages/airflow/example_dags/example_trigger_controller_dag.py
[2023-04-28T18:09:47.336-0300] {logging_mixin.py:137} INFO - [2023-04-28T18:09:47.336-0300] {dag.py:2705} INFO - Sync 1 DAGs
[2023-04-28T18:09:47.348-0300] {logging_mixin.py:137} INFO - [2023-04-28T18:09:47.347-0300] {dag.py:3452} INFO - Setting next_dagrun for example_trigger_controller_dag to 2021-01-01T00:00:00+00:00, run_after=2021-01-01T00:00:00+00:00
[2023-04-28T18:09:47.428-0300] {processor.py:175} INFO - Processing /home/lcscarv/projetos/indicium/desafio_5/.venv/lib/python3.8/site-packages/airflow/example_dags/example_trigger_controller_dag.py took 0.157 seconds
[2023-04-28T18:10:33.102-0300] {processor.py:153} INFO - Started process (PID=5652) to work on /home/lcscarv/projetos/indicium/desafio_5/.venv/lib/python3.8/site-packages/airflow/example_dags/example_trigger_controller_dag.py
[2023-04-28T18:10:33.103-0300] {processor.py:743} INFO - Processing file /home/lcscarv/projetos/indicium/desafio_5/.venv/lib/python3.8/site-packages/airflow/example_dags/example_trigger_controller_dag.py for tasks to queue
[2023-04-28T18:10:33.104-0300] {logging_mixin.py:137} INFO - [2023-04-28T18:10:33.104-0300] {dagbag.py:532} INFO - Filling up the DagBag from /home/lcscarv/projetos/indicium/desafio_5/.venv/lib/python3.8/site-packages/airflow/example_dags/example_trigger_controller_dag.py
[2023-04-28T18:10:33.112-0300] {processor.py:753} INFO - DAG(s) dict_keys(['example_trigger_controller_dag']) retrieved from /home/lcscarv/projetos/indicium/desafio_5/.venv/lib/python3.8/site-packages/airflow/example_dags/example_trigger_controller_dag.py
[2023-04-28T18:10:33.127-0300] {logging_mixin.py:137} INFO - [2023-04-28T18:10:33.127-0300] {dag.py:2705} INFO - Sync 1 DAGs
[2023-04-28T18:10:33.140-0300] {logging_mixin.py:137} INFO - [2023-04-28T18:10:33.140-0300] {dag.py:3452} INFO - Setting next_dagrun for example_trigger_controller_dag to 2021-01-01T00:00:00+00:00, run_after=2021-01-01T00:00:00+00:00
[2023-04-28T18:10:33.160-0300] {processor.py:175} INFO - Processing /home/lcscarv/projetos/indicium/desafio_5/.venv/lib/python3.8/site-packages/airflow/example_dags/example_trigger_controller_dag.py took 0.060 seconds
[2023-04-28T18:11:27.412-0300] {processor.py:153} INFO - Started process (PID=5773) to work on /home/lcscarv/projetos/indicium/desafio_5/.venv/lib/python3.8/site-packages/airflow/example_dags/example_trigger_controller_dag.py
[2023-04-28T18:11:27.415-0300] {processor.py:743} INFO - Processing file /home/lcscarv/projetos/indicium/desafio_5/.venv/lib/python3.8/site-packages/airflow/example_dags/example_trigger_controller_dag.py for tasks to queue
[2023-04-28T18:11:27.415-0300] {logging_mixin.py:137} INFO - [2023-04-28T18:11:27.415-0300] {dagbag.py:532} INFO - Filling up the DagBag from /home/lcscarv/projetos/indicium/desafio_5/.venv/lib/python3.8/site-packages/airflow/example_dags/example_trigger_controller_dag.py
[2023-04-28T18:11:27.423-0300] {processor.py:753} INFO - DAG(s) dict_keys(['example_trigger_controller_dag']) retrieved from /home/lcscarv/projetos/indicium/desafio_5/.venv/lib/python3.8/site-packages/airflow/example_dags/example_trigger_controller_dag.py
[2023-04-28T18:11:27.437-0300] {logging_mixin.py:137} INFO - [2023-04-28T18:11:27.437-0300] {dag.py:2705} INFO - Sync 1 DAGs
[2023-04-28T18:11:27.449-0300] {logging_mixin.py:137} INFO - [2023-04-28T18:11:27.449-0300] {dag.py:3452} INFO - Setting next_dagrun for example_trigger_controller_dag to 2021-01-01T00:00:00+00:00, run_after=2021-01-01T00:00:00+00:00
[2023-04-28T18:11:27.813-0300] {processor.py:175} INFO - Processing /home/lcscarv/projetos/indicium/desafio_5/.venv/lib/python3.8/site-packages/airflow/example_dags/example_trigger_controller_dag.py took 0.403 seconds
[2023-04-28T18:12:18.733-0300] {processor.py:153} INFO - Started process (PID=5848) to work on /home/lcscarv/projetos/indicium/desafio_5/.venv/lib/python3.8/site-packages/airflow/example_dags/example_trigger_controller_dag.py
[2023-04-28T18:12:18.814-0300] {processor.py:743} INFO - Processing file /home/lcscarv/projetos/indicium/desafio_5/.venv/lib/python3.8/site-packages/airflow/example_dags/example_trigger_controller_dag.py for tasks to queue
[2023-04-28T18:12:18.815-0300] {logging_mixin.py:137} INFO - [2023-04-28T18:12:18.815-0300] {dagbag.py:532} INFO - Filling up the DagBag from /home/lcscarv/projetos/indicium/desafio_5/.venv/lib/python3.8/site-packages/airflow/example_dags/example_trigger_controller_dag.py
[2023-04-28T18:12:18.825-0300] {processor.py:753} INFO - DAG(s) dict_keys(['example_trigger_controller_dag']) retrieved from /home/lcscarv/projetos/indicium/desafio_5/.venv/lib/python3.8/site-packages/airflow/example_dags/example_trigger_controller_dag.py
[2023-04-28T18:12:18.839-0300] {logging_mixin.py:137} INFO - [2023-04-28T18:12:18.839-0300] {dag.py:2705} INFO - Sync 1 DAGs
[2023-04-28T18:12:18.851-0300] {logging_mixin.py:137} INFO - [2023-04-28T18:12:18.851-0300] {dag.py:3452} INFO - Setting next_dagrun for example_trigger_controller_dag to 2021-01-01T00:00:00+00:00, run_after=2021-01-01T00:00:00+00:00
[2023-04-28T18:12:18.976-0300] {processor.py:175} INFO - Processing /home/lcscarv/projetos/indicium/desafio_5/.venv/lib/python3.8/site-packages/airflow/example_dags/example_trigger_controller_dag.py took 0.245 seconds
[2023-04-28T18:13:07.605-0300] {processor.py:153} INFO - Started process (PID=5882) to work on /home/lcscarv/projetos/indicium/desafio_5/.venv/lib/python3.8/site-packages/airflow/example_dags/example_trigger_controller_dag.py
[2023-04-28T18:13:07.606-0300] {processor.py:743} INFO - Processing file /home/lcscarv/projetos/indicium/desafio_5/.venv/lib/python3.8/site-packages/airflow/example_dags/example_trigger_controller_dag.py for tasks to queue
[2023-04-28T18:13:07.606-0300] {logging_mixin.py:137} INFO - [2023-04-28T18:13:07.606-0300] {dagbag.py:532} INFO - Filling up the DagBag from /home/lcscarv/projetos/indicium/desafio_5/.venv/lib/python3.8/site-packages/airflow/example_dags/example_trigger_controller_dag.py
[2023-04-28T18:13:07.615-0300] {processor.py:753} INFO - DAG(s) dict_keys(['example_trigger_controller_dag']) retrieved from /home/lcscarv/projetos/indicium/desafio_5/.venv/lib/python3.8/site-packages/airflow/example_dags/example_trigger_controller_dag.py
[2023-04-28T18:13:07.630-0300] {logging_mixin.py:137} INFO - [2023-04-28T18:13:07.629-0300] {dag.py:2705} INFO - Sync 1 DAGs
[2023-04-28T18:13:07.643-0300] {logging_mixin.py:137} INFO - [2023-04-28T18:13:07.643-0300] {dag.py:3452} INFO - Setting next_dagrun for example_trigger_controller_dag to 2021-01-01T00:00:00+00:00, run_after=2021-01-01T00:00:00+00:00
[2023-04-28T18:13:07.696-0300] {processor.py:175} INFO - Processing /home/lcscarv/projetos/indicium/desafio_5/.venv/lib/python3.8/site-packages/airflow/example_dags/example_trigger_controller_dag.py took 0.093 seconds
[2023-04-28T18:13:51.428-0300] {processor.py:153} INFO - Started process (PID=5923) to work on /home/lcscarv/projetos/indicium/desafio_5/.venv/lib/python3.8/site-packages/airflow/example_dags/example_trigger_controller_dag.py
[2023-04-28T18:13:51.429-0300] {processor.py:743} INFO - Processing file /home/lcscarv/projetos/indicium/desafio_5/.venv/lib/python3.8/site-packages/airflow/example_dags/example_trigger_controller_dag.py for tasks to queue
[2023-04-28T18:13:51.430-0300] {logging_mixin.py:137} INFO - [2023-04-28T18:13:51.430-0300] {dagbag.py:532} INFO - Filling up the DagBag from /home/lcscarv/projetos/indicium/desafio_5/.venv/lib/python3.8/site-packages/airflow/example_dags/example_trigger_controller_dag.py
[2023-04-28T18:13:51.438-0300] {processor.py:753} INFO - DAG(s) dict_keys(['example_trigger_controller_dag']) retrieved from /home/lcscarv/projetos/indicium/desafio_5/.venv/lib/python3.8/site-packages/airflow/example_dags/example_trigger_controller_dag.py
[2023-04-28T18:13:51.451-0300] {logging_mixin.py:137} INFO - [2023-04-28T18:13:51.451-0300] {dag.py:2705} INFO - Sync 1 DAGs
[2023-04-28T18:13:51.464-0300] {logging_mixin.py:137} INFO - [2023-04-28T18:13:51.464-0300] {dag.py:3452} INFO - Setting next_dagrun for example_trigger_controller_dag to 2021-01-01T00:00:00+00:00, run_after=2021-01-01T00:00:00+00:00
[2023-04-28T18:13:51.487-0300] {processor.py:175} INFO - Processing /home/lcscarv/projetos/indicium/desafio_5/.venv/lib/python3.8/site-packages/airflow/example_dags/example_trigger_controller_dag.py took 0.061 seconds
[2023-04-28T18:14:49.073-0300] {processor.py:153} INFO - Started process (PID=5968) to work on /home/lcscarv/projetos/indicium/desafio_5/.venv/lib/python3.8/site-packages/airflow/example_dags/example_trigger_controller_dag.py
[2023-04-28T18:14:49.074-0300] {processor.py:743} INFO - Processing file /home/lcscarv/projetos/indicium/desafio_5/.venv/lib/python3.8/site-packages/airflow/example_dags/example_trigger_controller_dag.py for tasks to queue
[2023-04-28T18:14:49.075-0300] {logging_mixin.py:137} INFO - [2023-04-28T18:14:49.075-0300] {dagbag.py:532} INFO - Filling up the DagBag from /home/lcscarv/projetos/indicium/desafio_5/.venv/lib/python3.8/site-packages/airflow/example_dags/example_trigger_controller_dag.py
[2023-04-28T18:14:49.082-0300] {processor.py:753} INFO - DAG(s) dict_keys(['example_trigger_controller_dag']) retrieved from /home/lcscarv/projetos/indicium/desafio_5/.venv/lib/python3.8/site-packages/airflow/example_dags/example_trigger_controller_dag.py
[2023-04-28T18:14:49.096-0300] {logging_mixin.py:137} INFO - [2023-04-28T18:14:49.096-0300] {dag.py:2705} INFO - Sync 1 DAGs
[2023-04-28T18:14:49.109-0300] {logging_mixin.py:137} INFO - [2023-04-28T18:14:49.109-0300] {dag.py:3452} INFO - Setting next_dagrun for example_trigger_controller_dag to 2021-01-01T00:00:00+00:00, run_after=2021-01-01T00:00:00+00:00
[2023-04-28T18:14:49.129-0300] {processor.py:175} INFO - Processing /home/lcscarv/projetos/indicium/desafio_5/.venv/lib/python3.8/site-packages/airflow/example_dags/example_trigger_controller_dag.py took 0.058 seconds
[2023-04-28T18:15:30.182-0300] {processor.py:153} INFO - Started process (PID=6054) to work on /home/lcscarv/projetos/indicium/desafio_5/.venv/lib/python3.8/site-packages/airflow/example_dags/example_trigger_controller_dag.py
[2023-04-28T18:15:30.183-0300] {processor.py:743} INFO - Processing file /home/lcscarv/projetos/indicium/desafio_5/.venv/lib/python3.8/site-packages/airflow/example_dags/example_trigger_controller_dag.py for tasks to queue
[2023-04-28T18:15:30.184-0300] {logging_mixin.py:137} INFO - [2023-04-28T18:15:30.184-0300] {dagbag.py:532} INFO - Filling up the DagBag from /home/lcscarv/projetos/indicium/desafio_5/.venv/lib/python3.8/site-packages/airflow/example_dags/example_trigger_controller_dag.py
[2023-04-28T18:15:30.193-0300] {processor.py:753} INFO - DAG(s) dict_keys(['example_trigger_controller_dag']) retrieved from /home/lcscarv/projetos/indicium/desafio_5/.venv/lib/python3.8/site-packages/airflow/example_dags/example_trigger_controller_dag.py
[2023-04-28T18:15:30.208-0300] {logging_mixin.py:137} INFO - [2023-04-28T18:15:30.208-0300] {dag.py:2705} INFO - Sync 1 DAGs
[2023-04-28T18:15:30.222-0300] {logging_mixin.py:137} INFO - [2023-04-28T18:15:30.222-0300] {dag.py:3452} INFO - Setting next_dagrun for example_trigger_controller_dag to 2021-01-01T00:00:00+00:00, run_after=2021-01-01T00:00:00+00:00
[2023-04-28T18:15:30.315-0300] {processor.py:175} INFO - Processing /home/lcscarv/projetos/indicium/desafio_5/.venv/lib/python3.8/site-packages/airflow/example_dags/example_trigger_controller_dag.py took 0.135 seconds
[2023-04-28T18:16:25.033-0300] {processor.py:153} INFO - Started process (PID=6102) to work on /home/lcscarv/projetos/indicium/desafio_5/.venv/lib/python3.8/site-packages/airflow/example_dags/example_trigger_controller_dag.py
[2023-04-28T18:16:25.034-0300] {processor.py:743} INFO - Processing file /home/lcscarv/projetos/indicium/desafio_5/.venv/lib/python3.8/site-packages/airflow/example_dags/example_trigger_controller_dag.py for tasks to queue
[2023-04-28T18:16:25.035-0300] {logging_mixin.py:137} INFO - [2023-04-28T18:16:25.035-0300] {dagbag.py:532} INFO - Filling up the DagBag from /home/lcscarv/projetos/indicium/desafio_5/.venv/lib/python3.8/site-packages/airflow/example_dags/example_trigger_controller_dag.py
[2023-04-28T18:16:25.042-0300] {processor.py:753} INFO - DAG(s) dict_keys(['example_trigger_controller_dag']) retrieved from /home/lcscarv/projetos/indicium/desafio_5/.venv/lib/python3.8/site-packages/airflow/example_dags/example_trigger_controller_dag.py
[2023-04-28T18:16:25.054-0300] {logging_mixin.py:137} INFO - [2023-04-28T18:16:25.054-0300] {dag.py:2705} INFO - Sync 1 DAGs
[2023-04-28T18:16:25.124-0300] {logging_mixin.py:137} INFO - [2023-04-28T18:16:25.124-0300] {dag.py:3452} INFO - Setting next_dagrun for example_trigger_controller_dag to 2021-01-01T00:00:00+00:00, run_after=2021-01-01T00:00:00+00:00
[2023-04-28T18:16:25.144-0300] {processor.py:175} INFO - Processing /home/lcscarv/projetos/indicium/desafio_5/.venv/lib/python3.8/site-packages/airflow/example_dags/example_trigger_controller_dag.py took 0.113 seconds
[2023-04-28T18:17:24.415-0300] {processor.py:153} INFO - Started process (PID=6152) to work on /home/lcscarv/projetos/indicium/desafio_5/.venv/lib/python3.8/site-packages/airflow/example_dags/example_trigger_controller_dag.py
[2023-04-28T18:17:24.416-0300] {processor.py:743} INFO - Processing file /home/lcscarv/projetos/indicium/desafio_5/.venv/lib/python3.8/site-packages/airflow/example_dags/example_trigger_controller_dag.py for tasks to queue
[2023-04-28T18:17:24.417-0300] {logging_mixin.py:137} INFO - [2023-04-28T18:17:24.417-0300] {dagbag.py:532} INFO - Filling up the DagBag from /home/lcscarv/projetos/indicium/desafio_5/.venv/lib/python3.8/site-packages/airflow/example_dags/example_trigger_controller_dag.py
[2023-04-28T18:17:24.425-0300] {processor.py:753} INFO - DAG(s) dict_keys(['example_trigger_controller_dag']) retrieved from /home/lcscarv/projetos/indicium/desafio_5/.venv/lib/python3.8/site-packages/airflow/example_dags/example_trigger_controller_dag.py
[2023-04-28T18:17:24.503-0300] {logging_mixin.py:137} INFO - [2023-04-28T18:17:24.503-0300] {dag.py:2705} INFO - Sync 1 DAGs
[2023-04-28T18:17:24.513-0300] {logging_mixin.py:137} INFO - [2023-04-28T18:17:24.513-0300] {dag.py:3452} INFO - Setting next_dagrun for example_trigger_controller_dag to 2021-01-01T00:00:00+00:00, run_after=2021-01-01T00:00:00+00:00
[2023-04-28T18:17:24.557-0300] {processor.py:175} INFO - Processing /home/lcscarv/projetos/indicium/desafio_5/.venv/lib/python3.8/site-packages/airflow/example_dags/example_trigger_controller_dag.py took 0.144 seconds
[2023-04-28T18:18:15.106-0300] {processor.py:153} INFO - Started process (PID=6198) to work on /home/lcscarv/projetos/indicium/desafio_5/.venv/lib/python3.8/site-packages/airflow/example_dags/example_trigger_controller_dag.py
[2023-04-28T18:18:15.107-0300] {processor.py:743} INFO - Processing file /home/lcscarv/projetos/indicium/desafio_5/.venv/lib/python3.8/site-packages/airflow/example_dags/example_trigger_controller_dag.py for tasks to queue
[2023-04-28T18:18:15.108-0300] {logging_mixin.py:137} INFO - [2023-04-28T18:18:15.108-0300] {dagbag.py:532} INFO - Filling up the DagBag from /home/lcscarv/projetos/indicium/desafio_5/.venv/lib/python3.8/site-packages/airflow/example_dags/example_trigger_controller_dag.py
[2023-04-28T18:18:15.115-0300] {processor.py:753} INFO - DAG(s) dict_keys(['example_trigger_controller_dag']) retrieved from /home/lcscarv/projetos/indicium/desafio_5/.venv/lib/python3.8/site-packages/airflow/example_dags/example_trigger_controller_dag.py
[2023-04-28T18:18:15.128-0300] {logging_mixin.py:137} INFO - [2023-04-28T18:18:15.128-0300] {dag.py:2705} INFO - Sync 1 DAGs
[2023-04-28T18:18:15.139-0300] {logging_mixin.py:137} INFO - [2023-04-28T18:18:15.139-0300] {dag.py:3452} INFO - Setting next_dagrun for example_trigger_controller_dag to 2021-01-01T00:00:00+00:00, run_after=2021-01-01T00:00:00+00:00
[2023-04-28T18:18:15.172-0300] {processor.py:175} INFO - Processing /home/lcscarv/projetos/indicium/desafio_5/.venv/lib/python3.8/site-packages/airflow/example_dags/example_trigger_controller_dag.py took 0.068 seconds
[2023-04-28T18:18:57.652-0300] {processor.py:153} INFO - Started process (PID=6239) to work on /home/lcscarv/projetos/indicium/desafio_5/.venv/lib/python3.8/site-packages/airflow/example_dags/example_trigger_controller_dag.py
[2023-04-28T18:18:57.653-0300] {processor.py:743} INFO - Processing file /home/lcscarv/projetos/indicium/desafio_5/.venv/lib/python3.8/site-packages/airflow/example_dags/example_trigger_controller_dag.py for tasks to queue
[2023-04-28T18:18:57.653-0300] {logging_mixin.py:137} INFO - [2023-04-28T18:18:57.653-0300] {dagbag.py:532} INFO - Filling up the DagBag from /home/lcscarv/projetos/indicium/desafio_5/.venv/lib/python3.8/site-packages/airflow/example_dags/example_trigger_controller_dag.py
[2023-04-28T18:18:57.660-0300] {processor.py:753} INFO - DAG(s) dict_keys(['example_trigger_controller_dag']) retrieved from /home/lcscarv/projetos/indicium/desafio_5/.venv/lib/python3.8/site-packages/airflow/example_dags/example_trigger_controller_dag.py
[2023-04-28T18:18:57.675-0300] {logging_mixin.py:137} INFO - [2023-04-28T18:18:57.675-0300] {dag.py:2705} INFO - Sync 1 DAGs
[2023-04-28T18:18:57.689-0300] {logging_mixin.py:137} INFO - [2023-04-28T18:18:57.688-0300] {dag.py:3452} INFO - Setting next_dagrun for example_trigger_controller_dag to 2021-01-01T00:00:00+00:00, run_after=2021-01-01T00:00:00+00:00
[2023-04-28T18:18:57.750-0300] {processor.py:175} INFO - Processing /home/lcscarv/projetos/indicium/desafio_5/.venv/lib/python3.8/site-packages/airflow/example_dags/example_trigger_controller_dag.py took 0.101 seconds
[2023-04-28T18:19:45.180-0300] {processor.py:153} INFO - Started process (PID=6283) to work on /home/lcscarv/projetos/indicium/desafio_5/.venv/lib/python3.8/site-packages/airflow/example_dags/example_trigger_controller_dag.py
[2023-04-28T18:19:45.182-0300] {processor.py:743} INFO - Processing file /home/lcscarv/projetos/indicium/desafio_5/.venv/lib/python3.8/site-packages/airflow/example_dags/example_trigger_controller_dag.py for tasks to queue
[2023-04-28T18:19:45.182-0300] {logging_mixin.py:137} INFO - [2023-04-28T18:19:45.182-0300] {dagbag.py:532} INFO - Filling up the DagBag from /home/lcscarv/projetos/indicium/desafio_5/.venv/lib/python3.8/site-packages/airflow/example_dags/example_trigger_controller_dag.py
[2023-04-28T18:19:45.190-0300] {processor.py:753} INFO - DAG(s) dict_keys(['example_trigger_controller_dag']) retrieved from /home/lcscarv/projetos/indicium/desafio_5/.venv/lib/python3.8/site-packages/airflow/example_dags/example_trigger_controller_dag.py
[2023-04-28T18:19:45.203-0300] {logging_mixin.py:137} INFO - [2023-04-28T18:19:45.203-0300] {dag.py:2705} INFO - Sync 1 DAGs
[2023-04-28T18:19:45.215-0300] {logging_mixin.py:137} INFO - [2023-04-28T18:19:45.215-0300] {dag.py:3452} INFO - Setting next_dagrun for example_trigger_controller_dag to 2021-01-01T00:00:00+00:00, run_after=2021-01-01T00:00:00+00:00
[2023-04-28T18:19:45.633-0300] {processor.py:175} INFO - Processing /home/lcscarv/projetos/indicium/desafio_5/.venv/lib/python3.8/site-packages/airflow/example_dags/example_trigger_controller_dag.py took 0.456 seconds
[2023-04-28T18:20:36.989-0300] {processor.py:153} INFO - Started process (PID=6381) to work on /home/lcscarv/projetos/indicium/desafio_5/.venv/lib/python3.8/site-packages/airflow/example_dags/example_trigger_controller_dag.py
[2023-04-28T18:20:37.014-0300] {processor.py:743} INFO - Processing file /home/lcscarv/projetos/indicium/desafio_5/.venv/lib/python3.8/site-packages/airflow/example_dags/example_trigger_controller_dag.py for tasks to queue
[2023-04-28T18:20:37.015-0300] {logging_mixin.py:137} INFO - [2023-04-28T18:20:37.015-0300] {dagbag.py:532} INFO - Filling up the DagBag from /home/lcscarv/projetos/indicium/desafio_5/.venv/lib/python3.8/site-packages/airflow/example_dags/example_trigger_controller_dag.py
[2023-04-28T18:20:37.025-0300] {processor.py:753} INFO - DAG(s) dict_keys(['example_trigger_controller_dag']) retrieved from /home/lcscarv/projetos/indicium/desafio_5/.venv/lib/python3.8/site-packages/airflow/example_dags/example_trigger_controller_dag.py
[2023-04-28T18:20:37.040-0300] {logging_mixin.py:137} INFO - [2023-04-28T18:20:37.040-0300] {dag.py:2705} INFO - Sync 1 DAGs
[2023-04-28T18:20:37.112-0300] {logging_mixin.py:137} INFO - [2023-04-28T18:20:37.112-0300] {dag.py:3452} INFO - Setting next_dagrun for example_trigger_controller_dag to 2021-01-01T00:00:00+00:00, run_after=2021-01-01T00:00:00+00:00
[2023-04-28T18:20:37.174-0300] {processor.py:175} INFO - Processing /home/lcscarv/projetos/indicium/desafio_5/.venv/lib/python3.8/site-packages/airflow/example_dags/example_trigger_controller_dag.py took 0.187 seconds
[2023-04-28T18:21:24.387-0300] {processor.py:153} INFO - Started process (PID=6425) to work on /home/lcscarv/projetos/indicium/desafio_5/.venv/lib/python3.8/site-packages/airflow/example_dags/example_trigger_controller_dag.py
[2023-04-28T18:21:24.389-0300] {processor.py:743} INFO - Processing file /home/lcscarv/projetos/indicium/desafio_5/.venv/lib/python3.8/site-packages/airflow/example_dags/example_trigger_controller_dag.py for tasks to queue
[2023-04-28T18:21:24.389-0300] {logging_mixin.py:137} INFO - [2023-04-28T18:21:24.389-0300] {dagbag.py:532} INFO - Filling up the DagBag from /home/lcscarv/projetos/indicium/desafio_5/.venv/lib/python3.8/site-packages/airflow/example_dags/example_trigger_controller_dag.py
[2023-04-28T18:21:24.397-0300] {processor.py:753} INFO - DAG(s) dict_keys(['example_trigger_controller_dag']) retrieved from /home/lcscarv/projetos/indicium/desafio_5/.venv/lib/python3.8/site-packages/airflow/example_dags/example_trigger_controller_dag.py
[2023-04-28T18:21:24.474-0300] {logging_mixin.py:137} INFO - [2023-04-28T18:21:24.473-0300] {dag.py:2705} INFO - Sync 1 DAGs
[2023-04-28T18:21:24.487-0300] {logging_mixin.py:137} INFO - [2023-04-28T18:21:24.486-0300] {dag.py:3452} INFO - Setting next_dagrun for example_trigger_controller_dag to 2021-01-01T00:00:00+00:00, run_after=2021-01-01T00:00:00+00:00
[2023-04-28T18:21:24.505-0300] {processor.py:175} INFO - Processing /home/lcscarv/projetos/indicium/desafio_5/.venv/lib/python3.8/site-packages/airflow/example_dags/example_trigger_controller_dag.py took 0.119 seconds
