[2023-04-28T18:00:14.700-0300] {processor.py:153} INFO - Started process (PID=4438) to work on /home/lcscarv/projetos/indicium/desafio_5/.venv/lib/python3.8/site-packages/airflow/example_dags/example_params_ui_tutorial.py
[2023-04-28T18:00:14.702-0300] {processor.py:743} INFO - Processing file /home/lcscarv/projetos/indicium/desafio_5/.venv/lib/python3.8/site-packages/airflow/example_dags/example_params_ui_tutorial.py for tasks to queue
[2023-04-28T18:00:14.703-0300] {logging_mixin.py:137} INFO - [2023-04-28T18:00:14.702-0300] {dagbag.py:532} INFO - Filling up the DagBag from /home/lcscarv/projetos/indicium/desafio_5/.venv/lib/python3.8/site-packages/airflow/example_dags/example_params_ui_tutorial.py
[2023-04-28T18:00:14.840-0300] {processor.py:753} INFO - DAG(s) dict_keys(['example_params_ui_tutorial']) retrieved from /home/lcscarv/projetos/indicium/desafio_5/.venv/lib/python3.8/site-packages/airflow/example_dags/example_params_ui_tutorial.py
[2023-04-28T18:00:14.851-0300] {logging_mixin.py:137} INFO - [2023-04-28T18:00:14.850-0300] {dag.py:2705} INFO - Sync 1 DAGs
[2023-04-28T18:00:14.917-0300] {logging_mixin.py:137} INFO - [2023-04-28T18:00:14.916-0300] {dag.py:3452} INFO - Setting next_dagrun for example_params_ui_tutorial to None, run_after=None
[2023-04-28T18:00:14.978-0300] {processor.py:175} INFO - Processing /home/lcscarv/projetos/indicium/desafio_5/.venv/lib/python3.8/site-packages/airflow/example_dags/example_params_ui_tutorial.py took 0.283 seconds
[2023-04-28T18:00:58.187-0300] {processor.py:153} INFO - Started process (PID=4625) to work on /home/lcscarv/projetos/indicium/desafio_5/.venv/lib/python3.8/site-packages/airflow/example_dags/example_params_ui_tutorial.py
[2023-04-28T18:00:58.188-0300] {processor.py:743} INFO - Processing file /home/lcscarv/projetos/indicium/desafio_5/.venv/lib/python3.8/site-packages/airflow/example_dags/example_params_ui_tutorial.py for tasks to queue
[2023-04-28T18:00:58.189-0300] {logging_mixin.py:137} INFO - [2023-04-28T18:00:58.189-0300] {dagbag.py:532} INFO - Filling up the DagBag from /home/lcscarv/projetos/indicium/desafio_5/.venv/lib/python3.8/site-packages/airflow/example_dags/example_params_ui_tutorial.py
[2023-04-28T18:00:58.242-0300] {processor.py:753} INFO - DAG(s) dict_keys(['example_params_ui_tutorial']) retrieved from /home/lcscarv/projetos/indicium/desafio_5/.venv/lib/python3.8/site-packages/airflow/example_dags/example_params_ui_tutorial.py
[2023-04-28T18:00:58.295-0300] {logging_mixin.py:137} INFO - [2023-04-28T18:00:58.294-0300] {dag.py:2705} INFO - Sync 1 DAGs
[2023-04-28T18:00:58.314-0300] {logging_mixin.py:137} INFO - [2023-04-28T18:00:58.313-0300] {dag.py:3452} INFO - Setting next_dagrun for example_params_ui_tutorial to None, run_after=None
[2023-04-28T18:00:58.338-0300] {processor.py:175} INFO - Processing /home/lcscarv/projetos/indicium/desafio_5/.venv/lib/python3.8/site-packages/airflow/example_dags/example_params_ui_tutorial.py took 0.154 seconds
[2023-04-28T18:01:38.424-0300] {processor.py:153} INFO - Started process (PID=4662) to work on /home/lcscarv/projetos/indicium/desafio_5/.venv/lib/python3.8/site-packages/airflow/example_dags/example_params_ui_tutorial.py
[2023-04-28T18:01:38.425-0300] {processor.py:743} INFO - Processing file /home/lcscarv/projetos/indicium/desafio_5/.venv/lib/python3.8/site-packages/airflow/example_dags/example_params_ui_tutorial.py for tasks to queue
[2023-04-28T18:01:38.426-0300] {logging_mixin.py:137} INFO - [2023-04-28T18:01:38.426-0300] {dagbag.py:532} INFO - Filling up the DagBag from /home/lcscarv/projetos/indicium/desafio_5/.venv/lib/python3.8/site-packages/airflow/example_dags/example_params_ui_tutorial.py
[2023-04-28T18:01:38.464-0300] {processor.py:753} INFO - DAG(s) dict_keys(['example_params_ui_tutorial']) retrieved from /home/lcscarv/projetos/indicium/desafio_5/.venv/lib/python3.8/site-packages/airflow/example_dags/example_params_ui_tutorial.py
[2023-04-28T18:01:38.506-0300] {logging_mixin.py:137} INFO - [2023-04-28T18:01:38.506-0300] {dag.py:2705} INFO - Sync 1 DAGs
[2023-04-28T18:01:38.525-0300] {logging_mixin.py:137} INFO - [2023-04-28T18:01:38.525-0300] {dag.py:3452} INFO - Setting next_dagrun for example_params_ui_tutorial to None, run_after=None
[2023-04-28T18:01:38.552-0300] {processor.py:175} INFO - Processing /home/lcscarv/projetos/indicium/desafio_5/.venv/lib/python3.8/site-packages/airflow/example_dags/example_params_ui_tutorial.py took 0.129 seconds
[2023-04-28T18:02:18.720-0300] {processor.py:153} INFO - Started process (PID=4743) to work on /home/lcscarv/projetos/indicium/desafio_5/.venv/lib/python3.8/site-packages/airflow/example_dags/example_params_ui_tutorial.py
[2023-04-28T18:02:18.724-0300] {processor.py:743} INFO - Processing file /home/lcscarv/projetos/indicium/desafio_5/.venv/lib/python3.8/site-packages/airflow/example_dags/example_params_ui_tutorial.py for tasks to queue
[2023-04-28T18:02:18.725-0300] {logging_mixin.py:137} INFO - [2023-04-28T18:02:18.725-0300] {dagbag.py:532} INFO - Filling up the DagBag from /home/lcscarv/projetos/indicium/desafio_5/.venv/lib/python3.8/site-packages/airflow/example_dags/example_params_ui_tutorial.py
[2023-04-28T18:02:19.714-0300] {processor.py:753} INFO - DAG(s) dict_keys(['example_params_ui_tutorial']) retrieved from /home/lcscarv/projetos/indicium/desafio_5/.venv/lib/python3.8/site-packages/airflow/example_dags/example_params_ui_tutorial.py
[2023-04-28T18:02:20.154-0300] {logging_mixin.py:137} INFO - [2023-04-28T18:02:20.154-0300] {dag.py:2705} INFO - Sync 1 DAGs
[2023-04-28T18:02:20.274-0300] {logging_mixin.py:137} INFO - [2023-04-28T18:02:20.273-0300] {dag.py:3452} INFO - Setting next_dagrun for example_params_ui_tutorial to None, run_after=None
[2023-04-28T18:02:20.358-0300] {processor.py:175} INFO - Processing /home/lcscarv/projetos/indicium/desafio_5/.venv/lib/python3.8/site-packages/airflow/example_dags/example_params_ui_tutorial.py took 1.644 seconds
[2023-04-28T18:03:08.711-0300] {processor.py:153} INFO - Started process (PID=4835) to work on /home/lcscarv/projetos/indicium/desafio_5/.venv/lib/python3.8/site-packages/airflow/example_dags/example_params_ui_tutorial.py
[2023-04-28T18:03:08.712-0300] {processor.py:743} INFO - Processing file /home/lcscarv/projetos/indicium/desafio_5/.venv/lib/python3.8/site-packages/airflow/example_dags/example_params_ui_tutorial.py for tasks to queue
[2023-04-28T18:03:08.713-0300] {logging_mixin.py:137} INFO - [2023-04-28T18:03:08.713-0300] {dagbag.py:532} INFO - Filling up the DagBag from /home/lcscarv/projetos/indicium/desafio_5/.venv/lib/python3.8/site-packages/airflow/example_dags/example_params_ui_tutorial.py
[2023-04-28T18:03:08.751-0300] {processor.py:753} INFO - DAG(s) dict_keys(['example_params_ui_tutorial']) retrieved from /home/lcscarv/projetos/indicium/desafio_5/.venv/lib/python3.8/site-packages/airflow/example_dags/example_params_ui_tutorial.py
[2023-04-28T18:03:08.794-0300] {logging_mixin.py:137} INFO - [2023-04-28T18:03:08.794-0300] {dag.py:2705} INFO - Sync 1 DAGs
[2023-04-28T18:03:08.806-0300] {logging_mixin.py:137} INFO - [2023-04-28T18:03:08.805-0300] {dag.py:3452} INFO - Setting next_dagrun for example_params_ui_tutorial to None, run_after=None
[2023-04-28T18:03:08.823-0300] {processor.py:175} INFO - Processing /home/lcscarv/projetos/indicium/desafio_5/.venv/lib/python3.8/site-packages/airflow/example_dags/example_params_ui_tutorial.py took 0.114 seconds
[2023-04-28T18:03:53.344-0300] {processor.py:153} INFO - Started process (PID=4877) to work on /home/lcscarv/projetos/indicium/desafio_5/.venv/lib/python3.8/site-packages/airflow/example_dags/example_params_ui_tutorial.py
[2023-04-28T18:03:53.345-0300] {processor.py:743} INFO - Processing file /home/lcscarv/projetos/indicium/desafio_5/.venv/lib/python3.8/site-packages/airflow/example_dags/example_params_ui_tutorial.py for tasks to queue
[2023-04-28T18:03:53.345-0300] {logging_mixin.py:137} INFO - [2023-04-28T18:03:53.345-0300] {dagbag.py:532} INFO - Filling up the DagBag from /home/lcscarv/projetos/indicium/desafio_5/.venv/lib/python3.8/site-packages/airflow/example_dags/example_params_ui_tutorial.py
[2023-04-28T18:03:53.382-0300] {processor.py:753} INFO - DAG(s) dict_keys(['example_params_ui_tutorial']) retrieved from /home/lcscarv/projetos/indicium/desafio_5/.venv/lib/python3.8/site-packages/airflow/example_dags/example_params_ui_tutorial.py
[2023-04-28T18:03:53.424-0300] {logging_mixin.py:137} INFO - [2023-04-28T18:03:53.424-0300] {dag.py:2705} INFO - Sync 1 DAGs
[2023-04-28T18:03:53.437-0300] {logging_mixin.py:137} INFO - [2023-04-28T18:03:53.437-0300] {dag.py:3452} INFO - Setting next_dagrun for example_params_ui_tutorial to None, run_after=None
[2023-04-28T18:03:53.453-0300] {processor.py:175} INFO - Processing /home/lcscarv/projetos/indicium/desafio_5/.venv/lib/python3.8/site-packages/airflow/example_dags/example_params_ui_tutorial.py took 0.111 seconds
[2023-04-28T18:04:29.128-0300] {processor.py:153} INFO - Started process (PID=4916) to work on /home/lcscarv/projetos/indicium/desafio_5/.venv/lib/python3.8/site-packages/airflow/example_dags/example_params_ui_tutorial.py
[2023-04-28T18:04:29.131-0300] {processor.py:743} INFO - Processing file /home/lcscarv/projetos/indicium/desafio_5/.venv/lib/python3.8/site-packages/airflow/example_dags/example_params_ui_tutorial.py for tasks to queue
[2023-04-28T18:04:29.132-0300] {logging_mixin.py:137} INFO - [2023-04-28T18:04:29.131-0300] {dagbag.py:532} INFO - Filling up the DagBag from /home/lcscarv/projetos/indicium/desafio_5/.venv/lib/python3.8/site-packages/airflow/example_dags/example_params_ui_tutorial.py
[2023-04-28T18:04:29.167-0300] {processor.py:753} INFO - DAG(s) dict_keys(['example_params_ui_tutorial']) retrieved from /home/lcscarv/projetos/indicium/desafio_5/.venv/lib/python3.8/site-packages/airflow/example_dags/example_params_ui_tutorial.py
[2023-04-28T18:04:29.209-0300] {logging_mixin.py:137} INFO - [2023-04-28T18:04:29.209-0300] {dag.py:2705} INFO - Sync 1 DAGs
[2023-04-28T18:04:29.222-0300] {logging_mixin.py:137} INFO - [2023-04-28T18:04:29.222-0300] {dag.py:3452} INFO - Setting next_dagrun for example_params_ui_tutorial to None, run_after=None
[2023-04-28T18:04:29.242-0300] {processor.py:175} INFO - Processing /home/lcscarv/projetos/indicium/desafio_5/.venv/lib/python3.8/site-packages/airflow/example_dags/example_params_ui_tutorial.py took 0.117 seconds
[2023-04-28T18:05:04.353-0300] {processor.py:153} INFO - Started process (PID=5000) to work on /home/lcscarv/projetos/indicium/desafio_5/.venv/lib/python3.8/site-packages/airflow/example_dags/example_params_ui_tutorial.py
[2023-04-28T18:05:04.354-0300] {processor.py:743} INFO - Processing file /home/lcscarv/projetos/indicium/desafio_5/.venv/lib/python3.8/site-packages/airflow/example_dags/example_params_ui_tutorial.py for tasks to queue
[2023-04-28T18:05:04.355-0300] {logging_mixin.py:137} INFO - [2023-04-28T18:05:04.355-0300] {dagbag.py:532} INFO - Filling up the DagBag from /home/lcscarv/projetos/indicium/desafio_5/.venv/lib/python3.8/site-packages/airflow/example_dags/example_params_ui_tutorial.py
[2023-04-28T18:05:04.388-0300] {processor.py:753} INFO - DAG(s) dict_keys(['example_params_ui_tutorial']) retrieved from /home/lcscarv/projetos/indicium/desafio_5/.venv/lib/python3.8/site-packages/airflow/example_dags/example_params_ui_tutorial.py
[2023-04-28T18:05:04.426-0300] {logging_mixin.py:137} INFO - [2023-04-28T18:05:04.426-0300] {dag.py:2705} INFO - Sync 1 DAGs
[2023-04-28T18:05:04.440-0300] {logging_mixin.py:137} INFO - [2023-04-28T18:05:04.440-0300] {dag.py:3452} INFO - Setting next_dagrun for example_params_ui_tutorial to None, run_after=None
[2023-04-28T18:05:04.462-0300] {processor.py:175} INFO - Processing /home/lcscarv/projetos/indicium/desafio_5/.venv/lib/python3.8/site-packages/airflow/example_dags/example_params_ui_tutorial.py took 0.111 seconds
[2023-04-28T18:05:43.884-0300] {processor.py:153} INFO - Started process (PID=5092) to work on /home/lcscarv/projetos/indicium/desafio_5/.venv/lib/python3.8/site-packages/airflow/example_dags/example_params_ui_tutorial.py
[2023-04-28T18:05:43.885-0300] {processor.py:743} INFO - Processing file /home/lcscarv/projetos/indicium/desafio_5/.venv/lib/python3.8/site-packages/airflow/example_dags/example_params_ui_tutorial.py for tasks to queue
[2023-04-28T18:05:43.886-0300] {logging_mixin.py:137} INFO - [2023-04-28T18:05:43.886-0300] {dagbag.py:532} INFO - Filling up the DagBag from /home/lcscarv/projetos/indicium/desafio_5/.venv/lib/python3.8/site-packages/airflow/example_dags/example_params_ui_tutorial.py
[2023-04-28T18:05:43.918-0300] {processor.py:753} INFO - DAG(s) dict_keys(['example_params_ui_tutorial']) retrieved from /home/lcscarv/projetos/indicium/desafio_5/.venv/lib/python3.8/site-packages/airflow/example_dags/example_params_ui_tutorial.py
[2023-04-28T18:05:43.960-0300] {logging_mixin.py:137} INFO - [2023-04-28T18:05:43.960-0300] {dag.py:2705} INFO - Sync 1 DAGs
[2023-04-28T18:05:43.972-0300] {logging_mixin.py:137} INFO - [2023-04-28T18:05:43.972-0300] {dag.py:3452} INFO - Setting next_dagrun for example_params_ui_tutorial to None, run_after=None
[2023-04-28T18:05:43.994-0300] {processor.py:175} INFO - Processing /home/lcscarv/projetos/indicium/desafio_5/.venv/lib/python3.8/site-packages/airflow/example_dags/example_params_ui_tutorial.py took 0.112 seconds
[2023-04-28T18:06:25.035-0300] {processor.py:153} INFO - Started process (PID=5134) to work on /home/lcscarv/projetos/indicium/desafio_5/.venv/lib/python3.8/site-packages/airflow/example_dags/example_params_ui_tutorial.py
[2023-04-28T18:06:25.036-0300] {processor.py:743} INFO - Processing file /home/lcscarv/projetos/indicium/desafio_5/.venv/lib/python3.8/site-packages/airflow/example_dags/example_params_ui_tutorial.py for tasks to queue
[2023-04-28T18:06:25.036-0300] {logging_mixin.py:137} INFO - [2023-04-28T18:06:25.036-0300] {dagbag.py:532} INFO - Filling up the DagBag from /home/lcscarv/projetos/indicium/desafio_5/.venv/lib/python3.8/site-packages/airflow/example_dags/example_params_ui_tutorial.py
[2023-04-28T18:06:25.069-0300] {processor.py:753} INFO - DAG(s) dict_keys(['example_params_ui_tutorial']) retrieved from /home/lcscarv/projetos/indicium/desafio_5/.venv/lib/python3.8/site-packages/airflow/example_dags/example_params_ui_tutorial.py
[2023-04-28T18:06:25.116-0300] {logging_mixin.py:137} INFO - [2023-04-28T18:06:25.116-0300] {dag.py:2705} INFO - Sync 1 DAGs
[2023-04-28T18:06:25.128-0300] {logging_mixin.py:137} INFO - [2023-04-28T18:06:25.128-0300] {dag.py:3452} INFO - Setting next_dagrun for example_params_ui_tutorial to None, run_after=None
[2023-04-28T18:06:25.147-0300] {processor.py:175} INFO - Processing /home/lcscarv/projetos/indicium/desafio_5/.venv/lib/python3.8/site-packages/airflow/example_dags/example_params_ui_tutorial.py took 0.114 seconds
[2023-04-28T18:07:09.837-0300] {processor.py:153} INFO - Started process (PID=5170) to work on /home/lcscarv/projetos/indicium/desafio_5/.venv/lib/python3.8/site-packages/airflow/example_dags/example_params_ui_tutorial.py
[2023-04-28T18:07:09.838-0300] {processor.py:743} INFO - Processing file /home/lcscarv/projetos/indicium/desafio_5/.venv/lib/python3.8/site-packages/airflow/example_dags/example_params_ui_tutorial.py for tasks to queue
[2023-04-28T18:07:09.838-0300] {logging_mixin.py:137} INFO - [2023-04-28T18:07:09.838-0300] {dagbag.py:532} INFO - Filling up the DagBag from /home/lcscarv/projetos/indicium/desafio_5/.venv/lib/python3.8/site-packages/airflow/example_dags/example_params_ui_tutorial.py
[2023-04-28T18:07:09.890-0300] {processor.py:753} INFO - DAG(s) dict_keys(['example_params_ui_tutorial']) retrieved from /home/lcscarv/projetos/indicium/desafio_5/.venv/lib/python3.8/site-packages/airflow/example_dags/example_params_ui_tutorial.py
[2023-04-28T18:07:09.939-0300] {logging_mixin.py:137} INFO - [2023-04-28T18:07:09.939-0300] {dag.py:2705} INFO - Sync 1 DAGs
[2023-04-28T18:07:09.955-0300] {logging_mixin.py:137} INFO - [2023-04-28T18:07:09.955-0300] {dag.py:3452} INFO - Setting next_dagrun for example_params_ui_tutorial to None, run_after=None
[2023-04-28T18:07:10.027-0300] {processor.py:175} INFO - Processing /home/lcscarv/projetos/indicium/desafio_5/.venv/lib/python3.8/site-packages/airflow/example_dags/example_params_ui_tutorial.py took 0.192 seconds
[2023-04-28T18:08:02.580-0300] {processor.py:153} INFO - Started process (PID=5364) to work on /home/lcscarv/projetos/indicium/desafio_5/.venv/lib/python3.8/site-packages/airflow/example_dags/example_params_ui_tutorial.py
[2023-04-28T18:08:02.582-0300] {processor.py:743} INFO - Processing file /home/lcscarv/projetos/indicium/desafio_5/.venv/lib/python3.8/site-packages/airflow/example_dags/example_params_ui_tutorial.py for tasks to queue
[2023-04-28T18:08:02.582-0300] {logging_mixin.py:137} INFO - [2023-04-28T18:08:02.582-0300] {dagbag.py:532} INFO - Filling up the DagBag from /home/lcscarv/projetos/indicium/desafio_5/.venv/lib/python3.8/site-packages/airflow/example_dags/example_params_ui_tutorial.py
[2023-04-28T18:08:02.640-0300] {processor.py:753} INFO - DAG(s) dict_keys(['example_params_ui_tutorial']) retrieved from /home/lcscarv/projetos/indicium/desafio_5/.venv/lib/python3.8/site-packages/airflow/example_dags/example_params_ui_tutorial.py
[2023-04-28T18:08:02.688-0300] {logging_mixin.py:137} INFO - [2023-04-28T18:08:02.688-0300] {dag.py:2705} INFO - Sync 1 DAGs
[2023-04-28T18:08:02.704-0300] {logging_mixin.py:137} INFO - [2023-04-28T18:08:02.704-0300] {dag.py:3452} INFO - Setting next_dagrun for example_params_ui_tutorial to None, run_after=None
[2023-04-28T18:08:02.725-0300] {processor.py:175} INFO - Processing /home/lcscarv/projetos/indicium/desafio_5/.venv/lib/python3.8/site-packages/airflow/example_dags/example_params_ui_tutorial.py took 0.148 seconds
[2023-04-28T18:08:43.355-0300] {processor.py:153} INFO - Started process (PID=5402) to work on /home/lcscarv/projetos/indicium/desafio_5/.venv/lib/python3.8/site-packages/airflow/example_dags/example_params_ui_tutorial.py
[2023-04-28T18:08:43.356-0300] {processor.py:743} INFO - Processing file /home/lcscarv/projetos/indicium/desafio_5/.venv/lib/python3.8/site-packages/airflow/example_dags/example_params_ui_tutorial.py for tasks to queue
[2023-04-28T18:08:43.356-0300] {logging_mixin.py:137} INFO - [2023-04-28T18:08:43.356-0300] {dagbag.py:532} INFO - Filling up the DagBag from /home/lcscarv/projetos/indicium/desafio_5/.venv/lib/python3.8/site-packages/airflow/example_dags/example_params_ui_tutorial.py
[2023-04-28T18:08:43.393-0300] {processor.py:753} INFO - DAG(s) dict_keys(['example_params_ui_tutorial']) retrieved from /home/lcscarv/projetos/indicium/desafio_5/.venv/lib/python3.8/site-packages/airflow/example_dags/example_params_ui_tutorial.py
[2023-04-28T18:08:43.436-0300] {logging_mixin.py:137} INFO - [2023-04-28T18:08:43.436-0300] {dag.py:2705} INFO - Sync 1 DAGs
[2023-04-28T18:08:43.449-0300] {logging_mixin.py:137} INFO - [2023-04-28T18:08:43.448-0300] {dag.py:3452} INFO - Setting next_dagrun for example_params_ui_tutorial to None, run_after=None
[2023-04-28T18:08:43.471-0300] {processor.py:175} INFO - Processing /home/lcscarv/projetos/indicium/desafio_5/.venv/lib/python3.8/site-packages/airflow/example_dags/example_params_ui_tutorial.py took 0.118 seconds
[2023-04-28T18:09:30.978-0300] {processor.py:153} INFO - Started process (PID=5496) to work on /home/lcscarv/projetos/indicium/desafio_5/.venv/lib/python3.8/site-packages/airflow/example_dags/example_params_ui_tutorial.py
[2023-04-28T18:09:30.979-0300] {processor.py:743} INFO - Processing file /home/lcscarv/projetos/indicium/desafio_5/.venv/lib/python3.8/site-packages/airflow/example_dags/example_params_ui_tutorial.py for tasks to queue
[2023-04-28T18:09:30.980-0300] {logging_mixin.py:137} INFO - [2023-04-28T18:09:30.980-0300] {dagbag.py:532} INFO - Filling up the DagBag from /home/lcscarv/projetos/indicium/desafio_5/.venv/lib/python3.8/site-packages/airflow/example_dags/example_params_ui_tutorial.py
[2023-04-28T18:09:31.017-0300] {processor.py:753} INFO - DAG(s) dict_keys(['example_params_ui_tutorial']) retrieved from /home/lcscarv/projetos/indicium/desafio_5/.venv/lib/python3.8/site-packages/airflow/example_dags/example_params_ui_tutorial.py
[2023-04-28T18:09:31.061-0300] {logging_mixin.py:137} INFO - [2023-04-28T18:09:31.061-0300] {dag.py:2705} INFO - Sync 1 DAGs
[2023-04-28T18:09:31.076-0300] {logging_mixin.py:137} INFO - [2023-04-28T18:09:31.076-0300] {dag.py:3452} INFO - Setting next_dagrun for example_params_ui_tutorial to None, run_after=None
[2023-04-28T18:09:31.096-0300] {processor.py:175} INFO - Processing /home/lcscarv/projetos/indicium/desafio_5/.venv/lib/python3.8/site-packages/airflow/example_dags/example_params_ui_tutorial.py took 0.121 seconds
[2023-04-28T18:10:21.311-0300] {processor.py:153} INFO - Started process (PID=5642) to work on /home/lcscarv/projetos/indicium/desafio_5/.venv/lib/python3.8/site-packages/airflow/example_dags/example_params_ui_tutorial.py
[2023-04-28T18:10:21.312-0300] {processor.py:743} INFO - Processing file /home/lcscarv/projetos/indicium/desafio_5/.venv/lib/python3.8/site-packages/airflow/example_dags/example_params_ui_tutorial.py for tasks to queue
[2023-04-28T18:10:21.313-0300] {logging_mixin.py:137} INFO - [2023-04-28T18:10:21.312-0300] {dagbag.py:532} INFO - Filling up the DagBag from /home/lcscarv/projetos/indicium/desafio_5/.venv/lib/python3.8/site-packages/airflow/example_dags/example_params_ui_tutorial.py
[2023-04-28T18:10:21.353-0300] {processor.py:753} INFO - DAG(s) dict_keys(['example_params_ui_tutorial']) retrieved from /home/lcscarv/projetos/indicium/desafio_5/.venv/lib/python3.8/site-packages/airflow/example_dags/example_params_ui_tutorial.py
[2023-04-28T18:10:21.397-0300] {logging_mixin.py:137} INFO - [2023-04-28T18:10:21.397-0300] {dag.py:2705} INFO - Sync 1 DAGs
[2023-04-28T18:10:21.412-0300] {logging_mixin.py:137} INFO - [2023-04-28T18:10:21.412-0300] {dag.py:3452} INFO - Setting next_dagrun for example_params_ui_tutorial to None, run_after=None
[2023-04-28T18:10:21.437-0300] {processor.py:175} INFO - Processing /home/lcscarv/projetos/indicium/desafio_5/.venv/lib/python3.8/site-packages/airflow/example_dags/example_params_ui_tutorial.py took 0.128 seconds
[2023-04-28T18:11:01.563-0300] {processor.py:153} INFO - Started process (PID=5675) to work on /home/lcscarv/projetos/indicium/desafio_5/.venv/lib/python3.8/site-packages/airflow/example_dags/example_params_ui_tutorial.py
[2023-04-28T18:11:01.605-0300] {processor.py:743} INFO - Processing file /home/lcscarv/projetos/indicium/desafio_5/.venv/lib/python3.8/site-packages/airflow/example_dags/example_params_ui_tutorial.py for tasks to queue
[2023-04-28T18:11:01.607-0300] {logging_mixin.py:137} INFO - [2023-04-28T18:11:01.606-0300] {dagbag.py:532} INFO - Filling up the DagBag from /home/lcscarv/projetos/indicium/desafio_5/.venv/lib/python3.8/site-packages/airflow/example_dags/example_params_ui_tutorial.py
[2023-04-28T18:11:01.648-0300] {processor.py:753} INFO - DAG(s) dict_keys(['example_params_ui_tutorial']) retrieved from /home/lcscarv/projetos/indicium/desafio_5/.venv/lib/python3.8/site-packages/airflow/example_dags/example_params_ui_tutorial.py
[2023-04-28T18:11:01.687-0300] {logging_mixin.py:137} INFO - [2023-04-28T18:11:01.687-0300] {dag.py:2705} INFO - Sync 1 DAGs
[2023-04-28T18:11:01.698-0300] {logging_mixin.py:137} INFO - [2023-04-28T18:11:01.698-0300] {dag.py:3452} INFO - Setting next_dagrun for example_params_ui_tutorial to None, run_after=None
[2023-04-28T18:11:02.117-0300] {processor.py:175} INFO - Processing /home/lcscarv/projetos/indicium/desafio_5/.venv/lib/python3.8/site-packages/airflow/example_dags/example_params_ui_tutorial.py took 0.555 seconds
[2023-04-28T18:11:37.960-0300] {processor.py:153} INFO - Started process (PID=5812) to work on /home/lcscarv/projetos/indicium/desafio_5/.venv/lib/python3.8/site-packages/airflow/example_dags/example_params_ui_tutorial.py
[2023-04-28T18:11:37.962-0300] {processor.py:743} INFO - Processing file /home/lcscarv/projetos/indicium/desafio_5/.venv/lib/python3.8/site-packages/airflow/example_dags/example_params_ui_tutorial.py for tasks to queue
[2023-04-28T18:11:37.962-0300] {logging_mixin.py:137} INFO - [2023-04-28T18:11:37.962-0300] {dagbag.py:532} INFO - Filling up the DagBag from /home/lcscarv/projetos/indicium/desafio_5/.venv/lib/python3.8/site-packages/airflow/example_dags/example_params_ui_tutorial.py
[2023-04-28T18:11:37.999-0300] {processor.py:753} INFO - DAG(s) dict_keys(['example_params_ui_tutorial']) retrieved from /home/lcscarv/projetos/indicium/desafio_5/.venv/lib/python3.8/site-packages/airflow/example_dags/example_params_ui_tutorial.py
[2023-04-28T18:11:38.042-0300] {logging_mixin.py:137} INFO - [2023-04-28T18:11:38.041-0300] {dag.py:2705} INFO - Sync 1 DAGs
[2023-04-28T18:11:38.054-0300] {logging_mixin.py:137} INFO - [2023-04-28T18:11:38.054-0300] {dag.py:3452} INFO - Setting next_dagrun for example_params_ui_tutorial to None, run_after=None
[2023-04-28T18:11:38.075-0300] {processor.py:175} INFO - Processing /home/lcscarv/projetos/indicium/desafio_5/.venv/lib/python3.8/site-packages/airflow/example_dags/example_params_ui_tutorial.py took 0.117 seconds
[2023-04-28T18:12:12.809-0300] {processor.py:153} INFO - Started process (PID=5843) to work on /home/lcscarv/projetos/indicium/desafio_5/.venv/lib/python3.8/site-packages/airflow/example_dags/example_params_ui_tutorial.py
[2023-04-28T18:12:12.817-0300] {processor.py:743} INFO - Processing file /home/lcscarv/projetos/indicium/desafio_5/.venv/lib/python3.8/site-packages/airflow/example_dags/example_params_ui_tutorial.py for tasks to queue
[2023-04-28T18:12:12.818-0300] {logging_mixin.py:137} INFO - [2023-04-28T18:12:12.818-0300] {dagbag.py:532} INFO - Filling up the DagBag from /home/lcscarv/projetos/indicium/desafio_5/.venv/lib/python3.8/site-packages/airflow/example_dags/example_params_ui_tutorial.py
[2023-04-28T18:12:12.852-0300] {processor.py:753} INFO - DAG(s) dict_keys(['example_params_ui_tutorial']) retrieved from /home/lcscarv/projetos/indicium/desafio_5/.venv/lib/python3.8/site-packages/airflow/example_dags/example_params_ui_tutorial.py
[2023-04-28T18:12:12.891-0300] {logging_mixin.py:137} INFO - [2023-04-28T18:12:12.891-0300] {dag.py:2705} INFO - Sync 1 DAGs
[2023-04-28T18:12:12.902-0300] {logging_mixin.py:137} INFO - [2023-04-28T18:12:12.902-0300] {dag.py:3452} INFO - Setting next_dagrun for example_params_ui_tutorial to None, run_after=None
[2023-04-28T18:12:13.316-0300] {processor.py:175} INFO - Processing /home/lcscarv/projetos/indicium/desafio_5/.venv/lib/python3.8/site-packages/airflow/example_dags/example_params_ui_tutorial.py took 0.510 seconds
[2023-04-28T18:12:58.319-0300] {processor.py:153} INFO - Started process (PID=5874) to work on /home/lcscarv/projetos/indicium/desafio_5/.venv/lib/python3.8/site-packages/airflow/example_dags/example_params_ui_tutorial.py
[2023-04-28T18:12:58.352-0300] {processor.py:743} INFO - Processing file /home/lcscarv/projetos/indicium/desafio_5/.venv/lib/python3.8/site-packages/airflow/example_dags/example_params_ui_tutorial.py for tasks to queue
[2023-04-28T18:12:58.353-0300] {logging_mixin.py:137} INFO - [2023-04-28T18:12:58.353-0300] {dagbag.py:532} INFO - Filling up the DagBag from /home/lcscarv/projetos/indicium/desafio_5/.venv/lib/python3.8/site-packages/airflow/example_dags/example_params_ui_tutorial.py
[2023-04-28T18:12:58.393-0300] {processor.py:753} INFO - DAG(s) dict_keys(['example_params_ui_tutorial']) retrieved from /home/lcscarv/projetos/indicium/desafio_5/.venv/lib/python3.8/site-packages/airflow/example_dags/example_params_ui_tutorial.py
[2023-04-28T18:12:58.434-0300] {logging_mixin.py:137} INFO - [2023-04-28T18:12:58.434-0300] {dag.py:2705} INFO - Sync 1 DAGs
[2023-04-28T18:12:58.448-0300] {logging_mixin.py:137} INFO - [2023-04-28T18:12:58.448-0300] {dag.py:3452} INFO - Setting next_dagrun for example_params_ui_tutorial to None, run_after=None
[2023-04-28T18:12:58.483-0300] {processor.py:175} INFO - Processing /home/lcscarv/projetos/indicium/desafio_5/.venv/lib/python3.8/site-packages/airflow/example_dags/example_params_ui_tutorial.py took 0.167 seconds
[2023-04-28T18:13:42.232-0300] {processor.py:153} INFO - Started process (PID=5915) to work on /home/lcscarv/projetos/indicium/desafio_5/.venv/lib/python3.8/site-packages/airflow/example_dags/example_params_ui_tutorial.py
[2023-04-28T18:13:42.477-0300] {processor.py:743} INFO - Processing file /home/lcscarv/projetos/indicium/desafio_5/.venv/lib/python3.8/site-packages/airflow/example_dags/example_params_ui_tutorial.py for tasks to queue
[2023-04-28T18:13:42.478-0300] {logging_mixin.py:137} INFO - [2023-04-28T18:13:42.478-0300] {dagbag.py:532} INFO - Filling up the DagBag from /home/lcscarv/projetos/indicium/desafio_5/.venv/lib/python3.8/site-packages/airflow/example_dags/example_params_ui_tutorial.py
[2023-04-28T18:13:42.516-0300] {processor.py:753} INFO - DAG(s) dict_keys(['example_params_ui_tutorial']) retrieved from /home/lcscarv/projetos/indicium/desafio_5/.venv/lib/python3.8/site-packages/airflow/example_dags/example_params_ui_tutorial.py
[2023-04-28T18:13:42.556-0300] {logging_mixin.py:137} INFO - [2023-04-28T18:13:42.555-0300] {dag.py:2705} INFO - Sync 1 DAGs
[2023-04-28T18:13:42.568-0300] {logging_mixin.py:137} INFO - [2023-04-28T18:13:42.568-0300] {dag.py:3452} INFO - Setting next_dagrun for example_params_ui_tutorial to None, run_after=None
[2023-04-28T18:13:44.159-0300] {processor.py:175} INFO - Processing /home/lcscarv/projetos/indicium/desafio_5/.venv/lib/python3.8/site-packages/airflow/example_dags/example_params_ui_tutorial.py took 1.929 seconds
[2023-04-28T18:14:22.600-0300] {processor.py:153} INFO - Started process (PID=5945) to work on /home/lcscarv/projetos/indicium/desafio_5/.venv/lib/python3.8/site-packages/airflow/example_dags/example_params_ui_tutorial.py
[2023-04-28T18:14:22.607-0300] {processor.py:743} INFO - Processing file /home/lcscarv/projetos/indicium/desafio_5/.venv/lib/python3.8/site-packages/airflow/example_dags/example_params_ui_tutorial.py for tasks to queue
[2023-04-28T18:14:22.608-0300] {logging_mixin.py:137} INFO - [2023-04-28T18:14:22.608-0300] {dagbag.py:532} INFO - Filling up the DagBag from /home/lcscarv/projetos/indicium/desafio_5/.venv/lib/python3.8/site-packages/airflow/example_dags/example_params_ui_tutorial.py
[2023-04-28T18:14:22.643-0300] {processor.py:753} INFO - DAG(s) dict_keys(['example_params_ui_tutorial']) retrieved from /home/lcscarv/projetos/indicium/desafio_5/.venv/lib/python3.8/site-packages/airflow/example_dags/example_params_ui_tutorial.py
[2023-04-28T18:14:22.683-0300] {logging_mixin.py:137} INFO - [2023-04-28T18:14:22.683-0300] {dag.py:2705} INFO - Sync 1 DAGs
[2023-04-28T18:14:22.755-0300] {logging_mixin.py:137} INFO - [2023-04-28T18:14:22.755-0300] {dag.py:3452} INFO - Setting next_dagrun for example_params_ui_tutorial to None, run_after=None
[2023-04-28T18:14:23.067-0300] {processor.py:175} INFO - Processing /home/lcscarv/projetos/indicium/desafio_5/.venv/lib/python3.8/site-packages/airflow/example_dags/example_params_ui_tutorial.py took 0.469 seconds
[2023-04-28T18:15:04.636-0300] {processor.py:153} INFO - Started process (PID=5981) to work on /home/lcscarv/projetos/indicium/desafio_5/.venv/lib/python3.8/site-packages/airflow/example_dags/example_params_ui_tutorial.py
[2023-04-28T18:15:04.831-0300] {processor.py:743} INFO - Processing file /home/lcscarv/projetos/indicium/desafio_5/.venv/lib/python3.8/site-packages/airflow/example_dags/example_params_ui_tutorial.py for tasks to queue
[2023-04-28T18:15:04.833-0300] {logging_mixin.py:137} INFO - [2023-04-28T18:15:04.833-0300] {dagbag.py:532} INFO - Filling up the DagBag from /home/lcscarv/projetos/indicium/desafio_5/.venv/lib/python3.8/site-packages/airflow/example_dags/example_params_ui_tutorial.py
[2023-04-28T18:15:04.866-0300] {processor.py:753} INFO - DAG(s) dict_keys(['example_params_ui_tutorial']) retrieved from /home/lcscarv/projetos/indicium/desafio_5/.venv/lib/python3.8/site-packages/airflow/example_dags/example_params_ui_tutorial.py
[2023-04-28T18:15:04.905-0300] {logging_mixin.py:137} INFO - [2023-04-28T18:15:04.905-0300] {dag.py:2705} INFO - Sync 1 DAGs
[2023-04-28T18:15:04.976-0300] {logging_mixin.py:137} INFO - [2023-04-28T18:15:04.976-0300] {dag.py:3452} INFO - Setting next_dagrun for example_params_ui_tutorial to None, run_after=None
[2023-04-28T18:15:06.365-0300] {processor.py:175} INFO - Processing /home/lcscarv/projetos/indicium/desafio_5/.venv/lib/python3.8/site-packages/airflow/example_dags/example_params_ui_tutorial.py took 1.731 seconds
[2023-04-28T18:15:44.305-0300] {processor.py:153} INFO - Started process (PID=6066) to work on /home/lcscarv/projetos/indicium/desafio_5/.venv/lib/python3.8/site-packages/airflow/example_dags/example_params_ui_tutorial.py
[2023-04-28T18:15:44.306-0300] {processor.py:743} INFO - Processing file /home/lcscarv/projetos/indicium/desafio_5/.venv/lib/python3.8/site-packages/airflow/example_dags/example_params_ui_tutorial.py for tasks to queue
[2023-04-28T18:15:44.306-0300] {logging_mixin.py:137} INFO - [2023-04-28T18:15:44.306-0300] {dagbag.py:532} INFO - Filling up the DagBag from /home/lcscarv/projetos/indicium/desafio_5/.venv/lib/python3.8/site-packages/airflow/example_dags/example_params_ui_tutorial.py
[2023-04-28T18:15:44.343-0300] {processor.py:753} INFO - DAG(s) dict_keys(['example_params_ui_tutorial']) retrieved from /home/lcscarv/projetos/indicium/desafio_5/.venv/lib/python3.8/site-packages/airflow/example_dags/example_params_ui_tutorial.py
[2023-04-28T18:15:44.448-0300] {logging_mixin.py:137} INFO - [2023-04-28T18:15:44.448-0300] {dag.py:2705} INFO - Sync 1 DAGs
[2023-04-28T18:15:44.459-0300] {logging_mixin.py:137} INFO - [2023-04-28T18:15:44.459-0300] {dag.py:3452} INFO - Setting next_dagrun for example_params_ui_tutorial to None, run_after=None
[2023-04-28T18:15:44.480-0300] {processor.py:175} INFO - Processing /home/lcscarv/projetos/indicium/desafio_5/.venv/lib/python3.8/site-packages/airflow/example_dags/example_params_ui_tutorial.py took 0.177 seconds
[2023-04-28T18:16:21.823-0300] {processor.py:153} INFO - Started process (PID=6098) to work on /home/lcscarv/projetos/indicium/desafio_5/.venv/lib/python3.8/site-packages/airflow/example_dags/example_params_ui_tutorial.py
[2023-04-28T18:16:21.843-0300] {processor.py:743} INFO - Processing file /home/lcscarv/projetos/indicium/desafio_5/.venv/lib/python3.8/site-packages/airflow/example_dags/example_params_ui_tutorial.py for tasks to queue
[2023-04-28T18:16:21.843-0300] {logging_mixin.py:137} INFO - [2023-04-28T18:16:21.843-0300] {dagbag.py:532} INFO - Filling up the DagBag from /home/lcscarv/projetos/indicium/desafio_5/.venv/lib/python3.8/site-packages/airflow/example_dags/example_params_ui_tutorial.py
[2023-04-28T18:16:21.896-0300] {processor.py:753} INFO - DAG(s) dict_keys(['example_params_ui_tutorial']) retrieved from /home/lcscarv/projetos/indicium/desafio_5/.venv/lib/python3.8/site-packages/airflow/example_dags/example_params_ui_tutorial.py
[2023-04-28T18:16:22.020-0300] {logging_mixin.py:137} INFO - [2023-04-28T18:16:22.019-0300] {dag.py:2705} INFO - Sync 1 DAGs
[2023-04-28T18:16:22.031-0300] {logging_mixin.py:137} INFO - [2023-04-28T18:16:22.031-0300] {dag.py:3452} INFO - Setting next_dagrun for example_params_ui_tutorial to None, run_after=None
[2023-04-28T18:16:22.050-0300] {processor.py:175} INFO - Processing /home/lcscarv/projetos/indicium/desafio_5/.venv/lib/python3.8/site-packages/airflow/example_dags/example_params_ui_tutorial.py took 0.229 seconds
[2023-04-28T18:17:00.659-0300] {processor.py:153} INFO - Started process (PID=6131) to work on /home/lcscarv/projetos/indicium/desafio_5/.venv/lib/python3.8/site-packages/airflow/example_dags/example_params_ui_tutorial.py
[2023-04-28T18:17:00.661-0300] {processor.py:743} INFO - Processing file /home/lcscarv/projetos/indicium/desafio_5/.venv/lib/python3.8/site-packages/airflow/example_dags/example_params_ui_tutorial.py for tasks to queue
[2023-04-28T18:17:00.661-0300] {logging_mixin.py:137} INFO - [2023-04-28T18:17:00.661-0300] {dagbag.py:532} INFO - Filling up the DagBag from /home/lcscarv/projetos/indicium/desafio_5/.venv/lib/python3.8/site-packages/airflow/example_dags/example_params_ui_tutorial.py
[2023-04-28T18:17:00.773-0300] {processor.py:753} INFO - DAG(s) dict_keys(['example_params_ui_tutorial']) retrieved from /home/lcscarv/projetos/indicium/desafio_5/.venv/lib/python3.8/site-packages/airflow/example_dags/example_params_ui_tutorial.py
[2023-04-28T18:17:00.810-0300] {logging_mixin.py:137} INFO - [2023-04-28T18:17:00.810-0300] {dag.py:2705} INFO - Sync 1 DAGs
[2023-04-28T18:17:00.821-0300] {logging_mixin.py:137} INFO - [2023-04-28T18:17:00.820-0300] {dag.py:3452} INFO - Setting next_dagrun for example_params_ui_tutorial to None, run_after=None
[2023-04-28T18:17:00.910-0300] {processor.py:175} INFO - Processing /home/lcscarv/projetos/indicium/desafio_5/.venv/lib/python3.8/site-packages/airflow/example_dags/example_params_ui_tutorial.py took 0.252 seconds
[2023-04-28T18:17:39.652-0300] {processor.py:153} INFO - Started process (PID=6165) to work on /home/lcscarv/projetos/indicium/desafio_5/.venv/lib/python3.8/site-packages/airflow/example_dags/example_params_ui_tutorial.py
[2023-04-28T18:17:39.669-0300] {processor.py:743} INFO - Processing file /home/lcscarv/projetos/indicium/desafio_5/.venv/lib/python3.8/site-packages/airflow/example_dags/example_params_ui_tutorial.py for tasks to queue
[2023-04-28T18:17:39.670-0300] {logging_mixin.py:137} INFO - [2023-04-28T18:17:39.670-0300] {dagbag.py:532} INFO - Filling up the DagBag from /home/lcscarv/projetos/indicium/desafio_5/.venv/lib/python3.8/site-packages/airflow/example_dags/example_params_ui_tutorial.py
[2023-04-28T18:17:39.763-0300] {processor.py:753} INFO - DAG(s) dict_keys(['example_params_ui_tutorial']) retrieved from /home/lcscarv/projetos/indicium/desafio_5/.venv/lib/python3.8/site-packages/airflow/example_dags/example_params_ui_tutorial.py
[2023-04-28T18:17:39.803-0300] {logging_mixin.py:137} INFO - [2023-04-28T18:17:39.802-0300] {dag.py:2705} INFO - Sync 1 DAGs
[2023-04-28T18:17:39.814-0300] {logging_mixin.py:137} INFO - [2023-04-28T18:17:39.814-0300] {dag.py:3452} INFO - Setting next_dagrun for example_params_ui_tutorial to None, run_after=None
[2023-04-28T18:17:39.878-0300] {processor.py:175} INFO - Processing /home/lcscarv/projetos/indicium/desafio_5/.venv/lib/python3.8/site-packages/airflow/example_dags/example_params_ui_tutorial.py took 0.229 seconds
[2023-04-28T18:18:14.270-0300] {processor.py:153} INFO - Started process (PID=6197) to work on /home/lcscarv/projetos/indicium/desafio_5/.venv/lib/python3.8/site-packages/airflow/example_dags/example_params_ui_tutorial.py
[2023-04-28T18:18:14.272-0300] {processor.py:743} INFO - Processing file /home/lcscarv/projetos/indicium/desafio_5/.venv/lib/python3.8/site-packages/airflow/example_dags/example_params_ui_tutorial.py for tasks to queue
[2023-04-28T18:18:14.272-0300] {logging_mixin.py:137} INFO - [2023-04-28T18:18:14.272-0300] {dagbag.py:532} INFO - Filling up the DagBag from /home/lcscarv/projetos/indicium/desafio_5/.venv/lib/python3.8/site-packages/airflow/example_dags/example_params_ui_tutorial.py
[2023-04-28T18:18:14.313-0300] {processor.py:753} INFO - DAG(s) dict_keys(['example_params_ui_tutorial']) retrieved from /home/lcscarv/projetos/indicium/desafio_5/.venv/lib/python3.8/site-packages/airflow/example_dags/example_params_ui_tutorial.py
[2023-04-28T18:18:14.354-0300] {logging_mixin.py:137} INFO - [2023-04-28T18:18:14.354-0300] {dag.py:2705} INFO - Sync 1 DAGs
[2023-04-28T18:18:14.426-0300] {logging_mixin.py:137} INFO - [2023-04-28T18:18:14.426-0300] {dag.py:3452} INFO - Setting next_dagrun for example_params_ui_tutorial to None, run_after=None
[2023-04-28T18:18:14.445-0300] {processor.py:175} INFO - Processing /home/lcscarv/projetos/indicium/desafio_5/.venv/lib/python3.8/site-packages/airflow/example_dags/example_params_ui_tutorial.py took 0.178 seconds
[2023-04-28T18:18:57.136-0300] {processor.py:153} INFO - Started process (PID=6238) to work on /home/lcscarv/projetos/indicium/desafio_5/.venv/lib/python3.8/site-packages/airflow/example_dags/example_params_ui_tutorial.py
[2023-04-28T18:18:57.144-0300] {processor.py:743} INFO - Processing file /home/lcscarv/projetos/indicium/desafio_5/.venv/lib/python3.8/site-packages/airflow/example_dags/example_params_ui_tutorial.py for tasks to queue
[2023-04-28T18:18:57.144-0300] {logging_mixin.py:137} INFO - [2023-04-28T18:18:57.144-0300] {dagbag.py:532} INFO - Filling up the DagBag from /home/lcscarv/projetos/indicium/desafio_5/.venv/lib/python3.8/site-packages/airflow/example_dags/example_params_ui_tutorial.py
[2023-04-28T18:18:57.185-0300] {processor.py:753} INFO - DAG(s) dict_keys(['example_params_ui_tutorial']) retrieved from /home/lcscarv/projetos/indicium/desafio_5/.venv/lib/python3.8/site-packages/airflow/example_dags/example_params_ui_tutorial.py
[2023-04-28T18:18:57.240-0300] {logging_mixin.py:137} INFO - [2023-04-28T18:18:57.240-0300] {dag.py:2705} INFO - Sync 1 DAGs
[2023-04-28T18:18:57.332-0300] {logging_mixin.py:137} INFO - [2023-04-28T18:18:57.332-0300] {dag.py:3452} INFO - Setting next_dagrun for example_params_ui_tutorial to None, run_after=None
[2023-04-28T18:18:57.370-0300] {processor.py:175} INFO - Processing /home/lcscarv/projetos/indicium/desafio_5/.venv/lib/python3.8/site-packages/airflow/example_dags/example_params_ui_tutorial.py took 0.237 seconds
[2023-04-28T18:19:42.305-0300] {processor.py:153} INFO - Started process (PID=6281) to work on /home/lcscarv/projetos/indicium/desafio_5/.venv/lib/python3.8/site-packages/airflow/example_dags/example_params_ui_tutorial.py
[2023-04-28T18:19:42.349-0300] {processor.py:743} INFO - Processing file /home/lcscarv/projetos/indicium/desafio_5/.venv/lib/python3.8/site-packages/airflow/example_dags/example_params_ui_tutorial.py for tasks to queue
[2023-04-28T18:19:42.350-0300] {logging_mixin.py:137} INFO - [2023-04-28T18:19:42.350-0300] {dagbag.py:532} INFO - Filling up the DagBag from /home/lcscarv/projetos/indicium/desafio_5/.venv/lib/python3.8/site-packages/airflow/example_dags/example_params_ui_tutorial.py
[2023-04-28T18:19:42.395-0300] {processor.py:753} INFO - DAG(s) dict_keys(['example_params_ui_tutorial']) retrieved from /home/lcscarv/projetos/indicium/desafio_5/.venv/lib/python3.8/site-packages/airflow/example_dags/example_params_ui_tutorial.py
[2023-04-28T18:19:42.491-0300] {logging_mixin.py:137} INFO - [2023-04-28T18:19:42.491-0300] {dag.py:2705} INFO - Sync 1 DAGs
[2023-04-28T18:19:42.503-0300] {logging_mixin.py:137} INFO - [2023-04-28T18:19:42.502-0300] {dag.py:3452} INFO - Setting next_dagrun for example_params_ui_tutorial to None, run_after=None
[2023-04-28T18:19:42.520-0300] {processor.py:175} INFO - Processing /home/lcscarv/projetos/indicium/desafio_5/.venv/lib/python3.8/site-packages/airflow/example_dags/example_params_ui_tutorial.py took 0.218 seconds
[2023-04-28T18:20:29.415-0300] {processor.py:153} INFO - Started process (PID=6374) to work on /home/lcscarv/projetos/indicium/desafio_5/.venv/lib/python3.8/site-packages/airflow/example_dags/example_params_ui_tutorial.py
[2023-04-28T18:20:29.416-0300] {processor.py:743} INFO - Processing file /home/lcscarv/projetos/indicium/desafio_5/.venv/lib/python3.8/site-packages/airflow/example_dags/example_params_ui_tutorial.py for tasks to queue
[2023-04-28T18:20:29.417-0300] {logging_mixin.py:137} INFO - [2023-04-28T18:20:29.417-0300] {dagbag.py:532} INFO - Filling up the DagBag from /home/lcscarv/projetos/indicium/desafio_5/.venv/lib/python3.8/site-packages/airflow/example_dags/example_params_ui_tutorial.py
[2023-04-28T18:20:29.462-0300] {processor.py:753} INFO - DAG(s) dict_keys(['example_params_ui_tutorial']) retrieved from /home/lcscarv/projetos/indicium/desafio_5/.venv/lib/python3.8/site-packages/airflow/example_dags/example_params_ui_tutorial.py
[2023-04-28T18:20:29.580-0300] {logging_mixin.py:137} INFO - [2023-04-28T18:20:29.580-0300] {dag.py:2705} INFO - Sync 1 DAGs
[2023-04-28T18:20:29.611-0300] {logging_mixin.py:137} INFO - [2023-04-28T18:20:29.611-0300] {dag.py:3452} INFO - Setting next_dagrun for example_params_ui_tutorial to None, run_after=None
[2023-04-28T18:20:29.648-0300] {processor.py:175} INFO - Processing /home/lcscarv/projetos/indicium/desafio_5/.venv/lib/python3.8/site-packages/airflow/example_dags/example_params_ui_tutorial.py took 0.236 seconds
[2023-04-28T18:21:02.046-0300] {processor.py:153} INFO - Started process (PID=6404) to work on /home/lcscarv/projetos/indicium/desafio_5/.venv/lib/python3.8/site-packages/airflow/example_dags/example_params_ui_tutorial.py
[2023-04-28T18:21:02.046-0300] {processor.py:743} INFO - Processing file /home/lcscarv/projetos/indicium/desafio_5/.venv/lib/python3.8/site-packages/airflow/example_dags/example_params_ui_tutorial.py for tasks to queue
[2023-04-28T18:21:02.047-0300] {logging_mixin.py:137} INFO - [2023-04-28T18:21:02.047-0300] {dagbag.py:532} INFO - Filling up the DagBag from /home/lcscarv/projetos/indicium/desafio_5/.venv/lib/python3.8/site-packages/airflow/example_dags/example_params_ui_tutorial.py
[2023-04-28T18:21:02.185-0300] {processor.py:753} INFO - DAG(s) dict_keys(['example_params_ui_tutorial']) retrieved from /home/lcscarv/projetos/indicium/desafio_5/.venv/lib/python3.8/site-packages/airflow/example_dags/example_params_ui_tutorial.py
[2023-04-28T18:21:02.250-0300] {logging_mixin.py:137} INFO - [2023-04-28T18:21:02.250-0300] {dag.py:2705} INFO - Sync 1 DAGs
[2023-04-28T18:21:02.268-0300] {logging_mixin.py:137} INFO - [2023-04-28T18:21:02.267-0300] {dag.py:3452} INFO - Setting next_dagrun for example_params_ui_tutorial to None, run_after=None
[2023-04-28T18:21:02.288-0300] {processor.py:175} INFO - Processing /home/lcscarv/projetos/indicium/desafio_5/.venv/lib/python3.8/site-packages/airflow/example_dags/example_params_ui_tutorial.py took 0.245 seconds
[2023-04-28T18:21:39.472-0300] {processor.py:153} INFO - Started process (PID=6435) to work on /home/lcscarv/projetos/indicium/desafio_5/.venv/lib/python3.8/site-packages/airflow/example_dags/example_params_ui_tutorial.py
[2023-04-28T18:21:39.474-0300] {processor.py:743} INFO - Processing file /home/lcscarv/projetos/indicium/desafio_5/.venv/lib/python3.8/site-packages/airflow/example_dags/example_params_ui_tutorial.py for tasks to queue
[2023-04-28T18:21:39.475-0300] {logging_mixin.py:137} INFO - [2023-04-28T18:21:39.475-0300] {dagbag.py:532} INFO - Filling up the DagBag from /home/lcscarv/projetos/indicium/desafio_5/.venv/lib/python3.8/site-packages/airflow/example_dags/example_params_ui_tutorial.py
[2023-04-28T18:21:39.694-0300] {processor.py:753} INFO - DAG(s) dict_keys(['example_params_ui_tutorial']) retrieved from /home/lcscarv/projetos/indicium/desafio_5/.venv/lib/python3.8/site-packages/airflow/example_dags/example_params_ui_tutorial.py
[2023-04-28T18:21:39.791-0300] {logging_mixin.py:137} INFO - [2023-04-28T18:21:39.790-0300] {dag.py:2705} INFO - Sync 1 DAGs
[2023-04-28T18:21:39.829-0300] {logging_mixin.py:137} INFO - [2023-04-28T18:21:39.829-0300] {dag.py:3452} INFO - Setting next_dagrun for example_params_ui_tutorial to None, run_after=None
[2023-04-28T18:21:39.864-0300] {processor.py:175} INFO - Processing /home/lcscarv/projetos/indicium/desafio_5/.venv/lib/python3.8/site-packages/airflow/example_dags/example_params_ui_tutorial.py took 0.395 seconds
