[2023-04-28T18:00:41.294-0300] {processor.py:153} INFO - Started process (PID=4608) to work on /home/lcscarv/projetos/indicium/desafio_5/.venv/lib/python3.8/site-packages/airflow/example_dags/example_kubernetes_executor.py
[2023-04-28T18:00:41.295-0300] {processor.py:743} INFO - Processing file /home/lcscarv/projetos/indicium/desafio_5/.venv/lib/python3.8/site-packages/airflow/example_dags/example_kubernetes_executor.py for tasks to queue
[2023-04-28T18:00:41.295-0300] {logging_mixin.py:137} INFO - [2023-04-28T18:00:41.295-0300] {dagbag.py:532} INFO - Filling up the DagBag from /home/lcscarv/projetos/indicium/desafio_5/.venv/lib/python3.8/site-packages/airflow/example_dags/example_kubernetes_executor.py
[2023-04-28T18:00:41.305-0300] {logging_mixin.py:137} INFO - [2023-04-28T18:00:41.305-0300] {example_kubernetes_executor.py:41} WARNING - The example_kubernetes_executor example DAG requires the kubernetes provider. Please install it with: pip install apache-airflow[cncf.kubernetes]
[2023-04-28T18:00:41.305-0300] {processor.py:755} WARNING - No viable dags retrieved from /home/lcscarv/projetos/indicium/desafio_5/.venv/lib/python3.8/site-packages/airflow/example_dags/example_kubernetes_executor.py
[2023-04-28T18:00:41.310-0300] {processor.py:175} INFO - Processing /home/lcscarv/projetos/indicium/desafio_5/.venv/lib/python3.8/site-packages/airflow/example_dags/example_kubernetes_executor.py took 0.018 seconds
[2023-04-28T18:01:22.757-0300] {processor.py:153} INFO - Started process (PID=4650) to work on /home/lcscarv/projetos/indicium/desafio_5/.venv/lib/python3.8/site-packages/airflow/example_dags/example_kubernetes_executor.py
[2023-04-28T18:01:22.758-0300] {processor.py:743} INFO - Processing file /home/lcscarv/projetos/indicium/desafio_5/.venv/lib/python3.8/site-packages/airflow/example_dags/example_kubernetes_executor.py for tasks to queue
[2023-04-28T18:01:22.759-0300] {logging_mixin.py:137} INFO - [2023-04-28T18:01:22.759-0300] {dagbag.py:532} INFO - Filling up the DagBag from /home/lcscarv/projetos/indicium/desafio_5/.venv/lib/python3.8/site-packages/airflow/example_dags/example_kubernetes_executor.py
[2023-04-28T18:01:22.770-0300] {logging_mixin.py:137} INFO - [2023-04-28T18:01:22.770-0300] {example_kubernetes_executor.py:41} WARNING - The example_kubernetes_executor example DAG requires the kubernetes provider. Please install it with: pip install apache-airflow[cncf.kubernetes]
[2023-04-28T18:01:22.770-0300] {processor.py:755} WARNING - No viable dags retrieved from /home/lcscarv/projetos/indicium/desafio_5/.venv/lib/python3.8/site-packages/airflow/example_dags/example_kubernetes_executor.py
[2023-04-28T18:01:22.778-0300] {processor.py:175} INFO - Processing /home/lcscarv/projetos/indicium/desafio_5/.venv/lib/python3.8/site-packages/airflow/example_dags/example_kubernetes_executor.py took 0.022 seconds
[2023-04-28T18:02:32.028-0300] {processor.py:153} INFO - Started process (PID=4753) to work on /home/lcscarv/projetos/indicium/desafio_5/.venv/lib/python3.8/site-packages/airflow/example_dags/example_kubernetes_executor.py
[2023-04-28T18:02:32.030-0300] {processor.py:743} INFO - Processing file /home/lcscarv/projetos/indicium/desafio_5/.venv/lib/python3.8/site-packages/airflow/example_dags/example_kubernetes_executor.py for tasks to queue
[2023-04-28T18:02:32.030-0300] {logging_mixin.py:137} INFO - [2023-04-28T18:02:32.030-0300] {dagbag.py:532} INFO - Filling up the DagBag from /home/lcscarv/projetos/indicium/desafio_5/.venv/lib/python3.8/site-packages/airflow/example_dags/example_kubernetes_executor.py
[2023-04-28T18:02:32.041-0300] {logging_mixin.py:137} INFO - [2023-04-28T18:02:32.041-0300] {example_kubernetes_executor.py:41} WARNING - The example_kubernetes_executor example DAG requires the kubernetes provider. Please install it with: pip install apache-airflow[cncf.kubernetes]
[2023-04-28T18:02:32.041-0300] {processor.py:755} WARNING - No viable dags retrieved from /home/lcscarv/projetos/indicium/desafio_5/.venv/lib/python3.8/site-packages/airflow/example_dags/example_kubernetes_executor.py
[2023-04-28T18:02:32.050-0300] {processor.py:175} INFO - Processing /home/lcscarv/projetos/indicium/desafio_5/.venv/lib/python3.8/site-packages/airflow/example_dags/example_kubernetes_executor.py took 0.023 seconds
[2023-04-28T18:03:20.233-0300] {processor.py:153} INFO - Started process (PID=4846) to work on /home/lcscarv/projetos/indicium/desafio_5/.venv/lib/python3.8/site-packages/airflow/example_dags/example_kubernetes_executor.py
[2023-04-28T18:03:20.234-0300] {processor.py:743} INFO - Processing file /home/lcscarv/projetos/indicium/desafio_5/.venv/lib/python3.8/site-packages/airflow/example_dags/example_kubernetes_executor.py for tasks to queue
[2023-04-28T18:03:20.235-0300] {logging_mixin.py:137} INFO - [2023-04-28T18:03:20.235-0300] {dagbag.py:532} INFO - Filling up the DagBag from /home/lcscarv/projetos/indicium/desafio_5/.venv/lib/python3.8/site-packages/airflow/example_dags/example_kubernetes_executor.py
[2023-04-28T18:03:20.247-0300] {logging_mixin.py:137} INFO - [2023-04-28T18:03:20.247-0300] {example_kubernetes_executor.py:41} WARNING - The example_kubernetes_executor example DAG requires the kubernetes provider. Please install it with: pip install apache-airflow[cncf.kubernetes]
[2023-04-28T18:03:20.248-0300] {processor.py:755} WARNING - No viable dags retrieved from /home/lcscarv/projetos/indicium/desafio_5/.venv/lib/python3.8/site-packages/airflow/example_dags/example_kubernetes_executor.py
[2023-04-28T18:03:20.255-0300] {processor.py:175} INFO - Processing /home/lcscarv/projetos/indicium/desafio_5/.venv/lib/python3.8/site-packages/airflow/example_dags/example_kubernetes_executor.py took 0.025 seconds
[2023-04-28T18:04:03.563-0300] {processor.py:153} INFO - Started process (PID=4888) to work on /home/lcscarv/projetos/indicium/desafio_5/.venv/lib/python3.8/site-packages/airflow/example_dags/example_kubernetes_executor.py
[2023-04-28T18:04:03.564-0300] {processor.py:743} INFO - Processing file /home/lcscarv/projetos/indicium/desafio_5/.venv/lib/python3.8/site-packages/airflow/example_dags/example_kubernetes_executor.py for tasks to queue
[2023-04-28T18:04:03.565-0300] {logging_mixin.py:137} INFO - [2023-04-28T18:04:03.565-0300] {dagbag.py:532} INFO - Filling up the DagBag from /home/lcscarv/projetos/indicium/desafio_5/.venv/lib/python3.8/site-packages/airflow/example_dags/example_kubernetes_executor.py
[2023-04-28T18:04:03.575-0300] {logging_mixin.py:137} INFO - [2023-04-28T18:04:03.575-0300] {example_kubernetes_executor.py:41} WARNING - The example_kubernetes_executor example DAG requires the kubernetes provider. Please install it with: pip install apache-airflow[cncf.kubernetes]
[2023-04-28T18:04:03.575-0300] {processor.py:755} WARNING - No viable dags retrieved from /home/lcscarv/projetos/indicium/desafio_5/.venv/lib/python3.8/site-packages/airflow/example_dags/example_kubernetes_executor.py
[2023-04-28T18:04:03.580-0300] {processor.py:175} INFO - Processing /home/lcscarv/projetos/indicium/desafio_5/.venv/lib/python3.8/site-packages/airflow/example_dags/example_kubernetes_executor.py took 0.019 seconds
[2023-04-28T18:04:56.430-0300] {processor.py:153} INFO - Started process (PID=4992) to work on /home/lcscarv/projetos/indicium/desafio_5/.venv/lib/python3.8/site-packages/airflow/example_dags/example_kubernetes_executor.py
[2023-04-28T18:04:56.431-0300] {processor.py:743} INFO - Processing file /home/lcscarv/projetos/indicium/desafio_5/.venv/lib/python3.8/site-packages/airflow/example_dags/example_kubernetes_executor.py for tasks to queue
[2023-04-28T18:04:56.431-0300] {logging_mixin.py:137} INFO - [2023-04-28T18:04:56.431-0300] {dagbag.py:532} INFO - Filling up the DagBag from /home/lcscarv/projetos/indicium/desafio_5/.venv/lib/python3.8/site-packages/airflow/example_dags/example_kubernetes_executor.py
[2023-04-28T18:04:56.441-0300] {logging_mixin.py:137} INFO - [2023-04-28T18:04:56.441-0300] {example_kubernetes_executor.py:41} WARNING - The example_kubernetes_executor example DAG requires the kubernetes provider. Please install it with: pip install apache-airflow[cncf.kubernetes]
[2023-04-28T18:04:56.441-0300] {processor.py:755} WARNING - No viable dags retrieved from /home/lcscarv/projetos/indicium/desafio_5/.venv/lib/python3.8/site-packages/airflow/example_dags/example_kubernetes_executor.py
[2023-04-28T18:04:56.446-0300] {processor.py:175} INFO - Processing /home/lcscarv/projetos/indicium/desafio_5/.venv/lib/python3.8/site-packages/airflow/example_dags/example_kubernetes_executor.py took 0.019 seconds
[2023-04-28T18:05:37.950-0300] {processor.py:153} INFO - Started process (PID=5086) to work on /home/lcscarv/projetos/indicium/desafio_5/.venv/lib/python3.8/site-packages/airflow/example_dags/example_kubernetes_executor.py
[2023-04-28T18:05:37.951-0300] {processor.py:743} INFO - Processing file /home/lcscarv/projetos/indicium/desafio_5/.venv/lib/python3.8/site-packages/airflow/example_dags/example_kubernetes_executor.py for tasks to queue
[2023-04-28T18:05:37.951-0300] {logging_mixin.py:137} INFO - [2023-04-28T18:05:37.951-0300] {dagbag.py:532} INFO - Filling up the DagBag from /home/lcscarv/projetos/indicium/desafio_5/.venv/lib/python3.8/site-packages/airflow/example_dags/example_kubernetes_executor.py
[2023-04-28T18:05:37.962-0300] {logging_mixin.py:137} INFO - [2023-04-28T18:05:37.962-0300] {example_kubernetes_executor.py:41} WARNING - The example_kubernetes_executor example DAG requires the kubernetes provider. Please install it with: pip install apache-airflow[cncf.kubernetes]
[2023-04-28T18:05:37.962-0300] {processor.py:755} WARNING - No viable dags retrieved from /home/lcscarv/projetos/indicium/desafio_5/.venv/lib/python3.8/site-packages/airflow/example_dags/example_kubernetes_executor.py
[2023-04-28T18:05:37.968-0300] {processor.py:175} INFO - Processing /home/lcscarv/projetos/indicium/desafio_5/.venv/lib/python3.8/site-packages/airflow/example_dags/example_kubernetes_executor.py took 0.021 seconds
[2023-04-28T18:06:20.343-0300] {processor.py:153} INFO - Started process (PID=5130) to work on /home/lcscarv/projetos/indicium/desafio_5/.venv/lib/python3.8/site-packages/airflow/example_dags/example_kubernetes_executor.py
[2023-04-28T18:06:20.344-0300] {processor.py:743} INFO - Processing file /home/lcscarv/projetos/indicium/desafio_5/.venv/lib/python3.8/site-packages/airflow/example_dags/example_kubernetes_executor.py for tasks to queue
[2023-04-28T18:06:20.345-0300] {logging_mixin.py:137} INFO - [2023-04-28T18:06:20.345-0300] {dagbag.py:532} INFO - Filling up the DagBag from /home/lcscarv/projetos/indicium/desafio_5/.venv/lib/python3.8/site-packages/airflow/example_dags/example_kubernetes_executor.py
[2023-04-28T18:06:20.357-0300] {logging_mixin.py:137} INFO - [2023-04-28T18:06:20.357-0300] {example_kubernetes_executor.py:41} WARNING - The example_kubernetes_executor example DAG requires the kubernetes provider. Please install it with: pip install apache-airflow[cncf.kubernetes]
[2023-04-28T18:06:20.357-0300] {processor.py:755} WARNING - No viable dags retrieved from /home/lcscarv/projetos/indicium/desafio_5/.venv/lib/python3.8/site-packages/airflow/example_dags/example_kubernetes_executor.py
[2023-04-28T18:06:20.366-0300] {processor.py:175} INFO - Processing /home/lcscarv/projetos/indicium/desafio_5/.venv/lib/python3.8/site-packages/airflow/example_dags/example_kubernetes_executor.py took 0.026 seconds
[2023-04-28T18:07:27.274-0300] {processor.py:153} INFO - Started process (PID=5186) to work on /home/lcscarv/projetos/indicium/desafio_5/.venv/lib/python3.8/site-packages/airflow/example_dags/example_kubernetes_executor.py
[2023-04-28T18:07:27.316-0300] {processor.py:743} INFO - Processing file /home/lcscarv/projetos/indicium/desafio_5/.venv/lib/python3.8/site-packages/airflow/example_dags/example_kubernetes_executor.py for tasks to queue
[2023-04-28T18:07:27.318-0300] {logging_mixin.py:137} INFO - [2023-04-28T18:07:27.318-0300] {dagbag.py:532} INFO - Filling up the DagBag from /home/lcscarv/projetos/indicium/desafio_5/.venv/lib/python3.8/site-packages/airflow/example_dags/example_kubernetes_executor.py
[2023-04-28T18:07:27.332-0300] {logging_mixin.py:137} INFO - [2023-04-28T18:07:27.332-0300] {example_kubernetes_executor.py:41} WARNING - The example_kubernetes_executor example DAG requires the kubernetes provider. Please install it with: pip install apache-airflow[cncf.kubernetes]
[2023-04-28T18:07:27.332-0300] {processor.py:755} WARNING - No viable dags retrieved from /home/lcscarv/projetos/indicium/desafio_5/.venv/lib/python3.8/site-packages/airflow/example_dags/example_kubernetes_executor.py
[2023-04-28T18:07:27.872-0300] {processor.py:175} INFO - Processing /home/lcscarv/projetos/indicium/desafio_5/.venv/lib/python3.8/site-packages/airflow/example_dags/example_kubernetes_executor.py took 0.601 seconds
[2023-04-28T18:08:18.320-0300] {processor.py:153} INFO - Started process (PID=5380) to work on /home/lcscarv/projetos/indicium/desafio_5/.venv/lib/python3.8/site-packages/airflow/example_dags/example_kubernetes_executor.py
[2023-04-28T18:08:18.388-0300] {processor.py:743} INFO - Processing file /home/lcscarv/projetos/indicium/desafio_5/.venv/lib/python3.8/site-packages/airflow/example_dags/example_kubernetes_executor.py for tasks to queue
[2023-04-28T18:08:18.390-0300] {logging_mixin.py:137} INFO - [2023-04-28T18:08:18.389-0300] {dagbag.py:532} INFO - Filling up the DagBag from /home/lcscarv/projetos/indicium/desafio_5/.venv/lib/python3.8/site-packages/airflow/example_dags/example_kubernetes_executor.py
[2023-04-28T18:08:18.405-0300] {logging_mixin.py:137} INFO - [2023-04-28T18:08:18.405-0300] {example_kubernetes_executor.py:41} WARNING - The example_kubernetes_executor example DAG requires the kubernetes provider. Please install it with: pip install apache-airflow[cncf.kubernetes]
[2023-04-28T18:08:18.405-0300] {processor.py:755} WARNING - No viable dags retrieved from /home/lcscarv/projetos/indicium/desafio_5/.venv/lib/python3.8/site-packages/airflow/example_dags/example_kubernetes_executor.py
[2023-04-28T18:08:18.411-0300] {processor.py:175} INFO - Processing /home/lcscarv/projetos/indicium/desafio_5/.venv/lib/python3.8/site-packages/airflow/example_dags/example_kubernetes_executor.py took 0.093 seconds
[2023-04-28T18:09:06.530-0300] {processor.py:153} INFO - Started process (PID=5474) to work on /home/lcscarv/projetos/indicium/desafio_5/.venv/lib/python3.8/site-packages/airflow/example_dags/example_kubernetes_executor.py
[2023-04-28T18:09:06.531-0300] {processor.py:743} INFO - Processing file /home/lcscarv/projetos/indicium/desafio_5/.venv/lib/python3.8/site-packages/airflow/example_dags/example_kubernetes_executor.py for tasks to queue
[2023-04-28T18:09:06.532-0300] {logging_mixin.py:137} INFO - [2023-04-28T18:09:06.532-0300] {dagbag.py:532} INFO - Filling up the DagBag from /home/lcscarv/projetos/indicium/desafio_5/.venv/lib/python3.8/site-packages/airflow/example_dags/example_kubernetes_executor.py
[2023-04-28T18:09:06.543-0300] {logging_mixin.py:137} INFO - [2023-04-28T18:09:06.543-0300] {example_kubernetes_executor.py:41} WARNING - The example_kubernetes_executor example DAG requires the kubernetes provider. Please install it with: pip install apache-airflow[cncf.kubernetes]
[2023-04-28T18:09:06.543-0300] {processor.py:755} WARNING - No viable dags retrieved from /home/lcscarv/projetos/indicium/desafio_5/.venv/lib/python3.8/site-packages/airflow/example_dags/example_kubernetes_executor.py
[2023-04-28T18:09:06.549-0300] {processor.py:175} INFO - Processing /home/lcscarv/projetos/indicium/desafio_5/.venv/lib/python3.8/site-packages/airflow/example_dags/example_kubernetes_executor.py took 0.022 seconds
[2023-04-28T18:09:53.853-0300] {processor.py:153} INFO - Started process (PID=5518) to work on /home/lcscarv/projetos/indicium/desafio_5/.venv/lib/python3.8/site-packages/airflow/example_dags/example_kubernetes_executor.py
[2023-04-28T18:09:53.855-0300] {processor.py:743} INFO - Processing file /home/lcscarv/projetos/indicium/desafio_5/.venv/lib/python3.8/site-packages/airflow/example_dags/example_kubernetes_executor.py for tasks to queue
[2023-04-28T18:09:53.855-0300] {logging_mixin.py:137} INFO - [2023-04-28T18:09:53.855-0300] {dagbag.py:532} INFO - Filling up the DagBag from /home/lcscarv/projetos/indicium/desafio_5/.venv/lib/python3.8/site-packages/airflow/example_dags/example_kubernetes_executor.py
[2023-04-28T18:09:53.866-0300] {logging_mixin.py:137} INFO - [2023-04-28T18:09:53.866-0300] {example_kubernetes_executor.py:41} WARNING - The example_kubernetes_executor example DAG requires the kubernetes provider. Please install it with: pip install apache-airflow[cncf.kubernetes]
[2023-04-28T18:09:53.866-0300] {processor.py:755} WARNING - No viable dags retrieved from /home/lcscarv/projetos/indicium/desafio_5/.venv/lib/python3.8/site-packages/airflow/example_dags/example_kubernetes_executor.py
[2023-04-28T18:09:53.872-0300] {processor.py:175} INFO - Processing /home/lcscarv/projetos/indicium/desafio_5/.venv/lib/python3.8/site-packages/airflow/example_dags/example_kubernetes_executor.py took 0.021 seconds
[2023-04-28T18:10:51.100-0300] {processor.py:153} INFO - Started process (PID=5666) to work on /home/lcscarv/projetos/indicium/desafio_5/.venv/lib/python3.8/site-packages/airflow/example_dags/example_kubernetes_executor.py
[2023-04-28T18:10:51.101-0300] {processor.py:743} INFO - Processing file /home/lcscarv/projetos/indicium/desafio_5/.venv/lib/python3.8/site-packages/airflow/example_dags/example_kubernetes_executor.py for tasks to queue
[2023-04-28T18:10:51.101-0300] {logging_mixin.py:137} INFO - [2023-04-28T18:10:51.101-0300] {dagbag.py:532} INFO - Filling up the DagBag from /home/lcscarv/projetos/indicium/desafio_5/.venv/lib/python3.8/site-packages/airflow/example_dags/example_kubernetes_executor.py
[2023-04-28T18:10:51.112-0300] {logging_mixin.py:137} INFO - [2023-04-28T18:10:51.112-0300] {example_kubernetes_executor.py:41} WARNING - The example_kubernetes_executor example DAG requires the kubernetes provider. Please install it with: pip install apache-airflow[cncf.kubernetes]
[2023-04-28T18:10:51.112-0300] {processor.py:755} WARNING - No viable dags retrieved from /home/lcscarv/projetos/indicium/desafio_5/.venv/lib/python3.8/site-packages/airflow/example_dags/example_kubernetes_executor.py
[2023-04-28T18:10:51.118-0300] {processor.py:175} INFO - Processing /home/lcscarv/projetos/indicium/desafio_5/.venv/lib/python3.8/site-packages/airflow/example_dags/example_kubernetes_executor.py took 0.020 seconds
[2023-04-28T18:11:44.386-0300] {processor.py:153} INFO - Started process (PID=5818) to work on /home/lcscarv/projetos/indicium/desafio_5/.venv/lib/python3.8/site-packages/airflow/example_dags/example_kubernetes_executor.py
[2023-04-28T18:11:44.387-0300] {processor.py:743} INFO - Processing file /home/lcscarv/projetos/indicium/desafio_5/.venv/lib/python3.8/site-packages/airflow/example_dags/example_kubernetes_executor.py for tasks to queue
[2023-04-28T18:11:44.388-0300] {logging_mixin.py:137} INFO - [2023-04-28T18:11:44.388-0300] {dagbag.py:532} INFO - Filling up the DagBag from /home/lcscarv/projetos/indicium/desafio_5/.venv/lib/python3.8/site-packages/airflow/example_dags/example_kubernetes_executor.py
[2023-04-28T18:11:44.398-0300] {logging_mixin.py:137} INFO - [2023-04-28T18:11:44.398-0300] {example_kubernetes_executor.py:41} WARNING - The example_kubernetes_executor example DAG requires the kubernetes provider. Please install it with: pip install apache-airflow[cncf.kubernetes]
[2023-04-28T18:11:44.398-0300] {processor.py:755} WARNING - No viable dags retrieved from /home/lcscarv/projetos/indicium/desafio_5/.venv/lib/python3.8/site-packages/airflow/example_dags/example_kubernetes_executor.py
[2023-04-28T18:11:44.404-0300] {processor.py:175} INFO - Processing /home/lcscarv/projetos/indicium/desafio_5/.venv/lib/python3.8/site-packages/airflow/example_dags/example_kubernetes_executor.py took 0.020 seconds
[2023-04-28T18:12:48.668-0300] {processor.py:153} INFO - Started process (PID=5865) to work on /home/lcscarv/projetos/indicium/desafio_5/.venv/lib/python3.8/site-packages/airflow/example_dags/example_kubernetes_executor.py
[2023-04-28T18:12:48.670-0300] {processor.py:743} INFO - Processing file /home/lcscarv/projetos/indicium/desafio_5/.venv/lib/python3.8/site-packages/airflow/example_dags/example_kubernetes_executor.py for tasks to queue
[2023-04-28T18:12:48.670-0300] {logging_mixin.py:137} INFO - [2023-04-28T18:12:48.670-0300] {dagbag.py:532} INFO - Filling up the DagBag from /home/lcscarv/projetos/indicium/desafio_5/.venv/lib/python3.8/site-packages/airflow/example_dags/example_kubernetes_executor.py
[2023-04-28T18:12:48.681-0300] {logging_mixin.py:137} INFO - [2023-04-28T18:12:48.681-0300] {example_kubernetes_executor.py:41} WARNING - The example_kubernetes_executor example DAG requires the kubernetes provider. Please install it with: pip install apache-airflow[cncf.kubernetes]
[2023-04-28T18:12:48.681-0300] {processor.py:755} WARNING - No viable dags retrieved from /home/lcscarv/projetos/indicium/desafio_5/.venv/lib/python3.8/site-packages/airflow/example_dags/example_kubernetes_executor.py
[2023-04-28T18:12:48.688-0300] {processor.py:175} INFO - Processing /home/lcscarv/projetos/indicium/desafio_5/.venv/lib/python3.8/site-packages/airflow/example_dags/example_kubernetes_executor.py took 0.022 seconds
[2023-04-28T18:13:35.254-0300] {processor.py:153} INFO - Started process (PID=5907) to work on /home/lcscarv/projetos/indicium/desafio_5/.venv/lib/python3.8/site-packages/airflow/example_dags/example_kubernetes_executor.py
[2023-04-28T18:13:35.375-0300] {processor.py:743} INFO - Processing file /home/lcscarv/projetos/indicium/desafio_5/.venv/lib/python3.8/site-packages/airflow/example_dags/example_kubernetes_executor.py for tasks to queue
[2023-04-28T18:13:35.376-0300] {logging_mixin.py:137} INFO - [2023-04-28T18:13:35.376-0300] {dagbag.py:532} INFO - Filling up the DagBag from /home/lcscarv/projetos/indicium/desafio_5/.venv/lib/python3.8/site-packages/airflow/example_dags/example_kubernetes_executor.py
[2023-04-28T18:13:35.392-0300] {logging_mixin.py:137} INFO - [2023-04-28T18:13:35.391-0300] {example_kubernetes_executor.py:41} WARNING - The example_kubernetes_executor example DAG requires the kubernetes provider. Please install it with: pip install apache-airflow[cncf.kubernetes]
[2023-04-28T18:13:35.392-0300] {processor.py:755} WARNING - No viable dags retrieved from /home/lcscarv/projetos/indicium/desafio_5/.venv/lib/python3.8/site-packages/airflow/example_dags/example_kubernetes_executor.py
[2023-04-28T18:13:35.398-0300] {processor.py:175} INFO - Processing /home/lcscarv/projetos/indicium/desafio_5/.venv/lib/python3.8/site-packages/airflow/example_dags/example_kubernetes_executor.py took 0.146 seconds
[2023-04-28T18:14:33.044-0300] {processor.py:153} INFO - Started process (PID=5955) to work on /home/lcscarv/projetos/indicium/desafio_5/.venv/lib/python3.8/site-packages/airflow/example_dags/example_kubernetes_executor.py
[2023-04-28T18:14:33.045-0300] {processor.py:743} INFO - Processing file /home/lcscarv/projetos/indicium/desafio_5/.venv/lib/python3.8/site-packages/airflow/example_dags/example_kubernetes_executor.py for tasks to queue
[2023-04-28T18:14:33.045-0300] {logging_mixin.py:137} INFO - [2023-04-28T18:14:33.045-0300] {dagbag.py:532} INFO - Filling up the DagBag from /home/lcscarv/projetos/indicium/desafio_5/.venv/lib/python3.8/site-packages/airflow/example_dags/example_kubernetes_executor.py
[2023-04-28T18:14:33.056-0300] {logging_mixin.py:137} INFO - [2023-04-28T18:14:33.056-0300] {example_kubernetes_executor.py:41} WARNING - The example_kubernetes_executor example DAG requires the kubernetes provider. Please install it with: pip install apache-airflow[cncf.kubernetes]
[2023-04-28T18:14:33.056-0300] {processor.py:755} WARNING - No viable dags retrieved from /home/lcscarv/projetos/indicium/desafio_5/.venv/lib/python3.8/site-packages/airflow/example_dags/example_kubernetes_executor.py
[2023-04-28T18:14:33.062-0300] {processor.py:175} INFO - Processing /home/lcscarv/projetos/indicium/desafio_5/.venv/lib/python3.8/site-packages/airflow/example_dags/example_kubernetes_executor.py took 0.020 seconds
[2023-04-28T18:15:34.700-0300] {processor.py:153} INFO - Started process (PID=6058) to work on /home/lcscarv/projetos/indicium/desafio_5/.venv/lib/python3.8/site-packages/airflow/example_dags/example_kubernetes_executor.py
[2023-04-28T18:15:34.761-0300] {processor.py:743} INFO - Processing file /home/lcscarv/projetos/indicium/desafio_5/.venv/lib/python3.8/site-packages/airflow/example_dags/example_kubernetes_executor.py for tasks to queue
[2023-04-28T18:15:34.763-0300] {logging_mixin.py:137} INFO - [2023-04-28T18:15:34.762-0300] {dagbag.py:532} INFO - Filling up the DagBag from /home/lcscarv/projetos/indicium/desafio_5/.venv/lib/python3.8/site-packages/airflow/example_dags/example_kubernetes_executor.py
[2023-04-28T18:15:34.779-0300] {logging_mixin.py:137} INFO - [2023-04-28T18:15:34.779-0300] {example_kubernetes_executor.py:41} WARNING - The example_kubernetes_executor example DAG requires the kubernetes provider. Please install it with: pip install apache-airflow[cncf.kubernetes]
[2023-04-28T18:15:34.779-0300] {processor.py:755} WARNING - No viable dags retrieved from /home/lcscarv/projetos/indicium/desafio_5/.venv/lib/python3.8/site-packages/airflow/example_dags/example_kubernetes_executor.py
[2023-04-28T18:15:34.785-0300] {processor.py:175} INFO - Processing /home/lcscarv/projetos/indicium/desafio_5/.venv/lib/python3.8/site-packages/airflow/example_dags/example_kubernetes_executor.py took 0.088 seconds
[2023-04-28T18:16:29.917-0300] {processor.py:153} INFO - Started process (PID=6106) to work on /home/lcscarv/projetos/indicium/desafio_5/.venv/lib/python3.8/site-packages/airflow/example_dags/example_kubernetes_executor.py
[2023-04-28T18:16:29.966-0300] {processor.py:743} INFO - Processing file /home/lcscarv/projetos/indicium/desafio_5/.venv/lib/python3.8/site-packages/airflow/example_dags/example_kubernetes_executor.py for tasks to queue
[2023-04-28T18:16:29.967-0300] {logging_mixin.py:137} INFO - [2023-04-28T18:16:29.967-0300] {dagbag.py:532} INFO - Filling up the DagBag from /home/lcscarv/projetos/indicium/desafio_5/.venv/lib/python3.8/site-packages/airflow/example_dags/example_kubernetes_executor.py
[2023-04-28T18:16:29.982-0300] {logging_mixin.py:137} INFO - [2023-04-28T18:16:29.982-0300] {example_kubernetes_executor.py:41} WARNING - The example_kubernetes_executor example DAG requires the kubernetes provider. Please install it with: pip install apache-airflow[cncf.kubernetes]
[2023-04-28T18:16:29.982-0300] {processor.py:755} WARNING - No viable dags retrieved from /home/lcscarv/projetos/indicium/desafio_5/.venv/lib/python3.8/site-packages/airflow/example_dags/example_kubernetes_executor.py
[2023-04-28T18:16:29.992-0300] {processor.py:175} INFO - Processing /home/lcscarv/projetos/indicium/desafio_5/.venv/lib/python3.8/site-packages/airflow/example_dags/example_kubernetes_executor.py took 0.077 seconds
[2023-04-28T18:17:29.816-0300] {processor.py:153} INFO - Started process (PID=6157) to work on /home/lcscarv/projetos/indicium/desafio_5/.venv/lib/python3.8/site-packages/airflow/example_dags/example_kubernetes_executor.py
[2023-04-28T18:17:29.900-0300] {processor.py:743} INFO - Processing file /home/lcscarv/projetos/indicium/desafio_5/.venv/lib/python3.8/site-packages/airflow/example_dags/example_kubernetes_executor.py for tasks to queue
[2023-04-28T18:17:29.902-0300] {logging_mixin.py:137} INFO - [2023-04-28T18:17:29.902-0300] {dagbag.py:532} INFO - Filling up the DagBag from /home/lcscarv/projetos/indicium/desafio_5/.venv/lib/python3.8/site-packages/airflow/example_dags/example_kubernetes_executor.py
[2023-04-28T18:17:29.917-0300] {logging_mixin.py:137} INFO - [2023-04-28T18:17:29.917-0300] {example_kubernetes_executor.py:41} WARNING - The example_kubernetes_executor example DAG requires the kubernetes provider. Please install it with: pip install apache-airflow[cncf.kubernetes]
[2023-04-28T18:17:29.918-0300] {processor.py:755} WARNING - No viable dags retrieved from /home/lcscarv/projetos/indicium/desafio_5/.venv/lib/python3.8/site-packages/airflow/example_dags/example_kubernetes_executor.py
[2023-04-28T18:17:29.923-0300] {processor.py:175} INFO - Processing /home/lcscarv/projetos/indicium/desafio_5/.venv/lib/python3.8/site-packages/airflow/example_dags/example_kubernetes_executor.py took 0.108 seconds
[2023-04-28T18:18:20.577-0300] {processor.py:153} INFO - Started process (PID=6203) to work on /home/lcscarv/projetos/indicium/desafio_5/.venv/lib/python3.8/site-packages/airflow/example_dags/example_kubernetes_executor.py
[2023-04-28T18:18:20.579-0300] {processor.py:743} INFO - Processing file /home/lcscarv/projetos/indicium/desafio_5/.venv/lib/python3.8/site-packages/airflow/example_dags/example_kubernetes_executor.py for tasks to queue
[2023-04-28T18:18:20.579-0300] {logging_mixin.py:137} INFO - [2023-04-28T18:18:20.579-0300] {dagbag.py:532} INFO - Filling up the DagBag from /home/lcscarv/projetos/indicium/desafio_5/.venv/lib/python3.8/site-packages/airflow/example_dags/example_kubernetes_executor.py
[2023-04-28T18:18:20.589-0300] {logging_mixin.py:137} INFO - [2023-04-28T18:18:20.589-0300] {example_kubernetes_executor.py:41} WARNING - The example_kubernetes_executor example DAG requires the kubernetes provider. Please install it with: pip install apache-airflow[cncf.kubernetes]
[2023-04-28T18:18:20.589-0300] {processor.py:755} WARNING - No viable dags retrieved from /home/lcscarv/projetos/indicium/desafio_5/.venv/lib/python3.8/site-packages/airflow/example_dags/example_kubernetes_executor.py
[2023-04-28T18:18:20.596-0300] {processor.py:175} INFO - Processing /home/lcscarv/projetos/indicium/desafio_5/.venv/lib/python3.8/site-packages/airflow/example_dags/example_kubernetes_executor.py took 0.021 seconds
[2023-04-28T18:19:03.511-0300] {processor.py:153} INFO - Started process (PID=6244) to work on /home/lcscarv/projetos/indicium/desafio_5/.venv/lib/python3.8/site-packages/airflow/example_dags/example_kubernetes_executor.py
[2023-04-28T18:19:03.513-0300] {processor.py:743} INFO - Processing file /home/lcscarv/projetos/indicium/desafio_5/.venv/lib/python3.8/site-packages/airflow/example_dags/example_kubernetes_executor.py for tasks to queue
[2023-04-28T18:19:03.514-0300] {logging_mixin.py:137} INFO - [2023-04-28T18:19:03.514-0300] {dagbag.py:532} INFO - Filling up the DagBag from /home/lcscarv/projetos/indicium/desafio_5/.venv/lib/python3.8/site-packages/airflow/example_dags/example_kubernetes_executor.py
[2023-04-28T18:19:03.531-0300] {logging_mixin.py:137} INFO - [2023-04-28T18:19:03.530-0300] {example_kubernetes_executor.py:41} WARNING - The example_kubernetes_executor example DAG requires the kubernetes provider. Please install it with: pip install apache-airflow[cncf.kubernetes]
[2023-04-28T18:19:03.531-0300] {processor.py:755} WARNING - No viable dags retrieved from /home/lcscarv/projetos/indicium/desafio_5/.venv/lib/python3.8/site-packages/airflow/example_dags/example_kubernetes_executor.py
[2023-04-28T18:19:03.540-0300] {processor.py:175} INFO - Processing /home/lcscarv/projetos/indicium/desafio_5/.venv/lib/python3.8/site-packages/airflow/example_dags/example_kubernetes_executor.py took 0.031 seconds
[2023-04-28T18:19:51.306-0300] {processor.py:153} INFO - Started process (PID=6288) to work on /home/lcscarv/projetos/indicium/desafio_5/.venv/lib/python3.8/site-packages/airflow/example_dags/example_kubernetes_executor.py
[2023-04-28T18:19:51.307-0300] {processor.py:743} INFO - Processing file /home/lcscarv/projetos/indicium/desafio_5/.venv/lib/python3.8/site-packages/airflow/example_dags/example_kubernetes_executor.py for tasks to queue
[2023-04-28T18:19:51.307-0300] {logging_mixin.py:137} INFO - [2023-04-28T18:19:51.307-0300] {dagbag.py:532} INFO - Filling up the DagBag from /home/lcscarv/projetos/indicium/desafio_5/.venv/lib/python3.8/site-packages/airflow/example_dags/example_kubernetes_executor.py
[2023-04-28T18:19:51.318-0300] {logging_mixin.py:137} INFO - [2023-04-28T18:19:51.318-0300] {example_kubernetes_executor.py:41} WARNING - The example_kubernetes_executor example DAG requires the kubernetes provider. Please install it with: pip install apache-airflow[cncf.kubernetes]
[2023-04-28T18:19:51.318-0300] {processor.py:755} WARNING - No viable dags retrieved from /home/lcscarv/projetos/indicium/desafio_5/.venv/lib/python3.8/site-packages/airflow/example_dags/example_kubernetes_executor.py
[2023-04-28T18:19:51.324-0300] {processor.py:175} INFO - Processing /home/lcscarv/projetos/indicium/desafio_5/.venv/lib/python3.8/site-packages/airflow/example_dags/example_kubernetes_executor.py took 0.021 seconds
[2023-04-28T18:20:42.426-0300] {processor.py:153} INFO - Started process (PID=6386) to work on /home/lcscarv/projetos/indicium/desafio_5/.venv/lib/python3.8/site-packages/airflow/example_dags/example_kubernetes_executor.py
[2023-04-28T18:20:42.427-0300] {processor.py:743} INFO - Processing file /home/lcscarv/projetos/indicium/desafio_5/.venv/lib/python3.8/site-packages/airflow/example_dags/example_kubernetes_executor.py for tasks to queue
[2023-04-28T18:20:42.427-0300] {logging_mixin.py:137} INFO - [2023-04-28T18:20:42.427-0300] {dagbag.py:532} INFO - Filling up the DagBag from /home/lcscarv/projetos/indicium/desafio_5/.venv/lib/python3.8/site-packages/airflow/example_dags/example_kubernetes_executor.py
[2023-04-28T18:20:42.440-0300] {logging_mixin.py:137} INFO - [2023-04-28T18:20:42.440-0300] {example_kubernetes_executor.py:41} WARNING - The example_kubernetes_executor example DAG requires the kubernetes provider. Please install it with: pip install apache-airflow[cncf.kubernetes]
[2023-04-28T18:20:42.441-0300] {processor.py:755} WARNING - No viable dags retrieved from /home/lcscarv/projetos/indicium/desafio_5/.venv/lib/python3.8/site-packages/airflow/example_dags/example_kubernetes_executor.py
[2023-04-28T18:20:42.449-0300] {processor.py:175} INFO - Processing /home/lcscarv/projetos/indicium/desafio_5/.venv/lib/python3.8/site-packages/airflow/example_dags/example_kubernetes_executor.py took 0.025 seconds
[2023-04-28T18:21:29.819-0300] {processor.py:153} INFO - Started process (PID=6430) to work on /home/lcscarv/projetos/indicium/desafio_5/.venv/lib/python3.8/site-packages/airflow/example_dags/example_kubernetes_executor.py
[2023-04-28T18:21:29.849-0300] {processor.py:743} INFO - Processing file /home/lcscarv/projetos/indicium/desafio_5/.venv/lib/python3.8/site-packages/airflow/example_dags/example_kubernetes_executor.py for tasks to queue
[2023-04-28T18:21:29.850-0300] {logging_mixin.py:137} INFO - [2023-04-28T18:21:29.850-0300] {dagbag.py:532} INFO - Filling up the DagBag from /home/lcscarv/projetos/indicium/desafio_5/.venv/lib/python3.8/site-packages/airflow/example_dags/example_kubernetes_executor.py
[2023-04-28T18:21:29.865-0300] {logging_mixin.py:137} INFO - [2023-04-28T18:21:29.865-0300] {example_kubernetes_executor.py:41} WARNING - The example_kubernetes_executor example DAG requires the kubernetes provider. Please install it with: pip install apache-airflow[cncf.kubernetes]
[2023-04-28T18:21:29.865-0300] {processor.py:755} WARNING - No viable dags retrieved from /home/lcscarv/projetos/indicium/desafio_5/.venv/lib/python3.8/site-packages/airflow/example_dags/example_kubernetes_executor.py
[2023-04-28T18:21:29.874-0300] {processor.py:175} INFO - Processing /home/lcscarv/projetos/indicium/desafio_5/.venv/lib/python3.8/site-packages/airflow/example_dags/example_kubernetes_executor.py took 0.057 seconds
