[2023-04-28T18:00:42.750-0300] {processor.py:153} INFO - Started process (PID=4610) to work on /home/lcscarv/projetos/indicium/desafio_5/.venv/lib/python3.8/site-packages/airflow/example_dags/example_dynamic_task_mapping.py
[2023-04-28T18:00:42.751-0300] {processor.py:743} INFO - Processing file /home/lcscarv/projetos/indicium/desafio_5/.venv/lib/python3.8/site-packages/airflow/example_dags/example_dynamic_task_mapping.py for tasks to queue
[2023-04-28T18:00:42.751-0300] {logging_mixin.py:137} INFO - [2023-04-28T18:00:42.751-0300] {dagbag.py:532} INFO - Filling up the DagBag from /home/lcscarv/projetos/indicium/desafio_5/.venv/lib/python3.8/site-packages/airflow/example_dags/example_dynamic_task_mapping.py
[2023-04-28T18:00:42.771-0300] {processor.py:753} INFO - DAG(s) dict_keys(['example_dynamic_task_mapping']) retrieved from /home/lcscarv/projetos/indicium/desafio_5/.venv/lib/python3.8/site-packages/airflow/example_dags/example_dynamic_task_mapping.py
[2023-04-28T18:00:42.783-0300] {logging_mixin.py:137} INFO - [2023-04-28T18:00:42.783-0300] {dag.py:2705} INFO - Sync 1 DAGs
[2023-04-28T18:00:42.796-0300] {logging_mixin.py:137} INFO - [2023-04-28T18:00:42.796-0300] {dag.py:3452} INFO - Setting next_dagrun for example_dynamic_task_mapping to 2022-03-04T00:00:00+00:00, run_after=2022-03-05T00:00:00+00:00
[2023-04-28T18:00:42.813-0300] {processor.py:175} INFO - Processing /home/lcscarv/projetos/indicium/desafio_5/.venv/lib/python3.8/site-packages/airflow/example_dags/example_dynamic_task_mapping.py took 0.064 seconds
[2023-04-28T18:01:25.131-0300] {processor.py:153} INFO - Started process (PID=4652) to work on /home/lcscarv/projetos/indicium/desafio_5/.venv/lib/python3.8/site-packages/airflow/example_dags/example_dynamic_task_mapping.py
[2023-04-28T18:01:25.132-0300] {processor.py:743} INFO - Processing file /home/lcscarv/projetos/indicium/desafio_5/.venv/lib/python3.8/site-packages/airflow/example_dags/example_dynamic_task_mapping.py for tasks to queue
[2023-04-28T18:01:25.132-0300] {logging_mixin.py:137} INFO - [2023-04-28T18:01:25.132-0300] {dagbag.py:532} INFO - Filling up the DagBag from /home/lcscarv/projetos/indicium/desafio_5/.venv/lib/python3.8/site-packages/airflow/example_dags/example_dynamic_task_mapping.py
[2023-04-28T18:01:25.149-0300] {processor.py:753} INFO - DAG(s) dict_keys(['example_dynamic_task_mapping']) retrieved from /home/lcscarv/projetos/indicium/desafio_5/.venv/lib/python3.8/site-packages/airflow/example_dags/example_dynamic_task_mapping.py
[2023-04-28T18:01:25.162-0300] {logging_mixin.py:137} INFO - [2023-04-28T18:01:25.162-0300] {dag.py:2705} INFO - Sync 1 DAGs
[2023-04-28T18:01:25.176-0300] {logging_mixin.py:137} INFO - [2023-04-28T18:01:25.175-0300] {dag.py:3452} INFO - Setting next_dagrun for example_dynamic_task_mapping to 2022-03-04T00:00:00+00:00, run_after=2022-03-05T00:00:00+00:00
[2023-04-28T18:01:25.193-0300] {processor.py:175} INFO - Processing /home/lcscarv/projetos/indicium/desafio_5/.venv/lib/python3.8/site-packages/airflow/example_dags/example_dynamic_task_mapping.py took 0.064 seconds
[2023-04-28T18:02:34.286-0300] {processor.py:153} INFO - Started process (PID=4755) to work on /home/lcscarv/projetos/indicium/desafio_5/.venv/lib/python3.8/site-packages/airflow/example_dags/example_dynamic_task_mapping.py
[2023-04-28T18:02:34.287-0300] {processor.py:743} INFO - Processing file /home/lcscarv/projetos/indicium/desafio_5/.venv/lib/python3.8/site-packages/airflow/example_dags/example_dynamic_task_mapping.py for tasks to queue
[2023-04-28T18:02:34.288-0300] {logging_mixin.py:137} INFO - [2023-04-28T18:02:34.288-0300] {dagbag.py:532} INFO - Filling up the DagBag from /home/lcscarv/projetos/indicium/desafio_5/.venv/lib/python3.8/site-packages/airflow/example_dags/example_dynamic_task_mapping.py
[2023-04-28T18:02:34.304-0300] {processor.py:753} INFO - DAG(s) dict_keys(['example_dynamic_task_mapping']) retrieved from /home/lcscarv/projetos/indicium/desafio_5/.venv/lib/python3.8/site-packages/airflow/example_dags/example_dynamic_task_mapping.py
[2023-04-28T18:02:34.317-0300] {logging_mixin.py:137} INFO - [2023-04-28T18:02:34.316-0300] {dag.py:2705} INFO - Sync 1 DAGs
[2023-04-28T18:02:34.330-0300] {logging_mixin.py:137} INFO - [2023-04-28T18:02:34.330-0300] {dag.py:3452} INFO - Setting next_dagrun for example_dynamic_task_mapping to 2022-03-04T00:00:00+00:00, run_after=2022-03-05T00:00:00+00:00
[2023-04-28T18:02:34.349-0300] {processor.py:175} INFO - Processing /home/lcscarv/projetos/indicium/desafio_5/.venv/lib/python3.8/site-packages/airflow/example_dags/example_dynamic_task_mapping.py took 0.065 seconds
[2023-04-28T18:03:22.526-0300] {processor.py:153} INFO - Started process (PID=4848) to work on /home/lcscarv/projetos/indicium/desafio_5/.venv/lib/python3.8/site-packages/airflow/example_dags/example_dynamic_task_mapping.py
[2023-04-28T18:03:22.527-0300] {processor.py:743} INFO - Processing file /home/lcscarv/projetos/indicium/desafio_5/.venv/lib/python3.8/site-packages/airflow/example_dags/example_dynamic_task_mapping.py for tasks to queue
[2023-04-28T18:03:22.528-0300] {logging_mixin.py:137} INFO - [2023-04-28T18:03:22.527-0300] {dagbag.py:532} INFO - Filling up the DagBag from /home/lcscarv/projetos/indicium/desafio_5/.venv/lib/python3.8/site-packages/airflow/example_dags/example_dynamic_task_mapping.py
[2023-04-28T18:03:22.541-0300] {processor.py:753} INFO - DAG(s) dict_keys(['example_dynamic_task_mapping']) retrieved from /home/lcscarv/projetos/indicium/desafio_5/.venv/lib/python3.8/site-packages/airflow/example_dags/example_dynamic_task_mapping.py
[2023-04-28T18:03:22.554-0300] {logging_mixin.py:137} INFO - [2023-04-28T18:03:22.554-0300] {dag.py:2705} INFO - Sync 1 DAGs
[2023-04-28T18:03:22.567-0300] {logging_mixin.py:137} INFO - [2023-04-28T18:03:22.567-0300] {dag.py:3452} INFO - Setting next_dagrun for example_dynamic_task_mapping to 2022-03-04T00:00:00+00:00, run_after=2022-03-05T00:00:00+00:00
[2023-04-28T18:03:22.585-0300] {processor.py:175} INFO - Processing /home/lcscarv/projetos/indicium/desafio_5/.venv/lib/python3.8/site-packages/airflow/example_dags/example_dynamic_task_mapping.py took 0.061 seconds
[2023-04-28T18:04:05.314-0300] {processor.py:153} INFO - Started process (PID=4890) to work on /home/lcscarv/projetos/indicium/desafio_5/.venv/lib/python3.8/site-packages/airflow/example_dags/example_dynamic_task_mapping.py
[2023-04-28T18:04:05.316-0300] {processor.py:743} INFO - Processing file /home/lcscarv/projetos/indicium/desafio_5/.venv/lib/python3.8/site-packages/airflow/example_dags/example_dynamic_task_mapping.py for tasks to queue
[2023-04-28T18:04:05.316-0300] {logging_mixin.py:137} INFO - [2023-04-28T18:04:05.316-0300] {dagbag.py:532} INFO - Filling up the DagBag from /home/lcscarv/projetos/indicium/desafio_5/.venv/lib/python3.8/site-packages/airflow/example_dags/example_dynamic_task_mapping.py
[2023-04-28T18:04:05.330-0300] {processor.py:753} INFO - DAG(s) dict_keys(['example_dynamic_task_mapping']) retrieved from /home/lcscarv/projetos/indicium/desafio_5/.venv/lib/python3.8/site-packages/airflow/example_dags/example_dynamic_task_mapping.py
[2023-04-28T18:04:05.342-0300] {logging_mixin.py:137} INFO - [2023-04-28T18:04:05.342-0300] {dag.py:2705} INFO - Sync 1 DAGs
[2023-04-28T18:04:05.353-0300] {logging_mixin.py:137} INFO - [2023-04-28T18:04:05.353-0300] {dag.py:3452} INFO - Setting next_dagrun for example_dynamic_task_mapping to 2022-03-04T00:00:00+00:00, run_after=2022-03-05T00:00:00+00:00
[2023-04-28T18:04:05.370-0300] {processor.py:175} INFO - Processing /home/lcscarv/projetos/indicium/desafio_5/.venv/lib/python3.8/site-packages/airflow/example_dags/example_dynamic_task_mapping.py took 0.058 seconds
[2023-04-28T18:04:58.067-0300] {processor.py:153} INFO - Started process (PID=4994) to work on /home/lcscarv/projetos/indicium/desafio_5/.venv/lib/python3.8/site-packages/airflow/example_dags/example_dynamic_task_mapping.py
[2023-04-28T18:04:58.068-0300] {processor.py:743} INFO - Processing file /home/lcscarv/projetos/indicium/desafio_5/.venv/lib/python3.8/site-packages/airflow/example_dags/example_dynamic_task_mapping.py for tasks to queue
[2023-04-28T18:04:58.069-0300] {logging_mixin.py:137} INFO - [2023-04-28T18:04:58.068-0300] {dagbag.py:532} INFO - Filling up the DagBag from /home/lcscarv/projetos/indicium/desafio_5/.venv/lib/python3.8/site-packages/airflow/example_dags/example_dynamic_task_mapping.py
[2023-04-28T18:04:58.099-0300] {processor.py:753} INFO - DAG(s) dict_keys(['example_dynamic_task_mapping']) retrieved from /home/lcscarv/projetos/indicium/desafio_5/.venv/lib/python3.8/site-packages/airflow/example_dags/example_dynamic_task_mapping.py
[2023-04-28T18:04:58.127-0300] {logging_mixin.py:137} INFO - [2023-04-28T18:04:58.126-0300] {dag.py:2705} INFO - Sync 1 DAGs
[2023-04-28T18:04:58.151-0300] {logging_mixin.py:137} INFO - [2023-04-28T18:04:58.151-0300] {dag.py:3452} INFO - Setting next_dagrun for example_dynamic_task_mapping to 2022-03-04T00:00:00+00:00, run_after=2022-03-05T00:00:00+00:00
[2023-04-28T18:04:58.178-0300] {processor.py:175} INFO - Processing /home/lcscarv/projetos/indicium/desafio_5/.venv/lib/python3.8/site-packages/airflow/example_dags/example_dynamic_task_mapping.py took 0.113 seconds
[2023-04-28T18:05:48.086-0300] {processor.py:153} INFO - Started process (PID=5097) to work on /home/lcscarv/projetos/indicium/desafio_5/.venv/lib/python3.8/site-packages/airflow/example_dags/example_dynamic_task_mapping.py
[2023-04-28T18:05:48.088-0300] {processor.py:743} INFO - Processing file /home/lcscarv/projetos/indicium/desafio_5/.venv/lib/python3.8/site-packages/airflow/example_dags/example_dynamic_task_mapping.py for tasks to queue
[2023-04-28T18:05:48.088-0300] {logging_mixin.py:137} INFO - [2023-04-28T18:05:48.088-0300] {dagbag.py:532} INFO - Filling up the DagBag from /home/lcscarv/projetos/indicium/desafio_5/.venv/lib/python3.8/site-packages/airflow/example_dags/example_dynamic_task_mapping.py
[2023-04-28T18:05:48.105-0300] {processor.py:753} INFO - DAG(s) dict_keys(['example_dynamic_task_mapping']) retrieved from /home/lcscarv/projetos/indicium/desafio_5/.venv/lib/python3.8/site-packages/airflow/example_dags/example_dynamic_task_mapping.py
[2023-04-28T18:05:48.119-0300] {logging_mixin.py:137} INFO - [2023-04-28T18:05:48.118-0300] {dag.py:2705} INFO - Sync 1 DAGs
[2023-04-28T18:05:48.133-0300] {logging_mixin.py:137} INFO - [2023-04-28T18:05:48.132-0300] {dag.py:3452} INFO - Setting next_dagrun for example_dynamic_task_mapping to 2022-03-04T00:00:00+00:00, run_after=2022-03-05T00:00:00+00:00
[2023-04-28T18:05:48.151-0300] {processor.py:175} INFO - Processing /home/lcscarv/projetos/indicium/desafio_5/.venv/lib/python3.8/site-packages/airflow/example_dags/example_dynamic_task_mapping.py took 0.067 seconds
[2023-04-28T18:06:31.871-0300] {processor.py:153} INFO - Started process (PID=5142) to work on /home/lcscarv/projetos/indicium/desafio_5/.venv/lib/python3.8/site-packages/airflow/example_dags/example_dynamic_task_mapping.py
[2023-04-28T18:06:31.872-0300] {processor.py:743} INFO - Processing file /home/lcscarv/projetos/indicium/desafio_5/.venv/lib/python3.8/site-packages/airflow/example_dags/example_dynamic_task_mapping.py for tasks to queue
[2023-04-28T18:06:31.873-0300] {logging_mixin.py:137} INFO - [2023-04-28T18:06:31.873-0300] {dagbag.py:532} INFO - Filling up the DagBag from /home/lcscarv/projetos/indicium/desafio_5/.venv/lib/python3.8/site-packages/airflow/example_dags/example_dynamic_task_mapping.py
[2023-04-28T18:06:31.887-0300] {processor.py:753} INFO - DAG(s) dict_keys(['example_dynamic_task_mapping']) retrieved from /home/lcscarv/projetos/indicium/desafio_5/.venv/lib/python3.8/site-packages/airflow/example_dags/example_dynamic_task_mapping.py
[2023-04-28T18:06:31.899-0300] {logging_mixin.py:137} INFO - [2023-04-28T18:06:31.899-0300] {dag.py:2705} INFO - Sync 1 DAGs
[2023-04-28T18:06:31.911-0300] {logging_mixin.py:137} INFO - [2023-04-28T18:06:31.911-0300] {dag.py:3452} INFO - Setting next_dagrun for example_dynamic_task_mapping to 2022-03-04T00:00:00+00:00, run_after=2022-03-05T00:00:00+00:00
[2023-04-28T18:06:31.969-0300] {processor.py:175} INFO - Processing /home/lcscarv/projetos/indicium/desafio_5/.venv/lib/python3.8/site-packages/airflow/example_dags/example_dynamic_task_mapping.py took 0.099 seconds
[2023-04-28T18:07:30.223-0300] {processor.py:153} INFO - Started process (PID=5188) to work on /home/lcscarv/projetos/indicium/desafio_5/.venv/lib/python3.8/site-packages/airflow/example_dags/example_dynamic_task_mapping.py
[2023-04-28T18:07:30.343-0300] {processor.py:743} INFO - Processing file /home/lcscarv/projetos/indicium/desafio_5/.venv/lib/python3.8/site-packages/airflow/example_dags/example_dynamic_task_mapping.py for tasks to queue
[2023-04-28T18:07:30.344-0300] {logging_mixin.py:137} INFO - [2023-04-28T18:07:30.344-0300] {dagbag.py:532} INFO - Filling up the DagBag from /home/lcscarv/projetos/indicium/desafio_5/.venv/lib/python3.8/site-packages/airflow/example_dags/example_dynamic_task_mapping.py
[2023-04-28T18:07:30.364-0300] {processor.py:753} INFO - DAG(s) dict_keys(['example_dynamic_task_mapping']) retrieved from /home/lcscarv/projetos/indicium/desafio_5/.venv/lib/python3.8/site-packages/airflow/example_dags/example_dynamic_task_mapping.py
[2023-04-28T18:07:30.419-0300] {logging_mixin.py:137} INFO - [2023-04-28T18:07:30.419-0300] {dag.py:2705} INFO - Sync 1 DAGs
[2023-04-28T18:07:30.434-0300] {logging_mixin.py:137} INFO - [2023-04-28T18:07:30.434-0300] {dag.py:3452} INFO - Setting next_dagrun for example_dynamic_task_mapping to 2022-03-04T00:00:00+00:00, run_after=2022-03-05T00:00:00+00:00
[2023-04-28T18:07:30.553-0300] {processor.py:175} INFO - Processing /home/lcscarv/projetos/indicium/desafio_5/.venv/lib/python3.8/site-packages/airflow/example_dags/example_dynamic_task_mapping.py took 0.331 seconds
[2023-04-28T18:08:21.559-0300] {processor.py:153} INFO - Started process (PID=5382) to work on /home/lcscarv/projetos/indicium/desafio_5/.venv/lib/python3.8/site-packages/airflow/example_dags/example_dynamic_task_mapping.py
[2023-04-28T18:08:21.560-0300] {processor.py:743} INFO - Processing file /home/lcscarv/projetos/indicium/desafio_5/.venv/lib/python3.8/site-packages/airflow/example_dags/example_dynamic_task_mapping.py for tasks to queue
[2023-04-28T18:08:21.561-0300] {logging_mixin.py:137} INFO - [2023-04-28T18:08:21.560-0300] {dagbag.py:532} INFO - Filling up the DagBag from /home/lcscarv/projetos/indicium/desafio_5/.venv/lib/python3.8/site-packages/airflow/example_dags/example_dynamic_task_mapping.py
[2023-04-28T18:08:21.576-0300] {processor.py:753} INFO - DAG(s) dict_keys(['example_dynamic_task_mapping']) retrieved from /home/lcscarv/projetos/indicium/desafio_5/.venv/lib/python3.8/site-packages/airflow/example_dags/example_dynamic_task_mapping.py
[2023-04-28T18:08:21.590-0300] {logging_mixin.py:137} INFO - [2023-04-28T18:08:21.590-0300] {dag.py:2705} INFO - Sync 1 DAGs
[2023-04-28T18:08:21.604-0300] {logging_mixin.py:137} INFO - [2023-04-28T18:08:21.603-0300] {dag.py:3452} INFO - Setting next_dagrun for example_dynamic_task_mapping to 2022-03-04T00:00:00+00:00, run_after=2022-03-05T00:00:00+00:00
[2023-04-28T18:08:21.628-0300] {processor.py:175} INFO - Processing /home/lcscarv/projetos/indicium/desafio_5/.venv/lib/python3.8/site-packages/airflow/example_dags/example_dynamic_task_mapping.py took 0.071 seconds
[2023-04-28T18:09:08.807-0300] {processor.py:153} INFO - Started process (PID=5476) to work on /home/lcscarv/projetos/indicium/desafio_5/.venv/lib/python3.8/site-packages/airflow/example_dags/example_dynamic_task_mapping.py
[2023-04-28T18:09:08.808-0300] {processor.py:743} INFO - Processing file /home/lcscarv/projetos/indicium/desafio_5/.venv/lib/python3.8/site-packages/airflow/example_dags/example_dynamic_task_mapping.py for tasks to queue
[2023-04-28T18:09:08.809-0300] {logging_mixin.py:137} INFO - [2023-04-28T18:09:08.809-0300] {dagbag.py:532} INFO - Filling up the DagBag from /home/lcscarv/projetos/indicium/desafio_5/.venv/lib/python3.8/site-packages/airflow/example_dags/example_dynamic_task_mapping.py
[2023-04-28T18:09:08.825-0300] {processor.py:753} INFO - DAG(s) dict_keys(['example_dynamic_task_mapping']) retrieved from /home/lcscarv/projetos/indicium/desafio_5/.venv/lib/python3.8/site-packages/airflow/example_dags/example_dynamic_task_mapping.py
[2023-04-28T18:09:08.838-0300] {logging_mixin.py:137} INFO - [2023-04-28T18:09:08.838-0300] {dag.py:2705} INFO - Sync 1 DAGs
[2023-04-28T18:09:08.851-0300] {logging_mixin.py:137} INFO - [2023-04-28T18:09:08.851-0300] {dag.py:3452} INFO - Setting next_dagrun for example_dynamic_task_mapping to 2022-03-04T00:00:00+00:00, run_after=2022-03-05T00:00:00+00:00
[2023-04-28T18:09:08.874-0300] {processor.py:175} INFO - Processing /home/lcscarv/projetos/indicium/desafio_5/.venv/lib/python3.8/site-packages/airflow/example_dags/example_dynamic_task_mapping.py took 0.068 seconds
[2023-04-28T18:09:55.143-0300] {processor.py:153} INFO - Started process (PID=5520) to work on /home/lcscarv/projetos/indicium/desafio_5/.venv/lib/python3.8/site-packages/airflow/example_dags/example_dynamic_task_mapping.py
[2023-04-28T18:09:55.145-0300] {processor.py:743} INFO - Processing file /home/lcscarv/projetos/indicium/desafio_5/.venv/lib/python3.8/site-packages/airflow/example_dags/example_dynamic_task_mapping.py for tasks to queue
[2023-04-28T18:09:55.145-0300] {logging_mixin.py:137} INFO - [2023-04-28T18:09:55.145-0300] {dagbag.py:532} INFO - Filling up the DagBag from /home/lcscarv/projetos/indicium/desafio_5/.venv/lib/python3.8/site-packages/airflow/example_dags/example_dynamic_task_mapping.py
[2023-04-28T18:09:55.159-0300] {processor.py:753} INFO - DAG(s) dict_keys(['example_dynamic_task_mapping']) retrieved from /home/lcscarv/projetos/indicium/desafio_5/.venv/lib/python3.8/site-packages/airflow/example_dags/example_dynamic_task_mapping.py
[2023-04-28T18:09:55.171-0300] {logging_mixin.py:137} INFO - [2023-04-28T18:09:55.171-0300] {dag.py:2705} INFO - Sync 1 DAGs
[2023-04-28T18:09:55.184-0300] {logging_mixin.py:137} INFO - [2023-04-28T18:09:55.184-0300] {dag.py:3452} INFO - Setting next_dagrun for example_dynamic_task_mapping to 2022-03-04T00:00:00+00:00, run_after=2022-03-05T00:00:00+00:00
[2023-04-28T18:09:55.291-0300] {processor.py:175} INFO - Processing /home/lcscarv/projetos/indicium/desafio_5/.venv/lib/python3.8/site-packages/airflow/example_dags/example_dynamic_task_mapping.py took 0.150 seconds
[2023-04-28T18:10:53.388-0300] {processor.py:153} INFO - Started process (PID=5668) to work on /home/lcscarv/projetos/indicium/desafio_5/.venv/lib/python3.8/site-packages/airflow/example_dags/example_dynamic_task_mapping.py
[2023-04-28T18:10:53.389-0300] {processor.py:743} INFO - Processing file /home/lcscarv/projetos/indicium/desafio_5/.venv/lib/python3.8/site-packages/airflow/example_dags/example_dynamic_task_mapping.py for tasks to queue
[2023-04-28T18:10:53.389-0300] {logging_mixin.py:137} INFO - [2023-04-28T18:10:53.389-0300] {dagbag.py:532} INFO - Filling up the DagBag from /home/lcscarv/projetos/indicium/desafio_5/.venv/lib/python3.8/site-packages/airflow/example_dags/example_dynamic_task_mapping.py
[2023-04-28T18:10:53.403-0300] {processor.py:753} INFO - DAG(s) dict_keys(['example_dynamic_task_mapping']) retrieved from /home/lcscarv/projetos/indicium/desafio_5/.venv/lib/python3.8/site-packages/airflow/example_dags/example_dynamic_task_mapping.py
[2023-04-28T18:10:53.416-0300] {logging_mixin.py:137} INFO - [2023-04-28T18:10:53.416-0300] {dag.py:2705} INFO - Sync 1 DAGs
[2023-04-28T18:10:53.430-0300] {logging_mixin.py:137} INFO - [2023-04-28T18:10:53.430-0300] {dag.py:3452} INFO - Setting next_dagrun for example_dynamic_task_mapping to 2022-03-04T00:00:00+00:00, run_after=2022-03-05T00:00:00+00:00
[2023-04-28T18:10:53.451-0300] {processor.py:175} INFO - Processing /home/lcscarv/projetos/indicium/desafio_5/.venv/lib/python3.8/site-packages/airflow/example_dags/example_dynamic_task_mapping.py took 0.065 seconds
[2023-04-28T18:11:46.952-0300] {processor.py:153} INFO - Started process (PID=5820) to work on /home/lcscarv/projetos/indicium/desafio_5/.venv/lib/python3.8/site-packages/airflow/example_dags/example_dynamic_task_mapping.py
[2023-04-28T18:11:47.023-0300] {processor.py:743} INFO - Processing file /home/lcscarv/projetos/indicium/desafio_5/.venv/lib/python3.8/site-packages/airflow/example_dags/example_dynamic_task_mapping.py for tasks to queue
[2023-04-28T18:11:47.024-0300] {logging_mixin.py:137} INFO - [2023-04-28T18:11:47.024-0300] {dagbag.py:532} INFO - Filling up the DagBag from /home/lcscarv/projetos/indicium/desafio_5/.venv/lib/python3.8/site-packages/airflow/example_dags/example_dynamic_task_mapping.py
[2023-04-28T18:11:47.045-0300] {processor.py:753} INFO - DAG(s) dict_keys(['example_dynamic_task_mapping']) retrieved from /home/lcscarv/projetos/indicium/desafio_5/.venv/lib/python3.8/site-packages/airflow/example_dags/example_dynamic_task_mapping.py
[2023-04-28T18:11:47.058-0300] {logging_mixin.py:137} INFO - [2023-04-28T18:11:47.058-0300] {dag.py:2705} INFO - Sync 1 DAGs
[2023-04-28T18:11:47.071-0300] {logging_mixin.py:137} INFO - [2023-04-28T18:11:47.071-0300] {dag.py:3452} INFO - Setting next_dagrun for example_dynamic_task_mapping to 2022-03-04T00:00:00+00:00, run_after=2022-03-05T00:00:00+00:00
[2023-04-28T18:11:47.136-0300] {processor.py:175} INFO - Processing /home/lcscarv/projetos/indicium/desafio_5/.venv/lib/python3.8/site-packages/airflow/example_dags/example_dynamic_task_mapping.py took 0.186 seconds
[2023-04-28T18:12:50.926-0300] {processor.py:153} INFO - Started process (PID=5867) to work on /home/lcscarv/projetos/indicium/desafio_5/.venv/lib/python3.8/site-packages/airflow/example_dags/example_dynamic_task_mapping.py
[2023-04-28T18:12:50.927-0300] {processor.py:743} INFO - Processing file /home/lcscarv/projetos/indicium/desafio_5/.venv/lib/python3.8/site-packages/airflow/example_dags/example_dynamic_task_mapping.py for tasks to queue
[2023-04-28T18:12:50.927-0300] {logging_mixin.py:137} INFO - [2023-04-28T18:12:50.927-0300] {dagbag.py:532} INFO - Filling up the DagBag from /home/lcscarv/projetos/indicium/desafio_5/.venv/lib/python3.8/site-packages/airflow/example_dags/example_dynamic_task_mapping.py
[2023-04-28T18:12:50.944-0300] {processor.py:753} INFO - DAG(s) dict_keys(['example_dynamic_task_mapping']) retrieved from /home/lcscarv/projetos/indicium/desafio_5/.venv/lib/python3.8/site-packages/airflow/example_dags/example_dynamic_task_mapping.py
[2023-04-28T18:12:50.957-0300] {logging_mixin.py:137} INFO - [2023-04-28T18:12:50.957-0300] {dag.py:2705} INFO - Sync 1 DAGs
[2023-04-28T18:12:50.970-0300] {logging_mixin.py:137} INFO - [2023-04-28T18:12:50.970-0300] {dag.py:3452} INFO - Setting next_dagrun for example_dynamic_task_mapping to 2022-03-04T00:00:00+00:00, run_after=2022-03-05T00:00:00+00:00
[2023-04-28T18:12:50.988-0300] {processor.py:175} INFO - Processing /home/lcscarv/projetos/indicium/desafio_5/.venv/lib/python3.8/site-packages/airflow/example_dags/example_dynamic_task_mapping.py took 0.064 seconds
[2023-04-28T18:13:37.086-0300] {processor.py:153} INFO - Started process (PID=5909) to work on /home/lcscarv/projetos/indicium/desafio_5/.venv/lib/python3.8/site-packages/airflow/example_dags/example_dynamic_task_mapping.py
[2023-04-28T18:13:37.087-0300] {processor.py:743} INFO - Processing file /home/lcscarv/projetos/indicium/desafio_5/.venv/lib/python3.8/site-packages/airflow/example_dags/example_dynamic_task_mapping.py for tasks to queue
[2023-04-28T18:13:37.088-0300] {logging_mixin.py:137} INFO - [2023-04-28T18:13:37.087-0300] {dagbag.py:532} INFO - Filling up the DagBag from /home/lcscarv/projetos/indicium/desafio_5/.venv/lib/python3.8/site-packages/airflow/example_dags/example_dynamic_task_mapping.py
[2023-04-28T18:13:37.106-0300] {processor.py:753} INFO - DAG(s) dict_keys(['example_dynamic_task_mapping']) retrieved from /home/lcscarv/projetos/indicium/desafio_5/.venv/lib/python3.8/site-packages/airflow/example_dags/example_dynamic_task_mapping.py
[2023-04-28T18:13:37.121-0300] {logging_mixin.py:137} INFO - [2023-04-28T18:13:37.121-0300] {dag.py:2705} INFO - Sync 1 DAGs
[2023-04-28T18:13:37.135-0300] {logging_mixin.py:137} INFO - [2023-04-28T18:13:37.135-0300] {dag.py:3452} INFO - Setting next_dagrun for example_dynamic_task_mapping to 2022-03-04T00:00:00+00:00, run_after=2022-03-05T00:00:00+00:00
[2023-04-28T18:13:37.154-0300] {processor.py:175} INFO - Processing /home/lcscarv/projetos/indicium/desafio_5/.venv/lib/python3.8/site-packages/airflow/example_dags/example_dynamic_task_mapping.py took 0.070 seconds
[2023-04-28T18:14:35.301-0300] {processor.py:153} INFO - Started process (PID=5957) to work on /home/lcscarv/projetos/indicium/desafio_5/.venv/lib/python3.8/site-packages/airflow/example_dags/example_dynamic_task_mapping.py
[2023-04-28T18:14:35.302-0300] {processor.py:743} INFO - Processing file /home/lcscarv/projetos/indicium/desafio_5/.venv/lib/python3.8/site-packages/airflow/example_dags/example_dynamic_task_mapping.py for tasks to queue
[2023-04-28T18:14:35.303-0300] {logging_mixin.py:137} INFO - [2023-04-28T18:14:35.303-0300] {dagbag.py:532} INFO - Filling up the DagBag from /home/lcscarv/projetos/indicium/desafio_5/.venv/lib/python3.8/site-packages/airflow/example_dags/example_dynamic_task_mapping.py
[2023-04-28T18:14:35.318-0300] {processor.py:753} INFO - DAG(s) dict_keys(['example_dynamic_task_mapping']) retrieved from /home/lcscarv/projetos/indicium/desafio_5/.venv/lib/python3.8/site-packages/airflow/example_dags/example_dynamic_task_mapping.py
[2023-04-28T18:14:35.331-0300] {logging_mixin.py:137} INFO - [2023-04-28T18:14:35.331-0300] {dag.py:2705} INFO - Sync 1 DAGs
[2023-04-28T18:14:35.343-0300] {logging_mixin.py:137} INFO - [2023-04-28T18:14:35.343-0300] {dag.py:3452} INFO - Setting next_dagrun for example_dynamic_task_mapping to 2022-03-04T00:00:00+00:00, run_after=2022-03-05T00:00:00+00:00
[2023-04-28T18:14:35.365-0300] {processor.py:175} INFO - Processing /home/lcscarv/projetos/indicium/desafio_5/.venv/lib/python3.8/site-packages/airflow/example_dags/example_dynamic_task_mapping.py took 0.067 seconds
[2023-04-28T18:15:37.167-0300] {processor.py:153} INFO - Started process (PID=6060) to work on /home/lcscarv/projetos/indicium/desafio_5/.venv/lib/python3.8/site-packages/airflow/example_dags/example_dynamic_task_mapping.py
[2023-04-28T18:15:37.258-0300] {processor.py:743} INFO - Processing file /home/lcscarv/projetos/indicium/desafio_5/.venv/lib/python3.8/site-packages/airflow/example_dags/example_dynamic_task_mapping.py for tasks to queue
[2023-04-28T18:15:37.260-0300] {logging_mixin.py:137} INFO - [2023-04-28T18:15:37.260-0300] {dagbag.py:532} INFO - Filling up the DagBag from /home/lcscarv/projetos/indicium/desafio_5/.venv/lib/python3.8/site-packages/airflow/example_dags/example_dynamic_task_mapping.py
[2023-04-28T18:15:37.278-0300] {processor.py:753} INFO - DAG(s) dict_keys(['example_dynamic_task_mapping']) retrieved from /home/lcscarv/projetos/indicium/desafio_5/.venv/lib/python3.8/site-packages/airflow/example_dags/example_dynamic_task_mapping.py
[2023-04-28T18:15:37.289-0300] {logging_mixin.py:137} INFO - [2023-04-28T18:15:37.289-0300] {dag.py:2705} INFO - Sync 1 DAGs
[2023-04-28T18:15:37.356-0300] {logging_mixin.py:137} INFO - [2023-04-28T18:15:37.356-0300] {dag.py:3452} INFO - Setting next_dagrun for example_dynamic_task_mapping to 2022-03-04T00:00:00+00:00, run_after=2022-03-05T00:00:00+00:00
[2023-04-28T18:15:37.524-0300] {processor.py:175} INFO - Processing /home/lcscarv/projetos/indicium/desafio_5/.venv/lib/python3.8/site-packages/airflow/example_dags/example_dynamic_task_mapping.py took 0.359 seconds
[2023-04-28T18:16:32.489-0300] {processor.py:153} INFO - Started process (PID=6108) to work on /home/lcscarv/projetos/indicium/desafio_5/.venv/lib/python3.8/site-packages/airflow/example_dags/example_dynamic_task_mapping.py
[2023-04-28T18:16:32.491-0300] {processor.py:743} INFO - Processing file /home/lcscarv/projetos/indicium/desafio_5/.venv/lib/python3.8/site-packages/airflow/example_dags/example_dynamic_task_mapping.py for tasks to queue
[2023-04-28T18:16:32.492-0300] {logging_mixin.py:137} INFO - [2023-04-28T18:16:32.492-0300] {dagbag.py:532} INFO - Filling up the DagBag from /home/lcscarv/projetos/indicium/desafio_5/.venv/lib/python3.8/site-packages/airflow/example_dags/example_dynamic_task_mapping.py
[2023-04-28T18:16:32.510-0300] {processor.py:753} INFO - DAG(s) dict_keys(['example_dynamic_task_mapping']) retrieved from /home/lcscarv/projetos/indicium/desafio_5/.venv/lib/python3.8/site-packages/airflow/example_dags/example_dynamic_task_mapping.py
[2023-04-28T18:16:32.603-0300] {logging_mixin.py:137} INFO - [2023-04-28T18:16:32.603-0300] {dag.py:2705} INFO - Sync 1 DAGs
[2023-04-28T18:16:32.619-0300] {logging_mixin.py:137} INFO - [2023-04-28T18:16:32.619-0300] {dag.py:3452} INFO - Setting next_dagrun for example_dynamic_task_mapping to 2022-03-04T00:00:00+00:00, run_after=2022-03-05T00:00:00+00:00
[2023-04-28T18:16:32.638-0300] {processor.py:175} INFO - Processing /home/lcscarv/projetos/indicium/desafio_5/.venv/lib/python3.8/site-packages/airflow/example_dags/example_dynamic_task_mapping.py took 0.151 seconds
[2023-04-28T18:17:32.510-0300] {processor.py:153} INFO - Started process (PID=6159) to work on /home/lcscarv/projetos/indicium/desafio_5/.venv/lib/python3.8/site-packages/airflow/example_dags/example_dynamic_task_mapping.py
[2023-04-28T18:17:32.518-0300] {processor.py:743} INFO - Processing file /home/lcscarv/projetos/indicium/desafio_5/.venv/lib/python3.8/site-packages/airflow/example_dags/example_dynamic_task_mapping.py for tasks to queue
[2023-04-28T18:17:32.519-0300] {logging_mixin.py:137} INFO - [2023-04-28T18:17:32.519-0300] {dagbag.py:532} INFO - Filling up the DagBag from /home/lcscarv/projetos/indicium/desafio_5/.venv/lib/python3.8/site-packages/airflow/example_dags/example_dynamic_task_mapping.py
[2023-04-28T18:17:32.600-0300] {processor.py:753} INFO - DAG(s) dict_keys(['example_dynamic_task_mapping']) retrieved from /home/lcscarv/projetos/indicium/desafio_5/.venv/lib/python3.8/site-packages/airflow/example_dags/example_dynamic_task_mapping.py
[2023-04-28T18:17:32.611-0300] {logging_mixin.py:137} INFO - [2023-04-28T18:17:32.611-0300] {dag.py:2705} INFO - Sync 1 DAGs
[2023-04-28T18:17:32.626-0300] {logging_mixin.py:137} INFO - [2023-04-28T18:17:32.625-0300] {dag.py:3452} INFO - Setting next_dagrun for example_dynamic_task_mapping to 2022-03-04T00:00:00+00:00, run_after=2022-03-05T00:00:00+00:00
[2023-04-28T18:17:32.655-0300] {processor.py:175} INFO - Processing /home/lcscarv/projetos/indicium/desafio_5/.venv/lib/python3.8/site-packages/airflow/example_dags/example_dynamic_task_mapping.py took 0.147 seconds
[2023-04-28T18:18:22.840-0300] {processor.py:153} INFO - Started process (PID=6205) to work on /home/lcscarv/projetos/indicium/desafio_5/.venv/lib/python3.8/site-packages/airflow/example_dags/example_dynamic_task_mapping.py
[2023-04-28T18:18:22.841-0300] {processor.py:743} INFO - Processing file /home/lcscarv/projetos/indicium/desafio_5/.venv/lib/python3.8/site-packages/airflow/example_dags/example_dynamic_task_mapping.py for tasks to queue
[2023-04-28T18:18:22.842-0300] {logging_mixin.py:137} INFO - [2023-04-28T18:18:22.842-0300] {dagbag.py:532} INFO - Filling up the DagBag from /home/lcscarv/projetos/indicium/desafio_5/.venv/lib/python3.8/site-packages/airflow/example_dags/example_dynamic_task_mapping.py
[2023-04-28T18:18:22.856-0300] {processor.py:753} INFO - DAG(s) dict_keys(['example_dynamic_task_mapping']) retrieved from /home/lcscarv/projetos/indicium/desafio_5/.venv/lib/python3.8/site-packages/airflow/example_dags/example_dynamic_task_mapping.py
[2023-04-28T18:18:22.870-0300] {logging_mixin.py:137} INFO - [2023-04-28T18:18:22.870-0300] {dag.py:2705} INFO - Sync 1 DAGs
[2023-04-28T18:18:22.883-0300] {logging_mixin.py:137} INFO - [2023-04-28T18:18:22.883-0300] {dag.py:3452} INFO - Setting next_dagrun for example_dynamic_task_mapping to 2022-03-04T00:00:00+00:00, run_after=2022-03-05T00:00:00+00:00
[2023-04-28T18:18:22.902-0300] {processor.py:175} INFO - Processing /home/lcscarv/projetos/indicium/desafio_5/.venv/lib/python3.8/site-packages/airflow/example_dags/example_dynamic_task_mapping.py took 0.064 seconds
[2023-04-28T18:19:19.508-0300] {processor.py:153} INFO - Started process (PID=6259) to work on /home/lcscarv/projetos/indicium/desafio_5/.venv/lib/python3.8/site-packages/airflow/example_dags/example_dynamic_task_mapping.py
[2023-04-28T18:19:19.511-0300] {processor.py:743} INFO - Processing file /home/lcscarv/projetos/indicium/desafio_5/.venv/lib/python3.8/site-packages/airflow/example_dags/example_dynamic_task_mapping.py for tasks to queue
[2023-04-28T18:19:19.512-0300] {logging_mixin.py:137} INFO - [2023-04-28T18:19:19.512-0300] {dagbag.py:532} INFO - Filling up the DagBag from /home/lcscarv/projetos/indicium/desafio_5/.venv/lib/python3.8/site-packages/airflow/example_dags/example_dynamic_task_mapping.py
[2023-04-28T18:19:19.572-0300] {processor.py:753} INFO - DAG(s) dict_keys(['example_dynamic_task_mapping']) retrieved from /home/lcscarv/projetos/indicium/desafio_5/.venv/lib/python3.8/site-packages/airflow/example_dags/example_dynamic_task_mapping.py
[2023-04-28T18:19:19.619-0300] {logging_mixin.py:137} INFO - [2023-04-28T18:19:19.619-0300] {dag.py:2705} INFO - Sync 1 DAGs
[2023-04-28T18:19:19.829-0300] {logging_mixin.py:137} INFO - [2023-04-28T18:19:19.829-0300] {dag.py:3452} INFO - Setting next_dagrun for example_dynamic_task_mapping to 2022-03-04T00:00:00+00:00, run_after=2022-03-05T00:00:00+00:00
[2023-04-28T18:19:19.899-0300] {processor.py:175} INFO - Processing /home/lcscarv/projetos/indicium/desafio_5/.venv/lib/python3.8/site-packages/airflow/example_dags/example_dynamic_task_mapping.py took 0.396 seconds
[2023-04-28T18:20:06.936-0300] {processor.py:153} INFO - Started process (PID=6303) to work on /home/lcscarv/projetos/indicium/desafio_5/.venv/lib/python3.8/site-packages/airflow/example_dags/example_dynamic_task_mapping.py
[2023-04-28T18:20:06.937-0300] {processor.py:743} INFO - Processing file /home/lcscarv/projetos/indicium/desafio_5/.venv/lib/python3.8/site-packages/airflow/example_dags/example_dynamic_task_mapping.py for tasks to queue
[2023-04-28T18:20:06.937-0300] {logging_mixin.py:137} INFO - [2023-04-28T18:20:06.937-0300] {dagbag.py:532} INFO - Filling up the DagBag from /home/lcscarv/projetos/indicium/desafio_5/.venv/lib/python3.8/site-packages/airflow/example_dags/example_dynamic_task_mapping.py
[2023-04-28T18:20:06.955-0300] {processor.py:753} INFO - DAG(s) dict_keys(['example_dynamic_task_mapping']) retrieved from /home/lcscarv/projetos/indicium/desafio_5/.venv/lib/python3.8/site-packages/airflow/example_dags/example_dynamic_task_mapping.py
[2023-04-28T18:20:06.967-0300] {logging_mixin.py:137} INFO - [2023-04-28T18:20:06.966-0300] {dag.py:2705} INFO - Sync 1 DAGs
[2023-04-28T18:20:07.047-0300] {logging_mixin.py:137} INFO - [2023-04-28T18:20:07.047-0300] {dag.py:3452} INFO - Setting next_dagrun for example_dynamic_task_mapping to 2022-03-04T00:00:00+00:00, run_after=2022-03-05T00:00:00+00:00
[2023-04-28T18:20:07.144-0300] {processor.py:175} INFO - Processing /home/lcscarv/projetos/indicium/desafio_5/.venv/lib/python3.8/site-packages/airflow/example_dags/example_dynamic_task_mapping.py took 0.211 seconds
[2023-04-28T18:20:57.924-0300] {processor.py:153} INFO - Started process (PID=6400) to work on /home/lcscarv/projetos/indicium/desafio_5/.venv/lib/python3.8/site-packages/airflow/example_dags/example_dynamic_task_mapping.py
[2023-04-28T18:20:57.971-0300] {processor.py:743} INFO - Processing file /home/lcscarv/projetos/indicium/desafio_5/.venv/lib/python3.8/site-packages/airflow/example_dags/example_dynamic_task_mapping.py for tasks to queue
[2023-04-28T18:20:57.972-0300] {logging_mixin.py:137} INFO - [2023-04-28T18:20:57.972-0300] {dagbag.py:532} INFO - Filling up the DagBag from /home/lcscarv/projetos/indicium/desafio_5/.venv/lib/python3.8/site-packages/airflow/example_dags/example_dynamic_task_mapping.py
[2023-04-28T18:20:57.988-0300] {processor.py:753} INFO - DAG(s) dict_keys(['example_dynamic_task_mapping']) retrieved from /home/lcscarv/projetos/indicium/desafio_5/.venv/lib/python3.8/site-packages/airflow/example_dags/example_dynamic_task_mapping.py
[2023-04-28T18:20:58.060-0300] {logging_mixin.py:137} INFO - [2023-04-28T18:20:58.060-0300] {dag.py:2705} INFO - Sync 1 DAGs
[2023-04-28T18:20:58.070-0300] {logging_mixin.py:137} INFO - [2023-04-28T18:20:58.070-0300] {dag.py:3452} INFO - Setting next_dagrun for example_dynamic_task_mapping to 2022-03-04T00:00:00+00:00, run_after=2022-03-05T00:00:00+00:00
[2023-04-28T18:20:58.115-0300] {processor.py:175} INFO - Processing /home/lcscarv/projetos/indicium/desafio_5/.venv/lib/python3.8/site-packages/airflow/example_dags/example_dynamic_task_mapping.py took 0.193 seconds
