[2023-04-28T18:00:20.059-0300] {processor.py:153} INFO - Started process (PID=4506) to work on /home/lcscarv/projetos/indicium/desafio_5/.venv/lib/python3.8/site-packages/airflow/example_dags/example_skip_dag.py
[2023-04-28T18:00:20.059-0300] {processor.py:743} INFO - Processing file /home/lcscarv/projetos/indicium/desafio_5/.venv/lib/python3.8/site-packages/airflow/example_dags/example_skip_dag.py for tasks to queue
[2023-04-28T18:00:20.060-0300] {logging_mixin.py:137} INFO - [2023-04-28T18:00:20.060-0300] {dagbag.py:532} INFO - Filling up the DagBag from /home/lcscarv/projetos/indicium/desafio_5/.venv/lib/python3.8/site-packages/airflow/example_dags/example_skip_dag.py
[2023-04-28T18:00:20.074-0300] {processor.py:753} INFO - DAG(s) dict_keys(['example_skip_dag']) retrieved from /home/lcscarv/projetos/indicium/desafio_5/.venv/lib/python3.8/site-packages/airflow/example_dags/example_skip_dag.py
[2023-04-28T18:00:20.095-0300] {logging_mixin.py:137} INFO - [2023-04-28T18:00:20.095-0300] {dag.py:2705} INFO - Sync 1 DAGs
[2023-04-28T18:00:20.114-0300] {logging_mixin.py:137} INFO - [2023-04-28T18:00:20.114-0300] {dag.py:3452} INFO - Setting next_dagrun for example_skip_dag to 2023-04-27T21:00:20.113660+00:00, run_after=2023-04-28T21:00:20.113660+00:00
[2023-04-28T18:00:20.138-0300] {processor.py:175} INFO - Processing /home/lcscarv/projetos/indicium/desafio_5/.venv/lib/python3.8/site-packages/airflow/example_dags/example_skip_dag.py took 0.082 seconds
[2023-04-28T18:01:03.438-0300] {processor.py:153} INFO - Started process (PID=4630) to work on /home/lcscarv/projetos/indicium/desafio_5/.venv/lib/python3.8/site-packages/airflow/example_dags/example_skip_dag.py
[2023-04-28T18:01:03.439-0300] {processor.py:743} INFO - Processing file /home/lcscarv/projetos/indicium/desafio_5/.venv/lib/python3.8/site-packages/airflow/example_dags/example_skip_dag.py for tasks to queue
[2023-04-28T18:01:03.440-0300] {logging_mixin.py:137} INFO - [2023-04-28T18:01:03.440-0300] {dagbag.py:532} INFO - Filling up the DagBag from /home/lcscarv/projetos/indicium/desafio_5/.venv/lib/python3.8/site-packages/airflow/example_dags/example_skip_dag.py
[2023-04-28T18:01:03.448-0300] {processor.py:753} INFO - DAG(s) dict_keys(['example_skip_dag']) retrieved from /home/lcscarv/projetos/indicium/desafio_5/.venv/lib/python3.8/site-packages/airflow/example_dags/example_skip_dag.py
[2023-04-28T18:01:03.462-0300] {logging_mixin.py:137} INFO - [2023-04-28T18:01:03.462-0300] {dag.py:2705} INFO - Sync 1 DAGs
[2023-04-28T18:01:03.475-0300] {logging_mixin.py:137} INFO - [2023-04-28T18:01:03.475-0300] {dag.py:3452} INFO - Setting next_dagrun for example_skip_dag to 2023-04-27T21:01:03.475445+00:00, run_after=2023-04-28T21:01:03.475445+00:00
[2023-04-28T18:01:03.492-0300] {processor.py:175} INFO - Processing /home/lcscarv/projetos/indicium/desafio_5/.venv/lib/python3.8/site-packages/airflow/example_dags/example_skip_dag.py took 0.056 seconds
[2023-04-28T18:01:48.520-0300] {processor.py:153} INFO - Started process (PID=4672) to work on /home/lcscarv/projetos/indicium/desafio_5/.venv/lib/python3.8/site-packages/airflow/example_dags/example_skip_dag.py
[2023-04-28T18:01:48.522-0300] {processor.py:743} INFO - Processing file /home/lcscarv/projetos/indicium/desafio_5/.venv/lib/python3.8/site-packages/airflow/example_dags/example_skip_dag.py for tasks to queue
[2023-04-28T18:01:48.523-0300] {logging_mixin.py:137} INFO - [2023-04-28T18:01:48.523-0300] {dagbag.py:532} INFO - Filling up the DagBag from /home/lcscarv/projetos/indicium/desafio_5/.venv/lib/python3.8/site-packages/airflow/example_dags/example_skip_dag.py
[2023-04-28T18:01:48.560-0300] {processor.py:753} INFO - DAG(s) dict_keys(['example_skip_dag']) retrieved from /home/lcscarv/projetos/indicium/desafio_5/.venv/lib/python3.8/site-packages/airflow/example_dags/example_skip_dag.py
[2023-04-28T18:01:48.603-0300] {logging_mixin.py:137} INFO - [2023-04-28T18:01:48.602-0300] {dag.py:2705} INFO - Sync 1 DAGs
[2023-04-28T18:01:48.641-0300] {logging_mixin.py:137} INFO - [2023-04-28T18:01:48.640-0300] {dag.py:3452} INFO - Setting next_dagrun for example_skip_dag to 2023-04-27T21:01:48.640658+00:00, run_after=2023-04-28T21:01:48.640658+00:00
[2023-04-28T18:01:48.685-0300] {processor.py:175} INFO - Processing /home/lcscarv/projetos/indicium/desafio_5/.venv/lib/python3.8/site-packages/airflow/example_dags/example_skip_dag.py took 0.171 seconds
[2023-04-28T18:02:41.402-0300] {processor.py:153} INFO - Started process (PID=4763) to work on /home/lcscarv/projetos/indicium/desafio_5/.venv/lib/python3.8/site-packages/airflow/example_dags/example_skip_dag.py
[2023-04-28T18:02:41.404-0300] {processor.py:743} INFO - Processing file /home/lcscarv/projetos/indicium/desafio_5/.venv/lib/python3.8/site-packages/airflow/example_dags/example_skip_dag.py for tasks to queue
[2023-04-28T18:02:41.404-0300] {logging_mixin.py:137} INFO - [2023-04-28T18:02:41.404-0300] {dagbag.py:532} INFO - Filling up the DagBag from /home/lcscarv/projetos/indicium/desafio_5/.venv/lib/python3.8/site-packages/airflow/example_dags/example_skip_dag.py
[2023-04-28T18:02:41.415-0300] {processor.py:753} INFO - DAG(s) dict_keys(['example_skip_dag']) retrieved from /home/lcscarv/projetos/indicium/desafio_5/.venv/lib/python3.8/site-packages/airflow/example_dags/example_skip_dag.py
[2023-04-28T18:02:41.434-0300] {logging_mixin.py:137} INFO - [2023-04-28T18:02:41.434-0300] {dag.py:2705} INFO - Sync 1 DAGs
[2023-04-28T18:02:41.450-0300] {logging_mixin.py:137} INFO - [2023-04-28T18:02:41.449-0300] {dag.py:3452} INFO - Setting next_dagrun for example_skip_dag to 2023-04-27T21:02:41.449667+00:00, run_after=2023-04-28T21:02:41.449667+00:00
[2023-04-28T18:02:41.471-0300] {processor.py:175} INFO - Processing /home/lcscarv/projetos/indicium/desafio_5/.venv/lib/python3.8/site-packages/airflow/example_dags/example_skip_dag.py took 0.071 seconds
[2023-04-28T18:03:25.406-0300] {processor.py:153} INFO - Started process (PID=4851) to work on /home/lcscarv/projetos/indicium/desafio_5/.venv/lib/python3.8/site-packages/airflow/example_dags/example_skip_dag.py
[2023-04-28T18:03:25.516-0300] {processor.py:743} INFO - Processing file /home/lcscarv/projetos/indicium/desafio_5/.venv/lib/python3.8/site-packages/airflow/example_dags/example_skip_dag.py for tasks to queue
[2023-04-28T18:03:25.517-0300] {logging_mixin.py:137} INFO - [2023-04-28T18:03:25.517-0300] {dagbag.py:532} INFO - Filling up the DagBag from /home/lcscarv/projetos/indicium/desafio_5/.venv/lib/python3.8/site-packages/airflow/example_dags/example_skip_dag.py
[2023-04-28T18:03:25.532-0300] {processor.py:753} INFO - DAG(s) dict_keys(['example_skip_dag']) retrieved from /home/lcscarv/projetos/indicium/desafio_5/.venv/lib/python3.8/site-packages/airflow/example_dags/example_skip_dag.py
[2023-04-28T18:03:25.544-0300] {logging_mixin.py:137} INFO - [2023-04-28T18:03:25.544-0300] {dag.py:2705} INFO - Sync 1 DAGs
[2023-04-28T18:03:25.557-0300] {logging_mixin.py:137} INFO - [2023-04-28T18:03:25.556-0300] {dag.py:3452} INFO - Setting next_dagrun for example_skip_dag to 2023-04-27T21:03:25.556796+00:00, run_after=2023-04-28T21:03:25.556796+00:00
[2023-04-28T18:03:26.239-0300] {processor.py:175} INFO - Processing /home/lcscarv/projetos/indicium/desafio_5/.venv/lib/python3.8/site-packages/airflow/example_dags/example_skip_dag.py took 0.840 seconds
[2023-04-28T18:04:07.867-0300] {processor.py:153} INFO - Started process (PID=4893) to work on /home/lcscarv/projetos/indicium/desafio_5/.venv/lib/python3.8/site-packages/airflow/example_dags/example_skip_dag.py
[2023-04-28T18:04:07.869-0300] {processor.py:743} INFO - Processing file /home/lcscarv/projetos/indicium/desafio_5/.venv/lib/python3.8/site-packages/airflow/example_dags/example_skip_dag.py for tasks to queue
[2023-04-28T18:04:07.869-0300] {logging_mixin.py:137} INFO - [2023-04-28T18:04:07.869-0300] {dagbag.py:532} INFO - Filling up the DagBag from /home/lcscarv/projetos/indicium/desafio_5/.venv/lib/python3.8/site-packages/airflow/example_dags/example_skip_dag.py
[2023-04-28T18:04:07.878-0300] {processor.py:753} INFO - DAG(s) dict_keys(['example_skip_dag']) retrieved from /home/lcscarv/projetos/indicium/desafio_5/.venv/lib/python3.8/site-packages/airflow/example_dags/example_skip_dag.py
[2023-04-28T18:04:07.893-0300] {logging_mixin.py:137} INFO - [2023-04-28T18:04:07.893-0300] {dag.py:2705} INFO - Sync 1 DAGs
[2023-04-28T18:04:07.905-0300] {logging_mixin.py:137} INFO - [2023-04-28T18:04:07.905-0300] {dag.py:3452} INFO - Setting next_dagrun for example_skip_dag to 2023-04-27T21:04:07.905193+00:00, run_after=2023-04-28T21:04:07.905193+00:00
[2023-04-28T18:04:07.923-0300] {processor.py:175} INFO - Processing /home/lcscarv/projetos/indicium/desafio_5/.venv/lib/python3.8/site-packages/airflow/example_dags/example_skip_dag.py took 0.058 seconds
[2023-04-28T18:04:45.503-0300] {processor.py:153} INFO - Started process (PID=4981) to work on /home/lcscarv/projetos/indicium/desafio_5/.venv/lib/python3.8/site-packages/airflow/example_dags/example_skip_dag.py
[2023-04-28T18:04:45.504-0300] {processor.py:743} INFO - Processing file /home/lcscarv/projetos/indicium/desafio_5/.venv/lib/python3.8/site-packages/airflow/example_dags/example_skip_dag.py for tasks to queue
[2023-04-28T18:04:45.504-0300] {logging_mixin.py:137} INFO - [2023-04-28T18:04:45.504-0300] {dagbag.py:532} INFO - Filling up the DagBag from /home/lcscarv/projetos/indicium/desafio_5/.venv/lib/python3.8/site-packages/airflow/example_dags/example_skip_dag.py
[2023-04-28T18:04:45.515-0300] {processor.py:753} INFO - DAG(s) dict_keys(['example_skip_dag']) retrieved from /home/lcscarv/projetos/indicium/desafio_5/.venv/lib/python3.8/site-packages/airflow/example_dags/example_skip_dag.py
[2023-04-28T18:04:45.535-0300] {logging_mixin.py:137} INFO - [2023-04-28T18:04:45.534-0300] {dag.py:2705} INFO - Sync 1 DAGs
[2023-04-28T18:04:45.554-0300] {logging_mixin.py:137} INFO - [2023-04-28T18:04:45.554-0300] {dag.py:3452} INFO - Setting next_dagrun for example_skip_dag to 2023-04-27T21:04:45.554466+00:00, run_after=2023-04-28T21:04:45.554466+00:00
[2023-04-28T18:04:45.579-0300] {processor.py:175} INFO - Processing /home/lcscarv/projetos/indicium/desafio_5/.venv/lib/python3.8/site-packages/airflow/example_dags/example_skip_dag.py took 0.079 seconds
[2023-04-28T18:05:19.792-0300] {processor.py:153} INFO - Started process (PID=5068) to work on /home/lcscarv/projetos/indicium/desafio_5/.venv/lib/python3.8/site-packages/airflow/example_dags/example_skip_dag.py
[2023-04-28T18:05:19.793-0300] {processor.py:743} INFO - Processing file /home/lcscarv/projetos/indicium/desafio_5/.venv/lib/python3.8/site-packages/airflow/example_dags/example_skip_dag.py for tasks to queue
[2023-04-28T18:05:19.793-0300] {logging_mixin.py:137} INFO - [2023-04-28T18:05:19.793-0300] {dagbag.py:532} INFO - Filling up the DagBag from /home/lcscarv/projetos/indicium/desafio_5/.venv/lib/python3.8/site-packages/airflow/example_dags/example_skip_dag.py
[2023-04-28T18:05:19.803-0300] {processor.py:753} INFO - DAG(s) dict_keys(['example_skip_dag']) retrieved from /home/lcscarv/projetos/indicium/desafio_5/.venv/lib/python3.8/site-packages/airflow/example_dags/example_skip_dag.py
[2023-04-28T18:05:19.815-0300] {logging_mixin.py:137} INFO - [2023-04-28T18:05:19.815-0300] {dag.py:2705} INFO - Sync 1 DAGs
[2023-04-28T18:05:19.827-0300] {logging_mixin.py:137} INFO - [2023-04-28T18:05:19.826-0300] {dag.py:3452} INFO - Setting next_dagrun for example_skip_dag to 2023-04-27T21:05:19.826699+00:00, run_after=2023-04-28T21:05:19.826699+00:00
[2023-04-28T18:05:19.843-0300] {processor.py:175} INFO - Processing /home/lcscarv/projetos/indicium/desafio_5/.venv/lib/python3.8/site-packages/airflow/example_dags/example_skip_dag.py took 0.053 seconds
[2023-04-28T18:06:00.045-0300] {processor.py:153} INFO - Started process (PID=5110) to work on /home/lcscarv/projetos/indicium/desafio_5/.venv/lib/python3.8/site-packages/airflow/example_dags/example_skip_dag.py
[2023-04-28T18:06:00.046-0300] {processor.py:743} INFO - Processing file /home/lcscarv/projetos/indicium/desafio_5/.venv/lib/python3.8/site-packages/airflow/example_dags/example_skip_dag.py for tasks to queue
[2023-04-28T18:06:00.047-0300] {logging_mixin.py:137} INFO - [2023-04-28T18:06:00.047-0300] {dagbag.py:532} INFO - Filling up the DagBag from /home/lcscarv/projetos/indicium/desafio_5/.venv/lib/python3.8/site-packages/airflow/example_dags/example_skip_dag.py
[2023-04-28T18:06:00.057-0300] {processor.py:753} INFO - DAG(s) dict_keys(['example_skip_dag']) retrieved from /home/lcscarv/projetos/indicium/desafio_5/.venv/lib/python3.8/site-packages/airflow/example_dags/example_skip_dag.py
[2023-04-28T18:06:00.072-0300] {logging_mixin.py:137} INFO - [2023-04-28T18:06:00.072-0300] {dag.py:2705} INFO - Sync 1 DAGs
[2023-04-28T18:06:00.085-0300] {logging_mixin.py:137} INFO - [2023-04-28T18:06:00.085-0300] {dag.py:3452} INFO - Setting next_dagrun for example_skip_dag to 2023-04-27T21:06:00.085659+00:00, run_after=2023-04-28T21:06:00.085659+00:00
[2023-04-28T18:06:00.103-0300] {processor.py:175} INFO - Processing /home/lcscarv/projetos/indicium/desafio_5/.venv/lib/python3.8/site-packages/airflow/example_dags/example_skip_dag.py took 0.060 seconds
[2023-04-28T18:06:35.377-0300] {processor.py:153} INFO - Started process (PID=5145) to work on /home/lcscarv/projetos/indicium/desafio_5/.venv/lib/python3.8/site-packages/airflow/example_dags/example_skip_dag.py
[2023-04-28T18:06:35.378-0300] {processor.py:743} INFO - Processing file /home/lcscarv/projetos/indicium/desafio_5/.venv/lib/python3.8/site-packages/airflow/example_dags/example_skip_dag.py for tasks to queue
[2023-04-28T18:06:35.379-0300] {logging_mixin.py:137} INFO - [2023-04-28T18:06:35.379-0300] {dagbag.py:532} INFO - Filling up the DagBag from /home/lcscarv/projetos/indicium/desafio_5/.venv/lib/python3.8/site-packages/airflow/example_dags/example_skip_dag.py
[2023-04-28T18:06:35.387-0300] {processor.py:753} INFO - DAG(s) dict_keys(['example_skip_dag']) retrieved from /home/lcscarv/projetos/indicium/desafio_5/.venv/lib/python3.8/site-packages/airflow/example_dags/example_skip_dag.py
[2023-04-28T18:06:35.399-0300] {logging_mixin.py:137} INFO - [2023-04-28T18:06:35.399-0300] {dag.py:2705} INFO - Sync 1 DAGs
[2023-04-28T18:06:35.410-0300] {logging_mixin.py:137} INFO - [2023-04-28T18:06:35.410-0300] {dag.py:3452} INFO - Setting next_dagrun for example_skip_dag to 2023-04-27T21:06:35.410655+00:00, run_after=2023-04-28T21:06:35.410655+00:00
[2023-04-28T18:06:35.429-0300] {processor.py:175} INFO - Processing /home/lcscarv/projetos/indicium/desafio_5/.venv/lib/python3.8/site-packages/airflow/example_dags/example_skip_dag.py took 0.054 seconds
[2023-04-28T18:07:14.660-0300] {processor.py:153} INFO - Started process (PID=5175) to work on /home/lcscarv/projetos/indicium/desafio_5/.venv/lib/python3.8/site-packages/airflow/example_dags/example_skip_dag.py
[2023-04-28T18:07:14.662-0300] {processor.py:743} INFO - Processing file /home/lcscarv/projetos/indicium/desafio_5/.venv/lib/python3.8/site-packages/airflow/example_dags/example_skip_dag.py for tasks to queue
[2023-04-28T18:07:14.662-0300] {logging_mixin.py:137} INFO - [2023-04-28T18:07:14.662-0300] {dagbag.py:532} INFO - Filling up the DagBag from /home/lcscarv/projetos/indicium/desafio_5/.venv/lib/python3.8/site-packages/airflow/example_dags/example_skip_dag.py
[2023-04-28T18:07:14.675-0300] {processor.py:753} INFO - DAG(s) dict_keys(['example_skip_dag']) retrieved from /home/lcscarv/projetos/indicium/desafio_5/.venv/lib/python3.8/site-packages/airflow/example_dags/example_skip_dag.py
[2023-04-28T18:07:14.691-0300] {logging_mixin.py:137} INFO - [2023-04-28T18:07:14.691-0300] {dag.py:2705} INFO - Sync 1 DAGs
[2023-04-28T18:07:14.708-0300] {logging_mixin.py:137} INFO - [2023-04-28T18:07:14.708-0300] {dag.py:3452} INFO - Setting next_dagrun for example_skip_dag to 2023-04-27T21:07:14.708343+00:00, run_after=2023-04-28T21:07:14.708343+00:00
[2023-04-28T18:07:14.731-0300] {processor.py:175} INFO - Processing /home/lcscarv/projetos/indicium/desafio_5/.venv/lib/python3.8/site-packages/airflow/example_dags/example_skip_dag.py took 0.073 seconds
[2023-04-28T18:08:07.824-0300] {processor.py:153} INFO - Started process (PID=5369) to work on /home/lcscarv/projetos/indicium/desafio_5/.venv/lib/python3.8/site-packages/airflow/example_dags/example_skip_dag.py
[2023-04-28T18:08:07.825-0300] {processor.py:743} INFO - Processing file /home/lcscarv/projetos/indicium/desafio_5/.venv/lib/python3.8/site-packages/airflow/example_dags/example_skip_dag.py for tasks to queue
[2023-04-28T18:08:07.825-0300] {logging_mixin.py:137} INFO - [2023-04-28T18:08:07.825-0300] {dagbag.py:532} INFO - Filling up the DagBag from /home/lcscarv/projetos/indicium/desafio_5/.venv/lib/python3.8/site-packages/airflow/example_dags/example_skip_dag.py
[2023-04-28T18:08:07.835-0300] {processor.py:753} INFO - DAG(s) dict_keys(['example_skip_dag']) retrieved from /home/lcscarv/projetos/indicium/desafio_5/.venv/lib/python3.8/site-packages/airflow/example_dags/example_skip_dag.py
[2023-04-28T18:08:07.848-0300] {logging_mixin.py:137} INFO - [2023-04-28T18:08:07.848-0300] {dag.py:2705} INFO - Sync 1 DAGs
[2023-04-28T18:08:07.861-0300] {logging_mixin.py:137} INFO - [2023-04-28T18:08:07.861-0300] {dag.py:3452} INFO - Setting next_dagrun for example_skip_dag to 2023-04-27T21:08:07.861434+00:00, run_after=2023-04-28T21:08:07.861434+00:00
[2023-04-28T18:08:07.881-0300] {processor.py:175} INFO - Processing /home/lcscarv/projetos/indicium/desafio_5/.venv/lib/python3.8/site-packages/airflow/example_dags/example_skip_dag.py took 0.059 seconds
[2023-04-28T18:08:48.765-0300] {processor.py:153} INFO - Started process (PID=5407) to work on /home/lcscarv/projetos/indicium/desafio_5/.venv/lib/python3.8/site-packages/airflow/example_dags/example_skip_dag.py
[2023-04-28T18:08:48.766-0300] {processor.py:743} INFO - Processing file /home/lcscarv/projetos/indicium/desafio_5/.venv/lib/python3.8/site-packages/airflow/example_dags/example_skip_dag.py for tasks to queue
[2023-04-28T18:08:48.767-0300] {logging_mixin.py:137} INFO - [2023-04-28T18:08:48.767-0300] {dagbag.py:532} INFO - Filling up the DagBag from /home/lcscarv/projetos/indicium/desafio_5/.venv/lib/python3.8/site-packages/airflow/example_dags/example_skip_dag.py
[2023-04-28T18:08:48.777-0300] {processor.py:753} INFO - DAG(s) dict_keys(['example_skip_dag']) retrieved from /home/lcscarv/projetos/indicium/desafio_5/.venv/lib/python3.8/site-packages/airflow/example_dags/example_skip_dag.py
[2023-04-28T18:08:48.792-0300] {logging_mixin.py:137} INFO - [2023-04-28T18:08:48.791-0300] {dag.py:2705} INFO - Sync 1 DAGs
[2023-04-28T18:08:48.805-0300] {logging_mixin.py:137} INFO - [2023-04-28T18:08:48.805-0300] {dag.py:3452} INFO - Setting next_dagrun for example_skip_dag to 2023-04-27T21:08:48.805233+00:00, run_after=2023-04-28T21:08:48.805233+00:00
[2023-04-28T18:08:48.825-0300] {processor.py:175} INFO - Processing /home/lcscarv/projetos/indicium/desafio_5/.venv/lib/python3.8/site-packages/airflow/example_dags/example_skip_dag.py took 0.062 seconds
[2023-04-28T18:09:36.022-0300] {processor.py:153} INFO - Started process (PID=5501) to work on /home/lcscarv/projetos/indicium/desafio_5/.venv/lib/python3.8/site-packages/airflow/example_dags/example_skip_dag.py
[2023-04-28T18:09:36.140-0300] {processor.py:743} INFO - Processing file /home/lcscarv/projetos/indicium/desafio_5/.venv/lib/python3.8/site-packages/airflow/example_dags/example_skip_dag.py for tasks to queue
[2023-04-28T18:09:36.141-0300] {logging_mixin.py:137} INFO - [2023-04-28T18:09:36.141-0300] {dagbag.py:532} INFO - Filling up the DagBag from /home/lcscarv/projetos/indicium/desafio_5/.venv/lib/python3.8/site-packages/airflow/example_dags/example_skip_dag.py
[2023-04-28T18:09:36.152-0300] {processor.py:753} INFO - DAG(s) dict_keys(['example_skip_dag']) retrieved from /home/lcscarv/projetos/indicium/desafio_5/.venv/lib/python3.8/site-packages/airflow/example_dags/example_skip_dag.py
[2023-04-28T18:09:36.164-0300] {logging_mixin.py:137} INFO - [2023-04-28T18:09:36.164-0300] {dag.py:2705} INFO - Sync 1 DAGs
[2023-04-28T18:09:36.175-0300] {logging_mixin.py:137} INFO - [2023-04-28T18:09:36.175-0300] {dag.py:3452} INFO - Setting next_dagrun for example_skip_dag to 2023-04-27T21:09:36.175703+00:00, run_after=2023-04-28T21:09:36.175703+00:00
[2023-04-28T18:09:36.479-0300] {processor.py:175} INFO - Processing /home/lcscarv/projetos/indicium/desafio_5/.venv/lib/python3.8/site-packages/airflow/example_dags/example_skip_dag.py took 0.460 seconds
[2023-04-28T18:10:27.958-0300] {processor.py:153} INFO - Started process (PID=5647) to work on /home/lcscarv/projetos/indicium/desafio_5/.venv/lib/python3.8/site-packages/airflow/example_dags/example_skip_dag.py
[2023-04-28T18:10:27.961-0300] {processor.py:743} INFO - Processing file /home/lcscarv/projetos/indicium/desafio_5/.venv/lib/python3.8/site-packages/airflow/example_dags/example_skip_dag.py for tasks to queue
[2023-04-28T18:10:27.962-0300] {logging_mixin.py:137} INFO - [2023-04-28T18:10:27.962-0300] {dagbag.py:532} INFO - Filling up the DagBag from /home/lcscarv/projetos/indicium/desafio_5/.venv/lib/python3.8/site-packages/airflow/example_dags/example_skip_dag.py
[2023-04-28T18:10:27.972-0300] {processor.py:753} INFO - DAG(s) dict_keys(['example_skip_dag']) retrieved from /home/lcscarv/projetos/indicium/desafio_5/.venv/lib/python3.8/site-packages/airflow/example_dags/example_skip_dag.py
[2023-04-28T18:10:27.988-0300] {logging_mixin.py:137} INFO - [2023-04-28T18:10:27.988-0300] {dag.py:2705} INFO - Sync 1 DAGs
[2023-04-28T18:10:28.005-0300] {logging_mixin.py:137} INFO - [2023-04-28T18:10:28.005-0300] {dag.py:3452} INFO - Setting next_dagrun for example_skip_dag to 2023-04-27T21:10:28.005200+00:00, run_after=2023-04-28T21:10:28.005200+00:00
[2023-04-28T18:10:28.025-0300] {processor.py:175} INFO - Processing /home/lcscarv/projetos/indicium/desafio_5/.venv/lib/python3.8/site-packages/airflow/example_dags/example_skip_dag.py took 0.069 seconds
[2023-04-28T18:11:18.406-0300] {processor.py:153} INFO - Started process (PID=5743) to work on /home/lcscarv/projetos/indicium/desafio_5/.venv/lib/python3.8/site-packages/airflow/example_dags/example_skip_dag.py
[2023-04-28T18:11:18.444-0300] {processor.py:743} INFO - Processing file /home/lcscarv/projetos/indicium/desafio_5/.venv/lib/python3.8/site-packages/airflow/example_dags/example_skip_dag.py for tasks to queue
[2023-04-28T18:11:18.445-0300] {logging_mixin.py:137} INFO - [2023-04-28T18:11:18.445-0300] {dagbag.py:532} INFO - Filling up the DagBag from /home/lcscarv/projetos/indicium/desafio_5/.venv/lib/python3.8/site-packages/airflow/example_dags/example_skip_dag.py
[2023-04-28T18:11:18.457-0300] {processor.py:753} INFO - DAG(s) dict_keys(['example_skip_dag']) retrieved from /home/lcscarv/projetos/indicium/desafio_5/.venv/lib/python3.8/site-packages/airflow/example_dags/example_skip_dag.py
[2023-04-28T18:11:18.470-0300] {logging_mixin.py:137} INFO - [2023-04-28T18:11:18.470-0300] {dag.py:2705} INFO - Sync 1 DAGs
[2023-04-28T18:11:18.482-0300] {logging_mixin.py:137} INFO - [2023-04-28T18:11:18.482-0300] {dag.py:3452} INFO - Setting next_dagrun for example_skip_dag to 2023-04-27T21:11:18.482603+00:00, run_after=2023-04-28T21:11:18.482603+00:00
[2023-04-28T18:11:18.568-0300] {processor.py:175} INFO - Processing /home/lcscarv/projetos/indicium/desafio_5/.venv/lib/python3.8/site-packages/airflow/example_dags/example_skip_dag.py took 0.164 seconds
[2023-04-28T18:11:54.643-0300] {processor.py:153} INFO - Started process (PID=5827) to work on /home/lcscarv/projetos/indicium/desafio_5/.venv/lib/python3.8/site-packages/airflow/example_dags/example_skip_dag.py
[2023-04-28T18:11:54.644-0300] {processor.py:743} INFO - Processing file /home/lcscarv/projetos/indicium/desafio_5/.venv/lib/python3.8/site-packages/airflow/example_dags/example_skip_dag.py for tasks to queue
[2023-04-28T18:11:54.644-0300] {logging_mixin.py:137} INFO - [2023-04-28T18:11:54.644-0300] {dagbag.py:532} INFO - Filling up the DagBag from /home/lcscarv/projetos/indicium/desafio_5/.venv/lib/python3.8/site-packages/airflow/example_dags/example_skip_dag.py
[2023-04-28T18:11:54.654-0300] {processor.py:753} INFO - DAG(s) dict_keys(['example_skip_dag']) retrieved from /home/lcscarv/projetos/indicium/desafio_5/.venv/lib/python3.8/site-packages/airflow/example_dags/example_skip_dag.py
[2023-04-28T18:11:54.667-0300] {logging_mixin.py:137} INFO - [2023-04-28T18:11:54.667-0300] {dag.py:2705} INFO - Sync 1 DAGs
[2023-04-28T18:11:54.681-0300] {logging_mixin.py:137} INFO - [2023-04-28T18:11:54.681-0300] {dag.py:3452} INFO - Setting next_dagrun for example_skip_dag to 2023-04-27T21:11:54.681030+00:00, run_after=2023-04-28T21:11:54.681030+00:00
[2023-04-28T18:11:54.700-0300] {processor.py:175} INFO - Processing /home/lcscarv/projetos/indicium/desafio_5/.venv/lib/python3.8/site-packages/airflow/example_dags/example_skip_dag.py took 0.059 seconds
[2023-04-28T18:12:32.767-0300] {processor.py:153} INFO - Started process (PID=5860) to work on /home/lcscarv/projetos/indicium/desafio_5/.venv/lib/python3.8/site-packages/airflow/example_dags/example_skip_dag.py
[2023-04-28T18:12:32.768-0300] {processor.py:743} INFO - Processing file /home/lcscarv/projetos/indicium/desafio_5/.venv/lib/python3.8/site-packages/airflow/example_dags/example_skip_dag.py for tasks to queue
[2023-04-28T18:12:32.769-0300] {logging_mixin.py:137} INFO - [2023-04-28T18:12:32.769-0300] {dagbag.py:532} INFO - Filling up the DagBag from /home/lcscarv/projetos/indicium/desafio_5/.venv/lib/python3.8/site-packages/airflow/example_dags/example_skip_dag.py
[2023-04-28T18:12:32.779-0300] {processor.py:753} INFO - DAG(s) dict_keys(['example_skip_dag']) retrieved from /home/lcscarv/projetos/indicium/desafio_5/.venv/lib/python3.8/site-packages/airflow/example_dags/example_skip_dag.py
[2023-04-28T18:12:32.794-0300] {logging_mixin.py:137} INFO - [2023-04-28T18:12:32.793-0300] {dag.py:2705} INFO - Sync 1 DAGs
[2023-04-28T18:12:32.808-0300] {logging_mixin.py:137} INFO - [2023-04-28T18:12:32.808-0300] {dag.py:3452} INFO - Setting next_dagrun for example_skip_dag to 2023-04-27T21:12:32.807941+00:00, run_after=2023-04-28T21:12:32.807941+00:00
[2023-04-28T18:12:32.828-0300] {processor.py:175} INFO - Processing /home/lcscarv/projetos/indicium/desafio_5/.venv/lib/python3.8/site-packages/airflow/example_dags/example_skip_dag.py took 0.063 seconds
[2023-04-28T18:13:28.244-0300] {processor.py:153} INFO - Started process (PID=5902) to work on /home/lcscarv/projetos/indicium/desafio_5/.venv/lib/python3.8/site-packages/airflow/example_dags/example_skip_dag.py
[2023-04-28T18:13:28.246-0300] {processor.py:743} INFO - Processing file /home/lcscarv/projetos/indicium/desafio_5/.venv/lib/python3.8/site-packages/airflow/example_dags/example_skip_dag.py for tasks to queue
[2023-04-28T18:13:28.246-0300] {logging_mixin.py:137} INFO - [2023-04-28T18:13:28.246-0300] {dagbag.py:532} INFO - Filling up the DagBag from /home/lcscarv/projetos/indicium/desafio_5/.venv/lib/python3.8/site-packages/airflow/example_dags/example_skip_dag.py
[2023-04-28T18:13:28.258-0300] {processor.py:753} INFO - DAG(s) dict_keys(['example_skip_dag']) retrieved from /home/lcscarv/projetos/indicium/desafio_5/.venv/lib/python3.8/site-packages/airflow/example_dags/example_skip_dag.py
[2023-04-28T18:13:28.289-0300] {logging_mixin.py:137} INFO - [2023-04-28T18:13:28.289-0300] {dag.py:2705} INFO - Sync 1 DAGs
[2023-04-28T18:13:28.308-0300] {logging_mixin.py:137} INFO - [2023-04-28T18:13:28.308-0300] {dag.py:3452} INFO - Setting next_dagrun for example_skip_dag to 2023-04-27T21:13:28.308378+00:00, run_after=2023-04-28T21:13:28.308378+00:00
[2023-04-28T18:13:28.332-0300] {processor.py:175} INFO - Processing /home/lcscarv/projetos/indicium/desafio_5/.venv/lib/python3.8/site-packages/airflow/example_dags/example_skip_dag.py took 0.090 seconds
[2023-04-28T18:14:25.463-0300] {processor.py:153} INFO - Started process (PID=5948) to work on /home/lcscarv/projetos/indicium/desafio_5/.venv/lib/python3.8/site-packages/airflow/example_dags/example_skip_dag.py
[2023-04-28T18:14:25.465-0300] {processor.py:743} INFO - Processing file /home/lcscarv/projetos/indicium/desafio_5/.venv/lib/python3.8/site-packages/airflow/example_dags/example_skip_dag.py for tasks to queue
[2023-04-28T18:14:25.466-0300] {logging_mixin.py:137} INFO - [2023-04-28T18:14:25.465-0300] {dagbag.py:532} INFO - Filling up the DagBag from /home/lcscarv/projetos/indicium/desafio_5/.venv/lib/python3.8/site-packages/airflow/example_dags/example_skip_dag.py
[2023-04-28T18:14:25.475-0300] {processor.py:753} INFO - DAG(s) dict_keys(['example_skip_dag']) retrieved from /home/lcscarv/projetos/indicium/desafio_5/.venv/lib/python3.8/site-packages/airflow/example_dags/example_skip_dag.py
[2023-04-28T18:14:25.490-0300] {logging_mixin.py:137} INFO - [2023-04-28T18:14:25.490-0300] {dag.py:2705} INFO - Sync 1 DAGs
[2023-04-28T18:14:25.503-0300] {logging_mixin.py:137} INFO - [2023-04-28T18:14:25.503-0300] {dag.py:3452} INFO - Setting next_dagrun for example_skip_dag to 2023-04-27T21:14:25.503517+00:00, run_after=2023-04-28T21:14:25.503517+00:00
[2023-04-28T18:14:25.528-0300] {processor.py:175} INFO - Processing /home/lcscarv/projetos/indicium/desafio_5/.venv/lib/python3.8/site-packages/airflow/example_dags/example_skip_dag.py took 0.066 seconds
[2023-04-28T18:15:10.136-0300] {processor.py:153} INFO - Started process (PID=5984) to work on /home/lcscarv/projetos/indicium/desafio_5/.venv/lib/python3.8/site-packages/airflow/example_dags/example_skip_dag.py
[2023-04-28T18:15:10.137-0300] {processor.py:743} INFO - Processing file /home/lcscarv/projetos/indicium/desafio_5/.venv/lib/python3.8/site-packages/airflow/example_dags/example_skip_dag.py for tasks to queue
[2023-04-28T18:15:10.138-0300] {logging_mixin.py:137} INFO - [2023-04-28T18:15:10.138-0300] {dagbag.py:532} INFO - Filling up the DagBag from /home/lcscarv/projetos/indicium/desafio_5/.venv/lib/python3.8/site-packages/airflow/example_dags/example_skip_dag.py
[2023-04-28T18:15:10.149-0300] {processor.py:753} INFO - DAG(s) dict_keys(['example_skip_dag']) retrieved from /home/lcscarv/projetos/indicium/desafio_5/.venv/lib/python3.8/site-packages/airflow/example_dags/example_skip_dag.py
[2023-04-28T18:15:10.163-0300] {logging_mixin.py:137} INFO - [2023-04-28T18:15:10.163-0300] {dag.py:2705} INFO - Sync 1 DAGs
[2023-04-28T18:15:10.177-0300] {logging_mixin.py:137} INFO - [2023-04-28T18:15:10.176-0300] {dag.py:3452} INFO - Setting next_dagrun for example_skip_dag to 2023-04-27T21:15:10.176730+00:00, run_after=2023-04-28T21:15:10.176730+00:00
[2023-04-28T18:15:10.276-0300] {processor.py:175} INFO - Processing /home/lcscarv/projetos/indicium/desafio_5/.venv/lib/python3.8/site-packages/airflow/example_dags/example_skip_dag.py took 0.142 seconds
[2023-04-28T18:15:47.908-0300] {processor.py:153} INFO - Started process (PID=6069) to work on /home/lcscarv/projetos/indicium/desafio_5/.venv/lib/python3.8/site-packages/airflow/example_dags/example_skip_dag.py
[2023-04-28T18:15:47.920-0300] {processor.py:743} INFO - Processing file /home/lcscarv/projetos/indicium/desafio_5/.venv/lib/python3.8/site-packages/airflow/example_dags/example_skip_dag.py for tasks to queue
[2023-04-28T18:15:47.921-0300] {logging_mixin.py:137} INFO - [2023-04-28T18:15:47.921-0300] {dagbag.py:532} INFO - Filling up the DagBag from /home/lcscarv/projetos/indicium/desafio_5/.venv/lib/python3.8/site-packages/airflow/example_dags/example_skip_dag.py
[2023-04-28T18:15:47.933-0300] {processor.py:753} INFO - DAG(s) dict_keys(['example_skip_dag']) retrieved from /home/lcscarv/projetos/indicium/desafio_5/.venv/lib/python3.8/site-packages/airflow/example_dags/example_skip_dag.py
[2023-04-28T18:15:47.949-0300] {logging_mixin.py:137} INFO - [2023-04-28T18:15:47.949-0300] {dag.py:2705} INFO - Sync 1 DAGs
[2023-04-28T18:15:47.962-0300] {logging_mixin.py:137} INFO - [2023-04-28T18:15:47.962-0300] {dag.py:3452} INFO - Setting next_dagrun for example_skip_dag to 2023-04-27T21:15:47.962208+00:00, run_after=2023-04-28T21:15:47.962208+00:00
[2023-04-28T18:15:48.328-0300] {processor.py:175} INFO - Processing /home/lcscarv/projetos/indicium/desafio_5/.venv/lib/python3.8/site-packages/airflow/example_dags/example_skip_dag.py took 0.422 seconds
[2023-04-28T18:16:38.716-0300] {processor.py:153} INFO - Started process (PID=6114) to work on /home/lcscarv/projetos/indicium/desafio_5/.venv/lib/python3.8/site-packages/airflow/example_dags/example_skip_dag.py
[2023-04-28T18:16:38.717-0300] {processor.py:743} INFO - Processing file /home/lcscarv/projetos/indicium/desafio_5/.venv/lib/python3.8/site-packages/airflow/example_dags/example_skip_dag.py for tasks to queue
[2023-04-28T18:16:38.717-0300] {logging_mixin.py:137} INFO - [2023-04-28T18:16:38.717-0300] {dagbag.py:532} INFO - Filling up the DagBag from /home/lcscarv/projetos/indicium/desafio_5/.venv/lib/python3.8/site-packages/airflow/example_dags/example_skip_dag.py
[2023-04-28T18:16:38.727-0300] {processor.py:753} INFO - DAG(s) dict_keys(['example_skip_dag']) retrieved from /home/lcscarv/projetos/indicium/desafio_5/.venv/lib/python3.8/site-packages/airflow/example_dags/example_skip_dag.py
[2023-04-28T18:16:38.740-0300] {logging_mixin.py:137} INFO - [2023-04-28T18:16:38.740-0300] {dag.py:2705} INFO - Sync 1 DAGs
[2023-04-28T18:16:38.817-0300] {logging_mixin.py:137} INFO - [2023-04-28T18:16:38.816-0300] {dag.py:3452} INFO - Setting next_dagrun for example_skip_dag to 2023-04-27T21:16:38.816798+00:00, run_after=2023-04-28T21:16:38.816798+00:00
[2023-04-28T18:16:38.834-0300] {processor.py:175} INFO - Processing /home/lcscarv/projetos/indicium/desafio_5/.venv/lib/python3.8/site-packages/airflow/example_dags/example_skip_dag.py took 0.121 seconds
[2023-04-28T18:17:18.649-0300] {processor.py:153} INFO - Started process (PID=6147) to work on /home/lcscarv/projetos/indicium/desafio_5/.venv/lib/python3.8/site-packages/airflow/example_dags/example_skip_dag.py
[2023-04-28T18:17:18.662-0300] {processor.py:743} INFO - Processing file /home/lcscarv/projetos/indicium/desafio_5/.venv/lib/python3.8/site-packages/airflow/example_dags/example_skip_dag.py for tasks to queue
[2023-04-28T18:17:18.662-0300] {logging_mixin.py:137} INFO - [2023-04-28T18:17:18.662-0300] {dagbag.py:532} INFO - Filling up the DagBag from /home/lcscarv/projetos/indicium/desafio_5/.venv/lib/python3.8/site-packages/airflow/example_dags/example_skip_dag.py
[2023-04-28T18:17:18.674-0300] {processor.py:753} INFO - DAG(s) dict_keys(['example_skip_dag']) retrieved from /home/lcscarv/projetos/indicium/desafio_5/.venv/lib/python3.8/site-packages/airflow/example_dags/example_skip_dag.py
[2023-04-28T18:17:18.759-0300] {logging_mixin.py:137} INFO - [2023-04-28T18:17:18.759-0300] {dag.py:2705} INFO - Sync 1 DAGs
[2023-04-28T18:17:18.771-0300] {logging_mixin.py:137} INFO - [2023-04-28T18:17:18.771-0300] {dag.py:3452} INFO - Setting next_dagrun for example_skip_dag to 2023-04-27T21:17:18.771646+00:00, run_after=2023-04-28T21:17:18.771646+00:00
[2023-04-28T18:17:18.868-0300] {processor.py:175} INFO - Processing /home/lcscarv/projetos/indicium/desafio_5/.venv/lib/python3.8/site-packages/airflow/example_dags/example_skip_dag.py took 0.221 seconds
[2023-04-28T18:17:56.697-0300] {processor.py:153} INFO - Started process (PID=6181) to work on /home/lcscarv/projetos/indicium/desafio_5/.venv/lib/python3.8/site-packages/airflow/example_dags/example_skip_dag.py
[2023-04-28T18:17:56.698-0300] {processor.py:743} INFO - Processing file /home/lcscarv/projetos/indicium/desafio_5/.venv/lib/python3.8/site-packages/airflow/example_dags/example_skip_dag.py for tasks to queue
[2023-04-28T18:17:56.699-0300] {logging_mixin.py:137} INFO - [2023-04-28T18:17:56.699-0300] {dagbag.py:532} INFO - Filling up the DagBag from /home/lcscarv/projetos/indicium/desafio_5/.venv/lib/python3.8/site-packages/airflow/example_dags/example_skip_dag.py
[2023-04-28T18:17:56.708-0300] {processor.py:753} INFO - DAG(s) dict_keys(['example_skip_dag']) retrieved from /home/lcscarv/projetos/indicium/desafio_5/.venv/lib/python3.8/site-packages/airflow/example_dags/example_skip_dag.py
[2023-04-28T18:17:56.794-0300] {logging_mixin.py:137} INFO - [2023-04-28T18:17:56.794-0300] {dag.py:2705} INFO - Sync 1 DAGs
[2023-04-28T18:17:56.808-0300] {logging_mixin.py:137} INFO - [2023-04-28T18:17:56.807-0300] {dag.py:3452} INFO - Setting next_dagrun for example_skip_dag to 2023-04-27T21:17:56.807702+00:00, run_after=2023-04-28T21:17:56.807702+00:00
[2023-04-28T18:17:56.828-0300] {processor.py:175} INFO - Processing /home/lcscarv/projetos/indicium/desafio_5/.venv/lib/python3.8/site-packages/airflow/example_dags/example_skip_dag.py took 0.132 seconds
[2023-04-28T18:18:39.810-0300] {processor.py:153} INFO - Started process (PID=6223) to work on /home/lcscarv/projetos/indicium/desafio_5/.venv/lib/python3.8/site-packages/airflow/example_dags/example_skip_dag.py
[2023-04-28T18:18:39.812-0300] {processor.py:743} INFO - Processing file /home/lcscarv/projetos/indicium/desafio_5/.venv/lib/python3.8/site-packages/airflow/example_dags/example_skip_dag.py for tasks to queue
[2023-04-28T18:18:39.812-0300] {logging_mixin.py:137} INFO - [2023-04-28T18:18:39.812-0300] {dagbag.py:532} INFO - Filling up the DagBag from /home/lcscarv/projetos/indicium/desafio_5/.venv/lib/python3.8/site-packages/airflow/example_dags/example_skip_dag.py
[2023-04-28T18:18:39.821-0300] {processor.py:753} INFO - DAG(s) dict_keys(['example_skip_dag']) retrieved from /home/lcscarv/projetos/indicium/desafio_5/.venv/lib/python3.8/site-packages/airflow/example_dags/example_skip_dag.py
[2023-04-28T18:18:39.834-0300] {logging_mixin.py:137} INFO - [2023-04-28T18:18:39.834-0300] {dag.py:2705} INFO - Sync 1 DAGs
[2023-04-28T18:18:39.846-0300] {logging_mixin.py:137} INFO - [2023-04-28T18:18:39.846-0300] {dag.py:3452} INFO - Setting next_dagrun for example_skip_dag to 2023-04-27T21:18:39.846422+00:00, run_after=2023-04-28T21:18:39.846422+00:00
[2023-04-28T18:18:39.929-0300] {processor.py:175} INFO - Processing /home/lcscarv/projetos/indicium/desafio_5/.venv/lib/python3.8/site-packages/airflow/example_dags/example_skip_dag.py took 0.121 seconds
[2023-04-28T18:19:23.867-0300] {processor.py:153} INFO - Started process (PID=6263) to work on /home/lcscarv/projetos/indicium/desafio_5/.venv/lib/python3.8/site-packages/airflow/example_dags/example_skip_dag.py
[2023-04-28T18:19:23.868-0300] {processor.py:743} INFO - Processing file /home/lcscarv/projetos/indicium/desafio_5/.venv/lib/python3.8/site-packages/airflow/example_dags/example_skip_dag.py for tasks to queue
[2023-04-28T18:19:23.869-0300] {logging_mixin.py:137} INFO - [2023-04-28T18:19:23.869-0300] {dagbag.py:532} INFO - Filling up the DagBag from /home/lcscarv/projetos/indicium/desafio_5/.venv/lib/python3.8/site-packages/airflow/example_dags/example_skip_dag.py
[2023-04-28T18:19:23.881-0300] {processor.py:753} INFO - DAG(s) dict_keys(['example_skip_dag']) retrieved from /home/lcscarv/projetos/indicium/desafio_5/.venv/lib/python3.8/site-packages/airflow/example_dags/example_skip_dag.py
[2023-04-28T18:19:23.897-0300] {logging_mixin.py:137} INFO - [2023-04-28T18:19:23.897-0300] {dag.py:2705} INFO - Sync 1 DAGs
[2023-04-28T18:19:23.912-0300] {logging_mixin.py:137} INFO - [2023-04-28T18:19:23.911-0300] {dag.py:3452} INFO - Setting next_dagrun for example_skip_dag to 2023-04-27T21:19:23.911642+00:00, run_after=2023-04-28T21:19:23.911642+00:00
[2023-04-28T18:19:23.934-0300] {processor.py:175} INFO - Processing /home/lcscarv/projetos/indicium/desafio_5/.venv/lib/python3.8/site-packages/airflow/example_dags/example_skip_dag.py took 0.069 seconds
[2023-04-28T18:19:57.782-0300] {processor.py:153} INFO - Started process (PID=6294) to work on /home/lcscarv/projetos/indicium/desafio_5/.venv/lib/python3.8/site-packages/airflow/example_dags/example_skip_dag.py
[2023-04-28T18:19:57.784-0300] {processor.py:743} INFO - Processing file /home/lcscarv/projetos/indicium/desafio_5/.venv/lib/python3.8/site-packages/airflow/example_dags/example_skip_dag.py for tasks to queue
[2023-04-28T18:19:57.785-0300] {logging_mixin.py:137} INFO - [2023-04-28T18:19:57.784-0300] {dagbag.py:532} INFO - Filling up the DagBag from /home/lcscarv/projetos/indicium/desafio_5/.venv/lib/python3.8/site-packages/airflow/example_dags/example_skip_dag.py
[2023-04-28T18:19:57.793-0300] {processor.py:753} INFO - DAG(s) dict_keys(['example_skip_dag']) retrieved from /home/lcscarv/projetos/indicium/desafio_5/.venv/lib/python3.8/site-packages/airflow/example_dags/example_skip_dag.py
[2023-04-28T18:19:57.806-0300] {logging_mixin.py:137} INFO - [2023-04-28T18:19:57.806-0300] {dag.py:2705} INFO - Sync 1 DAGs
[2023-04-28T18:19:57.820-0300] {logging_mixin.py:137} INFO - [2023-04-28T18:19:57.820-0300] {dag.py:3452} INFO - Setting next_dagrun for example_skip_dag to 2023-04-27T21:19:57.820423+00:00, run_after=2023-04-28T21:19:57.820423+00:00
[2023-04-28T18:19:58.041-0300] {processor.py:175} INFO - Processing /home/lcscarv/projetos/indicium/desafio_5/.venv/lib/python3.8/site-packages/airflow/example_dags/example_skip_dag.py took 0.261 seconds
[2023-04-28T18:20:35.174-0300] {processor.py:153} INFO - Started process (PID=6379) to work on /home/lcscarv/projetos/indicium/desafio_5/.venv/lib/python3.8/site-packages/airflow/example_dags/example_skip_dag.py
[2023-04-28T18:20:35.175-0300] {processor.py:743} INFO - Processing file /home/lcscarv/projetos/indicium/desafio_5/.venv/lib/python3.8/site-packages/airflow/example_dags/example_skip_dag.py for tasks to queue
[2023-04-28T18:20:35.175-0300] {logging_mixin.py:137} INFO - [2023-04-28T18:20:35.175-0300] {dagbag.py:532} INFO - Filling up the DagBag from /home/lcscarv/projetos/indicium/desafio_5/.venv/lib/python3.8/site-packages/airflow/example_dags/example_skip_dag.py
[2023-04-28T18:20:35.184-0300] {processor.py:753} INFO - DAG(s) dict_keys(['example_skip_dag']) retrieved from /home/lcscarv/projetos/indicium/desafio_5/.venv/lib/python3.8/site-packages/airflow/example_dags/example_skip_dag.py
[2023-04-28T18:20:35.198-0300] {logging_mixin.py:137} INFO - [2023-04-28T18:20:35.198-0300] {dag.py:2705} INFO - Sync 1 DAGs
[2023-04-28T18:20:35.390-0300] {logging_mixin.py:137} INFO - [2023-04-28T18:20:35.390-0300] {dag.py:3452} INFO - Setting next_dagrun for example_skip_dag to 2023-04-27T21:20:35.390506+00:00, run_after=2023-04-28T21:20:35.390506+00:00
[2023-04-28T18:20:35.410-0300] {processor.py:175} INFO - Processing /home/lcscarv/projetos/indicium/desafio_5/.venv/lib/python3.8/site-packages/airflow/example_dags/example_skip_dag.py took 0.239 seconds
[2023-04-28T18:21:21.918-0300] {processor.py:153} INFO - Started process (PID=6423) to work on /home/lcscarv/projetos/indicium/desafio_5/.venv/lib/python3.8/site-packages/airflow/example_dags/example_skip_dag.py
[2023-04-28T18:21:21.921-0300] {processor.py:743} INFO - Processing file /home/lcscarv/projetos/indicium/desafio_5/.venv/lib/python3.8/site-packages/airflow/example_dags/example_skip_dag.py for tasks to queue
[2023-04-28T18:21:21.922-0300] {logging_mixin.py:137} INFO - [2023-04-28T18:21:21.922-0300] {dagbag.py:532} INFO - Filling up the DagBag from /home/lcscarv/projetos/indicium/desafio_5/.venv/lib/python3.8/site-packages/airflow/example_dags/example_skip_dag.py
[2023-04-28T18:21:21.933-0300] {processor.py:753} INFO - DAG(s) dict_keys(['example_skip_dag']) retrieved from /home/lcscarv/projetos/indicium/desafio_5/.venv/lib/python3.8/site-packages/airflow/example_dags/example_skip_dag.py
[2023-04-28T18:21:22.018-0300] {logging_mixin.py:137} INFO - [2023-04-28T18:21:22.018-0300] {dag.py:2705} INFO - Sync 1 DAGs
[2023-04-28T18:21:22.029-0300] {logging_mixin.py:137} INFO - [2023-04-28T18:21:22.029-0300] {dag.py:3452} INFO - Setting next_dagrun for example_skip_dag to 2023-04-27T21:21:22.029255+00:00, run_after=2023-04-28T21:21:22.029255+00:00
[2023-04-28T18:21:22.096-0300] {processor.py:175} INFO - Processing /home/lcscarv/projetos/indicium/desafio_5/.venv/lib/python3.8/site-packages/airflow/example_dags/example_skip_dag.py took 0.179 seconds
