[2023-04-28T18:00:33.577-0300] {processor.py:153} INFO - Started process (PID=4600) to work on /home/lcscarv/projetos/indicium/desafio_5/.venv/lib/python3.8/site-packages/airflow/example_dags/example_subdag_operator.py
[2023-04-28T18:00:33.578-0300] {processor.py:743} INFO - Processing file /home/lcscarv/projetos/indicium/desafio_5/.venv/lib/python3.8/site-packages/airflow/example_dags/example_subdag_operator.py for tasks to queue
[2023-04-28T18:00:33.578-0300] {logging_mixin.py:137} INFO - [2023-04-28T18:00:33.578-0300] {dagbag.py:532} INFO - Filling up the DagBag from /home/lcscarv/projetos/indicium/desafio_5/.venv/lib/python3.8/site-packages/airflow/example_dags/example_subdag_operator.py
[2023-04-28T18:00:33.598-0300] {processor.py:753} INFO - DAG(s) dict_keys(['example_subdag_operator.section-1', 'example_subdag_operator.section-2', 'example_subdag_operator']) retrieved from /home/lcscarv/projetos/indicium/desafio_5/.venv/lib/python3.8/site-packages/airflow/example_dags/example_subdag_operator.py
[2023-04-28T18:00:33.616-0300] {logging_mixin.py:137} INFO - [2023-04-28T18:00:33.616-0300] {dag.py:2705} INFO - Sync 3 DAGs
[2023-04-28T18:00:33.634-0300] {logging_mixin.py:137} INFO - [2023-04-28T18:00:33.634-0300] {dag.py:3452} INFO - Setting next_dagrun for example_subdag_operator to 2022-01-01T00:00:00+00:00, run_after=2022-01-01T00:00:00+00:00
[2023-04-28T18:00:33.638-0300] {logging_mixin.py:137} INFO - [2023-04-28T18:00:33.638-0300] {dag.py:3452} INFO - Setting next_dagrun for example_subdag_operator.section-1 to None, run_after=None
[2023-04-28T18:00:33.639-0300] {logging_mixin.py:137} INFO - [2023-04-28T18:00:33.639-0300] {dag.py:3452} INFO - Setting next_dagrun for example_subdag_operator.section-2 to None, run_after=None
[2023-04-28T18:00:33.647-0300] {logging_mixin.py:137} INFO - [2023-04-28T18:00:33.646-0300] {dag.py:2705} INFO - Sync 2 DAGs
[2023-04-28T18:00:33.651-0300] {logging_mixin.py:137} INFO - [2023-04-28T18:00:33.650-0300] {dag.py:3452} INFO - Setting next_dagrun for example_subdag_operator.section-1 to None, run_after=None
[2023-04-28T18:00:33.651-0300] {logging_mixin.py:137} INFO - [2023-04-28T18:00:33.651-0300] {dag.py:3452} INFO - Setting next_dagrun for example_subdag_operator.section-2 to None, run_after=None
[2023-04-28T18:00:33.670-0300] {processor.py:175} INFO - Processing /home/lcscarv/projetos/indicium/desafio_5/.venv/lib/python3.8/site-packages/airflow/example_dags/example_subdag_operator.py took 0.095 seconds
[2023-04-28T18:01:14.845-0300] {processor.py:153} INFO - Started process (PID=4642) to work on /home/lcscarv/projetos/indicium/desafio_5/.venv/lib/python3.8/site-packages/airflow/example_dags/example_subdag_operator.py
[2023-04-28T18:01:14.846-0300] {processor.py:743} INFO - Processing file /home/lcscarv/projetos/indicium/desafio_5/.venv/lib/python3.8/site-packages/airflow/example_dags/example_subdag_operator.py for tasks to queue
[2023-04-28T18:01:14.847-0300] {logging_mixin.py:137} INFO - [2023-04-28T18:01:14.847-0300] {dagbag.py:532} INFO - Filling up the DagBag from /home/lcscarv/projetos/indicium/desafio_5/.venv/lib/python3.8/site-packages/airflow/example_dags/example_subdag_operator.py
[2023-04-28T18:01:14.867-0300] {processor.py:753} INFO - DAG(s) dict_keys(['example_subdag_operator.section-1', 'example_subdag_operator.section-2', 'example_subdag_operator']) retrieved from /home/lcscarv/projetos/indicium/desafio_5/.venv/lib/python3.8/site-packages/airflow/example_dags/example_subdag_operator.py
[2023-04-28T18:01:14.881-0300] {logging_mixin.py:137} INFO - [2023-04-28T18:01:14.881-0300] {dag.py:2705} INFO - Sync 3 DAGs
[2023-04-28T18:01:14.893-0300] {logging_mixin.py:137} INFO - [2023-04-28T18:01:14.893-0300] {dag.py:3452} INFO - Setting next_dagrun for example_subdag_operator to 2022-01-01T00:00:00+00:00, run_after=2022-01-01T00:00:00+00:00
[2023-04-28T18:01:14.895-0300] {logging_mixin.py:137} INFO - [2023-04-28T18:01:14.895-0300] {dag.py:3452} INFO - Setting next_dagrun for example_subdag_operator.section-1 to None, run_after=None
[2023-04-28T18:01:14.896-0300] {logging_mixin.py:137} INFO - [2023-04-28T18:01:14.896-0300] {dag.py:3452} INFO - Setting next_dagrun for example_subdag_operator.section-2 to None, run_after=None
[2023-04-28T18:01:14.900-0300] {logging_mixin.py:137} INFO - [2023-04-28T18:01:14.900-0300] {dag.py:2705} INFO - Sync 2 DAGs
[2023-04-28T18:01:14.904-0300] {logging_mixin.py:137} INFO - [2023-04-28T18:01:14.904-0300] {dag.py:3452} INFO - Setting next_dagrun for example_subdag_operator.section-1 to None, run_after=None
[2023-04-28T18:01:14.904-0300] {logging_mixin.py:137} INFO - [2023-04-28T18:01:14.904-0300] {dag.py:3452} INFO - Setting next_dagrun for example_subdag_operator.section-2 to None, run_after=None
[2023-04-28T18:01:14.923-0300] {processor.py:175} INFO - Processing /home/lcscarv/projetos/indicium/desafio_5/.venv/lib/python3.8/site-packages/airflow/example_dags/example_subdag_operator.py took 0.080 seconds
[2023-04-28T18:02:08.213-0300] {processor.py:153} INFO - Started process (PID=4684) to work on /home/lcscarv/projetos/indicium/desafio_5/.venv/lib/python3.8/site-packages/airflow/example_dags/example_subdag_operator.py
[2023-04-28T18:02:08.220-0300] {processor.py:743} INFO - Processing file /home/lcscarv/projetos/indicium/desafio_5/.venv/lib/python3.8/site-packages/airflow/example_dags/example_subdag_operator.py for tasks to queue
[2023-04-28T18:02:08.221-0300] {logging_mixin.py:137} INFO - [2023-04-28T18:02:08.221-0300] {dagbag.py:532} INFO - Filling up the DagBag from /home/lcscarv/projetos/indicium/desafio_5/.venv/lib/python3.8/site-packages/airflow/example_dags/example_subdag_operator.py
[2023-04-28T18:02:08.527-0300] {processor.py:753} INFO - DAG(s) dict_keys(['example_subdag_operator.section-1', 'example_subdag_operator.section-2', 'example_subdag_operator']) retrieved from /home/lcscarv/projetos/indicium/desafio_5/.venv/lib/python3.8/site-packages/airflow/example_dags/example_subdag_operator.py
[2023-04-28T18:02:08.622-0300] {logging_mixin.py:137} INFO - [2023-04-28T18:02:08.621-0300] {dag.py:2705} INFO - Sync 3 DAGs
[2023-04-28T18:02:08.702-0300] {logging_mixin.py:137} INFO - [2023-04-28T18:02:08.702-0300] {dag.py:3452} INFO - Setting next_dagrun for example_subdag_operator to 2022-01-01T00:00:00+00:00, run_after=2022-01-01T00:00:00+00:00
[2023-04-28T18:02:08.716-0300] {logging_mixin.py:137} INFO - [2023-04-28T18:02:08.716-0300] {dag.py:3452} INFO - Setting next_dagrun for example_subdag_operator.section-1 to None, run_after=None
[2023-04-28T18:02:08.718-0300] {logging_mixin.py:137} INFO - [2023-04-28T18:02:08.718-0300] {dag.py:3452} INFO - Setting next_dagrun for example_subdag_operator.section-2 to None, run_after=None
[2023-04-28T18:02:08.739-0300] {logging_mixin.py:137} INFO - [2023-04-28T18:02:08.739-0300] {dag.py:2705} INFO - Sync 2 DAGs
[2023-04-28T18:02:08.763-0300] {logging_mixin.py:137} INFO - [2023-04-28T18:02:08.763-0300] {dag.py:3452} INFO - Setting next_dagrun for example_subdag_operator.section-1 to None, run_after=None
[2023-04-28T18:02:08.764-0300] {logging_mixin.py:137} INFO - [2023-04-28T18:02:08.764-0300] {dag.py:3452} INFO - Setting next_dagrun for example_subdag_operator.section-2 to None, run_after=None
[2023-04-28T18:02:08.810-0300] {processor.py:175} INFO - Processing /home/lcscarv/projetos/indicium/desafio_5/.venv/lib/python3.8/site-packages/airflow/example_dags/example_subdag_operator.py took 0.609 seconds
[2023-04-28T18:02:59.431-0300] {processor.py:153} INFO - Started process (PID=4826) to work on /home/lcscarv/projetos/indicium/desafio_5/.venv/lib/python3.8/site-packages/airflow/example_dags/example_subdag_operator.py
[2023-04-28T18:02:59.432-0300] {processor.py:743} INFO - Processing file /home/lcscarv/projetos/indicium/desafio_5/.venv/lib/python3.8/site-packages/airflow/example_dags/example_subdag_operator.py for tasks to queue
[2023-04-28T18:02:59.432-0300] {logging_mixin.py:137} INFO - [2023-04-28T18:02:59.432-0300] {dagbag.py:532} INFO - Filling up the DagBag from /home/lcscarv/projetos/indicium/desafio_5/.venv/lib/python3.8/site-packages/airflow/example_dags/example_subdag_operator.py
[2023-04-28T18:02:59.449-0300] {processor.py:753} INFO - DAG(s) dict_keys(['example_subdag_operator.section-1', 'example_subdag_operator.section-2', 'example_subdag_operator']) retrieved from /home/lcscarv/projetos/indicium/desafio_5/.venv/lib/python3.8/site-packages/airflow/example_dags/example_subdag_operator.py
[2023-04-28T18:02:59.461-0300] {logging_mixin.py:137} INFO - [2023-04-28T18:02:59.461-0300] {dag.py:2705} INFO - Sync 3 DAGs
[2023-04-28T18:02:59.473-0300] {logging_mixin.py:137} INFO - [2023-04-28T18:02:59.473-0300] {dag.py:3452} INFO - Setting next_dagrun for example_subdag_operator to 2022-01-01T00:00:00+00:00, run_after=2022-01-01T00:00:00+00:00
[2023-04-28T18:02:59.474-0300] {logging_mixin.py:137} INFO - [2023-04-28T18:02:59.474-0300] {dag.py:3452} INFO - Setting next_dagrun for example_subdag_operator.section-1 to None, run_after=None
[2023-04-28T18:02:59.475-0300] {logging_mixin.py:137} INFO - [2023-04-28T18:02:59.475-0300] {dag.py:3452} INFO - Setting next_dagrun for example_subdag_operator.section-2 to None, run_after=None
[2023-04-28T18:02:59.479-0300] {logging_mixin.py:137} INFO - [2023-04-28T18:02:59.479-0300] {dag.py:2705} INFO - Sync 2 DAGs
[2023-04-28T18:02:59.483-0300] {logging_mixin.py:137} INFO - [2023-04-28T18:02:59.483-0300] {dag.py:3452} INFO - Setting next_dagrun for example_subdag_operator.section-1 to None, run_after=None
[2023-04-28T18:02:59.484-0300] {logging_mixin.py:137} INFO - [2023-04-28T18:02:59.484-0300] {dag.py:3452} INFO - Setting next_dagrun for example_subdag_operator.section-2 to None, run_after=None
[2023-04-28T18:02:59.500-0300] {processor.py:175} INFO - Processing /home/lcscarv/projetos/indicium/desafio_5/.venv/lib/python3.8/site-packages/airflow/example_dags/example_subdag_operator.py took 0.071 seconds
[2023-04-28T18:03:46.464-0300] {processor.py:153} INFO - Started process (PID=4872) to work on /home/lcscarv/projetos/indicium/desafio_5/.venv/lib/python3.8/site-packages/airflow/example_dags/example_subdag_operator.py
[2023-04-28T18:03:46.466-0300] {processor.py:743} INFO - Processing file /home/lcscarv/projetos/indicium/desafio_5/.venv/lib/python3.8/site-packages/airflow/example_dags/example_subdag_operator.py for tasks to queue
[2023-04-28T18:03:46.466-0300] {logging_mixin.py:137} INFO - [2023-04-28T18:03:46.466-0300] {dagbag.py:532} INFO - Filling up the DagBag from /home/lcscarv/projetos/indicium/desafio_5/.venv/lib/python3.8/site-packages/airflow/example_dags/example_subdag_operator.py
[2023-04-28T18:03:46.482-0300] {processor.py:753} INFO - DAG(s) dict_keys(['example_subdag_operator.section-1', 'example_subdag_operator.section-2', 'example_subdag_operator']) retrieved from /home/lcscarv/projetos/indicium/desafio_5/.venv/lib/python3.8/site-packages/airflow/example_dags/example_subdag_operator.py
[2023-04-28T18:03:46.494-0300] {logging_mixin.py:137} INFO - [2023-04-28T18:03:46.494-0300] {dag.py:2705} INFO - Sync 3 DAGs
[2023-04-28T18:03:46.506-0300] {logging_mixin.py:137} INFO - [2023-04-28T18:03:46.506-0300] {dag.py:3452} INFO - Setting next_dagrun for example_subdag_operator to 2022-01-01T00:00:00+00:00, run_after=2022-01-01T00:00:00+00:00
[2023-04-28T18:03:46.508-0300] {logging_mixin.py:137} INFO - [2023-04-28T18:03:46.508-0300] {dag.py:3452} INFO - Setting next_dagrun for example_subdag_operator.section-1 to None, run_after=None
[2023-04-28T18:03:46.509-0300] {logging_mixin.py:137} INFO - [2023-04-28T18:03:46.509-0300] {dag.py:3452} INFO - Setting next_dagrun for example_subdag_operator.section-2 to None, run_after=None
[2023-04-28T18:03:46.513-0300] {logging_mixin.py:137} INFO - [2023-04-28T18:03:46.513-0300] {dag.py:2705} INFO - Sync 2 DAGs
[2023-04-28T18:03:46.516-0300] {logging_mixin.py:137} INFO - [2023-04-28T18:03:46.516-0300] {dag.py:3452} INFO - Setting next_dagrun for example_subdag_operator.section-1 to None, run_after=None
[2023-04-28T18:03:46.516-0300] {logging_mixin.py:137} INFO - [2023-04-28T18:03:46.516-0300] {dag.py:3452} INFO - Setting next_dagrun for example_subdag_operator.section-2 to None, run_after=None
[2023-04-28T18:03:46.532-0300] {processor.py:175} INFO - Processing /home/lcscarv/projetos/indicium/desafio_5/.venv/lib/python3.8/site-packages/airflow/example_dags/example_subdag_operator.py took 0.070 seconds
[2023-04-28T18:04:25.890-0300] {processor.py:153} INFO - Started process (PID=4913) to work on /home/lcscarv/projetos/indicium/desafio_5/.venv/lib/python3.8/site-packages/airflow/example_dags/example_subdag_operator.py
[2023-04-28T18:04:25.892-0300] {processor.py:743} INFO - Processing file /home/lcscarv/projetos/indicium/desafio_5/.venv/lib/python3.8/site-packages/airflow/example_dags/example_subdag_operator.py for tasks to queue
[2023-04-28T18:04:25.893-0300] {logging_mixin.py:137} INFO - [2023-04-28T18:04:25.893-0300] {dagbag.py:532} INFO - Filling up the DagBag from /home/lcscarv/projetos/indicium/desafio_5/.venv/lib/python3.8/site-packages/airflow/example_dags/example_subdag_operator.py
[2023-04-28T18:04:25.909-0300] {processor.py:753} INFO - DAG(s) dict_keys(['example_subdag_operator.section-1', 'example_subdag_operator.section-2', 'example_subdag_operator']) retrieved from /home/lcscarv/projetos/indicium/desafio_5/.venv/lib/python3.8/site-packages/airflow/example_dags/example_subdag_operator.py
[2023-04-28T18:04:25.922-0300] {logging_mixin.py:137} INFO - [2023-04-28T18:04:25.921-0300] {dag.py:2705} INFO - Sync 3 DAGs
[2023-04-28T18:04:25.934-0300] {logging_mixin.py:137} INFO - [2023-04-28T18:04:25.934-0300] {dag.py:3452} INFO - Setting next_dagrun for example_subdag_operator to 2022-01-01T00:00:00+00:00, run_after=2022-01-01T00:00:00+00:00
[2023-04-28T18:04:25.935-0300] {logging_mixin.py:137} INFO - [2023-04-28T18:04:25.935-0300] {dag.py:3452} INFO - Setting next_dagrun for example_subdag_operator.section-1 to None, run_after=None
[2023-04-28T18:04:25.936-0300] {logging_mixin.py:137} INFO - [2023-04-28T18:04:25.936-0300] {dag.py:3452} INFO - Setting next_dagrun for example_subdag_operator.section-2 to None, run_after=None
[2023-04-28T18:04:25.939-0300] {logging_mixin.py:137} INFO - [2023-04-28T18:04:25.939-0300] {dag.py:2705} INFO - Sync 2 DAGs
[2023-04-28T18:04:25.942-0300] {logging_mixin.py:137} INFO - [2023-04-28T18:04:25.942-0300] {dag.py:3452} INFO - Setting next_dagrun for example_subdag_operator.section-1 to None, run_after=None
[2023-04-28T18:04:25.942-0300] {logging_mixin.py:137} INFO - [2023-04-28T18:04:25.942-0300] {dag.py:3452} INFO - Setting next_dagrun for example_subdag_operator.section-2 to None, run_after=None
[2023-04-28T18:04:25.956-0300] {processor.py:175} INFO - Processing /home/lcscarv/projetos/indicium/desafio_5/.venv/lib/python3.8/site-packages/airflow/example_dags/example_subdag_operator.py took 0.068 seconds
[2023-04-28T18:05:09.508-0300] {processor.py:153} INFO - Started process (PID=5005) to work on /home/lcscarv/projetos/indicium/desafio_5/.venv/lib/python3.8/site-packages/airflow/example_dags/example_subdag_operator.py
[2023-04-28T18:05:09.509-0300] {processor.py:743} INFO - Processing file /home/lcscarv/projetos/indicium/desafio_5/.venv/lib/python3.8/site-packages/airflow/example_dags/example_subdag_operator.py for tasks to queue
[2023-04-28T18:05:09.510-0300] {logging_mixin.py:137} INFO - [2023-04-28T18:05:09.510-0300] {dagbag.py:532} INFO - Filling up the DagBag from /home/lcscarv/projetos/indicium/desafio_5/.venv/lib/python3.8/site-packages/airflow/example_dags/example_subdag_operator.py
[2023-04-28T18:05:09.525-0300] {processor.py:753} INFO - DAG(s) dict_keys(['example_subdag_operator.section-1', 'example_subdag_operator.section-2', 'example_subdag_operator']) retrieved from /home/lcscarv/projetos/indicium/desafio_5/.venv/lib/python3.8/site-packages/airflow/example_dags/example_subdag_operator.py
[2023-04-28T18:05:09.540-0300] {logging_mixin.py:137} INFO - [2023-04-28T18:05:09.540-0300] {dag.py:2705} INFO - Sync 3 DAGs
[2023-04-28T18:05:09.553-0300] {logging_mixin.py:137} INFO - [2023-04-28T18:05:09.553-0300] {dag.py:3452} INFO - Setting next_dagrun for example_subdag_operator to 2022-01-01T00:00:00+00:00, run_after=2022-01-01T00:00:00+00:00
[2023-04-28T18:05:09.555-0300] {logging_mixin.py:137} INFO - [2023-04-28T18:05:09.555-0300] {dag.py:3452} INFO - Setting next_dagrun for example_subdag_operator.section-1 to None, run_after=None
[2023-04-28T18:05:09.555-0300] {logging_mixin.py:137} INFO - [2023-04-28T18:05:09.555-0300] {dag.py:3452} INFO - Setting next_dagrun for example_subdag_operator.section-2 to None, run_after=None
[2023-04-28T18:05:09.559-0300] {logging_mixin.py:137} INFO - [2023-04-28T18:05:09.559-0300] {dag.py:2705} INFO - Sync 2 DAGs
[2023-04-28T18:05:09.562-0300] {logging_mixin.py:137} INFO - [2023-04-28T18:05:09.562-0300] {dag.py:3452} INFO - Setting next_dagrun for example_subdag_operator.section-1 to None, run_after=None
[2023-04-28T18:05:09.562-0300] {logging_mixin.py:137} INFO - [2023-04-28T18:05:09.562-0300] {dag.py:3452} INFO - Setting next_dagrun for example_subdag_operator.section-2 to None, run_after=None
[2023-04-28T18:05:09.577-0300] {processor.py:175} INFO - Processing /home/lcscarv/projetos/indicium/desafio_5/.venv/lib/python3.8/site-packages/airflow/example_dags/example_subdag_operator.py took 0.071 seconds
[2023-04-28T18:05:54.073-0300] {processor.py:153} INFO - Started process (PID=5103) to work on /home/lcscarv/projetos/indicium/desafio_5/.venv/lib/python3.8/site-packages/airflow/example_dags/example_subdag_operator.py
[2023-04-28T18:05:54.074-0300] {processor.py:743} INFO - Processing file /home/lcscarv/projetos/indicium/desafio_5/.venv/lib/python3.8/site-packages/airflow/example_dags/example_subdag_operator.py for tasks to queue
[2023-04-28T18:05:54.075-0300] {logging_mixin.py:137} INFO - [2023-04-28T18:05:54.075-0300] {dagbag.py:532} INFO - Filling up the DagBag from /home/lcscarv/projetos/indicium/desafio_5/.venv/lib/python3.8/site-packages/airflow/example_dags/example_subdag_operator.py
[2023-04-28T18:05:54.093-0300] {processor.py:753} INFO - DAG(s) dict_keys(['example_subdag_operator.section-1', 'example_subdag_operator.section-2', 'example_subdag_operator']) retrieved from /home/lcscarv/projetos/indicium/desafio_5/.venv/lib/python3.8/site-packages/airflow/example_dags/example_subdag_operator.py
[2023-04-28T18:05:54.105-0300] {logging_mixin.py:137} INFO - [2023-04-28T18:05:54.105-0300] {dag.py:2705} INFO - Sync 3 DAGs
[2023-04-28T18:05:54.117-0300] {logging_mixin.py:137} INFO - [2023-04-28T18:05:54.117-0300] {dag.py:3452} INFO - Setting next_dagrun for example_subdag_operator to 2022-01-01T00:00:00+00:00, run_after=2022-01-01T00:00:00+00:00
[2023-04-28T18:05:54.119-0300] {logging_mixin.py:137} INFO - [2023-04-28T18:05:54.119-0300] {dag.py:3452} INFO - Setting next_dagrun for example_subdag_operator.section-1 to None, run_after=None
[2023-04-28T18:05:54.120-0300] {logging_mixin.py:137} INFO - [2023-04-28T18:05:54.120-0300] {dag.py:3452} INFO - Setting next_dagrun for example_subdag_operator.section-2 to None, run_after=None
[2023-04-28T18:05:54.123-0300] {logging_mixin.py:137} INFO - [2023-04-28T18:05:54.123-0300] {dag.py:2705} INFO - Sync 2 DAGs
[2023-04-28T18:05:54.126-0300] {logging_mixin.py:137} INFO - [2023-04-28T18:05:54.126-0300] {dag.py:3452} INFO - Setting next_dagrun for example_subdag_operator.section-1 to None, run_after=None
[2023-04-28T18:05:54.126-0300] {logging_mixin.py:137} INFO - [2023-04-28T18:05:54.126-0300] {dag.py:3452} INFO - Setting next_dagrun for example_subdag_operator.section-2 to None, run_after=None
[2023-04-28T18:05:54.140-0300] {processor.py:175} INFO - Processing /home/lcscarv/projetos/indicium/desafio_5/.venv/lib/python3.8/site-packages/airflow/example_dags/example_subdag_operator.py took 0.069 seconds
[2023-04-28T18:06:38.732-0300] {processor.py:153} INFO - Started process (PID=5149) to work on /home/lcscarv/projetos/indicium/desafio_5/.venv/lib/python3.8/site-packages/airflow/example_dags/example_subdag_operator.py
[2023-04-28T18:06:38.735-0300] {processor.py:743} INFO - Processing file /home/lcscarv/projetos/indicium/desafio_5/.venv/lib/python3.8/site-packages/airflow/example_dags/example_subdag_operator.py for tasks to queue
[2023-04-28T18:06:38.736-0300] {logging_mixin.py:137} INFO - [2023-04-28T18:06:38.736-0300] {dagbag.py:532} INFO - Filling up the DagBag from /home/lcscarv/projetos/indicium/desafio_5/.venv/lib/python3.8/site-packages/airflow/example_dags/example_subdag_operator.py
[2023-04-28T18:06:38.765-0300] {processor.py:753} INFO - DAG(s) dict_keys(['example_subdag_operator.section-1', 'example_subdag_operator.section-2', 'example_subdag_operator']) retrieved from /home/lcscarv/projetos/indicium/desafio_5/.venv/lib/python3.8/site-packages/airflow/example_dags/example_subdag_operator.py
[2023-04-28T18:06:38.777-0300] {logging_mixin.py:137} INFO - [2023-04-28T18:06:38.777-0300] {dag.py:2705} INFO - Sync 3 DAGs
[2023-04-28T18:06:38.788-0300] {logging_mixin.py:137} INFO - [2023-04-28T18:06:38.788-0300] {dag.py:3452} INFO - Setting next_dagrun for example_subdag_operator to 2022-01-01T00:00:00+00:00, run_after=2022-01-01T00:00:00+00:00
[2023-04-28T18:06:38.791-0300] {logging_mixin.py:137} INFO - [2023-04-28T18:06:38.790-0300] {dag.py:3452} INFO - Setting next_dagrun for example_subdag_operator.section-1 to None, run_after=None
[2023-04-28T18:06:38.791-0300] {logging_mixin.py:137} INFO - [2023-04-28T18:06:38.791-0300] {dag.py:3452} INFO - Setting next_dagrun for example_subdag_operator.section-2 to None, run_after=None
[2023-04-28T18:06:38.794-0300] {logging_mixin.py:137} INFO - [2023-04-28T18:06:38.794-0300] {dag.py:2705} INFO - Sync 2 DAGs
[2023-04-28T18:06:38.797-0300] {logging_mixin.py:137} INFO - [2023-04-28T18:06:38.797-0300] {dag.py:3452} INFO - Setting next_dagrun for example_subdag_operator.section-1 to None, run_after=None
[2023-04-28T18:06:38.797-0300] {logging_mixin.py:137} INFO - [2023-04-28T18:06:38.797-0300] {dag.py:3452} INFO - Setting next_dagrun for example_subdag_operator.section-2 to None, run_after=None
[2023-04-28T18:06:38.812-0300] {processor.py:175} INFO - Processing /home/lcscarv/projetos/indicium/desafio_5/.venv/lib/python3.8/site-packages/airflow/example_dags/example_subdag_operator.py took 0.086 seconds
[2023-04-28T18:07:44.510-0300] {processor.py:153} INFO - Started process (PID=5300) to work on /home/lcscarv/projetos/indicium/desafio_5/.venv/lib/python3.8/site-packages/airflow/example_dags/example_subdag_operator.py
[2023-04-28T18:07:44.512-0300] {processor.py:743} INFO - Processing file /home/lcscarv/projetos/indicium/desafio_5/.venv/lib/python3.8/site-packages/airflow/example_dags/example_subdag_operator.py for tasks to queue
[2023-04-28T18:07:44.512-0300] {logging_mixin.py:137} INFO - [2023-04-28T18:07:44.512-0300] {dagbag.py:532} INFO - Filling up the DagBag from /home/lcscarv/projetos/indicium/desafio_5/.venv/lib/python3.8/site-packages/airflow/example_dags/example_subdag_operator.py
[2023-04-28T18:07:44.532-0300] {processor.py:753} INFO - DAG(s) dict_keys(['example_subdag_operator.section-1', 'example_subdag_operator.section-2', 'example_subdag_operator']) retrieved from /home/lcscarv/projetos/indicium/desafio_5/.venv/lib/python3.8/site-packages/airflow/example_dags/example_subdag_operator.py
[2023-04-28T18:07:44.548-0300] {logging_mixin.py:137} INFO - [2023-04-28T18:07:44.548-0300] {dag.py:2705} INFO - Sync 3 DAGs
[2023-04-28T18:07:44.576-0300] {logging_mixin.py:137} INFO - [2023-04-28T18:07:44.576-0300] {dag.py:3452} INFO - Setting next_dagrun for example_subdag_operator to 2022-01-01T00:00:00+00:00, run_after=2022-01-01T00:00:00+00:00
[2023-04-28T18:07:44.583-0300] {logging_mixin.py:137} INFO - [2023-04-28T18:07:44.583-0300] {dag.py:3452} INFO - Setting next_dagrun for example_subdag_operator.section-1 to None, run_after=None
[2023-04-28T18:07:44.590-0300] {logging_mixin.py:137} INFO - [2023-04-28T18:07:44.589-0300] {dag.py:3452} INFO - Setting next_dagrun for example_subdag_operator.section-2 to None, run_after=None
[2023-04-28T18:07:44.605-0300] {logging_mixin.py:137} INFO - [2023-04-28T18:07:44.605-0300] {dag.py:2705} INFO - Sync 2 DAGs
[2023-04-28T18:07:44.622-0300] {logging_mixin.py:137} INFO - [2023-04-28T18:07:44.621-0300] {dag.py:3452} INFO - Setting next_dagrun for example_subdag_operator.section-1 to None, run_after=None
[2023-04-28T18:07:44.624-0300] {logging_mixin.py:137} INFO - [2023-04-28T18:07:44.624-0300] {dag.py:3452} INFO - Setting next_dagrun for example_subdag_operator.section-2 to None, run_after=None
[2023-04-28T18:07:44.678-0300] {processor.py:175} INFO - Processing /home/lcscarv/projetos/indicium/desafio_5/.venv/lib/python3.8/site-packages/airflow/example_dags/example_subdag_operator.py took 0.169 seconds
[2023-04-28T18:08:33.225-0300] {processor.py:153} INFO - Started process (PID=5392) to work on /home/lcscarv/projetos/indicium/desafio_5/.venv/lib/python3.8/site-packages/airflow/example_dags/example_subdag_operator.py
[2023-04-28T18:08:33.233-0300] {processor.py:743} INFO - Processing file /home/lcscarv/projetos/indicium/desafio_5/.venv/lib/python3.8/site-packages/airflow/example_dags/example_subdag_operator.py for tasks to queue
[2023-04-28T18:08:33.233-0300] {logging_mixin.py:137} INFO - [2023-04-28T18:08:33.233-0300] {dagbag.py:532} INFO - Filling up the DagBag from /home/lcscarv/projetos/indicium/desafio_5/.venv/lib/python3.8/site-packages/airflow/example_dags/example_subdag_operator.py
[2023-04-28T18:08:33.251-0300] {processor.py:753} INFO - DAG(s) dict_keys(['example_subdag_operator.section-1', 'example_subdag_operator.section-2', 'example_subdag_operator']) retrieved from /home/lcscarv/projetos/indicium/desafio_5/.venv/lib/python3.8/site-packages/airflow/example_dags/example_subdag_operator.py
[2023-04-28T18:08:33.265-0300] {logging_mixin.py:137} INFO - [2023-04-28T18:08:33.264-0300] {dag.py:2705} INFO - Sync 3 DAGs
[2023-04-28T18:08:33.277-0300] {logging_mixin.py:137} INFO - [2023-04-28T18:08:33.277-0300] {dag.py:3452} INFO - Setting next_dagrun for example_subdag_operator to 2022-01-01T00:00:00+00:00, run_after=2022-01-01T00:00:00+00:00
[2023-04-28T18:08:33.279-0300] {logging_mixin.py:137} INFO - [2023-04-28T18:08:33.279-0300] {dag.py:3452} INFO - Setting next_dagrun for example_subdag_operator.section-1 to None, run_after=None
[2023-04-28T18:08:33.279-0300] {logging_mixin.py:137} INFO - [2023-04-28T18:08:33.279-0300] {dag.py:3452} INFO - Setting next_dagrun for example_subdag_operator.section-2 to None, run_after=None
[2023-04-28T18:08:33.283-0300] {logging_mixin.py:137} INFO - [2023-04-28T18:08:33.283-0300] {dag.py:2705} INFO - Sync 2 DAGs
[2023-04-28T18:08:33.290-0300] {logging_mixin.py:137} INFO - [2023-04-28T18:08:33.290-0300] {dag.py:3452} INFO - Setting next_dagrun for example_subdag_operator.section-1 to None, run_after=None
[2023-04-28T18:08:33.290-0300] {logging_mixin.py:137} INFO - [2023-04-28T18:08:33.290-0300] {dag.py:3452} INFO - Setting next_dagrun for example_subdag_operator.section-2 to None, run_after=None
[2023-04-28T18:08:33.306-0300] {processor.py:175} INFO - Processing /home/lcscarv/projetos/indicium/desafio_5/.venv/lib/python3.8/site-packages/airflow/example_dags/example_subdag_operator.py took 0.083 seconds
[2023-04-28T18:09:20.872-0300] {processor.py:153} INFO - Started process (PID=5487) to work on /home/lcscarv/projetos/indicium/desafio_5/.venv/lib/python3.8/site-packages/airflow/example_dags/example_subdag_operator.py
[2023-04-28T18:09:20.873-0300] {processor.py:743} INFO - Processing file /home/lcscarv/projetos/indicium/desafio_5/.venv/lib/python3.8/site-packages/airflow/example_dags/example_subdag_operator.py for tasks to queue
[2023-04-28T18:09:20.873-0300] {logging_mixin.py:137} INFO - [2023-04-28T18:09:20.873-0300] {dagbag.py:532} INFO - Filling up the DagBag from /home/lcscarv/projetos/indicium/desafio_5/.venv/lib/python3.8/site-packages/airflow/example_dags/example_subdag_operator.py
[2023-04-28T18:09:20.891-0300] {processor.py:753} INFO - DAG(s) dict_keys(['example_subdag_operator.section-1', 'example_subdag_operator.section-2', 'example_subdag_operator']) retrieved from /home/lcscarv/projetos/indicium/desafio_5/.venv/lib/python3.8/site-packages/airflow/example_dags/example_subdag_operator.py
[2023-04-28T18:09:20.905-0300] {logging_mixin.py:137} INFO - [2023-04-28T18:09:20.905-0300] {dag.py:2705} INFO - Sync 3 DAGs
[2023-04-28T18:09:20.918-0300] {logging_mixin.py:137} INFO - [2023-04-28T18:09:20.918-0300] {dag.py:3452} INFO - Setting next_dagrun for example_subdag_operator to 2022-01-01T00:00:00+00:00, run_after=2022-01-01T00:00:00+00:00
[2023-04-28T18:09:20.920-0300] {logging_mixin.py:137} INFO - [2023-04-28T18:09:20.920-0300] {dag.py:3452} INFO - Setting next_dagrun for example_subdag_operator.section-1 to None, run_after=None
[2023-04-28T18:09:20.921-0300] {logging_mixin.py:137} INFO - [2023-04-28T18:09:20.921-0300] {dag.py:3452} INFO - Setting next_dagrun for example_subdag_operator.section-2 to None, run_after=None
[2023-04-28T18:09:20.925-0300] {logging_mixin.py:137} INFO - [2023-04-28T18:09:20.925-0300] {dag.py:2705} INFO - Sync 2 DAGs
[2023-04-28T18:09:20.928-0300] {logging_mixin.py:137} INFO - [2023-04-28T18:09:20.928-0300] {dag.py:3452} INFO - Setting next_dagrun for example_subdag_operator.section-1 to None, run_after=None
[2023-04-28T18:09:20.928-0300] {logging_mixin.py:137} INFO - [2023-04-28T18:09:20.928-0300] {dag.py:3452} INFO - Setting next_dagrun for example_subdag_operator.section-2 to None, run_after=None
[2023-04-28T18:09:20.945-0300] {processor.py:175} INFO - Processing /home/lcscarv/projetos/indicium/desafio_5/.venv/lib/python3.8/site-packages/airflow/example_dags/example_subdag_operator.py took 0.075 seconds
[2023-04-28T18:10:10.062-0300] {processor.py:153} INFO - Started process (PID=5529) to work on /home/lcscarv/projetos/indicium/desafio_5/.venv/lib/python3.8/site-packages/airflow/example_dags/example_subdag_operator.py
[2023-04-28T18:10:10.074-0300] {processor.py:743} INFO - Processing file /home/lcscarv/projetos/indicium/desafio_5/.venv/lib/python3.8/site-packages/airflow/example_dags/example_subdag_operator.py for tasks to queue
[2023-04-28T18:10:10.075-0300] {logging_mixin.py:137} INFO - [2023-04-28T18:10:10.075-0300] {dagbag.py:532} INFO - Filling up the DagBag from /home/lcscarv/projetos/indicium/desafio_5/.venv/lib/python3.8/site-packages/airflow/example_dags/example_subdag_operator.py
[2023-04-28T18:10:10.105-0300] {processor.py:753} INFO - DAG(s) dict_keys(['example_subdag_operator.section-1', 'example_subdag_operator.section-2', 'example_subdag_operator']) retrieved from /home/lcscarv/projetos/indicium/desafio_5/.venv/lib/python3.8/site-packages/airflow/example_dags/example_subdag_operator.py
[2023-04-28T18:10:10.127-0300] {logging_mixin.py:137} INFO - [2023-04-28T18:10:10.127-0300] {dag.py:2705} INFO - Sync 3 DAGs
[2023-04-28T18:10:10.145-0300] {logging_mixin.py:137} INFO - [2023-04-28T18:10:10.145-0300] {dag.py:3452} INFO - Setting next_dagrun for example_subdag_operator to 2022-01-01T00:00:00+00:00, run_after=2022-01-01T00:00:00+00:00
[2023-04-28T18:10:10.147-0300] {logging_mixin.py:137} INFO - [2023-04-28T18:10:10.147-0300] {dag.py:3452} INFO - Setting next_dagrun for example_subdag_operator.section-1 to None, run_after=None
[2023-04-28T18:10:10.149-0300] {logging_mixin.py:137} INFO - [2023-04-28T18:10:10.148-0300] {dag.py:3452} INFO - Setting next_dagrun for example_subdag_operator.section-2 to None, run_after=None
[2023-04-28T18:10:10.156-0300] {logging_mixin.py:137} INFO - [2023-04-28T18:10:10.156-0300] {dag.py:2705} INFO - Sync 2 DAGs
[2023-04-28T18:10:10.160-0300] {logging_mixin.py:137} INFO - [2023-04-28T18:10:10.160-0300] {dag.py:3452} INFO - Setting next_dagrun for example_subdag_operator.section-1 to None, run_after=None
[2023-04-28T18:10:10.161-0300] {logging_mixin.py:137} INFO - [2023-04-28T18:10:10.161-0300] {dag.py:3452} INFO - Setting next_dagrun for example_subdag_operator.section-2 to None, run_after=None
[2023-04-28T18:10:10.182-0300] {processor.py:175} INFO - Processing /home/lcscarv/projetos/indicium/desafio_5/.venv/lib/python3.8/site-packages/airflow/example_dags/example_subdag_operator.py took 0.124 seconds
[2023-04-28T18:11:08.276-0300] {processor.py:153} INFO - Started process (PID=5734) to work on /home/lcscarv/projetos/indicium/desafio_5/.venv/lib/python3.8/site-packages/airflow/example_dags/example_subdag_operator.py
[2023-04-28T18:11:08.277-0300] {processor.py:743} INFO - Processing file /home/lcscarv/projetos/indicium/desafio_5/.venv/lib/python3.8/site-packages/airflow/example_dags/example_subdag_operator.py for tasks to queue
[2023-04-28T18:11:08.277-0300] {logging_mixin.py:137} INFO - [2023-04-28T18:11:08.277-0300] {dagbag.py:532} INFO - Filling up the DagBag from /home/lcscarv/projetos/indicium/desafio_5/.venv/lib/python3.8/site-packages/airflow/example_dags/example_subdag_operator.py
[2023-04-28T18:11:08.296-0300] {processor.py:753} INFO - DAG(s) dict_keys(['example_subdag_operator.section-1', 'example_subdag_operator.section-2', 'example_subdag_operator']) retrieved from /home/lcscarv/projetos/indicium/desafio_5/.venv/lib/python3.8/site-packages/airflow/example_dags/example_subdag_operator.py
[2023-04-28T18:11:08.309-0300] {logging_mixin.py:137} INFO - [2023-04-28T18:11:08.309-0300] {dag.py:2705} INFO - Sync 3 DAGs
[2023-04-28T18:11:08.323-0300] {logging_mixin.py:137} INFO - [2023-04-28T18:11:08.323-0300] {dag.py:3452} INFO - Setting next_dagrun for example_subdag_operator to 2022-01-01T00:00:00+00:00, run_after=2022-01-01T00:00:00+00:00
[2023-04-28T18:11:08.325-0300] {logging_mixin.py:137} INFO - [2023-04-28T18:11:08.325-0300] {dag.py:3452} INFO - Setting next_dagrun for example_subdag_operator.section-1 to None, run_after=None
[2023-04-28T18:11:08.326-0300] {logging_mixin.py:137} INFO - [2023-04-28T18:11:08.326-0300] {dag.py:3452} INFO - Setting next_dagrun for example_subdag_operator.section-2 to None, run_after=None
[2023-04-28T18:11:08.330-0300] {logging_mixin.py:137} INFO - [2023-04-28T18:11:08.330-0300] {dag.py:2705} INFO - Sync 2 DAGs
[2023-04-28T18:11:08.332-0300] {logging_mixin.py:137} INFO - [2023-04-28T18:11:08.332-0300] {dag.py:3452} INFO - Setting next_dagrun for example_subdag_operator.section-1 to None, run_after=None
[2023-04-28T18:11:08.332-0300] {logging_mixin.py:137} INFO - [2023-04-28T18:11:08.332-0300] {dag.py:3452} INFO - Setting next_dagrun for example_subdag_operator.section-2 to None, run_after=None
[2023-04-28T18:11:08.348-0300] {processor.py:175} INFO - Processing /home/lcscarv/projetos/indicium/desafio_5/.venv/lib/python3.8/site-packages/airflow/example_dags/example_subdag_operator.py took 0.074 seconds
[2023-04-28T18:11:59.670-0300] {processor.py:153} INFO - Started process (PID=5832) to work on /home/lcscarv/projetos/indicium/desafio_5/.venv/lib/python3.8/site-packages/airflow/example_dags/example_subdag_operator.py
[2023-04-28T18:11:59.671-0300] {processor.py:743} INFO - Processing file /home/lcscarv/projetos/indicium/desafio_5/.venv/lib/python3.8/site-packages/airflow/example_dags/example_subdag_operator.py for tasks to queue
[2023-04-28T18:11:59.672-0300] {logging_mixin.py:137} INFO - [2023-04-28T18:11:59.672-0300] {dagbag.py:532} INFO - Filling up the DagBag from /home/lcscarv/projetos/indicium/desafio_5/.venv/lib/python3.8/site-packages/airflow/example_dags/example_subdag_operator.py
[2023-04-28T18:11:59.695-0300] {processor.py:753} INFO - DAG(s) dict_keys(['example_subdag_operator.section-1', 'example_subdag_operator.section-2', 'example_subdag_operator']) retrieved from /home/lcscarv/projetos/indicium/desafio_5/.venv/lib/python3.8/site-packages/airflow/example_dags/example_subdag_operator.py
[2023-04-28T18:11:59.709-0300] {logging_mixin.py:137} INFO - [2023-04-28T18:11:59.709-0300] {dag.py:2705} INFO - Sync 3 DAGs
[2023-04-28T18:11:59.725-0300] {logging_mixin.py:137} INFO - [2023-04-28T18:11:59.725-0300] {dag.py:3452} INFO - Setting next_dagrun for example_subdag_operator to 2022-01-01T00:00:00+00:00, run_after=2022-01-01T00:00:00+00:00
[2023-04-28T18:11:59.727-0300] {logging_mixin.py:137} INFO - [2023-04-28T18:11:59.727-0300] {dag.py:3452} INFO - Setting next_dagrun for example_subdag_operator.section-1 to None, run_after=None
[2023-04-28T18:11:59.728-0300] {logging_mixin.py:137} INFO - [2023-04-28T18:11:59.728-0300] {dag.py:3452} INFO - Setting next_dagrun for example_subdag_operator.section-2 to None, run_after=None
[2023-04-28T18:11:59.731-0300] {logging_mixin.py:137} INFO - [2023-04-28T18:11:59.731-0300] {dag.py:2705} INFO - Sync 2 DAGs
[2023-04-28T18:11:59.734-0300] {logging_mixin.py:137} INFO - [2023-04-28T18:11:59.734-0300] {dag.py:3452} INFO - Setting next_dagrun for example_subdag_operator.section-1 to None, run_after=None
[2023-04-28T18:11:59.735-0300] {logging_mixin.py:137} INFO - [2023-04-28T18:11:59.735-0300] {dag.py:3452} INFO - Setting next_dagrun for example_subdag_operator.section-2 to None, run_after=None
[2023-04-28T18:11:59.889-0300] {processor.py:175} INFO - Processing /home/lcscarv/projetos/indicium/desafio_5/.venv/lib/python3.8/site-packages/airflow/example_dags/example_subdag_operator.py took 0.221 seconds
[2023-04-28T18:13:09.528-0300] {processor.py:153} INFO - Started process (PID=5885) to work on /home/lcscarv/projetos/indicium/desafio_5/.venv/lib/python3.8/site-packages/airflow/example_dags/example_subdag_operator.py
[2023-04-28T18:13:09.652-0300] {processor.py:743} INFO - Processing file /home/lcscarv/projetos/indicium/desafio_5/.venv/lib/python3.8/site-packages/airflow/example_dags/example_subdag_operator.py for tasks to queue
[2023-04-28T18:13:09.654-0300] {logging_mixin.py:137} INFO - [2023-04-28T18:13:09.654-0300] {dagbag.py:532} INFO - Filling up the DagBag from /home/lcscarv/projetos/indicium/desafio_5/.venv/lib/python3.8/site-packages/airflow/example_dags/example_subdag_operator.py
[2023-04-28T18:13:09.677-0300] {processor.py:753} INFO - DAG(s) dict_keys(['example_subdag_operator.section-1', 'example_subdag_operator.section-2', 'example_subdag_operator']) retrieved from /home/lcscarv/projetos/indicium/desafio_5/.venv/lib/python3.8/site-packages/airflow/example_dags/example_subdag_operator.py
[2023-04-28T18:13:09.690-0300] {logging_mixin.py:137} INFO - [2023-04-28T18:13:09.689-0300] {dag.py:2705} INFO - Sync 3 DAGs
[2023-04-28T18:13:09.701-0300] {logging_mixin.py:137} INFO - [2023-04-28T18:13:09.701-0300] {dag.py:3452} INFO - Setting next_dagrun for example_subdag_operator to 2022-01-01T00:00:00+00:00, run_after=2022-01-01T00:00:00+00:00
[2023-04-28T18:13:09.703-0300] {logging_mixin.py:137} INFO - [2023-04-28T18:13:09.703-0300] {dag.py:3452} INFO - Setting next_dagrun for example_subdag_operator.section-1 to None, run_after=None
[2023-04-28T18:13:09.703-0300] {logging_mixin.py:137} INFO - [2023-04-28T18:13:09.703-0300] {dag.py:3452} INFO - Setting next_dagrun for example_subdag_operator.section-2 to None, run_after=None
[2023-04-28T18:13:09.707-0300] {logging_mixin.py:137} INFO - [2023-04-28T18:13:09.707-0300] {dag.py:2705} INFO - Sync 2 DAGs
[2023-04-28T18:13:09.709-0300] {logging_mixin.py:137} INFO - [2023-04-28T18:13:09.709-0300] {dag.py:3452} INFO - Setting next_dagrun for example_subdag_operator.section-1 to None, run_after=None
[2023-04-28T18:13:09.709-0300] {logging_mixin.py:137} INFO - [2023-04-28T18:13:09.709-0300] {dag.py:3452} INFO - Setting next_dagrun for example_subdag_operator.section-2 to None, run_after=None
[2023-04-28T18:13:09.789-0300] {processor.py:175} INFO - Processing /home/lcscarv/projetos/indicium/desafio_5/.venv/lib/python3.8/site-packages/airflow/example_dags/example_subdag_operator.py took 0.407 seconds
[2023-04-28T18:14:00.678-0300] {processor.py:153} INFO - Started process (PID=5930) to work on /home/lcscarv/projetos/indicium/desafio_5/.venv/lib/python3.8/site-packages/airflow/example_dags/example_subdag_operator.py
[2023-04-28T18:14:00.717-0300] {processor.py:743} INFO - Processing file /home/lcscarv/projetos/indicium/desafio_5/.venv/lib/python3.8/site-packages/airflow/example_dags/example_subdag_operator.py for tasks to queue
[2023-04-28T18:14:00.719-0300] {logging_mixin.py:137} INFO - [2023-04-28T18:14:00.718-0300] {dagbag.py:532} INFO - Filling up the DagBag from /home/lcscarv/projetos/indicium/desafio_5/.venv/lib/python3.8/site-packages/airflow/example_dags/example_subdag_operator.py
[2023-04-28T18:14:00.739-0300] {processor.py:753} INFO - DAG(s) dict_keys(['example_subdag_operator.section-1', 'example_subdag_operator.section-2', 'example_subdag_operator']) retrieved from /home/lcscarv/projetos/indicium/desafio_5/.venv/lib/python3.8/site-packages/airflow/example_dags/example_subdag_operator.py
[2023-04-28T18:14:00.750-0300] {logging_mixin.py:137} INFO - [2023-04-28T18:14:00.750-0300] {dag.py:2705} INFO - Sync 3 DAGs
[2023-04-28T18:14:00.762-0300] {logging_mixin.py:137} INFO - [2023-04-28T18:14:00.761-0300] {dag.py:3452} INFO - Setting next_dagrun for example_subdag_operator to 2022-01-01T00:00:00+00:00, run_after=2022-01-01T00:00:00+00:00
[2023-04-28T18:14:00.763-0300] {logging_mixin.py:137} INFO - [2023-04-28T18:14:00.763-0300] {dag.py:3452} INFO - Setting next_dagrun for example_subdag_operator.section-1 to None, run_after=None
[2023-04-28T18:14:00.764-0300] {logging_mixin.py:137} INFO - [2023-04-28T18:14:00.764-0300] {dag.py:3452} INFO - Setting next_dagrun for example_subdag_operator.section-2 to None, run_after=None
[2023-04-28T18:14:00.767-0300] {logging_mixin.py:137} INFO - [2023-04-28T18:14:00.767-0300] {dag.py:2705} INFO - Sync 2 DAGs
[2023-04-28T18:14:00.769-0300] {logging_mixin.py:137} INFO - [2023-04-28T18:14:00.769-0300] {dag.py:3452} INFO - Setting next_dagrun for example_subdag_operator.section-1 to None, run_after=None
[2023-04-28T18:14:00.770-0300] {logging_mixin.py:137} INFO - [2023-04-28T18:14:00.770-0300] {dag.py:3452} INFO - Setting next_dagrun for example_subdag_operator.section-2 to None, run_after=None
[2023-04-28T18:14:01.214-0300] {processor.py:175} INFO - Processing /home/lcscarv/projetos/indicium/desafio_5/.venv/lib/python3.8/site-packages/airflow/example_dags/example_subdag_operator.py took 0.539 seconds
[2023-04-28T18:14:51.043-0300] {processor.py:153} INFO - Started process (PID=5971) to work on /home/lcscarv/projetos/indicium/desafio_5/.venv/lib/python3.8/site-packages/airflow/example_dags/example_subdag_operator.py
[2023-04-28T18:14:51.044-0300] {processor.py:743} INFO - Processing file /home/lcscarv/projetos/indicium/desafio_5/.venv/lib/python3.8/site-packages/airflow/example_dags/example_subdag_operator.py for tasks to queue
[2023-04-28T18:14:51.045-0300] {logging_mixin.py:137} INFO - [2023-04-28T18:14:51.045-0300] {dagbag.py:532} INFO - Filling up the DagBag from /home/lcscarv/projetos/indicium/desafio_5/.venv/lib/python3.8/site-packages/airflow/example_dags/example_subdag_operator.py
[2023-04-28T18:14:51.064-0300] {processor.py:753} INFO - DAG(s) dict_keys(['example_subdag_operator.section-1', 'example_subdag_operator.section-2', 'example_subdag_operator']) retrieved from /home/lcscarv/projetos/indicium/desafio_5/.venv/lib/python3.8/site-packages/airflow/example_dags/example_subdag_operator.py
[2023-04-28T18:14:51.078-0300] {logging_mixin.py:137} INFO - [2023-04-28T18:14:51.078-0300] {dag.py:2705} INFO - Sync 3 DAGs
[2023-04-28T18:14:51.091-0300] {logging_mixin.py:137} INFO - [2023-04-28T18:14:51.091-0300] {dag.py:3452} INFO - Setting next_dagrun for example_subdag_operator to 2022-01-01T00:00:00+00:00, run_after=2022-01-01T00:00:00+00:00
[2023-04-28T18:14:51.094-0300] {logging_mixin.py:137} INFO - [2023-04-28T18:14:51.093-0300] {dag.py:3452} INFO - Setting next_dagrun for example_subdag_operator.section-1 to None, run_after=None
[2023-04-28T18:14:51.094-0300] {logging_mixin.py:137} INFO - [2023-04-28T18:14:51.094-0300] {dag.py:3452} INFO - Setting next_dagrun for example_subdag_operator.section-2 to None, run_after=None
[2023-04-28T18:14:51.098-0300] {logging_mixin.py:137} INFO - [2023-04-28T18:14:51.098-0300] {dag.py:2705} INFO - Sync 2 DAGs
[2023-04-28T18:14:51.101-0300] {logging_mixin.py:137} INFO - [2023-04-28T18:14:51.101-0300] {dag.py:3452} INFO - Setting next_dagrun for example_subdag_operator.section-1 to None, run_after=None
[2023-04-28T18:14:51.101-0300] {logging_mixin.py:137} INFO - [2023-04-28T18:14:51.101-0300] {dag.py:3452} INFO - Setting next_dagrun for example_subdag_operator.section-2 to None, run_after=None
[2023-04-28T18:14:51.117-0300] {processor.py:175} INFO - Processing /home/lcscarv/projetos/indicium/desafio_5/.venv/lib/python3.8/site-packages/airflow/example_dags/example_subdag_operator.py took 0.076 seconds
[2023-04-28T18:15:52.218-0300] {processor.py:153} INFO - Started process (PID=6072) to work on /home/lcscarv/projetos/indicium/desafio_5/.venv/lib/python3.8/site-packages/airflow/example_dags/example_subdag_operator.py
[2023-04-28T18:15:52.219-0300] {processor.py:743} INFO - Processing file /home/lcscarv/projetos/indicium/desafio_5/.venv/lib/python3.8/site-packages/airflow/example_dags/example_subdag_operator.py for tasks to queue
[2023-04-28T18:15:52.220-0300] {logging_mixin.py:137} INFO - [2023-04-28T18:15:52.219-0300] {dagbag.py:532} INFO - Filling up the DagBag from /home/lcscarv/projetos/indicium/desafio_5/.venv/lib/python3.8/site-packages/airflow/example_dags/example_subdag_operator.py
[2023-04-28T18:15:52.240-0300] {processor.py:753} INFO - DAG(s) dict_keys(['example_subdag_operator.section-1', 'example_subdag_operator.section-2', 'example_subdag_operator']) retrieved from /home/lcscarv/projetos/indicium/desafio_5/.venv/lib/python3.8/site-packages/airflow/example_dags/example_subdag_operator.py
[2023-04-28T18:15:52.254-0300] {logging_mixin.py:137} INFO - [2023-04-28T18:15:52.254-0300] {dag.py:2705} INFO - Sync 3 DAGs
[2023-04-28T18:15:52.331-0300] {logging_mixin.py:137} INFO - [2023-04-28T18:15:52.331-0300] {dag.py:3452} INFO - Setting next_dagrun for example_subdag_operator to 2022-01-01T00:00:00+00:00, run_after=2022-01-01T00:00:00+00:00
[2023-04-28T18:15:52.333-0300] {logging_mixin.py:137} INFO - [2023-04-28T18:15:52.332-0300] {dag.py:3452} INFO - Setting next_dagrun for example_subdag_operator.section-1 to None, run_after=None
[2023-04-28T18:15:52.333-0300] {logging_mixin.py:137} INFO - [2023-04-28T18:15:52.333-0300] {dag.py:3452} INFO - Setting next_dagrun for example_subdag_operator.section-2 to None, run_after=None
[2023-04-28T18:15:52.336-0300] {logging_mixin.py:137} INFO - [2023-04-28T18:15:52.336-0300] {dag.py:2705} INFO - Sync 2 DAGs
[2023-04-28T18:15:52.339-0300] {logging_mixin.py:137} INFO - [2023-04-28T18:15:52.339-0300] {dag.py:3452} INFO - Setting next_dagrun for example_subdag_operator.section-1 to None, run_after=None
[2023-04-28T18:15:52.339-0300] {logging_mixin.py:137} INFO - [2023-04-28T18:15:52.339-0300] {dag.py:3452} INFO - Setting next_dagrun for example_subdag_operator.section-2 to None, run_after=None
[2023-04-28T18:15:52.370-0300] {processor.py:175} INFO - Processing /home/lcscarv/projetos/indicium/desafio_5/.venv/lib/python3.8/site-packages/airflow/example_dags/example_subdag_operator.py took 0.155 seconds
[2023-04-28T18:16:46.932-0300] {processor.py:153} INFO - Started process (PID=6121) to work on /home/lcscarv/projetos/indicium/desafio_5/.venv/lib/python3.8/site-packages/airflow/example_dags/example_subdag_operator.py
[2023-04-28T18:16:46.943-0300] {processor.py:743} INFO - Processing file /home/lcscarv/projetos/indicium/desafio_5/.venv/lib/python3.8/site-packages/airflow/example_dags/example_subdag_operator.py for tasks to queue
[2023-04-28T18:16:46.944-0300] {logging_mixin.py:137} INFO - [2023-04-28T18:16:46.944-0300] {dagbag.py:532} INFO - Filling up the DagBag from /home/lcscarv/projetos/indicium/desafio_5/.venv/lib/python3.8/site-packages/airflow/example_dags/example_subdag_operator.py
[2023-04-28T18:16:46.962-0300] {processor.py:753} INFO - DAG(s) dict_keys(['example_subdag_operator.section-1', 'example_subdag_operator.section-2', 'example_subdag_operator']) retrieved from /home/lcscarv/projetos/indicium/desafio_5/.venv/lib/python3.8/site-packages/airflow/example_dags/example_subdag_operator.py
[2023-04-28T18:16:46.974-0300] {logging_mixin.py:137} INFO - [2023-04-28T18:16:46.974-0300] {dag.py:2705} INFO - Sync 3 DAGs
[2023-04-28T18:16:47.040-0300] {logging_mixin.py:137} INFO - [2023-04-28T18:16:47.040-0300] {dag.py:3452} INFO - Setting next_dagrun for example_subdag_operator to 2022-01-01T00:00:00+00:00, run_after=2022-01-01T00:00:00+00:00
[2023-04-28T18:16:47.041-0300] {logging_mixin.py:137} INFO - [2023-04-28T18:16:47.041-0300] {dag.py:3452} INFO - Setting next_dagrun for example_subdag_operator.section-1 to None, run_after=None
[2023-04-28T18:16:47.042-0300] {logging_mixin.py:137} INFO - [2023-04-28T18:16:47.042-0300] {dag.py:3452} INFO - Setting next_dagrun for example_subdag_operator.section-2 to None, run_after=None
[2023-04-28T18:16:47.045-0300] {logging_mixin.py:137} INFO - [2023-04-28T18:16:47.045-0300] {dag.py:2705} INFO - Sync 2 DAGs
[2023-04-28T18:16:47.047-0300] {logging_mixin.py:137} INFO - [2023-04-28T18:16:47.047-0300] {dag.py:3452} INFO - Setting next_dagrun for example_subdag_operator.section-1 to None, run_after=None
[2023-04-28T18:16:47.048-0300] {logging_mixin.py:137} INFO - [2023-04-28T18:16:47.048-0300] {dag.py:3452} INFO - Setting next_dagrun for example_subdag_operator.section-2 to None, run_after=None
[2023-04-28T18:16:47.343-0300] {processor.py:175} INFO - Processing /home/lcscarv/projetos/indicium/desafio_5/.venv/lib/python3.8/site-packages/airflow/example_dags/example_subdag_operator.py took 0.412 seconds
[2023-04-28T18:17:46.840-0300] {processor.py:153} INFO - Started process (PID=6171) to work on /home/lcscarv/projetos/indicium/desafio_5/.venv/lib/python3.8/site-packages/airflow/example_dags/example_subdag_operator.py
[2023-04-28T18:17:46.841-0300] {processor.py:743} INFO - Processing file /home/lcscarv/projetos/indicium/desafio_5/.venv/lib/python3.8/site-packages/airflow/example_dags/example_subdag_operator.py for tasks to queue
[2023-04-28T18:17:46.841-0300] {logging_mixin.py:137} INFO - [2023-04-28T18:17:46.841-0300] {dagbag.py:532} INFO - Filling up the DagBag from /home/lcscarv/projetos/indicium/desafio_5/.venv/lib/python3.8/site-packages/airflow/example_dags/example_subdag_operator.py
[2023-04-28T18:17:46.861-0300] {processor.py:753} INFO - DAG(s) dict_keys(['example_subdag_operator.section-1', 'example_subdag_operator.section-2', 'example_subdag_operator']) retrieved from /home/lcscarv/projetos/indicium/desafio_5/.venv/lib/python3.8/site-packages/airflow/example_dags/example_subdag_operator.py
[2023-04-28T18:17:46.952-0300] {logging_mixin.py:137} INFO - [2023-04-28T18:17:46.952-0300] {dag.py:2705} INFO - Sync 3 DAGs
[2023-04-28T18:17:46.967-0300] {logging_mixin.py:137} INFO - [2023-04-28T18:17:46.966-0300] {dag.py:3452} INFO - Setting next_dagrun for example_subdag_operator to 2022-01-01T00:00:00+00:00, run_after=2022-01-01T00:00:00+00:00
[2023-04-28T18:17:46.969-0300] {logging_mixin.py:137} INFO - [2023-04-28T18:17:46.969-0300] {dag.py:3452} INFO - Setting next_dagrun for example_subdag_operator.section-1 to None, run_after=None
[2023-04-28T18:17:46.970-0300] {logging_mixin.py:137} INFO - [2023-04-28T18:17:46.970-0300] {dag.py:3452} INFO - Setting next_dagrun for example_subdag_operator.section-2 to None, run_after=None
[2023-04-28T18:17:46.975-0300] {logging_mixin.py:137} INFO - [2023-04-28T18:17:46.975-0300] {dag.py:2705} INFO - Sync 2 DAGs
[2023-04-28T18:17:46.978-0300] {logging_mixin.py:137} INFO - [2023-04-28T18:17:46.978-0300] {dag.py:3452} INFO - Setting next_dagrun for example_subdag_operator.section-1 to None, run_after=None
[2023-04-28T18:17:46.978-0300] {logging_mixin.py:137} INFO - [2023-04-28T18:17:46.978-0300] {dag.py:3452} INFO - Setting next_dagrun for example_subdag_operator.section-2 to None, run_after=None
[2023-04-28T18:17:46.994-0300] {processor.py:175} INFO - Processing /home/lcscarv/projetos/indicium/desafio_5/.venv/lib/python3.8/site-packages/airflow/example_dags/example_subdag_operator.py took 0.157 seconds
[2023-04-28T18:18:31.878-0300] {processor.py:153} INFO - Started process (PID=6215) to work on /home/lcscarv/projetos/indicium/desafio_5/.venv/lib/python3.8/site-packages/airflow/example_dags/example_subdag_operator.py
[2023-04-28T18:18:31.879-0300] {processor.py:743} INFO - Processing file /home/lcscarv/projetos/indicium/desafio_5/.venv/lib/python3.8/site-packages/airflow/example_dags/example_subdag_operator.py for tasks to queue
[2023-04-28T18:18:31.880-0300] {logging_mixin.py:137} INFO - [2023-04-28T18:18:31.879-0300] {dagbag.py:532} INFO - Filling up the DagBag from /home/lcscarv/projetos/indicium/desafio_5/.venv/lib/python3.8/site-packages/airflow/example_dags/example_subdag_operator.py
[2023-04-28T18:18:31.897-0300] {processor.py:753} INFO - DAG(s) dict_keys(['example_subdag_operator.section-1', 'example_subdag_operator.section-2', 'example_subdag_operator']) retrieved from /home/lcscarv/projetos/indicium/desafio_5/.venv/lib/python3.8/site-packages/airflow/example_dags/example_subdag_operator.py
[2023-04-28T18:18:31.911-0300] {logging_mixin.py:137} INFO - [2023-04-28T18:18:31.911-0300] {dag.py:2705} INFO - Sync 3 DAGs
[2023-04-28T18:18:31.927-0300] {logging_mixin.py:137} INFO - [2023-04-28T18:18:31.927-0300] {dag.py:3452} INFO - Setting next_dagrun for example_subdag_operator to 2022-01-01T00:00:00+00:00, run_after=2022-01-01T00:00:00+00:00
[2023-04-28T18:18:31.930-0300] {logging_mixin.py:137} INFO - [2023-04-28T18:18:31.930-0300] {dag.py:3452} INFO - Setting next_dagrun for example_subdag_operator.section-1 to None, run_after=None
[2023-04-28T18:18:31.931-0300] {logging_mixin.py:137} INFO - [2023-04-28T18:18:31.931-0300] {dag.py:3452} INFO - Setting next_dagrun for example_subdag_operator.section-2 to None, run_after=None
[2023-04-28T18:18:31.936-0300] {logging_mixin.py:137} INFO - [2023-04-28T18:18:31.936-0300] {dag.py:2705} INFO - Sync 2 DAGs
[2023-04-28T18:18:31.939-0300] {logging_mixin.py:137} INFO - [2023-04-28T18:18:31.938-0300] {dag.py:3452} INFO - Setting next_dagrun for example_subdag_operator.section-1 to None, run_after=None
[2023-04-28T18:18:31.939-0300] {logging_mixin.py:137} INFO - [2023-04-28T18:18:31.939-0300] {dag.py:3452} INFO - Setting next_dagrun for example_subdag_operator.section-2 to None, run_after=None
[2023-04-28T18:18:31.953-0300] {processor.py:175} INFO - Processing /home/lcscarv/projetos/indicium/desafio_5/.venv/lib/python3.8/site-packages/airflow/example_dags/example_subdag_operator.py took 0.077 seconds
[2023-04-28T18:19:14.858-0300] {processor.py:153} INFO - Started process (PID=6254) to work on /home/lcscarv/projetos/indicium/desafio_5/.venv/lib/python3.8/site-packages/airflow/example_dags/example_subdag_operator.py
[2023-04-28T18:19:14.860-0300] {processor.py:743} INFO - Processing file /home/lcscarv/projetos/indicium/desafio_5/.venv/lib/python3.8/site-packages/airflow/example_dags/example_subdag_operator.py for tasks to queue
[2023-04-28T18:19:14.860-0300] {logging_mixin.py:137} INFO - [2023-04-28T18:19:14.860-0300] {dagbag.py:532} INFO - Filling up the DagBag from /home/lcscarv/projetos/indicium/desafio_5/.venv/lib/python3.8/site-packages/airflow/example_dags/example_subdag_operator.py
[2023-04-28T18:19:14.886-0300] {processor.py:753} INFO - DAG(s) dict_keys(['example_subdag_operator.section-1', 'example_subdag_operator.section-2', 'example_subdag_operator']) retrieved from /home/lcscarv/projetos/indicium/desafio_5/.venv/lib/python3.8/site-packages/airflow/example_dags/example_subdag_operator.py
[2023-04-28T18:19:14.906-0300] {logging_mixin.py:137} INFO - [2023-04-28T18:19:14.906-0300] {dag.py:2705} INFO - Sync 3 DAGs
[2023-04-28T18:19:14.926-0300] {logging_mixin.py:137} INFO - [2023-04-28T18:19:14.926-0300] {dag.py:3452} INFO - Setting next_dagrun for example_subdag_operator to 2022-01-01T00:00:00+00:00, run_after=2022-01-01T00:00:00+00:00
[2023-04-28T18:19:14.929-0300] {logging_mixin.py:137} INFO - [2023-04-28T18:19:14.929-0300] {dag.py:3452} INFO - Setting next_dagrun for example_subdag_operator.section-1 to None, run_after=None
[2023-04-28T18:19:14.930-0300] {logging_mixin.py:137} INFO - [2023-04-28T18:19:14.930-0300] {dag.py:3452} INFO - Setting next_dagrun for example_subdag_operator.section-2 to None, run_after=None
[2023-04-28T18:19:14.939-0300] {logging_mixin.py:137} INFO - [2023-04-28T18:19:14.939-0300] {dag.py:2705} INFO - Sync 2 DAGs
[2023-04-28T18:19:14.944-0300] {logging_mixin.py:137} INFO - [2023-04-28T18:19:14.944-0300] {dag.py:3452} INFO - Setting next_dagrun for example_subdag_operator.section-1 to None, run_after=None
[2023-04-28T18:19:14.944-0300] {logging_mixin.py:137} INFO - [2023-04-28T18:19:14.944-0300] {dag.py:3452} INFO - Setting next_dagrun for example_subdag_operator.section-2 to None, run_after=None
[2023-04-28T18:19:14.961-0300] {processor.py:175} INFO - Processing /home/lcscarv/projetos/indicium/desafio_5/.venv/lib/python3.8/site-packages/airflow/example_dags/example_subdag_operator.py took 0.106 seconds
[2023-04-28T18:20:01.540-0300] {processor.py:153} INFO - Started process (PID=6298) to work on /home/lcscarv/projetos/indicium/desafio_5/.venv/lib/python3.8/site-packages/airflow/example_dags/example_subdag_operator.py
[2023-04-28T18:20:01.541-0300] {processor.py:743} INFO - Processing file /home/lcscarv/projetos/indicium/desafio_5/.venv/lib/python3.8/site-packages/airflow/example_dags/example_subdag_operator.py for tasks to queue
[2023-04-28T18:20:01.541-0300] {logging_mixin.py:137} INFO - [2023-04-28T18:20:01.541-0300] {dagbag.py:532} INFO - Filling up the DagBag from /home/lcscarv/projetos/indicium/desafio_5/.venv/lib/python3.8/site-packages/airflow/example_dags/example_subdag_operator.py
[2023-04-28T18:20:01.558-0300] {processor.py:753} INFO - DAG(s) dict_keys(['example_subdag_operator.section-1', 'example_subdag_operator.section-2', 'example_subdag_operator']) retrieved from /home/lcscarv/projetos/indicium/desafio_5/.venv/lib/python3.8/site-packages/airflow/example_dags/example_subdag_operator.py
[2023-04-28T18:20:01.572-0300] {logging_mixin.py:137} INFO - [2023-04-28T18:20:01.572-0300] {dag.py:2705} INFO - Sync 3 DAGs
[2023-04-28T18:20:01.647-0300] {logging_mixin.py:137} INFO - [2023-04-28T18:20:01.647-0300] {dag.py:3452} INFO - Setting next_dagrun for example_subdag_operator to 2022-01-01T00:00:00+00:00, run_after=2022-01-01T00:00:00+00:00
[2023-04-28T18:20:01.649-0300] {logging_mixin.py:137} INFO - [2023-04-28T18:20:01.649-0300] {dag.py:3452} INFO - Setting next_dagrun for example_subdag_operator.section-1 to None, run_after=None
[2023-04-28T18:20:01.649-0300] {logging_mixin.py:137} INFO - [2023-04-28T18:20:01.649-0300] {dag.py:3452} INFO - Setting next_dagrun for example_subdag_operator.section-2 to None, run_after=None
[2023-04-28T18:20:01.654-0300] {logging_mixin.py:137} INFO - [2023-04-28T18:20:01.654-0300] {dag.py:2705} INFO - Sync 2 DAGs
[2023-04-28T18:20:01.657-0300] {logging_mixin.py:137} INFO - [2023-04-28T18:20:01.657-0300] {dag.py:3452} INFO - Setting next_dagrun for example_subdag_operator.section-1 to None, run_after=None
[2023-04-28T18:20:01.657-0300] {logging_mixin.py:137} INFO - [2023-04-28T18:20:01.657-0300] {dag.py:3452} INFO - Setting next_dagrun for example_subdag_operator.section-2 to None, run_after=None
[2023-04-28T18:20:01.672-0300] {processor.py:175} INFO - Processing /home/lcscarv/projetos/indicium/desafio_5/.venv/lib/python3.8/site-packages/airflow/example_dags/example_subdag_operator.py took 0.135 seconds
[2023-04-28T18:20:51.746-0300] {processor.py:153} INFO - Started process (PID=6395) to work on /home/lcscarv/projetos/indicium/desafio_5/.venv/lib/python3.8/site-packages/airflow/example_dags/example_subdag_operator.py
[2023-04-28T18:20:51.747-0300] {processor.py:743} INFO - Processing file /home/lcscarv/projetos/indicium/desafio_5/.venv/lib/python3.8/site-packages/airflow/example_dags/example_subdag_operator.py for tasks to queue
[2023-04-28T18:20:51.748-0300] {logging_mixin.py:137} INFO - [2023-04-28T18:20:51.748-0300] {dagbag.py:532} INFO - Filling up the DagBag from /home/lcscarv/projetos/indicium/desafio_5/.venv/lib/python3.8/site-packages/airflow/example_dags/example_subdag_operator.py
[2023-04-28T18:20:51.767-0300] {processor.py:753} INFO - DAG(s) dict_keys(['example_subdag_operator.section-1', 'example_subdag_operator.section-2', 'example_subdag_operator']) retrieved from /home/lcscarv/projetos/indicium/desafio_5/.venv/lib/python3.8/site-packages/airflow/example_dags/example_subdag_operator.py
[2023-04-28T18:20:51.847-0300] {logging_mixin.py:137} INFO - [2023-04-28T18:20:51.846-0300] {dag.py:2705} INFO - Sync 3 DAGs
[2023-04-28T18:20:51.860-0300] {logging_mixin.py:137} INFO - [2023-04-28T18:20:51.859-0300] {dag.py:3452} INFO - Setting next_dagrun for example_subdag_operator to 2022-01-01T00:00:00+00:00, run_after=2022-01-01T00:00:00+00:00
[2023-04-28T18:20:51.862-0300] {logging_mixin.py:137} INFO - [2023-04-28T18:20:51.862-0300] {dag.py:3452} INFO - Setting next_dagrun for example_subdag_operator.section-1 to None, run_after=None
[2023-04-28T18:20:51.862-0300] {logging_mixin.py:137} INFO - [2023-04-28T18:20:51.862-0300] {dag.py:3452} INFO - Setting next_dagrun for example_subdag_operator.section-2 to None, run_after=None
[2023-04-28T18:20:51.866-0300] {logging_mixin.py:137} INFO - [2023-04-28T18:20:51.866-0300] {dag.py:2705} INFO - Sync 2 DAGs
[2023-04-28T18:20:51.869-0300] {logging_mixin.py:137} INFO - [2023-04-28T18:20:51.869-0300] {dag.py:3452} INFO - Setting next_dagrun for example_subdag_operator.section-1 to None, run_after=None
[2023-04-28T18:20:51.869-0300] {logging_mixin.py:137} INFO - [2023-04-28T18:20:51.869-0300] {dag.py:3452} INFO - Setting next_dagrun for example_subdag_operator.section-2 to None, run_after=None
[2023-04-28T18:20:51.883-0300] {processor.py:175} INFO - Processing /home/lcscarv/projetos/indicium/desafio_5/.venv/lib/python3.8/site-packages/airflow/example_dags/example_subdag_operator.py took 0.140 seconds
