[2023-04-28T18:00:49.031-0300] {processor.py:153} INFO - Started process (PID=4616) to work on /home/lcscarv/projetos/indicium/desafio_5/.venv/lib/python3.8/site-packages/airflow/example_dags/example_branch_python_dop_operator_3.py
[2023-04-28T18:00:49.034-0300] {processor.py:743} INFO - Processing file /home/lcscarv/projetos/indicium/desafio_5/.venv/lib/python3.8/site-packages/airflow/example_dags/example_branch_python_dop_operator_3.py for tasks to queue
[2023-04-28T18:00:49.035-0300] {logging_mixin.py:137} INFO - [2023-04-28T18:00:49.035-0300] {dagbag.py:532} INFO - Filling up the DagBag from /home/lcscarv/projetos/indicium/desafio_5/.venv/lib/python3.8/site-packages/airflow/example_dags/example_branch_python_dop_operator_3.py
[2023-04-28T18:00:49.070-0300] {processor.py:753} INFO - DAG(s) dict_keys(['example_branch_dop_operator_v3']) retrieved from /home/lcscarv/projetos/indicium/desafio_5/.venv/lib/python3.8/site-packages/airflow/example_dags/example_branch_python_dop_operator_3.py
[2023-04-28T18:00:49.087-0300] {logging_mixin.py:137} INFO - [2023-04-28T18:00:49.086-0300] {dag.py:2705} INFO - Sync 1 DAGs
[2023-04-28T18:00:49.109-0300] {logging_mixin.py:137} INFO - [2023-04-28T18:00:49.109-0300] {dag.py:3452} INFO - Setting next_dagrun for example_branch_dop_operator_v3 to 2023-04-28T20:59:00+00:00, run_after=2023-04-28T21:00:00+00:00
[2023-04-28T18:00:49.131-0300] {processor.py:175} INFO - Processing /home/lcscarv/projetos/indicium/desafio_5/.venv/lib/python3.8/site-packages/airflow/example_dags/example_branch_python_dop_operator_3.py took 0.103 seconds
[2023-04-28T18:01:41.948-0300] {processor.py:153} INFO - Started process (PID=4666) to work on /home/lcscarv/projetos/indicium/desafio_5/.venv/lib/python3.8/site-packages/airflow/example_dags/example_branch_python_dop_operator_3.py
[2023-04-28T18:01:41.950-0300] {processor.py:743} INFO - Processing file /home/lcscarv/projetos/indicium/desafio_5/.venv/lib/python3.8/site-packages/airflow/example_dags/example_branch_python_dop_operator_3.py for tasks to queue
[2023-04-28T18:01:41.951-0300] {logging_mixin.py:137} INFO - [2023-04-28T18:01:41.951-0300] {dagbag.py:532} INFO - Filling up the DagBag from /home/lcscarv/projetos/indicium/desafio_5/.venv/lib/python3.8/site-packages/airflow/example_dags/example_branch_python_dop_operator_3.py
[2023-04-28T18:01:41.972-0300] {processor.py:753} INFO - DAG(s) dict_keys(['example_branch_dop_operator_v3']) retrieved from /home/lcscarv/projetos/indicium/desafio_5/.venv/lib/python3.8/site-packages/airflow/example_dags/example_branch_python_dop_operator_3.py
[2023-04-28T18:01:41.989-0300] {logging_mixin.py:137} INFO - [2023-04-28T18:01:41.989-0300] {dag.py:2705} INFO - Sync 1 DAGs
[2023-04-28T18:01:42.014-0300] {logging_mixin.py:137} INFO - [2023-04-28T18:01:42.014-0300] {dag.py:3452} INFO - Setting next_dagrun for example_branch_dop_operator_v3 to 2023-04-28T21:00:00+00:00, run_after=2023-04-28T21:01:00+00:00
[2023-04-28T18:01:42.034-0300] {processor.py:175} INFO - Processing /home/lcscarv/projetos/indicium/desafio_5/.venv/lib/python3.8/site-packages/airflow/example_dags/example_branch_python_dop_operator_3.py took 0.088 seconds
[2023-04-28T18:02:39.910-0300] {processor.py:153} INFO - Started process (PID=4761) to work on /home/lcscarv/projetos/indicium/desafio_5/.venv/lib/python3.8/site-packages/airflow/example_dags/example_branch_python_dop_operator_3.py
[2023-04-28T18:02:39.912-0300] {processor.py:743} INFO - Processing file /home/lcscarv/projetos/indicium/desafio_5/.venv/lib/python3.8/site-packages/airflow/example_dags/example_branch_python_dop_operator_3.py for tasks to queue
[2023-04-28T18:02:39.912-0300] {logging_mixin.py:137} INFO - [2023-04-28T18:02:39.912-0300] {dagbag.py:532} INFO - Filling up the DagBag from /home/lcscarv/projetos/indicium/desafio_5/.venv/lib/python3.8/site-packages/airflow/example_dags/example_branch_python_dop_operator_3.py
[2023-04-28T18:02:39.938-0300] {processor.py:753} INFO - DAG(s) dict_keys(['example_branch_dop_operator_v3']) retrieved from /home/lcscarv/projetos/indicium/desafio_5/.venv/lib/python3.8/site-packages/airflow/example_dags/example_branch_python_dop_operator_3.py
[2023-04-28T18:02:39.960-0300] {logging_mixin.py:137} INFO - [2023-04-28T18:02:39.960-0300] {dag.py:2705} INFO - Sync 1 DAGs
[2023-04-28T18:02:39.988-0300] {logging_mixin.py:137} INFO - [2023-04-28T18:02:39.988-0300] {dag.py:3452} INFO - Setting next_dagrun for example_branch_dop_operator_v3 to 2023-04-28T21:01:00+00:00, run_after=2023-04-28T21:02:00+00:00
[2023-04-28T18:02:40.021-0300] {processor.py:175} INFO - Processing /home/lcscarv/projetos/indicium/desafio_5/.venv/lib/python3.8/site-packages/airflow/example_dags/example_branch_python_dop_operator_3.py took 0.113 seconds
[2023-04-28T18:03:37.463-0300] {processor.py:153} INFO - Started process (PID=4863) to work on /home/lcscarv/projetos/indicium/desafio_5/.venv/lib/python3.8/site-packages/airflow/example_dags/example_branch_python_dop_operator_3.py
[2023-04-28T18:03:37.464-0300] {processor.py:743} INFO - Processing file /home/lcscarv/projetos/indicium/desafio_5/.venv/lib/python3.8/site-packages/airflow/example_dags/example_branch_python_dop_operator_3.py for tasks to queue
[2023-04-28T18:03:37.465-0300] {logging_mixin.py:137} INFO - [2023-04-28T18:03:37.465-0300] {dagbag.py:532} INFO - Filling up the DagBag from /home/lcscarv/projetos/indicium/desafio_5/.venv/lib/python3.8/site-packages/airflow/example_dags/example_branch_python_dop_operator_3.py
[2023-04-28T18:03:37.480-0300] {processor.py:753} INFO - DAG(s) dict_keys(['example_branch_dop_operator_v3']) retrieved from /home/lcscarv/projetos/indicium/desafio_5/.venv/lib/python3.8/site-packages/airflow/example_dags/example_branch_python_dop_operator_3.py
[2023-04-28T18:03:37.491-0300] {logging_mixin.py:137} INFO - [2023-04-28T18:03:37.491-0300] {dag.py:2705} INFO - Sync 1 DAGs
[2023-04-28T18:03:37.509-0300] {logging_mixin.py:137} INFO - [2023-04-28T18:03:37.509-0300] {dag.py:3452} INFO - Setting next_dagrun for example_branch_dop_operator_v3 to 2023-04-28T21:02:00+00:00, run_after=2023-04-28T21:03:00+00:00
[2023-04-28T18:03:37.527-0300] {processor.py:175} INFO - Processing /home/lcscarv/projetos/indicium/desafio_5/.venv/lib/python3.8/site-packages/airflow/example_dags/example_branch_python_dop_operator_3.py took 0.066 seconds
[2023-04-28T18:04:27.000-0300] {processor.py:153} INFO - Started process (PID=4914) to work on /home/lcscarv/projetos/indicium/desafio_5/.venv/lib/python3.8/site-packages/airflow/example_dags/example_branch_python_dop_operator_3.py
[2023-04-28T18:04:27.001-0300] {processor.py:743} INFO - Processing file /home/lcscarv/projetos/indicium/desafio_5/.venv/lib/python3.8/site-packages/airflow/example_dags/example_branch_python_dop_operator_3.py for tasks to queue
[2023-04-28T18:04:27.002-0300] {logging_mixin.py:137} INFO - [2023-04-28T18:04:27.002-0300] {dagbag.py:532} INFO - Filling up the DagBag from /home/lcscarv/projetos/indicium/desafio_5/.venv/lib/python3.8/site-packages/airflow/example_dags/example_branch_python_dop_operator_3.py
[2023-04-28T18:04:27.016-0300] {processor.py:753} INFO - DAG(s) dict_keys(['example_branch_dop_operator_v3']) retrieved from /home/lcscarv/projetos/indicium/desafio_5/.venv/lib/python3.8/site-packages/airflow/example_dags/example_branch_python_dop_operator_3.py
[2023-04-28T18:04:27.028-0300] {logging_mixin.py:137} INFO - [2023-04-28T18:04:27.028-0300] {dag.py:2705} INFO - Sync 1 DAGs
[2023-04-28T18:04:27.042-0300] {logging_mixin.py:137} INFO - [2023-04-28T18:04:27.042-0300] {dag.py:3452} INFO - Setting next_dagrun for example_branch_dop_operator_v3 to 2023-04-28T21:03:00+00:00, run_after=2023-04-28T21:04:00+00:00
[2023-04-28T18:04:27.060-0300] {processor.py:175} INFO - Processing /home/lcscarv/projetos/indicium/desafio_5/.venv/lib/python3.8/site-packages/airflow/example_dags/example_branch_python_dop_operator_3.py took 0.062 seconds
[2023-04-28T18:05:13.495-0300] {processor.py:153} INFO - Started process (PID=5062) to work on /home/lcscarv/projetos/indicium/desafio_5/.venv/lib/python3.8/site-packages/airflow/example_dags/example_branch_python_dop_operator_3.py
[2023-04-28T18:05:13.496-0300] {processor.py:743} INFO - Processing file /home/lcscarv/projetos/indicium/desafio_5/.venv/lib/python3.8/site-packages/airflow/example_dags/example_branch_python_dop_operator_3.py for tasks to queue
[2023-04-28T18:05:13.496-0300] {logging_mixin.py:137} INFO - [2023-04-28T18:05:13.496-0300] {dagbag.py:532} INFO - Filling up the DagBag from /home/lcscarv/projetos/indicium/desafio_5/.venv/lib/python3.8/site-packages/airflow/example_dags/example_branch_python_dop_operator_3.py
[2023-04-28T18:05:13.514-0300] {processor.py:753} INFO - DAG(s) dict_keys(['example_branch_dop_operator_v3']) retrieved from /home/lcscarv/projetos/indicium/desafio_5/.venv/lib/python3.8/site-packages/airflow/example_dags/example_branch_python_dop_operator_3.py
[2023-04-28T18:05:13.527-0300] {logging_mixin.py:137} INFO - [2023-04-28T18:05:13.527-0300] {dag.py:2705} INFO - Sync 1 DAGs
[2023-04-28T18:05:13.543-0300] {logging_mixin.py:137} INFO - [2023-04-28T18:05:13.543-0300] {dag.py:3452} INFO - Setting next_dagrun for example_branch_dop_operator_v3 to 2023-04-28T21:04:00+00:00, run_after=2023-04-28T21:05:00+00:00
[2023-04-28T18:05:13.561-0300] {processor.py:175} INFO - Processing /home/lcscarv/projetos/indicium/desafio_5/.venv/lib/python3.8/site-packages/airflow/example_dags/example_branch_python_dop_operator_3.py took 0.069 seconds
[2023-04-28T18:05:59.313-0300] {processor.py:153} INFO - Started process (PID=5108) to work on /home/lcscarv/projetos/indicium/desafio_5/.venv/lib/python3.8/site-packages/airflow/example_dags/example_branch_python_dop_operator_3.py
[2023-04-28T18:05:59.314-0300] {processor.py:743} INFO - Processing file /home/lcscarv/projetos/indicium/desafio_5/.venv/lib/python3.8/site-packages/airflow/example_dags/example_branch_python_dop_operator_3.py for tasks to queue
[2023-04-28T18:05:59.314-0300] {logging_mixin.py:137} INFO - [2023-04-28T18:05:59.314-0300] {dagbag.py:532} INFO - Filling up the DagBag from /home/lcscarv/projetos/indicium/desafio_5/.venv/lib/python3.8/site-packages/airflow/example_dags/example_branch_python_dop_operator_3.py
[2023-04-28T18:05:59.329-0300] {processor.py:753} INFO - DAG(s) dict_keys(['example_branch_dop_operator_v3']) retrieved from /home/lcscarv/projetos/indicium/desafio_5/.venv/lib/python3.8/site-packages/airflow/example_dags/example_branch_python_dop_operator_3.py
[2023-04-28T18:05:59.341-0300] {logging_mixin.py:137} INFO - [2023-04-28T18:05:59.341-0300] {dag.py:2705} INFO - Sync 1 DAGs
[2023-04-28T18:05:59.356-0300] {logging_mixin.py:137} INFO - [2023-04-28T18:05:59.356-0300] {dag.py:3452} INFO - Setting next_dagrun for example_branch_dop_operator_v3 to 2023-04-28T21:04:00+00:00, run_after=2023-04-28T21:05:00+00:00
[2023-04-28T18:05:59.373-0300] {processor.py:175} INFO - Processing /home/lcscarv/projetos/indicium/desafio_5/.venv/lib/python3.8/site-packages/airflow/example_dags/example_branch_python_dop_operator_3.py took 0.062 seconds
[2023-04-28T18:06:44.412-0300] {processor.py:153} INFO - Started process (PID=5154) to work on /home/lcscarv/projetos/indicium/desafio_5/.venv/lib/python3.8/site-packages/airflow/example_dags/example_branch_python_dop_operator_3.py
[2023-04-28T18:06:44.413-0300] {processor.py:743} INFO - Processing file /home/lcscarv/projetos/indicium/desafio_5/.venv/lib/python3.8/site-packages/airflow/example_dags/example_branch_python_dop_operator_3.py for tasks to queue
[2023-04-28T18:06:44.413-0300] {logging_mixin.py:137} INFO - [2023-04-28T18:06:44.413-0300] {dagbag.py:532} INFO - Filling up the DagBag from /home/lcscarv/projetos/indicium/desafio_5/.venv/lib/python3.8/site-packages/airflow/example_dags/example_branch_python_dop_operator_3.py
[2023-04-28T18:06:44.431-0300] {processor.py:753} INFO - DAG(s) dict_keys(['example_branch_dop_operator_v3']) retrieved from /home/lcscarv/projetos/indicium/desafio_5/.venv/lib/python3.8/site-packages/airflow/example_dags/example_branch_python_dop_operator_3.py
[2023-04-28T18:06:44.445-0300] {logging_mixin.py:137} INFO - [2023-04-28T18:06:44.445-0300] {dag.py:2705} INFO - Sync 1 DAGs
[2023-04-28T18:06:44.463-0300] {logging_mixin.py:137} INFO - [2023-04-28T18:06:44.463-0300] {dag.py:3452} INFO - Setting next_dagrun for example_branch_dop_operator_v3 to 2023-04-28T21:05:00+00:00, run_after=2023-04-28T21:06:00+00:00
[2023-04-28T18:06:44.482-0300] {processor.py:175} INFO - Processing /home/lcscarv/projetos/indicium/desafio_5/.venv/lib/python3.8/site-packages/airflow/example_dags/example_branch_python_dop_operator_3.py took 0.072 seconds
[2023-04-28T18:07:58.719-0300] {processor.py:153} INFO - Started process (PID=5360) to work on /home/lcscarv/projetos/indicium/desafio_5/.venv/lib/python3.8/site-packages/airflow/example_dags/example_branch_python_dop_operator_3.py
[2023-04-28T18:07:58.754-0300] {processor.py:743} INFO - Processing file /home/lcscarv/projetos/indicium/desafio_5/.venv/lib/python3.8/site-packages/airflow/example_dags/example_branch_python_dop_operator_3.py for tasks to queue
[2023-04-28T18:07:58.755-0300] {logging_mixin.py:137} INFO - [2023-04-28T18:07:58.755-0300] {dagbag.py:532} INFO - Filling up the DagBag from /home/lcscarv/projetos/indicium/desafio_5/.venv/lib/python3.8/site-packages/airflow/example_dags/example_branch_python_dop_operator_3.py
[2023-04-28T18:07:58.774-0300] {processor.py:753} INFO - DAG(s) dict_keys(['example_branch_dop_operator_v3']) retrieved from /home/lcscarv/projetos/indicium/desafio_5/.venv/lib/python3.8/site-packages/airflow/example_dags/example_branch_python_dop_operator_3.py
[2023-04-28T18:07:58.787-0300] {logging_mixin.py:137} INFO - [2023-04-28T18:07:58.787-0300] {dag.py:2705} INFO - Sync 1 DAGs
[2023-04-28T18:07:58.802-0300] {logging_mixin.py:137} INFO - [2023-04-28T18:07:58.801-0300] {dag.py:3452} INFO - Setting next_dagrun for example_branch_dop_operator_v3 to 2023-04-28T21:06:00+00:00, run_after=2023-04-28T21:07:00+00:00
[2023-04-28T18:07:58.913-0300] {processor.py:175} INFO - Processing /home/lcscarv/projetos/indicium/desafio_5/.venv/lib/python3.8/site-packages/airflow/example_dags/example_branch_python_dop_operator_3.py took 0.196 seconds
[2023-04-28T18:08:55.285-0300] {processor.py:153} INFO - Started process (PID=5412) to work on /home/lcscarv/projetos/indicium/desafio_5/.venv/lib/python3.8/site-packages/airflow/example_dags/example_branch_python_dop_operator_3.py
[2023-04-28T18:08:55.286-0300] {processor.py:743} INFO - Processing file /home/lcscarv/projetos/indicium/desafio_5/.venv/lib/python3.8/site-packages/airflow/example_dags/example_branch_python_dop_operator_3.py for tasks to queue
[2023-04-28T18:08:55.286-0300] {logging_mixin.py:137} INFO - [2023-04-28T18:08:55.286-0300] {dagbag.py:532} INFO - Filling up the DagBag from /home/lcscarv/projetos/indicium/desafio_5/.venv/lib/python3.8/site-packages/airflow/example_dags/example_branch_python_dop_operator_3.py
[2023-04-28T18:08:55.302-0300] {processor.py:753} INFO - DAG(s) dict_keys(['example_branch_dop_operator_v3']) retrieved from /home/lcscarv/projetos/indicium/desafio_5/.venv/lib/python3.8/site-packages/airflow/example_dags/example_branch_python_dop_operator_3.py
[2023-04-28T18:08:55.318-0300] {logging_mixin.py:137} INFO - [2023-04-28T18:08:55.318-0300] {dag.py:2705} INFO - Sync 1 DAGs
[2023-04-28T18:08:55.334-0300] {logging_mixin.py:137} INFO - [2023-04-28T18:08:55.333-0300] {dag.py:3452} INFO - Setting next_dagrun for example_branch_dop_operator_v3 to 2023-04-28T21:07:00+00:00, run_after=2023-04-28T21:08:00+00:00
[2023-04-28T18:08:55.354-0300] {processor.py:175} INFO - Processing /home/lcscarv/projetos/indicium/desafio_5/.venv/lib/python3.8/site-packages/airflow/example_dags/example_branch_python_dop_operator_3.py took 0.072 seconds
[2023-04-28T18:09:43.070-0300] {processor.py:153} INFO - Started process (PID=5507) to work on /home/lcscarv/projetos/indicium/desafio_5/.venv/lib/python3.8/site-packages/airflow/example_dags/example_branch_python_dop_operator_3.py
[2023-04-28T18:09:43.072-0300] {processor.py:743} INFO - Processing file /home/lcscarv/projetos/indicium/desafio_5/.venv/lib/python3.8/site-packages/airflow/example_dags/example_branch_python_dop_operator_3.py for tasks to queue
[2023-04-28T18:09:43.072-0300] {logging_mixin.py:137} INFO - [2023-04-28T18:09:43.072-0300] {dagbag.py:532} INFO - Filling up the DagBag from /home/lcscarv/projetos/indicium/desafio_5/.venv/lib/python3.8/site-packages/airflow/example_dags/example_branch_python_dop_operator_3.py
[2023-04-28T18:09:43.089-0300] {processor.py:753} INFO - DAG(s) dict_keys(['example_branch_dop_operator_v3']) retrieved from /home/lcscarv/projetos/indicium/desafio_5/.venv/lib/python3.8/site-packages/airflow/example_dags/example_branch_python_dop_operator_3.py
[2023-04-28T18:09:43.104-0300] {logging_mixin.py:137} INFO - [2023-04-28T18:09:43.103-0300] {dag.py:2705} INFO - Sync 1 DAGs
[2023-04-28T18:09:43.121-0300] {logging_mixin.py:137} INFO - [2023-04-28T18:09:43.121-0300] {dag.py:3452} INFO - Setting next_dagrun for example_branch_dop_operator_v3 to 2023-04-28T21:08:00+00:00, run_after=2023-04-28T21:09:00+00:00
[2023-04-28T18:09:43.140-0300] {processor.py:175} INFO - Processing /home/lcscarv/projetos/indicium/desafio_5/.venv/lib/python3.8/site-packages/airflow/example_dags/example_branch_python_dop_operator_3.py took 0.072 seconds
[2023-04-28T18:10:36.957-0300] {processor.py:153} INFO - Started process (PID=5656) to work on /home/lcscarv/projetos/indicium/desafio_5/.venv/lib/python3.8/site-packages/airflow/example_dags/example_branch_python_dop_operator_3.py
[2023-04-28T18:10:36.958-0300] {processor.py:743} INFO - Processing file /home/lcscarv/projetos/indicium/desafio_5/.venv/lib/python3.8/site-packages/airflow/example_dags/example_branch_python_dop_operator_3.py for tasks to queue
[2023-04-28T18:10:36.959-0300] {logging_mixin.py:137} INFO - [2023-04-28T18:10:36.959-0300] {dagbag.py:532} INFO - Filling up the DagBag from /home/lcscarv/projetos/indicium/desafio_5/.venv/lib/python3.8/site-packages/airflow/example_dags/example_branch_python_dop_operator_3.py
[2023-04-28T18:10:36.977-0300] {processor.py:753} INFO - DAG(s) dict_keys(['example_branch_dop_operator_v3']) retrieved from /home/lcscarv/projetos/indicium/desafio_5/.venv/lib/python3.8/site-packages/airflow/example_dags/example_branch_python_dop_operator_3.py
[2023-04-28T18:10:36.991-0300] {logging_mixin.py:137} INFO - [2023-04-28T18:10:36.991-0300] {dag.py:2705} INFO - Sync 1 DAGs
[2023-04-28T18:10:37.009-0300] {logging_mixin.py:137} INFO - [2023-04-28T18:10:37.008-0300] {dag.py:3452} INFO - Setting next_dagrun for example_branch_dop_operator_v3 to 2023-04-28T21:09:00+00:00, run_after=2023-04-28T21:10:00+00:00
[2023-04-28T18:10:37.030-0300] {processor.py:175} INFO - Processing /home/lcscarv/projetos/indicium/desafio_5/.venv/lib/python3.8/site-packages/airflow/example_dags/example_branch_python_dop_operator_3.py took 0.075 seconds
[2023-04-28T18:11:32.861-0300] {processor.py:153} INFO - Started process (PID=5807) to work on /home/lcscarv/projetos/indicium/desafio_5/.venv/lib/python3.8/site-packages/airflow/example_dags/example_branch_python_dop_operator_3.py
[2023-04-28T18:11:32.862-0300] {processor.py:743} INFO - Processing file /home/lcscarv/projetos/indicium/desafio_5/.venv/lib/python3.8/site-packages/airflow/example_dags/example_branch_python_dop_operator_3.py for tasks to queue
[2023-04-28T18:11:32.862-0300] {logging_mixin.py:137} INFO - [2023-04-28T18:11:32.862-0300] {dagbag.py:532} INFO - Filling up the DagBag from /home/lcscarv/projetos/indicium/desafio_5/.venv/lib/python3.8/site-packages/airflow/example_dags/example_branch_python_dop_operator_3.py
[2023-04-28T18:11:32.878-0300] {processor.py:753} INFO - DAG(s) dict_keys(['example_branch_dop_operator_v3']) retrieved from /home/lcscarv/projetos/indicium/desafio_5/.venv/lib/python3.8/site-packages/airflow/example_dags/example_branch_python_dop_operator_3.py
[2023-04-28T18:11:32.892-0300] {logging_mixin.py:137} INFO - [2023-04-28T18:11:32.892-0300] {dag.py:2705} INFO - Sync 1 DAGs
[2023-04-28T18:11:32.909-0300] {logging_mixin.py:137} INFO - [2023-04-28T18:11:32.908-0300] {dag.py:3452} INFO - Setting next_dagrun for example_branch_dop_operator_v3 to 2023-04-28T21:10:00+00:00, run_after=2023-04-28T21:11:00+00:00
[2023-04-28T18:11:32.930-0300] {processor.py:175} INFO - Processing /home/lcscarv/projetos/indicium/desafio_5/.venv/lib/python3.8/site-packages/airflow/example_dags/example_branch_python_dop_operator_3.py took 0.072 seconds
[2023-04-28T18:12:24.197-0300] {processor.py:153} INFO - Started process (PID=5853) to work on /home/lcscarv/projetos/indicium/desafio_5/.venv/lib/python3.8/site-packages/airflow/example_dags/example_branch_python_dop_operator_3.py
[2023-04-28T18:12:24.198-0300] {processor.py:743} INFO - Processing file /home/lcscarv/projetos/indicium/desafio_5/.venv/lib/python3.8/site-packages/airflow/example_dags/example_branch_python_dop_operator_3.py for tasks to queue
[2023-04-28T18:12:24.198-0300] {logging_mixin.py:137} INFO - [2023-04-28T18:12:24.198-0300] {dagbag.py:532} INFO - Filling up the DagBag from /home/lcscarv/projetos/indicium/desafio_5/.venv/lib/python3.8/site-packages/airflow/example_dags/example_branch_python_dop_operator_3.py
[2023-04-28T18:12:24.214-0300] {processor.py:753} INFO - DAG(s) dict_keys(['example_branch_dop_operator_v3']) retrieved from /home/lcscarv/projetos/indicium/desafio_5/.venv/lib/python3.8/site-packages/airflow/example_dags/example_branch_python_dop_operator_3.py
[2023-04-28T18:12:24.228-0300] {logging_mixin.py:137} INFO - [2023-04-28T18:12:24.227-0300] {dag.py:2705} INFO - Sync 1 DAGs
[2023-04-28T18:12:24.243-0300] {logging_mixin.py:137} INFO - [2023-04-28T18:12:24.243-0300] {dag.py:3452} INFO - Setting next_dagrun for example_branch_dop_operator_v3 to 2023-04-28T21:11:00+00:00, run_after=2023-04-28T21:12:00+00:00
[2023-04-28T18:12:24.264-0300] {processor.py:175} INFO - Processing /home/lcscarv/projetos/indicium/desafio_5/.venv/lib/python3.8/site-packages/airflow/example_dags/example_branch_python_dop_operator_3.py took 0.070 seconds
[2023-04-28T18:13:20.120-0300] {processor.py:153} INFO - Started process (PID=5895) to work on /home/lcscarv/projetos/indicium/desafio_5/.venv/lib/python3.8/site-packages/airflow/example_dags/example_branch_python_dop_operator_3.py
[2023-04-28T18:13:20.121-0300] {processor.py:743} INFO - Processing file /home/lcscarv/projetos/indicium/desafio_5/.venv/lib/python3.8/site-packages/airflow/example_dags/example_branch_python_dop_operator_3.py for tasks to queue
[2023-04-28T18:13:20.122-0300] {logging_mixin.py:137} INFO - [2023-04-28T18:13:20.122-0300] {dagbag.py:532} INFO - Filling up the DagBag from /home/lcscarv/projetos/indicium/desafio_5/.venv/lib/python3.8/site-packages/airflow/example_dags/example_branch_python_dop_operator_3.py
[2023-04-28T18:13:20.139-0300] {processor.py:753} INFO - DAG(s) dict_keys(['example_branch_dop_operator_v3']) retrieved from /home/lcscarv/projetos/indicium/desafio_5/.venv/lib/python3.8/site-packages/airflow/example_dags/example_branch_python_dop_operator_3.py
[2023-04-28T18:13:20.151-0300] {logging_mixin.py:137} INFO - [2023-04-28T18:13:20.151-0300] {dag.py:2705} INFO - Sync 1 DAGs
[2023-04-28T18:13:20.165-0300] {logging_mixin.py:137} INFO - [2023-04-28T18:13:20.165-0300] {dag.py:3452} INFO - Setting next_dagrun for example_branch_dop_operator_v3 to 2023-04-28T21:12:00+00:00, run_after=2023-04-28T21:13:00+00:00
[2023-04-28T18:13:20.242-0300] {processor.py:175} INFO - Processing /home/lcscarv/projetos/indicium/desafio_5/.venv/lib/python3.8/site-packages/airflow/example_dags/example_branch_python_dop_operator_3.py took 0.125 seconds
[2023-04-28T18:14:12.978-0300] {processor.py:153} INFO - Started process (PID=5940) to work on /home/lcscarv/projetos/indicium/desafio_5/.venv/lib/python3.8/site-packages/airflow/example_dags/example_branch_python_dop_operator_3.py
[2023-04-28T18:14:13.004-0300] {processor.py:743} INFO - Processing file /home/lcscarv/projetos/indicium/desafio_5/.venv/lib/python3.8/site-packages/airflow/example_dags/example_branch_python_dop_operator_3.py for tasks to queue
[2023-04-28T18:14:13.006-0300] {logging_mixin.py:137} INFO - [2023-04-28T18:14:13.005-0300] {dagbag.py:532} INFO - Filling up the DagBag from /home/lcscarv/projetos/indicium/desafio_5/.venv/lib/python3.8/site-packages/airflow/example_dags/example_branch_python_dop_operator_3.py
[2023-04-28T18:14:13.025-0300] {processor.py:753} INFO - DAG(s) dict_keys(['example_branch_dop_operator_v3']) retrieved from /home/lcscarv/projetos/indicium/desafio_5/.venv/lib/python3.8/site-packages/airflow/example_dags/example_branch_python_dop_operator_3.py
[2023-04-28T18:14:13.036-0300] {logging_mixin.py:137} INFO - [2023-04-28T18:14:13.036-0300] {dag.py:2705} INFO - Sync 1 DAGs
[2023-04-28T18:14:13.050-0300] {logging_mixin.py:137} INFO - [2023-04-28T18:14:13.050-0300] {dag.py:3452} INFO - Setting next_dagrun for example_branch_dop_operator_v3 to 2023-04-28T21:13:00+00:00, run_after=2023-04-28T21:14:00+00:00
[2023-04-28T18:14:13.561-0300] {processor.py:175} INFO - Processing /home/lcscarv/projetos/indicium/desafio_5/.venv/lib/python3.8/site-packages/airflow/example_dags/example_branch_python_dop_operator_3.py took 0.586 seconds
[2023-04-28T18:15:17.271-0300] {processor.py:153} INFO - Started process (PID=6043) to work on /home/lcscarv/projetos/indicium/desafio_5/.venv/lib/python3.8/site-packages/airflow/example_dags/example_branch_python_dop_operator_3.py
[2023-04-28T18:15:17.272-0300] {processor.py:743} INFO - Processing file /home/lcscarv/projetos/indicium/desafio_5/.venv/lib/python3.8/site-packages/airflow/example_dags/example_branch_python_dop_operator_3.py for tasks to queue
[2023-04-28T18:15:17.273-0300] {logging_mixin.py:137} INFO - [2023-04-28T18:15:17.273-0300] {dagbag.py:532} INFO - Filling up the DagBag from /home/lcscarv/projetos/indicium/desafio_5/.venv/lib/python3.8/site-packages/airflow/example_dags/example_branch_python_dop_operator_3.py
[2023-04-28T18:15:17.290-0300] {processor.py:753} INFO - DAG(s) dict_keys(['example_branch_dop_operator_v3']) retrieved from /home/lcscarv/projetos/indicium/desafio_5/.venv/lib/python3.8/site-packages/airflow/example_dags/example_branch_python_dop_operator_3.py
[2023-04-28T18:15:17.304-0300] {logging_mixin.py:137} INFO - [2023-04-28T18:15:17.304-0300] {dag.py:2705} INFO - Sync 1 DAGs
[2023-04-28T18:15:17.381-0300] {logging_mixin.py:137} INFO - [2023-04-28T18:15:17.381-0300] {dag.py:3452} INFO - Setting next_dagrun for example_branch_dop_operator_v3 to 2023-04-28T21:14:00+00:00, run_after=2023-04-28T21:15:00+00:00
[2023-04-28T18:15:17.400-0300] {processor.py:175} INFO - Processing /home/lcscarv/projetos/indicium/desafio_5/.venv/lib/python3.8/site-packages/airflow/example_dags/example_branch_python_dop_operator_3.py took 0.131 seconds
[2023-04-28T18:16:15.872-0300] {processor.py:153} INFO - Started process (PID=6093) to work on /home/lcscarv/projetos/indicium/desafio_5/.venv/lib/python3.8/site-packages/airflow/example_dags/example_branch_python_dop_operator_3.py
[2023-04-28T18:16:15.873-0300] {processor.py:743} INFO - Processing file /home/lcscarv/projetos/indicium/desafio_5/.venv/lib/python3.8/site-packages/airflow/example_dags/example_branch_python_dop_operator_3.py for tasks to queue
[2023-04-28T18:16:15.874-0300] {logging_mixin.py:137} INFO - [2023-04-28T18:16:15.874-0300] {dagbag.py:532} INFO - Filling up the DagBag from /home/lcscarv/projetos/indicium/desafio_5/.venv/lib/python3.8/site-packages/airflow/example_dags/example_branch_python_dop_operator_3.py
[2023-04-28T18:16:15.891-0300] {processor.py:753} INFO - DAG(s) dict_keys(['example_branch_dop_operator_v3']) retrieved from /home/lcscarv/projetos/indicium/desafio_5/.venv/lib/python3.8/site-packages/airflow/example_dags/example_branch_python_dop_operator_3.py
[2023-04-28T18:16:15.907-0300] {logging_mixin.py:137} INFO - [2023-04-28T18:16:15.907-0300] {dag.py:2705} INFO - Sync 1 DAGs
[2023-04-28T18:16:15.978-0300] {logging_mixin.py:137} INFO - [2023-04-28T18:16:15.978-0300] {dag.py:3452} INFO - Setting next_dagrun for example_branch_dop_operator_v3 to 2023-04-28T21:15:00+00:00, run_after=2023-04-28T21:16:00+00:00
[2023-04-28T18:16:16.086-0300] {processor.py:175} INFO - Processing /home/lcscarv/projetos/indicium/desafio_5/.venv/lib/python3.8/site-packages/airflow/example_dags/example_branch_python_dop_operator_3.py took 0.216 seconds
[2023-04-28T18:17:14.300-0300] {processor.py:153} INFO - Started process (PID=6142) to work on /home/lcscarv/projetos/indicium/desafio_5/.venv/lib/python3.8/site-packages/airflow/example_dags/example_branch_python_dop_operator_3.py
[2023-04-28T18:17:14.320-0300] {processor.py:743} INFO - Processing file /home/lcscarv/projetos/indicium/desafio_5/.venv/lib/python3.8/site-packages/airflow/example_dags/example_branch_python_dop_operator_3.py for tasks to queue
[2023-04-28T18:17:14.321-0300] {logging_mixin.py:137} INFO - [2023-04-28T18:17:14.321-0300] {dagbag.py:532} INFO - Filling up the DagBag from /home/lcscarv/projetos/indicium/desafio_5/.venv/lib/python3.8/site-packages/airflow/example_dags/example_branch_python_dop_operator_3.py
[2023-04-28T18:17:14.337-0300] {processor.py:753} INFO - DAG(s) dict_keys(['example_branch_dop_operator_v3']) retrieved from /home/lcscarv/projetos/indicium/desafio_5/.venv/lib/python3.8/site-packages/airflow/example_dags/example_branch_python_dop_operator_3.py
[2023-04-28T18:17:14.403-0300] {logging_mixin.py:137} INFO - [2023-04-28T18:17:14.403-0300] {dag.py:2705} INFO - Sync 1 DAGs
[2023-04-28T18:17:14.416-0300] {logging_mixin.py:137} INFO - [2023-04-28T18:17:14.416-0300] {dag.py:3452} INFO - Setting next_dagrun for example_branch_dop_operator_v3 to 2023-04-28T21:16:00+00:00, run_after=2023-04-28T21:17:00+00:00
[2023-04-28T18:17:14.470-0300] {processor.py:175} INFO - Processing /home/lcscarv/projetos/indicium/desafio_5/.venv/lib/python3.8/site-packages/airflow/example_dags/example_branch_python_dop_operator_3.py took 0.172 seconds
[2023-04-28T18:18:07.718-0300] {processor.py:153} INFO - Started process (PID=6192) to work on /home/lcscarv/projetos/indicium/desafio_5/.venv/lib/python3.8/site-packages/airflow/example_dags/example_branch_python_dop_operator_3.py
[2023-04-28T18:18:07.720-0300] {processor.py:743} INFO - Processing file /home/lcscarv/projetos/indicium/desafio_5/.venv/lib/python3.8/site-packages/airflow/example_dags/example_branch_python_dop_operator_3.py for tasks to queue
[2023-04-28T18:18:07.720-0300] {logging_mixin.py:137} INFO - [2023-04-28T18:18:07.720-0300] {dagbag.py:532} INFO - Filling up the DagBag from /home/lcscarv/projetos/indicium/desafio_5/.venv/lib/python3.8/site-packages/airflow/example_dags/example_branch_python_dop_operator_3.py
[2023-04-28T18:18:07.741-0300] {processor.py:753} INFO - DAG(s) dict_keys(['example_branch_dop_operator_v3']) retrieved from /home/lcscarv/projetos/indicium/desafio_5/.venv/lib/python3.8/site-packages/airflow/example_dags/example_branch_python_dop_operator_3.py
[2023-04-28T18:18:07.761-0300] {logging_mixin.py:137} INFO - [2023-04-28T18:18:07.760-0300] {dag.py:2705} INFO - Sync 1 DAGs
[2023-04-28T18:18:07.791-0300] {logging_mixin.py:137} INFO - [2023-04-28T18:18:07.791-0300] {dag.py:3452} INFO - Setting next_dagrun for example_branch_dop_operator_v3 to 2023-04-28T21:17:00+00:00, run_after=2023-04-28T21:18:00+00:00
[2023-04-28T18:18:07.820-0300] {processor.py:175} INFO - Processing /home/lcscarv/projetos/indicium/desafio_5/.venv/lib/python3.8/site-packages/airflow/example_dags/example_branch_python_dop_operator_3.py took 0.104 seconds
[2023-04-28T18:18:51.560-0300] {processor.py:153} INFO - Started process (PID=6234) to work on /home/lcscarv/projetos/indicium/desafio_5/.venv/lib/python3.8/site-packages/airflow/example_dags/example_branch_python_dop_operator_3.py
[2023-04-28T18:18:51.561-0300] {processor.py:743} INFO - Processing file /home/lcscarv/projetos/indicium/desafio_5/.venv/lib/python3.8/site-packages/airflow/example_dags/example_branch_python_dop_operator_3.py for tasks to queue
[2023-04-28T18:18:51.562-0300] {logging_mixin.py:137} INFO - [2023-04-28T18:18:51.561-0300] {dagbag.py:532} INFO - Filling up the DagBag from /home/lcscarv/projetos/indicium/desafio_5/.venv/lib/python3.8/site-packages/airflow/example_dags/example_branch_python_dop_operator_3.py
[2023-04-28T18:18:51.578-0300] {processor.py:753} INFO - DAG(s) dict_keys(['example_branch_dop_operator_v3']) retrieved from /home/lcscarv/projetos/indicium/desafio_5/.venv/lib/python3.8/site-packages/airflow/example_dags/example_branch_python_dop_operator_3.py
[2023-04-28T18:18:51.591-0300] {logging_mixin.py:137} INFO - [2023-04-28T18:18:51.591-0300] {dag.py:2705} INFO - Sync 1 DAGs
[2023-04-28T18:18:51.609-0300] {logging_mixin.py:137} INFO - [2023-04-28T18:18:51.609-0300] {dag.py:3452} INFO - Setting next_dagrun for example_branch_dop_operator_v3 to 2023-04-28T21:17:00+00:00, run_after=2023-04-28T21:18:00+00:00
[2023-04-28T18:18:51.702-0300] {processor.py:175} INFO - Processing /home/lcscarv/projetos/indicium/desafio_5/.venv/lib/python3.8/site-packages/airflow/example_dags/example_branch_python_dop_operator_3.py took 0.144 seconds
[2023-04-28T18:19:36.748-0300] {processor.py:153} INFO - Started process (PID=6275) to work on /home/lcscarv/projetos/indicium/desafio_5/.venv/lib/python3.8/site-packages/airflow/example_dags/example_branch_python_dop_operator_3.py
[2023-04-28T18:19:36.749-0300] {processor.py:743} INFO - Processing file /home/lcscarv/projetos/indicium/desafio_5/.venv/lib/python3.8/site-packages/airflow/example_dags/example_branch_python_dop_operator_3.py for tasks to queue
[2023-04-28T18:19:36.750-0300] {logging_mixin.py:137} INFO - [2023-04-28T18:19:36.750-0300] {dagbag.py:532} INFO - Filling up the DagBag from /home/lcscarv/projetos/indicium/desafio_5/.venv/lib/python3.8/site-packages/airflow/example_dags/example_branch_python_dop_operator_3.py
[2023-04-28T18:19:36.769-0300] {processor.py:753} INFO - DAG(s) dict_keys(['example_branch_dop_operator_v3']) retrieved from /home/lcscarv/projetos/indicium/desafio_5/.venv/lib/python3.8/site-packages/airflow/example_dags/example_branch_python_dop_operator_3.py
[2023-04-28T18:19:36.787-0300] {logging_mixin.py:137} INFO - [2023-04-28T18:19:36.787-0300] {dag.py:2705} INFO - Sync 1 DAGs
[2023-04-28T18:19:36.874-0300] {logging_mixin.py:137} INFO - [2023-04-28T18:19:36.874-0300] {dag.py:3452} INFO - Setting next_dagrun for example_branch_dop_operator_v3 to 2023-04-28T21:18:00+00:00, run_after=2023-04-28T21:19:00+00:00
[2023-04-28T18:19:36.893-0300] {processor.py:175} INFO - Processing /home/lcscarv/projetos/indicium/desafio_5/.venv/lib/python3.8/site-packages/airflow/example_dags/example_branch_python_dop_operator_3.py took 0.147 seconds
[2023-04-28T18:20:26.330-0300] {processor.py:153} INFO - Started process (PID=6371) to work on /home/lcscarv/projetos/indicium/desafio_5/.venv/lib/python3.8/site-packages/airflow/example_dags/example_branch_python_dop_operator_3.py
[2023-04-28T18:20:26.331-0300] {processor.py:743} INFO - Processing file /home/lcscarv/projetos/indicium/desafio_5/.venv/lib/python3.8/site-packages/airflow/example_dags/example_branch_python_dop_operator_3.py for tasks to queue
[2023-04-28T18:20:26.331-0300] {logging_mixin.py:137} INFO - [2023-04-28T18:20:26.331-0300] {dagbag.py:532} INFO - Filling up the DagBag from /home/lcscarv/projetos/indicium/desafio_5/.venv/lib/python3.8/site-packages/airflow/example_dags/example_branch_python_dop_operator_3.py
[2023-04-28T18:20:26.347-0300] {processor.py:753} INFO - DAG(s) dict_keys(['example_branch_dop_operator_v3']) retrieved from /home/lcscarv/projetos/indicium/desafio_5/.venv/lib/python3.8/site-packages/airflow/example_dags/example_branch_python_dop_operator_3.py
[2023-04-28T18:20:26.361-0300] {logging_mixin.py:137} INFO - [2023-04-28T18:20:26.361-0300] {dag.py:2705} INFO - Sync 1 DAGs
[2023-04-28T18:20:26.436-0300] {logging_mixin.py:137} INFO - [2023-04-28T18:20:26.436-0300] {dag.py:3452} INFO - Setting next_dagrun for example_branch_dop_operator_v3 to 2023-04-28T21:19:00+00:00, run_after=2023-04-28T21:20:00+00:00
[2023-04-28T18:20:26.460-0300] {processor.py:175} INFO - Processing /home/lcscarv/projetos/indicium/desafio_5/.venv/lib/python3.8/site-packages/airflow/example_dags/example_branch_python_dop_operator_3.py took 0.132 seconds
[2023-04-28T18:21:14.390-0300] {processor.py:153} INFO - Started process (PID=6416) to work on /home/lcscarv/projetos/indicium/desafio_5/.venv/lib/python3.8/site-packages/airflow/example_dags/example_branch_python_dop_operator_3.py
[2023-04-28T18:21:14.391-0300] {processor.py:743} INFO - Processing file /home/lcscarv/projetos/indicium/desafio_5/.venv/lib/python3.8/site-packages/airflow/example_dags/example_branch_python_dop_operator_3.py for tasks to queue
[2023-04-28T18:21:14.392-0300] {logging_mixin.py:137} INFO - [2023-04-28T18:21:14.391-0300] {dagbag.py:532} INFO - Filling up the DagBag from /home/lcscarv/projetos/indicium/desafio_5/.venv/lib/python3.8/site-packages/airflow/example_dags/example_branch_python_dop_operator_3.py
[2023-04-28T18:21:14.408-0300] {processor.py:753} INFO - DAG(s) dict_keys(['example_branch_dop_operator_v3']) retrieved from /home/lcscarv/projetos/indicium/desafio_5/.venv/lib/python3.8/site-packages/airflow/example_dags/example_branch_python_dop_operator_3.py
[2023-04-28T18:21:14.482-0300] {logging_mixin.py:137} INFO - [2023-04-28T18:21:14.482-0300] {dag.py:2705} INFO - Sync 1 DAGs
[2023-04-28T18:21:14.498-0300] {logging_mixin.py:137} INFO - [2023-04-28T18:21:14.498-0300] {dag.py:3452} INFO - Setting next_dagrun for example_branch_dop_operator_v3 to 2023-04-28T21:20:00+00:00, run_after=2023-04-28T21:21:00+00:00
[2023-04-28T18:21:14.518-0300] {processor.py:175} INFO - Processing /home/lcscarv/projetos/indicium/desafio_5/.venv/lib/python3.8/site-packages/airflow/example_dags/example_branch_python_dop_operator_3.py took 0.130 seconds
