[2023-04-28T18:00:51.119-0300] {processor.py:153} INFO - Started process (PID=4618) to work on /home/lcscarv/projetos/indicium/desafio_5/.venv/lib/python3.8/site-packages/airflow/example_dags/example_branch_datetime_operator.py
[2023-04-28T18:00:51.120-0300] {processor.py:743} INFO - Processing file /home/lcscarv/projetos/indicium/desafio_5/.venv/lib/python3.8/site-packages/airflow/example_dags/example_branch_datetime_operator.py for tasks to queue
[2023-04-28T18:00:51.120-0300] {logging_mixin.py:137} INFO - [2023-04-28T18:00:51.120-0300] {dagbag.py:532} INFO - Filling up the DagBag from /home/lcscarv/projetos/indicium/desafio_5/.venv/lib/python3.8/site-packages/airflow/example_dags/example_branch_datetime_operator.py
[2023-04-28T18:00:51.131-0300] {processor.py:753} INFO - DAG(s) dict_keys(['example_branch_datetime_operator_2', 'example_branch_datetime_operator_3', 'example_branch_datetime_operator']) retrieved from /home/lcscarv/projetos/indicium/desafio_5/.venv/lib/python3.8/site-packages/airflow/example_dags/example_branch_datetime_operator.py
[2023-04-28T18:00:51.149-0300] {logging_mixin.py:137} INFO - [2023-04-28T18:00:51.149-0300] {dag.py:2705} INFO - Sync 3 DAGs
[2023-04-28T18:00:51.164-0300] {logging_mixin.py:137} INFO - [2023-04-28T18:00:51.164-0300] {dag.py:3452} INFO - Setting next_dagrun for example_branch_datetime_operator to 2023-04-27T00:00:00+00:00, run_after=2023-04-28T00:00:00+00:00
[2023-04-28T18:00:51.167-0300] {logging_mixin.py:137} INFO - [2023-04-28T18:00:51.166-0300] {dag.py:3452} INFO - Setting next_dagrun for example_branch_datetime_operator_2 to 2023-04-27T00:00:00+00:00, run_after=2023-04-28T00:00:00+00:00
[2023-04-28T18:00:51.168-0300] {logging_mixin.py:137} INFO - [2023-04-28T18:00:51.168-0300] {dag.py:3452} INFO - Setting next_dagrun for example_branch_datetime_operator_3 to 2023-04-27T00:00:00+00:00, run_after=2023-04-28T00:00:00+00:00
[2023-04-28T18:00:51.191-0300] {processor.py:175} INFO - Processing /home/lcscarv/projetos/indicium/desafio_5/.venv/lib/python3.8/site-packages/airflow/example_dags/example_branch_datetime_operator.py took 0.074 seconds
[2023-04-28T18:01:43.668-0300] {processor.py:153} INFO - Started process (PID=4668) to work on /home/lcscarv/projetos/indicium/desafio_5/.venv/lib/python3.8/site-packages/airflow/example_dags/example_branch_datetime_operator.py
[2023-04-28T18:01:43.669-0300] {processor.py:743} INFO - Processing file /home/lcscarv/projetos/indicium/desafio_5/.venv/lib/python3.8/site-packages/airflow/example_dags/example_branch_datetime_operator.py for tasks to queue
[2023-04-28T18:01:43.670-0300] {logging_mixin.py:137} INFO - [2023-04-28T18:01:43.670-0300] {dagbag.py:532} INFO - Filling up the DagBag from /home/lcscarv/projetos/indicium/desafio_5/.venv/lib/python3.8/site-packages/airflow/example_dags/example_branch_datetime_operator.py
[2023-04-28T18:01:43.683-0300] {processor.py:753} INFO - DAG(s) dict_keys(['example_branch_datetime_operator_2', 'example_branch_datetime_operator', 'example_branch_datetime_operator_3']) retrieved from /home/lcscarv/projetos/indicium/desafio_5/.venv/lib/python3.8/site-packages/airflow/example_dags/example_branch_datetime_operator.py
[2023-04-28T18:01:43.700-0300] {logging_mixin.py:137} INFO - [2023-04-28T18:01:43.700-0300] {dag.py:2705} INFO - Sync 3 DAGs
[2023-04-28T18:01:43.720-0300] {logging_mixin.py:137} INFO - [2023-04-28T18:01:43.720-0300] {dag.py:3452} INFO - Setting next_dagrun for example_branch_datetime_operator to 2023-04-27T00:00:00+00:00, run_after=2023-04-28T00:00:00+00:00
[2023-04-28T18:01:43.723-0300] {logging_mixin.py:137} INFO - [2023-04-28T18:01:43.723-0300] {dag.py:3452} INFO - Setting next_dagrun for example_branch_datetime_operator_2 to 2023-04-27T00:00:00+00:00, run_after=2023-04-28T00:00:00+00:00
[2023-04-28T18:01:43.725-0300] {logging_mixin.py:137} INFO - [2023-04-28T18:01:43.725-0300] {dag.py:3452} INFO - Setting next_dagrun for example_branch_datetime_operator_3 to 2023-04-27T00:00:00+00:00, run_after=2023-04-28T00:00:00+00:00
[2023-04-28T18:01:43.742-0300] {processor.py:175} INFO - Processing /home/lcscarv/projetos/indicium/desafio_5/.venv/lib/python3.8/site-packages/airflow/example_dags/example_branch_datetime_operator.py took 0.076 seconds
[2023-04-28T18:03:01.703-0300] {processor.py:153} INFO - Started process (PID=4828) to work on /home/lcscarv/projetos/indicium/desafio_5/.venv/lib/python3.8/site-packages/airflow/example_dags/example_branch_datetime_operator.py
[2023-04-28T18:03:01.705-0300] {processor.py:743} INFO - Processing file /home/lcscarv/projetos/indicium/desafio_5/.venv/lib/python3.8/site-packages/airflow/example_dags/example_branch_datetime_operator.py for tasks to queue
[2023-04-28T18:03:01.705-0300] {logging_mixin.py:137} INFO - [2023-04-28T18:03:01.705-0300] {dagbag.py:532} INFO - Filling up the DagBag from /home/lcscarv/projetos/indicium/desafio_5/.venv/lib/python3.8/site-packages/airflow/example_dags/example_branch_datetime_operator.py
[2023-04-28T18:03:01.717-0300] {processor.py:753} INFO - DAG(s) dict_keys(['example_branch_datetime_operator', 'example_branch_datetime_operator_2', 'example_branch_datetime_operator_3']) retrieved from /home/lcscarv/projetos/indicium/desafio_5/.venv/lib/python3.8/site-packages/airflow/example_dags/example_branch_datetime_operator.py
[2023-04-28T18:03:01.733-0300] {logging_mixin.py:137} INFO - [2023-04-28T18:03:01.733-0300] {dag.py:2705} INFO - Sync 3 DAGs
[2023-04-28T18:03:01.745-0300] {logging_mixin.py:137} INFO - [2023-04-28T18:03:01.745-0300] {dag.py:3452} INFO - Setting next_dagrun for example_branch_datetime_operator to 2023-04-27T00:00:00+00:00, run_after=2023-04-28T00:00:00+00:00
[2023-04-28T18:03:01.753-0300] {logging_mixin.py:137} INFO - [2023-04-28T18:03:01.753-0300] {dag.py:3452} INFO - Setting next_dagrun for example_branch_datetime_operator_2 to 2023-04-27T00:00:00+00:00, run_after=2023-04-28T00:00:00+00:00
[2023-04-28T18:03:01.755-0300] {logging_mixin.py:137} INFO - [2023-04-28T18:03:01.755-0300] {dag.py:3452} INFO - Setting next_dagrun for example_branch_datetime_operator_3 to 2023-04-27T00:00:00+00:00, run_after=2023-04-28T00:00:00+00:00
[2023-04-28T18:03:01.773-0300] {processor.py:175} INFO - Processing /home/lcscarv/projetos/indicium/desafio_5/.venv/lib/python3.8/site-packages/airflow/example_dags/example_branch_datetime_operator.py took 0.072 seconds
[2023-04-28T18:03:48.722-0300] {processor.py:153} INFO - Started process (PID=4874) to work on /home/lcscarv/projetos/indicium/desafio_5/.venv/lib/python3.8/site-packages/airflow/example_dags/example_branch_datetime_operator.py
[2023-04-28T18:03:48.723-0300] {processor.py:743} INFO - Processing file /home/lcscarv/projetos/indicium/desafio_5/.venv/lib/python3.8/site-packages/airflow/example_dags/example_branch_datetime_operator.py for tasks to queue
[2023-04-28T18:03:48.724-0300] {logging_mixin.py:137} INFO - [2023-04-28T18:03:48.723-0300] {dagbag.py:532} INFO - Filling up the DagBag from /home/lcscarv/projetos/indicium/desafio_5/.venv/lib/python3.8/site-packages/airflow/example_dags/example_branch_datetime_operator.py
[2023-04-28T18:03:48.741-0300] {processor.py:753} INFO - DAG(s) dict_keys(['example_branch_datetime_operator_3', 'example_branch_datetime_operator', 'example_branch_datetime_operator_2']) retrieved from /home/lcscarv/projetos/indicium/desafio_5/.venv/lib/python3.8/site-packages/airflow/example_dags/example_branch_datetime_operator.py
[2023-04-28T18:03:48.765-0300] {logging_mixin.py:137} INFO - [2023-04-28T18:03:48.764-0300] {dag.py:2705} INFO - Sync 3 DAGs
[2023-04-28T18:03:48.785-0300] {logging_mixin.py:137} INFO - [2023-04-28T18:03:48.785-0300] {dag.py:3452} INFO - Setting next_dagrun for example_branch_datetime_operator to 2023-04-27T00:00:00+00:00, run_after=2023-04-28T00:00:00+00:00
[2023-04-28T18:03:48.789-0300] {logging_mixin.py:137} INFO - [2023-04-28T18:03:48.789-0300] {dag.py:3452} INFO - Setting next_dagrun for example_branch_datetime_operator_2 to 2023-04-27T00:00:00+00:00, run_after=2023-04-28T00:00:00+00:00
[2023-04-28T18:03:48.791-0300] {logging_mixin.py:137} INFO - [2023-04-28T18:03:48.791-0300] {dag.py:3452} INFO - Setting next_dagrun for example_branch_datetime_operator_3 to 2023-04-27T00:00:00+00:00, run_after=2023-04-28T00:00:00+00:00
[2023-04-28T18:03:48.809-0300] {processor.py:175} INFO - Processing /home/lcscarv/projetos/indicium/desafio_5/.venv/lib/python3.8/site-packages/airflow/example_dags/example_branch_datetime_operator.py took 0.091 seconds
[2023-04-28T18:04:37.134-0300] {processor.py:153} INFO - Started process (PID=4924) to work on /home/lcscarv/projetos/indicium/desafio_5/.venv/lib/python3.8/site-packages/airflow/example_dags/example_branch_datetime_operator.py
[2023-04-28T18:04:37.135-0300] {processor.py:743} INFO - Processing file /home/lcscarv/projetos/indicium/desafio_5/.venv/lib/python3.8/site-packages/airflow/example_dags/example_branch_datetime_operator.py for tasks to queue
[2023-04-28T18:04:37.136-0300] {logging_mixin.py:137} INFO - [2023-04-28T18:04:37.135-0300] {dagbag.py:532} INFO - Filling up the DagBag from /home/lcscarv/projetos/indicium/desafio_5/.venv/lib/python3.8/site-packages/airflow/example_dags/example_branch_datetime_operator.py
[2023-04-28T18:04:37.149-0300] {processor.py:753} INFO - DAG(s) dict_keys(['example_branch_datetime_operator', 'example_branch_datetime_operator_2', 'example_branch_datetime_operator_3']) retrieved from /home/lcscarv/projetos/indicium/desafio_5/.venv/lib/python3.8/site-packages/airflow/example_dags/example_branch_datetime_operator.py
[2023-04-28T18:04:37.167-0300] {logging_mixin.py:137} INFO - [2023-04-28T18:04:37.167-0300] {dag.py:2705} INFO - Sync 3 DAGs
[2023-04-28T18:04:37.182-0300] {logging_mixin.py:137} INFO - [2023-04-28T18:04:37.182-0300] {dag.py:3452} INFO - Setting next_dagrun for example_branch_datetime_operator to 2023-04-27T00:00:00+00:00, run_after=2023-04-28T00:00:00+00:00
[2023-04-28T18:04:37.185-0300] {logging_mixin.py:137} INFO - [2023-04-28T18:04:37.185-0300] {dag.py:3452} INFO - Setting next_dagrun for example_branch_datetime_operator_2 to 2023-04-27T00:00:00+00:00, run_after=2023-04-28T00:00:00+00:00
[2023-04-28T18:04:37.186-0300] {logging_mixin.py:137} INFO - [2023-04-28T18:04:37.186-0300] {dag.py:3452} INFO - Setting next_dagrun for example_branch_datetime_operator_3 to 2023-04-27T00:00:00+00:00, run_after=2023-04-28T00:00:00+00:00
[2023-04-28T18:04:37.205-0300] {processor.py:175} INFO - Processing /home/lcscarv/projetos/indicium/desafio_5/.venv/lib/python3.8/site-packages/airflow/example_dags/example_branch_datetime_operator.py took 0.074 seconds
[2023-04-28T18:05:24.936-0300] {processor.py:153} INFO - Started process (PID=5073) to work on /home/lcscarv/projetos/indicium/desafio_5/.venv/lib/python3.8/site-packages/airflow/example_dags/example_branch_datetime_operator.py
[2023-04-28T18:05:24.937-0300] {processor.py:743} INFO - Processing file /home/lcscarv/projetos/indicium/desafio_5/.venv/lib/python3.8/site-packages/airflow/example_dags/example_branch_datetime_operator.py for tasks to queue
[2023-04-28T18:05:24.938-0300] {logging_mixin.py:137} INFO - [2023-04-28T18:05:24.938-0300] {dagbag.py:532} INFO - Filling up the DagBag from /home/lcscarv/projetos/indicium/desafio_5/.venv/lib/python3.8/site-packages/airflow/example_dags/example_branch_datetime_operator.py
[2023-04-28T18:05:24.948-0300] {processor.py:753} INFO - DAG(s) dict_keys(['example_branch_datetime_operator', 'example_branch_datetime_operator_3', 'example_branch_datetime_operator_2']) retrieved from /home/lcscarv/projetos/indicium/desafio_5/.venv/lib/python3.8/site-packages/airflow/example_dags/example_branch_datetime_operator.py
[2023-04-28T18:05:24.964-0300] {logging_mixin.py:137} INFO - [2023-04-28T18:05:24.964-0300] {dag.py:2705} INFO - Sync 3 DAGs
[2023-04-28T18:05:24.977-0300] {logging_mixin.py:137} INFO - [2023-04-28T18:05:24.977-0300] {dag.py:3452} INFO - Setting next_dagrun for example_branch_datetime_operator to 2023-04-27T00:00:00+00:00, run_after=2023-04-28T00:00:00+00:00
[2023-04-28T18:05:24.980-0300] {logging_mixin.py:137} INFO - [2023-04-28T18:05:24.980-0300] {dag.py:3452} INFO - Setting next_dagrun for example_branch_datetime_operator_2 to 2023-04-27T00:00:00+00:00, run_after=2023-04-28T00:00:00+00:00
[2023-04-28T18:05:24.981-0300] {logging_mixin.py:137} INFO - [2023-04-28T18:05:24.981-0300] {dag.py:3452} INFO - Setting next_dagrun for example_branch_datetime_operator_3 to 2023-04-27T00:00:00+00:00, run_after=2023-04-28T00:00:00+00:00
[2023-04-28T18:05:24.999-0300] {processor.py:175} INFO - Processing /home/lcscarv/projetos/indicium/desafio_5/.venv/lib/python3.8/site-packages/airflow/example_dags/example_branch_datetime_operator.py took 0.065 seconds
[2023-04-28T18:06:08.310-0300] {processor.py:153} INFO - Started process (PID=5118) to work on /home/lcscarv/projetos/indicium/desafio_5/.venv/lib/python3.8/site-packages/airflow/example_dags/example_branch_datetime_operator.py
[2023-04-28T18:06:08.314-0300] {processor.py:743} INFO - Processing file /home/lcscarv/projetos/indicium/desafio_5/.venv/lib/python3.8/site-packages/airflow/example_dags/example_branch_datetime_operator.py for tasks to queue
[2023-04-28T18:06:08.315-0300] {logging_mixin.py:137} INFO - [2023-04-28T18:06:08.315-0300] {dagbag.py:532} INFO - Filling up the DagBag from /home/lcscarv/projetos/indicium/desafio_5/.venv/lib/python3.8/site-packages/airflow/example_dags/example_branch_datetime_operator.py
[2023-04-28T18:06:08.325-0300] {processor.py:753} INFO - DAG(s) dict_keys(['example_branch_datetime_operator_3', 'example_branch_datetime_operator_2', 'example_branch_datetime_operator']) retrieved from /home/lcscarv/projetos/indicium/desafio_5/.venv/lib/python3.8/site-packages/airflow/example_dags/example_branch_datetime_operator.py
[2023-04-28T18:06:08.340-0300] {logging_mixin.py:137} INFO - [2023-04-28T18:06:08.340-0300] {dag.py:2705} INFO - Sync 3 DAGs
[2023-04-28T18:06:08.353-0300] {logging_mixin.py:137} INFO - [2023-04-28T18:06:08.352-0300] {dag.py:3452} INFO - Setting next_dagrun for example_branch_datetime_operator to 2023-04-27T00:00:00+00:00, run_after=2023-04-28T00:00:00+00:00
[2023-04-28T18:06:08.355-0300] {logging_mixin.py:137} INFO - [2023-04-28T18:06:08.355-0300] {dag.py:3452} INFO - Setting next_dagrun for example_branch_datetime_operator_2 to 2023-04-27T00:00:00+00:00, run_after=2023-04-28T00:00:00+00:00
[2023-04-28T18:06:08.356-0300] {logging_mixin.py:137} INFO - [2023-04-28T18:06:08.356-0300] {dag.py:3452} INFO - Setting next_dagrun for example_branch_datetime_operator_3 to 2023-04-27T00:00:00+00:00, run_after=2023-04-28T00:00:00+00:00
[2023-04-28T18:06:08.372-0300] {processor.py:175} INFO - Processing /home/lcscarv/projetos/indicium/desafio_5/.venv/lib/python3.8/site-packages/airflow/example_dags/example_branch_datetime_operator.py took 0.064 seconds
[2023-04-28T18:07:03.489-0300] {processor.py:153} INFO - Started process (PID=5165) to work on /home/lcscarv/projetos/indicium/desafio_5/.venv/lib/python3.8/site-packages/airflow/example_dags/example_branch_datetime_operator.py
[2023-04-28T18:07:03.714-0300] {processor.py:743} INFO - Processing file /home/lcscarv/projetos/indicium/desafio_5/.venv/lib/python3.8/site-packages/airflow/example_dags/example_branch_datetime_operator.py for tasks to queue
[2023-04-28T18:07:03.716-0300] {logging_mixin.py:137} INFO - [2023-04-28T18:07:03.715-0300] {dagbag.py:532} INFO - Filling up the DagBag from /home/lcscarv/projetos/indicium/desafio_5/.venv/lib/python3.8/site-packages/airflow/example_dags/example_branch_datetime_operator.py
[2023-04-28T18:07:03.731-0300] {processor.py:753} INFO - DAG(s) dict_keys(['example_branch_datetime_operator_2', 'example_branch_datetime_operator_3', 'example_branch_datetime_operator']) retrieved from /home/lcscarv/projetos/indicium/desafio_5/.venv/lib/python3.8/site-packages/airflow/example_dags/example_branch_datetime_operator.py
[2023-04-28T18:07:03.747-0300] {logging_mixin.py:137} INFO - [2023-04-28T18:07:03.747-0300] {dag.py:2705} INFO - Sync 3 DAGs
[2023-04-28T18:07:03.760-0300] {logging_mixin.py:137} INFO - [2023-04-28T18:07:03.760-0300] {dag.py:3452} INFO - Setting next_dagrun for example_branch_datetime_operator to 2023-04-27T00:00:00+00:00, run_after=2023-04-28T00:00:00+00:00
[2023-04-28T18:07:03.763-0300] {logging_mixin.py:137} INFO - [2023-04-28T18:07:03.762-0300] {dag.py:3452} INFO - Setting next_dagrun for example_branch_datetime_operator_2 to 2023-04-27T00:00:00+00:00, run_after=2023-04-28T00:00:00+00:00
[2023-04-28T18:07:03.764-0300] {logging_mixin.py:137} INFO - [2023-04-28T18:07:03.764-0300] {dag.py:3452} INFO - Setting next_dagrun for example_branch_datetime_operator_3 to 2023-04-27T00:00:00+00:00, run_after=2023-04-28T00:00:00+00:00
[2023-04-28T18:07:03.855-0300] {processor.py:175} INFO - Processing /home/lcscarv/projetos/indicium/desafio_5/.venv/lib/python3.8/site-packages/airflow/example_dags/example_branch_datetime_operator.py took 0.368 seconds
[2023-04-28T18:08:22.691-0300] {processor.py:153} INFO - Started process (PID=5383) to work on /home/lcscarv/projetos/indicium/desafio_5/.venv/lib/python3.8/site-packages/airflow/example_dags/example_branch_datetime_operator.py
[2023-04-28T18:08:22.726-0300] {processor.py:743} INFO - Processing file /home/lcscarv/projetos/indicium/desafio_5/.venv/lib/python3.8/site-packages/airflow/example_dags/example_branch_datetime_operator.py for tasks to queue
[2023-04-28T18:08:22.728-0300] {logging_mixin.py:137} INFO - [2023-04-28T18:08:22.727-0300] {dagbag.py:532} INFO - Filling up the DagBag from /home/lcscarv/projetos/indicium/desafio_5/.venv/lib/python3.8/site-packages/airflow/example_dags/example_branch_datetime_operator.py
[2023-04-28T18:08:22.740-0300] {processor.py:753} INFO - DAG(s) dict_keys(['example_branch_datetime_operator_2', 'example_branch_datetime_operator_3', 'example_branch_datetime_operator']) retrieved from /home/lcscarv/projetos/indicium/desafio_5/.venv/lib/python3.8/site-packages/airflow/example_dags/example_branch_datetime_operator.py
[2023-04-28T18:08:22.756-0300] {logging_mixin.py:137} INFO - [2023-04-28T18:08:22.756-0300] {dag.py:2705} INFO - Sync 3 DAGs
[2023-04-28T18:08:22.770-0300] {logging_mixin.py:137} INFO - [2023-04-28T18:08:22.769-0300] {dag.py:3452} INFO - Setting next_dagrun for example_branch_datetime_operator to 2023-04-27T00:00:00+00:00, run_after=2023-04-28T00:00:00+00:00
[2023-04-28T18:08:22.772-0300] {logging_mixin.py:137} INFO - [2023-04-28T18:08:22.772-0300] {dag.py:3452} INFO - Setting next_dagrun for example_branch_datetime_operator_2 to 2023-04-27T00:00:00+00:00, run_after=2023-04-28T00:00:00+00:00
[2023-04-28T18:08:22.774-0300] {logging_mixin.py:137} INFO - [2023-04-28T18:08:22.774-0300] {dag.py:3452} INFO - Setting next_dagrun for example_branch_datetime_operator_3 to 2023-04-27T00:00:00+00:00, run_after=2023-04-28T00:00:00+00:00
[2023-04-28T18:08:23.125-0300] {processor.py:175} INFO - Processing /home/lcscarv/projetos/indicium/desafio_5/.venv/lib/python3.8/site-packages/airflow/example_dags/example_branch_datetime_operator.py took 0.435 seconds
[2023-04-28T18:09:09.942-0300] {processor.py:153} INFO - Started process (PID=5477) to work on /home/lcscarv/projetos/indicium/desafio_5/.venv/lib/python3.8/site-packages/airflow/example_dags/example_branch_datetime_operator.py
[2023-04-28T18:09:09.979-0300] {processor.py:743} INFO - Processing file /home/lcscarv/projetos/indicium/desafio_5/.venv/lib/python3.8/site-packages/airflow/example_dags/example_branch_datetime_operator.py for tasks to queue
[2023-04-28T18:09:09.981-0300] {logging_mixin.py:137} INFO - [2023-04-28T18:09:09.980-0300] {dagbag.py:532} INFO - Filling up the DagBag from /home/lcscarv/projetos/indicium/desafio_5/.venv/lib/python3.8/site-packages/airflow/example_dags/example_branch_datetime_operator.py
[2023-04-28T18:09:09.994-0300] {processor.py:753} INFO - DAG(s) dict_keys(['example_branch_datetime_operator', 'example_branch_datetime_operator_3', 'example_branch_datetime_operator_2']) retrieved from /home/lcscarv/projetos/indicium/desafio_5/.venv/lib/python3.8/site-packages/airflow/example_dags/example_branch_datetime_operator.py
[2023-04-28T18:09:10.011-0300] {logging_mixin.py:137} INFO - [2023-04-28T18:09:10.010-0300] {dag.py:2705} INFO - Sync 3 DAGs
[2023-04-28T18:09:10.023-0300] {logging_mixin.py:137} INFO - [2023-04-28T18:09:10.023-0300] {dag.py:3452} INFO - Setting next_dagrun for example_branch_datetime_operator to 2023-04-27T00:00:00+00:00, run_after=2023-04-28T00:00:00+00:00
[2023-04-28T18:09:10.026-0300] {logging_mixin.py:137} INFO - [2023-04-28T18:09:10.026-0300] {dag.py:3452} INFO - Setting next_dagrun for example_branch_datetime_operator_2 to 2023-04-27T00:00:00+00:00, run_after=2023-04-28T00:00:00+00:00
[2023-04-28T18:09:10.027-0300] {logging_mixin.py:137} INFO - [2023-04-28T18:09:10.027-0300] {dag.py:3452} INFO - Setting next_dagrun for example_branch_datetime_operator_3 to 2023-04-27T00:00:00+00:00, run_after=2023-04-28T00:00:00+00:00
[2023-04-28T18:09:10.123-0300] {processor.py:175} INFO - Processing /home/lcscarv/projetos/indicium/desafio_5/.venv/lib/python3.8/site-packages/airflow/example_dags/example_branch_datetime_operator.py took 0.183 seconds
[2023-04-28T18:09:56.374-0300] {processor.py:153} INFO - Started process (PID=5521) to work on /home/lcscarv/projetos/indicium/desafio_5/.venv/lib/python3.8/site-packages/airflow/example_dags/example_branch_datetime_operator.py
[2023-04-28T18:09:56.378-0300] {processor.py:743} INFO - Processing file /home/lcscarv/projetos/indicium/desafio_5/.venv/lib/python3.8/site-packages/airflow/example_dags/example_branch_datetime_operator.py for tasks to queue
[2023-04-28T18:09:56.379-0300] {logging_mixin.py:137} INFO - [2023-04-28T18:09:56.379-0300] {dagbag.py:532} INFO - Filling up the DagBag from /home/lcscarv/projetos/indicium/desafio_5/.venv/lib/python3.8/site-packages/airflow/example_dags/example_branch_datetime_operator.py
[2023-04-28T18:09:56.390-0300] {processor.py:753} INFO - DAG(s) dict_keys(['example_branch_datetime_operator_3', 'example_branch_datetime_operator_2', 'example_branch_datetime_operator']) retrieved from /home/lcscarv/projetos/indicium/desafio_5/.venv/lib/python3.8/site-packages/airflow/example_dags/example_branch_datetime_operator.py
[2023-04-28T18:09:56.407-0300] {logging_mixin.py:137} INFO - [2023-04-28T18:09:56.407-0300] {dag.py:2705} INFO - Sync 3 DAGs
[2023-04-28T18:09:56.421-0300] {logging_mixin.py:137} INFO - [2023-04-28T18:09:56.421-0300] {dag.py:3452} INFO - Setting next_dagrun for example_branch_datetime_operator to 2023-04-27T00:00:00+00:00, run_after=2023-04-28T00:00:00+00:00
[2023-04-28T18:09:56.424-0300] {logging_mixin.py:137} INFO - [2023-04-28T18:09:56.424-0300] {dag.py:3452} INFO - Setting next_dagrun for example_branch_datetime_operator_2 to 2023-04-27T00:00:00+00:00, run_after=2023-04-28T00:00:00+00:00
[2023-04-28T18:09:56.426-0300] {logging_mixin.py:137} INFO - [2023-04-28T18:09:56.425-0300] {dag.py:3452} INFO - Setting next_dagrun for example_branch_datetime_operator_3 to 2023-04-27T00:00:00+00:00, run_after=2023-04-28T00:00:00+00:00
[2023-04-28T18:09:56.446-0300] {processor.py:175} INFO - Processing /home/lcscarv/projetos/indicium/desafio_5/.venv/lib/python3.8/site-packages/airflow/example_dags/example_branch_datetime_operator.py took 0.075 seconds
[2023-04-28T18:10:53.608-0300] {processor.py:153} INFO - Started process (PID=5669) to work on /home/lcscarv/projetos/indicium/desafio_5/.venv/lib/python3.8/site-packages/airflow/example_dags/example_branch_datetime_operator.py
[2023-04-28T18:10:53.609-0300] {processor.py:743} INFO - Processing file /home/lcscarv/projetos/indicium/desafio_5/.venv/lib/python3.8/site-packages/airflow/example_dags/example_branch_datetime_operator.py for tasks to queue
[2023-04-28T18:10:53.609-0300] {logging_mixin.py:137} INFO - [2023-04-28T18:10:53.609-0300] {dagbag.py:532} INFO - Filling up the DagBag from /home/lcscarv/projetos/indicium/desafio_5/.venv/lib/python3.8/site-packages/airflow/example_dags/example_branch_datetime_operator.py
[2023-04-28T18:10:53.620-0300] {processor.py:753} INFO - DAG(s) dict_keys(['example_branch_datetime_operator_3', 'example_branch_datetime_operator', 'example_branch_datetime_operator_2']) retrieved from /home/lcscarv/projetos/indicium/desafio_5/.venv/lib/python3.8/site-packages/airflow/example_dags/example_branch_datetime_operator.py
[2023-04-28T18:10:53.637-0300] {logging_mixin.py:137} INFO - [2023-04-28T18:10:53.637-0300] {dag.py:2705} INFO - Sync 3 DAGs
[2023-04-28T18:10:53.654-0300] {logging_mixin.py:137} INFO - [2023-04-28T18:10:53.654-0300] {dag.py:3452} INFO - Setting next_dagrun for example_branch_datetime_operator to 2023-04-27T00:00:00+00:00, run_after=2023-04-28T00:00:00+00:00
[2023-04-28T18:10:53.657-0300] {logging_mixin.py:137} INFO - [2023-04-28T18:10:53.657-0300] {dag.py:3452} INFO - Setting next_dagrun for example_branch_datetime_operator_2 to 2023-04-27T00:00:00+00:00, run_after=2023-04-28T00:00:00+00:00
[2023-04-28T18:10:53.660-0300] {logging_mixin.py:137} INFO - [2023-04-28T18:10:53.660-0300] {dag.py:3452} INFO - Setting next_dagrun for example_branch_datetime_operator_3 to 2023-04-27T00:00:00+00:00, run_after=2023-04-28T00:00:00+00:00
[2023-04-28T18:10:53.685-0300] {processor.py:175} INFO - Processing /home/lcscarv/projetos/indicium/desafio_5/.venv/lib/python3.8/site-packages/airflow/example_dags/example_branch_datetime_operator.py took 0.079 seconds
[2023-04-28T18:11:48.184-0300] {processor.py:153} INFO - Started process (PID=5821) to work on /home/lcscarv/projetos/indicium/desafio_5/.venv/lib/python3.8/site-packages/airflow/example_dags/example_branch_datetime_operator.py
[2023-04-28T18:11:48.185-0300] {processor.py:743} INFO - Processing file /home/lcscarv/projetos/indicium/desafio_5/.venv/lib/python3.8/site-packages/airflow/example_dags/example_branch_datetime_operator.py for tasks to queue
[2023-04-28T18:11:48.186-0300] {logging_mixin.py:137} INFO - [2023-04-28T18:11:48.186-0300] {dagbag.py:532} INFO - Filling up the DagBag from /home/lcscarv/projetos/indicium/desafio_5/.venv/lib/python3.8/site-packages/airflow/example_dags/example_branch_datetime_operator.py
[2023-04-28T18:11:48.202-0300] {processor.py:753} INFO - DAG(s) dict_keys(['example_branch_datetime_operator_2', 'example_branch_datetime_operator_3', 'example_branch_datetime_operator']) retrieved from /home/lcscarv/projetos/indicium/desafio_5/.venv/lib/python3.8/site-packages/airflow/example_dags/example_branch_datetime_operator.py
[2023-04-28T18:11:48.225-0300] {logging_mixin.py:137} INFO - [2023-04-28T18:11:48.224-0300] {dag.py:2705} INFO - Sync 3 DAGs
[2023-04-28T18:11:48.243-0300] {logging_mixin.py:137} INFO - [2023-04-28T18:11:48.243-0300] {dag.py:3452} INFO - Setting next_dagrun for example_branch_datetime_operator to 2023-04-27T00:00:00+00:00, run_after=2023-04-28T00:00:00+00:00
[2023-04-28T18:11:48.247-0300] {logging_mixin.py:137} INFO - [2023-04-28T18:11:48.247-0300] {dag.py:3452} INFO - Setting next_dagrun for example_branch_datetime_operator_2 to 2023-04-27T00:00:00+00:00, run_after=2023-04-28T00:00:00+00:00
[2023-04-28T18:11:48.250-0300] {logging_mixin.py:137} INFO - [2023-04-28T18:11:48.250-0300] {dag.py:3452} INFO - Setting next_dagrun for example_branch_datetime_operator_3 to 2023-04-27T00:00:00+00:00, run_after=2023-04-28T00:00:00+00:00
[2023-04-28T18:11:48.276-0300] {processor.py:175} INFO - Processing /home/lcscarv/projetos/indicium/desafio_5/.venv/lib/python3.8/site-packages/airflow/example_dags/example_branch_datetime_operator.py took 0.094 seconds
[2023-04-28T18:12:52.055-0300] {processor.py:153} INFO - Started process (PID=5868) to work on /home/lcscarv/projetos/indicium/desafio_5/.venv/lib/python3.8/site-packages/airflow/example_dags/example_branch_datetime_operator.py
[2023-04-28T18:12:52.056-0300] {processor.py:743} INFO - Processing file /home/lcscarv/projetos/indicium/desafio_5/.venv/lib/python3.8/site-packages/airflow/example_dags/example_branch_datetime_operator.py for tasks to queue
[2023-04-28T18:12:52.056-0300] {logging_mixin.py:137} INFO - [2023-04-28T18:12:52.056-0300] {dagbag.py:532} INFO - Filling up the DagBag from /home/lcscarv/projetos/indicium/desafio_5/.venv/lib/python3.8/site-packages/airflow/example_dags/example_branch_datetime_operator.py
[2023-04-28T18:12:52.069-0300] {processor.py:753} INFO - DAG(s) dict_keys(['example_branch_datetime_operator_3', 'example_branch_datetime_operator', 'example_branch_datetime_operator_2']) retrieved from /home/lcscarv/projetos/indicium/desafio_5/.venv/lib/python3.8/site-packages/airflow/example_dags/example_branch_datetime_operator.py
[2023-04-28T18:12:52.087-0300] {logging_mixin.py:137} INFO - [2023-04-28T18:12:52.087-0300] {dag.py:2705} INFO - Sync 3 DAGs
[2023-04-28T18:12:52.102-0300] {logging_mixin.py:137} INFO - [2023-04-28T18:12:52.101-0300] {dag.py:3452} INFO - Setting next_dagrun for example_branch_datetime_operator to 2023-04-27T00:00:00+00:00, run_after=2023-04-28T00:00:00+00:00
[2023-04-28T18:12:52.104-0300] {logging_mixin.py:137} INFO - [2023-04-28T18:12:52.104-0300] {dag.py:3452} INFO - Setting next_dagrun for example_branch_datetime_operator_2 to 2023-04-27T00:00:00+00:00, run_after=2023-04-28T00:00:00+00:00
[2023-04-28T18:12:52.106-0300] {logging_mixin.py:137} INFO - [2023-04-28T18:12:52.106-0300] {dag.py:3452} INFO - Setting next_dagrun for example_branch_datetime_operator_3 to 2023-04-27T00:00:00+00:00, run_after=2023-04-28T00:00:00+00:00
[2023-04-28T18:12:52.127-0300] {processor.py:175} INFO - Processing /home/lcscarv/projetos/indicium/desafio_5/.venv/lib/python3.8/site-packages/airflow/example_dags/example_branch_datetime_operator.py took 0.075 seconds
[2023-04-28T18:13:38.240-0300] {processor.py:153} INFO - Started process (PID=5910) to work on /home/lcscarv/projetos/indicium/desafio_5/.venv/lib/python3.8/site-packages/airflow/example_dags/example_branch_datetime_operator.py
[2023-04-28T18:13:38.241-0300] {processor.py:743} INFO - Processing file /home/lcscarv/projetos/indicium/desafio_5/.venv/lib/python3.8/site-packages/airflow/example_dags/example_branch_datetime_operator.py for tasks to queue
[2023-04-28T18:13:38.242-0300] {logging_mixin.py:137} INFO - [2023-04-28T18:13:38.242-0300] {dagbag.py:532} INFO - Filling up the DagBag from /home/lcscarv/projetos/indicium/desafio_5/.venv/lib/python3.8/site-packages/airflow/example_dags/example_branch_datetime_operator.py
[2023-04-28T18:13:38.253-0300] {processor.py:753} INFO - DAG(s) dict_keys(['example_branch_datetime_operator_2', 'example_branch_datetime_operator', 'example_branch_datetime_operator_3']) retrieved from /home/lcscarv/projetos/indicium/desafio_5/.venv/lib/python3.8/site-packages/airflow/example_dags/example_branch_datetime_operator.py
[2023-04-28T18:13:38.270-0300] {logging_mixin.py:137} INFO - [2023-04-28T18:13:38.269-0300] {dag.py:2705} INFO - Sync 3 DAGs
[2023-04-28T18:13:38.282-0300] {logging_mixin.py:137} INFO - [2023-04-28T18:13:38.282-0300] {dag.py:3452} INFO - Setting next_dagrun for example_branch_datetime_operator to 2023-04-27T00:00:00+00:00, run_after=2023-04-28T00:00:00+00:00
[2023-04-28T18:13:38.285-0300] {logging_mixin.py:137} INFO - [2023-04-28T18:13:38.285-0300] {dag.py:3452} INFO - Setting next_dagrun for example_branch_datetime_operator_2 to 2023-04-27T00:00:00+00:00, run_after=2023-04-28T00:00:00+00:00
[2023-04-28T18:13:38.286-0300] {logging_mixin.py:137} INFO - [2023-04-28T18:13:38.286-0300] {dag.py:3452} INFO - Setting next_dagrun for example_branch_datetime_operator_3 to 2023-04-27T00:00:00+00:00, run_after=2023-04-28T00:00:00+00:00
[2023-04-28T18:13:38.318-0300] {processor.py:175} INFO - Processing /home/lcscarv/projetos/indicium/desafio_5/.venv/lib/python3.8/site-packages/airflow/example_dags/example_branch_datetime_operator.py took 0.080 seconds
[2023-04-28T18:14:35.462-0300] {processor.py:153} INFO - Started process (PID=5958) to work on /home/lcscarv/projetos/indicium/desafio_5/.venv/lib/python3.8/site-packages/airflow/example_dags/example_branch_datetime_operator.py
[2023-04-28T18:14:35.463-0300] {processor.py:743} INFO - Processing file /home/lcscarv/projetos/indicium/desafio_5/.venv/lib/python3.8/site-packages/airflow/example_dags/example_branch_datetime_operator.py for tasks to queue
[2023-04-28T18:14:35.464-0300] {logging_mixin.py:137} INFO - [2023-04-28T18:14:35.463-0300] {dagbag.py:532} INFO - Filling up the DagBag from /home/lcscarv/projetos/indicium/desafio_5/.venv/lib/python3.8/site-packages/airflow/example_dags/example_branch_datetime_operator.py
[2023-04-28T18:14:35.476-0300] {processor.py:753} INFO - DAG(s) dict_keys(['example_branch_datetime_operator_2', 'example_branch_datetime_operator', 'example_branch_datetime_operator_3']) retrieved from /home/lcscarv/projetos/indicium/desafio_5/.venv/lib/python3.8/site-packages/airflow/example_dags/example_branch_datetime_operator.py
[2023-04-28T18:14:35.494-0300] {logging_mixin.py:137} INFO - [2023-04-28T18:14:35.494-0300] {dag.py:2705} INFO - Sync 3 DAGs
[2023-04-28T18:14:35.509-0300] {logging_mixin.py:137} INFO - [2023-04-28T18:14:35.509-0300] {dag.py:3452} INFO - Setting next_dagrun for example_branch_datetime_operator to 2023-04-27T00:00:00+00:00, run_after=2023-04-28T00:00:00+00:00
[2023-04-28T18:14:35.512-0300] {logging_mixin.py:137} INFO - [2023-04-28T18:14:35.512-0300] {dag.py:3452} INFO - Setting next_dagrun for example_branch_datetime_operator_2 to 2023-04-27T00:00:00+00:00, run_after=2023-04-28T00:00:00+00:00
[2023-04-28T18:14:35.513-0300] {logging_mixin.py:137} INFO - [2023-04-28T18:14:35.513-0300] {dag.py:3452} INFO - Setting next_dagrun for example_branch_datetime_operator_3 to 2023-04-27T00:00:00+00:00, run_after=2023-04-28T00:00:00+00:00
[2023-04-28T18:14:35.530-0300] {processor.py:175} INFO - Processing /home/lcscarv/projetos/indicium/desafio_5/.venv/lib/python3.8/site-packages/airflow/example_dags/example_branch_datetime_operator.py took 0.070 seconds
[2023-04-28T18:15:38.661-0300] {processor.py:153} INFO - Started process (PID=6061) to work on /home/lcscarv/projetos/indicium/desafio_5/.venv/lib/python3.8/site-packages/airflow/example_dags/example_branch_datetime_operator.py
[2023-04-28T18:15:38.784-0300] {processor.py:743} INFO - Processing file /home/lcscarv/projetos/indicium/desafio_5/.venv/lib/python3.8/site-packages/airflow/example_dags/example_branch_datetime_operator.py for tasks to queue
[2023-04-28T18:15:38.785-0300] {logging_mixin.py:137} INFO - [2023-04-28T18:15:38.785-0300] {dagbag.py:532} INFO - Filling up the DagBag from /home/lcscarv/projetos/indicium/desafio_5/.venv/lib/python3.8/site-packages/airflow/example_dags/example_branch_datetime_operator.py
[2023-04-28T18:15:38.804-0300] {processor.py:753} INFO - DAG(s) dict_keys(['example_branch_datetime_operator', 'example_branch_datetime_operator_3', 'example_branch_datetime_operator_2']) retrieved from /home/lcscarv/projetos/indicium/desafio_5/.venv/lib/python3.8/site-packages/airflow/example_dags/example_branch_datetime_operator.py
[2023-04-28T18:15:38.956-0300] {logging_mixin.py:137} INFO - [2023-04-28T18:15:38.955-0300] {dag.py:2705} INFO - Sync 3 DAGs
[2023-04-28T18:15:38.970-0300] {logging_mixin.py:137} INFO - [2023-04-28T18:15:38.970-0300] {dag.py:3452} INFO - Setting next_dagrun for example_branch_datetime_operator to 2023-04-27T00:00:00+00:00, run_after=2023-04-28T00:00:00+00:00
[2023-04-28T18:15:38.973-0300] {logging_mixin.py:137} INFO - [2023-04-28T18:15:38.972-0300] {dag.py:3452} INFO - Setting next_dagrun for example_branch_datetime_operator_2 to 2023-04-27T00:00:00+00:00, run_after=2023-04-28T00:00:00+00:00
[2023-04-28T18:15:39.033-0300] {logging_mixin.py:137} INFO - [2023-04-28T18:15:39.033-0300] {dag.py:3452} INFO - Setting next_dagrun for example_branch_datetime_operator_3 to 2023-04-27T00:00:00+00:00, run_after=2023-04-28T00:00:00+00:00
[2023-04-28T18:15:39.070-0300] {processor.py:175} INFO - Processing /home/lcscarv/projetos/indicium/desafio_5/.venv/lib/python3.8/site-packages/airflow/example_dags/example_branch_datetime_operator.py took 0.411 seconds
[2023-04-28T18:16:33.735-0300] {processor.py:153} INFO - Started process (PID=6109) to work on /home/lcscarv/projetos/indicium/desafio_5/.venv/lib/python3.8/site-packages/airflow/example_dags/example_branch_datetime_operator.py
[2023-04-28T18:16:33.749-0300] {processor.py:743} INFO - Processing file /home/lcscarv/projetos/indicium/desafio_5/.venv/lib/python3.8/site-packages/airflow/example_dags/example_branch_datetime_operator.py for tasks to queue
[2023-04-28T18:16:33.750-0300] {logging_mixin.py:137} INFO - [2023-04-28T18:16:33.750-0300] {dagbag.py:532} INFO - Filling up the DagBag from /home/lcscarv/projetos/indicium/desafio_5/.venv/lib/python3.8/site-packages/airflow/example_dags/example_branch_datetime_operator.py
[2023-04-28T18:16:33.763-0300] {processor.py:753} INFO - DAG(s) dict_keys(['example_branch_datetime_operator_2', 'example_branch_datetime_operator', 'example_branch_datetime_operator_3']) retrieved from /home/lcscarv/projetos/indicium/desafio_5/.venv/lib/python3.8/site-packages/airflow/example_dags/example_branch_datetime_operator.py
[2023-04-28T18:16:33.780-0300] {logging_mixin.py:137} INFO - [2023-04-28T18:16:33.779-0300] {dag.py:2705} INFO - Sync 3 DAGs
[2023-04-28T18:16:33.853-0300] {logging_mixin.py:137} INFO - [2023-04-28T18:16:33.853-0300] {dag.py:3452} INFO - Setting next_dagrun for example_branch_datetime_operator to 2023-04-27T00:00:00+00:00, run_after=2023-04-28T00:00:00+00:00
[2023-04-28T18:16:33.855-0300] {logging_mixin.py:137} INFO - [2023-04-28T18:16:33.855-0300] {dag.py:3452} INFO - Setting next_dagrun for example_branch_datetime_operator_2 to 2023-04-27T00:00:00+00:00, run_after=2023-04-28T00:00:00+00:00
[2023-04-28T18:16:33.857-0300] {logging_mixin.py:137} INFO - [2023-04-28T18:16:33.857-0300] {dag.py:3452} INFO - Setting next_dagrun for example_branch_datetime_operator_3 to 2023-04-27T00:00:00+00:00, run_after=2023-04-28T00:00:00+00:00
[2023-04-28T18:16:33.874-0300] {processor.py:175} INFO - Processing /home/lcscarv/projetos/indicium/desafio_5/.venv/lib/python3.8/site-packages/airflow/example_dags/example_branch_datetime_operator.py took 0.141 seconds
[2023-04-28T18:17:33.739-0300] {processor.py:153} INFO - Started process (PID=6160) to work on /home/lcscarv/projetos/indicium/desafio_5/.venv/lib/python3.8/site-packages/airflow/example_dags/example_branch_datetime_operator.py
[2023-04-28T18:17:33.740-0300] {processor.py:743} INFO - Processing file /home/lcscarv/projetos/indicium/desafio_5/.venv/lib/python3.8/site-packages/airflow/example_dags/example_branch_datetime_operator.py for tasks to queue
[2023-04-28T18:17:33.741-0300] {logging_mixin.py:137} INFO - [2023-04-28T18:17:33.741-0300] {dagbag.py:532} INFO - Filling up the DagBag from /home/lcscarv/projetos/indicium/desafio_5/.venv/lib/python3.8/site-packages/airflow/example_dags/example_branch_datetime_operator.py
[2023-04-28T18:17:33.753-0300] {processor.py:753} INFO - DAG(s) dict_keys(['example_branch_datetime_operator_3', 'example_branch_datetime_operator', 'example_branch_datetime_operator_2']) retrieved from /home/lcscarv/projetos/indicium/desafio_5/.venv/lib/python3.8/site-packages/airflow/example_dags/example_branch_datetime_operator.py
[2023-04-28T18:17:33.845-0300] {logging_mixin.py:137} INFO - [2023-04-28T18:17:33.845-0300] {dag.py:2705} INFO - Sync 3 DAGs
[2023-04-28T18:17:33.867-0300] {logging_mixin.py:137} INFO - [2023-04-28T18:17:33.867-0300] {dag.py:3452} INFO - Setting next_dagrun for example_branch_datetime_operator to 2023-04-27T00:00:00+00:00, run_after=2023-04-28T00:00:00+00:00
[2023-04-28T18:17:33.870-0300] {logging_mixin.py:137} INFO - [2023-04-28T18:17:33.870-0300] {dag.py:3452} INFO - Setting next_dagrun for example_branch_datetime_operator_2 to 2023-04-27T00:00:00+00:00, run_after=2023-04-28T00:00:00+00:00
[2023-04-28T18:17:33.872-0300] {logging_mixin.py:137} INFO - [2023-04-28T18:17:33.872-0300] {dag.py:3452} INFO - Setting next_dagrun for example_branch_datetime_operator_3 to 2023-04-27T00:00:00+00:00, run_after=2023-04-28T00:00:00+00:00
[2023-04-28T18:17:33.891-0300] {processor.py:175} INFO - Processing /home/lcscarv/projetos/indicium/desafio_5/.venv/lib/python3.8/site-packages/airflow/example_dags/example_branch_datetime_operator.py took 0.154 seconds
[2023-04-28T18:18:23.338-0300] {processor.py:153} INFO - Started process (PID=6206) to work on /home/lcscarv/projetos/indicium/desafio_5/.venv/lib/python3.8/site-packages/airflow/example_dags/example_branch_datetime_operator.py
[2023-04-28T18:18:23.339-0300] {processor.py:743} INFO - Processing file /home/lcscarv/projetos/indicium/desafio_5/.venv/lib/python3.8/site-packages/airflow/example_dags/example_branch_datetime_operator.py for tasks to queue
[2023-04-28T18:18:23.339-0300] {logging_mixin.py:137} INFO - [2023-04-28T18:18:23.339-0300] {dagbag.py:532} INFO - Filling up the DagBag from /home/lcscarv/projetos/indicium/desafio_5/.venv/lib/python3.8/site-packages/airflow/example_dags/example_branch_datetime_operator.py
[2023-04-28T18:18:23.352-0300] {processor.py:753} INFO - DAG(s) dict_keys(['example_branch_datetime_operator_2', 'example_branch_datetime_operator_3', 'example_branch_datetime_operator']) retrieved from /home/lcscarv/projetos/indicium/desafio_5/.venv/lib/python3.8/site-packages/airflow/example_dags/example_branch_datetime_operator.py
[2023-04-28T18:18:23.372-0300] {logging_mixin.py:137} INFO - [2023-04-28T18:18:23.372-0300] {dag.py:2705} INFO - Sync 3 DAGs
[2023-04-28T18:18:23.388-0300] {logging_mixin.py:137} INFO - [2023-04-28T18:18:23.388-0300] {dag.py:3452} INFO - Setting next_dagrun for example_branch_datetime_operator to 2023-04-27T00:00:00+00:00, run_after=2023-04-28T00:00:00+00:00
[2023-04-28T18:18:23.391-0300] {logging_mixin.py:137} INFO - [2023-04-28T18:18:23.391-0300] {dag.py:3452} INFO - Setting next_dagrun for example_branch_datetime_operator_2 to 2023-04-27T00:00:00+00:00, run_after=2023-04-28T00:00:00+00:00
[2023-04-28T18:18:23.393-0300] {logging_mixin.py:137} INFO - [2023-04-28T18:18:23.393-0300] {dag.py:3452} INFO - Setting next_dagrun for example_branch_datetime_operator_3 to 2023-04-27T00:00:00+00:00, run_after=2023-04-28T00:00:00+00:00
[2023-04-28T18:18:23.412-0300] {processor.py:175} INFO - Processing /home/lcscarv/projetos/indicium/desafio_5/.venv/lib/python3.8/site-packages/airflow/example_dags/example_branch_datetime_operator.py took 0.077 seconds
[2023-04-28T18:19:20.988-0300] {processor.py:153} INFO - Started process (PID=6260) to work on /home/lcscarv/projetos/indicium/desafio_5/.venv/lib/python3.8/site-packages/airflow/example_dags/example_branch_datetime_operator.py
[2023-04-28T18:19:20.990-0300] {processor.py:743} INFO - Processing file /home/lcscarv/projetos/indicium/desafio_5/.venv/lib/python3.8/site-packages/airflow/example_dags/example_branch_datetime_operator.py for tasks to queue
[2023-04-28T18:19:20.991-0300] {logging_mixin.py:137} INFO - [2023-04-28T18:19:20.991-0300] {dagbag.py:532} INFO - Filling up the DagBag from /home/lcscarv/projetos/indicium/desafio_5/.venv/lib/python3.8/site-packages/airflow/example_dags/example_branch_datetime_operator.py
[2023-04-28T18:19:21.018-0300] {processor.py:753} INFO - DAG(s) dict_keys(['example_branch_datetime_operator', 'example_branch_datetime_operator_3', 'example_branch_datetime_operator_2']) retrieved from /home/lcscarv/projetos/indicium/desafio_5/.venv/lib/python3.8/site-packages/airflow/example_dags/example_branch_datetime_operator.py
[2023-04-28T18:19:21.057-0300] {logging_mixin.py:137} INFO - [2023-04-28T18:19:21.057-0300] {dag.py:2705} INFO - Sync 3 DAGs
[2023-04-28T18:19:21.096-0300] {logging_mixin.py:137} INFO - [2023-04-28T18:19:21.095-0300] {dag.py:3452} INFO - Setting next_dagrun for example_branch_datetime_operator to 2023-04-27T00:00:00+00:00, run_after=2023-04-28T00:00:00+00:00
[2023-04-28T18:19:21.102-0300] {logging_mixin.py:137} INFO - [2023-04-28T18:19:21.102-0300] {dag.py:3452} INFO - Setting next_dagrun for example_branch_datetime_operator_2 to 2023-04-27T00:00:00+00:00, run_after=2023-04-28T00:00:00+00:00
[2023-04-28T18:19:21.105-0300] {logging_mixin.py:137} INFO - [2023-04-28T18:19:21.105-0300] {dag.py:3452} INFO - Setting next_dagrun for example_branch_datetime_operator_3 to 2023-04-27T00:00:00+00:00, run_after=2023-04-28T00:00:00+00:00
[2023-04-28T18:19:21.139-0300] {processor.py:175} INFO - Processing /home/lcscarv/projetos/indicium/desafio_5/.venv/lib/python3.8/site-packages/airflow/example_dags/example_branch_datetime_operator.py took 0.156 seconds
[2023-04-28T18:20:08.272-0300] {processor.py:153} INFO - Started process (PID=6304) to work on /home/lcscarv/projetos/indicium/desafio_5/.venv/lib/python3.8/site-packages/airflow/example_dags/example_branch_datetime_operator.py
[2023-04-28T18:20:08.314-0300] {processor.py:743} INFO - Processing file /home/lcscarv/projetos/indicium/desafio_5/.venv/lib/python3.8/site-packages/airflow/example_dags/example_branch_datetime_operator.py for tasks to queue
[2023-04-28T18:20:08.314-0300] {logging_mixin.py:137} INFO - [2023-04-28T18:20:08.314-0300] {dagbag.py:532} INFO - Filling up the DagBag from /home/lcscarv/projetos/indicium/desafio_5/.venv/lib/python3.8/site-packages/airflow/example_dags/example_branch_datetime_operator.py
[2023-04-28T18:20:08.328-0300] {processor.py:753} INFO - DAG(s) dict_keys(['example_branch_datetime_operator_2', 'example_branch_datetime_operator', 'example_branch_datetime_operator_3']) retrieved from /home/lcscarv/projetos/indicium/desafio_5/.venv/lib/python3.8/site-packages/airflow/example_dags/example_branch_datetime_operator.py
[2023-04-28T18:20:08.349-0300] {logging_mixin.py:137} INFO - [2023-04-28T18:20:08.349-0300] {dag.py:2705} INFO - Sync 3 DAGs
[2023-04-28T18:20:08.421-0300] {logging_mixin.py:137} INFO - [2023-04-28T18:20:08.421-0300] {dag.py:3452} INFO - Setting next_dagrun for example_branch_datetime_operator to 2023-04-27T00:00:00+00:00, run_after=2023-04-28T00:00:00+00:00
[2023-04-28T18:20:08.424-0300] {logging_mixin.py:137} INFO - [2023-04-28T18:20:08.423-0300] {dag.py:3452} INFO - Setting next_dagrun for example_branch_datetime_operator_2 to 2023-04-27T00:00:00+00:00, run_after=2023-04-28T00:00:00+00:00
[2023-04-28T18:20:08.425-0300] {logging_mixin.py:137} INFO - [2023-04-28T18:20:08.425-0300] {dag.py:3452} INFO - Setting next_dagrun for example_branch_datetime_operator_3 to 2023-04-27T00:00:00+00:00, run_after=2023-04-28T00:00:00+00:00
[2023-04-28T18:20:08.477-0300] {processor.py:175} INFO - Processing /home/lcscarv/projetos/indicium/desafio_5/.venv/lib/python3.8/site-packages/airflow/example_dags/example_branch_datetime_operator.py took 0.207 seconds
[2023-04-28T18:20:59.160-0300] {processor.py:153} INFO - Started process (PID=6401) to work on /home/lcscarv/projetos/indicium/desafio_5/.venv/lib/python3.8/site-packages/airflow/example_dags/example_branch_datetime_operator.py
[2023-04-28T18:20:59.194-0300] {processor.py:743} INFO - Processing file /home/lcscarv/projetos/indicium/desafio_5/.venv/lib/python3.8/site-packages/airflow/example_dags/example_branch_datetime_operator.py for tasks to queue
[2023-04-28T18:20:59.195-0300] {logging_mixin.py:137} INFO - [2023-04-28T18:20:59.195-0300] {dagbag.py:532} INFO - Filling up the DagBag from /home/lcscarv/projetos/indicium/desafio_5/.venv/lib/python3.8/site-packages/airflow/example_dags/example_branch_datetime_operator.py
[2023-04-28T18:20:59.209-0300] {processor.py:753} INFO - DAG(s) dict_keys(['example_branch_datetime_operator_2', 'example_branch_datetime_operator_3', 'example_branch_datetime_operator']) retrieved from /home/lcscarv/projetos/indicium/desafio_5/.venv/lib/python3.8/site-packages/airflow/example_dags/example_branch_datetime_operator.py
[2023-04-28T18:20:59.226-0300] {logging_mixin.py:137} INFO - [2023-04-28T18:20:59.226-0300] {dag.py:2705} INFO - Sync 3 DAGs
[2023-04-28T18:20:59.297-0300] {logging_mixin.py:137} INFO - [2023-04-28T18:20:59.296-0300] {dag.py:3452} INFO - Setting next_dagrun for example_branch_datetime_operator to 2023-04-27T00:00:00+00:00, run_after=2023-04-28T00:00:00+00:00
[2023-04-28T18:20:59.299-0300] {logging_mixin.py:137} INFO - [2023-04-28T18:20:59.299-0300] {dag.py:3452} INFO - Setting next_dagrun for example_branch_datetime_operator_2 to 2023-04-27T00:00:00+00:00, run_after=2023-04-28T00:00:00+00:00
[2023-04-28T18:20:59.300-0300] {logging_mixin.py:137} INFO - [2023-04-28T18:20:59.300-0300] {dag.py:3452} INFO - Setting next_dagrun for example_branch_datetime_operator_3 to 2023-04-27T00:00:00+00:00, run_after=2023-04-28T00:00:00+00:00
[2023-04-28T18:20:59.320-0300] {processor.py:175} INFO - Processing /home/lcscarv/projetos/indicium/desafio_5/.venv/lib/python3.8/site-packages/airflow/example_dags/example_branch_datetime_operator.py took 0.162 seconds
