[2023-04-28T18:00:14.247-0300] {processor.py:153} INFO - Started process (PID=4437) to work on /home/lcscarv/projetos/indicium/desafio_5/.venv/lib/python3.8/site-packages/airflow/example_dags/example_short_circuit_decorator.py
[2023-04-28T18:00:14.249-0300] {processor.py:743} INFO - Processing file /home/lcscarv/projetos/indicium/desafio_5/.venv/lib/python3.8/site-packages/airflow/example_dags/example_short_circuit_decorator.py for tasks to queue
[2023-04-28T18:00:14.249-0300] {logging_mixin.py:137} INFO - [2023-04-28T18:00:14.249-0300] {dagbag.py:532} INFO - Filling up the DagBag from /home/lcscarv/projetos/indicium/desafio_5/.venv/lib/python3.8/site-packages/airflow/example_dags/example_short_circuit_decorator.py
[2023-04-28T18:00:14.283-0300] {processor.py:753} INFO - DAG(s) dict_keys(['example_short_circuit_decorator']) retrieved from /home/lcscarv/projetos/indicium/desafio_5/.venv/lib/python3.8/site-packages/airflow/example_dags/example_short_circuit_decorator.py
[2023-04-28T18:00:14.310-0300] {logging_mixin.py:137} INFO - [2023-04-28T18:00:14.310-0300] {dag.py:2705} INFO - Sync 1 DAGs
[2023-04-28T18:00:14.347-0300] {logging_mixin.py:137} INFO - [2023-04-28T18:00:14.347-0300] {dag.py:3452} INFO - Setting next_dagrun for example_short_circuit_decorator to 2023-04-27T21:00:14.347355+00:00, run_after=2023-04-28T21:00:14.347355+00:00
[2023-04-28T18:00:14.390-0300] {processor.py:175} INFO - Processing /home/lcscarv/projetos/indicium/desafio_5/.venv/lib/python3.8/site-packages/airflow/example_dags/example_short_circuit_decorator.py took 0.146 seconds
[2023-04-28T18:00:57.039-0300] {processor.py:153} INFO - Started process (PID=4624) to work on /home/lcscarv/projetos/indicium/desafio_5/.venv/lib/python3.8/site-packages/airflow/example_dags/example_short_circuit_decorator.py
[2023-04-28T18:00:57.040-0300] {processor.py:743} INFO - Processing file /home/lcscarv/projetos/indicium/desafio_5/.venv/lib/python3.8/site-packages/airflow/example_dags/example_short_circuit_decorator.py for tasks to queue
[2023-04-28T18:00:57.040-0300] {logging_mixin.py:137} INFO - [2023-04-28T18:00:57.040-0300] {dagbag.py:532} INFO - Filling up the DagBag from /home/lcscarv/projetos/indicium/desafio_5/.venv/lib/python3.8/site-packages/airflow/example_dags/example_short_circuit_decorator.py
[2023-04-28T18:00:57.061-0300] {processor.py:753} INFO - DAG(s) dict_keys(['example_short_circuit_decorator']) retrieved from /home/lcscarv/projetos/indicium/desafio_5/.venv/lib/python3.8/site-packages/airflow/example_dags/example_short_circuit_decorator.py
[2023-04-28T18:00:57.077-0300] {logging_mixin.py:137} INFO - [2023-04-28T18:00:57.077-0300] {dag.py:2705} INFO - Sync 1 DAGs
[2023-04-28T18:00:57.094-0300] {logging_mixin.py:137} INFO - [2023-04-28T18:00:57.093-0300] {dag.py:3452} INFO - Setting next_dagrun for example_short_circuit_decorator to 2023-04-27T21:00:57.093772+00:00, run_after=2023-04-28T21:00:57.093772+00:00
[2023-04-28T18:00:57.112-0300] {processor.py:175} INFO - Processing /home/lcscarv/projetos/indicium/desafio_5/.venv/lib/python3.8/site-packages/airflow/example_dags/example_short_circuit_decorator.py took 0.077 seconds
[2023-04-28T18:01:34.427-0300] {processor.py:153} INFO - Started process (PID=4661) to work on /home/lcscarv/projetos/indicium/desafio_5/.venv/lib/python3.8/site-packages/airflow/example_dags/example_short_circuit_decorator.py
[2023-04-28T18:01:34.902-0300] {processor.py:743} INFO - Processing file /home/lcscarv/projetos/indicium/desafio_5/.venv/lib/python3.8/site-packages/airflow/example_dags/example_short_circuit_decorator.py for tasks to queue
[2023-04-28T18:01:34.902-0300] {logging_mixin.py:137} INFO - [2023-04-28T18:01:34.902-0300] {dagbag.py:532} INFO - Filling up the DagBag from /home/lcscarv/projetos/indicium/desafio_5/.venv/lib/python3.8/site-packages/airflow/example_dags/example_short_circuit_decorator.py
[2023-04-28T18:01:34.922-0300] {processor.py:753} INFO - DAG(s) dict_keys(['example_short_circuit_decorator']) retrieved from /home/lcscarv/projetos/indicium/desafio_5/.venv/lib/python3.8/site-packages/airflow/example_dags/example_short_circuit_decorator.py
[2023-04-28T18:01:34.937-0300] {logging_mixin.py:137} INFO - [2023-04-28T18:01:34.937-0300] {dag.py:2705} INFO - Sync 1 DAGs
[2023-04-28T18:01:34.950-0300] {logging_mixin.py:137} INFO - [2023-04-28T18:01:34.950-0300] {dag.py:3452} INFO - Setting next_dagrun for example_short_circuit_decorator to 2023-04-27T21:01:34.950458+00:00, run_after=2023-04-28T21:01:34.950458+00:00
[2023-04-28T18:01:37.411-0300] {processor.py:175} INFO - Processing /home/lcscarv/projetos/indicium/desafio_5/.venv/lib/python3.8/site-packages/airflow/example_dags/example_short_circuit_decorator.py took 2.986 seconds
[2023-04-28T18:02:17.241-0300] {processor.py:153} INFO - Started process (PID=4742) to work on /home/lcscarv/projetos/indicium/desafio_5/.venv/lib/python3.8/site-packages/airflow/example_dags/example_short_circuit_decorator.py
[2023-04-28T18:02:17.272-0300] {processor.py:743} INFO - Processing file /home/lcscarv/projetos/indicium/desafio_5/.venv/lib/python3.8/site-packages/airflow/example_dags/example_short_circuit_decorator.py for tasks to queue
[2023-04-28T18:02:17.274-0300] {logging_mixin.py:137} INFO - [2023-04-28T18:02:17.274-0300] {dagbag.py:532} INFO - Filling up the DagBag from /home/lcscarv/projetos/indicium/desafio_5/.venv/lib/python3.8/site-packages/airflow/example_dags/example_short_circuit_decorator.py
[2023-04-28T18:02:17.361-0300] {processor.py:753} INFO - DAG(s) dict_keys(['example_short_circuit_decorator']) retrieved from /home/lcscarv/projetos/indicium/desafio_5/.venv/lib/python3.8/site-packages/airflow/example_dags/example_short_circuit_decorator.py
[2023-04-28T18:02:17.415-0300] {logging_mixin.py:137} INFO - [2023-04-28T18:02:17.414-0300] {dag.py:2705} INFO - Sync 1 DAGs
[2023-04-28T18:02:17.466-0300] {logging_mixin.py:137} INFO - [2023-04-28T18:02:17.465-0300] {dag.py:3452} INFO - Setting next_dagrun for example_short_circuit_decorator to 2023-04-27T21:02:17.465213+00:00, run_after=2023-04-28T21:02:17.465213+00:00
[2023-04-28T18:02:17.526-0300] {processor.py:175} INFO - Processing /home/lcscarv/projetos/indicium/desafio_5/.venv/lib/python3.8/site-packages/airflow/example_dags/example_short_circuit_decorator.py took 0.299 seconds
[2023-04-28T18:03:07.565-0300] {processor.py:153} INFO - Started process (PID=4834) to work on /home/lcscarv/projetos/indicium/desafio_5/.venv/lib/python3.8/site-packages/airflow/example_dags/example_short_circuit_decorator.py
[2023-04-28T18:03:07.566-0300] {processor.py:743} INFO - Processing file /home/lcscarv/projetos/indicium/desafio_5/.venv/lib/python3.8/site-packages/airflow/example_dags/example_short_circuit_decorator.py for tasks to queue
[2023-04-28T18:03:07.567-0300] {logging_mixin.py:137} INFO - [2023-04-28T18:03:07.567-0300] {dagbag.py:532} INFO - Filling up the DagBag from /home/lcscarv/projetos/indicium/desafio_5/.venv/lib/python3.8/site-packages/airflow/example_dags/example_short_circuit_decorator.py
[2023-04-28T18:03:07.582-0300] {processor.py:753} INFO - DAG(s) dict_keys(['example_short_circuit_decorator']) retrieved from /home/lcscarv/projetos/indicium/desafio_5/.venv/lib/python3.8/site-packages/airflow/example_dags/example_short_circuit_decorator.py
[2023-04-28T18:03:07.598-0300] {logging_mixin.py:137} INFO - [2023-04-28T18:03:07.598-0300] {dag.py:2705} INFO - Sync 1 DAGs
[2023-04-28T18:03:07.611-0300] {logging_mixin.py:137} INFO - [2023-04-28T18:03:07.611-0300] {dag.py:3452} INFO - Setting next_dagrun for example_short_circuit_decorator to 2023-04-27T21:03:07.610936+00:00, run_after=2023-04-28T21:03:07.610936+00:00
[2023-04-28T18:03:07.629-0300] {processor.py:175} INFO - Processing /home/lcscarv/projetos/indicium/desafio_5/.venv/lib/python3.8/site-packages/airflow/example_dags/example_short_circuit_decorator.py took 0.068 seconds
[2023-04-28T18:03:42.065-0300] {processor.py:153} INFO - Started process (PID=4867) to work on /home/lcscarv/projetos/indicium/desafio_5/.venv/lib/python3.8/site-packages/airflow/example_dags/example_short_circuit_decorator.py
[2023-04-28T18:03:42.066-0300] {processor.py:743} INFO - Processing file /home/lcscarv/projetos/indicium/desafio_5/.venv/lib/python3.8/site-packages/airflow/example_dags/example_short_circuit_decorator.py for tasks to queue
[2023-04-28T18:03:42.067-0300] {logging_mixin.py:137} INFO - [2023-04-28T18:03:42.067-0300] {dagbag.py:532} INFO - Filling up the DagBag from /home/lcscarv/projetos/indicium/desafio_5/.venv/lib/python3.8/site-packages/airflow/example_dags/example_short_circuit_decorator.py
[2023-04-28T18:03:42.082-0300] {processor.py:753} INFO - DAG(s) dict_keys(['example_short_circuit_decorator']) retrieved from /home/lcscarv/projetos/indicium/desafio_5/.venv/lib/python3.8/site-packages/airflow/example_dags/example_short_circuit_decorator.py
[2023-04-28T18:03:42.095-0300] {logging_mixin.py:137} INFO - [2023-04-28T18:03:42.095-0300] {dag.py:2705} INFO - Sync 1 DAGs
[2023-04-28T18:03:42.107-0300] {logging_mixin.py:137} INFO - [2023-04-28T18:03:42.107-0300] {dag.py:3452} INFO - Setting next_dagrun for example_short_circuit_decorator to 2023-04-27T21:03:42.107297+00:00, run_after=2023-04-28T21:03:42.107297+00:00
[2023-04-28T18:03:42.125-0300] {processor.py:175} INFO - Processing /home/lcscarv/projetos/indicium/desafio_5/.venv/lib/python3.8/site-packages/airflow/example_dags/example_short_circuit_decorator.py took 0.062 seconds
[2023-04-28T18:04:20.757-0300] {processor.py:153} INFO - Started process (PID=4908) to work on /home/lcscarv/projetos/indicium/desafio_5/.venv/lib/python3.8/site-packages/airflow/example_dags/example_short_circuit_decorator.py
[2023-04-28T18:04:20.759-0300] {processor.py:743} INFO - Processing file /home/lcscarv/projetos/indicium/desafio_5/.venv/lib/python3.8/site-packages/airflow/example_dags/example_short_circuit_decorator.py for tasks to queue
[2023-04-28T18:04:20.760-0300] {logging_mixin.py:137} INFO - [2023-04-28T18:04:20.759-0300] {dagbag.py:532} INFO - Filling up the DagBag from /home/lcscarv/projetos/indicium/desafio_5/.venv/lib/python3.8/site-packages/airflow/example_dags/example_short_circuit_decorator.py
[2023-04-28T18:04:20.775-0300] {processor.py:753} INFO - DAG(s) dict_keys(['example_short_circuit_decorator']) retrieved from /home/lcscarv/projetos/indicium/desafio_5/.venv/lib/python3.8/site-packages/airflow/example_dags/example_short_circuit_decorator.py
[2023-04-28T18:04:20.789-0300] {logging_mixin.py:137} INFO - [2023-04-28T18:04:20.789-0300] {dag.py:2705} INFO - Sync 1 DAGs
[2023-04-28T18:04:20.801-0300] {logging_mixin.py:137} INFO - [2023-04-28T18:04:20.801-0300] {dag.py:3452} INFO - Setting next_dagrun for example_short_circuit_decorator to 2023-04-27T21:04:20.801532+00:00, run_after=2023-04-28T21:04:20.801532+00:00
[2023-04-28T18:04:20.819-0300] {processor.py:175} INFO - Processing /home/lcscarv/projetos/indicium/desafio_5/.venv/lib/python3.8/site-packages/airflow/example_dags/example_short_circuit_decorator.py took 0.064 seconds
[2023-04-28T18:05:03.108-0300] {processor.py:153} INFO - Started process (PID=4999) to work on /home/lcscarv/projetos/indicium/desafio_5/.venv/lib/python3.8/site-packages/airflow/example_dags/example_short_circuit_decorator.py
[2023-04-28T18:05:03.109-0300] {processor.py:743} INFO - Processing file /home/lcscarv/projetos/indicium/desafio_5/.venv/lib/python3.8/site-packages/airflow/example_dags/example_short_circuit_decorator.py for tasks to queue
[2023-04-28T18:05:03.110-0300] {logging_mixin.py:137} INFO - [2023-04-28T18:05:03.109-0300] {dagbag.py:532} INFO - Filling up the DagBag from /home/lcscarv/projetos/indicium/desafio_5/.venv/lib/python3.8/site-packages/airflow/example_dags/example_short_circuit_decorator.py
[2023-04-28T18:05:03.125-0300] {processor.py:753} INFO - DAG(s) dict_keys(['example_short_circuit_decorator']) retrieved from /home/lcscarv/projetos/indicium/desafio_5/.venv/lib/python3.8/site-packages/airflow/example_dags/example_short_circuit_decorator.py
[2023-04-28T18:05:03.138-0300] {logging_mixin.py:137} INFO - [2023-04-28T18:05:03.138-0300] {dag.py:2705} INFO - Sync 1 DAGs
[2023-04-28T18:05:03.179-0300] {logging_mixin.py:137} INFO - [2023-04-28T18:05:03.179-0300] {dag.py:3452} INFO - Setting next_dagrun for example_short_circuit_decorator to 2023-04-27T21:05:03.177998+00:00, run_after=2023-04-28T21:05:03.177998+00:00
[2023-04-28T18:05:03.216-0300] {processor.py:175} INFO - Processing /home/lcscarv/projetos/indicium/desafio_5/.venv/lib/python3.8/site-packages/airflow/example_dags/example_short_circuit_decorator.py took 0.110 seconds
[2023-04-28T18:05:42.748-0300] {processor.py:153} INFO - Started process (PID=5091) to work on /home/lcscarv/projetos/indicium/desafio_5/.venv/lib/python3.8/site-packages/airflow/example_dags/example_short_circuit_decorator.py
[2023-04-28T18:05:42.749-0300] {processor.py:743} INFO - Processing file /home/lcscarv/projetos/indicium/desafio_5/.venv/lib/python3.8/site-packages/airflow/example_dags/example_short_circuit_decorator.py for tasks to queue
[2023-04-28T18:05:42.749-0300] {logging_mixin.py:137} INFO - [2023-04-28T18:05:42.749-0300] {dagbag.py:532} INFO - Filling up the DagBag from /home/lcscarv/projetos/indicium/desafio_5/.venv/lib/python3.8/site-packages/airflow/example_dags/example_short_circuit_decorator.py
[2023-04-28T18:05:42.765-0300] {processor.py:753} INFO - DAG(s) dict_keys(['example_short_circuit_decorator']) retrieved from /home/lcscarv/projetos/indicium/desafio_5/.venv/lib/python3.8/site-packages/airflow/example_dags/example_short_circuit_decorator.py
[2023-04-28T18:05:42.779-0300] {logging_mixin.py:137} INFO - [2023-04-28T18:05:42.779-0300] {dag.py:2705} INFO - Sync 1 DAGs
[2023-04-28T18:05:42.790-0300] {logging_mixin.py:137} INFO - [2023-04-28T18:05:42.790-0300] {dag.py:3452} INFO - Setting next_dagrun for example_short_circuit_decorator to 2023-04-27T21:05:42.790670+00:00, run_after=2023-04-28T21:05:42.790670+00:00
[2023-04-28T18:05:42.809-0300] {processor.py:175} INFO - Processing /home/lcscarv/projetos/indicium/desafio_5/.venv/lib/python3.8/site-packages/airflow/example_dags/example_short_circuit_decorator.py took 0.063 seconds
[2023-04-28T18:06:23.796-0300] {processor.py:153} INFO - Started process (PID=5133) to work on /home/lcscarv/projetos/indicium/desafio_5/.venv/lib/python3.8/site-packages/airflow/example_dags/example_short_circuit_decorator.py
[2023-04-28T18:06:23.797-0300] {processor.py:743} INFO - Processing file /home/lcscarv/projetos/indicium/desafio_5/.venv/lib/python3.8/site-packages/airflow/example_dags/example_short_circuit_decorator.py for tasks to queue
[2023-04-28T18:06:23.797-0300] {logging_mixin.py:137} INFO - [2023-04-28T18:06:23.797-0300] {dagbag.py:532} INFO - Filling up the DagBag from /home/lcscarv/projetos/indicium/desafio_5/.venv/lib/python3.8/site-packages/airflow/example_dags/example_short_circuit_decorator.py
[2023-04-28T18:06:23.813-0300] {processor.py:753} INFO - DAG(s) dict_keys(['example_short_circuit_decorator']) retrieved from /home/lcscarv/projetos/indicium/desafio_5/.venv/lib/python3.8/site-packages/airflow/example_dags/example_short_circuit_decorator.py
[2023-04-28T18:06:23.826-0300] {logging_mixin.py:137} INFO - [2023-04-28T18:06:23.826-0300] {dag.py:2705} INFO - Sync 1 DAGs
[2023-04-28T18:06:23.838-0300] {logging_mixin.py:137} INFO - [2023-04-28T18:06:23.838-0300] {dag.py:3452} INFO - Setting next_dagrun for example_short_circuit_decorator to 2023-04-27T21:06:23.838260+00:00, run_after=2023-04-28T21:06:23.838260+00:00
[2023-04-28T18:06:23.895-0300] {processor.py:175} INFO - Processing /home/lcscarv/projetos/indicium/desafio_5/.venv/lib/python3.8/site-packages/airflow/example_dags/example_short_circuit_decorator.py took 0.101 seconds
[2023-04-28T18:07:09.026-0300] {processor.py:153} INFO - Started process (PID=5169) to work on /home/lcscarv/projetos/indicium/desafio_5/.venv/lib/python3.8/site-packages/airflow/example_dags/example_short_circuit_decorator.py
[2023-04-28T18:07:09.027-0300] {processor.py:743} INFO - Processing file /home/lcscarv/projetos/indicium/desafio_5/.venv/lib/python3.8/site-packages/airflow/example_dags/example_short_circuit_decorator.py for tasks to queue
[2023-04-28T18:07:09.028-0300] {logging_mixin.py:137} INFO - [2023-04-28T18:07:09.027-0300] {dagbag.py:532} INFO - Filling up the DagBag from /home/lcscarv/projetos/indicium/desafio_5/.venv/lib/python3.8/site-packages/airflow/example_dags/example_short_circuit_decorator.py
[2023-04-28T18:07:09.047-0300] {processor.py:753} INFO - DAG(s) dict_keys(['example_short_circuit_decorator']) retrieved from /home/lcscarv/projetos/indicium/desafio_5/.venv/lib/python3.8/site-packages/airflow/example_dags/example_short_circuit_decorator.py
[2023-04-28T18:07:09.062-0300] {logging_mixin.py:137} INFO - [2023-04-28T18:07:09.062-0300] {dag.py:2705} INFO - Sync 1 DAGs
[2023-04-28T18:07:09.078-0300] {logging_mixin.py:137} INFO - [2023-04-28T18:07:09.078-0300] {dag.py:3452} INFO - Setting next_dagrun for example_short_circuit_decorator to 2023-04-27T21:07:09.077994+00:00, run_after=2023-04-28T21:07:09.077994+00:00
[2023-04-28T18:07:09.142-0300] {processor.py:175} INFO - Processing /home/lcscarv/projetos/indicium/desafio_5/.venv/lib/python3.8/site-packages/airflow/example_dags/example_short_circuit_decorator.py took 0.118 seconds
[2023-04-28T18:08:01.859-0300] {processor.py:153} INFO - Started process (PID=5363) to work on /home/lcscarv/projetos/indicium/desafio_5/.venv/lib/python3.8/site-packages/airflow/example_dags/example_short_circuit_decorator.py
[2023-04-28T18:08:01.860-0300] {processor.py:743} INFO - Processing file /home/lcscarv/projetos/indicium/desafio_5/.venv/lib/python3.8/site-packages/airflow/example_dags/example_short_circuit_decorator.py for tasks to queue
[2023-04-28T18:08:01.860-0300] {logging_mixin.py:137} INFO - [2023-04-28T18:08:01.860-0300] {dagbag.py:532} INFO - Filling up the DagBag from /home/lcscarv/projetos/indicium/desafio_5/.venv/lib/python3.8/site-packages/airflow/example_dags/example_short_circuit_decorator.py
[2023-04-28T18:08:01.882-0300] {processor.py:753} INFO - DAG(s) dict_keys(['example_short_circuit_decorator']) retrieved from /home/lcscarv/projetos/indicium/desafio_5/.venv/lib/python3.8/site-packages/airflow/example_dags/example_short_circuit_decorator.py
[2023-04-28T18:08:01.901-0300] {logging_mixin.py:137} INFO - [2023-04-28T18:08:01.900-0300] {dag.py:2705} INFO - Sync 1 DAGs
[2023-04-28T18:08:01.916-0300] {logging_mixin.py:137} INFO - [2023-04-28T18:08:01.916-0300] {dag.py:3452} INFO - Setting next_dagrun for example_short_circuit_decorator to 2023-04-27T21:08:01.916322+00:00, run_after=2023-04-28T21:08:01.916322+00:00
[2023-04-28T18:08:01.951-0300] {processor.py:175} INFO - Processing /home/lcscarv/projetos/indicium/desafio_5/.venv/lib/python3.8/site-packages/airflow/example_dags/example_short_circuit_decorator.py took 0.095 seconds
[2023-04-28T18:08:42.431-0300] {processor.py:153} INFO - Started process (PID=5401) to work on /home/lcscarv/projetos/indicium/desafio_5/.venv/lib/python3.8/site-packages/airflow/example_dags/example_short_circuit_decorator.py
[2023-04-28T18:08:42.432-0300] {processor.py:743} INFO - Processing file /home/lcscarv/projetos/indicium/desafio_5/.venv/lib/python3.8/site-packages/airflow/example_dags/example_short_circuit_decorator.py for tasks to queue
[2023-04-28T18:08:42.433-0300] {logging_mixin.py:137} INFO - [2023-04-28T18:08:42.433-0300] {dagbag.py:532} INFO - Filling up the DagBag from /home/lcscarv/projetos/indicium/desafio_5/.venv/lib/python3.8/site-packages/airflow/example_dags/example_short_circuit_decorator.py
[2023-04-28T18:08:42.451-0300] {processor.py:753} INFO - DAG(s) dict_keys(['example_short_circuit_decorator']) retrieved from /home/lcscarv/projetos/indicium/desafio_5/.venv/lib/python3.8/site-packages/airflow/example_dags/example_short_circuit_decorator.py
[2023-04-28T18:08:42.467-0300] {logging_mixin.py:137} INFO - [2023-04-28T18:08:42.467-0300] {dag.py:2705} INFO - Sync 1 DAGs
[2023-04-28T18:08:42.480-0300] {logging_mixin.py:137} INFO - [2023-04-28T18:08:42.480-0300] {dag.py:3452} INFO - Setting next_dagrun for example_short_circuit_decorator to 2023-04-27T21:08:42.480654+00:00, run_after=2023-04-28T21:08:42.480654+00:00
[2023-04-28T18:08:42.501-0300] {processor.py:175} INFO - Processing /home/lcscarv/projetos/indicium/desafio_5/.venv/lib/python3.8/site-packages/airflow/example_dags/example_short_circuit_decorator.py took 0.072 seconds
[2023-04-28T18:09:15.662-0300] {processor.py:153} INFO - Started process (PID=5482) to work on /home/lcscarv/projetos/indicium/desafio_5/.venv/lib/python3.8/site-packages/airflow/example_dags/example_short_circuit_decorator.py
[2023-04-28T18:09:15.664-0300] {processor.py:743} INFO - Processing file /home/lcscarv/projetos/indicium/desafio_5/.venv/lib/python3.8/site-packages/airflow/example_dags/example_short_circuit_decorator.py for tasks to queue
[2023-04-28T18:09:15.664-0300] {logging_mixin.py:137} INFO - [2023-04-28T18:09:15.664-0300] {dagbag.py:532} INFO - Filling up the DagBag from /home/lcscarv/projetos/indicium/desafio_5/.venv/lib/python3.8/site-packages/airflow/example_dags/example_short_circuit_decorator.py
[2023-04-28T18:09:15.681-0300] {processor.py:753} INFO - DAG(s) dict_keys(['example_short_circuit_decorator']) retrieved from /home/lcscarv/projetos/indicium/desafio_5/.venv/lib/python3.8/site-packages/airflow/example_dags/example_short_circuit_decorator.py
[2023-04-28T18:09:15.695-0300] {logging_mixin.py:137} INFO - [2023-04-28T18:09:15.695-0300] {dag.py:2705} INFO - Sync 1 DAGs
[2023-04-28T18:09:15.706-0300] {logging_mixin.py:137} INFO - [2023-04-28T18:09:15.706-0300] {dag.py:3452} INFO - Setting next_dagrun for example_short_circuit_decorator to 2023-04-27T21:09:15.706652+00:00, run_after=2023-04-28T21:09:15.706652+00:00
[2023-04-28T18:09:15.822-0300] {processor.py:175} INFO - Processing /home/lcscarv/projetos/indicium/desafio_5/.venv/lib/python3.8/site-packages/airflow/example_dags/example_short_circuit_decorator.py took 0.162 seconds
[2023-04-28T18:09:59.592-0300] {processor.py:153} INFO - Started process (PID=5524) to work on /home/lcscarv/projetos/indicium/desafio_5/.venv/lib/python3.8/site-packages/airflow/example_dags/example_short_circuit_decorator.py
[2023-04-28T18:09:59.593-0300] {processor.py:743} INFO - Processing file /home/lcscarv/projetos/indicium/desafio_5/.venv/lib/python3.8/site-packages/airflow/example_dags/example_short_circuit_decorator.py for tasks to queue
[2023-04-28T18:09:59.594-0300] {logging_mixin.py:137} INFO - [2023-04-28T18:09:59.593-0300] {dagbag.py:532} INFO - Filling up the DagBag from /home/lcscarv/projetos/indicium/desafio_5/.venv/lib/python3.8/site-packages/airflow/example_dags/example_short_circuit_decorator.py
[2023-04-28T18:09:59.611-0300] {processor.py:753} INFO - DAG(s) dict_keys(['example_short_circuit_decorator']) retrieved from /home/lcscarv/projetos/indicium/desafio_5/.venv/lib/python3.8/site-packages/airflow/example_dags/example_short_circuit_decorator.py
[2023-04-28T18:09:59.627-0300] {logging_mixin.py:137} INFO - [2023-04-28T18:09:59.627-0300] {dag.py:2705} INFO - Sync 1 DAGs
[2023-04-28T18:09:59.641-0300] {logging_mixin.py:137} INFO - [2023-04-28T18:09:59.641-0300] {dag.py:3452} INFO - Setting next_dagrun for example_short_circuit_decorator to 2023-04-27T21:09:59.641515+00:00, run_after=2023-04-28T21:09:59.641515+00:00
[2023-04-28T18:09:59.665-0300] {processor.py:175} INFO - Processing /home/lcscarv/projetos/indicium/desafio_5/.venv/lib/python3.8/site-packages/airflow/example_dags/example_short_circuit_decorator.py took 0.076 seconds
[2023-04-28T18:10:38.243-0300] {processor.py:153} INFO - Started process (PID=5658) to work on /home/lcscarv/projetos/indicium/desafio_5/.venv/lib/python3.8/site-packages/airflow/example_dags/example_short_circuit_decorator.py
[2023-04-28T18:10:38.244-0300] {processor.py:743} INFO - Processing file /home/lcscarv/projetos/indicium/desafio_5/.venv/lib/python3.8/site-packages/airflow/example_dags/example_short_circuit_decorator.py for tasks to queue
[2023-04-28T18:10:38.245-0300] {logging_mixin.py:137} INFO - [2023-04-28T18:10:38.244-0300] {dagbag.py:532} INFO - Filling up the DagBag from /home/lcscarv/projetos/indicium/desafio_5/.venv/lib/python3.8/site-packages/airflow/example_dags/example_short_circuit_decorator.py
[2023-04-28T18:10:38.262-0300] {processor.py:753} INFO - DAG(s) dict_keys(['example_short_circuit_decorator']) retrieved from /home/lcscarv/projetos/indicium/desafio_5/.venv/lib/python3.8/site-packages/airflow/example_dags/example_short_circuit_decorator.py
[2023-04-28T18:10:38.278-0300] {logging_mixin.py:137} INFO - [2023-04-28T18:10:38.278-0300] {dag.py:2705} INFO - Sync 1 DAGs
[2023-04-28T18:10:38.294-0300] {logging_mixin.py:137} INFO - [2023-04-28T18:10:38.294-0300] {dag.py:3452} INFO - Setting next_dagrun for example_short_circuit_decorator to 2023-04-27T21:10:38.294044+00:00, run_after=2023-04-28T21:10:38.294044+00:00
[2023-04-28T18:10:38.314-0300] {processor.py:175} INFO - Processing /home/lcscarv/projetos/indicium/desafio_5/.venv/lib/python3.8/site-packages/airflow/example_dags/example_short_circuit_decorator.py took 0.073 seconds
[2023-04-28T18:11:17.275-0300] {processor.py:153} INFO - Started process (PID=5742) to work on /home/lcscarv/projetos/indicium/desafio_5/.venv/lib/python3.8/site-packages/airflow/example_dags/example_short_circuit_decorator.py
[2023-04-28T18:11:17.276-0300] {processor.py:743} INFO - Processing file /home/lcscarv/projetos/indicium/desafio_5/.venv/lib/python3.8/site-packages/airflow/example_dags/example_short_circuit_decorator.py for tasks to queue
[2023-04-28T18:11:17.276-0300] {logging_mixin.py:137} INFO - [2023-04-28T18:11:17.276-0300] {dagbag.py:532} INFO - Filling up the DagBag from /home/lcscarv/projetos/indicium/desafio_5/.venv/lib/python3.8/site-packages/airflow/example_dags/example_short_circuit_decorator.py
[2023-04-28T18:11:17.293-0300] {processor.py:753} INFO - DAG(s) dict_keys(['example_short_circuit_decorator']) retrieved from /home/lcscarv/projetos/indicium/desafio_5/.venv/lib/python3.8/site-packages/airflow/example_dags/example_short_circuit_decorator.py
[2023-04-28T18:11:17.309-0300] {logging_mixin.py:137} INFO - [2023-04-28T18:11:17.309-0300] {dag.py:2705} INFO - Sync 1 DAGs
[2023-04-28T18:11:17.322-0300] {logging_mixin.py:137} INFO - [2023-04-28T18:11:17.322-0300] {dag.py:3452} INFO - Setting next_dagrun for example_short_circuit_decorator to 2023-04-27T21:11:17.322494+00:00, run_after=2023-04-28T21:11:17.322494+00:00
[2023-04-28T18:11:17.343-0300] {processor.py:175} INFO - Processing /home/lcscarv/projetos/indicium/desafio_5/.venv/lib/python3.8/site-packages/airflow/example_dags/example_short_circuit_decorator.py took 0.070 seconds
[2023-04-28T18:11:51.676-0300] {processor.py:153} INFO - Started process (PID=5824) to work on /home/lcscarv/projetos/indicium/desafio_5/.venv/lib/python3.8/site-packages/airflow/example_dags/example_short_circuit_decorator.py
[2023-04-28T18:11:51.677-0300] {processor.py:743} INFO - Processing file /home/lcscarv/projetos/indicium/desafio_5/.venv/lib/python3.8/site-packages/airflow/example_dags/example_short_circuit_decorator.py for tasks to queue
[2023-04-28T18:11:51.677-0300] {logging_mixin.py:137} INFO - [2023-04-28T18:11:51.677-0300] {dagbag.py:532} INFO - Filling up the DagBag from /home/lcscarv/projetos/indicium/desafio_5/.venv/lib/python3.8/site-packages/airflow/example_dags/example_short_circuit_decorator.py
[2023-04-28T18:11:51.695-0300] {processor.py:753} INFO - DAG(s) dict_keys(['example_short_circuit_decorator']) retrieved from /home/lcscarv/projetos/indicium/desafio_5/.venv/lib/python3.8/site-packages/airflow/example_dags/example_short_circuit_decorator.py
[2023-04-28T18:11:51.711-0300] {logging_mixin.py:137} INFO - [2023-04-28T18:11:51.711-0300] {dag.py:2705} INFO - Sync 1 DAGs
[2023-04-28T18:11:51.724-0300] {logging_mixin.py:137} INFO - [2023-04-28T18:11:51.724-0300] {dag.py:3452} INFO - Setting next_dagrun for example_short_circuit_decorator to 2023-04-27T21:11:51.724664+00:00, run_after=2023-04-28T21:11:51.724664+00:00
[2023-04-28T18:11:51.745-0300] {processor.py:175} INFO - Processing /home/lcscarv/projetos/indicium/desafio_5/.venv/lib/python3.8/site-packages/airflow/example_dags/example_short_circuit_decorator.py took 0.071 seconds
[2023-04-28T18:12:26.037-0300] {processor.py:153} INFO - Started process (PID=5855) to work on /home/lcscarv/projetos/indicium/desafio_5/.venv/lib/python3.8/site-packages/airflow/example_dags/example_short_circuit_decorator.py
[2023-04-28T18:12:26.063-0300] {processor.py:743} INFO - Processing file /home/lcscarv/projetos/indicium/desafio_5/.venv/lib/python3.8/site-packages/airflow/example_dags/example_short_circuit_decorator.py for tasks to queue
[2023-04-28T18:12:26.064-0300] {logging_mixin.py:137} INFO - [2023-04-28T18:12:26.064-0300] {dagbag.py:532} INFO - Filling up the DagBag from /home/lcscarv/projetos/indicium/desafio_5/.venv/lib/python3.8/site-packages/airflow/example_dags/example_short_circuit_decorator.py
[2023-04-28T18:12:26.081-0300] {processor.py:753} INFO - DAG(s) dict_keys(['example_short_circuit_decorator']) retrieved from /home/lcscarv/projetos/indicium/desafio_5/.venv/lib/python3.8/site-packages/airflow/example_dags/example_short_circuit_decorator.py
[2023-04-28T18:12:26.095-0300] {logging_mixin.py:137} INFO - [2023-04-28T18:12:26.095-0300] {dag.py:2705} INFO - Sync 1 DAGs
[2023-04-28T18:12:26.106-0300] {logging_mixin.py:137} INFO - [2023-04-28T18:12:26.106-0300] {dag.py:3452} INFO - Setting next_dagrun for example_short_circuit_decorator to 2023-04-27T21:12:26.106577+00:00, run_after=2023-04-28T21:12:26.106577+00:00
[2023-04-28T18:12:26.969-0300] {processor.py:175} INFO - Processing /home/lcscarv/projetos/indicium/desafio_5/.venv/lib/python3.8/site-packages/airflow/example_dags/example_short_circuit_decorator.py took 0.934 seconds
[2023-04-28T18:13:23.434-0300] {processor.py:153} INFO - Started process (PID=5897) to work on /home/lcscarv/projetos/indicium/desafio_5/.venv/lib/python3.8/site-packages/airflow/example_dags/example_short_circuit_decorator.py
[2023-04-28T18:13:23.465-0300] {processor.py:743} INFO - Processing file /home/lcscarv/projetos/indicium/desafio_5/.venv/lib/python3.8/site-packages/airflow/example_dags/example_short_circuit_decorator.py for tasks to queue
[2023-04-28T18:13:23.466-0300] {logging_mixin.py:137} INFO - [2023-04-28T18:13:23.465-0300] {dagbag.py:532} INFO - Filling up the DagBag from /home/lcscarv/projetos/indicium/desafio_5/.venv/lib/python3.8/site-packages/airflow/example_dags/example_short_circuit_decorator.py
[2023-04-28T18:13:23.482-0300] {processor.py:753} INFO - DAG(s) dict_keys(['example_short_circuit_decorator']) retrieved from /home/lcscarv/projetos/indicium/desafio_5/.venv/lib/python3.8/site-packages/airflow/example_dags/example_short_circuit_decorator.py
[2023-04-28T18:13:23.502-0300] {logging_mixin.py:137} INFO - [2023-04-28T18:13:23.502-0300] {dag.py:2705} INFO - Sync 1 DAGs
[2023-04-28T18:13:23.514-0300] {logging_mixin.py:137} INFO - [2023-04-28T18:13:23.514-0300] {dag.py:3452} INFO - Setting next_dagrun for example_short_circuit_decorator to 2023-04-27T21:13:23.514243+00:00, run_after=2023-04-28T21:13:23.514243+00:00
[2023-04-28T18:13:23.687-0300] {processor.py:175} INFO - Processing /home/lcscarv/projetos/indicium/desafio_5/.venv/lib/python3.8/site-packages/airflow/example_dags/example_short_circuit_decorator.py took 0.255 seconds
[2023-04-28T18:13:56.266-0300] {processor.py:153} INFO - Started process (PID=5927) to work on /home/lcscarv/projetos/indicium/desafio_5/.venv/lib/python3.8/site-packages/airflow/example_dags/example_short_circuit_decorator.py
[2023-04-28T18:13:56.266-0300] {processor.py:743} INFO - Processing file /home/lcscarv/projetos/indicium/desafio_5/.venv/lib/python3.8/site-packages/airflow/example_dags/example_short_circuit_decorator.py for tasks to queue
[2023-04-28T18:13:56.267-0300] {logging_mixin.py:137} INFO - [2023-04-28T18:13:56.267-0300] {dagbag.py:532} INFO - Filling up the DagBag from /home/lcscarv/projetos/indicium/desafio_5/.venv/lib/python3.8/site-packages/airflow/example_dags/example_short_circuit_decorator.py
[2023-04-28T18:13:56.282-0300] {processor.py:753} INFO - DAG(s) dict_keys(['example_short_circuit_decorator']) retrieved from /home/lcscarv/projetos/indicium/desafio_5/.venv/lib/python3.8/site-packages/airflow/example_dags/example_short_circuit_decorator.py
[2023-04-28T18:13:56.627-0300] {logging_mixin.py:137} INFO - [2023-04-28T18:13:56.627-0300] {dag.py:2705} INFO - Sync 1 DAGs
[2023-04-28T18:13:56.640-0300] {logging_mixin.py:137} INFO - [2023-04-28T18:13:56.639-0300] {dag.py:3452} INFO - Setting next_dagrun for example_short_circuit_decorator to 2023-04-27T21:13:56.639764+00:00, run_after=2023-04-28T21:13:56.639764+00:00
[2023-04-28T18:13:56.763-0300] {processor.py:175} INFO - Processing /home/lcscarv/projetos/indicium/desafio_5/.venv/lib/python3.8/site-packages/airflow/example_dags/example_short_circuit_decorator.py took 0.499 seconds
[2023-04-28T18:14:37.038-0300] {processor.py:153} INFO - Started process (PID=5960) to work on /home/lcscarv/projetos/indicium/desafio_5/.venv/lib/python3.8/site-packages/airflow/example_dags/example_short_circuit_decorator.py
[2023-04-28T18:14:37.039-0300] {processor.py:743} INFO - Processing file /home/lcscarv/projetos/indicium/desafio_5/.venv/lib/python3.8/site-packages/airflow/example_dags/example_short_circuit_decorator.py for tasks to queue
[2023-04-28T18:14:37.040-0300] {logging_mixin.py:137} INFO - [2023-04-28T18:14:37.040-0300] {dagbag.py:532} INFO - Filling up the DagBag from /home/lcscarv/projetos/indicium/desafio_5/.venv/lib/python3.8/site-packages/airflow/example_dags/example_short_circuit_decorator.py
[2023-04-28T18:14:37.057-0300] {processor.py:753} INFO - DAG(s) dict_keys(['example_short_circuit_decorator']) retrieved from /home/lcscarv/projetos/indicium/desafio_5/.venv/lib/python3.8/site-packages/airflow/example_dags/example_short_circuit_decorator.py
[2023-04-28T18:14:37.072-0300] {logging_mixin.py:137} INFO - [2023-04-28T18:14:37.072-0300] {dag.py:2705} INFO - Sync 1 DAGs
[2023-04-28T18:14:37.085-0300] {logging_mixin.py:137} INFO - [2023-04-28T18:14:37.085-0300] {dag.py:3452} INFO - Setting next_dagrun for example_short_circuit_decorator to 2023-04-27T21:14:37.085436+00:00, run_after=2023-04-28T21:14:37.085436+00:00
[2023-04-28T18:14:37.166-0300] {processor.py:175} INFO - Processing /home/lcscarv/projetos/indicium/desafio_5/.venv/lib/python3.8/site-packages/airflow/example_dags/example_short_circuit_decorator.py took 0.130 seconds
[2023-04-28T18:15:19.744-0300] {processor.py:153} INFO - Started process (PID=6045) to work on /home/lcscarv/projetos/indicium/desafio_5/.venv/lib/python3.8/site-packages/airflow/example_dags/example_short_circuit_decorator.py
[2023-04-28T18:15:19.745-0300] {processor.py:743} INFO - Processing file /home/lcscarv/projetos/indicium/desafio_5/.venv/lib/python3.8/site-packages/airflow/example_dags/example_short_circuit_decorator.py for tasks to queue
[2023-04-28T18:15:19.745-0300] {logging_mixin.py:137} INFO - [2023-04-28T18:15:19.745-0300] {dagbag.py:532} INFO - Filling up the DagBag from /home/lcscarv/projetos/indicium/desafio_5/.venv/lib/python3.8/site-packages/airflow/example_dags/example_short_circuit_decorator.py
[2023-04-28T18:15:19.762-0300] {processor.py:753} INFO - DAG(s) dict_keys(['example_short_circuit_decorator']) retrieved from /home/lcscarv/projetos/indicium/desafio_5/.venv/lib/python3.8/site-packages/airflow/example_dags/example_short_circuit_decorator.py
[2023-04-28T18:15:19.777-0300] {logging_mixin.py:137} INFO - [2023-04-28T18:15:19.776-0300] {dag.py:2705} INFO - Sync 1 DAGs
[2023-04-28T18:15:19.848-0300] {logging_mixin.py:137} INFO - [2023-04-28T18:15:19.848-0300] {dag.py:3452} INFO - Setting next_dagrun for example_short_circuit_decorator to 2023-04-27T21:15:19.848626+00:00, run_after=2023-04-28T21:15:19.848626+00:00
[2023-04-28T18:15:19.870-0300] {processor.py:175} INFO - Processing /home/lcscarv/projetos/indicium/desafio_5/.venv/lib/python3.8/site-packages/airflow/example_dags/example_short_circuit_decorator.py took 0.128 seconds
[2023-04-28T18:15:58.706-0300] {processor.py:153} INFO - Started process (PID=6079) to work on /home/lcscarv/projetos/indicium/desafio_5/.venv/lib/python3.8/site-packages/airflow/example_dags/example_short_circuit_decorator.py
[2023-04-28T18:15:58.707-0300] {processor.py:743} INFO - Processing file /home/lcscarv/projetos/indicium/desafio_5/.venv/lib/python3.8/site-packages/airflow/example_dags/example_short_circuit_decorator.py for tasks to queue
[2023-04-28T18:15:58.707-0300] {logging_mixin.py:137} INFO - [2023-04-28T18:15:58.707-0300] {dagbag.py:532} INFO - Filling up the DagBag from /home/lcscarv/projetos/indicium/desafio_5/.venv/lib/python3.8/site-packages/airflow/example_dags/example_short_circuit_decorator.py
[2023-04-28T18:15:58.726-0300] {processor.py:753} INFO - DAG(s) dict_keys(['example_short_circuit_decorator']) retrieved from /home/lcscarv/projetos/indicium/desafio_5/.venv/lib/python3.8/site-packages/airflow/example_dags/example_short_circuit_decorator.py
[2023-04-28T18:15:58.742-0300] {logging_mixin.py:137} INFO - [2023-04-28T18:15:58.742-0300] {dag.py:2705} INFO - Sync 1 DAGs
[2023-04-28T18:15:58.838-0300] {logging_mixin.py:137} INFO - [2023-04-28T18:15:58.837-0300] {dag.py:3452} INFO - Setting next_dagrun for example_short_circuit_decorator to 2023-04-27T21:15:58.837751+00:00, run_after=2023-04-28T21:15:58.837751+00:00
[2023-04-28T18:15:58.862-0300] {processor.py:175} INFO - Processing /home/lcscarv/projetos/indicium/desafio_5/.venv/lib/python3.8/site-packages/airflow/example_dags/example_short_circuit_decorator.py took 0.159 seconds
[2023-04-28T18:16:35.263-0300] {processor.py:153} INFO - Started process (PID=6111) to work on /home/lcscarv/projetos/indicium/desafio_5/.venv/lib/python3.8/site-packages/airflow/example_dags/example_short_circuit_decorator.py
[2023-04-28T18:16:35.264-0300] {processor.py:743} INFO - Processing file /home/lcscarv/projetos/indicium/desafio_5/.venv/lib/python3.8/site-packages/airflow/example_dags/example_short_circuit_decorator.py for tasks to queue
[2023-04-28T18:16:35.264-0300] {logging_mixin.py:137} INFO - [2023-04-28T18:16:35.264-0300] {dagbag.py:532} INFO - Filling up the DagBag from /home/lcscarv/projetos/indicium/desafio_5/.venv/lib/python3.8/site-packages/airflow/example_dags/example_short_circuit_decorator.py
[2023-04-28T18:16:35.280-0300] {processor.py:753} INFO - DAG(s) dict_keys(['example_short_circuit_decorator']) retrieved from /home/lcscarv/projetos/indicium/desafio_5/.venv/lib/python3.8/site-packages/airflow/example_dags/example_short_circuit_decorator.py
[2023-04-28T18:16:35.354-0300] {logging_mixin.py:137} INFO - [2023-04-28T18:16:35.354-0300] {dag.py:2705} INFO - Sync 1 DAGs
[2023-04-28T18:16:35.364-0300] {logging_mixin.py:137} INFO - [2023-04-28T18:16:35.364-0300] {dag.py:3452} INFO - Setting next_dagrun for example_short_circuit_decorator to 2023-04-27T21:16:35.364572+00:00, run_after=2023-04-28T21:16:35.364572+00:00
[2023-04-28T18:16:35.456-0300] {processor.py:175} INFO - Processing /home/lcscarv/projetos/indicium/desafio_5/.venv/lib/python3.8/site-packages/airflow/example_dags/example_short_circuit_decorator.py took 0.195 seconds
[2023-04-28T18:17:15.424-0300] {processor.py:153} INFO - Started process (PID=6144) to work on /home/lcscarv/projetos/indicium/desafio_5/.venv/lib/python3.8/site-packages/airflow/example_dags/example_short_circuit_decorator.py
[2023-04-28T18:17:15.426-0300] {processor.py:743} INFO - Processing file /home/lcscarv/projetos/indicium/desafio_5/.venv/lib/python3.8/site-packages/airflow/example_dags/example_short_circuit_decorator.py for tasks to queue
[2023-04-28T18:17:15.426-0300] {logging_mixin.py:137} INFO - [2023-04-28T18:17:15.426-0300] {dagbag.py:532} INFO - Filling up the DagBag from /home/lcscarv/projetos/indicium/desafio_5/.venv/lib/python3.8/site-packages/airflow/example_dags/example_short_circuit_decorator.py
[2023-04-28T18:17:15.451-0300] {processor.py:753} INFO - DAG(s) dict_keys(['example_short_circuit_decorator']) retrieved from /home/lcscarv/projetos/indicium/desafio_5/.venv/lib/python3.8/site-packages/airflow/example_dags/example_short_circuit_decorator.py
[2023-04-28T18:17:15.536-0300] {logging_mixin.py:137} INFO - [2023-04-28T18:17:15.536-0300] {dag.py:2705} INFO - Sync 1 DAGs
[2023-04-28T18:17:15.549-0300] {logging_mixin.py:137} INFO - [2023-04-28T18:17:15.549-0300] {dag.py:3452} INFO - Setting next_dagrun for example_short_circuit_decorator to 2023-04-27T21:17:15.548998+00:00, run_after=2023-04-28T21:17:15.548998+00:00
[2023-04-28T18:17:15.574-0300] {processor.py:175} INFO - Processing /home/lcscarv/projetos/indicium/desafio_5/.venv/lib/python3.8/site-packages/airflow/example_dags/example_short_circuit_decorator.py took 0.151 seconds
[2023-04-28T18:17:54.560-0300] {processor.py:153} INFO - Started process (PID=6178) to work on /home/lcscarv/projetos/indicium/desafio_5/.venv/lib/python3.8/site-packages/airflow/example_dags/example_short_circuit_decorator.py
[2023-04-28T18:17:54.562-0300] {processor.py:743} INFO - Processing file /home/lcscarv/projetos/indicium/desafio_5/.venv/lib/python3.8/site-packages/airflow/example_dags/example_short_circuit_decorator.py for tasks to queue
[2023-04-28T18:17:54.562-0300] {logging_mixin.py:137} INFO - [2023-04-28T18:17:54.562-0300] {dagbag.py:532} INFO - Filling up the DagBag from /home/lcscarv/projetos/indicium/desafio_5/.venv/lib/python3.8/site-packages/airflow/example_dags/example_short_circuit_decorator.py
[2023-04-28T18:17:54.651-0300] {processor.py:753} INFO - DAG(s) dict_keys(['example_short_circuit_decorator']) retrieved from /home/lcscarv/projetos/indicium/desafio_5/.venv/lib/python3.8/site-packages/airflow/example_dags/example_short_circuit_decorator.py
[2023-04-28T18:17:54.667-0300] {logging_mixin.py:137} INFO - [2023-04-28T18:17:54.666-0300] {dag.py:2705} INFO - Sync 1 DAGs
[2023-04-28T18:17:54.682-0300] {logging_mixin.py:137} INFO - [2023-04-28T18:17:54.681-0300] {dag.py:3452} INFO - Setting next_dagrun for example_short_circuit_decorator to 2023-04-27T21:17:54.681731+00:00, run_after=2023-04-28T21:17:54.681731+00:00
[2023-04-28T18:17:54.704-0300] {processor.py:175} INFO - Processing /home/lcscarv/projetos/indicium/desafio_5/.venv/lib/python3.8/site-packages/airflow/example_dags/example_short_circuit_decorator.py took 0.146 seconds
[2023-04-28T18:18:25.427-0300] {processor.py:153} INFO - Started process (PID=6208) to work on /home/lcscarv/projetos/indicium/desafio_5/.venv/lib/python3.8/site-packages/airflow/example_dags/example_short_circuit_decorator.py
[2023-04-28T18:18:25.429-0300] {processor.py:743} INFO - Processing file /home/lcscarv/projetos/indicium/desafio_5/.venv/lib/python3.8/site-packages/airflow/example_dags/example_short_circuit_decorator.py for tasks to queue
[2023-04-28T18:18:25.429-0300] {logging_mixin.py:137} INFO - [2023-04-28T18:18:25.429-0300] {dagbag.py:532} INFO - Filling up the DagBag from /home/lcscarv/projetos/indicium/desafio_5/.venv/lib/python3.8/site-packages/airflow/example_dags/example_short_circuit_decorator.py
[2023-04-28T18:18:25.446-0300] {processor.py:753} INFO - DAG(s) dict_keys(['example_short_circuit_decorator']) retrieved from /home/lcscarv/projetos/indicium/desafio_5/.venv/lib/python3.8/site-packages/airflow/example_dags/example_short_circuit_decorator.py
[2023-04-28T18:18:25.462-0300] {logging_mixin.py:137} INFO - [2023-04-28T18:18:25.462-0300] {dag.py:2705} INFO - Sync 1 DAGs
[2023-04-28T18:18:25.476-0300] {logging_mixin.py:137} INFO - [2023-04-28T18:18:25.476-0300] {dag.py:3452} INFO - Setting next_dagrun for example_short_circuit_decorator to 2023-04-27T21:18:25.476002+00:00, run_after=2023-04-28T21:18:25.476002+00:00
[2023-04-28T18:18:25.495-0300] {processor.py:175} INFO - Processing /home/lcscarv/projetos/indicium/desafio_5/.venv/lib/python3.8/site-packages/airflow/example_dags/example_short_circuit_decorator.py took 0.070 seconds
[2023-04-28T18:19:06.738-0300] {processor.py:153} INFO - Started process (PID=6247) to work on /home/lcscarv/projetos/indicium/desafio_5/.venv/lib/python3.8/site-packages/airflow/example_dags/example_short_circuit_decorator.py
[2023-04-28T18:19:06.768-0300] {processor.py:743} INFO - Processing file /home/lcscarv/projetos/indicium/desafio_5/.venv/lib/python3.8/site-packages/airflow/example_dags/example_short_circuit_decorator.py for tasks to queue
[2023-04-28T18:19:06.769-0300] {logging_mixin.py:137} INFO - [2023-04-28T18:19:06.769-0300] {dagbag.py:532} INFO - Filling up the DagBag from /home/lcscarv/projetos/indicium/desafio_5/.venv/lib/python3.8/site-packages/airflow/example_dags/example_short_circuit_decorator.py
[2023-04-28T18:19:06.817-0300] {processor.py:753} INFO - DAG(s) dict_keys(['example_short_circuit_decorator']) retrieved from /home/lcscarv/projetos/indicium/desafio_5/.venv/lib/python3.8/site-packages/airflow/example_dags/example_short_circuit_decorator.py
[2023-04-28T18:19:06.848-0300] {logging_mixin.py:137} INFO - [2023-04-28T18:19:06.848-0300] {dag.py:2705} INFO - Sync 1 DAGs
[2023-04-28T18:19:06.874-0300] {logging_mixin.py:137} INFO - [2023-04-28T18:19:06.874-0300] {dag.py:3452} INFO - Setting next_dagrun for example_short_circuit_decorator to 2023-04-27T21:19:06.874140+00:00, run_after=2023-04-28T21:19:06.874140+00:00
[2023-04-28T18:19:07.036-0300] {processor.py:175} INFO - Processing /home/lcscarv/projetos/indicium/desafio_5/.venv/lib/python3.8/site-packages/airflow/example_dags/example_short_circuit_decorator.py took 0.302 seconds
[2023-04-28T18:19:41.396-0300] {processor.py:153} INFO - Started process (PID=6280) to work on /home/lcscarv/projetos/indicium/desafio_5/.venv/lib/python3.8/site-packages/airflow/example_dags/example_short_circuit_decorator.py
[2023-04-28T18:19:41.420-0300] {processor.py:743} INFO - Processing file /home/lcscarv/projetos/indicium/desafio_5/.venv/lib/python3.8/site-packages/airflow/example_dags/example_short_circuit_decorator.py for tasks to queue
[2023-04-28T18:19:41.421-0300] {logging_mixin.py:137} INFO - [2023-04-28T18:19:41.420-0300] {dagbag.py:532} INFO - Filling up the DagBag from /home/lcscarv/projetos/indicium/desafio_5/.venv/lib/python3.8/site-packages/airflow/example_dags/example_short_circuit_decorator.py
[2023-04-28T18:19:41.442-0300] {processor.py:753} INFO - DAG(s) dict_keys(['example_short_circuit_decorator']) retrieved from /home/lcscarv/projetos/indicium/desafio_5/.venv/lib/python3.8/site-packages/airflow/example_dags/example_short_circuit_decorator.py
[2023-04-28T18:19:41.459-0300] {logging_mixin.py:137} INFO - [2023-04-28T18:19:41.459-0300] {dag.py:2705} INFO - Sync 1 DAGs
[2023-04-28T18:19:41.539-0300] {logging_mixin.py:137} INFO - [2023-04-28T18:19:41.539-0300] {dag.py:3452} INFO - Setting next_dagrun for example_short_circuit_decorator to 2023-04-27T21:19:41.538934+00:00, run_after=2023-04-28T21:19:41.538934+00:00
[2023-04-28T18:19:41.585-0300] {processor.py:175} INFO - Processing /home/lcscarv/projetos/indicium/desafio_5/.venv/lib/python3.8/site-packages/airflow/example_dags/example_short_circuit_decorator.py took 0.192 seconds
[2023-04-28T18:20:28.684-0300] {processor.py:153} INFO - Started process (PID=6373) to work on /home/lcscarv/projetos/indicium/desafio_5/.venv/lib/python3.8/site-packages/airflow/example_dags/example_short_circuit_decorator.py
[2023-04-28T18:20:28.685-0300] {processor.py:743} INFO - Processing file /home/lcscarv/projetos/indicium/desafio_5/.venv/lib/python3.8/site-packages/airflow/example_dags/example_short_circuit_decorator.py for tasks to queue
[2023-04-28T18:20:28.685-0300] {logging_mixin.py:137} INFO - [2023-04-28T18:20:28.685-0300] {dagbag.py:532} INFO - Filling up the DagBag from /home/lcscarv/projetos/indicium/desafio_5/.venv/lib/python3.8/site-packages/airflow/example_dags/example_short_circuit_decorator.py
[2023-04-28T18:20:28.705-0300] {processor.py:753} INFO - DAG(s) dict_keys(['example_short_circuit_decorator']) retrieved from /home/lcscarv/projetos/indicium/desafio_5/.venv/lib/python3.8/site-packages/airflow/example_dags/example_short_circuit_decorator.py
[2023-04-28T18:20:28.789-0300] {logging_mixin.py:137} INFO - [2023-04-28T18:20:28.789-0300] {dag.py:2705} INFO - Sync 1 DAGs
[2023-04-28T18:20:28.838-0300] {logging_mixin.py:137} INFO - [2023-04-28T18:20:28.838-0300] {dag.py:3452} INFO - Setting next_dagrun for example_short_circuit_decorator to 2023-04-27T21:20:28.836748+00:00, run_after=2023-04-28T21:20:28.836748+00:00
[2023-04-28T18:20:28.876-0300] {processor.py:175} INFO - Processing /home/lcscarv/projetos/indicium/desafio_5/.venv/lib/python3.8/site-packages/airflow/example_dags/example_short_circuit_decorator.py took 0.194 seconds
[2023-04-28T18:21:01.451-0300] {processor.py:153} INFO - Started process (PID=6403) to work on /home/lcscarv/projetos/indicium/desafio_5/.venv/lib/python3.8/site-packages/airflow/example_dags/example_short_circuit_decorator.py
[2023-04-28T18:21:01.451-0300] {processor.py:743} INFO - Processing file /home/lcscarv/projetos/indicium/desafio_5/.venv/lib/python3.8/site-packages/airflow/example_dags/example_short_circuit_decorator.py for tasks to queue
[2023-04-28T18:21:01.452-0300] {logging_mixin.py:137} INFO - [2023-04-28T18:21:01.452-0300] {dagbag.py:532} INFO - Filling up the DagBag from /home/lcscarv/projetos/indicium/desafio_5/.venv/lib/python3.8/site-packages/airflow/example_dags/example_short_circuit_decorator.py
[2023-04-28T18:21:01.482-0300] {processor.py:753} INFO - DAG(s) dict_keys(['example_short_circuit_decorator']) retrieved from /home/lcscarv/projetos/indicium/desafio_5/.venv/lib/python3.8/site-packages/airflow/example_dags/example_short_circuit_decorator.py
[2023-04-28T18:21:01.619-0300] {logging_mixin.py:137} INFO - [2023-04-28T18:21:01.619-0300] {dag.py:2705} INFO - Sync 1 DAGs
[2023-04-28T18:21:01.632-0300] {logging_mixin.py:137} INFO - [2023-04-28T18:21:01.632-0300] {dag.py:3452} INFO - Setting next_dagrun for example_short_circuit_decorator to 2023-04-27T21:21:01.632241+00:00, run_after=2023-04-28T21:21:01.632241+00:00
[2023-04-28T18:21:01.651-0300] {processor.py:175} INFO - Processing /home/lcscarv/projetos/indicium/desafio_5/.venv/lib/python3.8/site-packages/airflow/example_dags/example_short_circuit_decorator.py took 0.204 seconds
[2023-04-28T18:21:38.924-0300] {processor.py:153} INFO - Started process (PID=6434) to work on /home/lcscarv/projetos/indicium/desafio_5/.venv/lib/python3.8/site-packages/airflow/example_dags/example_short_circuit_decorator.py
[2023-04-28T18:21:38.925-0300] {processor.py:743} INFO - Processing file /home/lcscarv/projetos/indicium/desafio_5/.venv/lib/python3.8/site-packages/airflow/example_dags/example_short_circuit_decorator.py for tasks to queue
[2023-04-28T18:21:38.926-0300] {logging_mixin.py:137} INFO - [2023-04-28T18:21:38.926-0300] {dagbag.py:532} INFO - Filling up the DagBag from /home/lcscarv/projetos/indicium/desafio_5/.venv/lib/python3.8/site-packages/airflow/example_dags/example_short_circuit_decorator.py
[2023-04-28T18:21:39.020-0300] {processor.py:753} INFO - DAG(s) dict_keys(['example_short_circuit_decorator']) retrieved from /home/lcscarv/projetos/indicium/desafio_5/.venv/lib/python3.8/site-packages/airflow/example_dags/example_short_circuit_decorator.py
[2023-04-28T18:21:39.035-0300] {logging_mixin.py:137} INFO - [2023-04-28T18:21:39.034-0300] {dag.py:2705} INFO - Sync 1 DAGs
[2023-04-28T18:21:39.048-0300] {logging_mixin.py:137} INFO - [2023-04-28T18:21:39.048-0300] {dag.py:3452} INFO - Setting next_dagrun for example_short_circuit_decorator to 2023-04-27T21:21:39.048227+00:00, run_after=2023-04-28T21:21:39.048227+00:00
[2023-04-28T18:21:39.070-0300] {processor.py:175} INFO - Processing /home/lcscarv/projetos/indicium/desafio_5/.venv/lib/python3.8/site-packages/airflow/example_dags/example_short_circuit_decorator.py took 0.149 seconds
