[2023-04-28T18:00:46.146-0300] {processor.py:153} INFO - Started process (PID=4613) to work on /home/lcscarv/projetos/indicium/desafio_5/.venv/lib/python3.8/site-packages/airflow/example_dags/example_datasets.py
[2023-04-28T18:00:46.147-0300] {processor.py:743} INFO - Processing file /home/lcscarv/projetos/indicium/desafio_5/.venv/lib/python3.8/site-packages/airflow/example_dags/example_datasets.py for tasks to queue
[2023-04-28T18:00:46.147-0300] {logging_mixin.py:137} INFO - [2023-04-28T18:00:46.147-0300] {dagbag.py:532} INFO - Filling up the DagBag from /home/lcscarv/projetos/indicium/desafio_5/.venv/lib/python3.8/site-packages/airflow/example_dags/example_datasets.py
[2023-04-28T18:00:46.160-0300] {processor.py:753} INFO - DAG(s) dict_keys(['dataset_consumes_1', 'dataset_consumes_1_never_scheduled', 'dataset_produces_2', 'dataset_consumes_unknown_never_scheduled', 'dataset_consumes_1_and_2', 'dataset_produces_1']) retrieved from /home/lcscarv/projetos/indicium/desafio_5/.venv/lib/python3.8/site-packages/airflow/example_dags/example_datasets.py
[2023-04-28T18:00:46.213-0300] {logging_mixin.py:137} INFO - [2023-04-28T18:00:46.213-0300] {dag.py:2705} INFO - Sync 6 DAGs
[2023-04-28T18:00:46.227-0300] {logging_mixin.py:137} INFO - [2023-04-28T18:00:46.227-0300] {dag.py:3452} INFO - Setting next_dagrun for dataset_consumes_1 to None, run_after=None
[2023-04-28T18:00:46.230-0300] {logging_mixin.py:137} INFO - [2023-04-28T18:00:46.230-0300] {dag.py:3452} INFO - Setting next_dagrun for dataset_consumes_1_and_2 to None, run_after=None
[2023-04-28T18:00:46.230-0300] {logging_mixin.py:137} INFO - [2023-04-28T18:00:46.230-0300] {dag.py:3452} INFO - Setting next_dagrun for dataset_consumes_1_never_scheduled to None, run_after=None
[2023-04-28T18:00:46.231-0300] {logging_mixin.py:137} INFO - [2023-04-28T18:00:46.231-0300] {dag.py:3452} INFO - Setting next_dagrun for dataset_consumes_unknown_never_scheduled to None, run_after=None
[2023-04-28T18:00:46.232-0300] {logging_mixin.py:137} INFO - [2023-04-28T18:00:46.232-0300] {dag.py:3452} INFO - Setting next_dagrun for dataset_produces_1 to 2023-04-27T00:00:00+00:00, run_after=2023-04-28T00:00:00+00:00
[2023-04-28T18:00:46.232-0300] {logging_mixin.py:137} INFO - [2023-04-28T18:00:46.232-0300] {dag.py:3452} INFO - Setting next_dagrun for dataset_produces_2 to None, run_after=None
[2023-04-28T18:00:46.262-0300] {processor.py:175} INFO - Processing /home/lcscarv/projetos/indicium/desafio_5/.venv/lib/python3.8/site-packages/airflow/example_dags/example_datasets.py took 0.118 seconds
[2023-04-28T18:01:27.901-0300] {processor.py:153} INFO - Started process (PID=4655) to work on /home/lcscarv/projetos/indicium/desafio_5/.venv/lib/python3.8/site-packages/airflow/example_dags/example_datasets.py
[2023-04-28T18:01:27.902-0300] {processor.py:743} INFO - Processing file /home/lcscarv/projetos/indicium/desafio_5/.venv/lib/python3.8/site-packages/airflow/example_dags/example_datasets.py for tasks to queue
[2023-04-28T18:01:27.903-0300] {logging_mixin.py:137} INFO - [2023-04-28T18:01:27.902-0300] {dagbag.py:532} INFO - Filling up the DagBag from /home/lcscarv/projetos/indicium/desafio_5/.venv/lib/python3.8/site-packages/airflow/example_dags/example_datasets.py
[2023-04-28T18:01:27.918-0300] {processor.py:753} INFO - DAG(s) dict_keys(['dataset_produces_2', 'dataset_consumes_1_and_2', 'dataset_consumes_unknown_never_scheduled', 'dataset_consumes_1', 'dataset_produces_1', 'dataset_consumes_1_never_scheduled']) retrieved from /home/lcscarv/projetos/indicium/desafio_5/.venv/lib/python3.8/site-packages/airflow/example_dags/example_datasets.py
[2023-04-28T18:01:27.948-0300] {logging_mixin.py:137} INFO - [2023-04-28T18:01:27.948-0300] {dag.py:2705} INFO - Sync 6 DAGs
[2023-04-28T18:01:27.968-0300] {logging_mixin.py:137} INFO - [2023-04-28T18:01:27.968-0300] {dag.py:3452} INFO - Setting next_dagrun for dataset_consumes_1 to None, run_after=None
[2023-04-28T18:01:27.972-0300] {logging_mixin.py:137} INFO - [2023-04-28T18:01:27.971-0300] {dag.py:3452} INFO - Setting next_dagrun for dataset_consumes_1_and_2 to None, run_after=None
[2023-04-28T18:01:27.973-0300] {logging_mixin.py:137} INFO - [2023-04-28T18:01:27.973-0300] {dag.py:3452} INFO - Setting next_dagrun for dataset_consumes_1_never_scheduled to None, run_after=None
[2023-04-28T18:01:27.973-0300] {logging_mixin.py:137} INFO - [2023-04-28T18:01:27.973-0300] {dag.py:3452} INFO - Setting next_dagrun for dataset_consumes_unknown_never_scheduled to None, run_after=None
[2023-04-28T18:01:27.975-0300] {logging_mixin.py:137} INFO - [2023-04-28T18:01:27.975-0300] {dag.py:3452} INFO - Setting next_dagrun for dataset_produces_1 to 2023-04-27T00:00:00+00:00, run_after=2023-04-28T00:00:00+00:00
[2023-04-28T18:01:27.976-0300] {logging_mixin.py:137} INFO - [2023-04-28T18:01:27.976-0300] {dag.py:3452} INFO - Setting next_dagrun for dataset_produces_2 to None, run_after=None
[2023-04-28T18:01:28.005-0300] {processor.py:175} INFO - Processing /home/lcscarv/projetos/indicium/desafio_5/.venv/lib/python3.8/site-packages/airflow/example_dags/example_datasets.py took 0.107 seconds
[2023-04-28T18:02:36.053-0300] {processor.py:153} INFO - Started process (PID=4758) to work on /home/lcscarv/projetos/indicium/desafio_5/.venv/lib/python3.8/site-packages/airflow/example_dags/example_datasets.py
[2023-04-28T18:02:36.057-0300] {processor.py:743} INFO - Processing file /home/lcscarv/projetos/indicium/desafio_5/.venv/lib/python3.8/site-packages/airflow/example_dags/example_datasets.py for tasks to queue
[2023-04-28T18:02:36.058-0300] {logging_mixin.py:137} INFO - [2023-04-28T18:02:36.057-0300] {dagbag.py:532} INFO - Filling up the DagBag from /home/lcscarv/projetos/indicium/desafio_5/.venv/lib/python3.8/site-packages/airflow/example_dags/example_datasets.py
[2023-04-28T18:02:36.093-0300] {processor.py:753} INFO - DAG(s) dict_keys(['dataset_consumes_1_never_scheduled', 'dataset_produces_2', 'dataset_consumes_1_and_2', 'dataset_consumes_unknown_never_scheduled', 'dataset_produces_1', 'dataset_consumes_1']) retrieved from /home/lcscarv/projetos/indicium/desafio_5/.venv/lib/python3.8/site-packages/airflow/example_dags/example_datasets.py
[2023-04-28T18:02:36.149-0300] {logging_mixin.py:137} INFO - [2023-04-28T18:02:36.148-0300] {dag.py:2705} INFO - Sync 6 DAGs
[2023-04-28T18:02:36.175-0300] {logging_mixin.py:137} INFO - [2023-04-28T18:02:36.175-0300] {dag.py:3452} INFO - Setting next_dagrun for dataset_consumes_1 to None, run_after=None
[2023-04-28T18:02:36.178-0300] {logging_mixin.py:137} INFO - [2023-04-28T18:02:36.178-0300] {dag.py:3452} INFO - Setting next_dagrun for dataset_consumes_1_and_2 to None, run_after=None
[2023-04-28T18:02:36.181-0300] {logging_mixin.py:137} INFO - [2023-04-28T18:02:36.181-0300] {dag.py:3452} INFO - Setting next_dagrun for dataset_consumes_1_never_scheduled to None, run_after=None
[2023-04-28T18:02:36.182-0300] {logging_mixin.py:137} INFO - [2023-04-28T18:02:36.182-0300] {dag.py:3452} INFO - Setting next_dagrun for dataset_consumes_unknown_never_scheduled to None, run_after=None
[2023-04-28T18:02:36.185-0300] {logging_mixin.py:137} INFO - [2023-04-28T18:02:36.185-0300] {dag.py:3452} INFO - Setting next_dagrun for dataset_produces_1 to 2023-04-27T00:00:00+00:00, run_after=2023-04-28T00:00:00+00:00
[2023-04-28T18:02:36.187-0300] {logging_mixin.py:137} INFO - [2023-04-28T18:02:36.187-0300] {dag.py:3452} INFO - Setting next_dagrun for dataset_produces_2 to None, run_after=None
[2023-04-28T18:02:36.280-0300] {processor.py:175} INFO - Processing /home/lcscarv/projetos/indicium/desafio_5/.venv/lib/python3.8/site-packages/airflow/example_dags/example_datasets.py took 0.235 seconds
[2023-04-28T18:03:34.554-0300] {processor.py:153} INFO - Started process (PID=4860) to work on /home/lcscarv/projetos/indicium/desafio_5/.venv/lib/python3.8/site-packages/airflow/example_dags/example_datasets.py
[2023-04-28T18:03:34.556-0300] {processor.py:743} INFO - Processing file /home/lcscarv/projetos/indicium/desafio_5/.venv/lib/python3.8/site-packages/airflow/example_dags/example_datasets.py for tasks to queue
[2023-04-28T18:03:34.556-0300] {logging_mixin.py:137} INFO - [2023-04-28T18:03:34.556-0300] {dagbag.py:532} INFO - Filling up the DagBag from /home/lcscarv/projetos/indicium/desafio_5/.venv/lib/python3.8/site-packages/airflow/example_dags/example_datasets.py
[2023-04-28T18:03:34.570-0300] {processor.py:753} INFO - DAG(s) dict_keys(['dataset_produces_2', 'dataset_produces_1', 'dataset_consumes_1_never_scheduled', 'dataset_consumes_unknown_never_scheduled', 'dataset_consumes_1_and_2', 'dataset_consumes_1']) retrieved from /home/lcscarv/projetos/indicium/desafio_5/.venv/lib/python3.8/site-packages/airflow/example_dags/example_datasets.py
[2023-04-28T18:03:34.606-0300] {logging_mixin.py:137} INFO - [2023-04-28T18:03:34.605-0300] {dag.py:2705} INFO - Sync 6 DAGs
[2023-04-28T18:03:34.625-0300] {logging_mixin.py:137} INFO - [2023-04-28T18:03:34.625-0300] {dag.py:3452} INFO - Setting next_dagrun for dataset_consumes_1 to None, run_after=None
[2023-04-28T18:03:34.627-0300] {logging_mixin.py:137} INFO - [2023-04-28T18:03:34.627-0300] {dag.py:3452} INFO - Setting next_dagrun for dataset_consumes_1_and_2 to None, run_after=None
[2023-04-28T18:03:34.627-0300] {logging_mixin.py:137} INFO - [2023-04-28T18:03:34.627-0300] {dag.py:3452} INFO - Setting next_dagrun for dataset_consumes_1_never_scheduled to None, run_after=None
[2023-04-28T18:03:34.628-0300] {logging_mixin.py:137} INFO - [2023-04-28T18:03:34.628-0300] {dag.py:3452} INFO - Setting next_dagrun for dataset_consumes_unknown_never_scheduled to None, run_after=None
[2023-04-28T18:03:34.629-0300] {logging_mixin.py:137} INFO - [2023-04-28T18:03:34.629-0300] {dag.py:3452} INFO - Setting next_dagrun for dataset_produces_1 to 2023-04-27T00:00:00+00:00, run_after=2023-04-28T00:00:00+00:00
[2023-04-28T18:03:34.630-0300] {logging_mixin.py:137} INFO - [2023-04-28T18:03:34.630-0300] {dag.py:3452} INFO - Setting next_dagrun for dataset_produces_2 to None, run_after=None
[2023-04-28T18:03:34.659-0300] {processor.py:175} INFO - Processing /home/lcscarv/projetos/indicium/desafio_5/.venv/lib/python3.8/site-packages/airflow/example_dags/example_datasets.py took 0.110 seconds
[2023-04-28T18:04:15.598-0300] {processor.py:153} INFO - Started process (PID=4902) to work on /home/lcscarv/projetos/indicium/desafio_5/.venv/lib/python3.8/site-packages/airflow/example_dags/example_datasets.py
[2023-04-28T18:04:15.599-0300] {processor.py:743} INFO - Processing file /home/lcscarv/projetos/indicium/desafio_5/.venv/lib/python3.8/site-packages/airflow/example_dags/example_datasets.py for tasks to queue
[2023-04-28T18:04:15.600-0300] {logging_mixin.py:137} INFO - [2023-04-28T18:04:15.600-0300] {dagbag.py:532} INFO - Filling up the DagBag from /home/lcscarv/projetos/indicium/desafio_5/.venv/lib/python3.8/site-packages/airflow/example_dags/example_datasets.py
[2023-04-28T18:04:15.609-0300] {processor.py:753} INFO - DAG(s) dict_keys(['dataset_produces_1', 'dataset_consumes_1_and_2', 'dataset_consumes_1_never_scheduled', 'dataset_consumes_1', 'dataset_consumes_unknown_never_scheduled', 'dataset_produces_2']) retrieved from /home/lcscarv/projetos/indicium/desafio_5/.venv/lib/python3.8/site-packages/airflow/example_dags/example_datasets.py
[2023-04-28T18:04:15.631-0300] {logging_mixin.py:137} INFO - [2023-04-28T18:04:15.631-0300] {dag.py:2705} INFO - Sync 6 DAGs
[2023-04-28T18:04:15.645-0300] {logging_mixin.py:137} INFO - [2023-04-28T18:04:15.645-0300] {dag.py:3452} INFO - Setting next_dagrun for dataset_consumes_1 to None, run_after=None
[2023-04-28T18:04:15.647-0300] {logging_mixin.py:137} INFO - [2023-04-28T18:04:15.647-0300] {dag.py:3452} INFO - Setting next_dagrun for dataset_consumes_1_and_2 to None, run_after=None
[2023-04-28T18:04:15.648-0300] {logging_mixin.py:137} INFO - [2023-04-28T18:04:15.648-0300] {dag.py:3452} INFO - Setting next_dagrun for dataset_consumes_1_never_scheduled to None, run_after=None
[2023-04-28T18:04:15.648-0300] {logging_mixin.py:137} INFO - [2023-04-28T18:04:15.648-0300] {dag.py:3452} INFO - Setting next_dagrun for dataset_consumes_unknown_never_scheduled to None, run_after=None
[2023-04-28T18:04:15.650-0300] {logging_mixin.py:137} INFO - [2023-04-28T18:04:15.650-0300] {dag.py:3452} INFO - Setting next_dagrun for dataset_produces_1 to 2023-04-27T00:00:00+00:00, run_after=2023-04-28T00:00:00+00:00
[2023-04-28T18:04:15.650-0300] {logging_mixin.py:137} INFO - [2023-04-28T18:04:15.650-0300] {dag.py:3452} INFO - Setting next_dagrun for dataset_produces_2 to None, run_after=None
[2023-04-28T18:04:15.673-0300] {processor.py:175} INFO - Processing /home/lcscarv/projetos/indicium/desafio_5/.venv/lib/python3.8/site-packages/airflow/example_dags/example_datasets.py took 0.077 seconds
[2023-04-28T18:05:10.877-0300] {processor.py:153} INFO - Started process (PID=5007) to work on /home/lcscarv/projetos/indicium/desafio_5/.venv/lib/python3.8/site-packages/airflow/example_dags/example_datasets.py
[2023-04-28T18:05:10.881-0300] {processor.py:743} INFO - Processing file /home/lcscarv/projetos/indicium/desafio_5/.venv/lib/python3.8/site-packages/airflow/example_dags/example_datasets.py for tasks to queue
[2023-04-28T18:05:10.881-0300] {logging_mixin.py:137} INFO - [2023-04-28T18:05:10.881-0300] {dagbag.py:532} INFO - Filling up the DagBag from /home/lcscarv/projetos/indicium/desafio_5/.venv/lib/python3.8/site-packages/airflow/example_dags/example_datasets.py
[2023-04-28T18:05:10.891-0300] {processor.py:753} INFO - DAG(s) dict_keys(['dataset_consumes_1_and_2', 'dataset_consumes_1_never_scheduled', 'dataset_consumes_unknown_never_scheduled', 'dataset_produces_1', 'dataset_consumes_1', 'dataset_produces_2']) retrieved from /home/lcscarv/projetos/indicium/desafio_5/.venv/lib/python3.8/site-packages/airflow/example_dags/example_datasets.py
[2023-04-28T18:05:10.911-0300] {logging_mixin.py:137} INFO - [2023-04-28T18:05:10.911-0300] {dag.py:2705} INFO - Sync 6 DAGs
[2023-04-28T18:05:10.926-0300] {logging_mixin.py:137} INFO - [2023-04-28T18:05:10.926-0300] {dag.py:3452} INFO - Setting next_dagrun for dataset_consumes_1 to None, run_after=None
[2023-04-28T18:05:10.928-0300] {logging_mixin.py:137} INFO - [2023-04-28T18:05:10.928-0300] {dag.py:3452} INFO - Setting next_dagrun for dataset_consumes_1_and_2 to None, run_after=None
[2023-04-28T18:05:10.929-0300] {logging_mixin.py:137} INFO - [2023-04-28T18:05:10.929-0300] {dag.py:3452} INFO - Setting next_dagrun for dataset_consumes_1_never_scheduled to None, run_after=None
[2023-04-28T18:05:10.930-0300] {logging_mixin.py:137} INFO - [2023-04-28T18:05:10.930-0300] {dag.py:3452} INFO - Setting next_dagrun for dataset_consumes_unknown_never_scheduled to None, run_after=None
[2023-04-28T18:05:10.931-0300] {logging_mixin.py:137} INFO - [2023-04-28T18:05:10.931-0300] {dag.py:3452} INFO - Setting next_dagrun for dataset_produces_1 to 2023-04-27T00:00:00+00:00, run_after=2023-04-28T00:00:00+00:00
[2023-04-28T18:05:10.932-0300] {logging_mixin.py:137} INFO - [2023-04-28T18:05:10.932-0300] {dag.py:3452} INFO - Setting next_dagrun for dataset_produces_2 to None, run_after=None
[2023-04-28T18:05:10.966-0300] {processor.py:175} INFO - Processing /home/lcscarv/projetos/indicium/desafio_5/.venv/lib/python3.8/site-packages/airflow/example_dags/example_datasets.py took 0.092 seconds
[2023-04-28T18:05:55.812-0300] {processor.py:153} INFO - Started process (PID=5105) to work on /home/lcscarv/projetos/indicium/desafio_5/.venv/lib/python3.8/site-packages/airflow/example_dags/example_datasets.py
[2023-04-28T18:05:55.813-0300] {processor.py:743} INFO - Processing file /home/lcscarv/projetos/indicium/desafio_5/.venv/lib/python3.8/site-packages/airflow/example_dags/example_datasets.py for tasks to queue
[2023-04-28T18:05:55.814-0300] {logging_mixin.py:137} INFO - [2023-04-28T18:05:55.814-0300] {dagbag.py:532} INFO - Filling up the DagBag from /home/lcscarv/projetos/indicium/desafio_5/.venv/lib/python3.8/site-packages/airflow/example_dags/example_datasets.py
[2023-04-28T18:05:55.825-0300] {processor.py:753} INFO - DAG(s) dict_keys(['dataset_consumes_1_and_2', 'dataset_consumes_1', 'dataset_produces_1', 'dataset_produces_2', 'dataset_consumes_1_never_scheduled', 'dataset_consumes_unknown_never_scheduled']) retrieved from /home/lcscarv/projetos/indicium/desafio_5/.venv/lib/python3.8/site-packages/airflow/example_dags/example_datasets.py
[2023-04-28T18:05:55.852-0300] {logging_mixin.py:137} INFO - [2023-04-28T18:05:55.852-0300] {dag.py:2705} INFO - Sync 6 DAGs
[2023-04-28T18:05:55.874-0300] {logging_mixin.py:137} INFO - [2023-04-28T18:05:55.873-0300] {dag.py:3452} INFO - Setting next_dagrun for dataset_consumes_1 to None, run_after=None
[2023-04-28T18:05:55.877-0300] {logging_mixin.py:137} INFO - [2023-04-28T18:05:55.877-0300] {dag.py:3452} INFO - Setting next_dagrun for dataset_consumes_1_and_2 to None, run_after=None
[2023-04-28T18:05:55.878-0300] {logging_mixin.py:137} INFO - [2023-04-28T18:05:55.878-0300] {dag.py:3452} INFO - Setting next_dagrun for dataset_consumes_1_never_scheduled to None, run_after=None
[2023-04-28T18:05:55.880-0300] {logging_mixin.py:137} INFO - [2023-04-28T18:05:55.879-0300] {dag.py:3452} INFO - Setting next_dagrun for dataset_consumes_unknown_never_scheduled to None, run_after=None
[2023-04-28T18:05:55.883-0300] {logging_mixin.py:137} INFO - [2023-04-28T18:05:55.883-0300] {dag.py:3452} INFO - Setting next_dagrun for dataset_produces_1 to 2023-04-27T00:00:00+00:00, run_after=2023-04-28T00:00:00+00:00
[2023-04-28T18:05:55.884-0300] {logging_mixin.py:137} INFO - [2023-04-28T18:05:55.884-0300] {dag.py:3452} INFO - Setting next_dagrun for dataset_produces_2 to None, run_after=None
[2023-04-28T18:05:55.923-0300] {processor.py:175} INFO - Processing /home/lcscarv/projetos/indicium/desafio_5/.venv/lib/python3.8/site-packages/airflow/example_dags/example_datasets.py took 0.113 seconds
[2023-04-28T18:06:40.991-0300] {processor.py:153} INFO - Started process (PID=5151) to work on /home/lcscarv/projetos/indicium/desafio_5/.venv/lib/python3.8/site-packages/airflow/example_dags/example_datasets.py
[2023-04-28T18:06:40.992-0300] {processor.py:743} INFO - Processing file /home/lcscarv/projetos/indicium/desafio_5/.venv/lib/python3.8/site-packages/airflow/example_dags/example_datasets.py for tasks to queue
[2023-04-28T18:06:40.992-0300] {logging_mixin.py:137} INFO - [2023-04-28T18:06:40.992-0300] {dagbag.py:532} INFO - Filling up the DagBag from /home/lcscarv/projetos/indicium/desafio_5/.venv/lib/python3.8/site-packages/airflow/example_dags/example_datasets.py
[2023-04-28T18:06:41.003-0300] {processor.py:753} INFO - DAG(s) dict_keys(['dataset_produces_2', 'dataset_produces_1', 'dataset_consumes_unknown_never_scheduled', 'dataset_consumes_1_never_scheduled', 'dataset_consumes_1', 'dataset_consumes_1_and_2']) retrieved from /home/lcscarv/projetos/indicium/desafio_5/.venv/lib/python3.8/site-packages/airflow/example_dags/example_datasets.py
[2023-04-28T18:06:41.023-0300] {logging_mixin.py:137} INFO - [2023-04-28T18:06:41.023-0300] {dag.py:2705} INFO - Sync 6 DAGs
[2023-04-28T18:06:41.037-0300] {logging_mixin.py:137} INFO - [2023-04-28T18:06:41.037-0300] {dag.py:3452} INFO - Setting next_dagrun for dataset_consumes_1 to None, run_after=None
[2023-04-28T18:06:41.039-0300] {logging_mixin.py:137} INFO - [2023-04-28T18:06:41.039-0300] {dag.py:3452} INFO - Setting next_dagrun for dataset_consumes_1_and_2 to None, run_after=None
[2023-04-28T18:06:41.039-0300] {logging_mixin.py:137} INFO - [2023-04-28T18:06:41.039-0300] {dag.py:3452} INFO - Setting next_dagrun for dataset_consumes_1_never_scheduled to None, run_after=None
[2023-04-28T18:06:41.040-0300] {logging_mixin.py:137} INFO - [2023-04-28T18:06:41.040-0300] {dag.py:3452} INFO - Setting next_dagrun for dataset_consumes_unknown_never_scheduled to None, run_after=None
[2023-04-28T18:06:41.041-0300] {logging_mixin.py:137} INFO - [2023-04-28T18:06:41.041-0300] {dag.py:3452} INFO - Setting next_dagrun for dataset_produces_1 to 2023-04-27T00:00:00+00:00, run_after=2023-04-28T00:00:00+00:00
[2023-04-28T18:06:41.042-0300] {logging_mixin.py:137} INFO - [2023-04-28T18:06:41.042-0300] {dag.py:3452} INFO - Setting next_dagrun for dataset_produces_2 to None, run_after=None
[2023-04-28T18:06:41.065-0300] {processor.py:175} INFO - Processing /home/lcscarv/projetos/indicium/desafio_5/.venv/lib/python3.8/site-packages/airflow/example_dags/example_datasets.py took 0.076 seconds
[2023-04-28T18:07:55.835-0300] {processor.py:153} INFO - Started process (PID=5357) to work on /home/lcscarv/projetos/indicium/desafio_5/.venv/lib/python3.8/site-packages/airflow/example_dags/example_datasets.py
[2023-04-28T18:07:55.836-0300] {processor.py:743} INFO - Processing file /home/lcscarv/projetos/indicium/desafio_5/.venv/lib/python3.8/site-packages/airflow/example_dags/example_datasets.py for tasks to queue
[2023-04-28T18:07:55.836-0300] {logging_mixin.py:137} INFO - [2023-04-28T18:07:55.836-0300] {dagbag.py:532} INFO - Filling up the DagBag from /home/lcscarv/projetos/indicium/desafio_5/.venv/lib/python3.8/site-packages/airflow/example_dags/example_datasets.py
[2023-04-28T18:07:55.848-0300] {processor.py:753} INFO - DAG(s) dict_keys(['dataset_consumes_1_never_scheduled', 'dataset_consumes_1', 'dataset_consumes_unknown_never_scheduled', 'dataset_consumes_1_and_2', 'dataset_produces_1', 'dataset_produces_2']) retrieved from /home/lcscarv/projetos/indicium/desafio_5/.venv/lib/python3.8/site-packages/airflow/example_dags/example_datasets.py
[2023-04-28T18:07:55.871-0300] {logging_mixin.py:137} INFO - [2023-04-28T18:07:55.871-0300] {dag.py:2705} INFO - Sync 6 DAGs
[2023-04-28T18:07:55.885-0300] {logging_mixin.py:137} INFO - [2023-04-28T18:07:55.885-0300] {dag.py:3452} INFO - Setting next_dagrun for dataset_consumes_1 to None, run_after=None
[2023-04-28T18:07:55.887-0300] {logging_mixin.py:137} INFO - [2023-04-28T18:07:55.887-0300] {dag.py:3452} INFO - Setting next_dagrun for dataset_consumes_1_and_2 to None, run_after=None
[2023-04-28T18:07:55.888-0300] {logging_mixin.py:137} INFO - [2023-04-28T18:07:55.888-0300] {dag.py:3452} INFO - Setting next_dagrun for dataset_consumes_1_never_scheduled to None, run_after=None
[2023-04-28T18:07:55.888-0300] {logging_mixin.py:137} INFO - [2023-04-28T18:07:55.888-0300] {dag.py:3452} INFO - Setting next_dagrun for dataset_consumes_unknown_never_scheduled to None, run_after=None
[2023-04-28T18:07:55.890-0300] {logging_mixin.py:137} INFO - [2023-04-28T18:07:55.890-0300] {dag.py:3452} INFO - Setting next_dagrun for dataset_produces_1 to 2023-04-27T00:00:00+00:00, run_after=2023-04-28T00:00:00+00:00
[2023-04-28T18:07:55.890-0300] {logging_mixin.py:137} INFO - [2023-04-28T18:07:55.890-0300] {dag.py:3452} INFO - Setting next_dagrun for dataset_produces_2 to None, run_after=None
[2023-04-28T18:07:55.919-0300] {processor.py:175} INFO - Processing /home/lcscarv/projetos/indicium/desafio_5/.venv/lib/python3.8/site-packages/airflow/example_dags/example_datasets.py took 0.086 seconds
[2023-04-28T18:08:40.054-0300] {processor.py:153} INFO - Started process (PID=5399) to work on /home/lcscarv/projetos/indicium/desafio_5/.venv/lib/python3.8/site-packages/airflow/example_dags/example_datasets.py
[2023-04-28T18:08:40.055-0300] {processor.py:743} INFO - Processing file /home/lcscarv/projetos/indicium/desafio_5/.venv/lib/python3.8/site-packages/airflow/example_dags/example_datasets.py for tasks to queue
[2023-04-28T18:08:40.056-0300] {logging_mixin.py:137} INFO - [2023-04-28T18:08:40.056-0300] {dagbag.py:532} INFO - Filling up the DagBag from /home/lcscarv/projetos/indicium/desafio_5/.venv/lib/python3.8/site-packages/airflow/example_dags/example_datasets.py
[2023-04-28T18:08:40.070-0300] {processor.py:753} INFO - DAG(s) dict_keys(['dataset_consumes_1_never_scheduled', 'dataset_produces_2', 'dataset_consumes_1', 'dataset_consumes_unknown_never_scheduled', 'dataset_consumes_1_and_2', 'dataset_produces_1']) retrieved from /home/lcscarv/projetos/indicium/desafio_5/.venv/lib/python3.8/site-packages/airflow/example_dags/example_datasets.py
[2023-04-28T18:08:40.098-0300] {logging_mixin.py:137} INFO - [2023-04-28T18:08:40.098-0300] {dag.py:2705} INFO - Sync 6 DAGs
[2023-04-28T18:08:40.119-0300] {logging_mixin.py:137} INFO - [2023-04-28T18:08:40.119-0300] {dag.py:3452} INFO - Setting next_dagrun for dataset_consumes_1 to None, run_after=None
[2023-04-28T18:08:40.122-0300] {logging_mixin.py:137} INFO - [2023-04-28T18:08:40.122-0300] {dag.py:3452} INFO - Setting next_dagrun for dataset_consumes_1_and_2 to None, run_after=None
[2023-04-28T18:08:40.123-0300] {logging_mixin.py:137} INFO - [2023-04-28T18:08:40.123-0300] {dag.py:3452} INFO - Setting next_dagrun for dataset_consumes_1_never_scheduled to None, run_after=None
[2023-04-28T18:08:40.124-0300] {logging_mixin.py:137} INFO - [2023-04-28T18:08:40.124-0300] {dag.py:3452} INFO - Setting next_dagrun for dataset_consumes_unknown_never_scheduled to None, run_after=None
[2023-04-28T18:08:40.126-0300] {logging_mixin.py:137} INFO - [2023-04-28T18:08:40.126-0300] {dag.py:3452} INFO - Setting next_dagrun for dataset_produces_1 to 2023-04-27T00:00:00+00:00, run_after=2023-04-28T00:00:00+00:00
[2023-04-28T18:08:40.127-0300] {logging_mixin.py:137} INFO - [2023-04-28T18:08:40.127-0300] {dag.py:3452} INFO - Setting next_dagrun for dataset_produces_2 to None, run_after=None
[2023-04-28T18:08:40.156-0300] {processor.py:175} INFO - Processing /home/lcscarv/projetos/indicium/desafio_5/.venv/lib/python3.8/site-packages/airflow/example_dags/example_datasets.py took 0.104 seconds
[2023-04-28T18:09:28.720-0300] {processor.py:153} INFO - Started process (PID=5494) to work on /home/lcscarv/projetos/indicium/desafio_5/.venv/lib/python3.8/site-packages/airflow/example_dags/example_datasets.py
[2023-04-28T18:09:28.722-0300] {processor.py:743} INFO - Processing file /home/lcscarv/projetos/indicium/desafio_5/.venv/lib/python3.8/site-packages/airflow/example_dags/example_datasets.py for tasks to queue
[2023-04-28T18:09:28.722-0300] {logging_mixin.py:137} INFO - [2023-04-28T18:09:28.722-0300] {dagbag.py:532} INFO - Filling up the DagBag from /home/lcscarv/projetos/indicium/desafio_5/.venv/lib/python3.8/site-packages/airflow/example_dags/example_datasets.py
[2023-04-28T18:09:28.734-0300] {processor.py:753} INFO - DAG(s) dict_keys(['dataset_consumes_1_and_2', 'dataset_produces_2', 'dataset_consumes_1_never_scheduled', 'dataset_consumes_1', 'dataset_produces_1', 'dataset_consumes_unknown_never_scheduled']) retrieved from /home/lcscarv/projetos/indicium/desafio_5/.venv/lib/python3.8/site-packages/airflow/example_dags/example_datasets.py
[2023-04-28T18:09:28.756-0300] {logging_mixin.py:137} INFO - [2023-04-28T18:09:28.756-0300] {dag.py:2705} INFO - Sync 6 DAGs
[2023-04-28T18:09:28.769-0300] {logging_mixin.py:137} INFO - [2023-04-28T18:09:28.769-0300] {dag.py:3452} INFO - Setting next_dagrun for dataset_consumes_1 to None, run_after=None
[2023-04-28T18:09:28.771-0300] {logging_mixin.py:137} INFO - [2023-04-28T18:09:28.771-0300] {dag.py:3452} INFO - Setting next_dagrun for dataset_consumes_1_and_2 to None, run_after=None
[2023-04-28T18:09:28.772-0300] {logging_mixin.py:137} INFO - [2023-04-28T18:09:28.771-0300] {dag.py:3452} INFO - Setting next_dagrun for dataset_consumes_1_never_scheduled to None, run_after=None
[2023-04-28T18:09:28.772-0300] {logging_mixin.py:137} INFO - [2023-04-28T18:09:28.772-0300] {dag.py:3452} INFO - Setting next_dagrun for dataset_consumes_unknown_never_scheduled to None, run_after=None
[2023-04-28T18:09:28.774-0300] {logging_mixin.py:137} INFO - [2023-04-28T18:09:28.774-0300] {dag.py:3452} INFO - Setting next_dagrun for dataset_produces_1 to 2023-04-27T00:00:00+00:00, run_after=2023-04-28T00:00:00+00:00
[2023-04-28T18:09:28.774-0300] {logging_mixin.py:137} INFO - [2023-04-28T18:09:28.774-0300] {dag.py:3452} INFO - Setting next_dagrun for dataset_produces_2 to None, run_after=None
[2023-04-28T18:09:28.800-0300] {processor.py:175} INFO - Processing /home/lcscarv/projetos/indicium/desafio_5/.venv/lib/python3.8/site-packages/airflow/example_dags/example_datasets.py took 0.082 seconds
[2023-04-28T18:10:17.316-0300] {processor.py:153} INFO - Started process (PID=5609) to work on /home/lcscarv/projetos/indicium/desafio_5/.venv/lib/python3.8/site-packages/airflow/example_dags/example_datasets.py
[2023-04-28T18:10:17.318-0300] {processor.py:743} INFO - Processing file /home/lcscarv/projetos/indicium/desafio_5/.venv/lib/python3.8/site-packages/airflow/example_dags/example_datasets.py for tasks to queue
[2023-04-28T18:10:17.318-0300] {logging_mixin.py:137} INFO - [2023-04-28T18:10:17.318-0300] {dagbag.py:532} INFO - Filling up the DagBag from /home/lcscarv/projetos/indicium/desafio_5/.venv/lib/python3.8/site-packages/airflow/example_dags/example_datasets.py
[2023-04-28T18:10:17.329-0300] {processor.py:753} INFO - DAG(s) dict_keys(['dataset_consumes_1_never_scheduled', 'dataset_consumes_1_and_2', 'dataset_consumes_unknown_never_scheduled', 'dataset_produces_1', 'dataset_produces_2', 'dataset_consumes_1']) retrieved from /home/lcscarv/projetos/indicium/desafio_5/.venv/lib/python3.8/site-packages/airflow/example_dags/example_datasets.py
[2023-04-28T18:10:17.349-0300] {logging_mixin.py:137} INFO - [2023-04-28T18:10:17.349-0300] {dag.py:2705} INFO - Sync 6 DAGs
[2023-04-28T18:10:17.361-0300] {logging_mixin.py:137} INFO - [2023-04-28T18:10:17.361-0300] {dag.py:3452} INFO - Setting next_dagrun for dataset_consumes_1 to None, run_after=None
[2023-04-28T18:10:17.363-0300] {logging_mixin.py:137} INFO - [2023-04-28T18:10:17.363-0300] {dag.py:3452} INFO - Setting next_dagrun for dataset_consumes_1_and_2 to None, run_after=None
[2023-04-28T18:10:17.363-0300] {logging_mixin.py:137} INFO - [2023-04-28T18:10:17.363-0300] {dag.py:3452} INFO - Setting next_dagrun for dataset_consumes_1_never_scheduled to None, run_after=None
[2023-04-28T18:10:17.364-0300] {logging_mixin.py:137} INFO - [2023-04-28T18:10:17.364-0300] {dag.py:3452} INFO - Setting next_dagrun for dataset_consumes_unknown_never_scheduled to None, run_after=None
[2023-04-28T18:10:17.365-0300] {logging_mixin.py:137} INFO - [2023-04-28T18:10:17.365-0300] {dag.py:3452} INFO - Setting next_dagrun for dataset_produces_1 to 2023-04-27T00:00:00+00:00, run_after=2023-04-28T00:00:00+00:00
[2023-04-28T18:10:17.367-0300] {logging_mixin.py:137} INFO - [2023-04-28T18:10:17.367-0300] {dag.py:3452} INFO - Setting next_dagrun for dataset_produces_2 to None, run_after=None
[2023-04-28T18:10:17.518-0300] {processor.py:175} INFO - Processing /home/lcscarv/projetos/indicium/desafio_5/.venv/lib/python3.8/site-packages/airflow/example_dags/example_datasets.py took 0.203 seconds
[2023-04-28T18:11:16.598-0300] {processor.py:153} INFO - Started process (PID=5741) to work on /home/lcscarv/projetos/indicium/desafio_5/.venv/lib/python3.8/site-packages/airflow/example_dags/example_datasets.py
[2023-04-28T18:11:16.599-0300] {processor.py:743} INFO - Processing file /home/lcscarv/projetos/indicium/desafio_5/.venv/lib/python3.8/site-packages/airflow/example_dags/example_datasets.py for tasks to queue
[2023-04-28T18:11:16.600-0300] {logging_mixin.py:137} INFO - [2023-04-28T18:11:16.599-0300] {dagbag.py:532} INFO - Filling up the DagBag from /home/lcscarv/projetos/indicium/desafio_5/.venv/lib/python3.8/site-packages/airflow/example_dags/example_datasets.py
[2023-04-28T18:11:16.613-0300] {processor.py:753} INFO - DAG(s) dict_keys(['dataset_consumes_1_never_scheduled', 'dataset_consumes_1', 'dataset_produces_1', 'dataset_produces_2', 'dataset_consumes_1_and_2', 'dataset_consumes_unknown_never_scheduled']) retrieved from /home/lcscarv/projetos/indicium/desafio_5/.venv/lib/python3.8/site-packages/airflow/example_dags/example_datasets.py
[2023-04-28T18:11:16.642-0300] {logging_mixin.py:137} INFO - [2023-04-28T18:11:16.642-0300] {dag.py:2705} INFO - Sync 6 DAGs
[2023-04-28T18:11:16.658-0300] {logging_mixin.py:137} INFO - [2023-04-28T18:11:16.658-0300] {dag.py:3452} INFO - Setting next_dagrun for dataset_consumes_1 to None, run_after=None
[2023-04-28T18:11:16.660-0300] {logging_mixin.py:137} INFO - [2023-04-28T18:11:16.660-0300] {dag.py:3452} INFO - Setting next_dagrun for dataset_consumes_1_and_2 to None, run_after=None
[2023-04-28T18:11:16.661-0300] {logging_mixin.py:137} INFO - [2023-04-28T18:11:16.661-0300] {dag.py:3452} INFO - Setting next_dagrun for dataset_consumes_1_never_scheduled to None, run_after=None
[2023-04-28T18:11:16.662-0300] {logging_mixin.py:137} INFO - [2023-04-28T18:11:16.661-0300] {dag.py:3452} INFO - Setting next_dagrun for dataset_consumes_unknown_never_scheduled to None, run_after=None
[2023-04-28T18:11:16.663-0300] {logging_mixin.py:137} INFO - [2023-04-28T18:11:16.663-0300] {dag.py:3452} INFO - Setting next_dagrun for dataset_produces_1 to 2023-04-27T00:00:00+00:00, run_after=2023-04-28T00:00:00+00:00
[2023-04-28T18:11:16.664-0300] {logging_mixin.py:137} INFO - [2023-04-28T18:11:16.664-0300] {dag.py:3452} INFO - Setting next_dagrun for dataset_produces_2 to None, run_after=None
[2023-04-28T18:11:16.744-0300] {processor.py:175} INFO - Processing /home/lcscarv/projetos/indicium/desafio_5/.venv/lib/python3.8/site-packages/airflow/example_dags/example_datasets.py took 0.148 seconds
[2023-04-28T18:12:07.939-0300] {processor.py:153} INFO - Started process (PID=5839) to work on /home/lcscarv/projetos/indicium/desafio_5/.venv/lib/python3.8/site-packages/airflow/example_dags/example_datasets.py
[2023-04-28T18:12:07.940-0300] {processor.py:743} INFO - Processing file /home/lcscarv/projetos/indicium/desafio_5/.venv/lib/python3.8/site-packages/airflow/example_dags/example_datasets.py for tasks to queue
[2023-04-28T18:12:07.941-0300] {logging_mixin.py:137} INFO - [2023-04-28T18:12:07.941-0300] {dagbag.py:532} INFO - Filling up the DagBag from /home/lcscarv/projetos/indicium/desafio_5/.venv/lib/python3.8/site-packages/airflow/example_dags/example_datasets.py
[2023-04-28T18:12:07.953-0300] {processor.py:753} INFO - DAG(s) dict_keys(['dataset_produces_2', 'dataset_consumes_1_and_2', 'dataset_consumes_1_never_scheduled', 'dataset_consumes_1', 'dataset_produces_1', 'dataset_consumes_unknown_never_scheduled']) retrieved from /home/lcscarv/projetos/indicium/desafio_5/.venv/lib/python3.8/site-packages/airflow/example_dags/example_datasets.py
[2023-04-28T18:12:07.977-0300] {logging_mixin.py:137} INFO - [2023-04-28T18:12:07.977-0300] {dag.py:2705} INFO - Sync 6 DAGs
[2023-04-28T18:12:07.996-0300] {logging_mixin.py:137} INFO - [2023-04-28T18:12:07.995-0300] {dag.py:3452} INFO - Setting next_dagrun for dataset_consumes_1 to None, run_after=None
[2023-04-28T18:12:07.998-0300] {logging_mixin.py:137} INFO - [2023-04-28T18:12:07.998-0300] {dag.py:3452} INFO - Setting next_dagrun for dataset_consumes_1_and_2 to None, run_after=None
[2023-04-28T18:12:07.998-0300] {logging_mixin.py:137} INFO - [2023-04-28T18:12:07.998-0300] {dag.py:3452} INFO - Setting next_dagrun for dataset_consumes_1_never_scheduled to None, run_after=None
[2023-04-28T18:12:07.999-0300] {logging_mixin.py:137} INFO - [2023-04-28T18:12:07.999-0300] {dag.py:3452} INFO - Setting next_dagrun for dataset_consumes_unknown_never_scheduled to None, run_after=None
[2023-04-28T18:12:08.001-0300] {logging_mixin.py:137} INFO - [2023-04-28T18:12:08.001-0300] {dag.py:3452} INFO - Setting next_dagrun for dataset_produces_1 to 2023-04-27T00:00:00+00:00, run_after=2023-04-28T00:00:00+00:00
[2023-04-28T18:12:08.001-0300] {logging_mixin.py:137} INFO - [2023-04-28T18:12:08.001-0300] {dag.py:3452} INFO - Setting next_dagrun for dataset_produces_2 to None, run_after=None
[2023-04-28T18:12:08.032-0300] {processor.py:175} INFO - Processing /home/lcscarv/projetos/indicium/desafio_5/.venv/lib/python3.8/site-packages/airflow/example_dags/example_datasets.py took 0.095 seconds
[2023-04-28T18:13:17.209-0300] {processor.py:153} INFO - Started process (PID=5892) to work on /home/lcscarv/projetos/indicium/desafio_5/.venv/lib/python3.8/site-packages/airflow/example_dags/example_datasets.py
[2023-04-28T18:13:17.270-0300] {processor.py:743} INFO - Processing file /home/lcscarv/projetos/indicium/desafio_5/.venv/lib/python3.8/site-packages/airflow/example_dags/example_datasets.py for tasks to queue
[2023-04-28T18:13:17.272-0300] {logging_mixin.py:137} INFO - [2023-04-28T18:13:17.271-0300] {dagbag.py:532} INFO - Filling up the DagBag from /home/lcscarv/projetos/indicium/desafio_5/.venv/lib/python3.8/site-packages/airflow/example_dags/example_datasets.py
[2023-04-28T18:13:17.288-0300] {processor.py:753} INFO - DAG(s) dict_keys(['dataset_consumes_1', 'dataset_consumes_1_and_2', 'dataset_consumes_1_never_scheduled', 'dataset_produces_2', 'dataset_produces_1', 'dataset_consumes_unknown_never_scheduled']) retrieved from /home/lcscarv/projetos/indicium/desafio_5/.venv/lib/python3.8/site-packages/airflow/example_dags/example_datasets.py
[2023-04-28T18:13:17.308-0300] {logging_mixin.py:137} INFO - [2023-04-28T18:13:17.307-0300] {dag.py:2705} INFO - Sync 6 DAGs
[2023-04-28T18:13:17.320-0300] {logging_mixin.py:137} INFO - [2023-04-28T18:13:17.320-0300] {dag.py:3452} INFO - Setting next_dagrun for dataset_consumes_1 to None, run_after=None
[2023-04-28T18:13:17.322-0300] {logging_mixin.py:137} INFO - [2023-04-28T18:13:17.322-0300] {dag.py:3452} INFO - Setting next_dagrun for dataset_consumes_1_and_2 to None, run_after=None
[2023-04-28T18:13:17.322-0300] {logging_mixin.py:137} INFO - [2023-04-28T18:13:17.322-0300] {dag.py:3452} INFO - Setting next_dagrun for dataset_consumes_1_never_scheduled to None, run_after=None
[2023-04-28T18:13:17.323-0300] {logging_mixin.py:137} INFO - [2023-04-28T18:13:17.323-0300] {dag.py:3452} INFO - Setting next_dagrun for dataset_consumes_unknown_never_scheduled to None, run_after=None
[2023-04-28T18:13:17.324-0300] {logging_mixin.py:137} INFO - [2023-04-28T18:13:17.324-0300] {dag.py:3452} INFO - Setting next_dagrun for dataset_produces_1 to 2023-04-27T00:00:00+00:00, run_after=2023-04-28T00:00:00+00:00
[2023-04-28T18:13:17.325-0300] {logging_mixin.py:137} INFO - [2023-04-28T18:13:17.325-0300] {dag.py:3452} INFO - Setting next_dagrun for dataset_produces_2 to None, run_after=None
[2023-04-28T18:13:17.627-0300] {processor.py:175} INFO - Processing /home/lcscarv/projetos/indicium/desafio_5/.venv/lib/python3.8/site-packages/airflow/example_dags/example_datasets.py took 0.420 seconds
[2023-04-28T18:14:08.890-0300] {processor.py:153} INFO - Started process (PID=5937) to work on /home/lcscarv/projetos/indicium/desafio_5/.venv/lib/python3.8/site-packages/airflow/example_dags/example_datasets.py
[2023-04-28T18:14:08.891-0300] {processor.py:743} INFO - Processing file /home/lcscarv/projetos/indicium/desafio_5/.venv/lib/python3.8/site-packages/airflow/example_dags/example_datasets.py for tasks to queue
[2023-04-28T18:14:08.892-0300] {logging_mixin.py:137} INFO - [2023-04-28T18:14:08.892-0300] {dagbag.py:532} INFO - Filling up the DagBag from /home/lcscarv/projetos/indicium/desafio_5/.venv/lib/python3.8/site-packages/airflow/example_dags/example_datasets.py
[2023-04-28T18:14:08.903-0300] {processor.py:753} INFO - DAG(s) dict_keys(['dataset_produces_2', 'dataset_consumes_unknown_never_scheduled', 'dataset_produces_1', 'dataset_consumes_1_never_scheduled', 'dataset_consumes_1_and_2', 'dataset_consumes_1']) retrieved from /home/lcscarv/projetos/indicium/desafio_5/.venv/lib/python3.8/site-packages/airflow/example_dags/example_datasets.py
[2023-04-28T18:14:08.924-0300] {logging_mixin.py:137} INFO - [2023-04-28T18:14:08.924-0300] {dag.py:2705} INFO - Sync 6 DAGs
[2023-04-28T18:14:08.938-0300] {logging_mixin.py:137} INFO - [2023-04-28T18:14:08.938-0300] {dag.py:3452} INFO - Setting next_dagrun for dataset_consumes_1 to None, run_after=None
[2023-04-28T18:14:08.941-0300] {logging_mixin.py:137} INFO - [2023-04-28T18:14:08.940-0300] {dag.py:3452} INFO - Setting next_dagrun for dataset_consumes_1_and_2 to None, run_after=None
[2023-04-28T18:14:08.941-0300] {logging_mixin.py:137} INFO - [2023-04-28T18:14:08.941-0300] {dag.py:3452} INFO - Setting next_dagrun for dataset_consumes_1_never_scheduled to None, run_after=None
[2023-04-28T18:14:08.942-0300] {logging_mixin.py:137} INFO - [2023-04-28T18:14:08.942-0300] {dag.py:3452} INFO - Setting next_dagrun for dataset_consumes_unknown_never_scheduled to None, run_after=None
[2023-04-28T18:14:08.944-0300] {logging_mixin.py:137} INFO - [2023-04-28T18:14:08.943-0300] {dag.py:3452} INFO - Setting next_dagrun for dataset_produces_1 to 2023-04-27T00:00:00+00:00, run_after=2023-04-28T00:00:00+00:00
[2023-04-28T18:14:08.944-0300] {logging_mixin.py:137} INFO - [2023-04-28T18:14:08.944-0300] {dag.py:3452} INFO - Setting next_dagrun for dataset_produces_2 to None, run_after=None
[2023-04-28T18:14:08.970-0300] {processor.py:175} INFO - Processing /home/lcscarv/projetos/indicium/desafio_5/.venv/lib/python3.8/site-packages/airflow/example_dags/example_datasets.py took 0.083 seconds
[2023-04-28T18:15:14.408-0300] {processor.py:153} INFO - Started process (PID=6040) to work on /home/lcscarv/projetos/indicium/desafio_5/.venv/lib/python3.8/site-packages/airflow/example_dags/example_datasets.py
[2023-04-28T18:15:14.410-0300] {processor.py:743} INFO - Processing file /home/lcscarv/projetos/indicium/desafio_5/.venv/lib/python3.8/site-packages/airflow/example_dags/example_datasets.py for tasks to queue
[2023-04-28T18:15:14.410-0300] {logging_mixin.py:137} INFO - [2023-04-28T18:15:14.410-0300] {dagbag.py:532} INFO - Filling up the DagBag from /home/lcscarv/projetos/indicium/desafio_5/.venv/lib/python3.8/site-packages/airflow/example_dags/example_datasets.py
[2023-04-28T18:15:14.422-0300] {processor.py:753} INFO - DAG(s) dict_keys(['dataset_consumes_1_never_scheduled', 'dataset_produces_1', 'dataset_produces_2', 'dataset_consumes_unknown_never_scheduled', 'dataset_consumes_1_and_2', 'dataset_consumes_1']) retrieved from /home/lcscarv/projetos/indicium/desafio_5/.venv/lib/python3.8/site-packages/airflow/example_dags/example_datasets.py
[2023-04-28T18:15:14.443-0300] {logging_mixin.py:137} INFO - [2023-04-28T18:15:14.443-0300] {dag.py:2705} INFO - Sync 6 DAGs
[2023-04-28T18:15:14.458-0300] {logging_mixin.py:137} INFO - [2023-04-28T18:15:14.458-0300] {dag.py:3452} INFO - Setting next_dagrun for dataset_consumes_1 to None, run_after=None
[2023-04-28T18:15:14.460-0300] {logging_mixin.py:137} INFO - [2023-04-28T18:15:14.460-0300] {dag.py:3452} INFO - Setting next_dagrun for dataset_consumes_1_and_2 to None, run_after=None
[2023-04-28T18:15:14.461-0300] {logging_mixin.py:137} INFO - [2023-04-28T18:15:14.461-0300] {dag.py:3452} INFO - Setting next_dagrun for dataset_consumes_1_never_scheduled to None, run_after=None
[2023-04-28T18:15:14.461-0300] {logging_mixin.py:137} INFO - [2023-04-28T18:15:14.461-0300] {dag.py:3452} INFO - Setting next_dagrun for dataset_consumes_unknown_never_scheduled to None, run_after=None
[2023-04-28T18:15:14.524-0300] {logging_mixin.py:137} INFO - [2023-04-28T18:15:14.524-0300] {dag.py:3452} INFO - Setting next_dagrun for dataset_produces_1 to 2023-04-27T00:00:00+00:00, run_after=2023-04-28T00:00:00+00:00
[2023-04-28T18:15:14.525-0300] {logging_mixin.py:137} INFO - [2023-04-28T18:15:14.525-0300] {dag.py:3452} INFO - Setting next_dagrun for dataset_produces_2 to None, run_after=None
[2023-04-28T18:15:14.554-0300] {processor.py:175} INFO - Processing /home/lcscarv/projetos/indicium/desafio_5/.venv/lib/python3.8/site-packages/airflow/example_dags/example_datasets.py took 0.148 seconds
[2023-04-28T18:16:12.324-0300] {processor.py:153} INFO - Started process (PID=6090) to work on /home/lcscarv/projetos/indicium/desafio_5/.venv/lib/python3.8/site-packages/airflow/example_dags/example_datasets.py
[2023-04-28T18:16:12.435-0300] {processor.py:743} INFO - Processing file /home/lcscarv/projetos/indicium/desafio_5/.venv/lib/python3.8/site-packages/airflow/example_dags/example_datasets.py for tasks to queue
[2023-04-28T18:16:12.436-0300] {logging_mixin.py:137} INFO - [2023-04-28T18:16:12.436-0300] {dagbag.py:532} INFO - Filling up the DagBag from /home/lcscarv/projetos/indicium/desafio_5/.venv/lib/python3.8/site-packages/airflow/example_dags/example_datasets.py
[2023-04-28T18:16:12.452-0300] {processor.py:753} INFO - DAG(s) dict_keys(['dataset_produces_1', 'dataset_consumes_unknown_never_scheduled', 'dataset_consumes_1_never_scheduled', 'dataset_produces_2', 'dataset_consumes_1', 'dataset_consumes_1_and_2']) retrieved from /home/lcscarv/projetos/indicium/desafio_5/.venv/lib/python3.8/site-packages/airflow/example_dags/example_datasets.py
[2023-04-28T18:16:12.472-0300] {logging_mixin.py:137} INFO - [2023-04-28T18:16:12.471-0300] {dag.py:2705} INFO - Sync 6 DAGs
[2023-04-28T18:16:12.541-0300] {logging_mixin.py:137} INFO - [2023-04-28T18:16:12.541-0300] {dag.py:3452} INFO - Setting next_dagrun for dataset_consumes_1 to None, run_after=None
[2023-04-28T18:16:12.543-0300] {logging_mixin.py:137} INFO - [2023-04-28T18:16:12.542-0300] {dag.py:3452} INFO - Setting next_dagrun for dataset_consumes_1_and_2 to None, run_after=None
[2023-04-28T18:16:12.543-0300] {logging_mixin.py:137} INFO - [2023-04-28T18:16:12.543-0300] {dag.py:3452} INFO - Setting next_dagrun for dataset_consumes_1_never_scheduled to None, run_after=None
[2023-04-28T18:16:12.543-0300] {logging_mixin.py:137} INFO - [2023-04-28T18:16:12.543-0300] {dag.py:3452} INFO - Setting next_dagrun for dataset_consumes_unknown_never_scheduled to None, run_after=None
[2023-04-28T18:16:12.545-0300] {logging_mixin.py:137} INFO - [2023-04-28T18:16:12.545-0300] {dag.py:3452} INFO - Setting next_dagrun for dataset_produces_1 to 2023-04-27T00:00:00+00:00, run_after=2023-04-28T00:00:00+00:00
[2023-04-28T18:16:12.545-0300] {logging_mixin.py:137} INFO - [2023-04-28T18:16:12.545-0300] {dag.py:3452} INFO - Setting next_dagrun for dataset_produces_2 to None, run_after=None
[2023-04-28T18:16:12.948-0300] {processor.py:175} INFO - Processing /home/lcscarv/projetos/indicium/desafio_5/.venv/lib/python3.8/site-packages/airflow/example_dags/example_datasets.py took 0.626 seconds
[2023-04-28T18:17:09.887-0300] {processor.py:153} INFO - Started process (PID=6139) to work on /home/lcscarv/projetos/indicium/desafio_5/.venv/lib/python3.8/site-packages/airflow/example_dags/example_datasets.py
[2023-04-28T18:17:09.888-0300] {processor.py:743} INFO - Processing file /home/lcscarv/projetos/indicium/desafio_5/.venv/lib/python3.8/site-packages/airflow/example_dags/example_datasets.py for tasks to queue
[2023-04-28T18:17:09.889-0300] {logging_mixin.py:137} INFO - [2023-04-28T18:17:09.889-0300] {dagbag.py:532} INFO - Filling up the DagBag from /home/lcscarv/projetos/indicium/desafio_5/.venv/lib/python3.8/site-packages/airflow/example_dags/example_datasets.py
[2023-04-28T18:17:09.901-0300] {processor.py:753} INFO - DAG(s) dict_keys(['dataset_consumes_unknown_never_scheduled', 'dataset_consumes_1_never_scheduled', 'dataset_produces_1', 'dataset_consumes_1_and_2', 'dataset_produces_2', 'dataset_consumes_1']) retrieved from /home/lcscarv/projetos/indicium/desafio_5/.venv/lib/python3.8/site-packages/airflow/example_dags/example_datasets.py
[2023-04-28T18:17:09.992-0300] {logging_mixin.py:137} INFO - [2023-04-28T18:17:09.992-0300] {dag.py:2705} INFO - Sync 6 DAGs
[2023-04-28T18:17:10.004-0300] {logging_mixin.py:137} INFO - [2023-04-28T18:17:10.003-0300] {dag.py:3452} INFO - Setting next_dagrun for dataset_consumes_1 to None, run_after=None
[2023-04-28T18:17:10.005-0300] {logging_mixin.py:137} INFO - [2023-04-28T18:17:10.005-0300] {dag.py:3452} INFO - Setting next_dagrun for dataset_consumes_1_and_2 to None, run_after=None
[2023-04-28T18:17:10.006-0300] {logging_mixin.py:137} INFO - [2023-04-28T18:17:10.006-0300] {dag.py:3452} INFO - Setting next_dagrun for dataset_consumes_1_never_scheduled to None, run_after=None
[2023-04-28T18:17:10.006-0300] {logging_mixin.py:137} INFO - [2023-04-28T18:17:10.006-0300] {dag.py:3452} INFO - Setting next_dagrun for dataset_consumes_unknown_never_scheduled to None, run_after=None
[2023-04-28T18:17:10.008-0300] {logging_mixin.py:137} INFO - [2023-04-28T18:17:10.007-0300] {dag.py:3452} INFO - Setting next_dagrun for dataset_produces_1 to 2023-04-27T00:00:00+00:00, run_after=2023-04-28T00:00:00+00:00
[2023-04-28T18:17:10.008-0300] {logging_mixin.py:137} INFO - [2023-04-28T18:17:10.008-0300] {dag.py:3452} INFO - Setting next_dagrun for dataset_produces_2 to None, run_after=None
[2023-04-28T18:17:10.245-0300] {processor.py:175} INFO - Processing /home/lcscarv/projetos/indicium/desafio_5/.venv/lib/python3.8/site-packages/airflow/example_dags/example_datasets.py took 0.360 seconds
[2023-04-28T18:18:04.848-0300] {processor.py:153} INFO - Started process (PID=6189) to work on /home/lcscarv/projetos/indicium/desafio_5/.venv/lib/python3.8/site-packages/airflow/example_dags/example_datasets.py
[2023-04-28T18:18:04.850-0300] {processor.py:743} INFO - Processing file /home/lcscarv/projetos/indicium/desafio_5/.venv/lib/python3.8/site-packages/airflow/example_dags/example_datasets.py for tasks to queue
[2023-04-28T18:18:04.850-0300] {logging_mixin.py:137} INFO - [2023-04-28T18:18:04.850-0300] {dagbag.py:532} INFO - Filling up the DagBag from /home/lcscarv/projetos/indicium/desafio_5/.venv/lib/python3.8/site-packages/airflow/example_dags/example_datasets.py
[2023-04-28T18:18:04.863-0300] {processor.py:753} INFO - DAG(s) dict_keys(['dataset_consumes_1', 'dataset_produces_2', 'dataset_produces_1', 'dataset_consumes_unknown_never_scheduled', 'dataset_consumes_1_and_2', 'dataset_consumes_1_never_scheduled']) retrieved from /home/lcscarv/projetos/indicium/desafio_5/.venv/lib/python3.8/site-packages/airflow/example_dags/example_datasets.py
[2023-04-28T18:18:04.889-0300] {logging_mixin.py:137} INFO - [2023-04-28T18:18:04.889-0300] {dag.py:2705} INFO - Sync 6 DAGs
[2023-04-28T18:18:04.907-0300] {logging_mixin.py:137} INFO - [2023-04-28T18:18:04.907-0300] {dag.py:3452} INFO - Setting next_dagrun for dataset_consumes_1 to None, run_after=None
[2023-04-28T18:18:04.909-0300] {logging_mixin.py:137} INFO - [2023-04-28T18:18:04.909-0300] {dag.py:3452} INFO - Setting next_dagrun for dataset_consumes_1_and_2 to None, run_after=None
[2023-04-28T18:18:04.910-0300] {logging_mixin.py:137} INFO - [2023-04-28T18:18:04.910-0300] {dag.py:3452} INFO - Setting next_dagrun for dataset_consumes_1_never_scheduled to None, run_after=None
[2023-04-28T18:18:04.910-0300] {logging_mixin.py:137} INFO - [2023-04-28T18:18:04.910-0300] {dag.py:3452} INFO - Setting next_dagrun for dataset_consumes_unknown_never_scheduled to None, run_after=None
[2023-04-28T18:18:04.912-0300] {logging_mixin.py:137} INFO - [2023-04-28T18:18:04.912-0300] {dag.py:3452} INFO - Setting next_dagrun for dataset_produces_1 to 2023-04-27T00:00:00+00:00, run_after=2023-04-28T00:00:00+00:00
[2023-04-28T18:18:04.913-0300] {logging_mixin.py:137} INFO - [2023-04-28T18:18:04.913-0300] {dag.py:3452} INFO - Setting next_dagrun for dataset_produces_2 to None, run_after=None
[2023-04-28T18:18:04.939-0300] {processor.py:175} INFO - Processing /home/lcscarv/projetos/indicium/desafio_5/.venv/lib/python3.8/site-packages/airflow/example_dags/example_datasets.py took 0.093 seconds
[2023-04-28T18:18:48.650-0300] {processor.py:153} INFO - Started process (PID=6231) to work on /home/lcscarv/projetos/indicium/desafio_5/.venv/lib/python3.8/site-packages/airflow/example_dags/example_datasets.py
[2023-04-28T18:18:48.651-0300] {processor.py:743} INFO - Processing file /home/lcscarv/projetos/indicium/desafio_5/.venv/lib/python3.8/site-packages/airflow/example_dags/example_datasets.py for tasks to queue
[2023-04-28T18:18:48.652-0300] {logging_mixin.py:137} INFO - [2023-04-28T18:18:48.652-0300] {dagbag.py:532} INFO - Filling up the DagBag from /home/lcscarv/projetos/indicium/desafio_5/.venv/lib/python3.8/site-packages/airflow/example_dags/example_datasets.py
[2023-04-28T18:18:48.663-0300] {processor.py:753} INFO - DAG(s) dict_keys(['dataset_consumes_1', 'dataset_produces_1', 'dataset_consumes_unknown_never_scheduled', 'dataset_consumes_1_and_2', 'dataset_produces_2', 'dataset_consumes_1_never_scheduled']) retrieved from /home/lcscarv/projetos/indicium/desafio_5/.venv/lib/python3.8/site-packages/airflow/example_dags/example_datasets.py
[2023-04-28T18:18:48.689-0300] {logging_mixin.py:137} INFO - [2023-04-28T18:18:48.689-0300] {dag.py:2705} INFO - Sync 6 DAGs
[2023-04-28T18:18:48.704-0300] {logging_mixin.py:137} INFO - [2023-04-28T18:18:48.704-0300] {dag.py:3452} INFO - Setting next_dagrun for dataset_consumes_1 to None, run_after=None
[2023-04-28T18:18:48.706-0300] {logging_mixin.py:137} INFO - [2023-04-28T18:18:48.706-0300] {dag.py:3452} INFO - Setting next_dagrun for dataset_consumes_1_and_2 to None, run_after=None
[2023-04-28T18:18:48.707-0300] {logging_mixin.py:137} INFO - [2023-04-28T18:18:48.707-0300] {dag.py:3452} INFO - Setting next_dagrun for dataset_consumes_1_never_scheduled to None, run_after=None
[2023-04-28T18:18:48.707-0300] {logging_mixin.py:137} INFO - [2023-04-28T18:18:48.707-0300] {dag.py:3452} INFO - Setting next_dagrun for dataset_consumes_unknown_never_scheduled to None, run_after=None
[2023-04-28T18:18:48.709-0300] {logging_mixin.py:137} INFO - [2023-04-28T18:18:48.709-0300] {dag.py:3452} INFO - Setting next_dagrun for dataset_produces_1 to 2023-04-27T00:00:00+00:00, run_after=2023-04-28T00:00:00+00:00
[2023-04-28T18:18:48.710-0300] {logging_mixin.py:137} INFO - [2023-04-28T18:18:48.709-0300] {dag.py:3452} INFO - Setting next_dagrun for dataset_produces_2 to None, run_after=None
[2023-04-28T18:18:48.797-0300] {processor.py:175} INFO - Processing /home/lcscarv/projetos/indicium/desafio_5/.venv/lib/python3.8/site-packages/airflow/example_dags/example_datasets.py took 0.149 seconds
[2023-04-28T18:19:33.060-0300] {processor.py:153} INFO - Started process (PID=6272) to work on /home/lcscarv/projetos/indicium/desafio_5/.venv/lib/python3.8/site-packages/airflow/example_dags/example_datasets.py
[2023-04-28T18:19:33.061-0300] {processor.py:743} INFO - Processing file /home/lcscarv/projetos/indicium/desafio_5/.venv/lib/python3.8/site-packages/airflow/example_dags/example_datasets.py for tasks to queue
[2023-04-28T18:19:33.061-0300] {logging_mixin.py:137} INFO - [2023-04-28T18:19:33.061-0300] {dagbag.py:532} INFO - Filling up the DagBag from /home/lcscarv/projetos/indicium/desafio_5/.venv/lib/python3.8/site-packages/airflow/example_dags/example_datasets.py
[2023-04-28T18:19:33.072-0300] {processor.py:753} INFO - DAG(s) dict_keys(['dataset_produces_2', 'dataset_consumes_unknown_never_scheduled', 'dataset_produces_1', 'dataset_consumes_1_never_scheduled', 'dataset_consumes_1', 'dataset_consumes_1_and_2']) retrieved from /home/lcscarv/projetos/indicium/desafio_5/.venv/lib/python3.8/site-packages/airflow/example_dags/example_datasets.py
[2023-04-28T18:19:33.093-0300] {logging_mixin.py:137} INFO - [2023-04-28T18:19:33.093-0300] {dag.py:2705} INFO - Sync 6 DAGs
[2023-04-28T18:19:33.108-0300] {logging_mixin.py:137} INFO - [2023-04-28T18:19:33.108-0300] {dag.py:3452} INFO - Setting next_dagrun for dataset_consumes_1 to None, run_after=None
[2023-04-28T18:19:33.110-0300] {logging_mixin.py:137} INFO - [2023-04-28T18:19:33.110-0300] {dag.py:3452} INFO - Setting next_dagrun for dataset_consumes_1_and_2 to None, run_after=None
[2023-04-28T18:19:33.111-0300] {logging_mixin.py:137} INFO - [2023-04-28T18:19:33.111-0300] {dag.py:3452} INFO - Setting next_dagrun for dataset_consumes_1_never_scheduled to None, run_after=None
[2023-04-28T18:19:33.111-0300] {logging_mixin.py:137} INFO - [2023-04-28T18:19:33.111-0300] {dag.py:3452} INFO - Setting next_dagrun for dataset_consumes_unknown_never_scheduled to None, run_after=None
[2023-04-28T18:19:33.113-0300] {logging_mixin.py:137} INFO - [2023-04-28T18:19:33.113-0300] {dag.py:3452} INFO - Setting next_dagrun for dataset_produces_1 to 2023-04-27T00:00:00+00:00, run_after=2023-04-28T00:00:00+00:00
[2023-04-28T18:19:33.182-0300] {logging_mixin.py:137} INFO - [2023-04-28T18:19:33.182-0300] {dag.py:3452} INFO - Setting next_dagrun for dataset_produces_2 to None, run_after=None
[2023-04-28T18:19:33.207-0300] {processor.py:175} INFO - Processing /home/lcscarv/projetos/indicium/desafio_5/.venv/lib/python3.8/site-packages/airflow/example_dags/example_datasets.py took 0.149 seconds
[2023-04-28T18:20:23.474-0300] {processor.py:153} INFO - Started process (PID=6368) to work on /home/lcscarv/projetos/indicium/desafio_5/.venv/lib/python3.8/site-packages/airflow/example_dags/example_datasets.py
[2023-04-28T18:20:23.475-0300] {processor.py:743} INFO - Processing file /home/lcscarv/projetos/indicium/desafio_5/.venv/lib/python3.8/site-packages/airflow/example_dags/example_datasets.py for tasks to queue
[2023-04-28T18:20:23.476-0300] {logging_mixin.py:137} INFO - [2023-04-28T18:20:23.475-0300] {dagbag.py:532} INFO - Filling up the DagBag from /home/lcscarv/projetos/indicium/desafio_5/.venv/lib/python3.8/site-packages/airflow/example_dags/example_datasets.py
[2023-04-28T18:20:23.489-0300] {processor.py:753} INFO - DAG(s) dict_keys(['dataset_produces_2', 'dataset_consumes_1_and_2', 'dataset_produces_1', 'dataset_consumes_1_never_scheduled', 'dataset_consumes_unknown_never_scheduled', 'dataset_consumes_1']) retrieved from /home/lcscarv/projetos/indicium/desafio_5/.venv/lib/python3.8/site-packages/airflow/example_dags/example_datasets.py
[2023-04-28T18:20:23.511-0300] {logging_mixin.py:137} INFO - [2023-04-28T18:20:23.511-0300] {dag.py:2705} INFO - Sync 6 DAGs
[2023-04-28T18:20:23.585-0300] {logging_mixin.py:137} INFO - [2023-04-28T18:20:23.585-0300] {dag.py:3452} INFO - Setting next_dagrun for dataset_consumes_1 to None, run_after=None
[2023-04-28T18:20:23.587-0300] {logging_mixin.py:137} INFO - [2023-04-28T18:20:23.587-0300] {dag.py:3452} INFO - Setting next_dagrun for dataset_consumes_1_and_2 to None, run_after=None
[2023-04-28T18:20:23.588-0300] {logging_mixin.py:137} INFO - [2023-04-28T18:20:23.588-0300] {dag.py:3452} INFO - Setting next_dagrun for dataset_consumes_1_never_scheduled to None, run_after=None
[2023-04-28T18:20:23.589-0300] {logging_mixin.py:137} INFO - [2023-04-28T18:20:23.589-0300] {dag.py:3452} INFO - Setting next_dagrun for dataset_consumes_unknown_never_scheduled to None, run_after=None
[2023-04-28T18:20:23.590-0300] {logging_mixin.py:137} INFO - [2023-04-28T18:20:23.590-0300] {dag.py:3452} INFO - Setting next_dagrun for dataset_produces_1 to 2023-04-27T00:00:00+00:00, run_after=2023-04-28T00:00:00+00:00
[2023-04-28T18:20:23.591-0300] {logging_mixin.py:137} INFO - [2023-04-28T18:20:23.591-0300] {dag.py:3452} INFO - Setting next_dagrun for dataset_produces_2 to None, run_after=None
[2023-04-28T18:20:23.636-0300] {processor.py:175} INFO - Processing /home/lcscarv/projetos/indicium/desafio_5/.venv/lib/python3.8/site-packages/airflow/example_dags/example_datasets.py took 0.165 seconds
[2023-04-28T18:21:11.685-0300] {processor.py:153} INFO - Started process (PID=6413) to work on /home/lcscarv/projetos/indicium/desafio_5/.venv/lib/python3.8/site-packages/airflow/example_dags/example_datasets.py
[2023-04-28T18:21:11.686-0300] {processor.py:743} INFO - Processing file /home/lcscarv/projetos/indicium/desafio_5/.venv/lib/python3.8/site-packages/airflow/example_dags/example_datasets.py for tasks to queue
[2023-04-28T18:21:11.687-0300] {logging_mixin.py:137} INFO - [2023-04-28T18:21:11.687-0300] {dagbag.py:532} INFO - Filling up the DagBag from /home/lcscarv/projetos/indicium/desafio_5/.venv/lib/python3.8/site-packages/airflow/example_dags/example_datasets.py
[2023-04-28T18:21:11.703-0300] {processor.py:753} INFO - DAG(s) dict_keys(['dataset_consumes_1_and_2', 'dataset_consumes_unknown_never_scheduled', 'dataset_produces_2', 'dataset_consumes_1_never_scheduled', 'dataset_consumes_1', 'dataset_produces_1']) retrieved from /home/lcscarv/projetos/indicium/desafio_5/.venv/lib/python3.8/site-packages/airflow/example_dags/example_datasets.py
[2023-04-28T18:21:11.797-0300] {logging_mixin.py:137} INFO - [2023-04-28T18:21:11.797-0300] {dag.py:2705} INFO - Sync 6 DAGs
[2023-04-28T18:21:11.813-0300] {logging_mixin.py:137} INFO - [2023-04-28T18:21:11.813-0300] {dag.py:3452} INFO - Setting next_dagrun for dataset_consumes_1 to None, run_after=None
[2023-04-28T18:21:11.816-0300] {logging_mixin.py:137} INFO - [2023-04-28T18:21:11.816-0300] {dag.py:3452} INFO - Setting next_dagrun for dataset_consumes_1_and_2 to None, run_after=None
[2023-04-28T18:21:11.817-0300] {logging_mixin.py:137} INFO - [2023-04-28T18:21:11.817-0300] {dag.py:3452} INFO - Setting next_dagrun for dataset_consumes_1_never_scheduled to None, run_after=None
[2023-04-28T18:21:11.818-0300] {logging_mixin.py:137} INFO - [2023-04-28T18:21:11.818-0300] {dag.py:3452} INFO - Setting next_dagrun for dataset_consumes_unknown_never_scheduled to None, run_after=None
[2023-04-28T18:21:11.821-0300] {logging_mixin.py:137} INFO - [2023-04-28T18:21:11.821-0300] {dag.py:3452} INFO - Setting next_dagrun for dataset_produces_1 to 2023-04-27T00:00:00+00:00, run_after=2023-04-28T00:00:00+00:00
[2023-04-28T18:21:11.821-0300] {logging_mixin.py:137} INFO - [2023-04-28T18:21:11.821-0300] {dag.py:3452} INFO - Setting next_dagrun for dataset_produces_2 to None, run_after=None
[2023-04-28T18:21:11.855-0300] {processor.py:175} INFO - Processing /home/lcscarv/projetos/indicium/desafio_5/.venv/lib/python3.8/site-packages/airflow/example_dags/example_datasets.py took 0.174 seconds
