[2023-04-28T18:00:12.997-0300] {processor.py:153} INFO - Started process (PID=4436) to work on /home/lcscarv/projetos/indicium/desafio_5/.venv/lib/python3.8/site-packages/airflow/example_dags/example_sensor_decorator.py
[2023-04-28T18:00:12.999-0300] {processor.py:743} INFO - Processing file /home/lcscarv/projetos/indicium/desafio_5/.venv/lib/python3.8/site-packages/airflow/example_dags/example_sensor_decorator.py for tasks to queue
[2023-04-28T18:00:13.001-0300] {logging_mixin.py:137} INFO - [2023-04-28T18:00:13.000-0300] {dagbag.py:532} INFO - Filling up the DagBag from /home/lcscarv/projetos/indicium/desafio_5/.venv/lib/python3.8/site-packages/airflow/example_dags/example_sensor_decorator.py
[2023-04-28T18:00:13.059-0300] {processor.py:753} INFO - DAG(s) dict_keys(['example_sensor_decorator']) retrieved from /home/lcscarv/projetos/indicium/desafio_5/.venv/lib/python3.8/site-packages/airflow/example_dags/example_sensor_decorator.py
[2023-04-28T18:00:13.075-0300] {logging_mixin.py:137} INFO - [2023-04-28T18:00:13.074-0300] {dag.py:2705} INFO - Sync 1 DAGs
[2023-04-28T18:00:13.106-0300] {logging_mixin.py:137} INFO - [2023-04-28T18:00:13.106-0300] {dag.py:3452} INFO - Setting next_dagrun for example_sensor_decorator to None, run_after=None
[2023-04-28T18:00:13.147-0300] {processor.py:175} INFO - Processing /home/lcscarv/projetos/indicium/desafio_5/.venv/lib/python3.8/site-packages/airflow/example_dags/example_sensor_decorator.py took 0.160 seconds
[2023-04-28T18:00:56.442-0300] {processor.py:153} INFO - Started process (PID=4623) to work on /home/lcscarv/projetos/indicium/desafio_5/.venv/lib/python3.8/site-packages/airflow/example_dags/example_sensor_decorator.py
[2023-04-28T18:00:56.443-0300] {processor.py:743} INFO - Processing file /home/lcscarv/projetos/indicium/desafio_5/.venv/lib/python3.8/site-packages/airflow/example_dags/example_sensor_decorator.py for tasks to queue
[2023-04-28T18:00:56.443-0300] {logging_mixin.py:137} INFO - [2023-04-28T18:00:56.443-0300] {dagbag.py:532} INFO - Filling up the DagBag from /home/lcscarv/projetos/indicium/desafio_5/.venv/lib/python3.8/site-packages/airflow/example_dags/example_sensor_decorator.py
[2023-04-28T18:00:56.461-0300] {processor.py:753} INFO - DAG(s) dict_keys(['example_sensor_decorator']) retrieved from /home/lcscarv/projetos/indicium/desafio_5/.venv/lib/python3.8/site-packages/airflow/example_dags/example_sensor_decorator.py
[2023-04-28T18:00:56.476-0300] {logging_mixin.py:137} INFO - [2023-04-28T18:00:56.475-0300] {dag.py:2705} INFO - Sync 1 DAGs
[2023-04-28T18:00:56.489-0300] {logging_mixin.py:137} INFO - [2023-04-28T18:00:56.489-0300] {dag.py:3452} INFO - Setting next_dagrun for example_sensor_decorator to None, run_after=None
[2023-04-28T18:00:56.510-0300] {processor.py:175} INFO - Processing /home/lcscarv/projetos/indicium/desafio_5/.venv/lib/python3.8/site-packages/airflow/example_dags/example_sensor_decorator.py took 0.070 seconds
[2023-04-28T18:01:33.178-0300] {processor.py:153} INFO - Started process (PID=4660) to work on /home/lcscarv/projetos/indicium/desafio_5/.venv/lib/python3.8/site-packages/airflow/example_dags/example_sensor_decorator.py
[2023-04-28T18:01:33.179-0300] {processor.py:743} INFO - Processing file /home/lcscarv/projetos/indicium/desafio_5/.venv/lib/python3.8/site-packages/airflow/example_dags/example_sensor_decorator.py for tasks to queue
[2023-04-28T18:01:33.180-0300] {logging_mixin.py:137} INFO - [2023-04-28T18:01:33.180-0300] {dagbag.py:532} INFO - Filling up the DagBag from /home/lcscarv/projetos/indicium/desafio_5/.venv/lib/python3.8/site-packages/airflow/example_dags/example_sensor_decorator.py
[2023-04-28T18:01:33.196-0300] {processor.py:753} INFO - DAG(s) dict_keys(['example_sensor_decorator']) retrieved from /home/lcscarv/projetos/indicium/desafio_5/.venv/lib/python3.8/site-packages/airflow/example_dags/example_sensor_decorator.py
[2023-04-28T18:01:33.208-0300] {logging_mixin.py:137} INFO - [2023-04-28T18:01:33.208-0300] {dag.py:2705} INFO - Sync 1 DAGs
[2023-04-28T18:01:33.222-0300] {logging_mixin.py:137} INFO - [2023-04-28T18:01:33.222-0300] {dag.py:3452} INFO - Setting next_dagrun for example_sensor_decorator to None, run_after=None
[2023-04-28T18:01:33.297-0300] {processor.py:175} INFO - Processing /home/lcscarv/projetos/indicium/desafio_5/.venv/lib/python3.8/site-packages/airflow/example_dags/example_sensor_decorator.py took 0.120 seconds
[2023-04-28T18:02:15.438-0300] {processor.py:153} INFO - Started process (PID=4741) to work on /home/lcscarv/projetos/indicium/desafio_5/.venv/lib/python3.8/site-packages/airflow/example_dags/example_sensor_decorator.py
[2023-04-28T18:02:15.441-0300] {processor.py:743} INFO - Processing file /home/lcscarv/projetos/indicium/desafio_5/.venv/lib/python3.8/site-packages/airflow/example_dags/example_sensor_decorator.py for tasks to queue
[2023-04-28T18:02:15.442-0300] {logging_mixin.py:137} INFO - [2023-04-28T18:02:15.442-0300] {dagbag.py:532} INFO - Filling up the DagBag from /home/lcscarv/projetos/indicium/desafio_5/.venv/lib/python3.8/site-packages/airflow/example_dags/example_sensor_decorator.py
[2023-04-28T18:02:15.497-0300] {processor.py:753} INFO - DAG(s) dict_keys(['example_sensor_decorator']) retrieved from /home/lcscarv/projetos/indicium/desafio_5/.venv/lib/python3.8/site-packages/airflow/example_dags/example_sensor_decorator.py
[2023-04-28T18:02:15.545-0300] {logging_mixin.py:137} INFO - [2023-04-28T18:02:15.544-0300] {dag.py:2705} INFO - Sync 1 DAGs
[2023-04-28T18:02:15.587-0300] {logging_mixin.py:137} INFO - [2023-04-28T18:02:15.587-0300] {dag.py:3452} INFO - Setting next_dagrun for example_sensor_decorator to None, run_after=None
[2023-04-28T18:02:15.665-0300] {processor.py:175} INFO - Processing /home/lcscarv/projetos/indicium/desafio_5/.venv/lib/python3.8/site-packages/airflow/example_dags/example_sensor_decorator.py took 0.282 seconds
[2023-04-28T18:03:06.711-0300] {processor.py:153} INFO - Started process (PID=4833) to work on /home/lcscarv/projetos/indicium/desafio_5/.venv/lib/python3.8/site-packages/airflow/example_dags/example_sensor_decorator.py
[2023-04-28T18:03:06.713-0300] {processor.py:743} INFO - Processing file /home/lcscarv/projetos/indicium/desafio_5/.venv/lib/python3.8/site-packages/airflow/example_dags/example_sensor_decorator.py for tasks to queue
[2023-04-28T18:03:06.713-0300] {logging_mixin.py:137} INFO - [2023-04-28T18:03:06.713-0300] {dagbag.py:532} INFO - Filling up the DagBag from /home/lcscarv/projetos/indicium/desafio_5/.venv/lib/python3.8/site-packages/airflow/example_dags/example_sensor_decorator.py
[2023-04-28T18:03:06.727-0300] {processor.py:753} INFO - DAG(s) dict_keys(['example_sensor_decorator']) retrieved from /home/lcscarv/projetos/indicium/desafio_5/.venv/lib/python3.8/site-packages/airflow/example_dags/example_sensor_decorator.py
[2023-04-28T18:03:06.738-0300] {logging_mixin.py:137} INFO - [2023-04-28T18:03:06.738-0300] {dag.py:2705} INFO - Sync 1 DAGs
[2023-04-28T18:03:06.750-0300] {logging_mixin.py:137} INFO - [2023-04-28T18:03:06.750-0300] {dag.py:3452} INFO - Setting next_dagrun for example_sensor_decorator to None, run_after=None
[2023-04-28T18:03:06.769-0300] {processor.py:175} INFO - Processing /home/lcscarv/projetos/indicium/desafio_5/.venv/lib/python3.8/site-packages/airflow/example_dags/example_sensor_decorator.py took 0.060 seconds
[2023-04-28T18:03:40.927-0300] {processor.py:153} INFO - Started process (PID=4866) to work on /home/lcscarv/projetos/indicium/desafio_5/.venv/lib/python3.8/site-packages/airflow/example_dags/example_sensor_decorator.py
[2023-04-28T18:03:40.928-0300] {processor.py:743} INFO - Processing file /home/lcscarv/projetos/indicium/desafio_5/.venv/lib/python3.8/site-packages/airflow/example_dags/example_sensor_decorator.py for tasks to queue
[2023-04-28T18:03:40.929-0300] {logging_mixin.py:137} INFO - [2023-04-28T18:03:40.929-0300] {dagbag.py:532} INFO - Filling up the DagBag from /home/lcscarv/projetos/indicium/desafio_5/.venv/lib/python3.8/site-packages/airflow/example_dags/example_sensor_decorator.py
[2023-04-28T18:03:40.942-0300] {processor.py:753} INFO - DAG(s) dict_keys(['example_sensor_decorator']) retrieved from /home/lcscarv/projetos/indicium/desafio_5/.venv/lib/python3.8/site-packages/airflow/example_dags/example_sensor_decorator.py
[2023-04-28T18:03:40.954-0300] {logging_mixin.py:137} INFO - [2023-04-28T18:03:40.954-0300] {dag.py:2705} INFO - Sync 1 DAGs
[2023-04-28T18:03:40.966-0300] {logging_mixin.py:137} INFO - [2023-04-28T18:03:40.966-0300] {dag.py:3452} INFO - Setting next_dagrun for example_sensor_decorator to None, run_after=None
[2023-04-28T18:03:40.986-0300] {processor.py:175} INFO - Processing /home/lcscarv/projetos/indicium/desafio_5/.venv/lib/python3.8/site-packages/airflow/example_dags/example_sensor_decorator.py took 0.061 seconds
[2023-04-28T18:04:19.602-0300] {processor.py:153} INFO - Started process (PID=4907) to work on /home/lcscarv/projetos/indicium/desafio_5/.venv/lib/python3.8/site-packages/airflow/example_dags/example_sensor_decorator.py
[2023-04-28T18:04:19.603-0300] {processor.py:743} INFO - Processing file /home/lcscarv/projetos/indicium/desafio_5/.venv/lib/python3.8/site-packages/airflow/example_dags/example_sensor_decorator.py for tasks to queue
[2023-04-28T18:04:19.603-0300] {logging_mixin.py:137} INFO - [2023-04-28T18:04:19.603-0300] {dagbag.py:532} INFO - Filling up the DagBag from /home/lcscarv/projetos/indicium/desafio_5/.venv/lib/python3.8/site-packages/airflow/example_dags/example_sensor_decorator.py
[2023-04-28T18:04:19.618-0300] {processor.py:753} INFO - DAG(s) dict_keys(['example_sensor_decorator']) retrieved from /home/lcscarv/projetos/indicium/desafio_5/.venv/lib/python3.8/site-packages/airflow/example_dags/example_sensor_decorator.py
[2023-04-28T18:04:19.631-0300] {logging_mixin.py:137} INFO - [2023-04-28T18:04:19.631-0300] {dag.py:2705} INFO - Sync 1 DAGs
[2023-04-28T18:04:19.643-0300] {logging_mixin.py:137} INFO - [2023-04-28T18:04:19.643-0300] {dag.py:3452} INFO - Setting next_dagrun for example_sensor_decorator to None, run_after=None
[2023-04-28T18:04:19.660-0300] {processor.py:175} INFO - Processing /home/lcscarv/projetos/indicium/desafio_5/.venv/lib/python3.8/site-packages/airflow/example_dags/example_sensor_decorator.py took 0.061 seconds
[2023-04-28T18:05:01.976-0300] {processor.py:153} INFO - Started process (PID=4998) to work on /home/lcscarv/projetos/indicium/desafio_5/.venv/lib/python3.8/site-packages/airflow/example_dags/example_sensor_decorator.py
[2023-04-28T18:05:01.977-0300] {processor.py:743} INFO - Processing file /home/lcscarv/projetos/indicium/desafio_5/.venv/lib/python3.8/site-packages/airflow/example_dags/example_sensor_decorator.py for tasks to queue
[2023-04-28T18:05:01.978-0300] {logging_mixin.py:137} INFO - [2023-04-28T18:05:01.978-0300] {dagbag.py:532} INFO - Filling up the DagBag from /home/lcscarv/projetos/indicium/desafio_5/.venv/lib/python3.8/site-packages/airflow/example_dags/example_sensor_decorator.py
[2023-04-28T18:05:01.992-0300] {processor.py:753} INFO - DAG(s) dict_keys(['example_sensor_decorator']) retrieved from /home/lcscarv/projetos/indicium/desafio_5/.venv/lib/python3.8/site-packages/airflow/example_dags/example_sensor_decorator.py
[2023-04-28T18:05:02.014-0300] {logging_mixin.py:137} INFO - [2023-04-28T18:05:02.013-0300] {dag.py:2705} INFO - Sync 1 DAGs
[2023-04-28T18:05:02.025-0300] {logging_mixin.py:137} INFO - [2023-04-28T18:05:02.025-0300] {dag.py:3452} INFO - Setting next_dagrun for example_sensor_decorator to None, run_after=None
[2023-04-28T18:05:02.042-0300] {processor.py:175} INFO - Processing /home/lcscarv/projetos/indicium/desafio_5/.venv/lib/python3.8/site-packages/airflow/example_dags/example_sensor_decorator.py took 0.068 seconds
[2023-04-28T18:05:41.609-0300] {processor.py:153} INFO - Started process (PID=5090) to work on /home/lcscarv/projetos/indicium/desafio_5/.venv/lib/python3.8/site-packages/airflow/example_dags/example_sensor_decorator.py
[2023-04-28T18:05:41.610-0300] {processor.py:743} INFO - Processing file /home/lcscarv/projetos/indicium/desafio_5/.venv/lib/python3.8/site-packages/airflow/example_dags/example_sensor_decorator.py for tasks to queue
[2023-04-28T18:05:41.611-0300] {logging_mixin.py:137} INFO - [2023-04-28T18:05:41.611-0300] {dagbag.py:532} INFO - Filling up the DagBag from /home/lcscarv/projetos/indicium/desafio_5/.venv/lib/python3.8/site-packages/airflow/example_dags/example_sensor_decorator.py
[2023-04-28T18:05:41.624-0300] {processor.py:753} INFO - DAG(s) dict_keys(['example_sensor_decorator']) retrieved from /home/lcscarv/projetos/indicium/desafio_5/.venv/lib/python3.8/site-packages/airflow/example_dags/example_sensor_decorator.py
[2023-04-28T18:05:41.635-0300] {logging_mixin.py:137} INFO - [2023-04-28T18:05:41.635-0300] {dag.py:2705} INFO - Sync 1 DAGs
[2023-04-28T18:05:41.647-0300] {logging_mixin.py:137} INFO - [2023-04-28T18:05:41.647-0300] {dag.py:3452} INFO - Setting next_dagrun for example_sensor_decorator to None, run_after=None
[2023-04-28T18:05:41.664-0300] {processor.py:175} INFO - Processing /home/lcscarv/projetos/indicium/desafio_5/.venv/lib/python3.8/site-packages/airflow/example_dags/example_sensor_decorator.py took 0.057 seconds
[2023-04-28T18:06:22.660-0300] {processor.py:153} INFO - Started process (PID=5132) to work on /home/lcscarv/projetos/indicium/desafio_5/.venv/lib/python3.8/site-packages/airflow/example_dags/example_sensor_decorator.py
[2023-04-28T18:06:22.662-0300] {processor.py:743} INFO - Processing file /home/lcscarv/projetos/indicium/desafio_5/.venv/lib/python3.8/site-packages/airflow/example_dags/example_sensor_decorator.py for tasks to queue
[2023-04-28T18:06:22.662-0300] {logging_mixin.py:137} INFO - [2023-04-28T18:06:22.662-0300] {dagbag.py:532} INFO - Filling up the DagBag from /home/lcscarv/projetos/indicium/desafio_5/.venv/lib/python3.8/site-packages/airflow/example_dags/example_sensor_decorator.py
[2023-04-28T18:06:22.676-0300] {processor.py:753} INFO - DAG(s) dict_keys(['example_sensor_decorator']) retrieved from /home/lcscarv/projetos/indicium/desafio_5/.venv/lib/python3.8/site-packages/airflow/example_dags/example_sensor_decorator.py
[2023-04-28T18:06:22.687-0300] {logging_mixin.py:137} INFO - [2023-04-28T18:06:22.687-0300] {dag.py:2705} INFO - Sync 1 DAGs
[2023-04-28T18:06:22.699-0300] {logging_mixin.py:137} INFO - [2023-04-28T18:06:22.699-0300] {dag.py:3452} INFO - Setting next_dagrun for example_sensor_decorator to None, run_after=None
[2023-04-28T18:06:22.717-0300] {processor.py:175} INFO - Processing /home/lcscarv/projetos/indicium/desafio_5/.venv/lib/python3.8/site-packages/airflow/example_dags/example_sensor_decorator.py took 0.058 seconds
[2023-04-28T18:07:07.793-0300] {processor.py:153} INFO - Started process (PID=5168) to work on /home/lcscarv/projetos/indicium/desafio_5/.venv/lib/python3.8/site-packages/airflow/example_dags/example_sensor_decorator.py
[2023-04-28T18:07:07.830-0300] {processor.py:743} INFO - Processing file /home/lcscarv/projetos/indicium/desafio_5/.venv/lib/python3.8/site-packages/airflow/example_dags/example_sensor_decorator.py for tasks to queue
[2023-04-28T18:07:07.831-0300] {logging_mixin.py:137} INFO - [2023-04-28T18:07:07.831-0300] {dagbag.py:532} INFO - Filling up the DagBag from /home/lcscarv/projetos/indicium/desafio_5/.venv/lib/python3.8/site-packages/airflow/example_dags/example_sensor_decorator.py
[2023-04-28T18:07:07.852-0300] {processor.py:753} INFO - DAG(s) dict_keys(['example_sensor_decorator']) retrieved from /home/lcscarv/projetos/indicium/desafio_5/.venv/lib/python3.8/site-packages/airflow/example_dags/example_sensor_decorator.py
[2023-04-28T18:07:07.867-0300] {logging_mixin.py:137} INFO - [2023-04-28T18:07:07.867-0300] {dag.py:2705} INFO - Sync 1 DAGs
[2023-04-28T18:07:07.889-0300] {logging_mixin.py:137} INFO - [2023-04-28T18:07:07.889-0300] {dag.py:3452} INFO - Setting next_dagrun for example_sensor_decorator to None, run_after=None
[2023-04-28T18:07:07.910-0300] {processor.py:175} INFO - Processing /home/lcscarv/projetos/indicium/desafio_5/.venv/lib/python3.8/site-packages/airflow/example_dags/example_sensor_decorator.py took 0.119 seconds
[2023-04-28T18:08:01.387-0300] {processor.py:153} INFO - Started process (PID=5362) to work on /home/lcscarv/projetos/indicium/desafio_5/.venv/lib/python3.8/site-packages/airflow/example_dags/example_sensor_decorator.py
[2023-04-28T18:08:01.389-0300] {processor.py:743} INFO - Processing file /home/lcscarv/projetos/indicium/desafio_5/.venv/lib/python3.8/site-packages/airflow/example_dags/example_sensor_decorator.py for tasks to queue
[2023-04-28T18:08:01.389-0300] {logging_mixin.py:137} INFO - [2023-04-28T18:08:01.389-0300] {dagbag.py:532} INFO - Filling up the DagBag from /home/lcscarv/projetos/indicium/desafio_5/.venv/lib/python3.8/site-packages/airflow/example_dags/example_sensor_decorator.py
[2023-04-28T18:08:01.409-0300] {processor.py:753} INFO - DAG(s) dict_keys(['example_sensor_decorator']) retrieved from /home/lcscarv/projetos/indicium/desafio_5/.venv/lib/python3.8/site-packages/airflow/example_dags/example_sensor_decorator.py
[2023-04-28T18:08:01.424-0300] {logging_mixin.py:137} INFO - [2023-04-28T18:08:01.424-0300] {dag.py:2705} INFO - Sync 1 DAGs
[2023-04-28T18:08:01.439-0300] {logging_mixin.py:137} INFO - [2023-04-28T18:08:01.439-0300] {dag.py:3452} INFO - Setting next_dagrun for example_sensor_decorator to None, run_after=None
[2023-04-28T18:08:01.465-0300] {processor.py:175} INFO - Processing /home/lcscarv/projetos/indicium/desafio_5/.venv/lib/python3.8/site-packages/airflow/example_dags/example_sensor_decorator.py took 0.080 seconds
[2023-04-28T18:08:41.301-0300] {processor.py:153} INFO - Started process (PID=5400) to work on /home/lcscarv/projetos/indicium/desafio_5/.venv/lib/python3.8/site-packages/airflow/example_dags/example_sensor_decorator.py
[2023-04-28T18:08:41.302-0300] {processor.py:743} INFO - Processing file /home/lcscarv/projetos/indicium/desafio_5/.venv/lib/python3.8/site-packages/airflow/example_dags/example_sensor_decorator.py for tasks to queue
[2023-04-28T18:08:41.302-0300] {logging_mixin.py:137} INFO - [2023-04-28T18:08:41.302-0300] {dagbag.py:532} INFO - Filling up the DagBag from /home/lcscarv/projetos/indicium/desafio_5/.venv/lib/python3.8/site-packages/airflow/example_dags/example_sensor_decorator.py
[2023-04-28T18:08:41.317-0300] {processor.py:753} INFO - DAG(s) dict_keys(['example_sensor_decorator']) retrieved from /home/lcscarv/projetos/indicium/desafio_5/.venv/lib/python3.8/site-packages/airflow/example_dags/example_sensor_decorator.py
[2023-04-28T18:08:41.330-0300] {logging_mixin.py:137} INFO - [2023-04-28T18:08:41.330-0300] {dag.py:2705} INFO - Sync 1 DAGs
[2023-04-28T18:08:41.342-0300] {logging_mixin.py:137} INFO - [2023-04-28T18:08:41.342-0300] {dag.py:3452} INFO - Setting next_dagrun for example_sensor_decorator to None, run_after=None
[2023-04-28T18:08:41.367-0300] {processor.py:175} INFO - Processing /home/lcscarv/projetos/indicium/desafio_5/.venv/lib/python3.8/site-packages/airflow/example_dags/example_sensor_decorator.py took 0.068 seconds
[2023-04-28T18:09:14.423-0300] {processor.py:153} INFO - Started process (PID=5481) to work on /home/lcscarv/projetos/indicium/desafio_5/.venv/lib/python3.8/site-packages/airflow/example_dags/example_sensor_decorator.py
[2023-04-28T18:09:14.454-0300] {processor.py:743} INFO - Processing file /home/lcscarv/projetos/indicium/desafio_5/.venv/lib/python3.8/site-packages/airflow/example_dags/example_sensor_decorator.py for tasks to queue
[2023-04-28T18:09:14.455-0300] {logging_mixin.py:137} INFO - [2023-04-28T18:09:14.455-0300] {dagbag.py:532} INFO - Filling up the DagBag from /home/lcscarv/projetos/indicium/desafio_5/.venv/lib/python3.8/site-packages/airflow/example_dags/example_sensor_decorator.py
[2023-04-28T18:09:14.471-0300] {processor.py:753} INFO - DAG(s) dict_keys(['example_sensor_decorator']) retrieved from /home/lcscarv/projetos/indicium/desafio_5/.venv/lib/python3.8/site-packages/airflow/example_dags/example_sensor_decorator.py
[2023-04-28T18:09:14.482-0300] {logging_mixin.py:137} INFO - [2023-04-28T18:09:14.482-0300] {dag.py:2705} INFO - Sync 1 DAGs
[2023-04-28T18:09:14.494-0300] {logging_mixin.py:137} INFO - [2023-04-28T18:09:14.494-0300] {dag.py:3452} INFO - Setting next_dagrun for example_sensor_decorator to None, run_after=None
[2023-04-28T18:09:14.598-0300] {processor.py:175} INFO - Processing /home/lcscarv/projetos/indicium/desafio_5/.venv/lib/python3.8/site-packages/airflow/example_dags/example_sensor_decorator.py took 0.177 seconds
[2023-04-28T18:09:45.015-0300] {processor.py:153} INFO - Started process (PID=5510) to work on /home/lcscarv/projetos/indicium/desafio_5/.venv/lib/python3.8/site-packages/airflow/example_dags/example_sensor_decorator.py
[2023-04-28T18:09:45.016-0300] {processor.py:743} INFO - Processing file /home/lcscarv/projetos/indicium/desafio_5/.venv/lib/python3.8/site-packages/airflow/example_dags/example_sensor_decorator.py for tasks to queue
[2023-04-28T18:09:45.016-0300] {logging_mixin.py:137} INFO - [2023-04-28T18:09:45.016-0300] {dagbag.py:532} INFO - Filling up the DagBag from /home/lcscarv/projetos/indicium/desafio_5/.venv/lib/python3.8/site-packages/airflow/example_dags/example_sensor_decorator.py
[2023-04-28T18:09:45.031-0300] {processor.py:753} INFO - DAG(s) dict_keys(['example_sensor_decorator']) retrieved from /home/lcscarv/projetos/indicium/desafio_5/.venv/lib/python3.8/site-packages/airflow/example_dags/example_sensor_decorator.py
[2023-04-28T18:09:45.044-0300] {logging_mixin.py:137} INFO - [2023-04-28T18:09:45.044-0300] {dag.py:2705} INFO - Sync 1 DAGs
[2023-04-28T18:09:45.056-0300] {logging_mixin.py:137} INFO - [2023-04-28T18:09:45.056-0300] {dag.py:3452} INFO - Setting next_dagrun for example_sensor_decorator to None, run_after=None
[2023-04-28T18:09:45.076-0300] {processor.py:175} INFO - Processing /home/lcscarv/projetos/indicium/desafio_5/.venv/lib/python3.8/site-packages/airflow/example_dags/example_sensor_decorator.py took 0.064 seconds
[2023-04-28T18:10:20.838-0300] {processor.py:153} INFO - Started process (PID=5641) to work on /home/lcscarv/projetos/indicium/desafio_5/.venv/lib/python3.8/site-packages/airflow/example_dags/example_sensor_decorator.py
[2023-04-28T18:10:20.839-0300] {processor.py:743} INFO - Processing file /home/lcscarv/projetos/indicium/desafio_5/.venv/lib/python3.8/site-packages/airflow/example_dags/example_sensor_decorator.py for tasks to queue
[2023-04-28T18:10:20.840-0300] {logging_mixin.py:137} INFO - [2023-04-28T18:10:20.840-0300] {dagbag.py:532} INFO - Filling up the DagBag from /home/lcscarv/projetos/indicium/desafio_5/.venv/lib/python3.8/site-packages/airflow/example_dags/example_sensor_decorator.py
[2023-04-28T18:10:20.855-0300] {processor.py:753} INFO - DAG(s) dict_keys(['example_sensor_decorator']) retrieved from /home/lcscarv/projetos/indicium/desafio_5/.venv/lib/python3.8/site-packages/airflow/example_dags/example_sensor_decorator.py
[2023-04-28T18:10:20.869-0300] {logging_mixin.py:137} INFO - [2023-04-28T18:10:20.868-0300] {dag.py:2705} INFO - Sync 1 DAGs
[2023-04-28T18:10:20.881-0300] {logging_mixin.py:137} INFO - [2023-04-28T18:10:20.881-0300] {dag.py:3452} INFO - Setting next_dagrun for example_sensor_decorator to None, run_after=None
[2023-04-28T18:10:20.907-0300] {processor.py:175} INFO - Processing /home/lcscarv/projetos/indicium/desafio_5/.venv/lib/python3.8/site-packages/airflow/example_dags/example_sensor_decorator.py took 0.071 seconds
[2023-04-28T18:11:00.129-0300] {processor.py:153} INFO - Started process (PID=5674) to work on /home/lcscarv/projetos/indicium/desafio_5/.venv/lib/python3.8/site-packages/airflow/example_dags/example_sensor_decorator.py
[2023-04-28T18:11:00.173-0300] {processor.py:743} INFO - Processing file /home/lcscarv/projetos/indicium/desafio_5/.venv/lib/python3.8/site-packages/airflow/example_dags/example_sensor_decorator.py for tasks to queue
[2023-04-28T18:11:00.175-0300] {logging_mixin.py:137} INFO - [2023-04-28T18:11:00.175-0300] {dagbag.py:532} INFO - Filling up the DagBag from /home/lcscarv/projetos/indicium/desafio_5/.venv/lib/python3.8/site-packages/airflow/example_dags/example_sensor_decorator.py
[2023-04-28T18:11:00.194-0300] {processor.py:753} INFO - DAG(s) dict_keys(['example_sensor_decorator']) retrieved from /home/lcscarv/projetos/indicium/desafio_5/.venv/lib/python3.8/site-packages/airflow/example_dags/example_sensor_decorator.py
[2023-04-28T18:11:00.206-0300] {logging_mixin.py:137} INFO - [2023-04-28T18:11:00.206-0300] {dag.py:2705} INFO - Sync 1 DAGs
[2023-04-28T18:11:00.219-0300] {logging_mixin.py:137} INFO - [2023-04-28T18:11:00.219-0300] {dag.py:3452} INFO - Setting next_dagrun for example_sensor_decorator to None, run_after=None
[2023-04-28T18:11:00.514-0300] {processor.py:175} INFO - Processing /home/lcscarv/projetos/indicium/desafio_5/.venv/lib/python3.8/site-packages/airflow/example_dags/example_sensor_decorator.py took 0.386 seconds
[2023-04-28T18:11:36.859-0300] {processor.py:153} INFO - Started process (PID=5811) to work on /home/lcscarv/projetos/indicium/desafio_5/.venv/lib/python3.8/site-packages/airflow/example_dags/example_sensor_decorator.py
[2023-04-28T18:11:36.860-0300] {processor.py:743} INFO - Processing file /home/lcscarv/projetos/indicium/desafio_5/.venv/lib/python3.8/site-packages/airflow/example_dags/example_sensor_decorator.py for tasks to queue
[2023-04-28T18:11:36.860-0300] {logging_mixin.py:137} INFO - [2023-04-28T18:11:36.860-0300] {dagbag.py:532} INFO - Filling up the DagBag from /home/lcscarv/projetos/indicium/desafio_5/.venv/lib/python3.8/site-packages/airflow/example_dags/example_sensor_decorator.py
[2023-04-28T18:11:36.876-0300] {processor.py:753} INFO - DAG(s) dict_keys(['example_sensor_decorator']) retrieved from /home/lcscarv/projetos/indicium/desafio_5/.venv/lib/python3.8/site-packages/airflow/example_dags/example_sensor_decorator.py
[2023-04-28T18:11:36.889-0300] {logging_mixin.py:137} INFO - [2023-04-28T18:11:36.889-0300] {dag.py:2705} INFO - Sync 1 DAGs
[2023-04-28T18:11:36.904-0300] {logging_mixin.py:137} INFO - [2023-04-28T18:11:36.904-0300] {dag.py:3452} INFO - Setting next_dagrun for example_sensor_decorator to None, run_after=None
[2023-04-28T18:11:36.924-0300] {processor.py:175} INFO - Processing /home/lcscarv/projetos/indicium/desafio_5/.venv/lib/python3.8/site-packages/airflow/example_dags/example_sensor_decorator.py took 0.068 seconds
[2023-04-28T18:12:10.967-0300] {processor.py:153} INFO - Started process (PID=5842) to work on /home/lcscarv/projetos/indicium/desafio_5/.venv/lib/python3.8/site-packages/airflow/example_dags/example_sensor_decorator.py
[2023-04-28T18:12:11.196-0300] {processor.py:743} INFO - Processing file /home/lcscarv/projetos/indicium/desafio_5/.venv/lib/python3.8/site-packages/airflow/example_dags/example_sensor_decorator.py for tasks to queue
[2023-04-28T18:12:11.198-0300] {logging_mixin.py:137} INFO - [2023-04-28T18:12:11.198-0300] {dagbag.py:532} INFO - Filling up the DagBag from /home/lcscarv/projetos/indicium/desafio_5/.venv/lib/python3.8/site-packages/airflow/example_dags/example_sensor_decorator.py
[2023-04-28T18:12:11.218-0300] {processor.py:753} INFO - DAG(s) dict_keys(['example_sensor_decorator']) retrieved from /home/lcscarv/projetos/indicium/desafio_5/.venv/lib/python3.8/site-packages/airflow/example_dags/example_sensor_decorator.py
[2023-04-28T18:12:11.230-0300] {logging_mixin.py:137} INFO - [2023-04-28T18:12:11.230-0300] {dag.py:2705} INFO - Sync 1 DAGs
[2023-04-28T18:12:11.241-0300] {logging_mixin.py:137} INFO - [2023-04-28T18:12:11.241-0300] {dag.py:3452} INFO - Setting next_dagrun for example_sensor_decorator to None, run_after=None
[2023-04-28T18:12:11.680-0300] {processor.py:175} INFO - Processing /home/lcscarv/projetos/indicium/desafio_5/.venv/lib/python3.8/site-packages/airflow/example_dags/example_sensor_decorator.py took 0.715 seconds
[2023-04-28T18:12:57.667-0300] {processor.py:153} INFO - Started process (PID=5873) to work on /home/lcscarv/projetos/indicium/desafio_5/.venv/lib/python3.8/site-packages/airflow/example_dags/example_sensor_decorator.py
[2023-04-28T18:12:57.686-0300] {processor.py:743} INFO - Processing file /home/lcscarv/projetos/indicium/desafio_5/.venv/lib/python3.8/site-packages/airflow/example_dags/example_sensor_decorator.py for tasks to queue
[2023-04-28T18:12:57.688-0300] {logging_mixin.py:137} INFO - [2023-04-28T18:12:57.687-0300] {dagbag.py:532} INFO - Filling up the DagBag from /home/lcscarv/projetos/indicium/desafio_5/.venv/lib/python3.8/site-packages/airflow/example_dags/example_sensor_decorator.py
[2023-04-28T18:12:57.704-0300] {processor.py:753} INFO - DAG(s) dict_keys(['example_sensor_decorator']) retrieved from /home/lcscarv/projetos/indicium/desafio_5/.venv/lib/python3.8/site-packages/airflow/example_dags/example_sensor_decorator.py
[2023-04-28T18:12:57.717-0300] {logging_mixin.py:137} INFO - [2023-04-28T18:12:57.716-0300] {dag.py:2705} INFO - Sync 1 DAGs
[2023-04-28T18:12:57.728-0300] {logging_mixin.py:137} INFO - [2023-04-28T18:12:57.728-0300] {dag.py:3452} INFO - Setting next_dagrun for example_sensor_decorator to None, run_after=None
[2023-04-28T18:12:57.803-0300] {processor.py:175} INFO - Processing /home/lcscarv/projetos/indicium/desafio_5/.venv/lib/python3.8/site-packages/airflow/example_dags/example_sensor_decorator.py took 0.138 seconds
[2023-04-28T18:13:41.085-0300] {processor.py:153} INFO - Started process (PID=5914) to work on /home/lcscarv/projetos/indicium/desafio_5/.venv/lib/python3.8/site-packages/airflow/example_dags/example_sensor_decorator.py
[2023-04-28T18:13:41.086-0300] {processor.py:743} INFO - Processing file /home/lcscarv/projetos/indicium/desafio_5/.venv/lib/python3.8/site-packages/airflow/example_dags/example_sensor_decorator.py for tasks to queue
[2023-04-28T18:13:41.087-0300] {logging_mixin.py:137} INFO - [2023-04-28T18:13:41.087-0300] {dagbag.py:532} INFO - Filling up the DagBag from /home/lcscarv/projetos/indicium/desafio_5/.venv/lib/python3.8/site-packages/airflow/example_dags/example_sensor_decorator.py
[2023-04-28T18:13:41.103-0300] {processor.py:753} INFO - DAG(s) dict_keys(['example_sensor_decorator']) retrieved from /home/lcscarv/projetos/indicium/desafio_5/.venv/lib/python3.8/site-packages/airflow/example_dags/example_sensor_decorator.py
[2023-04-28T18:13:41.116-0300] {logging_mixin.py:137} INFO - [2023-04-28T18:13:41.116-0300] {dag.py:2705} INFO - Sync 1 DAGs
[2023-04-28T18:13:41.129-0300] {logging_mixin.py:137} INFO - [2023-04-28T18:13:41.129-0300] {dag.py:3452} INFO - Setting next_dagrun for example_sensor_decorator to None, run_after=None
[2023-04-28T18:13:41.151-0300] {processor.py:175} INFO - Processing /home/lcscarv/projetos/indicium/desafio_5/.venv/lib/python3.8/site-packages/airflow/example_dags/example_sensor_decorator.py took 0.068 seconds
[2023-04-28T18:14:21.471-0300] {processor.py:153} INFO - Started process (PID=5944) to work on /home/lcscarv/projetos/indicium/desafio_5/.venv/lib/python3.8/site-packages/airflow/example_dags/example_sensor_decorator.py
[2023-04-28T18:14:21.485-0300] {processor.py:743} INFO - Processing file /home/lcscarv/projetos/indicium/desafio_5/.venv/lib/python3.8/site-packages/airflow/example_dags/example_sensor_decorator.py for tasks to queue
[2023-04-28T18:14:21.485-0300] {logging_mixin.py:137} INFO - [2023-04-28T18:14:21.485-0300] {dagbag.py:532} INFO - Filling up the DagBag from /home/lcscarv/projetos/indicium/desafio_5/.venv/lib/python3.8/site-packages/airflow/example_dags/example_sensor_decorator.py
[2023-04-28T18:14:21.502-0300] {processor.py:753} INFO - DAG(s) dict_keys(['example_sensor_decorator']) retrieved from /home/lcscarv/projetos/indicium/desafio_5/.venv/lib/python3.8/site-packages/airflow/example_dags/example_sensor_decorator.py
[2023-04-28T18:14:21.514-0300] {logging_mixin.py:137} INFO - [2023-04-28T18:14:21.514-0300] {dag.py:2705} INFO - Sync 1 DAGs
[2023-04-28T18:14:21.527-0300] {logging_mixin.py:137} INFO - [2023-04-28T18:14:21.527-0300] {dag.py:3452} INFO - Setting next_dagrun for example_sensor_decorator to None, run_after=None
[2023-04-28T18:14:21.547-0300] {processor.py:175} INFO - Processing /home/lcscarv/projetos/indicium/desafio_5/.venv/lib/python3.8/site-packages/airflow/example_dags/example_sensor_decorator.py took 0.079 seconds
[2023-04-28T18:15:03.220-0300] {processor.py:153} INFO - Started process (PID=5980) to work on /home/lcscarv/projetos/indicium/desafio_5/.venv/lib/python3.8/site-packages/airflow/example_dags/example_sensor_decorator.py
[2023-04-28T18:15:03.280-0300] {processor.py:743} INFO - Processing file /home/lcscarv/projetos/indicium/desafio_5/.venv/lib/python3.8/site-packages/airflow/example_dags/example_sensor_decorator.py for tasks to queue
[2023-04-28T18:15:03.281-0300] {logging_mixin.py:137} INFO - [2023-04-28T18:15:03.281-0300] {dagbag.py:532} INFO - Filling up the DagBag from /home/lcscarv/projetos/indicium/desafio_5/.venv/lib/python3.8/site-packages/airflow/example_dags/example_sensor_decorator.py
[2023-04-28T18:15:03.302-0300] {processor.py:753} INFO - DAG(s) dict_keys(['example_sensor_decorator']) retrieved from /home/lcscarv/projetos/indicium/desafio_5/.venv/lib/python3.8/site-packages/airflow/example_dags/example_sensor_decorator.py
[2023-04-28T18:15:03.313-0300] {logging_mixin.py:137} INFO - [2023-04-28T18:15:03.313-0300] {dag.py:2705} INFO - Sync 1 DAGs
[2023-04-28T18:15:03.325-0300] {logging_mixin.py:137} INFO - [2023-04-28T18:15:03.325-0300] {dag.py:3452} INFO - Setting next_dagrun for example_sensor_decorator to None, run_after=None
[2023-04-28T18:15:03.749-0300] {processor.py:175} INFO - Processing /home/lcscarv/projetos/indicium/desafio_5/.venv/lib/python3.8/site-packages/airflow/example_dags/example_sensor_decorator.py took 0.531 seconds
[2023-04-28T18:15:43.902-0300] {processor.py:153} INFO - Started process (PID=6065) to work on /home/lcscarv/projetos/indicium/desafio_5/.venv/lib/python3.8/site-packages/airflow/example_dags/example_sensor_decorator.py
[2023-04-28T18:15:43.903-0300] {processor.py:743} INFO - Processing file /home/lcscarv/projetos/indicium/desafio_5/.venv/lib/python3.8/site-packages/airflow/example_dags/example_sensor_decorator.py for tasks to queue
[2023-04-28T18:15:43.903-0300] {logging_mixin.py:137} INFO - [2023-04-28T18:15:43.903-0300] {dagbag.py:532} INFO - Filling up the DagBag from /home/lcscarv/projetos/indicium/desafio_5/.venv/lib/python3.8/site-packages/airflow/example_dags/example_sensor_decorator.py
[2023-04-28T18:15:43.919-0300] {processor.py:753} INFO - DAG(s) dict_keys(['example_sensor_decorator']) retrieved from /home/lcscarv/projetos/indicium/desafio_5/.venv/lib/python3.8/site-packages/airflow/example_dags/example_sensor_decorator.py
[2023-04-28T18:15:43.932-0300] {logging_mixin.py:137} INFO - [2023-04-28T18:15:43.932-0300] {dag.py:2705} INFO - Sync 1 DAGs
[2023-04-28T18:15:44.041-0300] {logging_mixin.py:137} INFO - [2023-04-28T18:15:44.041-0300] {dag.py:3452} INFO - Setting next_dagrun for example_sensor_decorator to None, run_after=None
[2023-04-28T18:15:44.059-0300] {processor.py:175} INFO - Processing /home/lcscarv/projetos/indicium/desafio_5/.venv/lib/python3.8/site-packages/airflow/example_dags/example_sensor_decorator.py took 0.160 seconds
[2023-04-28T18:16:20.386-0300] {processor.py:153} INFO - Started process (PID=6097) to work on /home/lcscarv/projetos/indicium/desafio_5/.venv/lib/python3.8/site-packages/airflow/example_dags/example_sensor_decorator.py
[2023-04-28T18:16:20.400-0300] {processor.py:743} INFO - Processing file /home/lcscarv/projetos/indicium/desafio_5/.venv/lib/python3.8/site-packages/airflow/example_dags/example_sensor_decorator.py for tasks to queue
[2023-04-28T18:16:20.401-0300] {logging_mixin.py:137} INFO - [2023-04-28T18:16:20.401-0300] {dagbag.py:532} INFO - Filling up the DagBag from /home/lcscarv/projetos/indicium/desafio_5/.venv/lib/python3.8/site-packages/airflow/example_dags/example_sensor_decorator.py
[2023-04-28T18:16:20.417-0300] {processor.py:753} INFO - DAG(s) dict_keys(['example_sensor_decorator']) retrieved from /home/lcscarv/projetos/indicium/desafio_5/.venv/lib/python3.8/site-packages/airflow/example_dags/example_sensor_decorator.py
[2023-04-28T18:16:20.429-0300] {logging_mixin.py:137} INFO - [2023-04-28T18:16:20.429-0300] {dag.py:2705} INFO - Sync 1 DAGs
[2023-04-28T18:16:20.496-0300] {logging_mixin.py:137} INFO - [2023-04-28T18:16:20.496-0300] {dag.py:3452} INFO - Setting next_dagrun for example_sensor_decorator to None, run_after=None
[2023-04-28T18:16:20.723-0300] {processor.py:175} INFO - Processing /home/lcscarv/projetos/indicium/desafio_5/.venv/lib/python3.8/site-packages/airflow/example_dags/example_sensor_decorator.py took 0.339 seconds
[2023-04-28T18:16:57.879-0300] {processor.py:153} INFO - Started process (PID=6130) to work on /home/lcscarv/projetos/indicium/desafio_5/.venv/lib/python3.8/site-packages/airflow/example_dags/example_sensor_decorator.py
[2023-04-28T18:16:57.977-0300] {processor.py:743} INFO - Processing file /home/lcscarv/projetos/indicium/desafio_5/.venv/lib/python3.8/site-packages/airflow/example_dags/example_sensor_decorator.py for tasks to queue
[2023-04-28T18:16:57.979-0300] {logging_mixin.py:137} INFO - [2023-04-28T18:16:57.978-0300] {dagbag.py:532} INFO - Filling up the DagBag from /home/lcscarv/projetos/indicium/desafio_5/.venv/lib/python3.8/site-packages/airflow/example_dags/example_sensor_decorator.py
[2023-04-28T18:16:57.998-0300] {processor.py:753} INFO - DAG(s) dict_keys(['example_sensor_decorator']) retrieved from /home/lcscarv/projetos/indicium/desafio_5/.venv/lib/python3.8/site-packages/airflow/example_dags/example_sensor_decorator.py
[2023-04-28T18:16:58.065-0300] {logging_mixin.py:137} INFO - [2023-04-28T18:16:58.065-0300] {dag.py:2705} INFO - Sync 1 DAGs
[2023-04-28T18:16:58.075-0300] {logging_mixin.py:137} INFO - [2023-04-28T18:16:58.075-0300] {dag.py:3452} INFO - Setting next_dagrun for example_sensor_decorator to None, run_after=None
[2023-04-28T18:16:58.622-0300] {processor.py:175} INFO - Processing /home/lcscarv/projetos/indicium/desafio_5/.venv/lib/python3.8/site-packages/airflow/example_dags/example_sensor_decorator.py took 0.745 seconds
[2023-04-28T18:17:39.141-0300] {processor.py:153} INFO - Started process (PID=6164) to work on /home/lcscarv/projetos/indicium/desafio_5/.venv/lib/python3.8/site-packages/airflow/example_dags/example_sensor_decorator.py
[2023-04-28T18:17:39.142-0300] {processor.py:743} INFO - Processing file /home/lcscarv/projetos/indicium/desafio_5/.venv/lib/python3.8/site-packages/airflow/example_dags/example_sensor_decorator.py for tasks to queue
[2023-04-28T18:17:39.143-0300] {logging_mixin.py:137} INFO - [2023-04-28T18:17:39.143-0300] {dagbag.py:532} INFO - Filling up the DagBag from /home/lcscarv/projetos/indicium/desafio_5/.venv/lib/python3.8/site-packages/airflow/example_dags/example_sensor_decorator.py
[2023-04-28T18:17:39.158-0300] {processor.py:753} INFO - DAG(s) dict_keys(['example_sensor_decorator']) retrieved from /home/lcscarv/projetos/indicium/desafio_5/.venv/lib/python3.8/site-packages/airflow/example_dags/example_sensor_decorator.py
[2023-04-28T18:17:39.224-0300] {logging_mixin.py:137} INFO - [2023-04-28T18:17:39.224-0300] {dag.py:2705} INFO - Sync 1 DAGs
[2023-04-28T18:17:39.234-0300] {logging_mixin.py:137} INFO - [2023-04-28T18:17:39.234-0300] {dag.py:3452} INFO - Setting next_dagrun for example_sensor_decorator to None, run_after=None
[2023-04-28T18:17:39.268-0300] {processor.py:175} INFO - Processing /home/lcscarv/projetos/indicium/desafio_5/.venv/lib/python3.8/site-packages/airflow/example_dags/example_sensor_decorator.py took 0.129 seconds
[2023-04-28T18:18:12.862-0300] {processor.py:153} INFO - Started process (PID=6196) to work on /home/lcscarv/projetos/indicium/desafio_5/.venv/lib/python3.8/site-packages/airflow/example_dags/example_sensor_decorator.py
[2023-04-28T18:18:12.952-0300] {processor.py:743} INFO - Processing file /home/lcscarv/projetos/indicium/desafio_5/.venv/lib/python3.8/site-packages/airflow/example_dags/example_sensor_decorator.py for tasks to queue
[2023-04-28T18:18:12.954-0300] {logging_mixin.py:137} INFO - [2023-04-28T18:18:12.953-0300] {dagbag.py:532} INFO - Filling up the DagBag from /home/lcscarv/projetos/indicium/desafio_5/.venv/lib/python3.8/site-packages/airflow/example_dags/example_sensor_decorator.py
[2023-04-28T18:18:12.973-0300] {processor.py:753} INFO - DAG(s) dict_keys(['example_sensor_decorator']) retrieved from /home/lcscarv/projetos/indicium/desafio_5/.venv/lib/python3.8/site-packages/airflow/example_dags/example_sensor_decorator.py
[2023-04-28T18:18:12.987-0300] {logging_mixin.py:137} INFO - [2023-04-28T18:18:12.987-0300] {dag.py:2705} INFO - Sync 1 DAGs
[2023-04-28T18:18:13.002-0300] {logging_mixin.py:137} INFO - [2023-04-28T18:18:13.002-0300] {dag.py:3452} INFO - Setting next_dagrun for example_sensor_decorator to None, run_after=None
[2023-04-28T18:18:13.130-0300] {processor.py:175} INFO - Processing /home/lcscarv/projetos/indicium/desafio_5/.venv/lib/python3.8/site-packages/airflow/example_dags/example_sensor_decorator.py took 0.269 seconds
[2023-04-28T18:18:55.903-0300] {processor.py:153} INFO - Started process (PID=6237) to work on /home/lcscarv/projetos/indicium/desafio_5/.venv/lib/python3.8/site-packages/airflow/example_dags/example_sensor_decorator.py
[2023-04-28T18:18:55.904-0300] {processor.py:743} INFO - Processing file /home/lcscarv/projetos/indicium/desafio_5/.venv/lib/python3.8/site-packages/airflow/example_dags/example_sensor_decorator.py for tasks to queue
[2023-04-28T18:18:55.905-0300] {logging_mixin.py:137} INFO - [2023-04-28T18:18:55.905-0300] {dagbag.py:532} INFO - Filling up the DagBag from /home/lcscarv/projetos/indicium/desafio_5/.venv/lib/python3.8/site-packages/airflow/example_dags/example_sensor_decorator.py
[2023-04-28T18:18:55.930-0300] {processor.py:753} INFO - DAG(s) dict_keys(['example_sensor_decorator']) retrieved from /home/lcscarv/projetos/indicium/desafio_5/.venv/lib/python3.8/site-packages/airflow/example_dags/example_sensor_decorator.py
[2023-04-28T18:18:55.954-0300] {logging_mixin.py:137} INFO - [2023-04-28T18:18:55.954-0300] {dag.py:2705} INFO - Sync 1 DAGs
[2023-04-28T18:18:55.972-0300] {logging_mixin.py:137} INFO - [2023-04-28T18:18:55.972-0300] {dag.py:3452} INFO - Setting next_dagrun for example_sensor_decorator to None, run_after=None
[2023-04-28T18:18:56.075-0300] {processor.py:175} INFO - Processing /home/lcscarv/projetos/indicium/desafio_5/.venv/lib/python3.8/site-packages/airflow/example_dags/example_sensor_decorator.py took 0.175 seconds
[2023-04-28T18:19:40.068-0300] {processor.py:153} INFO - Started process (PID=6279) to work on /home/lcscarv/projetos/indicium/desafio_5/.venv/lib/python3.8/site-packages/airflow/example_dags/example_sensor_decorator.py
[2023-04-28T18:19:40.104-0300] {processor.py:743} INFO - Processing file /home/lcscarv/projetos/indicium/desafio_5/.venv/lib/python3.8/site-packages/airflow/example_dags/example_sensor_decorator.py for tasks to queue
[2023-04-28T18:19:40.104-0300] {logging_mixin.py:137} INFO - [2023-04-28T18:19:40.104-0300] {dagbag.py:532} INFO - Filling up the DagBag from /home/lcscarv/projetos/indicium/desafio_5/.venv/lib/python3.8/site-packages/airflow/example_dags/example_sensor_decorator.py
[2023-04-28T18:19:40.120-0300] {processor.py:753} INFO - DAG(s) dict_keys(['example_sensor_decorator']) retrieved from /home/lcscarv/projetos/indicium/desafio_5/.venv/lib/python3.8/site-packages/airflow/example_dags/example_sensor_decorator.py
[2023-04-28T18:19:40.132-0300] {logging_mixin.py:137} INFO - [2023-04-28T18:19:40.132-0300] {dag.py:2705} INFO - Sync 1 DAGs
[2023-04-28T18:19:40.203-0300] {logging_mixin.py:137} INFO - [2023-04-28T18:19:40.203-0300] {dag.py:3452} INFO - Setting next_dagrun for example_sensor_decorator to None, run_after=None
[2023-04-28T18:19:40.265-0300] {processor.py:175} INFO - Processing /home/lcscarv/projetos/indicium/desafio_5/.venv/lib/python3.8/site-packages/airflow/example_dags/example_sensor_decorator.py took 0.199 seconds
[2023-04-28T18:20:13.454-0300] {processor.py:153} INFO - Started process (PID=6323) to work on /home/lcscarv/projetos/indicium/desafio_5/.venv/lib/python3.8/site-packages/airflow/example_dags/example_sensor_decorator.py
[2023-04-28T18:20:13.456-0300] {processor.py:743} INFO - Processing file /home/lcscarv/projetos/indicium/desafio_5/.venv/lib/python3.8/site-packages/airflow/example_dags/example_sensor_decorator.py for tasks to queue
[2023-04-28T18:20:13.456-0300] {logging_mixin.py:137} INFO - [2023-04-28T18:20:13.456-0300] {dagbag.py:532} INFO - Filling up the DagBag from /home/lcscarv/projetos/indicium/desafio_5/.venv/lib/python3.8/site-packages/airflow/example_dags/example_sensor_decorator.py
[2023-04-28T18:20:13.473-0300] {processor.py:753} INFO - DAG(s) dict_keys(['example_sensor_decorator']) retrieved from /home/lcscarv/projetos/indicium/desafio_5/.venv/lib/python3.8/site-packages/airflow/example_dags/example_sensor_decorator.py
[2023-04-28T18:20:13.485-0300] {logging_mixin.py:137} INFO - [2023-04-28T18:20:13.484-0300] {dag.py:2705} INFO - Sync 1 DAGs
[2023-04-28T18:20:13.551-0300] {logging_mixin.py:137} INFO - [2023-04-28T18:20:13.550-0300] {dag.py:3452} INFO - Setting next_dagrun for example_sensor_decorator to None, run_after=None
[2023-04-28T18:20:13.595-0300] {processor.py:175} INFO - Processing /home/lcscarv/projetos/indicium/desafio_5/.venv/lib/python3.8/site-packages/airflow/example_dags/example_sensor_decorator.py took 0.144 seconds
[2023-04-28T18:20:47.752-0300] {processor.py:153} INFO - Started process (PID=6391) to work on /home/lcscarv/projetos/indicium/desafio_5/.venv/lib/python3.8/site-packages/airflow/example_dags/example_sensor_decorator.py
[2023-04-28T18:20:47.754-0300] {processor.py:743} INFO - Processing file /home/lcscarv/projetos/indicium/desafio_5/.venv/lib/python3.8/site-packages/airflow/example_dags/example_sensor_decorator.py for tasks to queue
[2023-04-28T18:20:47.754-0300] {logging_mixin.py:137} INFO - [2023-04-28T18:20:47.754-0300] {dagbag.py:532} INFO - Filling up the DagBag from /home/lcscarv/projetos/indicium/desafio_5/.venv/lib/python3.8/site-packages/airflow/example_dags/example_sensor_decorator.py
[2023-04-28T18:20:47.774-0300] {processor.py:753} INFO - DAG(s) dict_keys(['example_sensor_decorator']) retrieved from /home/lcscarv/projetos/indicium/desafio_5/.venv/lib/python3.8/site-packages/airflow/example_dags/example_sensor_decorator.py
[2023-04-28T18:20:47.853-0300] {logging_mixin.py:137} INFO - [2023-04-28T18:20:47.853-0300] {dag.py:2705} INFO - Sync 1 DAGs
[2023-04-28T18:20:47.865-0300] {logging_mixin.py:137} INFO - [2023-04-28T18:20:47.864-0300] {dag.py:3452} INFO - Setting next_dagrun for example_sensor_decorator to None, run_after=None
[2023-04-28T18:20:47.882-0300] {processor.py:175} INFO - Processing /home/lcscarv/projetos/indicium/desafio_5/.venv/lib/python3.8/site-packages/airflow/example_dags/example_sensor_decorator.py took 0.133 seconds
[2023-04-28T18:21:35.477-0300] {processor.py:153} INFO - Started process (PID=6433) to work on /home/lcscarv/projetos/indicium/desafio_5/.venv/lib/python3.8/site-packages/airflow/example_dags/example_sensor_decorator.py
[2023-04-28T18:21:35.540-0300] {processor.py:743} INFO - Processing file /home/lcscarv/projetos/indicium/desafio_5/.venv/lib/python3.8/site-packages/airflow/example_dags/example_sensor_decorator.py for tasks to queue
[2023-04-28T18:21:35.541-0300] {logging_mixin.py:137} INFO - [2023-04-28T18:21:35.541-0300] {dagbag.py:532} INFO - Filling up the DagBag from /home/lcscarv/projetos/indicium/desafio_5/.venv/lib/python3.8/site-packages/airflow/example_dags/example_sensor_decorator.py
[2023-04-28T18:21:35.621-0300] {processor.py:753} INFO - DAG(s) dict_keys(['example_sensor_decorator']) retrieved from /home/lcscarv/projetos/indicium/desafio_5/.venv/lib/python3.8/site-packages/airflow/example_dags/example_sensor_decorator.py
[2023-04-28T18:21:37.768-0300] {logging_mixin.py:137} INFO - [2023-04-28T18:21:37.768-0300] {dag.py:2705} INFO - Sync 1 DAGs
[2023-04-28T18:21:37.782-0300] {logging_mixin.py:137} INFO - [2023-04-28T18:21:37.782-0300] {dag.py:3452} INFO - Setting next_dagrun for example_sensor_decorator to None, run_after=None
[2023-04-28T18:21:37.802-0300] {processor.py:175} INFO - Processing /home/lcscarv/projetos/indicium/desafio_5/.venv/lib/python3.8/site-packages/airflow/example_dags/example_sensor_decorator.py took 2.328 seconds
