[2023-04-28T18:00:22.332-0300] {processor.py:153} INFO - Started process (PID=4537) to work on /home/lcscarv/projetos/indicium/desafio_5/.venv/lib/python3.8/site-packages/airflow/example_dags/example_latest_only_with_trigger.py
[2023-04-28T18:00:22.332-0300] {processor.py:743} INFO - Processing file /home/lcscarv/projetos/indicium/desafio_5/.venv/lib/python3.8/site-packages/airflow/example_dags/example_latest_only_with_trigger.py for tasks to queue
[2023-04-28T18:00:22.333-0300] {logging_mixin.py:137} INFO - [2023-04-28T18:00:22.333-0300] {dagbag.py:532} INFO - Filling up the DagBag from /home/lcscarv/projetos/indicium/desafio_5/.venv/lib/python3.8/site-packages/airflow/example_dags/example_latest_only_with_trigger.py
[2023-04-28T18:00:22.342-0300] {processor.py:753} INFO - DAG(s) dict_keys(['latest_only_with_trigger']) retrieved from /home/lcscarv/projetos/indicium/desafio_5/.venv/lib/python3.8/site-packages/airflow/example_dags/example_latest_only_with_trigger.py
[2023-04-28T18:00:22.357-0300] {logging_mixin.py:137} INFO - [2023-04-28T18:00:22.357-0300] {dag.py:2705} INFO - Sync 1 DAGs
[2023-04-28T18:00:22.370-0300] {logging_mixin.py:137} INFO - [2023-04-28T18:00:22.370-0300] {dag.py:3452} INFO - Setting next_dagrun for latest_only_with_trigger to 2023-04-28T17:00:22.370522+00:00, run_after=2023-04-28T21:00:22.370522+00:00
[2023-04-28T18:00:22.390-0300] {processor.py:175} INFO - Processing /home/lcscarv/projetos/indicium/desafio_5/.venv/lib/python3.8/site-packages/airflow/example_dags/example_latest_only_with_trigger.py took 0.060 seconds
[2023-04-28T18:01:05.700-0300] {processor.py:153} INFO - Started process (PID=4632) to work on /home/lcscarv/projetos/indicium/desafio_5/.venv/lib/python3.8/site-packages/airflow/example_dags/example_latest_only_with_trigger.py
[2023-04-28T18:01:05.702-0300] {processor.py:743} INFO - Processing file /home/lcscarv/projetos/indicium/desafio_5/.venv/lib/python3.8/site-packages/airflow/example_dags/example_latest_only_with_trigger.py for tasks to queue
[2023-04-28T18:01:05.703-0300] {logging_mixin.py:137} INFO - [2023-04-28T18:01:05.702-0300] {dagbag.py:532} INFO - Filling up the DagBag from /home/lcscarv/projetos/indicium/desafio_5/.venv/lib/python3.8/site-packages/airflow/example_dags/example_latest_only_with_trigger.py
[2023-04-28T18:01:05.718-0300] {processor.py:753} INFO - DAG(s) dict_keys(['latest_only_with_trigger']) retrieved from /home/lcscarv/projetos/indicium/desafio_5/.venv/lib/python3.8/site-packages/airflow/example_dags/example_latest_only_with_trigger.py
[2023-04-28T18:01:05.734-0300] {logging_mixin.py:137} INFO - [2023-04-28T18:01:05.733-0300] {dag.py:2705} INFO - Sync 1 DAGs
[2023-04-28T18:01:05.748-0300] {logging_mixin.py:137} INFO - [2023-04-28T18:01:05.748-0300] {dag.py:3452} INFO - Setting next_dagrun for latest_only_with_trigger to 2023-04-28T17:01:05.748167+00:00, run_after=2023-04-28T21:01:05.748167+00:00
[2023-04-28T18:01:05.766-0300] {processor.py:175} INFO - Processing /home/lcscarv/projetos/indicium/desafio_5/.venv/lib/python3.8/site-packages/airflow/example_dags/example_latest_only_with_trigger.py took 0.069 seconds
[2023-04-28T18:01:50.181-0300] {processor.py:153} INFO - Started process (PID=4674) to work on /home/lcscarv/projetos/indicium/desafio_5/.venv/lib/python3.8/site-packages/airflow/example_dags/example_latest_only_with_trigger.py
[2023-04-28T18:01:50.183-0300] {processor.py:743} INFO - Processing file /home/lcscarv/projetos/indicium/desafio_5/.venv/lib/python3.8/site-packages/airflow/example_dags/example_latest_only_with_trigger.py for tasks to queue
[2023-04-28T18:01:50.184-0300] {logging_mixin.py:137} INFO - [2023-04-28T18:01:50.183-0300] {dagbag.py:532} INFO - Filling up the DagBag from /home/lcscarv/projetos/indicium/desafio_5/.venv/lib/python3.8/site-packages/airflow/example_dags/example_latest_only_with_trigger.py
[2023-04-28T18:01:50.212-0300] {processor.py:753} INFO - DAG(s) dict_keys(['latest_only_with_trigger']) retrieved from /home/lcscarv/projetos/indicium/desafio_5/.venv/lib/python3.8/site-packages/airflow/example_dags/example_latest_only_with_trigger.py
[2023-04-28T18:01:50.239-0300] {logging_mixin.py:137} INFO - [2023-04-28T18:01:50.238-0300] {dag.py:2705} INFO - Sync 1 DAGs
[2023-04-28T18:01:50.264-0300] {logging_mixin.py:137} INFO - [2023-04-28T18:01:50.264-0300] {dag.py:3452} INFO - Setting next_dagrun for latest_only_with_trigger to 2023-04-28T17:01:50.263945+00:00, run_after=2023-04-28T21:01:50.263945+00:00
[2023-04-28T18:01:50.294-0300] {processor.py:175} INFO - Processing /home/lcscarv/projetos/indicium/desafio_5/.venv/lib/python3.8/site-packages/airflow/example_dags/example_latest_only_with_trigger.py took 0.116 seconds
[2023-04-28T18:02:42.880-0300] {processor.py:153} INFO - Started process (PID=4765) to work on /home/lcscarv/projetos/indicium/desafio_5/.venv/lib/python3.8/site-packages/airflow/example_dags/example_latest_only_with_trigger.py
[2023-04-28T18:02:42.881-0300] {processor.py:743} INFO - Processing file /home/lcscarv/projetos/indicium/desafio_5/.venv/lib/python3.8/site-packages/airflow/example_dags/example_latest_only_with_trigger.py for tasks to queue
[2023-04-28T18:02:42.882-0300] {logging_mixin.py:137} INFO - [2023-04-28T18:02:42.882-0300] {dagbag.py:532} INFO - Filling up the DagBag from /home/lcscarv/projetos/indicium/desafio_5/.venv/lib/python3.8/site-packages/airflow/example_dags/example_latest_only_with_trigger.py
[2023-04-28T18:02:42.905-0300] {processor.py:753} INFO - DAG(s) dict_keys(['latest_only_with_trigger']) retrieved from /home/lcscarv/projetos/indicium/desafio_5/.venv/lib/python3.8/site-packages/airflow/example_dags/example_latest_only_with_trigger.py
[2023-04-28T18:02:42.930-0300] {logging_mixin.py:137} INFO - [2023-04-28T18:02:42.929-0300] {dag.py:2705} INFO - Sync 1 DAGs
[2023-04-28T18:02:42.955-0300] {logging_mixin.py:137} INFO - [2023-04-28T18:02:42.953-0300] {dag.py:3452} INFO - Setting next_dagrun for latest_only_with_trigger to 2023-04-28T17:02:42.953115+00:00, run_after=2023-04-28T21:02:42.953115+00:00
[2023-04-28T18:02:42.993-0300] {processor.py:175} INFO - Processing /home/lcscarv/projetos/indicium/desafio_5/.venv/lib/python3.8/site-packages/airflow/example_dags/example_latest_only_with_trigger.py took 0.116 seconds
[2023-04-28T18:03:28.251-0300] {processor.py:153} INFO - Started process (PID=4853) to work on /home/lcscarv/projetos/indicium/desafio_5/.venv/lib/python3.8/site-packages/airflow/example_dags/example_latest_only_with_trigger.py
[2023-04-28T18:03:28.252-0300] {processor.py:743} INFO - Processing file /home/lcscarv/projetos/indicium/desafio_5/.venv/lib/python3.8/site-packages/airflow/example_dags/example_latest_only_with_trigger.py for tasks to queue
[2023-04-28T18:03:28.252-0300] {logging_mixin.py:137} INFO - [2023-04-28T18:03:28.252-0300] {dagbag.py:532} INFO - Filling up the DagBag from /home/lcscarv/projetos/indicium/desafio_5/.venv/lib/python3.8/site-packages/airflow/example_dags/example_latest_only_with_trigger.py
[2023-04-28T18:03:28.265-0300] {processor.py:753} INFO - DAG(s) dict_keys(['latest_only_with_trigger']) retrieved from /home/lcscarv/projetos/indicium/desafio_5/.venv/lib/python3.8/site-packages/airflow/example_dags/example_latest_only_with_trigger.py
[2023-04-28T18:03:28.279-0300] {logging_mixin.py:137} INFO - [2023-04-28T18:03:28.279-0300] {dag.py:2705} INFO - Sync 1 DAGs
[2023-04-28T18:03:28.299-0300] {logging_mixin.py:137} INFO - [2023-04-28T18:03:28.298-0300] {dag.py:3452} INFO - Setting next_dagrun for latest_only_with_trigger to 2023-04-28T17:03:28.298682+00:00, run_after=2023-04-28T21:03:28.298682+00:00
[2023-04-28T18:03:28.316-0300] {processor.py:175} INFO - Processing /home/lcscarv/projetos/indicium/desafio_5/.venv/lib/python3.8/site-packages/airflow/example_dags/example_latest_only_with_trigger.py took 0.068 seconds
[2023-04-28T18:04:09.306-0300] {processor.py:153} INFO - Started process (PID=4895) to work on /home/lcscarv/projetos/indicium/desafio_5/.venv/lib/python3.8/site-packages/airflow/example_dags/example_latest_only_with_trigger.py
[2023-04-28T18:04:09.307-0300] {processor.py:743} INFO - Processing file /home/lcscarv/projetos/indicium/desafio_5/.venv/lib/python3.8/site-packages/airflow/example_dags/example_latest_only_with_trigger.py for tasks to queue
[2023-04-28T18:04:09.307-0300] {logging_mixin.py:137} INFO - [2023-04-28T18:04:09.307-0300] {dagbag.py:532} INFO - Filling up the DagBag from /home/lcscarv/projetos/indicium/desafio_5/.venv/lib/python3.8/site-packages/airflow/example_dags/example_latest_only_with_trigger.py
[2023-04-28T18:04:09.315-0300] {processor.py:753} INFO - DAG(s) dict_keys(['latest_only_with_trigger']) retrieved from /home/lcscarv/projetos/indicium/desafio_5/.venv/lib/python3.8/site-packages/airflow/example_dags/example_latest_only_with_trigger.py
[2023-04-28T18:04:09.327-0300] {logging_mixin.py:137} INFO - [2023-04-28T18:04:09.327-0300] {dag.py:2705} INFO - Sync 1 DAGs
[2023-04-28T18:04:09.339-0300] {logging_mixin.py:137} INFO - [2023-04-28T18:04:09.339-0300] {dag.py:3452} INFO - Setting next_dagrun for latest_only_with_trigger to 2023-04-28T17:04:09.339583+00:00, run_after=2023-04-28T21:04:09.339583+00:00
[2023-04-28T18:04:09.358-0300] {processor.py:175} INFO - Processing /home/lcscarv/projetos/indicium/desafio_5/.venv/lib/python3.8/site-packages/airflow/example_dags/example_latest_only_with_trigger.py took 0.055 seconds
[2023-04-28T18:04:47.268-0300] {processor.py:153} INFO - Started process (PID=4983) to work on /home/lcscarv/projetos/indicium/desafio_5/.venv/lib/python3.8/site-packages/airflow/example_dags/example_latest_only_with_trigger.py
[2023-04-28T18:04:47.270-0300] {processor.py:743} INFO - Processing file /home/lcscarv/projetos/indicium/desafio_5/.venv/lib/python3.8/site-packages/airflow/example_dags/example_latest_only_with_trigger.py for tasks to queue
[2023-04-28T18:04:47.270-0300] {logging_mixin.py:137} INFO - [2023-04-28T18:04:47.270-0300] {dagbag.py:532} INFO - Filling up the DagBag from /home/lcscarv/projetos/indicium/desafio_5/.venv/lib/python3.8/site-packages/airflow/example_dags/example_latest_only_with_trigger.py
[2023-04-28T18:04:47.280-0300] {processor.py:753} INFO - DAG(s) dict_keys(['latest_only_with_trigger']) retrieved from /home/lcscarv/projetos/indicium/desafio_5/.venv/lib/python3.8/site-packages/airflow/example_dags/example_latest_only_with_trigger.py
[2023-04-28T18:04:47.292-0300] {logging_mixin.py:137} INFO - [2023-04-28T18:04:47.292-0300] {dag.py:2705} INFO - Sync 1 DAGs
[2023-04-28T18:04:47.304-0300] {logging_mixin.py:137} INFO - [2023-04-28T18:04:47.304-0300] {dag.py:3452} INFO - Setting next_dagrun for latest_only_with_trigger to 2023-04-28T17:04:47.304405+00:00, run_after=2023-04-28T21:04:47.304405+00:00
[2023-04-28T18:04:47.322-0300] {processor.py:175} INFO - Processing /home/lcscarv/projetos/indicium/desafio_5/.venv/lib/python3.8/site-packages/airflow/example_dags/example_latest_only_with_trigger.py took 0.056 seconds
[2023-04-28T18:05:28.933-0300] {processor.py:153} INFO - Started process (PID=5077) to work on /home/lcscarv/projetos/indicium/desafio_5/.venv/lib/python3.8/site-packages/airflow/example_dags/example_latest_only_with_trigger.py
[2023-04-28T18:05:28.934-0300] {processor.py:743} INFO - Processing file /home/lcscarv/projetos/indicium/desafio_5/.venv/lib/python3.8/site-packages/airflow/example_dags/example_latest_only_with_trigger.py for tasks to queue
[2023-04-28T18:05:28.935-0300] {logging_mixin.py:137} INFO - [2023-04-28T18:05:28.935-0300] {dagbag.py:532} INFO - Filling up the DagBag from /home/lcscarv/projetos/indicium/desafio_5/.venv/lib/python3.8/site-packages/airflow/example_dags/example_latest_only_with_trigger.py
[2023-04-28T18:05:28.944-0300] {processor.py:753} INFO - DAG(s) dict_keys(['latest_only_with_trigger']) retrieved from /home/lcscarv/projetos/indicium/desafio_5/.venv/lib/python3.8/site-packages/airflow/example_dags/example_latest_only_with_trigger.py
[2023-04-28T18:05:28.957-0300] {logging_mixin.py:137} INFO - [2023-04-28T18:05:28.956-0300] {dag.py:2705} INFO - Sync 1 DAGs
[2023-04-28T18:05:28.968-0300] {logging_mixin.py:137} INFO - [2023-04-28T18:05:28.968-0300] {dag.py:3452} INFO - Setting next_dagrun for latest_only_with_trigger to 2023-04-28T17:05:28.968634+00:00, run_after=2023-04-28T21:05:28.968634+00:00
[2023-04-28T18:05:28.987-0300] {processor.py:175} INFO - Processing /home/lcscarv/projetos/indicium/desafio_5/.venv/lib/python3.8/site-packages/airflow/example_dags/example_latest_only_with_trigger.py took 0.056 seconds
[2023-04-28T18:06:02.316-0300] {processor.py:153} INFO - Started process (PID=5112) to work on /home/lcscarv/projetos/indicium/desafio_5/.venv/lib/python3.8/site-packages/airflow/example_dags/example_latest_only_with_trigger.py
[2023-04-28T18:06:02.320-0300] {processor.py:743} INFO - Processing file /home/lcscarv/projetos/indicium/desafio_5/.venv/lib/python3.8/site-packages/airflow/example_dags/example_latest_only_with_trigger.py for tasks to queue
[2023-04-28T18:06:02.321-0300] {logging_mixin.py:137} INFO - [2023-04-28T18:06:02.321-0300] {dagbag.py:532} INFO - Filling up the DagBag from /home/lcscarv/projetos/indicium/desafio_5/.venv/lib/python3.8/site-packages/airflow/example_dags/example_latest_only_with_trigger.py
[2023-04-28T18:06:02.330-0300] {processor.py:753} INFO - DAG(s) dict_keys(['latest_only_with_trigger']) retrieved from /home/lcscarv/projetos/indicium/desafio_5/.venv/lib/python3.8/site-packages/airflow/example_dags/example_latest_only_with_trigger.py
[2023-04-28T18:06:02.344-0300] {logging_mixin.py:137} INFO - [2023-04-28T18:06:02.344-0300] {dag.py:2705} INFO - Sync 1 DAGs
[2023-04-28T18:06:02.355-0300] {logging_mixin.py:137} INFO - [2023-04-28T18:06:02.355-0300] {dag.py:3452} INFO - Setting next_dagrun for latest_only_with_trigger to 2023-04-28T17:06:02.355403+00:00, run_after=2023-04-28T21:06:02.355403+00:00
[2023-04-28T18:06:02.372-0300] {processor.py:175} INFO - Processing /home/lcscarv/projetos/indicium/desafio_5/.venv/lib/python3.8/site-packages/airflow/example_dags/example_latest_only_with_trigger.py took 0.058 seconds
[2023-04-28T18:06:37.015-0300] {processor.py:153} INFO - Started process (PID=5147) to work on /home/lcscarv/projetos/indicium/desafio_5/.venv/lib/python3.8/site-packages/airflow/example_dags/example_latest_only_with_trigger.py
[2023-04-28T18:06:37.016-0300] {processor.py:743} INFO - Processing file /home/lcscarv/projetos/indicium/desafio_5/.venv/lib/python3.8/site-packages/airflow/example_dags/example_latest_only_with_trigger.py for tasks to queue
[2023-04-28T18:06:37.016-0300] {logging_mixin.py:137} INFO - [2023-04-28T18:06:37.016-0300] {dagbag.py:532} INFO - Filling up the DagBag from /home/lcscarv/projetos/indicium/desafio_5/.venv/lib/python3.8/site-packages/airflow/example_dags/example_latest_only_with_trigger.py
[2023-04-28T18:06:37.026-0300] {processor.py:753} INFO - DAG(s) dict_keys(['latest_only_with_trigger']) retrieved from /home/lcscarv/projetos/indicium/desafio_5/.venv/lib/python3.8/site-packages/airflow/example_dags/example_latest_only_with_trigger.py
[2023-04-28T18:06:37.040-0300] {logging_mixin.py:137} INFO - [2023-04-28T18:06:37.040-0300] {dag.py:2705} INFO - Sync 1 DAGs
[2023-04-28T18:06:37.053-0300] {logging_mixin.py:137} INFO - [2023-04-28T18:06:37.053-0300] {dag.py:3452} INFO - Setting next_dagrun for latest_only_with_trigger to 2023-04-28T17:06:37.053383+00:00, run_after=2023-04-28T21:06:37.053383+00:00
[2023-04-28T18:06:37.073-0300] {processor.py:175} INFO - Processing /home/lcscarv/projetos/indicium/desafio_5/.venv/lib/python3.8/site-packages/airflow/example_dags/example_latest_only_with_trigger.py took 0.061 seconds
[2023-04-28T18:07:16.237-0300] {processor.py:153} INFO - Started process (PID=5177) to work on /home/lcscarv/projetos/indicium/desafio_5/.venv/lib/python3.8/site-packages/airflow/example_dags/example_latest_only_with_trigger.py
[2023-04-28T18:07:16.238-0300] {processor.py:743} INFO - Processing file /home/lcscarv/projetos/indicium/desafio_5/.venv/lib/python3.8/site-packages/airflow/example_dags/example_latest_only_with_trigger.py for tasks to queue
[2023-04-28T18:07:16.239-0300] {logging_mixin.py:137} INFO - [2023-04-28T18:07:16.238-0300] {dagbag.py:532} INFO - Filling up the DagBag from /home/lcscarv/projetos/indicium/desafio_5/.venv/lib/python3.8/site-packages/airflow/example_dags/example_latest_only_with_trigger.py
[2023-04-28T18:07:16.249-0300] {processor.py:753} INFO - DAG(s) dict_keys(['latest_only_with_trigger']) retrieved from /home/lcscarv/projetos/indicium/desafio_5/.venv/lib/python3.8/site-packages/airflow/example_dags/example_latest_only_with_trigger.py
[2023-04-28T18:07:16.264-0300] {logging_mixin.py:137} INFO - [2023-04-28T18:07:16.264-0300] {dag.py:2705} INFO - Sync 1 DAGs
[2023-04-28T18:07:16.279-0300] {logging_mixin.py:137} INFO - [2023-04-28T18:07:16.279-0300] {dag.py:3452} INFO - Setting next_dagrun for latest_only_with_trigger to 2023-04-28T17:07:16.278981+00:00, run_after=2023-04-28T21:07:16.278981+00:00
[2023-04-28T18:07:16.303-0300] {processor.py:175} INFO - Processing /home/lcscarv/projetos/indicium/desafio_5/.venv/lib/python3.8/site-packages/airflow/example_dags/example_latest_only_with_trigger.py took 0.068 seconds
[2023-04-28T18:08:10.102-0300] {processor.py:153} INFO - Started process (PID=5371) to work on /home/lcscarv/projetos/indicium/desafio_5/.venv/lib/python3.8/site-packages/airflow/example_dags/example_latest_only_with_trigger.py
[2023-04-28T18:08:10.185-0300] {processor.py:743} INFO - Processing file /home/lcscarv/projetos/indicium/desafio_5/.venv/lib/python3.8/site-packages/airflow/example_dags/example_latest_only_with_trigger.py for tasks to queue
[2023-04-28T18:08:10.187-0300] {logging_mixin.py:137} INFO - [2023-04-28T18:08:10.186-0300] {dagbag.py:532} INFO - Filling up the DagBag from /home/lcscarv/projetos/indicium/desafio_5/.venv/lib/python3.8/site-packages/airflow/example_dags/example_latest_only_with_trigger.py
[2023-04-28T18:08:10.199-0300] {processor.py:753} INFO - DAG(s) dict_keys(['latest_only_with_trigger']) retrieved from /home/lcscarv/projetos/indicium/desafio_5/.venv/lib/python3.8/site-packages/airflow/example_dags/example_latest_only_with_trigger.py
[2023-04-28T18:08:10.212-0300] {logging_mixin.py:137} INFO - [2023-04-28T18:08:10.212-0300] {dag.py:2705} INFO - Sync 1 DAGs
[2023-04-28T18:08:10.224-0300] {logging_mixin.py:137} INFO - [2023-04-28T18:08:10.224-0300] {dag.py:3452} INFO - Setting next_dagrun for latest_only_with_trigger to 2023-04-28T17:08:10.224052+00:00, run_after=2023-04-28T21:08:10.224052+00:00
[2023-04-28T18:08:10.506-0300] {processor.py:175} INFO - Processing /home/lcscarv/projetos/indicium/desafio_5/.venv/lib/python3.8/site-packages/airflow/example_dags/example_latest_only_with_trigger.py took 0.406 seconds
[2023-04-28T18:08:50.497-0300] {processor.py:153} INFO - Started process (PID=5409) to work on /home/lcscarv/projetos/indicium/desafio_5/.venv/lib/python3.8/site-packages/airflow/example_dags/example_latest_only_with_trigger.py
[2023-04-28T18:08:50.505-0300] {processor.py:743} INFO - Processing file /home/lcscarv/projetos/indicium/desafio_5/.venv/lib/python3.8/site-packages/airflow/example_dags/example_latest_only_with_trigger.py for tasks to queue
[2023-04-28T18:08:50.505-0300] {logging_mixin.py:137} INFO - [2023-04-28T18:08:50.505-0300] {dagbag.py:532} INFO - Filling up the DagBag from /home/lcscarv/projetos/indicium/desafio_5/.venv/lib/python3.8/site-packages/airflow/example_dags/example_latest_only_with_trigger.py
[2023-04-28T18:08:50.518-0300] {processor.py:753} INFO - DAG(s) dict_keys(['latest_only_with_trigger']) retrieved from /home/lcscarv/projetos/indicium/desafio_5/.venv/lib/python3.8/site-packages/airflow/example_dags/example_latest_only_with_trigger.py
[2023-04-28T18:08:50.533-0300] {logging_mixin.py:137} INFO - [2023-04-28T18:08:50.533-0300] {dag.py:2705} INFO - Sync 1 DAGs
[2023-04-28T18:08:50.550-0300] {logging_mixin.py:137} INFO - [2023-04-28T18:08:50.550-0300] {dag.py:3452} INFO - Setting next_dagrun for latest_only_with_trigger to 2023-04-28T17:08:50.550294+00:00, run_after=2023-04-28T21:08:50.550294+00:00
[2023-04-28T18:08:50.900-0300] {processor.py:175} INFO - Processing /home/lcscarv/projetos/indicium/desafio_5/.venv/lib/python3.8/site-packages/airflow/example_dags/example_latest_only_with_trigger.py took 0.404 seconds
[2023-04-28T18:09:38.442-0300] {processor.py:153} INFO - Started process (PID=5503) to work on /home/lcscarv/projetos/indicium/desafio_5/.venv/lib/python3.8/site-packages/airflow/example_dags/example_latest_only_with_trigger.py
[2023-04-28T18:09:38.444-0300] {processor.py:743} INFO - Processing file /home/lcscarv/projetos/indicium/desafio_5/.venv/lib/python3.8/site-packages/airflow/example_dags/example_latest_only_with_trigger.py for tasks to queue
[2023-04-28T18:09:38.445-0300] {logging_mixin.py:137} INFO - [2023-04-28T18:09:38.444-0300] {dagbag.py:532} INFO - Filling up the DagBag from /home/lcscarv/projetos/indicium/desafio_5/.venv/lib/python3.8/site-packages/airflow/example_dags/example_latest_only_with_trigger.py
[2023-04-28T18:09:38.454-0300] {processor.py:753} INFO - DAG(s) dict_keys(['latest_only_with_trigger']) retrieved from /home/lcscarv/projetos/indicium/desafio_5/.venv/lib/python3.8/site-packages/airflow/example_dags/example_latest_only_with_trigger.py
[2023-04-28T18:09:38.467-0300] {logging_mixin.py:137} INFO - [2023-04-28T18:09:38.467-0300] {dag.py:2705} INFO - Sync 1 DAGs
[2023-04-28T18:09:38.480-0300] {logging_mixin.py:137} INFO - [2023-04-28T18:09:38.480-0300] {dag.py:3452} INFO - Setting next_dagrun for latest_only_with_trigger to 2023-04-28T17:09:38.480170+00:00, run_after=2023-04-28T21:09:38.480170+00:00
[2023-04-28T18:09:38.503-0300] {processor.py:175} INFO - Processing /home/lcscarv/projetos/indicium/desafio_5/.venv/lib/python3.8/site-packages/airflow/example_dags/example_latest_only_with_trigger.py took 0.062 seconds
[2023-04-28T18:10:30.221-0300] {processor.py:153} INFO - Started process (PID=5649) to work on /home/lcscarv/projetos/indicium/desafio_5/.venv/lib/python3.8/site-packages/airflow/example_dags/example_latest_only_with_trigger.py
[2023-04-28T18:10:30.227-0300] {processor.py:743} INFO - Processing file /home/lcscarv/projetos/indicium/desafio_5/.venv/lib/python3.8/site-packages/airflow/example_dags/example_latest_only_with_trigger.py for tasks to queue
[2023-04-28T18:10:30.227-0300] {logging_mixin.py:137} INFO - [2023-04-28T18:10:30.227-0300] {dagbag.py:532} INFO - Filling up the DagBag from /home/lcscarv/projetos/indicium/desafio_5/.venv/lib/python3.8/site-packages/airflow/example_dags/example_latest_only_with_trigger.py
[2023-04-28T18:10:30.236-0300] {processor.py:753} INFO - DAG(s) dict_keys(['latest_only_with_trigger']) retrieved from /home/lcscarv/projetos/indicium/desafio_5/.venv/lib/python3.8/site-packages/airflow/example_dags/example_latest_only_with_trigger.py
[2023-04-28T18:10:30.249-0300] {logging_mixin.py:137} INFO - [2023-04-28T18:10:30.249-0300] {dag.py:2705} INFO - Sync 1 DAGs
[2023-04-28T18:10:30.261-0300] {logging_mixin.py:137} INFO - [2023-04-28T18:10:30.261-0300] {dag.py:3452} INFO - Setting next_dagrun for latest_only_with_trigger to 2023-04-28T17:10:30.261185+00:00, run_after=2023-04-28T21:10:30.261185+00:00
[2023-04-28T18:10:30.340-0300] {processor.py:175} INFO - Processing /home/lcscarv/projetos/indicium/desafio_5/.venv/lib/python3.8/site-packages/airflow/example_dags/example_latest_only_with_trigger.py took 0.120 seconds
[2023-04-28T18:11:20.597-0300] {processor.py:153} INFO - Started process (PID=5745) to work on /home/lcscarv/projetos/indicium/desafio_5/.venv/lib/python3.8/site-packages/airflow/example_dags/example_latest_only_with_trigger.py
[2023-04-28T18:11:20.598-0300] {processor.py:743} INFO - Processing file /home/lcscarv/projetos/indicium/desafio_5/.venv/lib/python3.8/site-packages/airflow/example_dags/example_latest_only_with_trigger.py for tasks to queue
[2023-04-28T18:11:20.598-0300] {logging_mixin.py:137} INFO - [2023-04-28T18:11:20.598-0300] {dagbag.py:532} INFO - Filling up the DagBag from /home/lcscarv/projetos/indicium/desafio_5/.venv/lib/python3.8/site-packages/airflow/example_dags/example_latest_only_with_trigger.py
[2023-04-28T18:11:20.609-0300] {processor.py:753} INFO - DAG(s) dict_keys(['latest_only_with_trigger']) retrieved from /home/lcscarv/projetos/indicium/desafio_5/.venv/lib/python3.8/site-packages/airflow/example_dags/example_latest_only_with_trigger.py
[2023-04-28T18:11:20.625-0300] {logging_mixin.py:137} INFO - [2023-04-28T18:11:20.624-0300] {dag.py:2705} INFO - Sync 1 DAGs
[2023-04-28T18:11:20.640-0300] {logging_mixin.py:137} INFO - [2023-04-28T18:11:20.640-0300] {dag.py:3452} INFO - Setting next_dagrun for latest_only_with_trigger to 2023-04-28T17:11:20.639958+00:00, run_after=2023-04-28T21:11:20.639958+00:00
[2023-04-28T18:11:20.661-0300] {processor.py:175} INFO - Processing /home/lcscarv/projetos/indicium/desafio_5/.venv/lib/python3.8/site-packages/airflow/example_dags/example_latest_only_with_trigger.py took 0.066 seconds
[2023-04-28T18:11:56.900-0300] {processor.py:153} INFO - Started process (PID=5829) to work on /home/lcscarv/projetos/indicium/desafio_5/.venv/lib/python3.8/site-packages/airflow/example_dags/example_latest_only_with_trigger.py
[2023-04-28T18:11:56.901-0300] {processor.py:743} INFO - Processing file /home/lcscarv/projetos/indicium/desafio_5/.venv/lib/python3.8/site-packages/airflow/example_dags/example_latest_only_with_trigger.py for tasks to queue
[2023-04-28T18:11:56.902-0300] {logging_mixin.py:137} INFO - [2023-04-28T18:11:56.902-0300] {dagbag.py:532} INFO - Filling up the DagBag from /home/lcscarv/projetos/indicium/desafio_5/.venv/lib/python3.8/site-packages/airflow/example_dags/example_latest_only_with_trigger.py
[2023-04-28T18:11:56.911-0300] {processor.py:753} INFO - DAG(s) dict_keys(['latest_only_with_trigger']) retrieved from /home/lcscarv/projetos/indicium/desafio_5/.venv/lib/python3.8/site-packages/airflow/example_dags/example_latest_only_with_trigger.py
[2023-04-28T18:11:56.926-0300] {logging_mixin.py:137} INFO - [2023-04-28T18:11:56.926-0300] {dag.py:2705} INFO - Sync 1 DAGs
[2023-04-28T18:11:56.940-0300] {logging_mixin.py:137} INFO - [2023-04-28T18:11:56.940-0300] {dag.py:3452} INFO - Setting next_dagrun for latest_only_with_trigger to 2023-04-28T17:11:56.939850+00:00, run_after=2023-04-28T21:11:56.939850+00:00
[2023-04-28T18:11:56.960-0300] {processor.py:175} INFO - Processing /home/lcscarv/projetos/indicium/desafio_5/.venv/lib/python3.8/site-packages/airflow/example_dags/example_latest_only_with_trigger.py took 0.062 seconds
[2023-04-28T18:12:59.564-0300] {processor.py:153} INFO - Started process (PID=5875) to work on /home/lcscarv/projetos/indicium/desafio_5/.venv/lib/python3.8/site-packages/airflow/example_dags/example_latest_only_with_trigger.py
[2023-04-28T18:12:59.565-0300] {processor.py:743} INFO - Processing file /home/lcscarv/projetos/indicium/desafio_5/.venv/lib/python3.8/site-packages/airflow/example_dags/example_latest_only_with_trigger.py for tasks to queue
[2023-04-28T18:12:59.566-0300] {logging_mixin.py:137} INFO - [2023-04-28T18:12:59.565-0300] {dagbag.py:532} INFO - Filling up the DagBag from /home/lcscarv/projetos/indicium/desafio_5/.venv/lib/python3.8/site-packages/airflow/example_dags/example_latest_only_with_trigger.py
[2023-04-28T18:12:59.576-0300] {processor.py:753} INFO - DAG(s) dict_keys(['latest_only_with_trigger']) retrieved from /home/lcscarv/projetos/indicium/desafio_5/.venv/lib/python3.8/site-packages/airflow/example_dags/example_latest_only_with_trigger.py
[2023-04-28T18:12:59.590-0300] {logging_mixin.py:137} INFO - [2023-04-28T18:12:59.590-0300] {dag.py:2705} INFO - Sync 1 DAGs
[2023-04-28T18:12:59.603-0300] {logging_mixin.py:137} INFO - [2023-04-28T18:12:59.603-0300] {dag.py:3452} INFO - Setting next_dagrun for latest_only_with_trigger to 2023-04-28T17:12:59.603500+00:00, run_after=2023-04-28T21:12:59.603500+00:00
[2023-04-28T18:12:59.624-0300] {processor.py:175} INFO - Processing /home/lcscarv/projetos/indicium/desafio_5/.venv/lib/python3.8/site-packages/airflow/example_dags/example_latest_only_with_trigger.py took 0.062 seconds
[2023-04-28T18:13:45.276-0300] {processor.py:153} INFO - Started process (PID=5916) to work on /home/lcscarv/projetos/indicium/desafio_5/.venv/lib/python3.8/site-packages/airflow/example_dags/example_latest_only_with_trigger.py
[2023-04-28T18:13:45.277-0300] {processor.py:743} INFO - Processing file /home/lcscarv/projetos/indicium/desafio_5/.venv/lib/python3.8/site-packages/airflow/example_dags/example_latest_only_with_trigger.py for tasks to queue
[2023-04-28T18:13:45.278-0300] {logging_mixin.py:137} INFO - [2023-04-28T18:13:45.277-0300] {dagbag.py:532} INFO - Filling up the DagBag from /home/lcscarv/projetos/indicium/desafio_5/.venv/lib/python3.8/site-packages/airflow/example_dags/example_latest_only_with_trigger.py
[2023-04-28T18:13:45.289-0300] {processor.py:753} INFO - DAG(s) dict_keys(['latest_only_with_trigger']) retrieved from /home/lcscarv/projetos/indicium/desafio_5/.venv/lib/python3.8/site-packages/airflow/example_dags/example_latest_only_with_trigger.py
[2023-04-28T18:13:45.303-0300] {logging_mixin.py:137} INFO - [2023-04-28T18:13:45.303-0300] {dag.py:2705} INFO - Sync 1 DAGs
[2023-04-28T18:13:45.317-0300] {logging_mixin.py:137} INFO - [2023-04-28T18:13:45.317-0300] {dag.py:3452} INFO - Setting next_dagrun for latest_only_with_trigger to 2023-04-28T17:13:45.317135+00:00, run_after=2023-04-28T21:13:45.317135+00:00
[2023-04-28T18:13:45.338-0300] {processor.py:175} INFO - Processing /home/lcscarv/projetos/indicium/desafio_5/.venv/lib/python3.8/site-packages/airflow/example_dags/example_latest_only_with_trigger.py took 0.064 seconds
[2023-04-28T18:14:27.738-0300] {processor.py:153} INFO - Started process (PID=5950) to work on /home/lcscarv/projetos/indicium/desafio_5/.venv/lib/python3.8/site-packages/airflow/example_dags/example_latest_only_with_trigger.py
[2023-04-28T18:14:27.739-0300] {processor.py:743} INFO - Processing file /home/lcscarv/projetos/indicium/desafio_5/.venv/lib/python3.8/site-packages/airflow/example_dags/example_latest_only_with_trigger.py for tasks to queue
[2023-04-28T18:14:27.740-0300] {logging_mixin.py:137} INFO - [2023-04-28T18:14:27.740-0300] {dagbag.py:532} INFO - Filling up the DagBag from /home/lcscarv/projetos/indicium/desafio_5/.venv/lib/python3.8/site-packages/airflow/example_dags/example_latest_only_with_trigger.py
[2023-04-28T18:14:27.750-0300] {processor.py:753} INFO - DAG(s) dict_keys(['latest_only_with_trigger']) retrieved from /home/lcscarv/projetos/indicium/desafio_5/.venv/lib/python3.8/site-packages/airflow/example_dags/example_latest_only_with_trigger.py
[2023-04-28T18:14:27.764-0300] {logging_mixin.py:137} INFO - [2023-04-28T18:14:27.763-0300] {dag.py:2705} INFO - Sync 1 DAGs
[2023-04-28T18:14:27.777-0300] {logging_mixin.py:137} INFO - [2023-04-28T18:14:27.776-0300] {dag.py:3452} INFO - Setting next_dagrun for latest_only_with_trigger to 2023-04-28T17:14:27.776645+00:00, run_after=2023-04-28T21:14:27.776645+00:00
[2023-04-28T18:14:27.795-0300] {processor.py:175} INFO - Processing /home/lcscarv/projetos/indicium/desafio_5/.venv/lib/python3.8/site-packages/airflow/example_dags/example_latest_only_with_trigger.py took 0.059 seconds
[2023-04-28T18:15:11.752-0300] {processor.py:153} INFO - Started process (PID=6004) to work on /home/lcscarv/projetos/indicium/desafio_5/.venv/lib/python3.8/site-packages/airflow/example_dags/example_latest_only_with_trigger.py
[2023-04-28T18:15:11.764-0300] {processor.py:743} INFO - Processing file /home/lcscarv/projetos/indicium/desafio_5/.venv/lib/python3.8/site-packages/airflow/example_dags/example_latest_only_with_trigger.py for tasks to queue
[2023-04-28T18:15:11.764-0300] {logging_mixin.py:137} INFO - [2023-04-28T18:15:11.764-0300] {dagbag.py:532} INFO - Filling up the DagBag from /home/lcscarv/projetos/indicium/desafio_5/.venv/lib/python3.8/site-packages/airflow/example_dags/example_latest_only_with_trigger.py
[2023-04-28T18:15:11.775-0300] {processor.py:753} INFO - DAG(s) dict_keys(['latest_only_with_trigger']) retrieved from /home/lcscarv/projetos/indicium/desafio_5/.venv/lib/python3.8/site-packages/airflow/example_dags/example_latest_only_with_trigger.py
[2023-04-28T18:15:11.788-0300] {logging_mixin.py:137} INFO - [2023-04-28T18:15:11.788-0300] {dag.py:2705} INFO - Sync 1 DAGs
[2023-04-28T18:15:11.799-0300] {logging_mixin.py:137} INFO - [2023-04-28T18:15:11.799-0300] {dag.py:3452} INFO - Setting next_dagrun for latest_only_with_trigger to 2023-04-28T17:15:11.799485+00:00, run_after=2023-04-28T21:15:11.799485+00:00
[2023-04-28T18:15:11.969-0300] {processor.py:175} INFO - Processing /home/lcscarv/projetos/indicium/desafio_5/.venv/lib/python3.8/site-packages/airflow/example_dags/example_latest_only_with_trigger.py took 0.218 seconds
[2023-04-28T18:16:02.718-0300] {processor.py:153} INFO - Started process (PID=6083) to work on /home/lcscarv/projetos/indicium/desafio_5/.venv/lib/python3.8/site-packages/airflow/example_dags/example_latest_only_with_trigger.py
[2023-04-28T18:16:02.719-0300] {processor.py:743} INFO - Processing file /home/lcscarv/projetos/indicium/desafio_5/.venv/lib/python3.8/site-packages/airflow/example_dags/example_latest_only_with_trigger.py for tasks to queue
[2023-04-28T18:16:02.719-0300] {logging_mixin.py:137} INFO - [2023-04-28T18:16:02.719-0300] {dagbag.py:532} INFO - Filling up the DagBag from /home/lcscarv/projetos/indicium/desafio_5/.venv/lib/python3.8/site-packages/airflow/example_dags/example_latest_only_with_trigger.py
[2023-04-28T18:16:02.729-0300] {processor.py:753} INFO - DAG(s) dict_keys(['latest_only_with_trigger']) retrieved from /home/lcscarv/projetos/indicium/desafio_5/.venv/lib/python3.8/site-packages/airflow/example_dags/example_latest_only_with_trigger.py
[2023-04-28T18:16:02.742-0300] {logging_mixin.py:137} INFO - [2023-04-28T18:16:02.742-0300] {dag.py:2705} INFO - Sync 1 DAGs
[2023-04-28T18:16:02.817-0300] {logging_mixin.py:137} INFO - [2023-04-28T18:16:02.817-0300] {dag.py:3452} INFO - Setting next_dagrun for latest_only_with_trigger to 2023-04-28T17:16:02.816982+00:00, run_after=2023-04-28T21:16:02.816982+00:00
[2023-04-28T18:16:02.841-0300] {processor.py:175} INFO - Processing /home/lcscarv/projetos/indicium/desafio_5/.venv/lib/python3.8/site-packages/airflow/example_dags/example_latest_only_with_trigger.py took 0.125 seconds
[2023-04-28T18:16:41.180-0300] {processor.py:153} INFO - Started process (PID=6116) to work on /home/lcscarv/projetos/indicium/desafio_5/.venv/lib/python3.8/site-packages/airflow/example_dags/example_latest_only_with_trigger.py
[2023-04-28T18:16:41.181-0300] {processor.py:743} INFO - Processing file /home/lcscarv/projetos/indicium/desafio_5/.venv/lib/python3.8/site-packages/airflow/example_dags/example_latest_only_with_trigger.py for tasks to queue
[2023-04-28T18:16:41.182-0300] {logging_mixin.py:137} INFO - [2023-04-28T18:16:41.182-0300] {dagbag.py:532} INFO - Filling up the DagBag from /home/lcscarv/projetos/indicium/desafio_5/.venv/lib/python3.8/site-packages/airflow/example_dags/example_latest_only_with_trigger.py
[2023-04-28T18:16:41.191-0300] {processor.py:753} INFO - DAG(s) dict_keys(['latest_only_with_trigger']) retrieved from /home/lcscarv/projetos/indicium/desafio_5/.venv/lib/python3.8/site-packages/airflow/example_dags/example_latest_only_with_trigger.py
[2023-04-28T18:16:41.204-0300] {logging_mixin.py:137} INFO - [2023-04-28T18:16:41.204-0300] {dag.py:2705} INFO - Sync 1 DAGs
[2023-04-28T18:16:41.276-0300] {logging_mixin.py:137} INFO - [2023-04-28T18:16:41.275-0300] {dag.py:3452} INFO - Setting next_dagrun for latest_only_with_trigger to 2023-04-28T17:16:41.275743+00:00, run_after=2023-04-28T21:16:41.275743+00:00
[2023-04-28T18:16:41.304-0300] {processor.py:175} INFO - Processing /home/lcscarv/projetos/indicium/desafio_5/.venv/lib/python3.8/site-packages/airflow/example_dags/example_latest_only_with_trigger.py took 0.126 seconds
[2023-04-28T18:17:20.716-0300] {processor.py:153} INFO - Started process (PID=6149) to work on /home/lcscarv/projetos/indicium/desafio_5/.venv/lib/python3.8/site-packages/airflow/example_dags/example_latest_only_with_trigger.py
[2023-04-28T18:17:20.717-0300] {processor.py:743} INFO - Processing file /home/lcscarv/projetos/indicium/desafio_5/.venv/lib/python3.8/site-packages/airflow/example_dags/example_latest_only_with_trigger.py for tasks to queue
[2023-04-28T18:17:20.718-0300] {logging_mixin.py:137} INFO - [2023-04-28T18:17:20.718-0300] {dagbag.py:532} INFO - Filling up the DagBag from /home/lcscarv/projetos/indicium/desafio_5/.venv/lib/python3.8/site-packages/airflow/example_dags/example_latest_only_with_trigger.py
[2023-04-28T18:17:20.728-0300] {processor.py:753} INFO - DAG(s) dict_keys(['latest_only_with_trigger']) retrieved from /home/lcscarv/projetos/indicium/desafio_5/.venv/lib/python3.8/site-packages/airflow/example_dags/example_latest_only_with_trigger.py
[2023-04-28T18:17:20.796-0300] {logging_mixin.py:137} INFO - [2023-04-28T18:17:20.796-0300] {dag.py:2705} INFO - Sync 1 DAGs
[2023-04-28T18:17:20.806-0300] {logging_mixin.py:137} INFO - [2023-04-28T18:17:20.806-0300] {dag.py:3452} INFO - Setting next_dagrun for latest_only_with_trigger to 2023-04-28T17:17:20.806529+00:00, run_after=2023-04-28T21:17:20.806529+00:00
[2023-04-28T18:17:20.934-0300] {processor.py:175} INFO - Processing /home/lcscarv/projetos/indicium/desafio_5/.venv/lib/python3.8/site-packages/airflow/example_dags/example_latest_only_with_trigger.py took 0.220 seconds
[2023-04-28T18:17:58.573-0300] {processor.py:153} INFO - Started process (PID=6183) to work on /home/lcscarv/projetos/indicium/desafio_5/.venv/lib/python3.8/site-packages/airflow/example_dags/example_latest_only_with_trigger.py
[2023-04-28T18:17:58.574-0300] {processor.py:743} INFO - Processing file /home/lcscarv/projetos/indicium/desafio_5/.venv/lib/python3.8/site-packages/airflow/example_dags/example_latest_only_with_trigger.py for tasks to queue
[2023-04-28T18:17:58.574-0300] {logging_mixin.py:137} INFO - [2023-04-28T18:17:58.574-0300] {dagbag.py:532} INFO - Filling up the DagBag from /home/lcscarv/projetos/indicium/desafio_5/.venv/lib/python3.8/site-packages/airflow/example_dags/example_latest_only_with_trigger.py
[2023-04-28T18:17:58.585-0300] {processor.py:753} INFO - DAG(s) dict_keys(['latest_only_with_trigger']) retrieved from /home/lcscarv/projetos/indicium/desafio_5/.venv/lib/python3.8/site-packages/airflow/example_dags/example_latest_only_with_trigger.py
[2023-04-28T18:17:58.598-0300] {logging_mixin.py:137} INFO - [2023-04-28T18:17:58.598-0300] {dag.py:2705} INFO - Sync 1 DAGs
[2023-04-28T18:17:58.612-0300] {logging_mixin.py:137} INFO - [2023-04-28T18:17:58.612-0300] {dag.py:3452} INFO - Setting next_dagrun for latest_only_with_trigger to 2023-04-28T17:17:58.611884+00:00, run_after=2023-04-28T21:17:58.611884+00:00
[2023-04-28T18:17:58.631-0300] {processor.py:175} INFO - Processing /home/lcscarv/projetos/indicium/desafio_5/.venv/lib/python3.8/site-packages/airflow/example_dags/example_latest_only_with_trigger.py took 0.060 seconds
[2023-04-28T18:18:41.904-0300] {processor.py:153} INFO - Started process (PID=6225) to work on /home/lcscarv/projetos/indicium/desafio_5/.venv/lib/python3.8/site-packages/airflow/example_dags/example_latest_only_with_trigger.py
[2023-04-28T18:18:41.905-0300] {processor.py:743} INFO - Processing file /home/lcscarv/projetos/indicium/desafio_5/.venv/lib/python3.8/site-packages/airflow/example_dags/example_latest_only_with_trigger.py for tasks to queue
[2023-04-28T18:18:41.906-0300] {logging_mixin.py:137} INFO - [2023-04-28T18:18:41.905-0300] {dagbag.py:532} INFO - Filling up the DagBag from /home/lcscarv/projetos/indicium/desafio_5/.venv/lib/python3.8/site-packages/airflow/example_dags/example_latest_only_with_trigger.py
[2023-04-28T18:18:41.915-0300] {processor.py:753} INFO - DAG(s) dict_keys(['latest_only_with_trigger']) retrieved from /home/lcscarv/projetos/indicium/desafio_5/.venv/lib/python3.8/site-packages/airflow/example_dags/example_latest_only_with_trigger.py
[2023-04-28T18:18:41.929-0300] {logging_mixin.py:137} INFO - [2023-04-28T18:18:41.929-0300] {dag.py:2705} INFO - Sync 1 DAGs
[2023-04-28T18:18:41.946-0300] {logging_mixin.py:137} INFO - [2023-04-28T18:18:41.945-0300] {dag.py:3452} INFO - Setting next_dagrun for latest_only_with_trigger to 2023-04-28T17:18:41.945443+00:00, run_after=2023-04-28T21:18:41.945443+00:00
[2023-04-28T18:18:41.969-0300] {processor.py:175} INFO - Processing /home/lcscarv/projetos/indicium/desafio_5/.venv/lib/python3.8/site-packages/airflow/example_dags/example_latest_only_with_trigger.py took 0.068 seconds
[2023-04-28T18:19:26.226-0300] {processor.py:153} INFO - Started process (PID=6265) to work on /home/lcscarv/projetos/indicium/desafio_5/.venv/lib/python3.8/site-packages/airflow/example_dags/example_latest_only_with_trigger.py
[2023-04-28T18:19:26.228-0300] {processor.py:743} INFO - Processing file /home/lcscarv/projetos/indicium/desafio_5/.venv/lib/python3.8/site-packages/airflow/example_dags/example_latest_only_with_trigger.py for tasks to queue
[2023-04-28T18:19:26.228-0300] {logging_mixin.py:137} INFO - [2023-04-28T18:19:26.228-0300] {dagbag.py:532} INFO - Filling up the DagBag from /home/lcscarv/projetos/indicium/desafio_5/.venv/lib/python3.8/site-packages/airflow/example_dags/example_latest_only_with_trigger.py
[2023-04-28T18:19:26.237-0300] {processor.py:753} INFO - DAG(s) dict_keys(['latest_only_with_trigger']) retrieved from /home/lcscarv/projetos/indicium/desafio_5/.venv/lib/python3.8/site-packages/airflow/example_dags/example_latest_only_with_trigger.py
[2023-04-28T18:19:26.251-0300] {logging_mixin.py:137} INFO - [2023-04-28T18:19:26.250-0300] {dag.py:2705} INFO - Sync 1 DAGs
[2023-04-28T18:19:26.266-0300] {logging_mixin.py:137} INFO - [2023-04-28T18:19:26.266-0300] {dag.py:3452} INFO - Setting next_dagrun for latest_only_with_trigger to 2023-04-28T17:19:26.265947+00:00, run_after=2023-04-28T21:19:26.265947+00:00
[2023-04-28T18:19:26.352-0300] {processor.py:175} INFO - Processing /home/lcscarv/projetos/indicium/desafio_5/.venv/lib/python3.8/site-packages/airflow/example_dags/example_latest_only_with_trigger.py took 0.128 seconds
[2023-04-28T18:20:15.475-0300] {processor.py:153} INFO - Started process (PID=6361) to work on /home/lcscarv/projetos/indicium/desafio_5/.venv/lib/python3.8/site-packages/airflow/example_dags/example_latest_only_with_trigger.py
[2023-04-28T18:20:15.476-0300] {processor.py:743} INFO - Processing file /home/lcscarv/projetos/indicium/desafio_5/.venv/lib/python3.8/site-packages/airflow/example_dags/example_latest_only_with_trigger.py for tasks to queue
[2023-04-28T18:20:15.476-0300] {logging_mixin.py:137} INFO - [2023-04-28T18:20:15.476-0300] {dagbag.py:532} INFO - Filling up the DagBag from /home/lcscarv/projetos/indicium/desafio_5/.venv/lib/python3.8/site-packages/airflow/example_dags/example_latest_only_with_trigger.py
[2023-04-28T18:20:15.486-0300] {processor.py:753} INFO - DAG(s) dict_keys(['latest_only_with_trigger']) retrieved from /home/lcscarv/projetos/indicium/desafio_5/.venv/lib/python3.8/site-packages/airflow/example_dags/example_latest_only_with_trigger.py
[2023-04-28T18:20:15.499-0300] {logging_mixin.py:137} INFO - [2023-04-28T18:20:15.499-0300] {dag.py:2705} INFO - Sync 1 DAGs
[2023-04-28T18:20:15.571-0300] {logging_mixin.py:137} INFO - [2023-04-28T18:20:15.571-0300] {dag.py:3452} INFO - Setting next_dagrun for latest_only_with_trigger to 2023-04-28T17:20:15.571210+00:00, run_after=2023-04-28T21:20:15.571210+00:00
[2023-04-28T18:20:15.590-0300] {processor.py:175} INFO - Processing /home/lcscarv/projetos/indicium/desafio_5/.venv/lib/python3.8/site-packages/airflow/example_dags/example_latest_only_with_trigger.py took 0.117 seconds
[2023-04-28T18:21:04.637-0300] {processor.py:153} INFO - Started process (PID=6406) to work on /home/lcscarv/projetos/indicium/desafio_5/.venv/lib/python3.8/site-packages/airflow/example_dags/example_latest_only_with_trigger.py
[2023-04-28T18:21:04.639-0300] {processor.py:743} INFO - Processing file /home/lcscarv/projetos/indicium/desafio_5/.venv/lib/python3.8/site-packages/airflow/example_dags/example_latest_only_with_trigger.py for tasks to queue
[2023-04-28T18:21:04.639-0300] {logging_mixin.py:137} INFO - [2023-04-28T18:21:04.639-0300] {dagbag.py:532} INFO - Filling up the DagBag from /home/lcscarv/projetos/indicium/desafio_5/.venv/lib/python3.8/site-packages/airflow/example_dags/example_latest_only_with_trigger.py
[2023-04-28T18:21:04.649-0300] {processor.py:753} INFO - DAG(s) dict_keys(['latest_only_with_trigger']) retrieved from /home/lcscarv/projetos/indicium/desafio_5/.venv/lib/python3.8/site-packages/airflow/example_dags/example_latest_only_with_trigger.py
[2023-04-28T18:21:04.733-0300] {logging_mixin.py:137} INFO - [2023-04-28T18:21:04.733-0300] {dag.py:2705} INFO - Sync 1 DAGs
[2023-04-28T18:21:04.746-0300] {logging_mixin.py:137} INFO - [2023-04-28T18:21:04.746-0300] {dag.py:3452} INFO - Setting next_dagrun for latest_only_with_trigger to 2023-04-28T17:21:04.745977+00:00, run_after=2023-04-28T21:21:04.745977+00:00
[2023-04-28T18:21:04.767-0300] {processor.py:175} INFO - Processing /home/lcscarv/projetos/indicium/desafio_5/.venv/lib/python3.8/site-packages/airflow/example_dags/example_latest_only_with_trigger.py took 0.132 seconds
[2023-04-28T18:21:43.747-0300] {processor.py:153} INFO - Started process (PID=6438) to work on /home/lcscarv/projetos/indicium/desafio_5/.venv/lib/python3.8/site-packages/airflow/example_dags/example_latest_only_with_trigger.py
[2023-04-28T18:21:43.749-0300] {processor.py:743} INFO - Processing file /home/lcscarv/projetos/indicium/desafio_5/.venv/lib/python3.8/site-packages/airflow/example_dags/example_latest_only_with_trigger.py for tasks to queue
[2023-04-28T18:21:43.750-0300] {logging_mixin.py:137} INFO - [2023-04-28T18:21:43.749-0300] {dagbag.py:532} INFO - Filling up the DagBag from /home/lcscarv/projetos/indicium/desafio_5/.venv/lib/python3.8/site-packages/airflow/example_dags/example_latest_only_with_trigger.py
[2023-04-28T18:21:43.766-0300] {processor.py:753} INFO - DAG(s) dict_keys(['latest_only_with_trigger']) retrieved from /home/lcscarv/projetos/indicium/desafio_5/.venv/lib/python3.8/site-packages/airflow/example_dags/example_latest_only_with_trigger.py
[2023-04-28T18:21:43.889-0300] {logging_mixin.py:137} INFO - [2023-04-28T18:21:43.889-0300] {dag.py:2705} INFO - Sync 1 DAGs
[2023-04-28T18:21:43.909-0300] {logging_mixin.py:137} INFO - [2023-04-28T18:21:43.909-0300] {dag.py:3452} INFO - Setting next_dagrun for latest_only_with_trigger to 2023-04-28T17:21:43.909033+00:00, run_after=2023-04-28T21:21:43.909033+00:00
[2023-04-28T18:21:43.940-0300] {processor.py:175} INFO - Processing /home/lcscarv/projetos/indicium/desafio_5/.venv/lib/python3.8/site-packages/airflow/example_dags/example_latest_only_with_trigger.py took 0.197 seconds
