[2023-04-28T18:00:49.985-0300] {processor.py:153} INFO - Started process (PID=4617) to work on /home/lcscarv/projetos/indicium/desafio_5/.venv/lib/python3.8/site-packages/airflow/example_dags/example_complex.py
[2023-04-28T18:00:49.986-0300] {processor.py:743} INFO - Processing file /home/lcscarv/projetos/indicium/desafio_5/.venv/lib/python3.8/site-packages/airflow/example_dags/example_complex.py for tasks to queue
[2023-04-28T18:00:49.987-0300] {logging_mixin.py:137} INFO - [2023-04-28T18:00:49.986-0300] {dagbag.py:532} INFO - Filling up the DagBag from /home/lcscarv/projetos/indicium/desafio_5/.venv/lib/python3.8/site-packages/airflow/example_dags/example_complex.py
[2023-04-28T18:00:49.996-0300] {logging_mixin.py:137} INFO - [2023-04-28T18:00:49.996-0300] {taskmixin.py:211} WARNING - Dependency <Task(BashOperator): create_entry_group>, delete_entry_group already registered for DAG: example_complex
[2023-04-28T18:00:49.996-0300] {logging_mixin.py:137} INFO - [2023-04-28T18:00:49.996-0300] {taskmixin.py:211} WARNING - Dependency <Task(BashOperator): delete_entry_group>, create_entry_group already registered for DAG: example_complex
[2023-04-28T18:00:49.996-0300] {logging_mixin.py:137} INFO - [2023-04-28T18:00:49.996-0300] {taskmixin.py:211} WARNING - Dependency <Task(BashOperator): create_entry_gcs>, delete_entry already registered for DAG: example_complex
[2023-04-28T18:00:49.997-0300] {logging_mixin.py:137} INFO - [2023-04-28T18:00:49.997-0300] {taskmixin.py:211} WARNING - Dependency <Task(BashOperator): delete_entry>, create_entry_gcs already registered for DAG: example_complex
[2023-04-28T18:00:49.997-0300] {logging_mixin.py:137} INFO - [2023-04-28T18:00:49.997-0300] {taskmixin.py:211} WARNING - Dependency <Task(BashOperator): create_tag>, delete_tag already registered for DAG: example_complex
[2023-04-28T18:00:49.997-0300] {logging_mixin.py:137} INFO - [2023-04-28T18:00:49.997-0300] {taskmixin.py:211} WARNING - Dependency <Task(BashOperator): delete_tag>, create_tag already registered for DAG: example_complex
[2023-04-28T18:00:50.004-0300] {processor.py:753} INFO - DAG(s) dict_keys(['example_complex']) retrieved from /home/lcscarv/projetos/indicium/desafio_5/.venv/lib/python3.8/site-packages/airflow/example_dags/example_complex.py
[2023-04-28T18:00:50.028-0300] {logging_mixin.py:137} INFO - [2023-04-28T18:00:50.028-0300] {dag.py:2705} INFO - Sync 1 DAGs
[2023-04-28T18:00:50.043-0300] {logging_mixin.py:137} INFO - [2023-04-28T18:00:50.043-0300] {dag.py:3452} INFO - Setting next_dagrun for example_complex to None, run_after=None
[2023-04-28T18:00:50.061-0300] {processor.py:175} INFO - Processing /home/lcscarv/projetos/indicium/desafio_5/.venv/lib/python3.8/site-packages/airflow/example_dags/example_complex.py took 0.079 seconds
[2023-04-28T18:01:43.084-0300] {processor.py:153} INFO - Started process (PID=4667) to work on /home/lcscarv/projetos/indicium/desafio_5/.venv/lib/python3.8/site-packages/airflow/example_dags/example_complex.py
[2023-04-28T18:01:43.085-0300] {processor.py:743} INFO - Processing file /home/lcscarv/projetos/indicium/desafio_5/.venv/lib/python3.8/site-packages/airflow/example_dags/example_complex.py for tasks to queue
[2023-04-28T18:01:43.086-0300] {logging_mixin.py:137} INFO - [2023-04-28T18:01:43.086-0300] {dagbag.py:532} INFO - Filling up the DagBag from /home/lcscarv/projetos/indicium/desafio_5/.venv/lib/python3.8/site-packages/airflow/example_dags/example_complex.py
[2023-04-28T18:01:43.098-0300] {logging_mixin.py:137} INFO - [2023-04-28T18:01:43.098-0300] {taskmixin.py:211} WARNING - Dependency <Task(BashOperator): create_entry_group>, delete_entry_group already registered for DAG: example_complex
[2023-04-28T18:01:43.098-0300] {logging_mixin.py:137} INFO - [2023-04-28T18:01:43.098-0300] {taskmixin.py:211} WARNING - Dependency <Task(BashOperator): delete_entry_group>, create_entry_group already registered for DAG: example_complex
[2023-04-28T18:01:43.098-0300] {logging_mixin.py:137} INFO - [2023-04-28T18:01:43.098-0300] {taskmixin.py:211} WARNING - Dependency <Task(BashOperator): create_entry_gcs>, delete_entry already registered for DAG: example_complex
[2023-04-28T18:01:43.098-0300] {logging_mixin.py:137} INFO - [2023-04-28T18:01:43.098-0300] {taskmixin.py:211} WARNING - Dependency <Task(BashOperator): delete_entry>, create_entry_gcs already registered for DAG: example_complex
[2023-04-28T18:01:43.099-0300] {logging_mixin.py:137} INFO - [2023-04-28T18:01:43.098-0300] {taskmixin.py:211} WARNING - Dependency <Task(BashOperator): create_tag>, delete_tag already registered for DAG: example_complex
[2023-04-28T18:01:43.099-0300] {logging_mixin.py:137} INFO - [2023-04-28T18:01:43.099-0300] {taskmixin.py:211} WARNING - Dependency <Task(BashOperator): delete_tag>, create_tag already registered for DAG: example_complex
[2023-04-28T18:01:43.105-0300] {processor.py:753} INFO - DAG(s) dict_keys(['example_complex']) retrieved from /home/lcscarv/projetos/indicium/desafio_5/.venv/lib/python3.8/site-packages/airflow/example_dags/example_complex.py
[2023-04-28T18:01:43.130-0300] {logging_mixin.py:137} INFO - [2023-04-28T18:01:43.130-0300] {dag.py:2705} INFO - Sync 1 DAGs
[2023-04-28T18:01:43.147-0300] {logging_mixin.py:137} INFO - [2023-04-28T18:01:43.147-0300] {dag.py:3452} INFO - Setting next_dagrun for example_complex to None, run_after=None
[2023-04-28T18:01:43.169-0300] {processor.py:175} INFO - Processing /home/lcscarv/projetos/indicium/desafio_5/.venv/lib/python3.8/site-packages/airflow/example_dags/example_complex.py took 0.088 seconds
[2023-04-28T18:03:00.564-0300] {processor.py:153} INFO - Started process (PID=4827) to work on /home/lcscarv/projetos/indicium/desafio_5/.venv/lib/python3.8/site-packages/airflow/example_dags/example_complex.py
[2023-04-28T18:03:00.565-0300] {processor.py:743} INFO - Processing file /home/lcscarv/projetos/indicium/desafio_5/.venv/lib/python3.8/site-packages/airflow/example_dags/example_complex.py for tasks to queue
[2023-04-28T18:03:00.566-0300] {logging_mixin.py:137} INFO - [2023-04-28T18:03:00.566-0300] {dagbag.py:532} INFO - Filling up the DagBag from /home/lcscarv/projetos/indicium/desafio_5/.venv/lib/python3.8/site-packages/airflow/example_dags/example_complex.py
[2023-04-28T18:03:00.576-0300] {logging_mixin.py:137} INFO - [2023-04-28T18:03:00.576-0300] {taskmixin.py:211} WARNING - Dependency <Task(BashOperator): create_entry_group>, delete_entry_group already registered for DAG: example_complex
[2023-04-28T18:03:00.576-0300] {logging_mixin.py:137} INFO - [2023-04-28T18:03:00.576-0300] {taskmixin.py:211} WARNING - Dependency <Task(BashOperator): delete_entry_group>, create_entry_group already registered for DAG: example_complex
[2023-04-28T18:03:00.576-0300] {logging_mixin.py:137} INFO - [2023-04-28T18:03:00.576-0300] {taskmixin.py:211} WARNING - Dependency <Task(BashOperator): create_entry_gcs>, delete_entry already registered for DAG: example_complex
[2023-04-28T18:03:00.576-0300] {logging_mixin.py:137} INFO - [2023-04-28T18:03:00.576-0300] {taskmixin.py:211} WARNING - Dependency <Task(BashOperator): delete_entry>, create_entry_gcs already registered for DAG: example_complex
[2023-04-28T18:03:00.576-0300] {logging_mixin.py:137} INFO - [2023-04-28T18:03:00.576-0300] {taskmixin.py:211} WARNING - Dependency <Task(BashOperator): create_tag>, delete_tag already registered for DAG: example_complex
[2023-04-28T18:03:00.576-0300] {logging_mixin.py:137} INFO - [2023-04-28T18:03:00.576-0300] {taskmixin.py:211} WARNING - Dependency <Task(BashOperator): delete_tag>, create_tag already registered for DAG: example_complex
[2023-04-28T18:03:00.582-0300] {processor.py:753} INFO - DAG(s) dict_keys(['example_complex']) retrieved from /home/lcscarv/projetos/indicium/desafio_5/.venv/lib/python3.8/site-packages/airflow/example_dags/example_complex.py
[2023-04-28T18:03:00.601-0300] {logging_mixin.py:137} INFO - [2023-04-28T18:03:00.601-0300] {dag.py:2705} INFO - Sync 1 DAGs
[2023-04-28T18:03:00.614-0300] {logging_mixin.py:137} INFO - [2023-04-28T18:03:00.614-0300] {dag.py:3452} INFO - Setting next_dagrun for example_complex to None, run_after=None
[2023-04-28T18:03:00.632-0300] {processor.py:175} INFO - Processing /home/lcscarv/projetos/indicium/desafio_5/.venv/lib/python3.8/site-packages/airflow/example_dags/example_complex.py took 0.070 seconds
[2023-04-28T18:03:47.592-0300] {processor.py:153} INFO - Started process (PID=4873) to work on /home/lcscarv/projetos/indicium/desafio_5/.venv/lib/python3.8/site-packages/airflow/example_dags/example_complex.py
[2023-04-28T18:03:47.593-0300] {processor.py:743} INFO - Processing file /home/lcscarv/projetos/indicium/desafio_5/.venv/lib/python3.8/site-packages/airflow/example_dags/example_complex.py for tasks to queue
[2023-04-28T18:03:47.594-0300] {logging_mixin.py:137} INFO - [2023-04-28T18:03:47.594-0300] {dagbag.py:532} INFO - Filling up the DagBag from /home/lcscarv/projetos/indicium/desafio_5/.venv/lib/python3.8/site-packages/airflow/example_dags/example_complex.py
[2023-04-28T18:03:47.601-0300] {logging_mixin.py:137} INFO - [2023-04-28T18:03:47.601-0300] {taskmixin.py:211} WARNING - Dependency <Task(BashOperator): create_entry_group>, delete_entry_group already registered for DAG: example_complex
[2023-04-28T18:03:47.601-0300] {logging_mixin.py:137} INFO - [2023-04-28T18:03:47.601-0300] {taskmixin.py:211} WARNING - Dependency <Task(BashOperator): delete_entry_group>, create_entry_group already registered for DAG: example_complex
[2023-04-28T18:03:47.601-0300] {logging_mixin.py:137} INFO - [2023-04-28T18:03:47.601-0300] {taskmixin.py:211} WARNING - Dependency <Task(BashOperator): create_entry_gcs>, delete_entry already registered for DAG: example_complex
[2023-04-28T18:03:47.601-0300] {logging_mixin.py:137} INFO - [2023-04-28T18:03:47.601-0300] {taskmixin.py:211} WARNING - Dependency <Task(BashOperator): delete_entry>, create_entry_gcs already registered for DAG: example_complex
[2023-04-28T18:03:47.602-0300] {logging_mixin.py:137} INFO - [2023-04-28T18:03:47.602-0300] {taskmixin.py:211} WARNING - Dependency <Task(BashOperator): create_tag>, delete_tag already registered for DAG: example_complex
[2023-04-28T18:03:47.602-0300] {logging_mixin.py:137} INFO - [2023-04-28T18:03:47.602-0300] {taskmixin.py:211} WARNING - Dependency <Task(BashOperator): delete_tag>, create_tag already registered for DAG: example_complex
[2023-04-28T18:03:47.607-0300] {processor.py:753} INFO - DAG(s) dict_keys(['example_complex']) retrieved from /home/lcscarv/projetos/indicium/desafio_5/.venv/lib/python3.8/site-packages/airflow/example_dags/example_complex.py
[2023-04-28T18:03:47.631-0300] {logging_mixin.py:137} INFO - [2023-04-28T18:03:47.630-0300] {dag.py:2705} INFO - Sync 1 DAGs
[2023-04-28T18:03:47.648-0300] {logging_mixin.py:137} INFO - [2023-04-28T18:03:47.648-0300] {dag.py:3452} INFO - Setting next_dagrun for example_complex to None, run_after=None
[2023-04-28T18:03:47.668-0300] {processor.py:175} INFO - Processing /home/lcscarv/projetos/indicium/desafio_5/.venv/lib/python3.8/site-packages/airflow/example_dags/example_complex.py took 0.078 seconds
[2023-04-28T18:04:28.138-0300] {processor.py:153} INFO - Started process (PID=4915) to work on /home/lcscarv/projetos/indicium/desafio_5/.venv/lib/python3.8/site-packages/airflow/example_dags/example_complex.py
[2023-04-28T18:04:28.139-0300] {processor.py:743} INFO - Processing file /home/lcscarv/projetos/indicium/desafio_5/.venv/lib/python3.8/site-packages/airflow/example_dags/example_complex.py for tasks to queue
[2023-04-28T18:04:28.139-0300] {logging_mixin.py:137} INFO - [2023-04-28T18:04:28.139-0300] {dagbag.py:532} INFO - Filling up the DagBag from /home/lcscarv/projetos/indicium/desafio_5/.venv/lib/python3.8/site-packages/airflow/example_dags/example_complex.py
[2023-04-28T18:04:28.146-0300] {logging_mixin.py:137} INFO - [2023-04-28T18:04:28.146-0300] {taskmixin.py:211} WARNING - Dependency <Task(BashOperator): create_entry_group>, delete_entry_group already registered for DAG: example_complex
[2023-04-28T18:04:28.146-0300] {logging_mixin.py:137} INFO - [2023-04-28T18:04:28.146-0300] {taskmixin.py:211} WARNING - Dependency <Task(BashOperator): delete_entry_group>, create_entry_group already registered for DAG: example_complex
[2023-04-28T18:04:28.146-0300] {logging_mixin.py:137} INFO - [2023-04-28T18:04:28.146-0300] {taskmixin.py:211} WARNING - Dependency <Task(BashOperator): create_entry_gcs>, delete_entry already registered for DAG: example_complex
[2023-04-28T18:04:28.146-0300] {logging_mixin.py:137} INFO - [2023-04-28T18:04:28.146-0300] {taskmixin.py:211} WARNING - Dependency <Task(BashOperator): delete_entry>, create_entry_gcs already registered for DAG: example_complex
[2023-04-28T18:04:28.146-0300] {logging_mixin.py:137} INFO - [2023-04-28T18:04:28.146-0300] {taskmixin.py:211} WARNING - Dependency <Task(BashOperator): create_tag>, delete_tag already registered for DAG: example_complex
[2023-04-28T18:04:28.146-0300] {logging_mixin.py:137} INFO - [2023-04-28T18:04:28.146-0300] {taskmixin.py:211} WARNING - Dependency <Task(BashOperator): delete_tag>, create_tag already registered for DAG: example_complex
[2023-04-28T18:04:28.150-0300] {processor.py:753} INFO - DAG(s) dict_keys(['example_complex']) retrieved from /home/lcscarv/projetos/indicium/desafio_5/.venv/lib/python3.8/site-packages/airflow/example_dags/example_complex.py
[2023-04-28T18:04:28.169-0300] {logging_mixin.py:137} INFO - [2023-04-28T18:04:28.169-0300] {dag.py:2705} INFO - Sync 1 DAGs
[2023-04-28T18:04:28.180-0300] {logging_mixin.py:137} INFO - [2023-04-28T18:04:28.180-0300] {dag.py:3452} INFO - Setting next_dagrun for example_complex to None, run_after=None
[2023-04-28T18:04:28.197-0300] {processor.py:175} INFO - Processing /home/lcscarv/projetos/indicium/desafio_5/.venv/lib/python3.8/site-packages/airflow/example_dags/example_complex.py took 0.062 seconds
[2023-04-28T18:05:14.641-0300] {processor.py:153} INFO - Started process (PID=5063) to work on /home/lcscarv/projetos/indicium/desafio_5/.venv/lib/python3.8/site-packages/airflow/example_dags/example_complex.py
[2023-04-28T18:05:14.642-0300] {processor.py:743} INFO - Processing file /home/lcscarv/projetos/indicium/desafio_5/.venv/lib/python3.8/site-packages/airflow/example_dags/example_complex.py for tasks to queue
[2023-04-28T18:05:14.642-0300] {logging_mixin.py:137} INFO - [2023-04-28T18:05:14.642-0300] {dagbag.py:532} INFO - Filling up the DagBag from /home/lcscarv/projetos/indicium/desafio_5/.venv/lib/python3.8/site-packages/airflow/example_dags/example_complex.py
[2023-04-28T18:05:14.649-0300] {logging_mixin.py:137} INFO - [2023-04-28T18:05:14.649-0300] {taskmixin.py:211} WARNING - Dependency <Task(BashOperator): create_entry_group>, delete_entry_group already registered for DAG: example_complex
[2023-04-28T18:05:14.649-0300] {logging_mixin.py:137} INFO - [2023-04-28T18:05:14.649-0300] {taskmixin.py:211} WARNING - Dependency <Task(BashOperator): delete_entry_group>, create_entry_group already registered for DAG: example_complex
[2023-04-28T18:05:14.649-0300] {logging_mixin.py:137} INFO - [2023-04-28T18:05:14.649-0300] {taskmixin.py:211} WARNING - Dependency <Task(BashOperator): create_entry_gcs>, delete_entry already registered for DAG: example_complex
[2023-04-28T18:05:14.650-0300] {logging_mixin.py:137} INFO - [2023-04-28T18:05:14.649-0300] {taskmixin.py:211} WARNING - Dependency <Task(BashOperator): delete_entry>, create_entry_gcs already registered for DAG: example_complex
[2023-04-28T18:05:14.650-0300] {logging_mixin.py:137} INFO - [2023-04-28T18:05:14.650-0300] {taskmixin.py:211} WARNING - Dependency <Task(BashOperator): create_tag>, delete_tag already registered for DAG: example_complex
[2023-04-28T18:05:14.650-0300] {logging_mixin.py:137} INFO - [2023-04-28T18:05:14.650-0300] {taskmixin.py:211} WARNING - Dependency <Task(BashOperator): delete_tag>, create_tag already registered for DAG: example_complex
[2023-04-28T18:05:14.654-0300] {processor.py:753} INFO - DAG(s) dict_keys(['example_complex']) retrieved from /home/lcscarv/projetos/indicium/desafio_5/.venv/lib/python3.8/site-packages/airflow/example_dags/example_complex.py
[2023-04-28T18:05:14.673-0300] {logging_mixin.py:137} INFO - [2023-04-28T18:05:14.673-0300] {dag.py:2705} INFO - Sync 1 DAGs
[2023-04-28T18:05:14.685-0300] {logging_mixin.py:137} INFO - [2023-04-28T18:05:14.685-0300] {dag.py:3452} INFO - Setting next_dagrun for example_complex to None, run_after=None
[2023-04-28T18:05:14.703-0300] {processor.py:175} INFO - Processing /home/lcscarv/projetos/indicium/desafio_5/.venv/lib/python3.8/site-packages/airflow/example_dags/example_complex.py took 0.064 seconds
[2023-04-28T18:05:59.819-0300] {processor.py:153} INFO - Started process (PID=5109) to work on /home/lcscarv/projetos/indicium/desafio_5/.venv/lib/python3.8/site-packages/airflow/example_dags/example_complex.py
[2023-04-28T18:05:59.820-0300] {processor.py:743} INFO - Processing file /home/lcscarv/projetos/indicium/desafio_5/.venv/lib/python3.8/site-packages/airflow/example_dags/example_complex.py for tasks to queue
[2023-04-28T18:05:59.821-0300] {logging_mixin.py:137} INFO - [2023-04-28T18:05:59.821-0300] {dagbag.py:532} INFO - Filling up the DagBag from /home/lcscarv/projetos/indicium/desafio_5/.venv/lib/python3.8/site-packages/airflow/example_dags/example_complex.py
[2023-04-28T18:05:59.828-0300] {logging_mixin.py:137} INFO - [2023-04-28T18:05:59.828-0300] {taskmixin.py:211} WARNING - Dependency <Task(BashOperator): create_entry_group>, delete_entry_group already registered for DAG: example_complex
[2023-04-28T18:05:59.828-0300] {logging_mixin.py:137} INFO - [2023-04-28T18:05:59.828-0300] {taskmixin.py:211} WARNING - Dependency <Task(BashOperator): delete_entry_group>, create_entry_group already registered for DAG: example_complex
[2023-04-28T18:05:59.828-0300] {logging_mixin.py:137} INFO - [2023-04-28T18:05:59.828-0300] {taskmixin.py:211} WARNING - Dependency <Task(BashOperator): create_entry_gcs>, delete_entry already registered for DAG: example_complex
[2023-04-28T18:05:59.828-0300] {logging_mixin.py:137} INFO - [2023-04-28T18:05:59.828-0300] {taskmixin.py:211} WARNING - Dependency <Task(BashOperator): delete_entry>, create_entry_gcs already registered for DAG: example_complex
[2023-04-28T18:05:59.828-0300] {logging_mixin.py:137} INFO - [2023-04-28T18:05:59.828-0300] {taskmixin.py:211} WARNING - Dependency <Task(BashOperator): create_tag>, delete_tag already registered for DAG: example_complex
[2023-04-28T18:05:59.828-0300] {logging_mixin.py:137} INFO - [2023-04-28T18:05:59.828-0300] {taskmixin.py:211} WARNING - Dependency <Task(BashOperator): delete_tag>, create_tag already registered for DAG: example_complex
[2023-04-28T18:05:59.833-0300] {processor.py:753} INFO - DAG(s) dict_keys(['example_complex']) retrieved from /home/lcscarv/projetos/indicium/desafio_5/.venv/lib/python3.8/site-packages/airflow/example_dags/example_complex.py
[2023-04-28T18:05:59.851-0300] {logging_mixin.py:137} INFO - [2023-04-28T18:05:59.851-0300] {dag.py:2705} INFO - Sync 1 DAGs
[2023-04-28T18:05:59.863-0300] {logging_mixin.py:137} INFO - [2023-04-28T18:05:59.863-0300] {dag.py:3452} INFO - Setting next_dagrun for example_complex to None, run_after=None
[2023-04-28T18:05:59.880-0300] {processor.py:175} INFO - Processing /home/lcscarv/projetos/indicium/desafio_5/.venv/lib/python3.8/site-packages/airflow/example_dags/example_complex.py took 0.064 seconds
[2023-04-28T18:06:45.540-0300] {processor.py:153} INFO - Started process (PID=5155) to work on /home/lcscarv/projetos/indicium/desafio_5/.venv/lib/python3.8/site-packages/airflow/example_dags/example_complex.py
[2023-04-28T18:06:45.541-0300] {processor.py:743} INFO - Processing file /home/lcscarv/projetos/indicium/desafio_5/.venv/lib/python3.8/site-packages/airflow/example_dags/example_complex.py for tasks to queue
[2023-04-28T18:06:45.541-0300] {logging_mixin.py:137} INFO - [2023-04-28T18:06:45.541-0300] {dagbag.py:532} INFO - Filling up the DagBag from /home/lcscarv/projetos/indicium/desafio_5/.venv/lib/python3.8/site-packages/airflow/example_dags/example_complex.py
[2023-04-28T18:06:45.549-0300] {logging_mixin.py:137} INFO - [2023-04-28T18:06:45.549-0300] {taskmixin.py:211} WARNING - Dependency <Task(BashOperator): create_entry_group>, delete_entry_group already registered for DAG: example_complex
[2023-04-28T18:06:45.549-0300] {logging_mixin.py:137} INFO - [2023-04-28T18:06:45.549-0300] {taskmixin.py:211} WARNING - Dependency <Task(BashOperator): delete_entry_group>, create_entry_group already registered for DAG: example_complex
[2023-04-28T18:06:45.550-0300] {logging_mixin.py:137} INFO - [2023-04-28T18:06:45.550-0300] {taskmixin.py:211} WARNING - Dependency <Task(BashOperator): create_entry_gcs>, delete_entry already registered for DAG: example_complex
[2023-04-28T18:06:45.550-0300] {logging_mixin.py:137} INFO - [2023-04-28T18:06:45.550-0300] {taskmixin.py:211} WARNING - Dependency <Task(BashOperator): delete_entry>, create_entry_gcs already registered for DAG: example_complex
[2023-04-28T18:06:45.550-0300] {logging_mixin.py:137} INFO - [2023-04-28T18:06:45.550-0300] {taskmixin.py:211} WARNING - Dependency <Task(BashOperator): create_tag>, delete_tag already registered for DAG: example_complex
[2023-04-28T18:06:45.550-0300] {logging_mixin.py:137} INFO - [2023-04-28T18:06:45.550-0300] {taskmixin.py:211} WARNING - Dependency <Task(BashOperator): delete_tag>, create_tag already registered for DAG: example_complex
[2023-04-28T18:06:45.555-0300] {processor.py:753} INFO - DAG(s) dict_keys(['example_complex']) retrieved from /home/lcscarv/projetos/indicium/desafio_5/.venv/lib/python3.8/site-packages/airflow/example_dags/example_complex.py
[2023-04-28T18:06:45.577-0300] {logging_mixin.py:137} INFO - [2023-04-28T18:06:45.576-0300] {dag.py:2705} INFO - Sync 1 DAGs
[2023-04-28T18:06:45.592-0300] {logging_mixin.py:137} INFO - [2023-04-28T18:06:45.592-0300] {dag.py:3452} INFO - Setting next_dagrun for example_complex to None, run_after=None
[2023-04-28T18:06:45.611-0300] {processor.py:175} INFO - Processing /home/lcscarv/projetos/indicium/desafio_5/.venv/lib/python3.8/site-packages/airflow/example_dags/example_complex.py took 0.072 seconds
[2023-04-28T18:07:59.953-0300] {processor.py:153} INFO - Started process (PID=5361) to work on /home/lcscarv/projetos/indicium/desafio_5/.venv/lib/python3.8/site-packages/airflow/example_dags/example_complex.py
[2023-04-28T18:07:59.954-0300] {processor.py:743} INFO - Processing file /home/lcscarv/projetos/indicium/desafio_5/.venv/lib/python3.8/site-packages/airflow/example_dags/example_complex.py for tasks to queue
[2023-04-28T18:07:59.955-0300] {logging_mixin.py:137} INFO - [2023-04-28T18:07:59.955-0300] {dagbag.py:532} INFO - Filling up the DagBag from /home/lcscarv/projetos/indicium/desafio_5/.venv/lib/python3.8/site-packages/airflow/example_dags/example_complex.py
[2023-04-28T18:07:59.963-0300] {logging_mixin.py:137} INFO - [2023-04-28T18:07:59.963-0300] {taskmixin.py:211} WARNING - Dependency <Task(BashOperator): create_entry_group>, delete_entry_group already registered for DAG: example_complex
[2023-04-28T18:07:59.964-0300] {logging_mixin.py:137} INFO - [2023-04-28T18:07:59.963-0300] {taskmixin.py:211} WARNING - Dependency <Task(BashOperator): delete_entry_group>, create_entry_group already registered for DAG: example_complex
[2023-04-28T18:07:59.964-0300] {logging_mixin.py:137} INFO - [2023-04-28T18:07:59.964-0300] {taskmixin.py:211} WARNING - Dependency <Task(BashOperator): create_entry_gcs>, delete_entry already registered for DAG: example_complex
[2023-04-28T18:07:59.964-0300] {logging_mixin.py:137} INFO - [2023-04-28T18:07:59.964-0300] {taskmixin.py:211} WARNING - Dependency <Task(BashOperator): delete_entry>, create_entry_gcs already registered for DAG: example_complex
[2023-04-28T18:07:59.964-0300] {logging_mixin.py:137} INFO - [2023-04-28T18:07:59.964-0300] {taskmixin.py:211} WARNING - Dependency <Task(BashOperator): create_tag>, delete_tag already registered for DAG: example_complex
[2023-04-28T18:07:59.964-0300] {logging_mixin.py:137} INFO - [2023-04-28T18:07:59.964-0300] {taskmixin.py:211} WARNING - Dependency <Task(BashOperator): delete_tag>, create_tag already registered for DAG: example_complex
[2023-04-28T18:07:59.970-0300] {processor.py:753} INFO - DAG(s) dict_keys(['example_complex']) retrieved from /home/lcscarv/projetos/indicium/desafio_5/.venv/lib/python3.8/site-packages/airflow/example_dags/example_complex.py
[2023-04-28T18:07:59.991-0300] {logging_mixin.py:137} INFO - [2023-04-28T18:07:59.991-0300] {dag.py:2705} INFO - Sync 1 DAGs
[2023-04-28T18:08:00.006-0300] {logging_mixin.py:137} INFO - [2023-04-28T18:08:00.006-0300] {dag.py:3452} INFO - Setting next_dagrun for example_complex to None, run_after=None
[2023-04-28T18:08:00.289-0300] {processor.py:175} INFO - Processing /home/lcscarv/projetos/indicium/desafio_5/.venv/lib/python3.8/site-packages/airflow/example_dags/example_complex.py took 0.338 seconds
[2023-04-28T18:08:56.141-0300] {processor.py:153} INFO - Started process (PID=5413) to work on /home/lcscarv/projetos/indicium/desafio_5/.venv/lib/python3.8/site-packages/airflow/example_dags/example_complex.py
[2023-04-28T18:08:56.143-0300] {processor.py:743} INFO - Processing file /home/lcscarv/projetos/indicium/desafio_5/.venv/lib/python3.8/site-packages/airflow/example_dags/example_complex.py for tasks to queue
[2023-04-28T18:08:56.143-0300] {logging_mixin.py:137} INFO - [2023-04-28T18:08:56.143-0300] {dagbag.py:532} INFO - Filling up the DagBag from /home/lcscarv/projetos/indicium/desafio_5/.venv/lib/python3.8/site-packages/airflow/example_dags/example_complex.py
[2023-04-28T18:08:56.151-0300] {logging_mixin.py:137} INFO - [2023-04-28T18:08:56.151-0300] {taskmixin.py:211} WARNING - Dependency <Task(BashOperator): create_entry_group>, delete_entry_group already registered for DAG: example_complex
[2023-04-28T18:08:56.151-0300] {logging_mixin.py:137} INFO - [2023-04-28T18:08:56.151-0300] {taskmixin.py:211} WARNING - Dependency <Task(BashOperator): delete_entry_group>, create_entry_group already registered for DAG: example_complex
[2023-04-28T18:08:56.152-0300] {logging_mixin.py:137} INFO - [2023-04-28T18:08:56.152-0300] {taskmixin.py:211} WARNING - Dependency <Task(BashOperator): create_entry_gcs>, delete_entry already registered for DAG: example_complex
[2023-04-28T18:08:56.152-0300] {logging_mixin.py:137} INFO - [2023-04-28T18:08:56.152-0300] {taskmixin.py:211} WARNING - Dependency <Task(BashOperator): delete_entry>, create_entry_gcs already registered for DAG: example_complex
[2023-04-28T18:08:56.152-0300] {logging_mixin.py:137} INFO - [2023-04-28T18:08:56.152-0300] {taskmixin.py:211} WARNING - Dependency <Task(BashOperator): create_tag>, delete_tag already registered for DAG: example_complex
[2023-04-28T18:08:56.152-0300] {logging_mixin.py:137} INFO - [2023-04-28T18:08:56.152-0300] {taskmixin.py:211} WARNING - Dependency <Task(BashOperator): delete_tag>, create_tag already registered for DAG: example_complex
[2023-04-28T18:08:56.157-0300] {processor.py:753} INFO - DAG(s) dict_keys(['example_complex']) retrieved from /home/lcscarv/projetos/indicium/desafio_5/.venv/lib/python3.8/site-packages/airflow/example_dags/example_complex.py
[2023-04-28T18:08:56.178-0300] {logging_mixin.py:137} INFO - [2023-04-28T18:08:56.178-0300] {dag.py:2705} INFO - Sync 1 DAGs
[2023-04-28T18:08:56.192-0300] {logging_mixin.py:137} INFO - [2023-04-28T18:08:56.191-0300] {dag.py:3452} INFO - Setting next_dagrun for example_complex to None, run_after=None
[2023-04-28T18:08:56.220-0300] {processor.py:175} INFO - Processing /home/lcscarv/projetos/indicium/desafio_5/.venv/lib/python3.8/site-packages/airflow/example_dags/example_complex.py took 0.080 seconds
[2023-04-28T18:09:43.584-0300] {processor.py:153} INFO - Started process (PID=5508) to work on /home/lcscarv/projetos/indicium/desafio_5/.venv/lib/python3.8/site-packages/airflow/example_dags/example_complex.py
[2023-04-28T18:09:43.585-0300] {processor.py:743} INFO - Processing file /home/lcscarv/projetos/indicium/desafio_5/.venv/lib/python3.8/site-packages/airflow/example_dags/example_complex.py for tasks to queue
[2023-04-28T18:09:43.586-0300] {logging_mixin.py:137} INFO - [2023-04-28T18:09:43.586-0300] {dagbag.py:532} INFO - Filling up the DagBag from /home/lcscarv/projetos/indicium/desafio_5/.venv/lib/python3.8/site-packages/airflow/example_dags/example_complex.py
[2023-04-28T18:09:43.594-0300] {logging_mixin.py:137} INFO - [2023-04-28T18:09:43.594-0300] {taskmixin.py:211} WARNING - Dependency <Task(BashOperator): create_entry_group>, delete_entry_group already registered for DAG: example_complex
[2023-04-28T18:09:43.594-0300] {logging_mixin.py:137} INFO - [2023-04-28T18:09:43.594-0300] {taskmixin.py:211} WARNING - Dependency <Task(BashOperator): delete_entry_group>, create_entry_group already registered for DAG: example_complex
[2023-04-28T18:09:43.594-0300] {logging_mixin.py:137} INFO - [2023-04-28T18:09:43.594-0300] {taskmixin.py:211} WARNING - Dependency <Task(BashOperator): create_entry_gcs>, delete_entry already registered for DAG: example_complex
[2023-04-28T18:09:43.594-0300] {logging_mixin.py:137} INFO - [2023-04-28T18:09:43.594-0300] {taskmixin.py:211} WARNING - Dependency <Task(BashOperator): delete_entry>, create_entry_gcs already registered for DAG: example_complex
[2023-04-28T18:09:43.595-0300] {logging_mixin.py:137} INFO - [2023-04-28T18:09:43.595-0300] {taskmixin.py:211} WARNING - Dependency <Task(BashOperator): create_tag>, delete_tag already registered for DAG: example_complex
[2023-04-28T18:09:43.595-0300] {logging_mixin.py:137} INFO - [2023-04-28T18:09:43.595-0300] {taskmixin.py:211} WARNING - Dependency <Task(BashOperator): delete_tag>, create_tag already registered for DAG: example_complex
[2023-04-28T18:09:43.600-0300] {processor.py:753} INFO - DAG(s) dict_keys(['example_complex']) retrieved from /home/lcscarv/projetos/indicium/desafio_5/.venv/lib/python3.8/site-packages/airflow/example_dags/example_complex.py
[2023-04-28T18:09:43.620-0300] {logging_mixin.py:137} INFO - [2023-04-28T18:09:43.620-0300] {dag.py:2705} INFO - Sync 1 DAGs
[2023-04-28T18:09:43.632-0300] {logging_mixin.py:137} INFO - [2023-04-28T18:09:43.632-0300] {dag.py:3452} INFO - Setting next_dagrun for example_complex to None, run_after=None
[2023-04-28T18:09:43.655-0300] {processor.py:175} INFO - Processing /home/lcscarv/projetos/indicium/desafio_5/.venv/lib/python3.8/site-packages/airflow/example_dags/example_complex.py took 0.072 seconds
[2023-04-28T18:10:37.099-0300] {processor.py:153} INFO - Started process (PID=5657) to work on /home/lcscarv/projetos/indicium/desafio_5/.venv/lib/python3.8/site-packages/airflow/example_dags/example_complex.py
[2023-04-28T18:10:37.100-0300] {processor.py:743} INFO - Processing file /home/lcscarv/projetos/indicium/desafio_5/.venv/lib/python3.8/site-packages/airflow/example_dags/example_complex.py for tasks to queue
[2023-04-28T18:10:37.101-0300] {logging_mixin.py:137} INFO - [2023-04-28T18:10:37.100-0300] {dagbag.py:532} INFO - Filling up the DagBag from /home/lcscarv/projetos/indicium/desafio_5/.venv/lib/python3.8/site-packages/airflow/example_dags/example_complex.py
[2023-04-28T18:10:37.108-0300] {logging_mixin.py:137} INFO - [2023-04-28T18:10:37.108-0300] {taskmixin.py:211} WARNING - Dependency <Task(BashOperator): create_entry_group>, delete_entry_group already registered for DAG: example_complex
[2023-04-28T18:10:37.108-0300] {logging_mixin.py:137} INFO - [2023-04-28T18:10:37.108-0300] {taskmixin.py:211} WARNING - Dependency <Task(BashOperator): delete_entry_group>, create_entry_group already registered for DAG: example_complex
[2023-04-28T18:10:37.108-0300] {logging_mixin.py:137} INFO - [2023-04-28T18:10:37.108-0300] {taskmixin.py:211} WARNING - Dependency <Task(BashOperator): create_entry_gcs>, delete_entry already registered for DAG: example_complex
[2023-04-28T18:10:37.109-0300] {logging_mixin.py:137} INFO - [2023-04-28T18:10:37.108-0300] {taskmixin.py:211} WARNING - Dependency <Task(BashOperator): delete_entry>, create_entry_gcs already registered for DAG: example_complex
[2023-04-28T18:10:37.109-0300] {logging_mixin.py:137} INFO - [2023-04-28T18:10:37.109-0300] {taskmixin.py:211} WARNING - Dependency <Task(BashOperator): create_tag>, delete_tag already registered for DAG: example_complex
[2023-04-28T18:10:37.109-0300] {logging_mixin.py:137} INFO - [2023-04-28T18:10:37.109-0300] {taskmixin.py:211} WARNING - Dependency <Task(BashOperator): delete_tag>, create_tag already registered for DAG: example_complex
[2023-04-28T18:10:37.113-0300] {processor.py:753} INFO - DAG(s) dict_keys(['example_complex']) retrieved from /home/lcscarv/projetos/indicium/desafio_5/.venv/lib/python3.8/site-packages/airflow/example_dags/example_complex.py
[2023-04-28T18:10:37.133-0300] {logging_mixin.py:137} INFO - [2023-04-28T18:10:37.133-0300] {dag.py:2705} INFO - Sync 1 DAGs
[2023-04-28T18:10:37.146-0300] {logging_mixin.py:137} INFO - [2023-04-28T18:10:37.146-0300] {dag.py:3452} INFO - Setting next_dagrun for example_complex to None, run_after=None
[2023-04-28T18:10:37.170-0300] {processor.py:175} INFO - Processing /home/lcscarv/projetos/indicium/desafio_5/.venv/lib/python3.8/site-packages/airflow/example_dags/example_complex.py took 0.074 seconds
[2023-04-28T18:11:33.989-0300] {processor.py:153} INFO - Started process (PID=5808) to work on /home/lcscarv/projetos/indicium/desafio_5/.venv/lib/python3.8/site-packages/airflow/example_dags/example_complex.py
[2023-04-28T18:11:33.990-0300] {processor.py:743} INFO - Processing file /home/lcscarv/projetos/indicium/desafio_5/.venv/lib/python3.8/site-packages/airflow/example_dags/example_complex.py for tasks to queue
[2023-04-28T18:11:33.991-0300] {logging_mixin.py:137} INFO - [2023-04-28T18:11:33.990-0300] {dagbag.py:532} INFO - Filling up the DagBag from /home/lcscarv/projetos/indicium/desafio_5/.venv/lib/python3.8/site-packages/airflow/example_dags/example_complex.py
[2023-04-28T18:11:33.998-0300] {logging_mixin.py:137} INFO - [2023-04-28T18:11:33.998-0300] {taskmixin.py:211} WARNING - Dependency <Task(BashOperator): create_entry_group>, delete_entry_group already registered for DAG: example_complex
[2023-04-28T18:11:33.998-0300] {logging_mixin.py:137} INFO - [2023-04-28T18:11:33.998-0300] {taskmixin.py:211} WARNING - Dependency <Task(BashOperator): delete_entry_group>, create_entry_group already registered for DAG: example_complex
[2023-04-28T18:11:33.998-0300] {logging_mixin.py:137} INFO - [2023-04-28T18:11:33.998-0300] {taskmixin.py:211} WARNING - Dependency <Task(BashOperator): create_entry_gcs>, delete_entry already registered for DAG: example_complex
[2023-04-28T18:11:33.999-0300] {logging_mixin.py:137} INFO - [2023-04-28T18:11:33.999-0300] {taskmixin.py:211} WARNING - Dependency <Task(BashOperator): delete_entry>, create_entry_gcs already registered for DAG: example_complex
[2023-04-28T18:11:33.999-0300] {logging_mixin.py:137} INFO - [2023-04-28T18:11:33.999-0300] {taskmixin.py:211} WARNING - Dependency <Task(BashOperator): create_tag>, delete_tag already registered for DAG: example_complex
[2023-04-28T18:11:33.999-0300] {logging_mixin.py:137} INFO - [2023-04-28T18:11:33.999-0300] {taskmixin.py:211} WARNING - Dependency <Task(BashOperator): delete_tag>, create_tag already registered for DAG: example_complex
[2023-04-28T18:11:34.004-0300] {processor.py:753} INFO - DAG(s) dict_keys(['example_complex']) retrieved from /home/lcscarv/projetos/indicium/desafio_5/.venv/lib/python3.8/site-packages/airflow/example_dags/example_complex.py
[2023-04-28T18:11:34.029-0300] {logging_mixin.py:137} INFO - [2023-04-28T18:11:34.029-0300] {dag.py:2705} INFO - Sync 1 DAGs
[2023-04-28T18:11:34.044-0300] {logging_mixin.py:137} INFO - [2023-04-28T18:11:34.044-0300] {dag.py:3452} INFO - Setting next_dagrun for example_complex to None, run_after=None
[2023-04-28T18:11:34.069-0300] {processor.py:175} INFO - Processing /home/lcscarv/projetos/indicium/desafio_5/.venv/lib/python3.8/site-packages/airflow/example_dags/example_complex.py took 0.082 seconds
[2023-04-28T18:12:24.887-0300] {processor.py:153} INFO - Started process (PID=5854) to work on /home/lcscarv/projetos/indicium/desafio_5/.venv/lib/python3.8/site-packages/airflow/example_dags/example_complex.py
[2023-04-28T18:12:24.888-0300] {processor.py:743} INFO - Processing file /home/lcscarv/projetos/indicium/desafio_5/.venv/lib/python3.8/site-packages/airflow/example_dags/example_complex.py for tasks to queue
[2023-04-28T18:12:24.889-0300] {logging_mixin.py:137} INFO - [2023-04-28T18:12:24.889-0300] {dagbag.py:532} INFO - Filling up the DagBag from /home/lcscarv/projetos/indicium/desafio_5/.venv/lib/python3.8/site-packages/airflow/example_dags/example_complex.py
[2023-04-28T18:12:24.896-0300] {logging_mixin.py:137} INFO - [2023-04-28T18:12:24.896-0300] {taskmixin.py:211} WARNING - Dependency <Task(BashOperator): create_entry_group>, delete_entry_group already registered for DAG: example_complex
[2023-04-28T18:12:24.896-0300] {logging_mixin.py:137} INFO - [2023-04-28T18:12:24.896-0300] {taskmixin.py:211} WARNING - Dependency <Task(BashOperator): delete_entry_group>, create_entry_group already registered for DAG: example_complex
[2023-04-28T18:12:24.897-0300] {logging_mixin.py:137} INFO - [2023-04-28T18:12:24.897-0300] {taskmixin.py:211} WARNING - Dependency <Task(BashOperator): create_entry_gcs>, delete_entry already registered for DAG: example_complex
[2023-04-28T18:12:24.897-0300] {logging_mixin.py:137} INFO - [2023-04-28T18:12:24.897-0300] {taskmixin.py:211} WARNING - Dependency <Task(BashOperator): delete_entry>, create_entry_gcs already registered for DAG: example_complex
[2023-04-28T18:12:24.897-0300] {logging_mixin.py:137} INFO - [2023-04-28T18:12:24.897-0300] {taskmixin.py:211} WARNING - Dependency <Task(BashOperator): create_tag>, delete_tag already registered for DAG: example_complex
[2023-04-28T18:12:24.897-0300] {logging_mixin.py:137} INFO - [2023-04-28T18:12:24.897-0300] {taskmixin.py:211} WARNING - Dependency <Task(BashOperator): delete_tag>, create_tag already registered for DAG: example_complex
[2023-04-28T18:12:24.902-0300] {processor.py:753} INFO - DAG(s) dict_keys(['example_complex']) retrieved from /home/lcscarv/projetos/indicium/desafio_5/.venv/lib/python3.8/site-packages/airflow/example_dags/example_complex.py
[2023-04-28T18:12:24.923-0300] {logging_mixin.py:137} INFO - [2023-04-28T18:12:24.923-0300] {dag.py:2705} INFO - Sync 1 DAGs
[2023-04-28T18:12:24.937-0300] {logging_mixin.py:137} INFO - [2023-04-28T18:12:24.936-0300] {dag.py:3452} INFO - Setting next_dagrun for example_complex to None, run_after=None
[2023-04-28T18:12:24.955-0300] {processor.py:175} INFO - Processing /home/lcscarv/projetos/indicium/desafio_5/.venv/lib/python3.8/site-packages/airflow/example_dags/example_complex.py took 0.070 seconds
[2023-04-28T18:13:21.496-0300] {processor.py:153} INFO - Started process (PID=5896) to work on /home/lcscarv/projetos/indicium/desafio_5/.venv/lib/python3.8/site-packages/airflow/example_dags/example_complex.py
[2023-04-28T18:13:21.585-0300] {processor.py:743} INFO - Processing file /home/lcscarv/projetos/indicium/desafio_5/.venv/lib/python3.8/site-packages/airflow/example_dags/example_complex.py for tasks to queue
[2023-04-28T18:13:21.586-0300] {logging_mixin.py:137} INFO - [2023-04-28T18:13:21.586-0300] {dagbag.py:532} INFO - Filling up the DagBag from /home/lcscarv/projetos/indicium/desafio_5/.venv/lib/python3.8/site-packages/airflow/example_dags/example_complex.py
[2023-04-28T18:13:21.597-0300] {logging_mixin.py:137} INFO - [2023-04-28T18:13:21.596-0300] {taskmixin.py:211} WARNING - Dependency <Task(BashOperator): create_entry_group>, delete_entry_group already registered for DAG: example_complex
[2023-04-28T18:13:21.597-0300] {logging_mixin.py:137} INFO - [2023-04-28T18:13:21.597-0300] {taskmixin.py:211} WARNING - Dependency <Task(BashOperator): delete_entry_group>, create_entry_group already registered for DAG: example_complex
[2023-04-28T18:13:21.597-0300] {logging_mixin.py:137} INFO - [2023-04-28T18:13:21.597-0300] {taskmixin.py:211} WARNING - Dependency <Task(BashOperator): create_entry_gcs>, delete_entry already registered for DAG: example_complex
[2023-04-28T18:13:21.597-0300] {logging_mixin.py:137} INFO - [2023-04-28T18:13:21.597-0300] {taskmixin.py:211} WARNING - Dependency <Task(BashOperator): delete_entry>, create_entry_gcs already registered for DAG: example_complex
[2023-04-28T18:13:21.597-0300] {logging_mixin.py:137} INFO - [2023-04-28T18:13:21.597-0300] {taskmixin.py:211} WARNING - Dependency <Task(BashOperator): create_tag>, delete_tag already registered for DAG: example_complex
[2023-04-28T18:13:21.598-0300] {logging_mixin.py:137} INFO - [2023-04-28T18:13:21.598-0300] {taskmixin.py:211} WARNING - Dependency <Task(BashOperator): delete_tag>, create_tag already registered for DAG: example_complex
[2023-04-28T18:13:21.606-0300] {processor.py:753} INFO - DAG(s) dict_keys(['example_complex']) retrieved from /home/lcscarv/projetos/indicium/desafio_5/.venv/lib/python3.8/site-packages/airflow/example_dags/example_complex.py
[2023-04-28T18:13:21.630-0300] {logging_mixin.py:137} INFO - [2023-04-28T18:13:21.630-0300] {dag.py:2705} INFO - Sync 1 DAGs
[2023-04-28T18:13:21.646-0300] {logging_mixin.py:137} INFO - [2023-04-28T18:13:21.645-0300] {dag.py:3452} INFO - Setting next_dagrun for example_complex to None, run_after=None
[2023-04-28T18:13:22.391-0300] {processor.py:175} INFO - Processing /home/lcscarv/projetos/indicium/desafio_5/.venv/lib/python3.8/site-packages/airflow/example_dags/example_complex.py took 0.897 seconds
[2023-04-28T18:14:15.413-0300] {processor.py:153} INFO - Started process (PID=5941) to work on /home/lcscarv/projetos/indicium/desafio_5/.venv/lib/python3.8/site-packages/airflow/example_dags/example_complex.py
[2023-04-28T18:14:15.454-0300] {processor.py:743} INFO - Processing file /home/lcscarv/projetos/indicium/desafio_5/.venv/lib/python3.8/site-packages/airflow/example_dags/example_complex.py for tasks to queue
[2023-04-28T18:14:15.455-0300] {logging_mixin.py:137} INFO - [2023-04-28T18:14:15.454-0300] {dagbag.py:532} INFO - Filling up the DagBag from /home/lcscarv/projetos/indicium/desafio_5/.venv/lib/python3.8/site-packages/airflow/example_dags/example_complex.py
[2023-04-28T18:14:15.463-0300] {logging_mixin.py:137} INFO - [2023-04-28T18:14:15.463-0300] {taskmixin.py:211} WARNING - Dependency <Task(BashOperator): create_entry_group>, delete_entry_group already registered for DAG: example_complex
[2023-04-28T18:14:15.463-0300] {logging_mixin.py:137} INFO - [2023-04-28T18:14:15.463-0300] {taskmixin.py:211} WARNING - Dependency <Task(BashOperator): delete_entry_group>, create_entry_group already registered for DAG: example_complex
[2023-04-28T18:14:15.463-0300] {logging_mixin.py:137} INFO - [2023-04-28T18:14:15.463-0300] {taskmixin.py:211} WARNING - Dependency <Task(BashOperator): create_entry_gcs>, delete_entry already registered for DAG: example_complex
[2023-04-28T18:14:15.464-0300] {logging_mixin.py:137} INFO - [2023-04-28T18:14:15.464-0300] {taskmixin.py:211} WARNING - Dependency <Task(BashOperator): delete_entry>, create_entry_gcs already registered for DAG: example_complex
[2023-04-28T18:14:15.464-0300] {logging_mixin.py:137} INFO - [2023-04-28T18:14:15.464-0300] {taskmixin.py:211} WARNING - Dependency <Task(BashOperator): create_tag>, delete_tag already registered for DAG: example_complex
[2023-04-28T18:14:15.464-0300] {logging_mixin.py:137} INFO - [2023-04-28T18:14:15.464-0300] {taskmixin.py:211} WARNING - Dependency <Task(BashOperator): delete_tag>, create_tag already registered for DAG: example_complex
[2023-04-28T18:14:15.468-0300] {processor.py:753} INFO - DAG(s) dict_keys(['example_complex']) retrieved from /home/lcscarv/projetos/indicium/desafio_5/.venv/lib/python3.8/site-packages/airflow/example_dags/example_complex.py
[2023-04-28T18:14:15.488-0300] {logging_mixin.py:137} INFO - [2023-04-28T18:14:15.487-0300] {dag.py:2705} INFO - Sync 1 DAGs
[2023-04-28T18:14:15.499-0300] {logging_mixin.py:137} INFO - [2023-04-28T18:14:15.499-0300] {dag.py:3452} INFO - Setting next_dagrun for example_complex to None, run_after=None
[2023-04-28T18:14:15.764-0300] {processor.py:175} INFO - Processing /home/lcscarv/projetos/indicium/desafio_5/.venv/lib/python3.8/site-packages/airflow/example_dags/example_complex.py took 0.354 seconds
[2023-04-28T18:15:18.515-0300] {processor.py:153} INFO - Started process (PID=6044) to work on /home/lcscarv/projetos/indicium/desafio_5/.venv/lib/python3.8/site-packages/airflow/example_dags/example_complex.py
[2023-04-28T18:15:18.515-0300] {processor.py:743} INFO - Processing file /home/lcscarv/projetos/indicium/desafio_5/.venv/lib/python3.8/site-packages/airflow/example_dags/example_complex.py for tasks to queue
[2023-04-28T18:15:18.516-0300] {logging_mixin.py:137} INFO - [2023-04-28T18:15:18.516-0300] {dagbag.py:532} INFO - Filling up the DagBag from /home/lcscarv/projetos/indicium/desafio_5/.venv/lib/python3.8/site-packages/airflow/example_dags/example_complex.py
[2023-04-28T18:15:18.524-0300] {logging_mixin.py:137} INFO - [2023-04-28T18:15:18.524-0300] {taskmixin.py:211} WARNING - Dependency <Task(BashOperator): create_entry_group>, delete_entry_group already registered for DAG: example_complex
[2023-04-28T18:15:18.524-0300] {logging_mixin.py:137} INFO - [2023-04-28T18:15:18.524-0300] {taskmixin.py:211} WARNING - Dependency <Task(BashOperator): delete_entry_group>, create_entry_group already registered for DAG: example_complex
[2023-04-28T18:15:18.524-0300] {logging_mixin.py:137} INFO - [2023-04-28T18:15:18.524-0300] {taskmixin.py:211} WARNING - Dependency <Task(BashOperator): create_entry_gcs>, delete_entry already registered for DAG: example_complex
[2023-04-28T18:15:18.524-0300] {logging_mixin.py:137} INFO - [2023-04-28T18:15:18.524-0300] {taskmixin.py:211} WARNING - Dependency <Task(BashOperator): delete_entry>, create_entry_gcs already registered for DAG: example_complex
[2023-04-28T18:15:18.524-0300] {logging_mixin.py:137} INFO - [2023-04-28T18:15:18.524-0300] {taskmixin.py:211} WARNING - Dependency <Task(BashOperator): create_tag>, delete_tag already registered for DAG: example_complex
[2023-04-28T18:15:18.524-0300] {logging_mixin.py:137} INFO - [2023-04-28T18:15:18.524-0300] {taskmixin.py:211} WARNING - Dependency <Task(BashOperator): delete_tag>, create_tag already registered for DAG: example_complex
[2023-04-28T18:15:18.529-0300] {processor.py:753} INFO - DAG(s) dict_keys(['example_complex']) retrieved from /home/lcscarv/projetos/indicium/desafio_5/.venv/lib/python3.8/site-packages/airflow/example_dags/example_complex.py
[2023-04-28T18:15:18.550-0300] {logging_mixin.py:137} INFO - [2023-04-28T18:15:18.550-0300] {dag.py:2705} INFO - Sync 1 DAGs
[2023-04-28T18:15:18.564-0300] {logging_mixin.py:137} INFO - [2023-04-28T18:15:18.564-0300] {dag.py:3452} INFO - Setting next_dagrun for example_complex to None, run_after=None
[2023-04-28T18:15:18.664-0300] {processor.py:175} INFO - Processing /home/lcscarv/projetos/indicium/desafio_5/.venv/lib/python3.8/site-packages/airflow/example_dags/example_complex.py took 0.151 seconds
[2023-04-28T18:16:16.353-0300] {processor.py:153} INFO - Started process (PID=6094) to work on /home/lcscarv/projetos/indicium/desafio_5/.venv/lib/python3.8/site-packages/airflow/example_dags/example_complex.py
[2023-04-28T18:16:16.374-0300] {processor.py:743} INFO - Processing file /home/lcscarv/projetos/indicium/desafio_5/.venv/lib/python3.8/site-packages/airflow/example_dags/example_complex.py for tasks to queue
[2023-04-28T18:16:16.374-0300] {logging_mixin.py:137} INFO - [2023-04-28T18:16:16.374-0300] {dagbag.py:532} INFO - Filling up the DagBag from /home/lcscarv/projetos/indicium/desafio_5/.venv/lib/python3.8/site-packages/airflow/example_dags/example_complex.py
[2023-04-28T18:16:16.384-0300] {logging_mixin.py:137} INFO - [2023-04-28T18:16:16.384-0300] {taskmixin.py:211} WARNING - Dependency <Task(BashOperator): create_entry_group>, delete_entry_group already registered for DAG: example_complex
[2023-04-28T18:16:16.384-0300] {logging_mixin.py:137} INFO - [2023-04-28T18:16:16.384-0300] {taskmixin.py:211} WARNING - Dependency <Task(BashOperator): delete_entry_group>, create_entry_group already registered for DAG: example_complex
[2023-04-28T18:16:16.385-0300] {logging_mixin.py:137} INFO - [2023-04-28T18:16:16.385-0300] {taskmixin.py:211} WARNING - Dependency <Task(BashOperator): create_entry_gcs>, delete_entry already registered for DAG: example_complex
[2023-04-28T18:16:16.385-0300] {logging_mixin.py:137} INFO - [2023-04-28T18:16:16.385-0300] {taskmixin.py:211} WARNING - Dependency <Task(BashOperator): delete_entry>, create_entry_gcs already registered for DAG: example_complex
[2023-04-28T18:16:16.385-0300] {logging_mixin.py:137} INFO - [2023-04-28T18:16:16.385-0300] {taskmixin.py:211} WARNING - Dependency <Task(BashOperator): create_tag>, delete_tag already registered for DAG: example_complex
[2023-04-28T18:16:16.385-0300] {logging_mixin.py:137} INFO - [2023-04-28T18:16:16.385-0300] {taskmixin.py:211} WARNING - Dependency <Task(BashOperator): delete_tag>, create_tag already registered for DAG: example_complex
[2023-04-28T18:16:16.389-0300] {processor.py:753} INFO - DAG(s) dict_keys(['example_complex']) retrieved from /home/lcscarv/projetos/indicium/desafio_5/.venv/lib/python3.8/site-packages/airflow/example_dags/example_complex.py
[2023-04-28T18:16:16.407-0300] {logging_mixin.py:137} INFO - [2023-04-28T18:16:16.407-0300] {dag.py:2705} INFO - Sync 1 DAGs
[2023-04-28T18:16:16.482-0300] {logging_mixin.py:137} INFO - [2023-04-28T18:16:16.482-0300] {dag.py:3452} INFO - Setting next_dagrun for example_complex to None, run_after=None
[2023-04-28T18:16:16.600-0300] {processor.py:175} INFO - Processing /home/lcscarv/projetos/indicium/desafio_5/.venv/lib/python3.8/site-packages/airflow/example_dags/example_complex.py took 0.249 seconds
[2023-04-28T18:17:14.873-0300] {processor.py:153} INFO - Started process (PID=6143) to work on /home/lcscarv/projetos/indicium/desafio_5/.venv/lib/python3.8/site-packages/airflow/example_dags/example_complex.py
[2023-04-28T18:17:14.899-0300] {processor.py:743} INFO - Processing file /home/lcscarv/projetos/indicium/desafio_5/.venv/lib/python3.8/site-packages/airflow/example_dags/example_complex.py for tasks to queue
[2023-04-28T18:17:14.900-0300] {logging_mixin.py:137} INFO - [2023-04-28T18:17:14.900-0300] {dagbag.py:532} INFO - Filling up the DagBag from /home/lcscarv/projetos/indicium/desafio_5/.venv/lib/python3.8/site-packages/airflow/example_dags/example_complex.py
[2023-04-28T18:17:14.911-0300] {logging_mixin.py:137} INFO - [2023-04-28T18:17:14.910-0300] {taskmixin.py:211} WARNING - Dependency <Task(BashOperator): create_entry_group>, delete_entry_group already registered for DAG: example_complex
[2023-04-28T18:17:14.911-0300] {logging_mixin.py:137} INFO - [2023-04-28T18:17:14.911-0300] {taskmixin.py:211} WARNING - Dependency <Task(BashOperator): delete_entry_group>, create_entry_group already registered for DAG: example_complex
[2023-04-28T18:17:14.911-0300] {logging_mixin.py:137} INFO - [2023-04-28T18:17:14.911-0300] {taskmixin.py:211} WARNING - Dependency <Task(BashOperator): create_entry_gcs>, delete_entry already registered for DAG: example_complex
[2023-04-28T18:17:14.911-0300] {logging_mixin.py:137} INFO - [2023-04-28T18:17:14.911-0300] {taskmixin.py:211} WARNING - Dependency <Task(BashOperator): delete_entry>, create_entry_gcs already registered for DAG: example_complex
[2023-04-28T18:17:14.912-0300] {logging_mixin.py:137} INFO - [2023-04-28T18:17:14.911-0300] {taskmixin.py:211} WARNING - Dependency <Task(BashOperator): create_tag>, delete_tag already registered for DAG: example_complex
[2023-04-28T18:17:14.912-0300] {logging_mixin.py:137} INFO - [2023-04-28T18:17:14.912-0300] {taskmixin.py:211} WARNING - Dependency <Task(BashOperator): delete_tag>, create_tag already registered for DAG: example_complex
[2023-04-28T18:17:14.917-0300] {processor.py:753} INFO - DAG(s) dict_keys(['example_complex']) retrieved from /home/lcscarv/projetos/indicium/desafio_5/.venv/lib/python3.8/site-packages/airflow/example_dags/example_complex.py
[2023-04-28T18:17:15.022-0300] {logging_mixin.py:137} INFO - [2023-04-28T18:17:15.022-0300] {dag.py:2705} INFO - Sync 1 DAGs
[2023-04-28T18:17:15.036-0300] {logging_mixin.py:137} INFO - [2023-04-28T18:17:15.036-0300] {dag.py:3452} INFO - Setting next_dagrun for example_complex to None, run_after=None
[2023-04-28T18:17:15.057-0300] {processor.py:175} INFO - Processing /home/lcscarv/projetos/indicium/desafio_5/.venv/lib/python3.8/site-packages/airflow/example_dags/example_complex.py took 0.187 seconds
[2023-04-28T18:18:08.961-0300] {processor.py:153} INFO - Started process (PID=6193) to work on /home/lcscarv/projetos/indicium/desafio_5/.venv/lib/python3.8/site-packages/airflow/example_dags/example_complex.py
[2023-04-28T18:18:08.962-0300] {processor.py:743} INFO - Processing file /home/lcscarv/projetos/indicium/desafio_5/.venv/lib/python3.8/site-packages/airflow/example_dags/example_complex.py for tasks to queue
[2023-04-28T18:18:08.963-0300] {logging_mixin.py:137} INFO - [2023-04-28T18:18:08.963-0300] {dagbag.py:532} INFO - Filling up the DagBag from /home/lcscarv/projetos/indicium/desafio_5/.venv/lib/python3.8/site-packages/airflow/example_dags/example_complex.py
[2023-04-28T18:18:08.971-0300] {logging_mixin.py:137} INFO - [2023-04-28T18:18:08.970-0300] {taskmixin.py:211} WARNING - Dependency <Task(BashOperator): create_entry_group>, delete_entry_group already registered for DAG: example_complex
[2023-04-28T18:18:08.971-0300] {logging_mixin.py:137} INFO - [2023-04-28T18:18:08.971-0300] {taskmixin.py:211} WARNING - Dependency <Task(BashOperator): delete_entry_group>, create_entry_group already registered for DAG: example_complex
[2023-04-28T18:18:08.971-0300] {logging_mixin.py:137} INFO - [2023-04-28T18:18:08.971-0300] {taskmixin.py:211} WARNING - Dependency <Task(BashOperator): create_entry_gcs>, delete_entry already registered for DAG: example_complex
[2023-04-28T18:18:08.971-0300] {logging_mixin.py:137} INFO - [2023-04-28T18:18:08.971-0300] {taskmixin.py:211} WARNING - Dependency <Task(BashOperator): delete_entry>, create_entry_gcs already registered for DAG: example_complex
[2023-04-28T18:18:08.971-0300] {logging_mixin.py:137} INFO - [2023-04-28T18:18:08.971-0300] {taskmixin.py:211} WARNING - Dependency <Task(BashOperator): create_tag>, delete_tag already registered for DAG: example_complex
[2023-04-28T18:18:08.971-0300] {logging_mixin.py:137} INFO - [2023-04-28T18:18:08.971-0300] {taskmixin.py:211} WARNING - Dependency <Task(BashOperator): delete_tag>, create_tag already registered for DAG: example_complex
[2023-04-28T18:18:08.977-0300] {processor.py:753} INFO - DAG(s) dict_keys(['example_complex']) retrieved from /home/lcscarv/projetos/indicium/desafio_5/.venv/lib/python3.8/site-packages/airflow/example_dags/example_complex.py
[2023-04-28T18:18:09.000-0300] {logging_mixin.py:137} INFO - [2023-04-28T18:18:08.999-0300] {dag.py:2705} INFO - Sync 1 DAGs
[2023-04-28T18:18:09.016-0300] {logging_mixin.py:137} INFO - [2023-04-28T18:18:09.016-0300] {dag.py:3452} INFO - Setting next_dagrun for example_complex to None, run_after=None
[2023-04-28T18:18:09.036-0300] {processor.py:175} INFO - Processing /home/lcscarv/projetos/indicium/desafio_5/.venv/lib/python3.8/site-packages/airflow/example_dags/example_complex.py took 0.077 seconds
[2023-04-28T18:19:05.162-0300] {processor.py:153} INFO - Started process (PID=6246) to work on /home/lcscarv/projetos/indicium/desafio_5/.venv/lib/python3.8/site-packages/airflow/example_dags/example_complex.py
[2023-04-28T18:19:05.165-0300] {processor.py:743} INFO - Processing file /home/lcscarv/projetos/indicium/desafio_5/.venv/lib/python3.8/site-packages/airflow/example_dags/example_complex.py for tasks to queue
[2023-04-28T18:19:05.166-0300] {logging_mixin.py:137} INFO - [2023-04-28T18:19:05.166-0300] {dagbag.py:532} INFO - Filling up the DagBag from /home/lcscarv/projetos/indicium/desafio_5/.venv/lib/python3.8/site-packages/airflow/example_dags/example_complex.py
[2023-04-28T18:19:05.186-0300] {logging_mixin.py:137} INFO - [2023-04-28T18:19:05.186-0300] {taskmixin.py:211} WARNING - Dependency <Task(BashOperator): create_entry_group>, delete_entry_group already registered for DAG: example_complex
[2023-04-28T18:19:05.187-0300] {logging_mixin.py:137} INFO - [2023-04-28T18:19:05.187-0300] {taskmixin.py:211} WARNING - Dependency <Task(BashOperator): delete_entry_group>, create_entry_group already registered for DAG: example_complex
[2023-04-28T18:19:05.187-0300] {logging_mixin.py:137} INFO - [2023-04-28T18:19:05.187-0300] {taskmixin.py:211} WARNING - Dependency <Task(BashOperator): create_entry_gcs>, delete_entry already registered for DAG: example_complex
[2023-04-28T18:19:05.188-0300] {logging_mixin.py:137} INFO - [2023-04-28T18:19:05.187-0300] {taskmixin.py:211} WARNING - Dependency <Task(BashOperator): delete_entry>, create_entry_gcs already registered for DAG: example_complex
[2023-04-28T18:19:05.188-0300] {logging_mixin.py:137} INFO - [2023-04-28T18:19:05.188-0300] {taskmixin.py:211} WARNING - Dependency <Task(BashOperator): create_tag>, delete_tag already registered for DAG: example_complex
[2023-04-28T18:19:05.188-0300] {logging_mixin.py:137} INFO - [2023-04-28T18:19:05.188-0300] {taskmixin.py:211} WARNING - Dependency <Task(BashOperator): delete_tag>, create_tag already registered for DAG: example_complex
[2023-04-28T18:19:05.211-0300] {processor.py:753} INFO - DAG(s) dict_keys(['example_complex']) retrieved from /home/lcscarv/projetos/indicium/desafio_5/.venv/lib/python3.8/site-packages/airflow/example_dags/example_complex.py
[2023-04-28T18:19:05.278-0300] {logging_mixin.py:137} INFO - [2023-04-28T18:19:05.277-0300] {dag.py:2705} INFO - Sync 1 DAGs
[2023-04-28T18:19:05.322-0300] {logging_mixin.py:137} INFO - [2023-04-28T18:19:05.321-0300] {dag.py:3452} INFO - Setting next_dagrun for example_complex to None, run_after=None
[2023-04-28T18:19:05.556-0300] {processor.py:175} INFO - Processing /home/lcscarv/projetos/indicium/desafio_5/.venv/lib/python3.8/site-packages/airflow/example_dags/example_complex.py took 0.405 seconds
[2023-04-28T18:19:52.938-0300] {processor.py:153} INFO - Started process (PID=6290) to work on /home/lcscarv/projetos/indicium/desafio_5/.venv/lib/python3.8/site-packages/airflow/example_dags/example_complex.py
[2023-04-28T18:19:52.939-0300] {processor.py:743} INFO - Processing file /home/lcscarv/projetos/indicium/desafio_5/.venv/lib/python3.8/site-packages/airflow/example_dags/example_complex.py for tasks to queue
[2023-04-28T18:19:52.939-0300] {logging_mixin.py:137} INFO - [2023-04-28T18:19:52.939-0300] {dagbag.py:532} INFO - Filling up the DagBag from /home/lcscarv/projetos/indicium/desafio_5/.venv/lib/python3.8/site-packages/airflow/example_dags/example_complex.py
[2023-04-28T18:19:52.946-0300] {logging_mixin.py:137} INFO - [2023-04-28T18:19:52.946-0300] {taskmixin.py:211} WARNING - Dependency <Task(BashOperator): create_entry_group>, delete_entry_group already registered for DAG: example_complex
[2023-04-28T18:19:52.946-0300] {logging_mixin.py:137} INFO - [2023-04-28T18:19:52.946-0300] {taskmixin.py:211} WARNING - Dependency <Task(BashOperator): delete_entry_group>, create_entry_group already registered for DAG: example_complex
[2023-04-28T18:19:52.946-0300] {logging_mixin.py:137} INFO - [2023-04-28T18:19:52.946-0300] {taskmixin.py:211} WARNING - Dependency <Task(BashOperator): create_entry_gcs>, delete_entry already registered for DAG: example_complex
[2023-04-28T18:19:52.946-0300] {logging_mixin.py:137} INFO - [2023-04-28T18:19:52.946-0300] {taskmixin.py:211} WARNING - Dependency <Task(BashOperator): delete_entry>, create_entry_gcs already registered for DAG: example_complex
[2023-04-28T18:19:52.947-0300] {logging_mixin.py:137} INFO - [2023-04-28T18:19:52.947-0300] {taskmixin.py:211} WARNING - Dependency <Task(BashOperator): create_tag>, delete_tag already registered for DAG: example_complex
[2023-04-28T18:19:52.947-0300] {logging_mixin.py:137} INFO - [2023-04-28T18:19:52.947-0300] {taskmixin.py:211} WARNING - Dependency <Task(BashOperator): delete_tag>, create_tag already registered for DAG: example_complex
[2023-04-28T18:19:52.951-0300] {processor.py:753} INFO - DAG(s) dict_keys(['example_complex']) retrieved from /home/lcscarv/projetos/indicium/desafio_5/.venv/lib/python3.8/site-packages/airflow/example_dags/example_complex.py
[2023-04-28T18:19:52.972-0300] {logging_mixin.py:137} INFO - [2023-04-28T18:19:52.972-0300] {dag.py:2705} INFO - Sync 1 DAGs
[2023-04-28T18:19:52.987-0300] {logging_mixin.py:137} INFO - [2023-04-28T18:19:52.987-0300] {dag.py:3452} INFO - Setting next_dagrun for example_complex to None, run_after=None
[2023-04-28T18:19:53.065-0300] {processor.py:175} INFO - Processing /home/lcscarv/projetos/indicium/desafio_5/.venv/lib/python3.8/site-packages/airflow/example_dags/example_complex.py took 0.129 seconds
[2023-04-28T18:20:43.925-0300] {processor.py:153} INFO - Started process (PID=6388) to work on /home/lcscarv/projetos/indicium/desafio_5/.venv/lib/python3.8/site-packages/airflow/example_dags/example_complex.py
[2023-04-28T18:20:43.926-0300] {processor.py:743} INFO - Processing file /home/lcscarv/projetos/indicium/desafio_5/.venv/lib/python3.8/site-packages/airflow/example_dags/example_complex.py for tasks to queue
[2023-04-28T18:20:43.927-0300] {logging_mixin.py:137} INFO - [2023-04-28T18:20:43.926-0300] {dagbag.py:532} INFO - Filling up the DagBag from /home/lcscarv/projetos/indicium/desafio_5/.venv/lib/python3.8/site-packages/airflow/example_dags/example_complex.py
[2023-04-28T18:20:43.935-0300] {logging_mixin.py:137} INFO - [2023-04-28T18:20:43.935-0300] {taskmixin.py:211} WARNING - Dependency <Task(BashOperator): create_entry_group>, delete_entry_group already registered for DAG: example_complex
[2023-04-28T18:20:43.935-0300] {logging_mixin.py:137} INFO - [2023-04-28T18:20:43.935-0300] {taskmixin.py:211} WARNING - Dependency <Task(BashOperator): delete_entry_group>, create_entry_group already registered for DAG: example_complex
[2023-04-28T18:20:43.935-0300] {logging_mixin.py:137} INFO - [2023-04-28T18:20:43.935-0300] {taskmixin.py:211} WARNING - Dependency <Task(BashOperator): create_entry_gcs>, delete_entry already registered for DAG: example_complex
[2023-04-28T18:20:43.935-0300] {logging_mixin.py:137} INFO - [2023-04-28T18:20:43.935-0300] {taskmixin.py:211} WARNING - Dependency <Task(BashOperator): delete_entry>, create_entry_gcs already registered for DAG: example_complex
[2023-04-28T18:20:43.936-0300] {logging_mixin.py:137} INFO - [2023-04-28T18:20:43.935-0300] {taskmixin.py:211} WARNING - Dependency <Task(BashOperator): create_tag>, delete_tag already registered for DAG: example_complex
[2023-04-28T18:20:43.936-0300] {logging_mixin.py:137} INFO - [2023-04-28T18:20:43.936-0300] {taskmixin.py:211} WARNING - Dependency <Task(BashOperator): delete_tag>, create_tag already registered for DAG: example_complex
[2023-04-28T18:20:43.942-0300] {processor.py:753} INFO - DAG(s) dict_keys(['example_complex']) retrieved from /home/lcscarv/projetos/indicium/desafio_5/.venv/lib/python3.8/site-packages/airflow/example_dags/example_complex.py
[2023-04-28T18:20:43.966-0300] {logging_mixin.py:137} INFO - [2023-04-28T18:20:43.966-0300] {dag.py:2705} INFO - Sync 1 DAGs
[2023-04-28T18:20:44.049-0300] {logging_mixin.py:137} INFO - [2023-04-28T18:20:44.049-0300] {dag.py:3452} INFO - Setting next_dagrun for example_complex to None, run_after=None
[2023-04-28T18:20:44.068-0300] {processor.py:175} INFO - Processing /home/lcscarv/projetos/indicium/desafio_5/.venv/lib/python3.8/site-packages/airflow/example_dags/example_complex.py took 0.146 seconds
[2023-04-28T18:21:32.263-0300] {processor.py:153} INFO - Started process (PID=6432) to work on /home/lcscarv/projetos/indicium/desafio_5/.venv/lib/python3.8/site-packages/airflow/example_dags/example_complex.py
[2023-04-28T18:21:32.624-0300] {processor.py:743} INFO - Processing file /home/lcscarv/projetos/indicium/desafio_5/.venv/lib/python3.8/site-packages/airflow/example_dags/example_complex.py for tasks to queue
[2023-04-28T18:21:32.625-0300] {logging_mixin.py:137} INFO - [2023-04-28T18:21:32.625-0300] {dagbag.py:532} INFO - Filling up the DagBag from /home/lcscarv/projetos/indicium/desafio_5/.venv/lib/python3.8/site-packages/airflow/example_dags/example_complex.py
[2023-04-28T18:21:32.633-0300] {logging_mixin.py:137} INFO - [2023-04-28T18:21:32.633-0300] {taskmixin.py:211} WARNING - Dependency <Task(BashOperator): create_entry_group>, delete_entry_group already registered for DAG: example_complex
[2023-04-28T18:21:32.633-0300] {logging_mixin.py:137} INFO - [2023-04-28T18:21:32.633-0300] {taskmixin.py:211} WARNING - Dependency <Task(BashOperator): delete_entry_group>, create_entry_group already registered for DAG: example_complex
[2023-04-28T18:21:32.633-0300] {logging_mixin.py:137} INFO - [2023-04-28T18:21:32.633-0300] {taskmixin.py:211} WARNING - Dependency <Task(BashOperator): create_entry_gcs>, delete_entry already registered for DAG: example_complex
[2023-04-28T18:21:32.633-0300] {logging_mixin.py:137} INFO - [2023-04-28T18:21:32.633-0300] {taskmixin.py:211} WARNING - Dependency <Task(BashOperator): delete_entry>, create_entry_gcs already registered for DAG: example_complex
[2023-04-28T18:21:32.633-0300] {logging_mixin.py:137} INFO - [2023-04-28T18:21:32.633-0300] {taskmixin.py:211} WARNING - Dependency <Task(BashOperator): create_tag>, delete_tag already registered for DAG: example_complex
[2023-04-28T18:21:32.634-0300] {logging_mixin.py:137} INFO - [2023-04-28T18:21:32.634-0300] {taskmixin.py:211} WARNING - Dependency <Task(BashOperator): delete_tag>, create_tag already registered for DAG: example_complex
[2023-04-28T18:21:32.638-0300] {processor.py:753} INFO - DAG(s) dict_keys(['example_complex']) retrieved from /home/lcscarv/projetos/indicium/desafio_5/.venv/lib/python3.8/site-packages/airflow/example_dags/example_complex.py
[2023-04-28T18:21:32.716-0300] {logging_mixin.py:137} INFO - [2023-04-28T18:21:32.716-0300] {dag.py:2705} INFO - Sync 1 DAGs
[2023-04-28T18:21:32.726-0300] {logging_mixin.py:137} INFO - [2023-04-28T18:21:32.726-0300] {dag.py:3452} INFO - Setting next_dagrun for example_complex to None, run_after=None
[2023-04-28T18:21:34.344-0300] {processor.py:175} INFO - Processing /home/lcscarv/projetos/indicium/desafio_5/.venv/lib/python3.8/site-packages/airflow/example_dags/example_complex.py took 2.084 seconds
