[2023-04-28T18:00:29.558-0300] {processor.py:153} INFO - Started process (PID=4595) to work on /home/lcscarv/projetos/indicium/desafio_5/.venv/lib/python3.8/site-packages/airflow/example_dags/tutorial.py
[2023-04-28T18:00:29.559-0300] {processor.py:743} INFO - Processing file /home/lcscarv/projetos/indicium/desafio_5/.venv/lib/python3.8/site-packages/airflow/example_dags/tutorial.py for tasks to queue
[2023-04-28T18:00:29.559-0300] {logging_mixin.py:137} INFO - [2023-04-28T18:00:29.559-0300] {dagbag.py:532} INFO - Filling up the DagBag from /home/lcscarv/projetos/indicium/desafio_5/.venv/lib/python3.8/site-packages/airflow/example_dags/tutorial.py
[2023-04-28T18:00:29.570-0300] {processor.py:753} INFO - DAG(s) dict_keys(['tutorial']) retrieved from /home/lcscarv/projetos/indicium/desafio_5/.venv/lib/python3.8/site-packages/airflow/example_dags/tutorial.py
[2023-04-28T18:00:29.591-0300] {logging_mixin.py:137} INFO - [2023-04-28T18:00:29.591-0300] {dag.py:2705} INFO - Sync 1 DAGs
[2023-04-28T18:00:29.607-0300] {logging_mixin.py:137} INFO - [2023-04-28T18:00:29.607-0300] {dag.py:3452} INFO - Setting next_dagrun for tutorial to 2023-04-27T21:00:29.607005+00:00, run_after=2023-04-28T21:00:29.607005+00:00
[2023-04-28T18:00:29.631-0300] {processor.py:175} INFO - Processing /home/lcscarv/projetos/indicium/desafio_5/.venv/lib/python3.8/site-packages/airflow/example_dags/tutorial.py took 0.077 seconds
[2023-04-28T18:01:10.254-0300] {processor.py:153} INFO - Started process (PID=4637) to work on /home/lcscarv/projetos/indicium/desafio_5/.venv/lib/python3.8/site-packages/airflow/example_dags/tutorial.py
[2023-04-28T18:01:10.256-0300] {processor.py:743} INFO - Processing file /home/lcscarv/projetos/indicium/desafio_5/.venv/lib/python3.8/site-packages/airflow/example_dags/tutorial.py for tasks to queue
[2023-04-28T18:01:10.256-0300] {logging_mixin.py:137} INFO - [2023-04-28T18:01:10.256-0300] {dagbag.py:532} INFO - Filling up the DagBag from /home/lcscarv/projetos/indicium/desafio_5/.venv/lib/python3.8/site-packages/airflow/example_dags/tutorial.py
[2023-04-28T18:01:10.265-0300] {processor.py:753} INFO - DAG(s) dict_keys(['tutorial']) retrieved from /home/lcscarv/projetos/indicium/desafio_5/.venv/lib/python3.8/site-packages/airflow/example_dags/tutorial.py
[2023-04-28T18:01:10.279-0300] {logging_mixin.py:137} INFO - [2023-04-28T18:01:10.279-0300] {dag.py:2705} INFO - Sync 1 DAGs
[2023-04-28T18:01:10.292-0300] {logging_mixin.py:137} INFO - [2023-04-28T18:01:10.292-0300] {dag.py:3452} INFO - Setting next_dagrun for tutorial to 2023-04-27T21:01:10.291931+00:00, run_after=2023-04-28T21:01:10.291931+00:00
[2023-04-28T18:01:10.309-0300] {processor.py:175} INFO - Processing /home/lcscarv/projetos/indicium/desafio_5/.venv/lib/python3.8/site-packages/airflow/example_dags/tutorial.py took 0.058 seconds
[2023-04-28T18:01:55.599-0300] {processor.py:153} INFO - Started process (PID=4679) to work on /home/lcscarv/projetos/indicium/desafio_5/.venv/lib/python3.8/site-packages/airflow/example_dags/tutorial.py
[2023-04-28T18:01:55.606-0300] {processor.py:743} INFO - Processing file /home/lcscarv/projetos/indicium/desafio_5/.venv/lib/python3.8/site-packages/airflow/example_dags/tutorial.py for tasks to queue
[2023-04-28T18:01:55.607-0300] {logging_mixin.py:137} INFO - [2023-04-28T18:01:55.607-0300] {dagbag.py:532} INFO - Filling up the DagBag from /home/lcscarv/projetos/indicium/desafio_5/.venv/lib/python3.8/site-packages/airflow/example_dags/tutorial.py
[2023-04-28T18:01:55.644-0300] {processor.py:753} INFO - DAG(s) dict_keys(['tutorial']) retrieved from /home/lcscarv/projetos/indicium/desafio_5/.venv/lib/python3.8/site-packages/airflow/example_dags/tutorial.py
[2023-04-28T18:01:55.702-0300] {logging_mixin.py:137} INFO - [2023-04-28T18:01:55.702-0300] {dag.py:2705} INFO - Sync 1 DAGs
[2023-04-28T18:01:55.765-0300] {logging_mixin.py:137} INFO - [2023-04-28T18:01:55.765-0300] {dag.py:3452} INFO - Setting next_dagrun for tutorial to 2023-04-27T21:01:55.764978+00:00, run_after=2023-04-28T21:01:55.764978+00:00
[2023-04-28T18:01:55.827-0300] {processor.py:175} INFO - Processing /home/lcscarv/projetos/indicium/desafio_5/.venv/lib/python3.8/site-packages/airflow/example_dags/tutorial.py took 0.242 seconds
[2023-04-28T18:02:53.166-0300] {processor.py:153} INFO - Started process (PID=4792) to work on /home/lcscarv/projetos/indicium/desafio_5/.venv/lib/python3.8/site-packages/airflow/example_dags/tutorial.py
[2023-04-28T18:02:53.168-0300] {processor.py:743} INFO - Processing file /home/lcscarv/projetos/indicium/desafio_5/.venv/lib/python3.8/site-packages/airflow/example_dags/tutorial.py for tasks to queue
[2023-04-28T18:02:53.169-0300] {logging_mixin.py:137} INFO - [2023-04-28T18:02:53.169-0300] {dagbag.py:532} INFO - Filling up the DagBag from /home/lcscarv/projetos/indicium/desafio_5/.venv/lib/python3.8/site-packages/airflow/example_dags/tutorial.py
[2023-04-28T18:02:53.192-0300] {processor.py:753} INFO - DAG(s) dict_keys(['tutorial']) retrieved from /home/lcscarv/projetos/indicium/desafio_5/.venv/lib/python3.8/site-packages/airflow/example_dags/tutorial.py
[2023-04-28T18:02:53.211-0300] {logging_mixin.py:137} INFO - [2023-04-28T18:02:53.211-0300] {dag.py:2705} INFO - Sync 1 DAGs
[2023-04-28T18:02:53.233-0300] {logging_mixin.py:137} INFO - [2023-04-28T18:02:53.233-0300] {dag.py:3452} INFO - Setting next_dagrun for tutorial to 2023-04-27T21:02:53.233356+00:00, run_after=2023-04-28T21:02:53.233356+00:00
[2023-04-28T18:02:53.261-0300] {processor.py:175} INFO - Processing /home/lcscarv/projetos/indicium/desafio_5/.venv/lib/python3.8/site-packages/airflow/example_dags/tutorial.py took 0.101 seconds
[2023-04-28T18:03:33.096-0300] {processor.py:153} INFO - Started process (PID=4858) to work on /home/lcscarv/projetos/indicium/desafio_5/.venv/lib/python3.8/site-packages/airflow/example_dags/tutorial.py
[2023-04-28T18:03:33.097-0300] {processor.py:743} INFO - Processing file /home/lcscarv/projetos/indicium/desafio_5/.venv/lib/python3.8/site-packages/airflow/example_dags/tutorial.py for tasks to queue
[2023-04-28T18:03:33.097-0300] {logging_mixin.py:137} INFO - [2023-04-28T18:03:33.097-0300] {dagbag.py:532} INFO - Filling up the DagBag from /home/lcscarv/projetos/indicium/desafio_5/.venv/lib/python3.8/site-packages/airflow/example_dags/tutorial.py
[2023-04-28T18:03:33.106-0300] {processor.py:753} INFO - DAG(s) dict_keys(['tutorial']) retrieved from /home/lcscarv/projetos/indicium/desafio_5/.venv/lib/python3.8/site-packages/airflow/example_dags/tutorial.py
[2023-04-28T18:03:33.119-0300] {logging_mixin.py:137} INFO - [2023-04-28T18:03:33.119-0300] {dag.py:2705} INFO - Sync 1 DAGs
[2023-04-28T18:03:33.131-0300] {logging_mixin.py:137} INFO - [2023-04-28T18:03:33.131-0300] {dag.py:3452} INFO - Setting next_dagrun for tutorial to 2023-04-27T21:03:33.131343+00:00, run_after=2023-04-28T21:03:33.131343+00:00
[2023-04-28T18:03:33.149-0300] {processor.py:175} INFO - Processing /home/lcscarv/projetos/indicium/desafio_5/.venv/lib/python3.8/site-packages/airflow/example_dags/tutorial.py took 0.056 seconds
[2023-04-28T18:04:13.986-0300] {processor.py:153} INFO - Started process (PID=4900) to work on /home/lcscarv/projetos/indicium/desafio_5/.venv/lib/python3.8/site-packages/airflow/example_dags/tutorial.py
[2023-04-28T18:04:13.988-0300] {processor.py:743} INFO - Processing file /home/lcscarv/projetos/indicium/desafio_5/.venv/lib/python3.8/site-packages/airflow/example_dags/tutorial.py for tasks to queue
[2023-04-28T18:04:13.988-0300] {logging_mixin.py:137} INFO - [2023-04-28T18:04:13.988-0300] {dagbag.py:532} INFO - Filling up the DagBag from /home/lcscarv/projetos/indicium/desafio_5/.venv/lib/python3.8/site-packages/airflow/example_dags/tutorial.py
[2023-04-28T18:04:13.998-0300] {processor.py:753} INFO - DAG(s) dict_keys(['tutorial']) retrieved from /home/lcscarv/projetos/indicium/desafio_5/.venv/lib/python3.8/site-packages/airflow/example_dags/tutorial.py
[2023-04-28T18:04:14.011-0300] {logging_mixin.py:137} INFO - [2023-04-28T18:04:14.011-0300] {dag.py:2705} INFO - Sync 1 DAGs
[2023-04-28T18:04:14.024-0300] {logging_mixin.py:137} INFO - [2023-04-28T18:04:14.024-0300] {dag.py:3452} INFO - Setting next_dagrun for tutorial to 2023-04-27T21:04:14.024209+00:00, run_after=2023-04-28T21:04:14.024209+00:00
[2023-04-28T18:04:14.044-0300] {processor.py:175} INFO - Processing /home/lcscarv/projetos/indicium/desafio_5/.venv/lib/python3.8/site-packages/airflow/example_dags/tutorial.py took 0.059 seconds
[2023-04-28T18:04:52.343-0300] {processor.py:153} INFO - Started process (PID=4988) to work on /home/lcscarv/projetos/indicium/desafio_5/.venv/lib/python3.8/site-packages/airflow/example_dags/tutorial.py
[2023-04-28T18:04:52.344-0300] {processor.py:743} INFO - Processing file /home/lcscarv/projetos/indicium/desafio_5/.venv/lib/python3.8/site-packages/airflow/example_dags/tutorial.py for tasks to queue
[2023-04-28T18:04:52.344-0300] {logging_mixin.py:137} INFO - [2023-04-28T18:04:52.344-0300] {dagbag.py:532} INFO - Filling up the DagBag from /home/lcscarv/projetos/indicium/desafio_5/.venv/lib/python3.8/site-packages/airflow/example_dags/tutorial.py
[2023-04-28T18:04:52.353-0300] {processor.py:753} INFO - DAG(s) dict_keys(['tutorial']) retrieved from /home/lcscarv/projetos/indicium/desafio_5/.venv/lib/python3.8/site-packages/airflow/example_dags/tutorial.py
[2023-04-28T18:04:52.365-0300] {logging_mixin.py:137} INFO - [2023-04-28T18:04:52.365-0300] {dag.py:2705} INFO - Sync 1 DAGs
[2023-04-28T18:04:52.377-0300] {logging_mixin.py:137} INFO - [2023-04-28T18:04:52.377-0300] {dag.py:3452} INFO - Setting next_dagrun for tutorial to 2023-04-27T21:04:52.377198+00:00, run_after=2023-04-28T21:04:52.377198+00:00
[2023-04-28T18:04:52.396-0300] {processor.py:175} INFO - Processing /home/lcscarv/projetos/indicium/desafio_5/.venv/lib/python3.8/site-packages/airflow/example_dags/tutorial.py took 0.055 seconds
[2023-04-28T18:05:34.081-0300] {processor.py:153} INFO - Started process (PID=5082) to work on /home/lcscarv/projetos/indicium/desafio_5/.venv/lib/python3.8/site-packages/airflow/example_dags/tutorial.py
[2023-04-28T18:05:34.082-0300] {processor.py:743} INFO - Processing file /home/lcscarv/projetos/indicium/desafio_5/.venv/lib/python3.8/site-packages/airflow/example_dags/tutorial.py for tasks to queue
[2023-04-28T18:05:34.082-0300] {logging_mixin.py:137} INFO - [2023-04-28T18:05:34.082-0300] {dagbag.py:532} INFO - Filling up the DagBag from /home/lcscarv/projetos/indicium/desafio_5/.venv/lib/python3.8/site-packages/airflow/example_dags/tutorial.py
[2023-04-28T18:05:34.091-0300] {processor.py:753} INFO - DAG(s) dict_keys(['tutorial']) retrieved from /home/lcscarv/projetos/indicium/desafio_5/.venv/lib/python3.8/site-packages/airflow/example_dags/tutorial.py
[2023-04-28T18:05:34.103-0300] {logging_mixin.py:137} INFO - [2023-04-28T18:05:34.103-0300] {dag.py:2705} INFO - Sync 1 DAGs
[2023-04-28T18:05:34.114-0300] {logging_mixin.py:137} INFO - [2023-04-28T18:05:34.114-0300] {dag.py:3452} INFO - Setting next_dagrun for tutorial to 2023-04-27T21:05:34.114640+00:00, run_after=2023-04-28T21:05:34.114640+00:00
[2023-04-28T18:05:34.132-0300] {processor.py:175} INFO - Processing /home/lcscarv/projetos/indicium/desafio_5/.venv/lib/python3.8/site-packages/airflow/example_dags/tutorial.py took 0.052 seconds
[2023-04-28T18:06:16.335-0300] {processor.py:153} INFO - Started process (PID=5126) to work on /home/lcscarv/projetos/indicium/desafio_5/.venv/lib/python3.8/site-packages/airflow/example_dags/tutorial.py
[2023-04-28T18:06:16.339-0300] {processor.py:743} INFO - Processing file /home/lcscarv/projetos/indicium/desafio_5/.venv/lib/python3.8/site-packages/airflow/example_dags/tutorial.py for tasks to queue
[2023-04-28T18:06:16.339-0300] {logging_mixin.py:137} INFO - [2023-04-28T18:06:16.339-0300] {dagbag.py:532} INFO - Filling up the DagBag from /home/lcscarv/projetos/indicium/desafio_5/.venv/lib/python3.8/site-packages/airflow/example_dags/tutorial.py
[2023-04-28T18:06:16.349-0300] {processor.py:753} INFO - DAG(s) dict_keys(['tutorial']) retrieved from /home/lcscarv/projetos/indicium/desafio_5/.venv/lib/python3.8/site-packages/airflow/example_dags/tutorial.py
[2023-04-28T18:06:16.361-0300] {logging_mixin.py:137} INFO - [2023-04-28T18:06:16.361-0300] {dag.py:2705} INFO - Sync 1 DAGs
[2023-04-28T18:06:16.372-0300] {logging_mixin.py:137} INFO - [2023-04-28T18:06:16.372-0300] {dag.py:3452} INFO - Setting next_dagrun for tutorial to 2023-04-27T21:06:16.372585+00:00, run_after=2023-04-28T21:06:16.372585+00:00
[2023-04-28T18:06:16.390-0300] {processor.py:175} INFO - Processing /home/lcscarv/projetos/indicium/desafio_5/.venv/lib/python3.8/site-packages/airflow/example_dags/tutorial.py took 0.058 seconds
[2023-04-28T18:07:16.987-0300] {processor.py:153} INFO - Started process (PID=5178) to work on /home/lcscarv/projetos/indicium/desafio_5/.venv/lib/python3.8/site-packages/airflow/example_dags/tutorial.py
[2023-04-28T18:07:16.988-0300] {processor.py:743} INFO - Processing file /home/lcscarv/projetos/indicium/desafio_5/.venv/lib/python3.8/site-packages/airflow/example_dags/tutorial.py for tasks to queue
[2023-04-28T18:07:16.989-0300] {logging_mixin.py:137} INFO - [2023-04-28T18:07:16.989-0300] {dagbag.py:532} INFO - Filling up the DagBag from /home/lcscarv/projetos/indicium/desafio_5/.venv/lib/python3.8/site-packages/airflow/example_dags/tutorial.py
[2023-04-28T18:07:17.006-0300] {processor.py:753} INFO - DAG(s) dict_keys(['tutorial']) retrieved from /home/lcscarv/projetos/indicium/desafio_5/.venv/lib/python3.8/site-packages/airflow/example_dags/tutorial.py
[2023-04-28T18:07:17.026-0300] {logging_mixin.py:137} INFO - [2023-04-28T18:07:17.026-0300] {dag.py:2705} INFO - Sync 1 DAGs
[2023-04-28T18:07:17.042-0300] {logging_mixin.py:137} INFO - [2023-04-28T18:07:17.042-0300] {dag.py:3452} INFO - Setting next_dagrun for tutorial to 2023-04-27T21:07:17.042462+00:00, run_after=2023-04-28T21:07:17.042462+00:00
[2023-04-28T18:07:17.067-0300] {processor.py:175} INFO - Processing /home/lcscarv/projetos/indicium/desafio_5/.venv/lib/python3.8/site-packages/airflow/example_dags/tutorial.py took 0.084 seconds
[2023-04-28T18:08:11.693-0300] {processor.py:153} INFO - Started process (PID=5372) to work on /home/lcscarv/projetos/indicium/desafio_5/.venv/lib/python3.8/site-packages/airflow/example_dags/tutorial.py
[2023-04-28T18:08:11.790-0300] {processor.py:743} INFO - Processing file /home/lcscarv/projetos/indicium/desafio_5/.venv/lib/python3.8/site-packages/airflow/example_dags/tutorial.py for tasks to queue
[2023-04-28T18:08:11.791-0300] {logging_mixin.py:137} INFO - [2023-04-28T18:08:11.791-0300] {dagbag.py:532} INFO - Filling up the DagBag from /home/lcscarv/projetos/indicium/desafio_5/.venv/lib/python3.8/site-packages/airflow/example_dags/tutorial.py
[2023-04-28T18:08:11.801-0300] {processor.py:753} INFO - DAG(s) dict_keys(['tutorial']) retrieved from /home/lcscarv/projetos/indicium/desafio_5/.venv/lib/python3.8/site-packages/airflow/example_dags/tutorial.py
[2023-04-28T18:08:11.813-0300] {logging_mixin.py:137} INFO - [2023-04-28T18:08:11.813-0300] {dag.py:2705} INFO - Sync 1 DAGs
[2023-04-28T18:08:11.825-0300] {logging_mixin.py:137} INFO - [2023-04-28T18:08:11.825-0300] {dag.py:3452} INFO - Setting next_dagrun for tutorial to 2023-04-27T21:08:11.825323+00:00, run_after=2023-04-28T21:08:11.825323+00:00
[2023-04-28T18:08:12.130-0300] {processor.py:175} INFO - Processing /home/lcscarv/projetos/indicium/desafio_5/.venv/lib/python3.8/site-packages/airflow/example_dags/tutorial.py took 0.439 seconds
[2023-04-28T18:08:59.011-0300] {processor.py:153} INFO - Started process (PID=5415) to work on /home/lcscarv/projetos/indicium/desafio_5/.venv/lib/python3.8/site-packages/airflow/example_dags/tutorial.py
[2023-04-28T18:08:59.016-0300] {processor.py:743} INFO - Processing file /home/lcscarv/projetos/indicium/desafio_5/.venv/lib/python3.8/site-packages/airflow/example_dags/tutorial.py for tasks to queue
[2023-04-28T18:08:59.017-0300] {logging_mixin.py:137} INFO - [2023-04-28T18:08:59.017-0300] {dagbag.py:532} INFO - Filling up the DagBag from /home/lcscarv/projetos/indicium/desafio_5/.venv/lib/python3.8/site-packages/airflow/example_dags/tutorial.py
[2023-04-28T18:08:59.026-0300] {processor.py:753} INFO - DAG(s) dict_keys(['tutorial']) retrieved from /home/lcscarv/projetos/indicium/desafio_5/.venv/lib/python3.8/site-packages/airflow/example_dags/tutorial.py
[2023-04-28T18:08:59.038-0300] {logging_mixin.py:137} INFO - [2023-04-28T18:08:59.038-0300] {dag.py:2705} INFO - Sync 1 DAGs
[2023-04-28T18:08:59.050-0300] {logging_mixin.py:137} INFO - [2023-04-28T18:08:59.050-0300] {dag.py:3452} INFO - Setting next_dagrun for tutorial to 2023-04-27T21:08:59.049962+00:00, run_after=2023-04-28T21:08:59.049962+00:00
[2023-04-28T18:08:59.199-0300] {processor.py:175} INFO - Processing /home/lcscarv/projetos/indicium/desafio_5/.venv/lib/python3.8/site-packages/airflow/example_dags/tutorial.py took 0.191 seconds
[2023-04-28T18:09:39.584-0300] {processor.py:153} INFO - Started process (PID=5504) to work on /home/lcscarv/projetos/indicium/desafio_5/.venv/lib/python3.8/site-packages/airflow/example_dags/tutorial.py
[2023-04-28T18:09:39.585-0300] {processor.py:743} INFO - Processing file /home/lcscarv/projetos/indicium/desafio_5/.venv/lib/python3.8/site-packages/airflow/example_dags/tutorial.py for tasks to queue
[2023-04-28T18:09:39.585-0300] {logging_mixin.py:137} INFO - [2023-04-28T18:09:39.585-0300] {dagbag.py:532} INFO - Filling up the DagBag from /home/lcscarv/projetos/indicium/desafio_5/.venv/lib/python3.8/site-packages/airflow/example_dags/tutorial.py
[2023-04-28T18:09:39.595-0300] {processor.py:753} INFO - DAG(s) dict_keys(['tutorial']) retrieved from /home/lcscarv/projetos/indicium/desafio_5/.venv/lib/python3.8/site-packages/airflow/example_dags/tutorial.py
[2023-04-28T18:09:39.608-0300] {logging_mixin.py:137} INFO - [2023-04-28T18:09:39.608-0300] {dag.py:2705} INFO - Sync 1 DAGs
[2023-04-28T18:09:39.621-0300] {logging_mixin.py:137} INFO - [2023-04-28T18:09:39.621-0300] {dag.py:3452} INFO - Setting next_dagrun for tutorial to 2023-04-27T21:09:39.620937+00:00, run_after=2023-04-28T21:09:39.620937+00:00
[2023-04-28T18:09:39.640-0300] {processor.py:175} INFO - Processing /home/lcscarv/projetos/indicium/desafio_5/.venv/lib/python3.8/site-packages/airflow/example_dags/tutorial.py took 0.058 seconds
[2023-04-28T18:10:31.451-0300] {processor.py:153} INFO - Started process (PID=5650) to work on /home/lcscarv/projetos/indicium/desafio_5/.venv/lib/python3.8/site-packages/airflow/example_dags/tutorial.py
[2023-04-28T18:10:31.452-0300] {processor.py:743} INFO - Processing file /home/lcscarv/projetos/indicium/desafio_5/.venv/lib/python3.8/site-packages/airflow/example_dags/tutorial.py for tasks to queue
[2023-04-28T18:10:31.453-0300] {logging_mixin.py:137} INFO - [2023-04-28T18:10:31.453-0300] {dagbag.py:532} INFO - Filling up the DagBag from /home/lcscarv/projetos/indicium/desafio_5/.venv/lib/python3.8/site-packages/airflow/example_dags/tutorial.py
[2023-04-28T18:10:31.465-0300] {processor.py:753} INFO - DAG(s) dict_keys(['tutorial']) retrieved from /home/lcscarv/projetos/indicium/desafio_5/.venv/lib/python3.8/site-packages/airflow/example_dags/tutorial.py
[2023-04-28T18:10:31.481-0300] {logging_mixin.py:137} INFO - [2023-04-28T18:10:31.481-0300] {dag.py:2705} INFO - Sync 1 DAGs
[2023-04-28T18:10:31.498-0300] {logging_mixin.py:137} INFO - [2023-04-28T18:10:31.498-0300] {dag.py:3452} INFO - Setting next_dagrun for tutorial to 2023-04-27T21:10:31.498503+00:00, run_after=2023-04-28T21:10:31.498503+00:00
[2023-04-28T18:10:31.551-0300] {processor.py:175} INFO - Processing /home/lcscarv/projetos/indicium/desafio_5/.venv/lib/python3.8/site-packages/airflow/example_dags/tutorial.py took 0.102 seconds
[2023-04-28T18:11:24.859-0300] {processor.py:153} INFO - Started process (PID=5749) to work on /home/lcscarv/projetos/indicium/desafio_5/.venv/lib/python3.8/site-packages/airflow/example_dags/tutorial.py
[2023-04-28T18:11:24.876-0300] {processor.py:743} INFO - Processing file /home/lcscarv/projetos/indicium/desafio_5/.venv/lib/python3.8/site-packages/airflow/example_dags/tutorial.py for tasks to queue
[2023-04-28T18:11:24.877-0300] {logging_mixin.py:137} INFO - [2023-04-28T18:11:24.877-0300] {dagbag.py:532} INFO - Filling up the DagBag from /home/lcscarv/projetos/indicium/desafio_5/.venv/lib/python3.8/site-packages/airflow/example_dags/tutorial.py
[2023-04-28T18:11:24.887-0300] {processor.py:753} INFO - DAG(s) dict_keys(['tutorial']) retrieved from /home/lcscarv/projetos/indicium/desafio_5/.venv/lib/python3.8/site-packages/airflow/example_dags/tutorial.py
[2023-04-28T18:11:24.901-0300] {logging_mixin.py:137} INFO - [2023-04-28T18:11:24.900-0300] {dag.py:2705} INFO - Sync 1 DAGs
[2023-04-28T18:11:24.913-0300] {logging_mixin.py:137} INFO - [2023-04-28T18:11:24.913-0300] {dag.py:3452} INFO - Setting next_dagrun for tutorial to 2023-04-27T21:11:24.913059+00:00, run_after=2023-04-28T21:11:24.913059+00:00
[2023-04-28T18:11:25.080-0300] {processor.py:175} INFO - Processing /home/lcscarv/projetos/indicium/desafio_5/.venv/lib/python3.8/site-packages/airflow/example_dags/tutorial.py took 0.224 seconds
[2023-04-28T18:12:16.680-0300] {processor.py:153} INFO - Started process (PID=5846) to work on /home/lcscarv/projetos/indicium/desafio_5/.venv/lib/python3.8/site-packages/airflow/example_dags/tutorial.py
[2023-04-28T18:12:16.751-0300] {processor.py:743} INFO - Processing file /home/lcscarv/projetos/indicium/desafio_5/.venv/lib/python3.8/site-packages/airflow/example_dags/tutorial.py for tasks to queue
[2023-04-28T18:12:16.752-0300] {logging_mixin.py:137} INFO - [2023-04-28T18:12:16.752-0300] {dagbag.py:532} INFO - Filling up the DagBag from /home/lcscarv/projetos/indicium/desafio_5/.venv/lib/python3.8/site-packages/airflow/example_dags/tutorial.py
[2023-04-28T18:12:16.765-0300] {processor.py:753} INFO - DAG(s) dict_keys(['tutorial']) retrieved from /home/lcscarv/projetos/indicium/desafio_5/.venv/lib/python3.8/site-packages/airflow/example_dags/tutorial.py
[2023-04-28T18:12:16.777-0300] {logging_mixin.py:137} INFO - [2023-04-28T18:12:16.777-0300] {dag.py:2705} INFO - Sync 1 DAGs
[2023-04-28T18:12:16.790-0300] {logging_mixin.py:137} INFO - [2023-04-28T18:12:16.790-0300] {dag.py:3452} INFO - Setting next_dagrun for tutorial to 2023-04-27T21:12:16.790233+00:00, run_after=2023-04-28T21:12:16.790233+00:00
[2023-04-28T18:12:17.000-0300] {processor.py:175} INFO - Processing /home/lcscarv/projetos/indicium/desafio_5/.venv/lib/python3.8/site-packages/airflow/example_dags/tutorial.py took 0.322 seconds
[2023-04-28T18:13:05.341-0300] {processor.py:153} INFO - Started process (PID=5880) to work on /home/lcscarv/projetos/indicium/desafio_5/.venv/lib/python3.8/site-packages/airflow/example_dags/tutorial.py
[2023-04-28T18:13:05.342-0300] {processor.py:743} INFO - Processing file /home/lcscarv/projetos/indicium/desafio_5/.venv/lib/python3.8/site-packages/airflow/example_dags/tutorial.py for tasks to queue
[2023-04-28T18:13:05.343-0300] {logging_mixin.py:137} INFO - [2023-04-28T18:13:05.343-0300] {dagbag.py:532} INFO - Filling up the DagBag from /home/lcscarv/projetos/indicium/desafio_5/.venv/lib/python3.8/site-packages/airflow/example_dags/tutorial.py
[2023-04-28T18:13:05.352-0300] {processor.py:753} INFO - DAG(s) dict_keys(['tutorial']) retrieved from /home/lcscarv/projetos/indicium/desafio_5/.venv/lib/python3.8/site-packages/airflow/example_dags/tutorial.py
[2023-04-28T18:13:05.365-0300] {logging_mixin.py:137} INFO - [2023-04-28T18:13:05.365-0300] {dag.py:2705} INFO - Sync 1 DAGs
[2023-04-28T18:13:05.378-0300] {logging_mixin.py:137} INFO - [2023-04-28T18:13:05.378-0300] {dag.py:3452} INFO - Setting next_dagrun for tutorial to 2023-04-27T21:13:05.378627+00:00, run_after=2023-04-28T21:13:05.378627+00:00
[2023-04-28T18:13:05.412-0300] {processor.py:175} INFO - Processing /home/lcscarv/projetos/indicium/desafio_5/.venv/lib/python3.8/site-packages/airflow/example_dags/tutorial.py took 0.073 seconds
[2023-04-28T18:13:50.149-0300] {processor.py:153} INFO - Started process (PID=5921) to work on /home/lcscarv/projetos/indicium/desafio_5/.venv/lib/python3.8/site-packages/airflow/example_dags/tutorial.py
[2023-04-28T18:13:50.150-0300] {processor.py:743} INFO - Processing file /home/lcscarv/projetos/indicium/desafio_5/.venv/lib/python3.8/site-packages/airflow/example_dags/tutorial.py for tasks to queue
[2023-04-28T18:13:50.151-0300] {logging_mixin.py:137} INFO - [2023-04-28T18:13:50.151-0300] {dagbag.py:532} INFO - Filling up the DagBag from /home/lcscarv/projetos/indicium/desafio_5/.venv/lib/python3.8/site-packages/airflow/example_dags/tutorial.py
[2023-04-28T18:13:50.160-0300] {processor.py:753} INFO - DAG(s) dict_keys(['tutorial']) retrieved from /home/lcscarv/projetos/indicium/desafio_5/.venv/lib/python3.8/site-packages/airflow/example_dags/tutorial.py
[2023-04-28T18:13:50.173-0300] {logging_mixin.py:137} INFO - [2023-04-28T18:13:50.172-0300] {dag.py:2705} INFO - Sync 1 DAGs
[2023-04-28T18:13:50.185-0300] {logging_mixin.py:137} INFO - [2023-04-28T18:13:50.184-0300] {dag.py:3452} INFO - Setting next_dagrun for tutorial to 2023-04-27T21:13:50.184727+00:00, run_after=2023-04-28T21:13:50.184727+00:00
[2023-04-28T18:13:50.216-0300] {processor.py:175} INFO - Processing /home/lcscarv/projetos/indicium/desafio_5/.venv/lib/python3.8/site-packages/airflow/example_dags/tutorial.py took 0.069 seconds
[2023-04-28T18:14:45.192-0300] {processor.py:153} INFO - Started process (PID=5966) to work on /home/lcscarv/projetos/indicium/desafio_5/.venv/lib/python3.8/site-packages/airflow/example_dags/tutorial.py
[2023-04-28T18:14:45.417-0300] {processor.py:743} INFO - Processing file /home/lcscarv/projetos/indicium/desafio_5/.venv/lib/python3.8/site-packages/airflow/example_dags/tutorial.py for tasks to queue
[2023-04-28T18:14:45.418-0300] {logging_mixin.py:137} INFO - [2023-04-28T18:14:45.418-0300] {dagbag.py:532} INFO - Filling up the DagBag from /home/lcscarv/projetos/indicium/desafio_5/.venv/lib/python3.8/site-packages/airflow/example_dags/tutorial.py
[2023-04-28T18:14:45.429-0300] {processor.py:753} INFO - DAG(s) dict_keys(['tutorial']) retrieved from /home/lcscarv/projetos/indicium/desafio_5/.venv/lib/python3.8/site-packages/airflow/example_dags/tutorial.py
[2023-04-28T18:14:45.441-0300] {logging_mixin.py:137} INFO - [2023-04-28T18:14:45.441-0300] {dag.py:2705} INFO - Sync 1 DAGs
[2023-04-28T18:14:45.453-0300] {logging_mixin.py:137} INFO - [2023-04-28T18:14:45.453-0300] {dag.py:3452} INFO - Setting next_dagrun for tutorial to 2023-04-27T21:14:45.452952+00:00, run_after=2023-04-28T21:14:45.452952+00:00
[2023-04-28T18:14:45.878-0300] {processor.py:175} INFO - Processing /home/lcscarv/projetos/indicium/desafio_5/.venv/lib/python3.8/site-packages/airflow/example_dags/tutorial.py took 0.688 seconds
[2023-04-28T18:15:27.662-0300] {processor.py:153} INFO - Started process (PID=6052) to work on /home/lcscarv/projetos/indicium/desafio_5/.venv/lib/python3.8/site-packages/airflow/example_dags/tutorial.py
[2023-04-28T18:15:27.663-0300] {processor.py:743} INFO - Processing file /home/lcscarv/projetos/indicium/desafio_5/.venv/lib/python3.8/site-packages/airflow/example_dags/tutorial.py for tasks to queue
[2023-04-28T18:15:27.664-0300] {logging_mixin.py:137} INFO - [2023-04-28T18:15:27.664-0300] {dagbag.py:532} INFO - Filling up the DagBag from /home/lcscarv/projetos/indicium/desafio_5/.venv/lib/python3.8/site-packages/airflow/example_dags/tutorial.py
[2023-04-28T18:15:27.673-0300] {processor.py:753} INFO - DAG(s) dict_keys(['tutorial']) retrieved from /home/lcscarv/projetos/indicium/desafio_5/.venv/lib/python3.8/site-packages/airflow/example_dags/tutorial.py
[2023-04-28T18:15:27.686-0300] {logging_mixin.py:137} INFO - [2023-04-28T18:15:27.686-0300] {dag.py:2705} INFO - Sync 1 DAGs
[2023-04-28T18:15:27.699-0300] {logging_mixin.py:137} INFO - [2023-04-28T18:15:27.699-0300] {dag.py:3452} INFO - Setting next_dagrun for tutorial to 2023-04-27T21:15:27.699118+00:00, run_after=2023-04-28T21:15:27.699118+00:00
[2023-04-28T18:15:27.823-0300] {processor.py:175} INFO - Processing /home/lcscarv/projetos/indicium/desafio_5/.venv/lib/python3.8/site-packages/airflow/example_dags/tutorial.py took 0.164 seconds
[2023-04-28T18:16:07.740-0300] {processor.py:153} INFO - Started process (PID=6088) to work on /home/lcscarv/projetos/indicium/desafio_5/.venv/lib/python3.8/site-packages/airflow/example_dags/tutorial.py
[2023-04-28T18:16:07.857-0300] {processor.py:743} INFO - Processing file /home/lcscarv/projetos/indicium/desafio_5/.venv/lib/python3.8/site-packages/airflow/example_dags/tutorial.py for tasks to queue
[2023-04-28T18:16:07.858-0300] {logging_mixin.py:137} INFO - [2023-04-28T18:16:07.857-0300] {dagbag.py:532} INFO - Filling up the DagBag from /home/lcscarv/projetos/indicium/desafio_5/.venv/lib/python3.8/site-packages/airflow/example_dags/tutorial.py
[2023-04-28T18:16:07.870-0300] {processor.py:753} INFO - DAG(s) dict_keys(['tutorial']) retrieved from /home/lcscarv/projetos/indicium/desafio_5/.venv/lib/python3.8/site-packages/airflow/example_dags/tutorial.py
[2023-04-28T18:16:07.883-0300] {logging_mixin.py:137} INFO - [2023-04-28T18:16:07.882-0300] {dag.py:2705} INFO - Sync 1 DAGs
[2023-04-28T18:16:07.951-0300] {logging_mixin.py:137} INFO - [2023-04-28T18:16:07.951-0300] {dag.py:3452} INFO - Setting next_dagrun for tutorial to 2023-04-27T21:16:07.951109+00:00, run_after=2023-04-28T21:16:07.951109+00:00
[2023-04-28T18:16:08.375-0300] {processor.py:175} INFO - Processing /home/lcscarv/projetos/indicium/desafio_5/.venv/lib/python3.8/site-packages/airflow/example_dags/tutorial.py took 0.637 seconds
[2023-04-28T18:17:06.776-0300] {processor.py:153} INFO - Started process (PID=6136) to work on /home/lcscarv/projetos/indicium/desafio_5/.venv/lib/python3.8/site-packages/airflow/example_dags/tutorial.py
[2023-04-28T18:17:06.847-0300] {processor.py:743} INFO - Processing file /home/lcscarv/projetos/indicium/desafio_5/.venv/lib/python3.8/site-packages/airflow/example_dags/tutorial.py for tasks to queue
[2023-04-28T18:17:06.848-0300] {logging_mixin.py:137} INFO - [2023-04-28T18:17:06.848-0300] {dagbag.py:532} INFO - Filling up the DagBag from /home/lcscarv/projetos/indicium/desafio_5/.venv/lib/python3.8/site-packages/airflow/example_dags/tutorial.py
[2023-04-28T18:17:06.859-0300] {processor.py:753} INFO - DAG(s) dict_keys(['tutorial']) retrieved from /home/lcscarv/projetos/indicium/desafio_5/.venv/lib/python3.8/site-packages/airflow/example_dags/tutorial.py
[2023-04-28T18:17:06.925-0300] {logging_mixin.py:137} INFO - [2023-04-28T18:17:06.925-0300] {dag.py:2705} INFO - Sync 1 DAGs
[2023-04-28T18:17:06.937-0300] {logging_mixin.py:137} INFO - [2023-04-28T18:17:06.936-0300] {dag.py:3452} INFO - Setting next_dagrun for tutorial to 2023-04-27T21:17:06.936806+00:00, run_after=2023-04-28T21:17:06.936806+00:00
[2023-04-28T18:17:07.260-0300] {processor.py:175} INFO - Processing /home/lcscarv/projetos/indicium/desafio_5/.venv/lib/python3.8/site-packages/airflow/example_dags/tutorial.py took 0.486 seconds
[2023-04-28T18:18:01.970-0300] {processor.py:153} INFO - Started process (PID=6186) to work on /home/lcscarv/projetos/indicium/desafio_5/.venv/lib/python3.8/site-packages/airflow/example_dags/tutorial.py
[2023-04-28T18:18:01.972-0300] {processor.py:743} INFO - Processing file /home/lcscarv/projetos/indicium/desafio_5/.venv/lib/python3.8/site-packages/airflow/example_dags/tutorial.py for tasks to queue
[2023-04-28T18:18:01.972-0300] {logging_mixin.py:137} INFO - [2023-04-28T18:18:01.972-0300] {dagbag.py:532} INFO - Filling up the DagBag from /home/lcscarv/projetos/indicium/desafio_5/.venv/lib/python3.8/site-packages/airflow/example_dags/tutorial.py
[2023-04-28T18:18:01.986-0300] {processor.py:753} INFO - DAG(s) dict_keys(['tutorial']) retrieved from /home/lcscarv/projetos/indicium/desafio_5/.venv/lib/python3.8/site-packages/airflow/example_dags/tutorial.py
[2023-04-28T18:18:01.999-0300] {logging_mixin.py:137} INFO - [2023-04-28T18:18:01.999-0300] {dag.py:2705} INFO - Sync 1 DAGs
[2023-04-28T18:18:02.012-0300] {logging_mixin.py:137} INFO - [2023-04-28T18:18:02.012-0300] {dag.py:3452} INFO - Setting next_dagrun for tutorial to 2023-04-27T21:18:02.011945+00:00, run_after=2023-04-28T21:18:02.011945+00:00
[2023-04-28T18:18:02.039-0300] {processor.py:175} INFO - Processing /home/lcscarv/projetos/indicium/desafio_5/.venv/lib/python3.8/site-packages/airflow/example_dags/tutorial.py took 0.071 seconds
[2023-04-28T18:18:45.056-0300] {processor.py:153} INFO - Started process (PID=6228) to work on /home/lcscarv/projetos/indicium/desafio_5/.venv/lib/python3.8/site-packages/airflow/example_dags/tutorial.py
[2023-04-28T18:18:45.057-0300] {processor.py:743} INFO - Processing file /home/lcscarv/projetos/indicium/desafio_5/.venv/lib/python3.8/site-packages/airflow/example_dags/tutorial.py for tasks to queue
[2023-04-28T18:18:45.057-0300] {logging_mixin.py:137} INFO - [2023-04-28T18:18:45.057-0300] {dagbag.py:532} INFO - Filling up the DagBag from /home/lcscarv/projetos/indicium/desafio_5/.venv/lib/python3.8/site-packages/airflow/example_dags/tutorial.py
[2023-04-28T18:18:45.066-0300] {processor.py:753} INFO - DAG(s) dict_keys(['tutorial']) retrieved from /home/lcscarv/projetos/indicium/desafio_5/.venv/lib/python3.8/site-packages/airflow/example_dags/tutorial.py
[2023-04-28T18:18:45.081-0300] {logging_mixin.py:137} INFO - [2023-04-28T18:18:45.081-0300] {dag.py:2705} INFO - Sync 1 DAGs
[2023-04-28T18:18:45.096-0300] {logging_mixin.py:137} INFO - [2023-04-28T18:18:45.096-0300] {dag.py:3452} INFO - Setting next_dagrun for tutorial to 2023-04-27T21:18:45.096618+00:00, run_after=2023-04-28T21:18:45.096618+00:00
[2023-04-28T18:18:45.118-0300] {processor.py:175} INFO - Processing /home/lcscarv/projetos/indicium/desafio_5/.venv/lib/python3.8/site-packages/airflow/example_dags/tutorial.py took 0.064 seconds
[2023-04-28T18:19:28.496-0300] {processor.py:153} INFO - Started process (PID=6268) to work on /home/lcscarv/projetos/indicium/desafio_5/.venv/lib/python3.8/site-packages/airflow/example_dags/tutorial.py
[2023-04-28T18:19:28.497-0300] {processor.py:743} INFO - Processing file /home/lcscarv/projetos/indicium/desafio_5/.venv/lib/python3.8/site-packages/airflow/example_dags/tutorial.py for tasks to queue
[2023-04-28T18:19:28.497-0300] {logging_mixin.py:137} INFO - [2023-04-28T18:19:28.497-0300] {dagbag.py:532} INFO - Filling up the DagBag from /home/lcscarv/projetos/indicium/desafio_5/.venv/lib/python3.8/site-packages/airflow/example_dags/tutorial.py
[2023-04-28T18:19:28.507-0300] {processor.py:753} INFO - DAG(s) dict_keys(['tutorial']) retrieved from /home/lcscarv/projetos/indicium/desafio_5/.venv/lib/python3.8/site-packages/airflow/example_dags/tutorial.py
[2023-04-28T18:19:28.519-0300] {logging_mixin.py:137} INFO - [2023-04-28T18:19:28.519-0300] {dag.py:2705} INFO - Sync 1 DAGs
[2023-04-28T18:19:28.534-0300] {logging_mixin.py:137} INFO - [2023-04-28T18:19:28.534-0300] {dag.py:3452} INFO - Setting next_dagrun for tutorial to 2023-04-27T21:19:28.534357+00:00, run_after=2023-04-28T21:19:28.534357+00:00
[2023-04-28T18:19:28.625-0300] {processor.py:175} INFO - Processing /home/lcscarv/projetos/indicium/desafio_5/.venv/lib/python3.8/site-packages/airflow/example_dags/tutorial.py took 0.131 seconds
[2023-04-28T18:20:19.180-0300] {processor.py:153} INFO - Started process (PID=6364) to work on /home/lcscarv/projetos/indicium/desafio_5/.venv/lib/python3.8/site-packages/airflow/example_dags/tutorial.py
[2023-04-28T18:20:19.182-0300] {processor.py:743} INFO - Processing file /home/lcscarv/projetos/indicium/desafio_5/.venv/lib/python3.8/site-packages/airflow/example_dags/tutorial.py for tasks to queue
[2023-04-28T18:20:19.182-0300] {logging_mixin.py:137} INFO - [2023-04-28T18:20:19.182-0300] {dagbag.py:532} INFO - Filling up the DagBag from /home/lcscarv/projetos/indicium/desafio_5/.venv/lib/python3.8/site-packages/airflow/example_dags/tutorial.py
[2023-04-28T18:20:19.193-0300] {processor.py:753} INFO - DAG(s) dict_keys(['tutorial']) retrieved from /home/lcscarv/projetos/indicium/desafio_5/.venv/lib/python3.8/site-packages/airflow/example_dags/tutorial.py
[2023-04-28T18:20:19.207-0300] {logging_mixin.py:137} INFO - [2023-04-28T18:20:19.207-0300] {dag.py:2705} INFO - Sync 1 DAGs
[2023-04-28T18:20:19.289-0300] {logging_mixin.py:137} INFO - [2023-04-28T18:20:19.289-0300] {dag.py:3452} INFO - Setting next_dagrun for tutorial to 2023-04-27T21:20:19.288984+00:00, run_after=2023-04-28T21:20:19.288984+00:00
[2023-04-28T18:20:19.313-0300] {processor.py:175} INFO - Processing /home/lcscarv/projetos/indicium/desafio_5/.venv/lib/python3.8/site-packages/airflow/example_dags/tutorial.py took 0.135 seconds
[2023-04-28T18:21:07.401-0300] {processor.py:153} INFO - Started process (PID=6409) to work on /home/lcscarv/projetos/indicium/desafio_5/.venv/lib/python3.8/site-packages/airflow/example_dags/tutorial.py
[2023-04-28T18:21:07.402-0300] {processor.py:743} INFO - Processing file /home/lcscarv/projetos/indicium/desafio_5/.venv/lib/python3.8/site-packages/airflow/example_dags/tutorial.py for tasks to queue
[2023-04-28T18:21:07.403-0300] {logging_mixin.py:137} INFO - [2023-04-28T18:21:07.403-0300] {dagbag.py:532} INFO - Filling up the DagBag from /home/lcscarv/projetos/indicium/desafio_5/.venv/lib/python3.8/site-packages/airflow/example_dags/tutorial.py
[2023-04-28T18:21:07.413-0300] {processor.py:753} INFO - DAG(s) dict_keys(['tutorial']) retrieved from /home/lcscarv/projetos/indicium/desafio_5/.venv/lib/python3.8/site-packages/airflow/example_dags/tutorial.py
[2023-04-28T18:21:07.496-0300] {logging_mixin.py:137} INFO - [2023-04-28T18:21:07.496-0300] {dag.py:2705} INFO - Sync 1 DAGs
[2023-04-28T18:21:07.510-0300] {logging_mixin.py:137} INFO - [2023-04-28T18:21:07.510-0300] {dag.py:3452} INFO - Setting next_dagrun for tutorial to 2023-04-27T21:21:07.510553+00:00, run_after=2023-04-28T21:21:07.510553+00:00
[2023-04-28T18:21:07.532-0300] {processor.py:175} INFO - Processing /home/lcscarv/projetos/indicium/desafio_5/.venv/lib/python3.8/site-packages/airflow/example_dags/tutorial.py took 0.133 seconds
