[2023-04-28T18:00:27.290-0300] {processor.py:153} INFO - Started process (PID=4593) to work on /home/lcscarv/projetos/indicium/desafio_5/.venv/lib/python3.8/site-packages/airflow/example_dags/tutorial_dag.py
[2023-04-28T18:00:27.290-0300] {processor.py:743} INFO - Processing file /home/lcscarv/projetos/indicium/desafio_5/.venv/lib/python3.8/site-packages/airflow/example_dags/tutorial_dag.py for tasks to queue
[2023-04-28T18:00:27.290-0300] {logging_mixin.py:137} INFO - [2023-04-28T18:00:27.290-0300] {dagbag.py:532} INFO - Filling up the DagBag from /home/lcscarv/projetos/indicium/desafio_5/.venv/lib/python3.8/site-packages/airflow/example_dags/tutorial_dag.py
[2023-04-28T18:00:27.299-0300] {processor.py:753} INFO - DAG(s) dict_keys(['tutorial_dag']) retrieved from /home/lcscarv/projetos/indicium/desafio_5/.venv/lib/python3.8/site-packages/airflow/example_dags/tutorial_dag.py
[2023-04-28T18:00:27.320-0300] {logging_mixin.py:137} INFO - [2023-04-28T18:00:27.320-0300] {dag.py:2705} INFO - Sync 1 DAGs
[2023-04-28T18:00:27.338-0300] {logging_mixin.py:137} INFO - [2023-04-28T18:00:27.338-0300] {dag.py:3452} INFO - Setting next_dagrun for tutorial_dag to None, run_after=None
[2023-04-28T18:00:27.365-0300] {processor.py:175} INFO - Processing /home/lcscarv/projetos/indicium/desafio_5/.venv/lib/python3.8/site-packages/airflow/example_dags/tutorial_dag.py took 0.077 seconds
[2023-04-28T18:01:08.577-0300] {processor.py:153} INFO - Started process (PID=4635) to work on /home/lcscarv/projetos/indicium/desafio_5/.venv/lib/python3.8/site-packages/airflow/example_dags/tutorial_dag.py
[2023-04-28T18:01:08.578-0300] {processor.py:743} INFO - Processing file /home/lcscarv/projetos/indicium/desafio_5/.venv/lib/python3.8/site-packages/airflow/example_dags/tutorial_dag.py for tasks to queue
[2023-04-28T18:01:08.578-0300] {logging_mixin.py:137} INFO - [2023-04-28T18:01:08.578-0300] {dagbag.py:532} INFO - Filling up the DagBag from /home/lcscarv/projetos/indicium/desafio_5/.venv/lib/python3.8/site-packages/airflow/example_dags/tutorial_dag.py
[2023-04-28T18:01:08.588-0300] {processor.py:753} INFO - DAG(s) dict_keys(['tutorial_dag']) retrieved from /home/lcscarv/projetos/indicium/desafio_5/.venv/lib/python3.8/site-packages/airflow/example_dags/tutorial_dag.py
[2023-04-28T18:01:08.602-0300] {logging_mixin.py:137} INFO - [2023-04-28T18:01:08.601-0300] {dag.py:2705} INFO - Sync 1 DAGs
[2023-04-28T18:01:08.615-0300] {logging_mixin.py:137} INFO - [2023-04-28T18:01:08.615-0300] {dag.py:3452} INFO - Setting next_dagrun for tutorial_dag to None, run_after=None
[2023-04-28T18:01:08.634-0300] {processor.py:175} INFO - Processing /home/lcscarv/projetos/indicium/desafio_5/.venv/lib/python3.8/site-packages/airflow/example_dags/tutorial_dag.py took 0.059 seconds
[2023-04-28T18:01:53.150-0300] {processor.py:153} INFO - Started process (PID=4677) to work on /home/lcscarv/projetos/indicium/desafio_5/.venv/lib/python3.8/site-packages/airflow/example_dags/tutorial_dag.py
[2023-04-28T18:01:53.152-0300] {processor.py:743} INFO - Processing file /home/lcscarv/projetos/indicium/desafio_5/.venv/lib/python3.8/site-packages/airflow/example_dags/tutorial_dag.py for tasks to queue
[2023-04-28T18:01:53.154-0300] {logging_mixin.py:137} INFO - [2023-04-28T18:01:53.153-0300] {dagbag.py:532} INFO - Filling up the DagBag from /home/lcscarv/projetos/indicium/desafio_5/.venv/lib/python3.8/site-packages/airflow/example_dags/tutorial_dag.py
[2023-04-28T18:01:53.188-0300] {processor.py:753} INFO - DAG(s) dict_keys(['tutorial_dag']) retrieved from /home/lcscarv/projetos/indicium/desafio_5/.venv/lib/python3.8/site-packages/airflow/example_dags/tutorial_dag.py
[2023-04-28T18:01:53.268-0300] {logging_mixin.py:137} INFO - [2023-04-28T18:01:53.268-0300] {dag.py:2705} INFO - Sync 1 DAGs
[2023-04-28T18:01:53.346-0300] {logging_mixin.py:137} INFO - [2023-04-28T18:01:53.339-0300] {dag.py:3452} INFO - Setting next_dagrun for tutorial_dag to None, run_after=None
[2023-04-28T18:01:53.428-0300] {processor.py:175} INFO - Processing /home/lcscarv/projetos/indicium/desafio_5/.venv/lib/python3.8/site-packages/airflow/example_dags/tutorial_dag.py took 0.313 seconds
[2023-04-28T18:02:46.030-0300] {processor.py:153} INFO - Started process (PID=4768) to work on /home/lcscarv/projetos/indicium/desafio_5/.venv/lib/python3.8/site-packages/airflow/example_dags/tutorial_dag.py
[2023-04-28T18:02:46.032-0300] {processor.py:743} INFO - Processing file /home/lcscarv/projetos/indicium/desafio_5/.venv/lib/python3.8/site-packages/airflow/example_dags/tutorial_dag.py for tasks to queue
[2023-04-28T18:02:46.034-0300] {logging_mixin.py:137} INFO - [2023-04-28T18:02:46.033-0300] {dagbag.py:532} INFO - Filling up the DagBag from /home/lcscarv/projetos/indicium/desafio_5/.venv/lib/python3.8/site-packages/airflow/example_dags/tutorial_dag.py
[2023-04-28T18:02:46.049-0300] {processor.py:753} INFO - DAG(s) dict_keys(['tutorial_dag']) retrieved from /home/lcscarv/projetos/indicium/desafio_5/.venv/lib/python3.8/site-packages/airflow/example_dags/tutorial_dag.py
[2023-04-28T18:02:46.073-0300] {logging_mixin.py:137} INFO - [2023-04-28T18:02:46.073-0300] {dag.py:2705} INFO - Sync 1 DAGs
[2023-04-28T18:02:46.098-0300] {logging_mixin.py:137} INFO - [2023-04-28T18:02:46.097-0300] {dag.py:3452} INFO - Setting next_dagrun for tutorial_dag to None, run_after=None
[2023-04-28T18:02:46.134-0300] {processor.py:175} INFO - Processing /home/lcscarv/projetos/indicium/desafio_5/.venv/lib/python3.8/site-packages/airflow/example_dags/tutorial_dag.py took 0.108 seconds
[2023-04-28T18:03:30.835-0300] {processor.py:153} INFO - Started process (PID=4856) to work on /home/lcscarv/projetos/indicium/desafio_5/.venv/lib/python3.8/site-packages/airflow/example_dags/tutorial_dag.py
[2023-04-28T18:03:30.836-0300] {processor.py:743} INFO - Processing file /home/lcscarv/projetos/indicium/desafio_5/.venv/lib/python3.8/site-packages/airflow/example_dags/tutorial_dag.py for tasks to queue
[2023-04-28T18:03:30.836-0300] {logging_mixin.py:137} INFO - [2023-04-28T18:03:30.836-0300] {dagbag.py:532} INFO - Filling up the DagBag from /home/lcscarv/projetos/indicium/desafio_5/.venv/lib/python3.8/site-packages/airflow/example_dags/tutorial_dag.py
[2023-04-28T18:03:30.844-0300] {processor.py:753} INFO - DAG(s) dict_keys(['tutorial_dag']) retrieved from /home/lcscarv/projetos/indicium/desafio_5/.venv/lib/python3.8/site-packages/airflow/example_dags/tutorial_dag.py
[2023-04-28T18:03:30.858-0300] {logging_mixin.py:137} INFO - [2023-04-28T18:03:30.858-0300] {dag.py:2705} INFO - Sync 1 DAGs
[2023-04-28T18:03:30.871-0300] {logging_mixin.py:137} INFO - [2023-04-28T18:03:30.871-0300] {dag.py:3452} INFO - Setting next_dagrun for tutorial_dag to None, run_after=None
[2023-04-28T18:03:30.891-0300] {processor.py:175} INFO - Processing /home/lcscarv/projetos/indicium/desafio_5/.venv/lib/python3.8/site-packages/airflow/example_dags/tutorial_dag.py took 0.058 seconds
[2023-04-28T18:04:11.878-0300] {processor.py:153} INFO - Started process (PID=4898) to work on /home/lcscarv/projetos/indicium/desafio_5/.venv/lib/python3.8/site-packages/airflow/example_dags/tutorial_dag.py
[2023-04-28T18:04:11.879-0300] {processor.py:743} INFO - Processing file /home/lcscarv/projetos/indicium/desafio_5/.venv/lib/python3.8/site-packages/airflow/example_dags/tutorial_dag.py for tasks to queue
[2023-04-28T18:04:11.880-0300] {logging_mixin.py:137} INFO - [2023-04-28T18:04:11.880-0300] {dagbag.py:532} INFO - Filling up the DagBag from /home/lcscarv/projetos/indicium/desafio_5/.venv/lib/python3.8/site-packages/airflow/example_dags/tutorial_dag.py
[2023-04-28T18:04:11.887-0300] {processor.py:753} INFO - DAG(s) dict_keys(['tutorial_dag']) retrieved from /home/lcscarv/projetos/indicium/desafio_5/.venv/lib/python3.8/site-packages/airflow/example_dags/tutorial_dag.py
[2023-04-28T18:04:11.899-0300] {logging_mixin.py:137} INFO - [2023-04-28T18:04:11.899-0300] {dag.py:2705} INFO - Sync 1 DAGs
[2023-04-28T18:04:11.911-0300] {logging_mixin.py:137} INFO - [2023-04-28T18:04:11.911-0300] {dag.py:3452} INFO - Setting next_dagrun for tutorial_dag to None, run_after=None
[2023-04-28T18:04:11.928-0300] {processor.py:175} INFO - Processing /home/lcscarv/projetos/indicium/desafio_5/.venv/lib/python3.8/site-packages/airflow/example_dags/tutorial_dag.py took 0.053 seconds
[2023-04-28T18:04:50.049-0300] {processor.py:153} INFO - Started process (PID=4986) to work on /home/lcscarv/projetos/indicium/desafio_5/.venv/lib/python3.8/site-packages/airflow/example_dags/tutorial_dag.py
[2023-04-28T18:04:50.050-0300] {processor.py:743} INFO - Processing file /home/lcscarv/projetos/indicium/desafio_5/.venv/lib/python3.8/site-packages/airflow/example_dags/tutorial_dag.py for tasks to queue
[2023-04-28T18:04:50.050-0300] {logging_mixin.py:137} INFO - [2023-04-28T18:04:50.050-0300] {dagbag.py:532} INFO - Filling up the DagBag from /home/lcscarv/projetos/indicium/desafio_5/.venv/lib/python3.8/site-packages/airflow/example_dags/tutorial_dag.py
[2023-04-28T18:04:50.058-0300] {processor.py:753} INFO - DAG(s) dict_keys(['tutorial_dag']) retrieved from /home/lcscarv/projetos/indicium/desafio_5/.venv/lib/python3.8/site-packages/airflow/example_dags/tutorial_dag.py
[2023-04-28T18:04:50.071-0300] {logging_mixin.py:137} INFO - [2023-04-28T18:04:50.071-0300] {dag.py:2705} INFO - Sync 1 DAGs
[2023-04-28T18:04:50.083-0300] {logging_mixin.py:137} INFO - [2023-04-28T18:04:50.083-0300] {dag.py:3452} INFO - Setting next_dagrun for tutorial_dag to None, run_after=None
[2023-04-28T18:04:50.100-0300] {processor.py:175} INFO - Processing /home/lcscarv/projetos/indicium/desafio_5/.venv/lib/python3.8/site-packages/airflow/example_dags/tutorial_dag.py took 0.054 seconds
[2023-04-28T18:05:32.064-0300] {processor.py:153} INFO - Started process (PID=5080) to work on /home/lcscarv/projetos/indicium/desafio_5/.venv/lib/python3.8/site-packages/airflow/example_dags/tutorial_dag.py
[2023-04-28T18:05:32.065-0300] {processor.py:743} INFO - Processing file /home/lcscarv/projetos/indicium/desafio_5/.venv/lib/python3.8/site-packages/airflow/example_dags/tutorial_dag.py for tasks to queue
[2023-04-28T18:05:32.066-0300] {logging_mixin.py:137} INFO - [2023-04-28T18:05:32.066-0300] {dagbag.py:532} INFO - Filling up the DagBag from /home/lcscarv/projetos/indicium/desafio_5/.venv/lib/python3.8/site-packages/airflow/example_dags/tutorial_dag.py
[2023-04-28T18:05:32.074-0300] {processor.py:753} INFO - DAG(s) dict_keys(['tutorial_dag']) retrieved from /home/lcscarv/projetos/indicium/desafio_5/.venv/lib/python3.8/site-packages/airflow/example_dags/tutorial_dag.py
[2023-04-28T18:05:32.086-0300] {logging_mixin.py:137} INFO - [2023-04-28T18:05:32.086-0300] {dag.py:2705} INFO - Sync 1 DAGs
[2023-04-28T18:05:32.097-0300] {logging_mixin.py:137} INFO - [2023-04-28T18:05:32.097-0300] {dag.py:3452} INFO - Setting next_dagrun for tutorial_dag to None, run_after=None
[2023-04-28T18:05:32.115-0300] {processor.py:175} INFO - Processing /home/lcscarv/projetos/indicium/desafio_5/.venv/lib/python3.8/site-packages/airflow/example_dags/tutorial_dag.py took 0.053 seconds
[2023-04-28T18:06:14.523-0300] {processor.py:153} INFO - Started process (PID=5124) to work on /home/lcscarv/projetos/indicium/desafio_5/.venv/lib/python3.8/site-packages/airflow/example_dags/tutorial_dag.py
[2023-04-28T18:06:14.524-0300] {processor.py:743} INFO - Processing file /home/lcscarv/projetos/indicium/desafio_5/.venv/lib/python3.8/site-packages/airflow/example_dags/tutorial_dag.py for tasks to queue
[2023-04-28T18:06:14.525-0300] {logging_mixin.py:137} INFO - [2023-04-28T18:06:14.525-0300] {dagbag.py:532} INFO - Filling up the DagBag from /home/lcscarv/projetos/indicium/desafio_5/.venv/lib/python3.8/site-packages/airflow/example_dags/tutorial_dag.py
[2023-04-28T18:06:14.532-0300] {processor.py:753} INFO - DAG(s) dict_keys(['tutorial_dag']) retrieved from /home/lcscarv/projetos/indicium/desafio_5/.venv/lib/python3.8/site-packages/airflow/example_dags/tutorial_dag.py
[2023-04-28T18:06:14.546-0300] {logging_mixin.py:137} INFO - [2023-04-28T18:06:14.545-0300] {dag.py:2705} INFO - Sync 1 DAGs
[2023-04-28T18:06:14.557-0300] {logging_mixin.py:137} INFO - [2023-04-28T18:06:14.557-0300] {dag.py:3452} INFO - Setting next_dagrun for tutorial_dag to None, run_after=None
[2023-04-28T18:06:14.617-0300] {processor.py:175} INFO - Processing /home/lcscarv/projetos/indicium/desafio_5/.venv/lib/python3.8/site-packages/airflow/example_dags/tutorial_dag.py took 0.095 seconds
[2023-04-28T18:06:49.979-0300] {processor.py:153} INFO - Started process (PID=5159) to work on /home/lcscarv/projetos/indicium/desafio_5/.venv/lib/python3.8/site-packages/airflow/example_dags/tutorial_dag.py
[2023-04-28T18:06:50.329-0300] {processor.py:743} INFO - Processing file /home/lcscarv/projetos/indicium/desafio_5/.venv/lib/python3.8/site-packages/airflow/example_dags/tutorial_dag.py for tasks to queue
[2023-04-28T18:06:50.330-0300] {logging_mixin.py:137} INFO - [2023-04-28T18:06:50.330-0300] {dagbag.py:532} INFO - Filling up the DagBag from /home/lcscarv/projetos/indicium/desafio_5/.venv/lib/python3.8/site-packages/airflow/example_dags/tutorial_dag.py
[2023-04-28T18:06:50.341-0300] {processor.py:753} INFO - DAG(s) dict_keys(['tutorial_dag']) retrieved from /home/lcscarv/projetos/indicium/desafio_5/.venv/lib/python3.8/site-packages/airflow/example_dags/tutorial_dag.py
[2023-04-28T18:06:50.354-0300] {logging_mixin.py:137} INFO - [2023-04-28T18:06:50.354-0300] {dag.py:2705} INFO - Sync 1 DAGs
[2023-04-28T18:06:50.366-0300] {logging_mixin.py:137} INFO - [2023-04-28T18:06:50.366-0300] {dag.py:3452} INFO - Setting next_dagrun for tutorial_dag to None, run_after=None
[2023-04-28T18:06:55.625-0300] {processor.py:175} INFO - Processing /home/lcscarv/projetos/indicium/desafio_5/.venv/lib/python3.8/site-packages/airflow/example_dags/tutorial_dag.py took 5.648 seconds
[2023-04-28T18:07:42.454-0300] {processor.py:153} INFO - Started process (PID=5298) to work on /home/lcscarv/projetos/indicium/desafio_5/.venv/lib/python3.8/site-packages/airflow/example_dags/tutorial_dag.py
[2023-04-28T18:07:42.459-0300] {processor.py:743} INFO - Processing file /home/lcscarv/projetos/indicium/desafio_5/.venv/lib/python3.8/site-packages/airflow/example_dags/tutorial_dag.py for tasks to queue
[2023-04-28T18:07:42.459-0300] {logging_mixin.py:137} INFO - [2023-04-28T18:07:42.459-0300] {dagbag.py:532} INFO - Filling up the DagBag from /home/lcscarv/projetos/indicium/desafio_5/.venv/lib/python3.8/site-packages/airflow/example_dags/tutorial_dag.py
[2023-04-28T18:07:42.470-0300] {processor.py:753} INFO - DAG(s) dict_keys(['tutorial_dag']) retrieved from /home/lcscarv/projetos/indicium/desafio_5/.venv/lib/python3.8/site-packages/airflow/example_dags/tutorial_dag.py
[2023-04-28T18:07:42.483-0300] {logging_mixin.py:137} INFO - [2023-04-28T18:07:42.483-0300] {dag.py:2705} INFO - Sync 1 DAGs
[2023-04-28T18:07:42.496-0300] {logging_mixin.py:137} INFO - [2023-04-28T18:07:42.496-0300] {dag.py:3452} INFO - Setting next_dagrun for tutorial_dag to None, run_after=None
[2023-04-28T18:07:42.643-0300] {processor.py:175} INFO - Processing /home/lcscarv/projetos/indicium/desafio_5/.venv/lib/python3.8/site-packages/airflow/example_dags/tutorial_dag.py took 0.191 seconds
[2023-04-28T18:08:32.084-0300] {processor.py:153} INFO - Started process (PID=5390) to work on /home/lcscarv/projetos/indicium/desafio_5/.venv/lib/python3.8/site-packages/airflow/example_dags/tutorial_dag.py
[2023-04-28T18:08:32.085-0300] {processor.py:743} INFO - Processing file /home/lcscarv/projetos/indicium/desafio_5/.venv/lib/python3.8/site-packages/airflow/example_dags/tutorial_dag.py for tasks to queue
[2023-04-28T18:08:32.086-0300] {logging_mixin.py:137} INFO - [2023-04-28T18:08:32.086-0300] {dagbag.py:532} INFO - Filling up the DagBag from /home/lcscarv/projetos/indicium/desafio_5/.venv/lib/python3.8/site-packages/airflow/example_dags/tutorial_dag.py
[2023-04-28T18:08:32.095-0300] {processor.py:753} INFO - DAG(s) dict_keys(['tutorial_dag']) retrieved from /home/lcscarv/projetos/indicium/desafio_5/.venv/lib/python3.8/site-packages/airflow/example_dags/tutorial_dag.py
[2023-04-28T18:08:32.110-0300] {logging_mixin.py:137} INFO - [2023-04-28T18:08:32.109-0300] {dag.py:2705} INFO - Sync 1 DAGs
[2023-04-28T18:08:32.123-0300] {logging_mixin.py:137} INFO - [2023-04-28T18:08:32.123-0300] {dag.py:3452} INFO - Setting next_dagrun for tutorial_dag to None, run_after=None
[2023-04-28T18:08:32.144-0300] {processor.py:175} INFO - Processing /home/lcscarv/projetos/indicium/desafio_5/.venv/lib/python3.8/site-packages/airflow/example_dags/tutorial_dag.py took 0.063 seconds
[2023-04-28T18:09:17.999-0300] {processor.py:153} INFO - Started process (PID=5485) to work on /home/lcscarv/projetos/indicium/desafio_5/.venv/lib/python3.8/site-packages/airflow/example_dags/tutorial_dag.py
[2023-04-28T18:09:18.059-0300] {processor.py:743} INFO - Processing file /home/lcscarv/projetos/indicium/desafio_5/.venv/lib/python3.8/site-packages/airflow/example_dags/tutorial_dag.py for tasks to queue
[2023-04-28T18:09:18.060-0300] {logging_mixin.py:137} INFO - [2023-04-28T18:09:18.060-0300] {dagbag.py:532} INFO - Filling up the DagBag from /home/lcscarv/projetos/indicium/desafio_5/.venv/lib/python3.8/site-packages/airflow/example_dags/tutorial_dag.py
[2023-04-28T18:09:18.075-0300] {processor.py:753} INFO - DAG(s) dict_keys(['tutorial_dag']) retrieved from /home/lcscarv/projetos/indicium/desafio_5/.venv/lib/python3.8/site-packages/airflow/example_dags/tutorial_dag.py
[2023-04-28T18:09:18.088-0300] {logging_mixin.py:137} INFO - [2023-04-28T18:09:18.088-0300] {dag.py:2705} INFO - Sync 1 DAGs
[2023-04-28T18:09:18.100-0300] {logging_mixin.py:137} INFO - [2023-04-28T18:09:18.100-0300] {dag.py:3452} INFO - Setting next_dagrun for tutorial_dag to None, run_after=None
[2023-04-28T18:09:18.230-0300] {processor.py:175} INFO - Processing /home/lcscarv/projetos/indicium/desafio_5/.venv/lib/python3.8/site-packages/airflow/example_dags/tutorial_dag.py took 0.232 seconds
[2023-04-28T18:10:07.973-0300] {processor.py:153} INFO - Started process (PID=5527) to work on /home/lcscarv/projetos/indicium/desafio_5/.venv/lib/python3.8/site-packages/airflow/example_dags/tutorial_dag.py
[2023-04-28T18:10:07.975-0300] {processor.py:743} INFO - Processing file /home/lcscarv/projetos/indicium/desafio_5/.venv/lib/python3.8/site-packages/airflow/example_dags/tutorial_dag.py for tasks to queue
[2023-04-28T18:10:07.975-0300] {logging_mixin.py:137} INFO - [2023-04-28T18:10:07.975-0300] {dagbag.py:532} INFO - Filling up the DagBag from /home/lcscarv/projetos/indicium/desafio_5/.venv/lib/python3.8/site-packages/airflow/example_dags/tutorial_dag.py
[2023-04-28T18:10:07.984-0300] {processor.py:753} INFO - DAG(s) dict_keys(['tutorial_dag']) retrieved from /home/lcscarv/projetos/indicium/desafio_5/.venv/lib/python3.8/site-packages/airflow/example_dags/tutorial_dag.py
[2023-04-28T18:10:08.000-0300] {logging_mixin.py:137} INFO - [2023-04-28T18:10:08.000-0300] {dag.py:2705} INFO - Sync 1 DAGs
[2023-04-28T18:10:08.017-0300] {logging_mixin.py:137} INFO - [2023-04-28T18:10:08.017-0300] {dag.py:3452} INFO - Setting next_dagrun for tutorial_dag to None, run_after=None
[2023-04-28T18:10:08.045-0300] {processor.py:175} INFO - Processing /home/lcscarv/projetos/indicium/desafio_5/.venv/lib/python3.8/site-packages/airflow/example_dags/tutorial_dag.py took 0.073 seconds
[2023-04-28T18:10:44.422-0300] {processor.py:153} INFO - Started process (PID=5661) to work on /home/lcscarv/projetos/indicium/desafio_5/.venv/lib/python3.8/site-packages/airflow/example_dags/tutorial_dag.py
[2023-04-28T18:10:44.433-0300] {processor.py:743} INFO - Processing file /home/lcscarv/projetos/indicium/desafio_5/.venv/lib/python3.8/site-packages/airflow/example_dags/tutorial_dag.py for tasks to queue
[2023-04-28T18:10:44.434-0300] {logging_mixin.py:137} INFO - [2023-04-28T18:10:44.434-0300] {dagbag.py:532} INFO - Filling up the DagBag from /home/lcscarv/projetos/indicium/desafio_5/.venv/lib/python3.8/site-packages/airflow/example_dags/tutorial_dag.py
[2023-04-28T18:10:44.446-0300] {processor.py:753} INFO - DAG(s) dict_keys(['tutorial_dag']) retrieved from /home/lcscarv/projetos/indicium/desafio_5/.venv/lib/python3.8/site-packages/airflow/example_dags/tutorial_dag.py
[2023-04-28T18:10:44.461-0300] {logging_mixin.py:137} INFO - [2023-04-28T18:10:44.461-0300] {dag.py:2705} INFO - Sync 1 DAGs
[2023-04-28T18:10:44.939-0300] {logging_mixin.py:137} INFO - [2023-04-28T18:10:44.938-0300] {dag.py:3452} INFO - Setting next_dagrun for tutorial_dag to None, run_after=None
[2023-04-28T18:10:45.531-0300] {processor.py:175} INFO - Processing /home/lcscarv/projetos/indicium/desafio_5/.venv/lib/python3.8/site-packages/airflow/example_dags/tutorial_dag.py took 1.111 seconds
[2023-04-28T18:11:23.723-0300] {processor.py:153} INFO - Started process (PID=5748) to work on /home/lcscarv/projetos/indicium/desafio_5/.venv/lib/python3.8/site-packages/airflow/example_dags/tutorial_dag.py
[2023-04-28T18:11:23.724-0300] {processor.py:743} INFO - Processing file /home/lcscarv/projetos/indicium/desafio_5/.venv/lib/python3.8/site-packages/airflow/example_dags/tutorial_dag.py for tasks to queue
[2023-04-28T18:11:23.724-0300] {logging_mixin.py:137} INFO - [2023-04-28T18:11:23.724-0300] {dagbag.py:532} INFO - Filling up the DagBag from /home/lcscarv/projetos/indicium/desafio_5/.venv/lib/python3.8/site-packages/airflow/example_dags/tutorial_dag.py
[2023-04-28T18:11:23.733-0300] {processor.py:753} INFO - DAG(s) dict_keys(['tutorial_dag']) retrieved from /home/lcscarv/projetos/indicium/desafio_5/.venv/lib/python3.8/site-packages/airflow/example_dags/tutorial_dag.py
[2023-04-28T18:11:23.747-0300] {logging_mixin.py:137} INFO - [2023-04-28T18:11:23.747-0300] {dag.py:2705} INFO - Sync 1 DAGs
[2023-04-28T18:11:23.761-0300] {logging_mixin.py:137} INFO - [2023-04-28T18:11:23.761-0300] {dag.py:3452} INFO - Setting next_dagrun for tutorial_dag to None, run_after=None
[2023-04-28T18:11:23.779-0300] {processor.py:175} INFO - Processing /home/lcscarv/projetos/indicium/desafio_5/.venv/lib/python3.8/site-packages/airflow/example_dags/tutorial_dag.py took 0.058 seconds
[2023-04-28T18:12:15.240-0300] {processor.py:153} INFO - Started process (PID=5845) to work on /home/lcscarv/projetos/indicium/desafio_5/.venv/lib/python3.8/site-packages/airflow/example_dags/tutorial_dag.py
[2023-04-28T18:12:15.340-0300] {processor.py:743} INFO - Processing file /home/lcscarv/projetos/indicium/desafio_5/.venv/lib/python3.8/site-packages/airflow/example_dags/tutorial_dag.py for tasks to queue
[2023-04-28T18:12:15.342-0300] {logging_mixin.py:137} INFO - [2023-04-28T18:12:15.341-0300] {dagbag.py:532} INFO - Filling up the DagBag from /home/lcscarv/projetos/indicium/desafio_5/.venv/lib/python3.8/site-packages/airflow/example_dags/tutorial_dag.py
[2023-04-28T18:12:15.355-0300] {processor.py:753} INFO - DAG(s) dict_keys(['tutorial_dag']) retrieved from /home/lcscarv/projetos/indicium/desafio_5/.venv/lib/python3.8/site-packages/airflow/example_dags/tutorial_dag.py
[2023-04-28T18:12:15.368-0300] {logging_mixin.py:137} INFO - [2023-04-28T18:12:15.368-0300] {dag.py:2705} INFO - Sync 1 DAGs
[2023-04-28T18:12:15.380-0300] {logging_mixin.py:137} INFO - [2023-04-28T18:12:15.380-0300] {dag.py:3452} INFO - Setting next_dagrun for tutorial_dag to None, run_after=None
[2023-04-28T18:12:15.573-0300] {processor.py:175} INFO - Processing /home/lcscarv/projetos/indicium/desafio_5/.venv/lib/python3.8/site-packages/airflow/example_dags/tutorial_dag.py took 0.334 seconds
[2023-04-28T18:13:02.664-0300] {processor.py:153} INFO - Started process (PID=5878) to work on /home/lcscarv/projetos/indicium/desafio_5/.venv/lib/python3.8/site-packages/airflow/example_dags/tutorial_dag.py
[2023-04-28T18:13:02.678-0300] {processor.py:743} INFO - Processing file /home/lcscarv/projetos/indicium/desafio_5/.venv/lib/python3.8/site-packages/airflow/example_dags/tutorial_dag.py for tasks to queue
[2023-04-28T18:13:02.679-0300] {logging_mixin.py:137} INFO - [2023-04-28T18:13:02.679-0300] {dagbag.py:532} INFO - Filling up the DagBag from /home/lcscarv/projetos/indicium/desafio_5/.venv/lib/python3.8/site-packages/airflow/example_dags/tutorial_dag.py
[2023-04-28T18:13:02.689-0300] {processor.py:753} INFO - DAG(s) dict_keys(['tutorial_dag']) retrieved from /home/lcscarv/projetos/indicium/desafio_5/.venv/lib/python3.8/site-packages/airflow/example_dags/tutorial_dag.py
[2023-04-28T18:13:02.705-0300] {logging_mixin.py:137} INFO - [2023-04-28T18:13:02.704-0300] {dag.py:2705} INFO - Sync 1 DAGs
[2023-04-28T18:13:02.720-0300] {logging_mixin.py:137} INFO - [2023-04-28T18:13:02.720-0300] {dag.py:3452} INFO - Setting next_dagrun for tutorial_dag to None, run_after=None
[2023-04-28T18:13:02.745-0300] {processor.py:175} INFO - Processing /home/lcscarv/projetos/indicium/desafio_5/.venv/lib/python3.8/site-packages/airflow/example_dags/tutorial_dag.py took 0.083 seconds
[2023-04-28T18:13:48.606-0300] {processor.py:153} INFO - Started process (PID=5919) to work on /home/lcscarv/projetos/indicium/desafio_5/.venv/lib/python3.8/site-packages/airflow/example_dags/tutorial_dag.py
[2023-04-28T18:13:48.607-0300] {processor.py:743} INFO - Processing file /home/lcscarv/projetos/indicium/desafio_5/.venv/lib/python3.8/site-packages/airflow/example_dags/tutorial_dag.py for tasks to queue
[2023-04-28T18:13:48.608-0300] {logging_mixin.py:137} INFO - [2023-04-28T18:13:48.608-0300] {dagbag.py:532} INFO - Filling up the DagBag from /home/lcscarv/projetos/indicium/desafio_5/.venv/lib/python3.8/site-packages/airflow/example_dags/tutorial_dag.py
[2023-04-28T18:13:48.617-0300] {processor.py:753} INFO - DAG(s) dict_keys(['tutorial_dag']) retrieved from /home/lcscarv/projetos/indicium/desafio_5/.venv/lib/python3.8/site-packages/airflow/example_dags/tutorial_dag.py
[2023-04-28T18:13:48.632-0300] {logging_mixin.py:137} INFO - [2023-04-28T18:13:48.631-0300] {dag.py:2705} INFO - Sync 1 DAGs
[2023-04-28T18:13:48.645-0300] {logging_mixin.py:137} INFO - [2023-04-28T18:13:48.645-0300] {dag.py:3452} INFO - Setting next_dagrun for tutorial_dag to None, run_after=None
[2023-04-28T18:13:48.669-0300] {processor.py:175} INFO - Processing /home/lcscarv/projetos/indicium/desafio_5/.venv/lib/python3.8/site-packages/airflow/example_dags/tutorial_dag.py took 0.065 seconds
[2023-04-28T18:14:42.049-0300] {processor.py:153} INFO - Started process (PID=5964) to work on /home/lcscarv/projetos/indicium/desafio_5/.venv/lib/python3.8/site-packages/airflow/example_dags/tutorial_dag.py
[2023-04-28T18:14:42.139-0300] {processor.py:743} INFO - Processing file /home/lcscarv/projetos/indicium/desafio_5/.venv/lib/python3.8/site-packages/airflow/example_dags/tutorial_dag.py for tasks to queue
[2023-04-28T18:14:42.141-0300] {logging_mixin.py:137} INFO - [2023-04-28T18:14:42.141-0300] {dagbag.py:532} INFO - Filling up the DagBag from /home/lcscarv/projetos/indicium/desafio_5/.venv/lib/python3.8/site-packages/airflow/example_dags/tutorial_dag.py
[2023-04-28T18:14:42.151-0300] {processor.py:753} INFO - DAG(s) dict_keys(['tutorial_dag']) retrieved from /home/lcscarv/projetos/indicium/desafio_5/.venv/lib/python3.8/site-packages/airflow/example_dags/tutorial_dag.py
[2023-04-28T18:14:42.164-0300] {logging_mixin.py:137} INFO - [2023-04-28T18:14:42.164-0300] {dag.py:2705} INFO - Sync 1 DAGs
[2023-04-28T18:14:42.176-0300] {logging_mixin.py:137} INFO - [2023-04-28T18:14:42.176-0300] {dag.py:3452} INFO - Setting next_dagrun for tutorial_dag to None, run_after=None
[2023-04-28T18:14:42.387-0300] {processor.py:175} INFO - Processing /home/lcscarv/projetos/indicium/desafio_5/.venv/lib/python3.8/site-packages/airflow/example_dags/tutorial_dag.py took 0.340 seconds
[2023-04-28T18:15:24.999-0300] {processor.py:153} INFO - Started process (PID=6050) to work on /home/lcscarv/projetos/indicium/desafio_5/.venv/lib/python3.8/site-packages/airflow/example_dags/tutorial_dag.py
[2023-04-28T18:15:25.000-0300] {processor.py:743} INFO - Processing file /home/lcscarv/projetos/indicium/desafio_5/.venv/lib/python3.8/site-packages/airflow/example_dags/tutorial_dag.py for tasks to queue
[2023-04-28T18:15:25.001-0300] {logging_mixin.py:137} INFO - [2023-04-28T18:15:25.001-0300] {dagbag.py:532} INFO - Filling up the DagBag from /home/lcscarv/projetos/indicium/desafio_5/.venv/lib/python3.8/site-packages/airflow/example_dags/tutorial_dag.py
[2023-04-28T18:15:25.010-0300] {processor.py:753} INFO - DAG(s) dict_keys(['tutorial_dag']) retrieved from /home/lcscarv/projetos/indicium/desafio_5/.venv/lib/python3.8/site-packages/airflow/example_dags/tutorial_dag.py
[2023-04-28T18:15:25.024-0300] {logging_mixin.py:137} INFO - [2023-04-28T18:15:25.024-0300] {dag.py:2705} INFO - Sync 1 DAGs
[2023-04-28T18:15:25.036-0300] {logging_mixin.py:137} INFO - [2023-04-28T18:15:25.036-0300] {dag.py:3452} INFO - Setting next_dagrun for tutorial_dag to None, run_after=None
[2023-04-28T18:15:25.201-0300] {processor.py:175} INFO - Processing /home/lcscarv/projetos/indicium/desafio_5/.venv/lib/python3.8/site-packages/airflow/example_dags/tutorial_dag.py took 0.204 seconds
[2023-04-28T18:16:05.491-0300] {processor.py:153} INFO - Started process (PID=6086) to work on /home/lcscarv/projetos/indicium/desafio_5/.venv/lib/python3.8/site-packages/airflow/example_dags/tutorial_dag.py
[2023-04-28T18:16:05.492-0300] {processor.py:743} INFO - Processing file /home/lcscarv/projetos/indicium/desafio_5/.venv/lib/python3.8/site-packages/airflow/example_dags/tutorial_dag.py for tasks to queue
[2023-04-28T18:16:05.493-0300] {logging_mixin.py:137} INFO - [2023-04-28T18:16:05.493-0300] {dagbag.py:532} INFO - Filling up the DagBag from /home/lcscarv/projetos/indicium/desafio_5/.venv/lib/python3.8/site-packages/airflow/example_dags/tutorial_dag.py
[2023-04-28T18:16:05.502-0300] {processor.py:753} INFO - DAG(s) dict_keys(['tutorial_dag']) retrieved from /home/lcscarv/projetos/indicium/desafio_5/.venv/lib/python3.8/site-packages/airflow/example_dags/tutorial_dag.py
[2023-04-28T18:16:05.515-0300] {logging_mixin.py:137} INFO - [2023-04-28T18:16:05.515-0300] {dag.py:2705} INFO - Sync 1 DAGs
[2023-04-28T18:16:05.580-0300] {logging_mixin.py:137} INFO - [2023-04-28T18:16:05.580-0300] {dag.py:3452} INFO - Setting next_dagrun for tutorial_dag to None, run_after=None
[2023-04-28T18:16:05.619-0300] {processor.py:175} INFO - Processing /home/lcscarv/projetos/indicium/desafio_5/.venv/lib/python3.8/site-packages/airflow/example_dags/tutorial_dag.py took 0.131 seconds
[2023-04-28T18:17:04.369-0300] {processor.py:153} INFO - Started process (PID=6134) to work on /home/lcscarv/projetos/indicium/desafio_5/.venv/lib/python3.8/site-packages/airflow/example_dags/tutorial_dag.py
[2023-04-28T18:17:04.371-0300] {processor.py:743} INFO - Processing file /home/lcscarv/projetos/indicium/desafio_5/.venv/lib/python3.8/site-packages/airflow/example_dags/tutorial_dag.py for tasks to queue
[2023-04-28T18:17:04.371-0300] {logging_mixin.py:137} INFO - [2023-04-28T18:17:04.371-0300] {dagbag.py:532} INFO - Filling up the DagBag from /home/lcscarv/projetos/indicium/desafio_5/.venv/lib/python3.8/site-packages/airflow/example_dags/tutorial_dag.py
[2023-04-28T18:17:04.380-0300] {processor.py:753} INFO - DAG(s) dict_keys(['tutorial_dag']) retrieved from /home/lcscarv/projetos/indicium/desafio_5/.venv/lib/python3.8/site-packages/airflow/example_dags/tutorial_dag.py
[2023-04-28T18:17:04.392-0300] {logging_mixin.py:137} INFO - [2023-04-28T18:17:04.392-0300] {dag.py:2705} INFO - Sync 1 DAGs
[2023-04-28T18:17:04.464-0300] {logging_mixin.py:137} INFO - [2023-04-28T18:17:04.463-0300] {dag.py:3452} INFO - Setting next_dagrun for tutorial_dag to None, run_after=None
[2023-04-28T18:17:04.627-0300] {processor.py:175} INFO - Processing /home/lcscarv/projetos/indicium/desafio_5/.venv/lib/python3.8/site-packages/airflow/example_dags/tutorial_dag.py took 0.261 seconds
[2023-04-28T18:17:42.842-0300] {processor.py:153} INFO - Started process (PID=6168) to work on /home/lcscarv/projetos/indicium/desafio_5/.venv/lib/python3.8/site-packages/airflow/example_dags/tutorial_dag.py
[2023-04-28T18:17:42.844-0300] {processor.py:743} INFO - Processing file /home/lcscarv/projetos/indicium/desafio_5/.venv/lib/python3.8/site-packages/airflow/example_dags/tutorial_dag.py for tasks to queue
[2023-04-28T18:17:42.844-0300] {logging_mixin.py:137} INFO - [2023-04-28T18:17:42.844-0300] {dagbag.py:532} INFO - Filling up the DagBag from /home/lcscarv/projetos/indicium/desafio_5/.venv/lib/python3.8/site-packages/airflow/example_dags/tutorial_dag.py
[2023-04-28T18:17:42.855-0300] {processor.py:753} INFO - DAG(s) dict_keys(['tutorial_dag']) retrieved from /home/lcscarv/projetos/indicium/desafio_5/.venv/lib/python3.8/site-packages/airflow/example_dags/tutorial_dag.py
[2023-04-28T18:17:42.928-0300] {logging_mixin.py:137} INFO - [2023-04-28T18:17:42.928-0300] {dag.py:2705} INFO - Sync 1 DAGs
[2023-04-28T18:17:42.939-0300] {logging_mixin.py:137} INFO - [2023-04-28T18:17:42.939-0300] {dag.py:3452} INFO - Setting next_dagrun for tutorial_dag to None, run_after=None
[2023-04-28T18:17:42.958-0300] {processor.py:175} INFO - Processing /home/lcscarv/projetos/indicium/desafio_5/.venv/lib/python3.8/site-packages/airflow/example_dags/tutorial_dag.py took 0.117 seconds
[2023-04-28T18:18:28.476-0300] {processor.py:153} INFO - Started process (PID=6212) to work on /home/lcscarv/projetos/indicium/desafio_5/.venv/lib/python3.8/site-packages/airflow/example_dags/tutorial_dag.py
[2023-04-28T18:18:28.477-0300] {processor.py:743} INFO - Processing file /home/lcscarv/projetos/indicium/desafio_5/.venv/lib/python3.8/site-packages/airflow/example_dags/tutorial_dag.py for tasks to queue
[2023-04-28T18:18:28.478-0300] {logging_mixin.py:137} INFO - [2023-04-28T18:18:28.478-0300] {dagbag.py:532} INFO - Filling up the DagBag from /home/lcscarv/projetos/indicium/desafio_5/.venv/lib/python3.8/site-packages/airflow/example_dags/tutorial_dag.py
[2023-04-28T18:18:28.488-0300] {processor.py:753} INFO - DAG(s) dict_keys(['tutorial_dag']) retrieved from /home/lcscarv/projetos/indicium/desafio_5/.venv/lib/python3.8/site-packages/airflow/example_dags/tutorial_dag.py
[2023-04-28T18:18:28.504-0300] {logging_mixin.py:137} INFO - [2023-04-28T18:18:28.504-0300] {dag.py:2705} INFO - Sync 1 DAGs
[2023-04-28T18:18:28.521-0300] {logging_mixin.py:137} INFO - [2023-04-28T18:18:28.521-0300] {dag.py:3452} INFO - Setting next_dagrun for tutorial_dag to None, run_after=None
[2023-04-28T18:18:28.542-0300] {processor.py:175} INFO - Processing /home/lcscarv/projetos/indicium/desafio_5/.venv/lib/python3.8/site-packages/airflow/example_dags/tutorial_dag.py took 0.068 seconds
[2023-04-28T18:19:11.146-0300] {processor.py:153} INFO - Started process (PID=6251) to work on /home/lcscarv/projetos/indicium/desafio_5/.venv/lib/python3.8/site-packages/airflow/example_dags/tutorial_dag.py
[2023-04-28T18:19:11.148-0300] {processor.py:743} INFO - Processing file /home/lcscarv/projetos/indicium/desafio_5/.venv/lib/python3.8/site-packages/airflow/example_dags/tutorial_dag.py for tasks to queue
[2023-04-28T18:19:11.149-0300] {logging_mixin.py:137} INFO - [2023-04-28T18:19:11.149-0300] {dagbag.py:532} INFO - Filling up the DagBag from /home/lcscarv/projetos/indicium/desafio_5/.venv/lib/python3.8/site-packages/airflow/example_dags/tutorial_dag.py
[2023-04-28T18:19:11.167-0300] {processor.py:753} INFO - DAG(s) dict_keys(['tutorial_dag']) retrieved from /home/lcscarv/projetos/indicium/desafio_5/.venv/lib/python3.8/site-packages/airflow/example_dags/tutorial_dag.py
[2023-04-28T18:19:11.197-0300] {logging_mixin.py:137} INFO - [2023-04-28T18:19:11.196-0300] {dag.py:2705} INFO - Sync 1 DAGs
[2023-04-28T18:19:11.223-0300] {logging_mixin.py:137} INFO - [2023-04-28T18:19:11.223-0300] {dag.py:3452} INFO - Setting next_dagrun for tutorial_dag to None, run_after=None
[2023-04-28T18:19:11.252-0300] {processor.py:175} INFO - Processing /home/lcscarv/projetos/indicium/desafio_5/.venv/lib/python3.8/site-packages/airflow/example_dags/tutorial_dag.py took 0.111 seconds
[2023-04-28T18:19:58.183-0300] {processor.py:153} INFO - Started process (PID=6295) to work on /home/lcscarv/projetos/indicium/desafio_5/.venv/lib/python3.8/site-packages/airflow/example_dags/tutorial_dag.py
[2023-04-28T18:19:58.185-0300] {processor.py:743} INFO - Processing file /home/lcscarv/projetos/indicium/desafio_5/.venv/lib/python3.8/site-packages/airflow/example_dags/tutorial_dag.py for tasks to queue
[2023-04-28T18:19:58.186-0300] {logging_mixin.py:137} INFO - [2023-04-28T18:19:58.186-0300] {dagbag.py:532} INFO - Filling up the DagBag from /home/lcscarv/projetos/indicium/desafio_5/.venv/lib/python3.8/site-packages/airflow/example_dags/tutorial_dag.py
[2023-04-28T18:19:58.197-0300] {processor.py:753} INFO - DAG(s) dict_keys(['tutorial_dag']) retrieved from /home/lcscarv/projetos/indicium/desafio_5/.venv/lib/python3.8/site-packages/airflow/example_dags/tutorial_dag.py
[2023-04-28T18:19:58.213-0300] {logging_mixin.py:137} INFO - [2023-04-28T18:19:58.213-0300] {dag.py:2705} INFO - Sync 1 DAGs
[2023-04-28T18:19:58.226-0300] {logging_mixin.py:137} INFO - [2023-04-28T18:19:58.225-0300] {dag.py:3452} INFO - Setting next_dagrun for tutorial_dag to None, run_after=None
[2023-04-28T18:19:58.333-0300] {processor.py:175} INFO - Processing /home/lcscarv/projetos/indicium/desafio_5/.venv/lib/python3.8/site-packages/airflow/example_dags/tutorial_dag.py took 0.152 seconds
[2023-04-28T18:20:35.571-0300] {processor.py:153} INFO - Started process (PID=6380) to work on /home/lcscarv/projetos/indicium/desafio_5/.venv/lib/python3.8/site-packages/airflow/example_dags/tutorial_dag.py
[2023-04-28T18:20:35.641-0300] {processor.py:743} INFO - Processing file /home/lcscarv/projetos/indicium/desafio_5/.venv/lib/python3.8/site-packages/airflow/example_dags/tutorial_dag.py for tasks to queue
[2023-04-28T18:20:35.643-0300] {logging_mixin.py:137} INFO - [2023-04-28T18:20:35.642-0300] {dagbag.py:532} INFO - Filling up the DagBag from /home/lcscarv/projetos/indicium/desafio_5/.venv/lib/python3.8/site-packages/airflow/example_dags/tutorial_dag.py
[2023-04-28T18:20:35.657-0300] {processor.py:753} INFO - DAG(s) dict_keys(['tutorial_dag']) retrieved from /home/lcscarv/projetos/indicium/desafio_5/.venv/lib/python3.8/site-packages/airflow/example_dags/tutorial_dag.py
[2023-04-28T18:20:35.670-0300] {logging_mixin.py:137} INFO - [2023-04-28T18:20:35.670-0300] {dag.py:2705} INFO - Sync 1 DAGs
[2023-04-28T18:20:35.737-0300] {logging_mixin.py:137} INFO - [2023-04-28T18:20:35.737-0300] {dag.py:3452} INFO - Setting next_dagrun for tutorial_dag to None, run_after=None
[2023-04-28T18:20:35.778-0300] {processor.py:175} INFO - Processing /home/lcscarv/projetos/indicium/desafio_5/.venv/lib/python3.8/site-packages/airflow/example_dags/tutorial_dag.py took 0.209 seconds
[2023-04-28T18:21:23.146-0300] {processor.py:153} INFO - Started process (PID=6424) to work on /home/lcscarv/projetos/indicium/desafio_5/.venv/lib/python3.8/site-packages/airflow/example_dags/tutorial_dag.py
[2023-04-28T18:21:23.147-0300] {processor.py:743} INFO - Processing file /home/lcscarv/projetos/indicium/desafio_5/.venv/lib/python3.8/site-packages/airflow/example_dags/tutorial_dag.py for tasks to queue
[2023-04-28T18:21:23.148-0300] {logging_mixin.py:137} INFO - [2023-04-28T18:21:23.148-0300] {dagbag.py:532} INFO - Filling up the DagBag from /home/lcscarv/projetos/indicium/desafio_5/.venv/lib/python3.8/site-packages/airflow/example_dags/tutorial_dag.py
[2023-04-28T18:21:23.156-0300] {processor.py:753} INFO - DAG(s) dict_keys(['tutorial_dag']) retrieved from /home/lcscarv/projetos/indicium/desafio_5/.venv/lib/python3.8/site-packages/airflow/example_dags/tutorial_dag.py
[2023-04-28T18:21:23.230-0300] {logging_mixin.py:137} INFO - [2023-04-28T18:21:23.230-0300] {dag.py:2705} INFO - Sync 1 DAGs
[2023-04-28T18:21:23.242-0300] {logging_mixin.py:137} INFO - [2023-04-28T18:21:23.242-0300] {dag.py:3452} INFO - Setting next_dagrun for tutorial_dag to None, run_after=None
[2023-04-28T18:21:23.260-0300] {processor.py:175} INFO - Processing /home/lcscarv/projetos/indicium/desafio_5/.venv/lib/python3.8/site-packages/airflow/example_dags/tutorial_dag.py took 0.116 seconds
