[2023-04-28T18:00:31.293-0300] {processor.py:153} INFO - Started process (PID=4598) to work on /home/lcscarv/projetos/indicium/desafio_5/.venv/lib/python3.8/site-packages/airflow/example_dags/tutorial_taskflow_api.py
[2023-04-28T18:00:31.293-0300] {processor.py:743} INFO - Processing file /home/lcscarv/projetos/indicium/desafio_5/.venv/lib/python3.8/site-packages/airflow/example_dags/tutorial_taskflow_api.py for tasks to queue
[2023-04-28T18:00:31.294-0300] {logging_mixin.py:137} INFO - [2023-04-28T18:00:31.294-0300] {dagbag.py:532} INFO - Filling up the DagBag from /home/lcscarv/projetos/indicium/desafio_5/.venv/lib/python3.8/site-packages/airflow/example_dags/tutorial_taskflow_api.py
[2023-04-28T18:00:31.315-0300] {processor.py:753} INFO - DAG(s) dict_keys(['tutorial_taskflow_api']) retrieved from /home/lcscarv/projetos/indicium/desafio_5/.venv/lib/python3.8/site-packages/airflow/example_dags/tutorial_taskflow_api.py
[2023-04-28T18:00:31.336-0300] {logging_mixin.py:137} INFO - [2023-04-28T18:00:31.335-0300] {dag.py:2705} INFO - Sync 1 DAGs
[2023-04-28T18:00:31.356-0300] {logging_mixin.py:137} INFO - [2023-04-28T18:00:31.356-0300] {dag.py:3452} INFO - Setting next_dagrun for tutorial_taskflow_api to None, run_after=None
[2023-04-28T18:00:31.382-0300] {processor.py:175} INFO - Processing /home/lcscarv/projetos/indicium/desafio_5/.venv/lib/python3.8/site-packages/airflow/example_dags/tutorial_taskflow_api.py took 0.093 seconds
[2023-04-28T18:01:12.578-0300] {processor.py:153} INFO - Started process (PID=4640) to work on /home/lcscarv/projetos/indicium/desafio_5/.venv/lib/python3.8/site-packages/airflow/example_dags/tutorial_taskflow_api.py
[2023-04-28T18:01:12.580-0300] {processor.py:743} INFO - Processing file /home/lcscarv/projetos/indicium/desafio_5/.venv/lib/python3.8/site-packages/airflow/example_dags/tutorial_taskflow_api.py for tasks to queue
[2023-04-28T18:01:12.580-0300] {logging_mixin.py:137} INFO - [2023-04-28T18:01:12.580-0300] {dagbag.py:532} INFO - Filling up the DagBag from /home/lcscarv/projetos/indicium/desafio_5/.venv/lib/python3.8/site-packages/airflow/example_dags/tutorial_taskflow_api.py
[2023-04-28T18:01:12.597-0300] {processor.py:753} INFO - DAG(s) dict_keys(['tutorial_taskflow_api']) retrieved from /home/lcscarv/projetos/indicium/desafio_5/.venv/lib/python3.8/site-packages/airflow/example_dags/tutorial_taskflow_api.py
[2023-04-28T18:01:12.610-0300] {logging_mixin.py:137} INFO - [2023-04-28T18:01:12.610-0300] {dag.py:2705} INFO - Sync 1 DAGs
[2023-04-28T18:01:12.623-0300] {logging_mixin.py:137} INFO - [2023-04-28T18:01:12.623-0300] {dag.py:3452} INFO - Setting next_dagrun for tutorial_taskflow_api to None, run_after=None
[2023-04-28T18:01:12.642-0300] {processor.py:175} INFO - Processing /home/lcscarv/projetos/indicium/desafio_5/.venv/lib/python3.8/site-packages/airflow/example_dags/tutorial_taskflow_api.py took 0.066 seconds
[2023-04-28T18:02:04.048-0300] {processor.py:153} INFO - Started process (PID=4682) to work on /home/lcscarv/projetos/indicium/desafio_5/.venv/lib/python3.8/site-packages/airflow/example_dags/tutorial_taskflow_api.py
[2023-04-28T18:02:04.055-0300] {processor.py:743} INFO - Processing file /home/lcscarv/projetos/indicium/desafio_5/.venv/lib/python3.8/site-packages/airflow/example_dags/tutorial_taskflow_api.py for tasks to queue
[2023-04-28T18:02:04.061-0300] {logging_mixin.py:137} INFO - [2023-04-28T18:02:04.061-0300] {dagbag.py:532} INFO - Filling up the DagBag from /home/lcscarv/projetos/indicium/desafio_5/.venv/lib/python3.8/site-packages/airflow/example_dags/tutorial_taskflow_api.py
[2023-04-28T18:02:04.381-0300] {processor.py:753} INFO - DAG(s) dict_keys(['tutorial_taskflow_api']) retrieved from /home/lcscarv/projetos/indicium/desafio_5/.venv/lib/python3.8/site-packages/airflow/example_dags/tutorial_taskflow_api.py
[2023-04-28T18:02:04.596-0300] {logging_mixin.py:137} INFO - [2023-04-28T18:02:04.595-0300] {dag.py:2705} INFO - Sync 1 DAGs
[2023-04-28T18:02:04.750-0300] {logging_mixin.py:137} INFO - [2023-04-28T18:02:04.749-0300] {dag.py:3452} INFO - Setting next_dagrun for tutorial_taskflow_api to None, run_after=None
[2023-04-28T18:02:04.989-0300] {processor.py:175} INFO - Processing /home/lcscarv/projetos/indicium/desafio_5/.venv/lib/python3.8/site-packages/airflow/example_dags/tutorial_taskflow_api.py took 0.961 seconds
[2023-04-28T18:02:57.196-0300] {processor.py:153} INFO - Started process (PID=4824) to work on /home/lcscarv/projetos/indicium/desafio_5/.venv/lib/python3.8/site-packages/airflow/example_dags/tutorial_taskflow_api.py
[2023-04-28T18:02:57.199-0300] {processor.py:743} INFO - Processing file /home/lcscarv/projetos/indicium/desafio_5/.venv/lib/python3.8/site-packages/airflow/example_dags/tutorial_taskflow_api.py for tasks to queue
[2023-04-28T18:02:57.200-0300] {logging_mixin.py:137} INFO - [2023-04-28T18:02:57.200-0300] {dagbag.py:532} INFO - Filling up the DagBag from /home/lcscarv/projetos/indicium/desafio_5/.venv/lib/python3.8/site-packages/airflow/example_dags/tutorial_taskflow_api.py
[2023-04-28T18:02:57.239-0300] {processor.py:753} INFO - DAG(s) dict_keys(['tutorial_taskflow_api']) retrieved from /home/lcscarv/projetos/indicium/desafio_5/.venv/lib/python3.8/site-packages/airflow/example_dags/tutorial_taskflow_api.py
[2023-04-28T18:02:57.264-0300] {logging_mixin.py:137} INFO - [2023-04-28T18:02:57.264-0300] {dag.py:2705} INFO - Sync 1 DAGs
[2023-04-28T18:02:57.299-0300] {logging_mixin.py:137} INFO - [2023-04-28T18:02:57.299-0300] {dag.py:3452} INFO - Setting next_dagrun for tutorial_taskflow_api to None, run_after=None
[2023-04-28T18:02:57.335-0300] {processor.py:175} INFO - Processing /home/lcscarv/projetos/indicium/desafio_5/.venv/lib/python3.8/site-packages/airflow/example_dags/tutorial_taskflow_api.py took 0.152 seconds
[2023-04-28T18:03:44.845-0300] {processor.py:153} INFO - Started process (PID=4870) to work on /home/lcscarv/projetos/indicium/desafio_5/.venv/lib/python3.8/site-packages/airflow/example_dags/tutorial_taskflow_api.py
[2023-04-28T18:03:44.846-0300] {processor.py:743} INFO - Processing file /home/lcscarv/projetos/indicium/desafio_5/.venv/lib/python3.8/site-packages/airflow/example_dags/tutorial_taskflow_api.py for tasks to queue
[2023-04-28T18:03:44.847-0300] {logging_mixin.py:137} INFO - [2023-04-28T18:03:44.847-0300] {dagbag.py:532} INFO - Filling up the DagBag from /home/lcscarv/projetos/indicium/desafio_5/.venv/lib/python3.8/site-packages/airflow/example_dags/tutorial_taskflow_api.py
[2023-04-28T18:03:44.860-0300] {processor.py:753} INFO - DAG(s) dict_keys(['tutorial_taskflow_api']) retrieved from /home/lcscarv/projetos/indicium/desafio_5/.venv/lib/python3.8/site-packages/airflow/example_dags/tutorial_taskflow_api.py
[2023-04-28T18:03:44.872-0300] {logging_mixin.py:137} INFO - [2023-04-28T18:03:44.872-0300] {dag.py:2705} INFO - Sync 1 DAGs
[2023-04-28T18:03:44.886-0300] {logging_mixin.py:137} INFO - [2023-04-28T18:03:44.886-0300] {dag.py:3452} INFO - Setting next_dagrun for tutorial_taskflow_api to None, run_after=None
[2023-04-28T18:03:44.905-0300] {processor.py:175} INFO - Processing /home/lcscarv/projetos/indicium/desafio_5/.venv/lib/python3.8/site-packages/airflow/example_dags/tutorial_taskflow_api.py took 0.062 seconds
[2023-04-28T18:04:24.163-0300] {processor.py:153} INFO - Started process (PID=4911) to work on /home/lcscarv/projetos/indicium/desafio_5/.venv/lib/python3.8/site-packages/airflow/example_dags/tutorial_taskflow_api.py
[2023-04-28T18:04:24.165-0300] {processor.py:743} INFO - Processing file /home/lcscarv/projetos/indicium/desafio_5/.venv/lib/python3.8/site-packages/airflow/example_dags/tutorial_taskflow_api.py for tasks to queue
[2023-04-28T18:04:24.165-0300] {logging_mixin.py:137} INFO - [2023-04-28T18:04:24.165-0300] {dagbag.py:532} INFO - Filling up the DagBag from /home/lcscarv/projetos/indicium/desafio_5/.venv/lib/python3.8/site-packages/airflow/example_dags/tutorial_taskflow_api.py
[2023-04-28T18:04:24.178-0300] {processor.py:753} INFO - DAG(s) dict_keys(['tutorial_taskflow_api']) retrieved from /home/lcscarv/projetos/indicium/desafio_5/.venv/lib/python3.8/site-packages/airflow/example_dags/tutorial_taskflow_api.py
[2023-04-28T18:04:24.192-0300] {logging_mixin.py:137} INFO - [2023-04-28T18:04:24.192-0300] {dag.py:2705} INFO - Sync 1 DAGs
[2023-04-28T18:04:24.205-0300] {logging_mixin.py:137} INFO - [2023-04-28T18:04:24.205-0300] {dag.py:3452} INFO - Setting next_dagrun for tutorial_taskflow_api to None, run_after=None
[2023-04-28T18:04:24.223-0300] {processor.py:175} INFO - Processing /home/lcscarv/projetos/indicium/desafio_5/.venv/lib/python3.8/site-packages/airflow/example_dags/tutorial_taskflow_api.py took 0.063 seconds
[2023-04-28T18:05:07.533-0300] {processor.py:153} INFO - Started process (PID=5003) to work on /home/lcscarv/projetos/indicium/desafio_5/.venv/lib/python3.8/site-packages/airflow/example_dags/tutorial_taskflow_api.py
[2023-04-28T18:05:07.535-0300] {processor.py:743} INFO - Processing file /home/lcscarv/projetos/indicium/desafio_5/.venv/lib/python3.8/site-packages/airflow/example_dags/tutorial_taskflow_api.py for tasks to queue
[2023-04-28T18:05:07.535-0300] {logging_mixin.py:137} INFO - [2023-04-28T18:05:07.535-0300] {dagbag.py:532} INFO - Filling up the DagBag from /home/lcscarv/projetos/indicium/desafio_5/.venv/lib/python3.8/site-packages/airflow/example_dags/tutorial_taskflow_api.py
[2023-04-28T18:05:07.549-0300] {processor.py:753} INFO - DAG(s) dict_keys(['tutorial_taskflow_api']) retrieved from /home/lcscarv/projetos/indicium/desafio_5/.venv/lib/python3.8/site-packages/airflow/example_dags/tutorial_taskflow_api.py
[2023-04-28T18:05:07.561-0300] {logging_mixin.py:137} INFO - [2023-04-28T18:05:07.560-0300] {dag.py:2705} INFO - Sync 1 DAGs
[2023-04-28T18:05:07.572-0300] {logging_mixin.py:137} INFO - [2023-04-28T18:05:07.572-0300] {dag.py:3452} INFO - Setting next_dagrun for tutorial_taskflow_api to None, run_after=None
[2023-04-28T18:05:07.589-0300] {processor.py:175} INFO - Processing /home/lcscarv/projetos/indicium/desafio_5/.venv/lib/python3.8/site-packages/airflow/example_dags/tutorial_taskflow_api.py took 0.057 seconds
[2023-04-28T18:05:46.048-0300] {processor.py:153} INFO - Started process (PID=5095) to work on /home/lcscarv/projetos/indicium/desafio_5/.venv/lib/python3.8/site-packages/airflow/example_dags/tutorial_taskflow_api.py
[2023-04-28T18:05:46.050-0300] {processor.py:743} INFO - Processing file /home/lcscarv/projetos/indicium/desafio_5/.venv/lib/python3.8/site-packages/airflow/example_dags/tutorial_taskflow_api.py for tasks to queue
[2023-04-28T18:05:46.050-0300] {logging_mixin.py:137} INFO - [2023-04-28T18:05:46.050-0300] {dagbag.py:532} INFO - Filling up the DagBag from /home/lcscarv/projetos/indicium/desafio_5/.venv/lib/python3.8/site-packages/airflow/example_dags/tutorial_taskflow_api.py
[2023-04-28T18:05:46.065-0300] {processor.py:753} INFO - DAG(s) dict_keys(['tutorial_taskflow_api']) retrieved from /home/lcscarv/projetos/indicium/desafio_5/.venv/lib/python3.8/site-packages/airflow/example_dags/tutorial_taskflow_api.py
[2023-04-28T18:05:46.077-0300] {logging_mixin.py:137} INFO - [2023-04-28T18:05:46.077-0300] {dag.py:2705} INFO - Sync 1 DAGs
[2023-04-28T18:05:46.088-0300] {logging_mixin.py:137} INFO - [2023-04-28T18:05:46.088-0300] {dag.py:3452} INFO - Setting next_dagrun for tutorial_taskflow_api to None, run_after=None
[2023-04-28T18:05:46.107-0300] {processor.py:175} INFO - Processing /home/lcscarv/projetos/indicium/desafio_5/.venv/lib/python3.8/site-packages/airflow/example_dags/tutorial_taskflow_api.py took 0.061 seconds
[2023-04-28T18:06:30.334-0300] {processor.py:153} INFO - Started process (PID=5140) to work on /home/lcscarv/projetos/indicium/desafio_5/.venv/lib/python3.8/site-packages/airflow/example_dags/tutorial_taskflow_api.py
[2023-04-28T18:06:30.335-0300] {processor.py:743} INFO - Processing file /home/lcscarv/projetos/indicium/desafio_5/.venv/lib/python3.8/site-packages/airflow/example_dags/tutorial_taskflow_api.py for tasks to queue
[2023-04-28T18:06:30.335-0300] {logging_mixin.py:137} INFO - [2023-04-28T18:06:30.335-0300] {dagbag.py:532} INFO - Filling up the DagBag from /home/lcscarv/projetos/indicium/desafio_5/.venv/lib/python3.8/site-packages/airflow/example_dags/tutorial_taskflow_api.py
[2023-04-28T18:06:30.352-0300] {processor.py:753} INFO - DAG(s) dict_keys(['tutorial_taskflow_api']) retrieved from /home/lcscarv/projetos/indicium/desafio_5/.venv/lib/python3.8/site-packages/airflow/example_dags/tutorial_taskflow_api.py
[2023-04-28T18:06:30.365-0300] {logging_mixin.py:137} INFO - [2023-04-28T18:06:30.365-0300] {dag.py:2705} INFO - Sync 1 DAGs
[2023-04-28T18:06:30.377-0300] {logging_mixin.py:137} INFO - [2023-04-28T18:06:30.377-0300] {dag.py:3452} INFO - Setting next_dagrun for tutorial_taskflow_api to None, run_after=None
[2023-04-28T18:06:30.436-0300] {processor.py:175} INFO - Processing /home/lcscarv/projetos/indicium/desafio_5/.venv/lib/python3.8/site-packages/airflow/example_dags/tutorial_taskflow_api.py took 0.105 seconds
[2023-04-28T18:07:20.089-0300] {processor.py:153} INFO - Started process (PID=5181) to work on /home/lcscarv/projetos/indicium/desafio_5/.venv/lib/python3.8/site-packages/airflow/example_dags/tutorial_taskflow_api.py
[2023-04-28T18:07:20.090-0300] {processor.py:743} INFO - Processing file /home/lcscarv/projetos/indicium/desafio_5/.venv/lib/python3.8/site-packages/airflow/example_dags/tutorial_taskflow_api.py for tasks to queue
[2023-04-28T18:07:20.091-0300] {logging_mixin.py:137} INFO - [2023-04-28T18:07:20.091-0300] {dagbag.py:532} INFO - Filling up the DagBag from /home/lcscarv/projetos/indicium/desafio_5/.venv/lib/python3.8/site-packages/airflow/example_dags/tutorial_taskflow_api.py
[2023-04-28T18:07:20.107-0300] {processor.py:753} INFO - DAG(s) dict_keys(['tutorial_taskflow_api']) retrieved from /home/lcscarv/projetos/indicium/desafio_5/.venv/lib/python3.8/site-packages/airflow/example_dags/tutorial_taskflow_api.py
[2023-04-28T18:07:20.121-0300] {logging_mixin.py:137} INFO - [2023-04-28T18:07:20.121-0300] {dag.py:2705} INFO - Sync 1 DAGs
[2023-04-28T18:07:20.135-0300] {logging_mixin.py:137} INFO - [2023-04-28T18:07:20.135-0300] {dag.py:3452} INFO - Setting next_dagrun for tutorial_taskflow_api to None, run_after=None
[2023-04-28T18:07:20.164-0300] {processor.py:175} INFO - Processing /home/lcscarv/projetos/indicium/desafio_5/.venv/lib/python3.8/site-packages/airflow/example_dags/tutorial_taskflow_api.py took 0.078 seconds
[2023-04-28T18:08:12.991-0300] {processor.py:153} INFO - Started process (PID=5375) to work on /home/lcscarv/projetos/indicium/desafio_5/.venv/lib/python3.8/site-packages/airflow/example_dags/tutorial_taskflow_api.py
[2023-04-28T18:08:12.993-0300] {processor.py:743} INFO - Processing file /home/lcscarv/projetos/indicium/desafio_5/.venv/lib/python3.8/site-packages/airflow/example_dags/tutorial_taskflow_api.py for tasks to queue
[2023-04-28T18:08:12.994-0300] {logging_mixin.py:137} INFO - [2023-04-28T18:08:12.994-0300] {dagbag.py:532} INFO - Filling up the DagBag from /home/lcscarv/projetos/indicium/desafio_5/.venv/lib/python3.8/site-packages/airflow/example_dags/tutorial_taskflow_api.py
[2023-04-28T18:08:13.010-0300] {processor.py:753} INFO - DAG(s) dict_keys(['tutorial_taskflow_api']) retrieved from /home/lcscarv/projetos/indicium/desafio_5/.venv/lib/python3.8/site-packages/airflow/example_dags/tutorial_taskflow_api.py
[2023-04-28T18:08:13.030-0300] {logging_mixin.py:137} INFO - [2023-04-28T18:08:13.029-0300] {dag.py:2705} INFO - Sync 1 DAGs
[2023-04-28T18:08:13.051-0300] {logging_mixin.py:137} INFO - [2023-04-28T18:08:13.051-0300] {dag.py:3452} INFO - Setting next_dagrun for tutorial_taskflow_api to None, run_after=None
[2023-04-28T18:08:13.153-0300] {processor.py:175} INFO - Processing /home/lcscarv/projetos/indicium/desafio_5/.venv/lib/python3.8/site-packages/airflow/example_dags/tutorial_taskflow_api.py took 0.166 seconds
[2023-04-28T18:09:02.536-0300] {processor.py:153} INFO - Started process (PID=5469) to work on /home/lcscarv/projetos/indicium/desafio_5/.venv/lib/python3.8/site-packages/airflow/example_dags/tutorial_taskflow_api.py
[2023-04-28T18:09:02.571-0300] {processor.py:743} INFO - Processing file /home/lcscarv/projetos/indicium/desafio_5/.venv/lib/python3.8/site-packages/airflow/example_dags/tutorial_taskflow_api.py for tasks to queue
[2023-04-28T18:09:02.572-0300] {logging_mixin.py:137} INFO - [2023-04-28T18:09:02.572-0300] {dagbag.py:532} INFO - Filling up the DagBag from /home/lcscarv/projetos/indicium/desafio_5/.venv/lib/python3.8/site-packages/airflow/example_dags/tutorial_taskflow_api.py
[2023-04-28T18:09:02.587-0300] {processor.py:753} INFO - DAG(s) dict_keys(['tutorial_taskflow_api']) retrieved from /home/lcscarv/projetos/indicium/desafio_5/.venv/lib/python3.8/site-packages/airflow/example_dags/tutorial_taskflow_api.py
[2023-04-28T18:09:02.599-0300] {logging_mixin.py:137} INFO - [2023-04-28T18:09:02.599-0300] {dag.py:2705} INFO - Sync 1 DAGs
[2023-04-28T18:09:02.612-0300] {logging_mixin.py:137} INFO - [2023-04-28T18:09:02.611-0300] {dag.py:3452} INFO - Setting next_dagrun for tutorial_taskflow_api to None, run_after=None
[2023-04-28T18:09:02.716-0300] {processor.py:175} INFO - Processing /home/lcscarv/projetos/indicium/desafio_5/.venv/lib/python3.8/site-packages/airflow/example_dags/tutorial_taskflow_api.py took 0.182 seconds
[2023-04-28T18:09:48.444-0300] {processor.py:153} INFO - Started process (PID=5513) to work on /home/lcscarv/projetos/indicium/desafio_5/.venv/lib/python3.8/site-packages/airflow/example_dags/tutorial_taskflow_api.py
[2023-04-28T18:09:48.445-0300] {processor.py:743} INFO - Processing file /home/lcscarv/projetos/indicium/desafio_5/.venv/lib/python3.8/site-packages/airflow/example_dags/tutorial_taskflow_api.py for tasks to queue
[2023-04-28T18:09:48.446-0300] {logging_mixin.py:137} INFO - [2023-04-28T18:09:48.446-0300] {dagbag.py:532} INFO - Filling up the DagBag from /home/lcscarv/projetos/indicium/desafio_5/.venv/lib/python3.8/site-packages/airflow/example_dags/tutorial_taskflow_api.py
[2023-04-28T18:09:48.461-0300] {processor.py:753} INFO - DAG(s) dict_keys(['tutorial_taskflow_api']) retrieved from /home/lcscarv/projetos/indicium/desafio_5/.venv/lib/python3.8/site-packages/airflow/example_dags/tutorial_taskflow_api.py
[2023-04-28T18:09:48.475-0300] {logging_mixin.py:137} INFO - [2023-04-28T18:09:48.474-0300] {dag.py:2705} INFO - Sync 1 DAGs
[2023-04-28T18:09:48.488-0300] {logging_mixin.py:137} INFO - [2023-04-28T18:09:48.487-0300] {dag.py:3452} INFO - Setting next_dagrun for tutorial_taskflow_api to None, run_after=None
[2023-04-28T18:09:48.508-0300] {processor.py:175} INFO - Processing /home/lcscarv/projetos/indicium/desafio_5/.venv/lib/python3.8/site-packages/airflow/example_dags/tutorial_taskflow_api.py took 0.066 seconds
[2023-04-28T18:10:34.230-0300] {processor.py:153} INFO - Started process (PID=5653) to work on /home/lcscarv/projetos/indicium/desafio_5/.venv/lib/python3.8/site-packages/airflow/example_dags/tutorial_taskflow_api.py
[2023-04-28T18:10:34.248-0300] {processor.py:743} INFO - Processing file /home/lcscarv/projetos/indicium/desafio_5/.venv/lib/python3.8/site-packages/airflow/example_dags/tutorial_taskflow_api.py for tasks to queue
[2023-04-28T18:10:34.249-0300] {logging_mixin.py:137} INFO - [2023-04-28T18:10:34.249-0300] {dagbag.py:532} INFO - Filling up the DagBag from /home/lcscarv/projetos/indicium/desafio_5/.venv/lib/python3.8/site-packages/airflow/example_dags/tutorial_taskflow_api.py
[2023-04-28T18:10:34.265-0300] {processor.py:753} INFO - DAG(s) dict_keys(['tutorial_taskflow_api']) retrieved from /home/lcscarv/projetos/indicium/desafio_5/.venv/lib/python3.8/site-packages/airflow/example_dags/tutorial_taskflow_api.py
[2023-04-28T18:10:34.277-0300] {logging_mixin.py:137} INFO - [2023-04-28T18:10:34.277-0300] {dag.py:2705} INFO - Sync 1 DAGs
[2023-04-28T18:10:34.291-0300] {logging_mixin.py:137} INFO - [2023-04-28T18:10:34.291-0300] {dag.py:3452} INFO - Setting next_dagrun for tutorial_taskflow_api to None, run_after=None
[2023-04-28T18:10:34.415-0300] {processor.py:175} INFO - Processing /home/lcscarv/projetos/indicium/desafio_5/.venv/lib/python3.8/site-packages/airflow/example_dags/tutorial_taskflow_api.py took 0.187 seconds
[2023-04-28T18:11:28.953-0300] {processor.py:153} INFO - Started process (PID=5803) to work on /home/lcscarv/projetos/indicium/desafio_5/.venv/lib/python3.8/site-packages/airflow/example_dags/tutorial_taskflow_api.py
[2023-04-28T18:11:28.955-0300] {processor.py:743} INFO - Processing file /home/lcscarv/projetos/indicium/desafio_5/.venv/lib/python3.8/site-packages/airflow/example_dags/tutorial_taskflow_api.py for tasks to queue
[2023-04-28T18:11:28.955-0300] {logging_mixin.py:137} INFO - [2023-04-28T18:11:28.955-0300] {dagbag.py:532} INFO - Filling up the DagBag from /home/lcscarv/projetos/indicium/desafio_5/.venv/lib/python3.8/site-packages/airflow/example_dags/tutorial_taskflow_api.py
[2023-04-28T18:11:28.976-0300] {processor.py:753} INFO - DAG(s) dict_keys(['tutorial_taskflow_api']) retrieved from /home/lcscarv/projetos/indicium/desafio_5/.venv/lib/python3.8/site-packages/airflow/example_dags/tutorial_taskflow_api.py
[2023-04-28T18:11:28.990-0300] {logging_mixin.py:137} INFO - [2023-04-28T18:11:28.990-0300] {dag.py:2705} INFO - Sync 1 DAGs
[2023-04-28T18:11:29.006-0300] {logging_mixin.py:137} INFO - [2023-04-28T18:11:29.006-0300] {dag.py:3452} INFO - Setting next_dagrun for tutorial_taskflow_api to None, run_after=None
[2023-04-28T18:11:29.025-0300] {processor.py:175} INFO - Processing /home/lcscarv/projetos/indicium/desafio_5/.venv/lib/python3.8/site-packages/airflow/example_dags/tutorial_taskflow_api.py took 0.075 seconds
[2023-04-28T18:12:19.188-0300] {processor.py:153} INFO - Started process (PID=5849) to work on /home/lcscarv/projetos/indicium/desafio_5/.venv/lib/python3.8/site-packages/airflow/example_dags/tutorial_taskflow_api.py
[2023-04-28T18:12:19.232-0300] {processor.py:743} INFO - Processing file /home/lcscarv/projetos/indicium/desafio_5/.venv/lib/python3.8/site-packages/airflow/example_dags/tutorial_taskflow_api.py for tasks to queue
[2023-04-28T18:12:19.234-0300] {logging_mixin.py:137} INFO - [2023-04-28T18:12:19.233-0300] {dagbag.py:532} INFO - Filling up the DagBag from /home/lcscarv/projetos/indicium/desafio_5/.venv/lib/python3.8/site-packages/airflow/example_dags/tutorial_taskflow_api.py
[2023-04-28T18:12:19.254-0300] {processor.py:753} INFO - DAG(s) dict_keys(['tutorial_taskflow_api']) retrieved from /home/lcscarv/projetos/indicium/desafio_5/.venv/lib/python3.8/site-packages/airflow/example_dags/tutorial_taskflow_api.py
[2023-04-28T18:12:19.267-0300] {logging_mixin.py:137} INFO - [2023-04-28T18:12:19.267-0300] {dag.py:2705} INFO - Sync 1 DAGs
[2023-04-28T18:12:19.278-0300] {logging_mixin.py:137} INFO - [2023-04-28T18:12:19.278-0300] {dag.py:3452} INFO - Setting next_dagrun for tutorial_taskflow_api to None, run_after=None
[2023-04-28T18:12:19.528-0300] {processor.py:175} INFO - Processing /home/lcscarv/projetos/indicium/desafio_5/.venv/lib/python3.8/site-packages/airflow/example_dags/tutorial_taskflow_api.py took 0.343 seconds
[2023-04-28T18:13:07.896-0300] {processor.py:153} INFO - Started process (PID=5883) to work on /home/lcscarv/projetos/indicium/desafio_5/.venv/lib/python3.8/site-packages/airflow/example_dags/tutorial_taskflow_api.py
[2023-04-28T18:13:07.897-0300] {processor.py:743} INFO - Processing file /home/lcscarv/projetos/indicium/desafio_5/.venv/lib/python3.8/site-packages/airflow/example_dags/tutorial_taskflow_api.py for tasks to queue
[2023-04-28T18:13:07.897-0300] {logging_mixin.py:137} INFO - [2023-04-28T18:13:07.897-0300] {dagbag.py:532} INFO - Filling up the DagBag from /home/lcscarv/projetos/indicium/desafio_5/.venv/lib/python3.8/site-packages/airflow/example_dags/tutorial_taskflow_api.py
[2023-04-28T18:13:07.912-0300] {processor.py:753} INFO - DAG(s) dict_keys(['tutorial_taskflow_api']) retrieved from /home/lcscarv/projetos/indicium/desafio_5/.venv/lib/python3.8/site-packages/airflow/example_dags/tutorial_taskflow_api.py
[2023-04-28T18:13:07.926-0300] {logging_mixin.py:137} INFO - [2023-04-28T18:13:07.926-0300] {dag.py:2705} INFO - Sync 1 DAGs
[2023-04-28T18:13:07.939-0300] {logging_mixin.py:137} INFO - [2023-04-28T18:13:07.938-0300] {dag.py:3452} INFO - Setting next_dagrun for tutorial_taskflow_api to None, run_after=None
[2023-04-28T18:13:07.957-0300] {processor.py:175} INFO - Processing /home/lcscarv/projetos/indicium/desafio_5/.venv/lib/python3.8/site-packages/airflow/example_dags/tutorial_taskflow_api.py took 0.063 seconds
[2023-04-28T18:13:52.568-0300] {processor.py:153} INFO - Started process (PID=5924) to work on /home/lcscarv/projetos/indicium/desafio_5/.venv/lib/python3.8/site-packages/airflow/example_dags/tutorial_taskflow_api.py
[2023-04-28T18:13:52.569-0300] {processor.py:743} INFO - Processing file /home/lcscarv/projetos/indicium/desafio_5/.venv/lib/python3.8/site-packages/airflow/example_dags/tutorial_taskflow_api.py for tasks to queue
[2023-04-28T18:13:52.570-0300] {logging_mixin.py:137} INFO - [2023-04-28T18:13:52.570-0300] {dagbag.py:532} INFO - Filling up the DagBag from /home/lcscarv/projetos/indicium/desafio_5/.venv/lib/python3.8/site-packages/airflow/example_dags/tutorial_taskflow_api.py
[2023-04-28T18:13:52.585-0300] {processor.py:753} INFO - DAG(s) dict_keys(['tutorial_taskflow_api']) retrieved from /home/lcscarv/projetos/indicium/desafio_5/.venv/lib/python3.8/site-packages/airflow/example_dags/tutorial_taskflow_api.py
[2023-04-28T18:13:52.600-0300] {logging_mixin.py:137} INFO - [2023-04-28T18:13:52.599-0300] {dag.py:2705} INFO - Sync 1 DAGs
[2023-04-28T18:13:52.613-0300] {logging_mixin.py:137} INFO - [2023-04-28T18:13:52.613-0300] {dag.py:3452} INFO - Setting next_dagrun for tutorial_taskflow_api to None, run_after=None
[2023-04-28T18:13:52.634-0300] {processor.py:175} INFO - Processing /home/lcscarv/projetos/indicium/desafio_5/.venv/lib/python3.8/site-packages/airflow/example_dags/tutorial_taskflow_api.py took 0.067 seconds
[2023-04-28T18:14:50.202-0300] {processor.py:153} INFO - Started process (PID=5969) to work on /home/lcscarv/projetos/indicium/desafio_5/.venv/lib/python3.8/site-packages/airflow/example_dags/tutorial_taskflow_api.py
[2023-04-28T18:14:50.203-0300] {processor.py:743} INFO - Processing file /home/lcscarv/projetos/indicium/desafio_5/.venv/lib/python3.8/site-packages/airflow/example_dags/tutorial_taskflow_api.py for tasks to queue
[2023-04-28T18:14:50.204-0300] {logging_mixin.py:137} INFO - [2023-04-28T18:14:50.204-0300] {dagbag.py:532} INFO - Filling up the DagBag from /home/lcscarv/projetos/indicium/desafio_5/.venv/lib/python3.8/site-packages/airflow/example_dags/tutorial_taskflow_api.py
[2023-04-28T18:14:50.218-0300] {processor.py:753} INFO - DAG(s) dict_keys(['tutorial_taskflow_api']) retrieved from /home/lcscarv/projetos/indicium/desafio_5/.venv/lib/python3.8/site-packages/airflow/example_dags/tutorial_taskflow_api.py
[2023-04-28T18:14:50.231-0300] {logging_mixin.py:137} INFO - [2023-04-28T18:14:50.231-0300] {dag.py:2705} INFO - Sync 1 DAGs
[2023-04-28T18:14:50.245-0300] {logging_mixin.py:137} INFO - [2023-04-28T18:14:50.245-0300] {dag.py:3452} INFO - Setting next_dagrun for tutorial_taskflow_api to None, run_after=None
[2023-04-28T18:14:50.267-0300] {processor.py:175} INFO - Processing /home/lcscarv/projetos/indicium/desafio_5/.venv/lib/python3.8/site-packages/airflow/example_dags/tutorial_taskflow_api.py took 0.067 seconds
[2023-04-28T18:15:49.571-0300] {processor.py:153} INFO - Started process (PID=6070) to work on /home/lcscarv/projetos/indicium/desafio_5/.venv/lib/python3.8/site-packages/airflow/example_dags/tutorial_taskflow_api.py
[2023-04-28T18:15:49.692-0300] {processor.py:743} INFO - Processing file /home/lcscarv/projetos/indicium/desafio_5/.venv/lib/python3.8/site-packages/airflow/example_dags/tutorial_taskflow_api.py for tasks to queue
[2023-04-28T18:15:49.694-0300] {logging_mixin.py:137} INFO - [2023-04-28T18:15:49.694-0300] {dagbag.py:532} INFO - Filling up the DagBag from /home/lcscarv/projetos/indicium/desafio_5/.venv/lib/python3.8/site-packages/airflow/example_dags/tutorial_taskflow_api.py
[2023-04-28T18:15:49.709-0300] {processor.py:753} INFO - DAG(s) dict_keys(['tutorial_taskflow_api']) retrieved from /home/lcscarv/projetos/indicium/desafio_5/.venv/lib/python3.8/site-packages/airflow/example_dags/tutorial_taskflow_api.py
[2023-04-28T18:15:49.721-0300] {logging_mixin.py:137} INFO - [2023-04-28T18:15:49.721-0300] {dag.py:2705} INFO - Sync 1 DAGs
[2023-04-28T18:15:49.787-0300] {logging_mixin.py:137} INFO - [2023-04-28T18:15:49.787-0300] {dag.py:3452} INFO - Setting next_dagrun for tutorial_taskflow_api to None, run_after=None
[2023-04-28T18:15:49.838-0300] {processor.py:175} INFO - Processing /home/lcscarv/projetos/indicium/desafio_5/.venv/lib/python3.8/site-packages/airflow/example_dags/tutorial_taskflow_api.py took 0.269 seconds
[2023-04-28T18:16:44.264-0300] {processor.py:153} INFO - Started process (PID=6119) to work on /home/lcscarv/projetos/indicium/desafio_5/.venv/lib/python3.8/site-packages/airflow/example_dags/tutorial_taskflow_api.py
[2023-04-28T18:16:44.265-0300] {processor.py:743} INFO - Processing file /home/lcscarv/projetos/indicium/desafio_5/.venv/lib/python3.8/site-packages/airflow/example_dags/tutorial_taskflow_api.py for tasks to queue
[2023-04-28T18:16:44.266-0300] {logging_mixin.py:137} INFO - [2023-04-28T18:16:44.266-0300] {dagbag.py:532} INFO - Filling up the DagBag from /home/lcscarv/projetos/indicium/desafio_5/.venv/lib/python3.8/site-packages/airflow/example_dags/tutorial_taskflow_api.py
[2023-04-28T18:16:44.280-0300] {processor.py:753} INFO - DAG(s) dict_keys(['tutorial_taskflow_api']) retrieved from /home/lcscarv/projetos/indicium/desafio_5/.venv/lib/python3.8/site-packages/airflow/example_dags/tutorial_taskflow_api.py
[2023-04-28T18:16:44.353-0300] {logging_mixin.py:137} INFO - [2023-04-28T18:16:44.352-0300] {dag.py:2705} INFO - Sync 1 DAGs
[2023-04-28T18:16:44.364-0300] {logging_mixin.py:137} INFO - [2023-04-28T18:16:44.364-0300] {dag.py:3452} INFO - Setting next_dagrun for tutorial_taskflow_api to None, run_after=None
[2023-04-28T18:16:44.383-0300] {processor.py:175} INFO - Processing /home/lcscarv/projetos/indicium/desafio_5/.venv/lib/python3.8/site-packages/airflow/example_dags/tutorial_taskflow_api.py took 0.122 seconds
[2023-04-28T18:17:25.652-0300] {processor.py:153} INFO - Started process (PID=6153) to work on /home/lcscarv/projetos/indicium/desafio_5/.venv/lib/python3.8/site-packages/airflow/example_dags/tutorial_taskflow_api.py
[2023-04-28T18:17:25.660-0300] {processor.py:743} INFO - Processing file /home/lcscarv/projetos/indicium/desafio_5/.venv/lib/python3.8/site-packages/airflow/example_dags/tutorial_taskflow_api.py for tasks to queue
[2023-04-28T18:17:25.661-0300] {logging_mixin.py:137} INFO - [2023-04-28T18:17:25.661-0300] {dagbag.py:532} INFO - Filling up the DagBag from /home/lcscarv/projetos/indicium/desafio_5/.venv/lib/python3.8/site-packages/airflow/example_dags/tutorial_taskflow_api.py
[2023-04-28T18:17:25.678-0300] {processor.py:753} INFO - DAG(s) dict_keys(['tutorial_taskflow_api']) retrieved from /home/lcscarv/projetos/indicium/desafio_5/.venv/lib/python3.8/site-packages/airflow/example_dags/tutorial_taskflow_api.py
[2023-04-28T18:17:25.751-0300] {logging_mixin.py:137} INFO - [2023-04-28T18:17:25.751-0300] {dag.py:2705} INFO - Sync 1 DAGs
[2023-04-28T18:17:25.763-0300] {logging_mixin.py:137} INFO - [2023-04-28T18:17:25.763-0300] {dag.py:3452} INFO - Setting next_dagrun for tutorial_taskflow_api to None, run_after=None
[2023-04-28T18:17:25.781-0300] {processor.py:175} INFO - Processing /home/lcscarv/projetos/indicium/desafio_5/.venv/lib/python3.8/site-packages/airflow/example_dags/tutorial_taskflow_api.py took 0.131 seconds
[2023-04-28T18:18:16.239-0300] {processor.py:153} INFO - Started process (PID=6199) to work on /home/lcscarv/projetos/indicium/desafio_5/.venv/lib/python3.8/site-packages/airflow/example_dags/tutorial_taskflow_api.py
[2023-04-28T18:18:16.240-0300] {processor.py:743} INFO - Processing file /home/lcscarv/projetos/indicium/desafio_5/.venv/lib/python3.8/site-packages/airflow/example_dags/tutorial_taskflow_api.py for tasks to queue
[2023-04-28T18:18:16.241-0300] {logging_mixin.py:137} INFO - [2023-04-28T18:18:16.241-0300] {dagbag.py:532} INFO - Filling up the DagBag from /home/lcscarv/projetos/indicium/desafio_5/.venv/lib/python3.8/site-packages/airflow/example_dags/tutorial_taskflow_api.py
[2023-04-28T18:18:16.256-0300] {processor.py:753} INFO - DAG(s) dict_keys(['tutorial_taskflow_api']) retrieved from /home/lcscarv/projetos/indicium/desafio_5/.venv/lib/python3.8/site-packages/airflow/example_dags/tutorial_taskflow_api.py
[2023-04-28T18:18:16.271-0300] {logging_mixin.py:137} INFO - [2023-04-28T18:18:16.270-0300] {dag.py:2705} INFO - Sync 1 DAGs
[2023-04-28T18:18:16.285-0300] {logging_mixin.py:137} INFO - [2023-04-28T18:18:16.285-0300] {dag.py:3452} INFO - Setting next_dagrun for tutorial_taskflow_api to None, run_after=None
[2023-04-28T18:18:16.303-0300] {processor.py:175} INFO - Processing /home/lcscarv/projetos/indicium/desafio_5/.venv/lib/python3.8/site-packages/airflow/example_dags/tutorial_taskflow_api.py took 0.067 seconds
[2023-04-28T18:18:58.888-0300] {processor.py:153} INFO - Started process (PID=6240) to work on /home/lcscarv/projetos/indicium/desafio_5/.venv/lib/python3.8/site-packages/airflow/example_dags/tutorial_taskflow_api.py
[2023-04-28T18:18:58.889-0300] {processor.py:743} INFO - Processing file /home/lcscarv/projetos/indicium/desafio_5/.venv/lib/python3.8/site-packages/airflow/example_dags/tutorial_taskflow_api.py for tasks to queue
[2023-04-28T18:18:58.890-0300] {logging_mixin.py:137} INFO - [2023-04-28T18:18:58.890-0300] {dagbag.py:532} INFO - Filling up the DagBag from /home/lcscarv/projetos/indicium/desafio_5/.venv/lib/python3.8/site-packages/airflow/example_dags/tutorial_taskflow_api.py
[2023-04-28T18:18:58.904-0300] {processor.py:753} INFO - DAG(s) dict_keys(['tutorial_taskflow_api']) retrieved from /home/lcscarv/projetos/indicium/desafio_5/.venv/lib/python3.8/site-packages/airflow/example_dags/tutorial_taskflow_api.py
[2023-04-28T18:18:58.923-0300] {logging_mixin.py:137} INFO - [2023-04-28T18:18:58.923-0300] {dag.py:2705} INFO - Sync 1 DAGs
[2023-04-28T18:18:58.938-0300] {logging_mixin.py:137} INFO - [2023-04-28T18:18:58.938-0300] {dag.py:3452} INFO - Setting next_dagrun for tutorial_taskflow_api to None, run_after=None
[2023-04-28T18:18:59.042-0300] {processor.py:175} INFO - Processing /home/lcscarv/projetos/indicium/desafio_5/.venv/lib/python3.8/site-packages/airflow/example_dags/tutorial_taskflow_api.py took 0.156 seconds
[2023-04-28T18:19:46.816-0300] {processor.py:153} INFO - Started process (PID=6284) to work on /home/lcscarv/projetos/indicium/desafio_5/.venv/lib/python3.8/site-packages/airflow/example_dags/tutorial_taskflow_api.py
[2023-04-28T18:19:46.818-0300] {processor.py:743} INFO - Processing file /home/lcscarv/projetos/indicium/desafio_5/.venv/lib/python3.8/site-packages/airflow/example_dags/tutorial_taskflow_api.py for tasks to queue
[2023-04-28T18:19:46.818-0300] {logging_mixin.py:137} INFO - [2023-04-28T18:19:46.818-0300] {dagbag.py:532} INFO - Filling up the DagBag from /home/lcscarv/projetos/indicium/desafio_5/.venv/lib/python3.8/site-packages/airflow/example_dags/tutorial_taskflow_api.py
[2023-04-28T18:19:46.836-0300] {processor.py:753} INFO - DAG(s) dict_keys(['tutorial_taskflow_api']) retrieved from /home/lcscarv/projetos/indicium/desafio_5/.venv/lib/python3.8/site-packages/airflow/example_dags/tutorial_taskflow_api.py
[2023-04-28T18:19:46.850-0300] {logging_mixin.py:137} INFO - [2023-04-28T18:19:46.850-0300] {dag.py:2705} INFO - Sync 1 DAGs
[2023-04-28T18:19:46.920-0300] {logging_mixin.py:137} INFO - [2023-04-28T18:19:46.920-0300] {dag.py:3452} INFO - Setting next_dagrun for tutorial_taskflow_api to None, run_after=None
[2023-04-28T18:19:46.978-0300] {processor.py:175} INFO - Processing /home/lcscarv/projetos/indicium/desafio_5/.venv/lib/python3.8/site-packages/airflow/example_dags/tutorial_taskflow_api.py took 0.164 seconds
[2023-04-28T18:20:38.221-0300] {processor.py:153} INFO - Started process (PID=6382) to work on /home/lcscarv/projetos/indicium/desafio_5/.venv/lib/python3.8/site-packages/airflow/example_dags/tutorial_taskflow_api.py
[2023-04-28T18:20:38.237-0300] {processor.py:743} INFO - Processing file /home/lcscarv/projetos/indicium/desafio_5/.venv/lib/python3.8/site-packages/airflow/example_dags/tutorial_taskflow_api.py for tasks to queue
[2023-04-28T18:20:38.238-0300] {logging_mixin.py:137} INFO - [2023-04-28T18:20:38.238-0300] {dagbag.py:532} INFO - Filling up the DagBag from /home/lcscarv/projetos/indicium/desafio_5/.venv/lib/python3.8/site-packages/airflow/example_dags/tutorial_taskflow_api.py
[2023-04-28T18:20:38.253-0300] {processor.py:753} INFO - DAG(s) dict_keys(['tutorial_taskflow_api']) retrieved from /home/lcscarv/projetos/indicium/desafio_5/.venv/lib/python3.8/site-packages/airflow/example_dags/tutorial_taskflow_api.py
[2023-04-28T18:20:38.330-0300] {logging_mixin.py:137} INFO - [2023-04-28T18:20:38.330-0300] {dag.py:2705} INFO - Sync 1 DAGs
[2023-04-28T18:20:38.341-0300] {logging_mixin.py:137} INFO - [2023-04-28T18:20:38.340-0300] {dag.py:3452} INFO - Setting next_dagrun for tutorial_taskflow_api to None, run_after=None
[2023-04-28T18:20:38.397-0300] {processor.py:175} INFO - Processing /home/lcscarv/projetos/indicium/desafio_5/.venv/lib/python3.8/site-packages/airflow/example_dags/tutorial_taskflow_api.py took 0.178 seconds
[2023-04-28T18:21:25.617-0300] {processor.py:153} INFO - Started process (PID=6426) to work on /home/lcscarv/projetos/indicium/desafio_5/.venv/lib/python3.8/site-packages/airflow/example_dags/tutorial_taskflow_api.py
[2023-04-28T18:21:25.618-0300] {processor.py:743} INFO - Processing file /home/lcscarv/projetos/indicium/desafio_5/.venv/lib/python3.8/site-packages/airflow/example_dags/tutorial_taskflow_api.py for tasks to queue
[2023-04-28T18:21:25.619-0300] {logging_mixin.py:137} INFO - [2023-04-28T18:21:25.619-0300] {dagbag.py:532} INFO - Filling up the DagBag from /home/lcscarv/projetos/indicium/desafio_5/.venv/lib/python3.8/site-packages/airflow/example_dags/tutorial_taskflow_api.py
[2023-04-28T18:21:25.636-0300] {processor.py:753} INFO - DAG(s) dict_keys(['tutorial_taskflow_api']) retrieved from /home/lcscarv/projetos/indicium/desafio_5/.venv/lib/python3.8/site-packages/airflow/example_dags/tutorial_taskflow_api.py
[2023-04-28T18:21:25.720-0300] {logging_mixin.py:137} INFO - [2023-04-28T18:21:25.720-0300] {dag.py:2705} INFO - Sync 1 DAGs
[2023-04-28T18:21:25.734-0300] {logging_mixin.py:137} INFO - [2023-04-28T18:21:25.734-0300] {dag.py:3452} INFO - Setting next_dagrun for tutorial_taskflow_api to None, run_after=None
[2023-04-28T18:21:25.752-0300] {processor.py:175} INFO - Processing /home/lcscarv/projetos/indicium/desafio_5/.venv/lib/python3.8/site-packages/airflow/example_dags/tutorial_taskflow_api.py took 0.136 seconds
