[2023-05-04T13:29:55.630-0300] {taskinstance.py:1090} INFO - Dependencies all met for dep_context=non-requeueable deps ti=<TaskInstance: NorthwindELT.final_output manual__2023-05-04T16:29:44.203769+00:00 [queued]>
[2023-05-04T13:29:55.637-0300] {taskinstance.py:1090} INFO - Dependencies all met for dep_context=requeueable deps ti=<TaskInstance: NorthwindELT.final_output manual__2023-05-04T16:29:44.203769+00:00 [queued]>
[2023-05-04T13:29:55.637-0300] {taskinstance.py:1288} INFO - 
--------------------------------------------------------------------------------
[2023-05-04T13:29:55.637-0300] {taskinstance.py:1289} INFO - Starting attempt 1 of 2
[2023-05-04T13:29:55.637-0300] {taskinstance.py:1290} INFO - 
--------------------------------------------------------------------------------
[2023-05-04T13:29:55.655-0300] {taskinstance.py:1309} INFO - Executing <Task(PythonOperator): final_output> on 2023-05-04 16:29:44.203769+00:00
[2023-05-04T13:29:55.659-0300] {standard_task_runner.py:55} INFO - Started process 7873 to run task
[2023-05-04T13:29:55.662-0300] {standard_task_runner.py:82} INFO - Running: ['airflow', 'tasks', 'run', 'NorthwindELT', 'final_output', 'manual__2023-05-04T16:29:44.203769+00:00', '--job-id', '14', '--raw', '--subdir', 'DAGS_FOLDER/etl_northwind.py', '--cfg-path', '/tmp/tmpgqi_yobk']
[2023-05-04T13:29:55.663-0300] {standard_task_runner.py:83} INFO - Job 14: Subtask final_output
[2023-05-04T13:29:55.715-0300] {task_command.py:389} INFO - Running <TaskInstance: NorthwindELT.final_output manual__2023-05-04T16:29:44.203769+00:00 [running]> on host DESKTOP-28FM47R.
[2023-05-04T13:29:55.778-0300] {taskinstance.py:1516} INFO - Exporting the following env vars:
AIRFLOW_CTX_DAG_EMAIL=airflow@example.com
AIRFLOW_CTX_DAG_OWNER=airflow
AIRFLOW_CTX_DAG_ID=NorthwindELT
AIRFLOW_CTX_TASK_ID=final_output
AIRFLOW_CTX_EXECUTION_DATE=2023-05-04T16:29:44.203769+00:00
AIRFLOW_CTX_TRY_NUMBER=1
AIRFLOW_CTX_DAG_RUN_ID=manual__2023-05-04T16:29:44.203769+00:00
[2023-05-04T13:29:55.779-0300] {python.py:177} INFO - Done. Returned value was: None
[2023-05-04T13:29:55.783-0300] {taskinstance.py:1327} INFO - Marking task as SUCCESS. dag_id=NorthwindELT, task_id=final_output, execution_date=20230504T162944, start_date=20230504T162955, end_date=20230504T162955
[2023-05-04T13:29:55.835-0300] {local_task_job.py:212} INFO - Task exited with return code 0
[2023-05-04T13:29:55.846-0300] {taskinstance.py:2596} INFO - 0 downstream tasks scheduled from follow-on schedule check
