[2023-05-03T14:12:01.235-0300] {taskinstance.py:1090} INFO - Dependencies all met for dep_context=non-requeueable deps ti=<TaskInstance: NorthwindELT.northwind_extract manual__2023-05-03T16:49:10.333098+00:00 [queued]>
[2023-05-03T14:12:01.249-0300] {taskinstance.py:1090} INFO - Dependencies all met for dep_context=requeueable deps ti=<TaskInstance: NorthwindELT.northwind_extract manual__2023-05-03T16:49:10.333098+00:00 [queued]>
[2023-05-03T14:12:01.249-0300] {taskinstance.py:1288} INFO - 
--------------------------------------------------------------------------------
[2023-05-03T14:12:01.249-0300] {taskinstance.py:1289} INFO - Starting attempt 5 of 6
[2023-05-03T14:12:01.249-0300] {taskinstance.py:1290} INFO - 
--------------------------------------------------------------------------------
[2023-05-03T14:12:01.276-0300] {taskinstance.py:1309} INFO - Executing <Task(PythonOperator): northwind_extract> on 2023-05-03 16:49:10.333098+00:00
[2023-05-03T14:12:01.284-0300] {standard_task_runner.py:55} INFO - Started process 32252 to run task
[2023-05-03T14:12:01.330-0300] {standard_task_runner.py:82} INFO - Running: ['airflow', 'tasks', 'run', 'NorthwindELT', 'northwind_extract', 'manual__2023-05-03T16:49:10.333098+00:00', '--job-id', '24', '--raw', '--subdir', 'DAGS_FOLDER/etl_northwind.py', '--cfg-path', '/tmp/tmp0_6suxd3']
[2023-05-03T14:12:01.337-0300] {standard_task_runner.py:83} INFO - Job 24: Subtask northwind_extract
[2023-05-03T14:12:01.640-0300] {task_command.py:389} INFO - Running <TaskInstance: NorthwindELT.northwind_extract manual__2023-05-03T16:49:10.333098+00:00 [running]> on host DESKTOP-28FM47R.
[2023-05-03T14:12:01.847-0300] {taskinstance.py:1516} INFO - Exporting the following env vars:
AIRFLOW_CTX_DAG_EMAIL=airflow@example.com
AIRFLOW_CTX_DAG_OWNER=airflow
AIRFLOW_CTX_DAG_ID=NorthwindELT
AIRFLOW_CTX_TASK_ID=northwind_extract
AIRFLOW_CTX_EXECUTION_DATE=2023-05-03T16:49:10.333098+00:00
AIRFLOW_CTX_TRY_NUMBER=5
AIRFLOW_CTX_DAG_RUN_ID=manual__2023-05-03T16:49:10.333098+00:00
[2023-05-03T14:12:01.907-0300] {logging_mixin.py:137} INFO - CSV File created
[2023-05-03T14:12:01.907-0300] {python.py:177} INFO - Done. Returned value was: None
[2023-05-03T14:12:01.913-0300] {taskinstance.py:1327} INFO - Marking task as SUCCESS. dag_id=NorthwindELT, task_id=northwind_extract, execution_date=20230503T164910, start_date=20230503T171201, end_date=20230503T171201
[2023-05-03T14:12:01.977-0300] {local_task_job.py:212} INFO - Task exited with return code 0
[2023-05-03T14:12:02.011-0300] {taskinstance.py:2596} INFO - 1 downstream tasks scheduled from follow-on schedule check
