[2023-05-04T13:20:40.484-0300] {taskinstance.py:1090} INFO - Dependencies all met for dep_context=non-requeueable deps ti=<TaskInstance: NorthwindELT.final_output manual__2023-05-04T16:20:32.786562+00:00 [queued]>
[2023-05-04T13:20:40.493-0300] {taskinstance.py:1090} INFO - Dependencies all met for dep_context=requeueable deps ti=<TaskInstance: NorthwindELT.final_output manual__2023-05-04T16:20:32.786562+00:00 [queued]>
[2023-05-04T13:20:40.493-0300] {taskinstance.py:1288} INFO - 
--------------------------------------------------------------------------------
[2023-05-04T13:20:40.493-0300] {taskinstance.py:1289} INFO - Starting attempt 1 of 2
[2023-05-04T13:20:40.493-0300] {taskinstance.py:1290} INFO - 
--------------------------------------------------------------------------------
[2023-05-04T13:20:40.509-0300] {taskinstance.py:1309} INFO - Executing <Task(PythonOperator): final_output> on 2023-05-04 16:20:32.786562+00:00
[2023-05-04T13:20:40.511-0300] {standard_task_runner.py:55} INFO - Started process 7409 to run task
[2023-05-04T13:20:40.513-0300] {standard_task_runner.py:82} INFO - Running: ['airflow', 'tasks', 'run', 'NorthwindELT', 'final_output', 'manual__2023-05-04T16:20:32.786562+00:00', '--job-id', '11', '--raw', '--subdir', 'DAGS_FOLDER/etl_northwind.py', '--cfg-path', '/tmp/tmpw2cbxv3a']
[2023-05-04T13:20:40.514-0300] {standard_task_runner.py:83} INFO - Job 11: Subtask final_output
[2023-05-04T13:20:40.551-0300] {task_command.py:389} INFO - Running <TaskInstance: NorthwindELT.final_output manual__2023-05-04T16:20:32.786562+00:00 [running]> on host DESKTOP-28FM47R.
[2023-05-04T13:20:40.600-0300] {taskinstance.py:1516} INFO - Exporting the following env vars:
AIRFLOW_CTX_DAG_EMAIL=airflow@example.com
AIRFLOW_CTX_DAG_OWNER=airflow
AIRFLOW_CTX_DAG_ID=NorthwindELT
AIRFLOW_CTX_TASK_ID=final_output
AIRFLOW_CTX_EXECUTION_DATE=2023-05-04T16:20:32.786562+00:00
AIRFLOW_CTX_TRY_NUMBER=1
AIRFLOW_CTX_DAG_RUN_ID=manual__2023-05-04T16:20:32.786562+00:00
[2023-05-04T13:20:40.602-0300] {python.py:177} INFO - Done. Returned value was: None
[2023-05-04T13:20:40.605-0300] {taskinstance.py:1327} INFO - Marking task as SUCCESS. dag_id=NorthwindELT, task_id=final_output, execution_date=20230504T162032, start_date=20230504T162040, end_date=20230504T162040
[2023-05-04T13:20:40.645-0300] {local_task_job.py:212} INFO - Task exited with return code 0
[2023-05-04T13:20:40.653-0300] {taskinstance.py:2596} INFO - 0 downstream tasks scheduled from follow-on schedule check
