[2023-05-04T12:17:29.784-0300] {taskinstance.py:1090} INFO - Dependencies all met for dep_context=non-requeueable deps ti=<TaskInstance: NorthwindELT.northwind_extract_ord_det manual__2023-05-04T15:17:15.323384+00:00 [queued]>
[2023-05-04T12:17:29.794-0300] {taskinstance.py:1090} INFO - Dependencies all met for dep_context=requeueable deps ti=<TaskInstance: NorthwindELT.northwind_extract_ord_det manual__2023-05-04T15:17:15.323384+00:00 [queued]>
[2023-05-04T12:17:29.795-0300] {taskinstance.py:1288} INFO - 
--------------------------------------------------------------------------------
[2023-05-04T12:17:29.795-0300] {taskinstance.py:1289} INFO - Starting attempt 1 of 2
[2023-05-04T12:17:29.795-0300] {taskinstance.py:1290} INFO - 
--------------------------------------------------------------------------------
[2023-05-04T12:17:29.816-0300] {taskinstance.py:1309} INFO - Executing <Task(PythonOperator): northwind_extract_ord_det> on 2023-05-04 15:17:15.323384+00:00
[2023-05-04T12:17:29.821-0300] {standard_task_runner.py:55} INFO - Started process 1950 to run task
[2023-05-04T12:17:29.824-0300] {standard_task_runner.py:82} INFO - Running: ['airflow', 'tasks', 'run', 'NorthwindELT', 'northwind_extract_ord_det', 'manual__2023-05-04T15:17:15.323384+00:00', '--job-id', '6', '--raw', '--subdir', 'DAGS_FOLDER/etl_northwind.py', '--cfg-path', '/tmp/tmp05lj789h']
[2023-05-04T12:17:29.826-0300] {standard_task_runner.py:83} INFO - Job 6: Subtask northwind_extract_ord_det
[2023-05-04T12:17:29.879-0300] {task_command.py:389} INFO - Running <TaskInstance: NorthwindELT.northwind_extract_ord_det manual__2023-05-04T15:17:15.323384+00:00 [running]> on host DESKTOP-28FM47R.
[2023-05-04T12:17:29.939-0300] {taskinstance.py:1516} INFO - Exporting the following env vars:
AIRFLOW_CTX_DAG_EMAIL=airflow@example.com
AIRFLOW_CTX_DAG_OWNER=airflow
AIRFLOW_CTX_DAG_ID=NorthwindELT
AIRFLOW_CTX_TASK_ID=northwind_extract_ord_det
AIRFLOW_CTX_EXECUTION_DATE=2023-05-04T15:17:15.323384+00:00
AIRFLOW_CTX_TRY_NUMBER=1
AIRFLOW_CTX_DAG_RUN_ID=manual__2023-05-04T15:17:15.323384+00:00
[2023-05-04T12:17:29.962-0300] {python.py:177} INFO - Done. Returned value was: None
[2023-05-04T12:17:29.966-0300] {taskinstance.py:1327} INFO - Marking task as SUCCESS. dag_id=NorthwindELT, task_id=northwind_extract_ord_det, execution_date=20230504T151715, start_date=20230504T151729, end_date=20230504T151729
[2023-05-04T12:17:29.997-0300] {local_task_job.py:212} INFO - Task exited with return code 0
[2023-05-04T12:17:30.009-0300] {taskinstance.py:2596} INFO - 0 downstream tasks scheduled from follow-on schedule check
