[2023-05-04T12:17:24.146-0300] {taskinstance.py:1090} INFO - Dependencies all met for dep_context=non-requeueable deps ti=<TaskInstance: NorthwindELT.northwind_extract manual__2023-05-04T15:17:15.323384+00:00 [queued]>
[2023-05-04T12:17:24.161-0300] {taskinstance.py:1090} INFO - Dependencies all met for dep_context=requeueable deps ti=<TaskInstance: NorthwindELT.northwind_extract manual__2023-05-04T15:17:15.323384+00:00 [queued]>
[2023-05-04T12:17:24.162-0300] {taskinstance.py:1288} INFO - 
--------------------------------------------------------------------------------
[2023-05-04T12:17:24.162-0300] {taskinstance.py:1289} INFO - Starting attempt 1 of 2
[2023-05-04T12:17:24.162-0300] {taskinstance.py:1290} INFO - 
--------------------------------------------------------------------------------
[2023-05-04T12:17:24.184-0300] {taskinstance.py:1309} INFO - Executing <Task(PythonOperator): northwind_extract> on 2023-05-04 15:17:15.323384+00:00
[2023-05-04T12:17:24.193-0300] {standard_task_runner.py:55} INFO - Started process 1879 to run task
[2023-05-04T12:17:24.198-0300] {standard_task_runner.py:82} INFO - Running: ['airflow', 'tasks', 'run', 'NorthwindELT', 'northwind_extract', 'manual__2023-05-04T15:17:15.323384+00:00', '--job-id', '4', '--raw', '--subdir', 'DAGS_FOLDER/etl_northwind.py', '--cfg-path', '/tmp/tmpb48dz4r8']
[2023-05-04T12:17:24.200-0300] {standard_task_runner.py:83} INFO - Job 4: Subtask northwind_extract
[2023-05-04T12:17:24.271-0300] {task_command.py:389} INFO - Running <TaskInstance: NorthwindELT.northwind_extract manual__2023-05-04T15:17:15.323384+00:00 [running]> on host DESKTOP-28FM47R.
[2023-05-04T12:17:24.348-0300] {taskinstance.py:1516} INFO - Exporting the following env vars:
AIRFLOW_CTX_DAG_EMAIL=airflow@example.com
AIRFLOW_CTX_DAG_OWNER=airflow
AIRFLOW_CTX_DAG_ID=NorthwindELT
AIRFLOW_CTX_TASK_ID=northwind_extract
AIRFLOW_CTX_EXECUTION_DATE=2023-05-04T15:17:15.323384+00:00
AIRFLOW_CTX_TRY_NUMBER=1
AIRFLOW_CTX_DAG_RUN_ID=manual__2023-05-04T15:17:15.323384+00:00
[2023-05-04T12:17:24.373-0300] {logging_mixin.py:137} INFO - CSV File created
[2023-05-04T12:17:24.374-0300] {python.py:177} INFO - Done. Returned value was: None
[2023-05-04T12:17:24.381-0300] {taskinstance.py:1327} INFO - Marking task as SUCCESS. dag_id=NorthwindELT, task_id=northwind_extract, execution_date=20230504T151715, start_date=20230504T151724, end_date=20230504T151724
[2023-05-04T12:17:24.412-0300] {local_task_job.py:212} INFO - Task exited with return code 0
[2023-05-04T12:17:24.434-0300] {taskinstance.py:2596} INFO - 1 downstream tasks scheduled from follow-on schedule check
