[2023-05-04T13:39:40.599-0300] {taskinstance.py:1090} INFO - Dependencies all met for dep_context=non-requeueable deps ti=<TaskInstance: NorthwindELT.final_output manual__2023-05-04T16:39:29.580756+00:00 [queued]>
[2023-05-04T13:39:40.614-0300] {taskinstance.py:1090} INFO - Dependencies all met for dep_context=requeueable deps ti=<TaskInstance: NorthwindELT.final_output manual__2023-05-04T16:39:29.580756+00:00 [queued]>
[2023-05-04T13:39:40.614-0300] {taskinstance.py:1288} INFO - 
--------------------------------------------------------------------------------
[2023-05-04T13:39:40.615-0300] {taskinstance.py:1289} INFO - Starting attempt 1 of 2
[2023-05-04T13:39:40.615-0300] {taskinstance.py:1290} INFO - 
--------------------------------------------------------------------------------
[2023-05-04T13:39:40.644-0300] {taskinstance.py:1309} INFO - Executing <Task(PythonOperator): final_output> on 2023-05-04 16:39:29.580756+00:00
[2023-05-04T13:39:40.649-0300] {standard_task_runner.py:55} INFO - Started process 8493 to run task
[2023-05-04T13:39:40.656-0300] {standard_task_runner.py:82} INFO - Running: ['airflow', 'tasks', 'run', 'NorthwindELT', 'final_output', 'manual__2023-05-04T16:39:29.580756+00:00', '--job-id', '17', '--raw', '--subdir', 'DAGS_FOLDER/etl_northwind.py', '--cfg-path', '/tmp/tmpv3fpdzcs']
[2023-05-04T13:39:40.658-0300] {standard_task_runner.py:83} INFO - Job 17: Subtask final_output
[2023-05-04T13:39:40.744-0300] {task_command.py:389} INFO - Running <TaskInstance: NorthwindELT.final_output manual__2023-05-04T16:39:29.580756+00:00 [running]> on host DESKTOP-28FM47R.
[2023-05-04T13:39:40.830-0300] {taskinstance.py:1516} INFO - Exporting the following env vars:
AIRFLOW_CTX_DAG_EMAIL=airflow@example.com
AIRFLOW_CTX_DAG_OWNER=airflow
AIRFLOW_CTX_DAG_ID=NorthwindELT
AIRFLOW_CTX_TASK_ID=final_output
AIRFLOW_CTX_EXECUTION_DATE=2023-05-04T16:39:29.580756+00:00
AIRFLOW_CTX_TRY_NUMBER=1
AIRFLOW_CTX_DAG_RUN_ID=manual__2023-05-04T16:39:29.580756+00:00
[2023-05-04T13:39:40.831-0300] {python.py:177} INFO - Done. Returned value was: None
[2023-05-04T13:39:40.838-0300] {taskinstance.py:1327} INFO - Marking task as SUCCESS. dag_id=NorthwindELT, task_id=final_output, execution_date=20230504T163929, start_date=20230504T163940, end_date=20230504T163940
[2023-05-04T13:39:40.868-0300] {local_task_job.py:212} INFO - Task exited with return code 0
[2023-05-04T13:39:40.883-0300] {taskinstance.py:2596} INFO - 0 downstream tasks scheduled from follow-on schedule check
