[2023-04-28T18:00:38.723-0300] {processor.py:153} INFO - Started process (PID=4605) to work on /home/lcscarv/projetos/indicium/desafio_5/.venv/lib/python3.8/site-packages/airflow/example_dags/plugins/event_listener.py
[2023-04-28T18:00:38.723-0300] {processor.py:743} INFO - Processing file /home/lcscarv/projetos/indicium/desafio_5/.venv/lib/python3.8/site-packages/airflow/example_dags/plugins/event_listener.py for tasks to queue
[2023-04-28T18:00:38.724-0300] {logging_mixin.py:137} INFO - [2023-04-28T18:00:38.724-0300] {dagbag.py:532} INFO - Filling up the DagBag from /home/lcscarv/projetos/indicium/desafio_5/.venv/lib/python3.8/site-packages/airflow/example_dags/plugins/event_listener.py
[2023-04-28T18:00:38.725-0300] {processor.py:755} WARNING - No viable dags retrieved from /home/lcscarv/projetos/indicium/desafio_5/.venv/lib/python3.8/site-packages/airflow/example_dags/plugins/event_listener.py
[2023-04-28T18:00:38.730-0300] {processor.py:175} INFO - Processing /home/lcscarv/projetos/indicium/desafio_5/.venv/lib/python3.8/site-packages/airflow/example_dags/plugins/event_listener.py took 0.011 seconds
[2023-04-28T18:01:19.994-0300] {processor.py:153} INFO - Started process (PID=4647) to work on /home/lcscarv/projetos/indicium/desafio_5/.venv/lib/python3.8/site-packages/airflow/example_dags/plugins/event_listener.py
[2023-04-28T18:01:19.995-0300] {processor.py:743} INFO - Processing file /home/lcscarv/projetos/indicium/desafio_5/.venv/lib/python3.8/site-packages/airflow/example_dags/plugins/event_listener.py for tasks to queue
[2023-04-28T18:01:19.996-0300] {logging_mixin.py:137} INFO - [2023-04-28T18:01:19.996-0300] {dagbag.py:532} INFO - Filling up the DagBag from /home/lcscarv/projetos/indicium/desafio_5/.venv/lib/python3.8/site-packages/airflow/example_dags/plugins/event_listener.py
[2023-04-28T18:01:19.997-0300] {processor.py:755} WARNING - No viable dags retrieved from /home/lcscarv/projetos/indicium/desafio_5/.venv/lib/python3.8/site-packages/airflow/example_dags/plugins/event_listener.py
[2023-04-28T18:01:20.003-0300] {processor.py:175} INFO - Processing /home/lcscarv/projetos/indicium/desafio_5/.venv/lib/python3.8/site-packages/airflow/example_dags/plugins/event_listener.py took 0.011 seconds
[2023-04-28T18:02:28.879-0300] {processor.py:153} INFO - Started process (PID=4750) to work on /home/lcscarv/projetos/indicium/desafio_5/.venv/lib/python3.8/site-packages/airflow/example_dags/plugins/event_listener.py
[2023-04-28T18:02:28.880-0300] {processor.py:743} INFO - Processing file /home/lcscarv/projetos/indicium/desafio_5/.venv/lib/python3.8/site-packages/airflow/example_dags/plugins/event_listener.py for tasks to queue
[2023-04-28T18:02:28.881-0300] {logging_mixin.py:137} INFO - [2023-04-28T18:02:28.881-0300] {dagbag.py:532} INFO - Filling up the DagBag from /home/lcscarv/projetos/indicium/desafio_5/.venv/lib/python3.8/site-packages/airflow/example_dags/plugins/event_listener.py
[2023-04-28T18:02:28.882-0300] {processor.py:755} WARNING - No viable dags retrieved from /home/lcscarv/projetos/indicium/desafio_5/.venv/lib/python3.8/site-packages/airflow/example_dags/plugins/event_listener.py
[2023-04-28T18:02:28.894-0300] {processor.py:175} INFO - Processing /home/lcscarv/projetos/indicium/desafio_5/.venv/lib/python3.8/site-packages/airflow/example_dags/plugins/event_listener.py took 0.016 seconds
[2023-04-28T18:03:16.843-0300] {processor.py:153} INFO - Started process (PID=4843) to work on /home/lcscarv/projetos/indicium/desafio_5/.venv/lib/python3.8/site-packages/airflow/example_dags/plugins/event_listener.py
[2023-04-28T18:03:16.845-0300] {processor.py:743} INFO - Processing file /home/lcscarv/projetos/indicium/desafio_5/.venv/lib/python3.8/site-packages/airflow/example_dags/plugins/event_listener.py for tasks to queue
[2023-04-28T18:03:16.845-0300] {logging_mixin.py:137} INFO - [2023-04-28T18:03:16.845-0300] {dagbag.py:532} INFO - Filling up the DagBag from /home/lcscarv/projetos/indicium/desafio_5/.venv/lib/python3.8/site-packages/airflow/example_dags/plugins/event_listener.py
[2023-04-28T18:03:16.846-0300] {processor.py:755} WARNING - No viable dags retrieved from /home/lcscarv/projetos/indicium/desafio_5/.venv/lib/python3.8/site-packages/airflow/example_dags/plugins/event_listener.py
[2023-04-28T18:03:16.851-0300] {processor.py:175} INFO - Processing /home/lcscarv/projetos/indicium/desafio_5/.venv/lib/python3.8/site-packages/airflow/example_dags/plugins/event_listener.py took 0.011 seconds
[2023-04-28T18:04:00.167-0300] {processor.py:153} INFO - Started process (PID=4885) to work on /home/lcscarv/projetos/indicium/desafio_5/.venv/lib/python3.8/site-packages/airflow/example_dags/plugins/event_listener.py
[2023-04-28T18:04:00.168-0300] {processor.py:743} INFO - Processing file /home/lcscarv/projetos/indicium/desafio_5/.venv/lib/python3.8/site-packages/airflow/example_dags/plugins/event_listener.py for tasks to queue
[2023-04-28T18:04:00.169-0300] {logging_mixin.py:137} INFO - [2023-04-28T18:04:00.168-0300] {dagbag.py:532} INFO - Filling up the DagBag from /home/lcscarv/projetos/indicium/desafio_5/.venv/lib/python3.8/site-packages/airflow/example_dags/plugins/event_listener.py
[2023-04-28T18:04:00.169-0300] {processor.py:755} WARNING - No viable dags retrieved from /home/lcscarv/projetos/indicium/desafio_5/.venv/lib/python3.8/site-packages/airflow/example_dags/plugins/event_listener.py
[2023-04-28T18:04:00.175-0300] {processor.py:175} INFO - Processing /home/lcscarv/projetos/indicium/desafio_5/.venv/lib/python3.8/site-packages/airflow/example_dags/plugins/event_listener.py took 0.011 seconds
[2023-04-28T18:04:52.915-0300] {processor.py:153} INFO - Started process (PID=4989) to work on /home/lcscarv/projetos/indicium/desafio_5/.venv/lib/python3.8/site-packages/airflow/example_dags/plugins/event_listener.py
[2023-04-28T18:04:52.916-0300] {processor.py:743} INFO - Processing file /home/lcscarv/projetos/indicium/desafio_5/.venv/lib/python3.8/site-packages/airflow/example_dags/plugins/event_listener.py for tasks to queue
[2023-04-28T18:04:52.917-0300] {logging_mixin.py:137} INFO - [2023-04-28T18:04:52.917-0300] {dagbag.py:532} INFO - Filling up the DagBag from /home/lcscarv/projetos/indicium/desafio_5/.venv/lib/python3.8/site-packages/airflow/example_dags/plugins/event_listener.py
[2023-04-28T18:04:52.918-0300] {processor.py:755} WARNING - No viable dags retrieved from /home/lcscarv/projetos/indicium/desafio_5/.venv/lib/python3.8/site-packages/airflow/example_dags/plugins/event_listener.py
[2023-04-28T18:04:52.924-0300] {processor.py:175} INFO - Processing /home/lcscarv/projetos/indicium/desafio_5/.venv/lib/python3.8/site-packages/airflow/example_dags/plugins/event_listener.py took 0.010 seconds
[2023-04-28T18:05:35.233-0300] {processor.py:153} INFO - Started process (PID=5083) to work on /home/lcscarv/projetos/indicium/desafio_5/.venv/lib/python3.8/site-packages/airflow/example_dags/plugins/event_listener.py
[2023-04-28T18:05:35.234-0300] {processor.py:743} INFO - Processing file /home/lcscarv/projetos/indicium/desafio_5/.venv/lib/python3.8/site-packages/airflow/example_dags/plugins/event_listener.py for tasks to queue
[2023-04-28T18:05:35.234-0300] {logging_mixin.py:137} INFO - [2023-04-28T18:05:35.234-0300] {dagbag.py:532} INFO - Filling up the DagBag from /home/lcscarv/projetos/indicium/desafio_5/.venv/lib/python3.8/site-packages/airflow/example_dags/plugins/event_listener.py
[2023-04-28T18:05:35.235-0300] {processor.py:755} WARNING - No viable dags retrieved from /home/lcscarv/projetos/indicium/desafio_5/.venv/lib/python3.8/site-packages/airflow/example_dags/plugins/event_listener.py
[2023-04-28T18:05:35.241-0300] {processor.py:175} INFO - Processing /home/lcscarv/projetos/indicium/desafio_5/.venv/lib/python3.8/site-packages/airflow/example_dags/plugins/event_listener.py took 0.011 seconds
[2023-04-28T18:06:17.463-0300] {processor.py:153} INFO - Started process (PID=5127) to work on /home/lcscarv/projetos/indicium/desafio_5/.venv/lib/python3.8/site-packages/airflow/example_dags/plugins/event_listener.py
[2023-04-28T18:06:17.464-0300] {processor.py:743} INFO - Processing file /home/lcscarv/projetos/indicium/desafio_5/.venv/lib/python3.8/site-packages/airflow/example_dags/plugins/event_listener.py for tasks to queue
[2023-04-28T18:06:17.465-0300] {logging_mixin.py:137} INFO - [2023-04-28T18:06:17.465-0300] {dagbag.py:532} INFO - Filling up the DagBag from /home/lcscarv/projetos/indicium/desafio_5/.venv/lib/python3.8/site-packages/airflow/example_dags/plugins/event_listener.py
[2023-04-28T18:06:17.466-0300] {processor.py:755} WARNING - No viable dags retrieved from /home/lcscarv/projetos/indicium/desafio_5/.venv/lib/python3.8/site-packages/airflow/example_dags/plugins/event_listener.py
[2023-04-28T18:06:17.472-0300] {processor.py:175} INFO - Processing /home/lcscarv/projetos/indicium/desafio_5/.venv/lib/python3.8/site-packages/airflow/example_dags/plugins/event_listener.py took 0.011 seconds
[2023-04-28T18:07:22.131-0300] {processor.py:153} INFO - Started process (PID=5183) to work on /home/lcscarv/projetos/indicium/desafio_5/.venv/lib/python3.8/site-packages/airflow/example_dags/plugins/event_listener.py
[2023-04-28T18:07:22.133-0300] {processor.py:743} INFO - Processing file /home/lcscarv/projetos/indicium/desafio_5/.venv/lib/python3.8/site-packages/airflow/example_dags/plugins/event_listener.py for tasks to queue
[2023-04-28T18:07:22.133-0300] {logging_mixin.py:137} INFO - [2023-04-28T18:07:22.133-0300] {dagbag.py:532} INFO - Filling up the DagBag from /home/lcscarv/projetos/indicium/desafio_5/.venv/lib/python3.8/site-packages/airflow/example_dags/plugins/event_listener.py
[2023-04-28T18:07:22.135-0300] {processor.py:755} WARNING - No viable dags retrieved from /home/lcscarv/projetos/indicium/desafio_5/.venv/lib/python3.8/site-packages/airflow/example_dags/plugins/event_listener.py
[2023-04-28T18:07:22.142-0300] {processor.py:175} INFO - Processing /home/lcscarv/projetos/indicium/desafio_5/.venv/lib/python3.8/site-packages/airflow/example_dags/plugins/event_listener.py took 0.014 seconds
[2023-04-28T18:08:15.444-0300] {processor.py:153} INFO - Started process (PID=5377) to work on /home/lcscarv/projetos/indicium/desafio_5/.venv/lib/python3.8/site-packages/airflow/example_dags/plugins/event_listener.py
[2023-04-28T18:08:15.445-0300] {processor.py:743} INFO - Processing file /home/lcscarv/projetos/indicium/desafio_5/.venv/lib/python3.8/site-packages/airflow/example_dags/plugins/event_listener.py for tasks to queue
[2023-04-28T18:08:15.446-0300] {logging_mixin.py:137} INFO - [2023-04-28T18:08:15.446-0300] {dagbag.py:532} INFO - Filling up the DagBag from /home/lcscarv/projetos/indicium/desafio_5/.venv/lib/python3.8/site-packages/airflow/example_dags/plugins/event_listener.py
[2023-04-28T18:08:15.447-0300] {processor.py:755} WARNING - No viable dags retrieved from /home/lcscarv/projetos/indicium/desafio_5/.venv/lib/python3.8/site-packages/airflow/example_dags/plugins/event_listener.py
[2023-04-28T18:08:15.453-0300] {processor.py:175} INFO - Processing /home/lcscarv/projetos/indicium/desafio_5/.venv/lib/python3.8/site-packages/airflow/example_dags/plugins/event_listener.py took 0.011 seconds
[2023-04-28T18:09:03.996-0300] {processor.py:153} INFO - Started process (PID=5471) to work on /home/lcscarv/projetos/indicium/desafio_5/.venv/lib/python3.8/site-packages/airflow/example_dags/plugins/event_listener.py
[2023-04-28T18:09:03.997-0300] {processor.py:743} INFO - Processing file /home/lcscarv/projetos/indicium/desafio_5/.venv/lib/python3.8/site-packages/airflow/example_dags/plugins/event_listener.py for tasks to queue
[2023-04-28T18:09:03.998-0300] {logging_mixin.py:137} INFO - [2023-04-28T18:09:03.998-0300] {dagbag.py:532} INFO - Filling up the DagBag from /home/lcscarv/projetos/indicium/desafio_5/.venv/lib/python3.8/site-packages/airflow/example_dags/plugins/event_listener.py
[2023-04-28T18:09:03.999-0300] {processor.py:755} WARNING - No viable dags retrieved from /home/lcscarv/projetos/indicium/desafio_5/.venv/lib/python3.8/site-packages/airflow/example_dags/plugins/event_listener.py
[2023-04-28T18:09:04.006-0300] {processor.py:175} INFO - Processing /home/lcscarv/projetos/indicium/desafio_5/.venv/lib/python3.8/site-packages/airflow/example_dags/plugins/event_listener.py took 0.011 seconds
[2023-04-28T18:09:50.452-0300] {processor.py:153} INFO - Started process (PID=5515) to work on /home/lcscarv/projetos/indicium/desafio_5/.venv/lib/python3.8/site-packages/airflow/example_dags/plugins/event_listener.py
[2023-04-28T18:09:50.454-0300] {processor.py:743} INFO - Processing file /home/lcscarv/projetos/indicium/desafio_5/.venv/lib/python3.8/site-packages/airflow/example_dags/plugins/event_listener.py for tasks to queue
[2023-04-28T18:09:50.454-0300] {logging_mixin.py:137} INFO - [2023-04-28T18:09:50.454-0300] {dagbag.py:532} INFO - Filling up the DagBag from /home/lcscarv/projetos/indicium/desafio_5/.venv/lib/python3.8/site-packages/airflow/example_dags/plugins/event_listener.py
[2023-04-28T18:09:50.456-0300] {processor.py:755} WARNING - No viable dags retrieved from /home/lcscarv/projetos/indicium/desafio_5/.venv/lib/python3.8/site-packages/airflow/example_dags/plugins/event_listener.py
[2023-04-28T18:09:50.461-0300] {processor.py:175} INFO - Processing /home/lcscarv/projetos/indicium/desafio_5/.venv/lib/python3.8/site-packages/airflow/example_dags/plugins/event_listener.py took 0.011 seconds
[2023-04-28T18:10:48.326-0300] {processor.py:153} INFO - Started process (PID=5663) to work on /home/lcscarv/projetos/indicium/desafio_5/.venv/lib/python3.8/site-packages/airflow/example_dags/plugins/event_listener.py
[2023-04-28T18:10:48.444-0300] {processor.py:743} INFO - Processing file /home/lcscarv/projetos/indicium/desafio_5/.venv/lib/python3.8/site-packages/airflow/example_dags/plugins/event_listener.py for tasks to queue
[2023-04-28T18:10:48.446-0300] {logging_mixin.py:137} INFO - [2023-04-28T18:10:48.445-0300] {dagbag.py:532} INFO - Filling up the DagBag from /home/lcscarv/projetos/indicium/desafio_5/.venv/lib/python3.8/site-packages/airflow/example_dags/plugins/event_listener.py
[2023-04-28T18:10:48.449-0300] {processor.py:755} WARNING - No viable dags retrieved from /home/lcscarv/projetos/indicium/desafio_5/.venv/lib/python3.8/site-packages/airflow/example_dags/plugins/event_listener.py
[2023-04-28T18:10:48.460-0300] {processor.py:175} INFO - Processing /home/lcscarv/projetos/indicium/desafio_5/.venv/lib/python3.8/site-packages/airflow/example_dags/plugins/event_listener.py took 0.135 seconds
[2023-04-28T18:11:41.749-0300] {processor.py:153} INFO - Started process (PID=5815) to work on /home/lcscarv/projetos/indicium/desafio_5/.venv/lib/python3.8/site-packages/airflow/example_dags/plugins/event_listener.py
[2023-04-28T18:11:41.750-0300] {processor.py:743} INFO - Processing file /home/lcscarv/projetos/indicium/desafio_5/.venv/lib/python3.8/site-packages/airflow/example_dags/plugins/event_listener.py for tasks to queue
[2023-04-28T18:11:41.751-0300] {logging_mixin.py:137} INFO - [2023-04-28T18:11:41.751-0300] {dagbag.py:532} INFO - Filling up the DagBag from /home/lcscarv/projetos/indicium/desafio_5/.venv/lib/python3.8/site-packages/airflow/example_dags/plugins/event_listener.py
[2023-04-28T18:11:41.752-0300] {processor.py:755} WARNING - No viable dags retrieved from /home/lcscarv/projetos/indicium/desafio_5/.venv/lib/python3.8/site-packages/airflow/example_dags/plugins/event_listener.py
[2023-04-28T18:11:41.758-0300] {processor.py:175} INFO - Processing /home/lcscarv/projetos/indicium/desafio_5/.venv/lib/python3.8/site-packages/airflow/example_dags/plugins/event_listener.py took 0.011 seconds
[2023-04-28T18:12:35.023-0300] {processor.py:153} INFO - Started process (PID=5862) to work on /home/lcscarv/projetos/indicium/desafio_5/.venv/lib/python3.8/site-packages/airflow/example_dags/plugins/event_listener.py
[2023-04-28T18:12:35.024-0300] {processor.py:743} INFO - Processing file /home/lcscarv/projetos/indicium/desafio_5/.venv/lib/python3.8/site-packages/airflow/example_dags/plugins/event_listener.py for tasks to queue
[2023-04-28T18:12:35.024-0300] {logging_mixin.py:137} INFO - [2023-04-28T18:12:35.024-0300] {dagbag.py:532} INFO - Filling up the DagBag from /home/lcscarv/projetos/indicium/desafio_5/.venv/lib/python3.8/site-packages/airflow/example_dags/plugins/event_listener.py
[2023-04-28T18:12:35.025-0300] {processor.py:755} WARNING - No viable dags retrieved from /home/lcscarv/projetos/indicium/desafio_5/.venv/lib/python3.8/site-packages/airflow/example_dags/plugins/event_listener.py
[2023-04-28T18:12:35.031-0300] {processor.py:175} INFO - Processing /home/lcscarv/projetos/indicium/desafio_5/.venv/lib/python3.8/site-packages/airflow/example_dags/plugins/event_listener.py took 0.011 seconds
[2023-04-28T18:13:30.650-0300] {processor.py:153} INFO - Started process (PID=5904) to work on /home/lcscarv/projetos/indicium/desafio_5/.venv/lib/python3.8/site-packages/airflow/example_dags/plugins/event_listener.py
[2023-04-28T18:13:30.651-0300] {processor.py:743} INFO - Processing file /home/lcscarv/projetos/indicium/desafio_5/.venv/lib/python3.8/site-packages/airflow/example_dags/plugins/event_listener.py for tasks to queue
[2023-04-28T18:13:30.651-0300] {logging_mixin.py:137} INFO - [2023-04-28T18:13:30.651-0300] {dagbag.py:532} INFO - Filling up the DagBag from /home/lcscarv/projetos/indicium/desafio_5/.venv/lib/python3.8/site-packages/airflow/example_dags/plugins/event_listener.py
[2023-04-28T18:13:30.652-0300] {processor.py:755} WARNING - No viable dags retrieved from /home/lcscarv/projetos/indicium/desafio_5/.venv/lib/python3.8/site-packages/airflow/example_dags/plugins/event_listener.py
[2023-04-28T18:13:30.659-0300] {processor.py:175} INFO - Processing /home/lcscarv/projetos/indicium/desafio_5/.venv/lib/python3.8/site-packages/airflow/example_dags/plugins/event_listener.py took 0.012 seconds
[2023-04-28T18:14:30.206-0300] {processor.py:153} INFO - Started process (PID=5952) to work on /home/lcscarv/projetos/indicium/desafio_5/.venv/lib/python3.8/site-packages/airflow/example_dags/plugins/event_listener.py
[2023-04-28T18:14:30.208-0300] {processor.py:743} INFO - Processing file /home/lcscarv/projetos/indicium/desafio_5/.venv/lib/python3.8/site-packages/airflow/example_dags/plugins/event_listener.py for tasks to queue
[2023-04-28T18:14:30.208-0300] {logging_mixin.py:137} INFO - [2023-04-28T18:14:30.208-0300] {dagbag.py:532} INFO - Filling up the DagBag from /home/lcscarv/projetos/indicium/desafio_5/.venv/lib/python3.8/site-packages/airflow/example_dags/plugins/event_listener.py
[2023-04-28T18:14:30.209-0300] {processor.py:755} WARNING - No viable dags retrieved from /home/lcscarv/projetos/indicium/desafio_5/.venv/lib/python3.8/site-packages/airflow/example_dags/plugins/event_listener.py
[2023-04-28T18:14:30.216-0300] {processor.py:175} INFO - Processing /home/lcscarv/projetos/indicium/desafio_5/.venv/lib/python3.8/site-packages/airflow/example_dags/plugins/event_listener.py took 0.012 seconds
[2023-04-28T18:15:31.413-0300] {processor.py:153} INFO - Started process (PID=6055) to work on /home/lcscarv/projetos/indicium/desafio_5/.venv/lib/python3.8/site-packages/airflow/example_dags/plugins/event_listener.py
[2023-04-28T18:15:31.414-0300] {processor.py:743} INFO - Processing file /home/lcscarv/projetos/indicium/desafio_5/.venv/lib/python3.8/site-packages/airflow/example_dags/plugins/event_listener.py for tasks to queue
[2023-04-28T18:15:31.415-0300] {logging_mixin.py:137} INFO - [2023-04-28T18:15:31.414-0300] {dagbag.py:532} INFO - Filling up the DagBag from /home/lcscarv/projetos/indicium/desafio_5/.venv/lib/python3.8/site-packages/airflow/example_dags/plugins/event_listener.py
[2023-04-28T18:15:31.416-0300] {processor.py:755} WARNING - No viable dags retrieved from /home/lcscarv/projetos/indicium/desafio_5/.venv/lib/python3.8/site-packages/airflow/example_dags/plugins/event_listener.py
[2023-04-28T18:15:31.422-0300] {processor.py:175} INFO - Processing /home/lcscarv/projetos/indicium/desafio_5/.venv/lib/python3.8/site-packages/airflow/example_dags/plugins/event_listener.py took 0.011 seconds
[2023-04-28T18:16:26.270-0300] {processor.py:153} INFO - Started process (PID=6103) to work on /home/lcscarv/projetos/indicium/desafio_5/.venv/lib/python3.8/site-packages/airflow/example_dags/plugins/event_listener.py
[2023-04-28T18:16:26.333-0300] {processor.py:743} INFO - Processing file /home/lcscarv/projetos/indicium/desafio_5/.venv/lib/python3.8/site-packages/airflow/example_dags/plugins/event_listener.py for tasks to queue
[2023-04-28T18:16:26.335-0300] {logging_mixin.py:137} INFO - [2023-04-28T18:16:26.334-0300] {dagbag.py:532} INFO - Filling up the DagBag from /home/lcscarv/projetos/indicium/desafio_5/.venv/lib/python3.8/site-packages/airflow/example_dags/plugins/event_listener.py
[2023-04-28T18:16:26.337-0300] {processor.py:755} WARNING - No viable dags retrieved from /home/lcscarv/projetos/indicium/desafio_5/.venv/lib/python3.8/site-packages/airflow/example_dags/plugins/event_listener.py
[2023-04-28T18:16:26.343-0300] {processor.py:175} INFO - Processing /home/lcscarv/projetos/indicium/desafio_5/.venv/lib/python3.8/site-packages/airflow/example_dags/plugins/event_listener.py took 0.076 seconds
[2023-04-28T18:17:26.107-0300] {processor.py:153} INFO - Started process (PID=6154) to work on /home/lcscarv/projetos/indicium/desafio_5/.venv/lib/python3.8/site-packages/airflow/example_dags/plugins/event_listener.py
[2023-04-28T18:17:26.108-0300] {processor.py:743} INFO - Processing file /home/lcscarv/projetos/indicium/desafio_5/.venv/lib/python3.8/site-packages/airflow/example_dags/plugins/event_listener.py for tasks to queue
[2023-04-28T18:17:26.109-0300] {logging_mixin.py:137} INFO - [2023-04-28T18:17:26.108-0300] {dagbag.py:532} INFO - Filling up the DagBag from /home/lcscarv/projetos/indicium/desafio_5/.venv/lib/python3.8/site-packages/airflow/example_dags/plugins/event_listener.py
[2023-04-28T18:17:26.110-0300] {processor.py:755} WARNING - No viable dags retrieved from /home/lcscarv/projetos/indicium/desafio_5/.venv/lib/python3.8/site-packages/airflow/example_dags/plugins/event_listener.py
[2023-04-28T18:17:26.117-0300] {processor.py:175} INFO - Processing /home/lcscarv/projetos/indicium/desafio_5/.venv/lib/python3.8/site-packages/airflow/example_dags/plugins/event_listener.py took 0.012 seconds
[2023-04-28T18:18:17.059-0300] {processor.py:153} INFO - Started process (PID=6200) to work on /home/lcscarv/projetos/indicium/desafio_5/.venv/lib/python3.8/site-packages/airflow/example_dags/plugins/event_listener.py
[2023-04-28T18:18:17.061-0300] {processor.py:743} INFO - Processing file /home/lcscarv/projetos/indicium/desafio_5/.venv/lib/python3.8/site-packages/airflow/example_dags/plugins/event_listener.py for tasks to queue
[2023-04-28T18:18:17.061-0300] {logging_mixin.py:137} INFO - [2023-04-28T18:18:17.061-0300] {dagbag.py:532} INFO - Filling up the DagBag from /home/lcscarv/projetos/indicium/desafio_5/.venv/lib/python3.8/site-packages/airflow/example_dags/plugins/event_listener.py
[2023-04-28T18:18:17.062-0300] {processor.py:755} WARNING - No viable dags retrieved from /home/lcscarv/projetos/indicium/desafio_5/.venv/lib/python3.8/site-packages/airflow/example_dags/plugins/event_listener.py
[2023-04-28T18:18:17.068-0300] {processor.py:175} INFO - Processing /home/lcscarv/projetos/indicium/desafio_5/.venv/lib/python3.8/site-packages/airflow/example_dags/plugins/event_listener.py took 0.011 seconds
[2023-04-28T18:18:59.997-0300] {processor.py:153} INFO - Started process (PID=6241) to work on /home/lcscarv/projetos/indicium/desafio_5/.venv/lib/python3.8/site-packages/airflow/example_dags/plugins/event_listener.py
[2023-04-28T18:18:59.998-0300] {processor.py:743} INFO - Processing file /home/lcscarv/projetos/indicium/desafio_5/.venv/lib/python3.8/site-packages/airflow/example_dags/plugins/event_listener.py for tasks to queue
[2023-04-28T18:18:59.999-0300] {logging_mixin.py:137} INFO - [2023-04-28T18:18:59.999-0300] {dagbag.py:532} INFO - Filling up the DagBag from /home/lcscarv/projetos/indicium/desafio_5/.venv/lib/python3.8/site-packages/airflow/example_dags/plugins/event_listener.py
[2023-04-28T18:19:00.001-0300] {processor.py:755} WARNING - No viable dags retrieved from /home/lcscarv/projetos/indicium/desafio_5/.venv/lib/python3.8/site-packages/airflow/example_dags/plugins/event_listener.py
[2023-04-28T18:19:00.012-0300] {processor.py:175} INFO - Processing /home/lcscarv/projetos/indicium/desafio_5/.venv/lib/python3.8/site-packages/airflow/example_dags/plugins/event_listener.py took 0.018 seconds
[2023-04-28T18:19:47.676-0300] {processor.py:153} INFO - Started process (PID=6285) to work on /home/lcscarv/projetos/indicium/desafio_5/.venv/lib/python3.8/site-packages/airflow/example_dags/plugins/event_listener.py
[2023-04-28T18:19:47.752-0300] {processor.py:743} INFO - Processing file /home/lcscarv/projetos/indicium/desafio_5/.venv/lib/python3.8/site-packages/airflow/example_dags/plugins/event_listener.py for tasks to queue
[2023-04-28T18:19:47.754-0300] {logging_mixin.py:137} INFO - [2023-04-28T18:19:47.753-0300] {dagbag.py:532} INFO - Filling up the DagBag from /home/lcscarv/projetos/indicium/desafio_5/.venv/lib/python3.8/site-packages/airflow/example_dags/plugins/event_listener.py
[2023-04-28T18:19:47.757-0300] {processor.py:755} WARNING - No viable dags retrieved from /home/lcscarv/projetos/indicium/desafio_5/.venv/lib/python3.8/site-packages/airflow/example_dags/plugins/event_listener.py
[2023-04-28T18:19:47.766-0300] {processor.py:175} INFO - Processing /home/lcscarv/projetos/indicium/desafio_5/.venv/lib/python3.8/site-packages/airflow/example_dags/plugins/event_listener.py took 0.092 seconds
[2023-04-28T18:20:39.455-0300] {processor.py:153} INFO - Started process (PID=6383) to work on /home/lcscarv/projetos/indicium/desafio_5/.venv/lib/python3.8/site-packages/airflow/example_dags/plugins/event_listener.py
[2023-04-28T18:20:39.522-0300] {processor.py:743} INFO - Processing file /home/lcscarv/projetos/indicium/desafio_5/.venv/lib/python3.8/site-packages/airflow/example_dags/plugins/event_listener.py for tasks to queue
[2023-04-28T18:20:39.524-0300] {logging_mixin.py:137} INFO - [2023-04-28T18:20:39.523-0300] {dagbag.py:532} INFO - Filling up the DagBag from /home/lcscarv/projetos/indicium/desafio_5/.venv/lib/python3.8/site-packages/airflow/example_dags/plugins/event_listener.py
[2023-04-28T18:20:39.527-0300] {processor.py:755} WARNING - No viable dags retrieved from /home/lcscarv/projetos/indicium/desafio_5/.venv/lib/python3.8/site-packages/airflow/example_dags/plugins/event_listener.py
[2023-04-28T18:20:39.536-0300] {processor.py:175} INFO - Processing /home/lcscarv/projetos/indicium/desafio_5/.venv/lib/python3.8/site-packages/airflow/example_dags/plugins/event_listener.py took 0.083 seconds
[2023-04-28T18:21:26.849-0300] {processor.py:153} INFO - Started process (PID=6427) to work on /home/lcscarv/projetos/indicium/desafio_5/.venv/lib/python3.8/site-packages/airflow/example_dags/plugins/event_listener.py
[2023-04-28T18:21:26.850-0300] {processor.py:743} INFO - Processing file /home/lcscarv/projetos/indicium/desafio_5/.venv/lib/python3.8/site-packages/airflow/example_dags/plugins/event_listener.py for tasks to queue
[2023-04-28T18:21:26.850-0300] {logging_mixin.py:137} INFO - [2023-04-28T18:21:26.850-0300] {dagbag.py:532} INFO - Filling up the DagBag from /home/lcscarv/projetos/indicium/desafio_5/.venv/lib/python3.8/site-packages/airflow/example_dags/plugins/event_listener.py
[2023-04-28T18:21:26.852-0300] {processor.py:755} WARNING - No viable dags retrieved from /home/lcscarv/projetos/indicium/desafio_5/.venv/lib/python3.8/site-packages/airflow/example_dags/plugins/event_listener.py
[2023-04-28T18:21:26.857-0300] {processor.py:175} INFO - Processing /home/lcscarv/projetos/indicium/desafio_5/.venv/lib/python3.8/site-packages/airflow/example_dags/plugins/event_listener.py took 0.010 seconds
