[2023-04-28T18:00:37.590-0300] {processor.py:153} INFO - Started process (PID=4604) to work on /home/lcscarv/projetos/indicium/desafio_5/.venv/lib/python3.8/site-packages/airflow/example_dags/plugins/listener_plugin.py
[2023-04-28T18:00:37.590-0300] {processor.py:743} INFO - Processing file /home/lcscarv/projetos/indicium/desafio_5/.venv/lib/python3.8/site-packages/airflow/example_dags/plugins/listener_plugin.py for tasks to queue
[2023-04-28T18:00:37.591-0300] {logging_mixin.py:137} INFO - [2023-04-28T18:00:37.591-0300] {dagbag.py:532} INFO - Filling up the DagBag from /home/lcscarv/projetos/indicium/desafio_5/.venv/lib/python3.8/site-packages/airflow/example_dags/plugins/listener_plugin.py
[2023-04-28T18:00:37.592-0300] {processor.py:755} WARNING - No viable dags retrieved from /home/lcscarv/projetos/indicium/desafio_5/.venv/lib/python3.8/site-packages/airflow/example_dags/plugins/listener_plugin.py
[2023-04-28T18:00:37.599-0300] {processor.py:175} INFO - Processing /home/lcscarv/projetos/indicium/desafio_5/.venv/lib/python3.8/site-packages/airflow/example_dags/plugins/listener_plugin.py took 0.012 seconds
[2023-04-28T18:01:18.864-0300] {processor.py:153} INFO - Started process (PID=4646) to work on /home/lcscarv/projetos/indicium/desafio_5/.venv/lib/python3.8/site-packages/airflow/example_dags/plugins/listener_plugin.py
[2023-04-28T18:01:18.865-0300] {processor.py:743} INFO - Processing file /home/lcscarv/projetos/indicium/desafio_5/.venv/lib/python3.8/site-packages/airflow/example_dags/plugins/listener_plugin.py for tasks to queue
[2023-04-28T18:01:18.866-0300] {logging_mixin.py:137} INFO - [2023-04-28T18:01:18.866-0300] {dagbag.py:532} INFO - Filling up the DagBag from /home/lcscarv/projetos/indicium/desafio_5/.venv/lib/python3.8/site-packages/airflow/example_dags/plugins/listener_plugin.py
[2023-04-28T18:01:18.867-0300] {processor.py:755} WARNING - No viable dags retrieved from /home/lcscarv/projetos/indicium/desafio_5/.venv/lib/python3.8/site-packages/airflow/example_dags/plugins/listener_plugin.py
[2023-04-28T18:01:18.874-0300] {processor.py:175} INFO - Processing /home/lcscarv/projetos/indicium/desafio_5/.venv/lib/python3.8/site-packages/airflow/example_dags/plugins/listener_plugin.py took 0.012 seconds
[2023-04-28T18:02:27.740-0300] {processor.py:153} INFO - Started process (PID=4749) to work on /home/lcscarv/projetos/indicium/desafio_5/.venv/lib/python3.8/site-packages/airflow/example_dags/plugins/listener_plugin.py
[2023-04-28T18:02:27.742-0300] {processor.py:743} INFO - Processing file /home/lcscarv/projetos/indicium/desafio_5/.venv/lib/python3.8/site-packages/airflow/example_dags/plugins/listener_plugin.py for tasks to queue
[2023-04-28T18:02:27.742-0300] {logging_mixin.py:137} INFO - [2023-04-28T18:02:27.742-0300] {dagbag.py:532} INFO - Filling up the DagBag from /home/lcscarv/projetos/indicium/desafio_5/.venv/lib/python3.8/site-packages/airflow/example_dags/plugins/listener_plugin.py
[2023-04-28T18:02:27.746-0300] {processor.py:755} WARNING - No viable dags retrieved from /home/lcscarv/projetos/indicium/desafio_5/.venv/lib/python3.8/site-packages/airflow/example_dags/plugins/listener_plugin.py
[2023-04-28T18:02:27.752-0300] {processor.py:175} INFO - Processing /home/lcscarv/projetos/indicium/desafio_5/.venv/lib/python3.8/site-packages/airflow/example_dags/plugins/listener_plugin.py took 0.014 seconds
[2023-04-28T18:03:15.701-0300] {processor.py:153} INFO - Started process (PID=4842) to work on /home/lcscarv/projetos/indicium/desafio_5/.venv/lib/python3.8/site-packages/airflow/example_dags/plugins/listener_plugin.py
[2023-04-28T18:03:15.702-0300] {processor.py:743} INFO - Processing file /home/lcscarv/projetos/indicium/desafio_5/.venv/lib/python3.8/site-packages/airflow/example_dags/plugins/listener_plugin.py for tasks to queue
[2023-04-28T18:03:15.703-0300] {logging_mixin.py:137} INFO - [2023-04-28T18:03:15.703-0300] {dagbag.py:532} INFO - Filling up the DagBag from /home/lcscarv/projetos/indicium/desafio_5/.venv/lib/python3.8/site-packages/airflow/example_dags/plugins/listener_plugin.py
[2023-04-28T18:03:15.704-0300] {processor.py:755} WARNING - No viable dags retrieved from /home/lcscarv/projetos/indicium/desafio_5/.venv/lib/python3.8/site-packages/airflow/example_dags/plugins/listener_plugin.py
[2023-04-28T18:03:15.710-0300] {processor.py:175} INFO - Processing /home/lcscarv/projetos/indicium/desafio_5/.venv/lib/python3.8/site-packages/airflow/example_dags/plugins/listener_plugin.py took 0.011 seconds
[2023-04-28T18:03:59.014-0300] {processor.py:153} INFO - Started process (PID=4884) to work on /home/lcscarv/projetos/indicium/desafio_5/.venv/lib/python3.8/site-packages/airflow/example_dags/plugins/listener_plugin.py
[2023-04-28T18:03:59.015-0300] {processor.py:743} INFO - Processing file /home/lcscarv/projetos/indicium/desafio_5/.venv/lib/python3.8/site-packages/airflow/example_dags/plugins/listener_plugin.py for tasks to queue
[2023-04-28T18:03:59.016-0300] {logging_mixin.py:137} INFO - [2023-04-28T18:03:59.016-0300] {dagbag.py:532} INFO - Filling up the DagBag from /home/lcscarv/projetos/indicium/desafio_5/.venv/lib/python3.8/site-packages/airflow/example_dags/plugins/listener_plugin.py
[2023-04-28T18:03:59.017-0300] {processor.py:755} WARNING - No viable dags retrieved from /home/lcscarv/projetos/indicium/desafio_5/.venv/lib/python3.8/site-packages/airflow/example_dags/plugins/listener_plugin.py
[2023-04-28T18:03:59.023-0300] {processor.py:175} INFO - Processing /home/lcscarv/projetos/indicium/desafio_5/.venv/lib/python3.8/site-packages/airflow/example_dags/plugins/listener_plugin.py took 0.011 seconds
[2023-04-28T18:04:36.183-0300] {processor.py:153} INFO - Started process (PID=4923) to work on /home/lcscarv/projetos/indicium/desafio_5/.venv/lib/python3.8/site-packages/airflow/example_dags/plugins/listener_plugin.py
[2023-04-28T18:04:36.184-0300] {processor.py:743} INFO - Processing file /home/lcscarv/projetos/indicium/desafio_5/.venv/lib/python3.8/site-packages/airflow/example_dags/plugins/listener_plugin.py for tasks to queue
[2023-04-28T18:04:36.185-0300] {logging_mixin.py:137} INFO - [2023-04-28T18:04:36.185-0300] {dagbag.py:532} INFO - Filling up the DagBag from /home/lcscarv/projetos/indicium/desafio_5/.venv/lib/python3.8/site-packages/airflow/example_dags/plugins/listener_plugin.py
[2023-04-28T18:04:36.187-0300] {processor.py:755} WARNING - No viable dags retrieved from /home/lcscarv/projetos/indicium/desafio_5/.venv/lib/python3.8/site-packages/airflow/example_dags/plugins/listener_plugin.py
[2023-04-28T18:04:36.202-0300] {processor.py:175} INFO - Processing /home/lcscarv/projetos/indicium/desafio_5/.venv/lib/python3.8/site-packages/airflow/example_dags/plugins/listener_plugin.py took 0.022 seconds
[2023-04-28T18:05:23.792-0300] {processor.py:153} INFO - Started process (PID=5072) to work on /home/lcscarv/projetos/indicium/desafio_5/.venv/lib/python3.8/site-packages/airflow/example_dags/plugins/listener_plugin.py
[2023-04-28T18:05:23.793-0300] {processor.py:743} INFO - Processing file /home/lcscarv/projetos/indicium/desafio_5/.venv/lib/python3.8/site-packages/airflow/example_dags/plugins/listener_plugin.py for tasks to queue
[2023-04-28T18:05:23.794-0300] {logging_mixin.py:137} INFO - [2023-04-28T18:05:23.794-0300] {dagbag.py:532} INFO - Filling up the DagBag from /home/lcscarv/projetos/indicium/desafio_5/.venv/lib/python3.8/site-packages/airflow/example_dags/plugins/listener_plugin.py
[2023-04-28T18:05:23.795-0300] {processor.py:755} WARNING - No viable dags retrieved from /home/lcscarv/projetos/indicium/desafio_5/.venv/lib/python3.8/site-packages/airflow/example_dags/plugins/listener_plugin.py
[2023-04-28T18:05:23.801-0300] {processor.py:175} INFO - Processing /home/lcscarv/projetos/indicium/desafio_5/.venv/lib/python3.8/site-packages/airflow/example_dags/plugins/listener_plugin.py took 0.011 seconds
[2023-04-28T18:06:07.250-0300] {processor.py:153} INFO - Started process (PID=5117) to work on /home/lcscarv/projetos/indicium/desafio_5/.venv/lib/python3.8/site-packages/airflow/example_dags/plugins/listener_plugin.py
[2023-04-28T18:06:07.254-0300] {processor.py:743} INFO - Processing file /home/lcscarv/projetos/indicium/desafio_5/.venv/lib/python3.8/site-packages/airflow/example_dags/plugins/listener_plugin.py for tasks to queue
[2023-04-28T18:06:07.255-0300] {logging_mixin.py:137} INFO - [2023-04-28T18:06:07.255-0300] {dagbag.py:532} INFO - Filling up the DagBag from /home/lcscarv/projetos/indicium/desafio_5/.venv/lib/python3.8/site-packages/airflow/example_dags/plugins/listener_plugin.py
[2023-04-28T18:06:07.256-0300] {processor.py:755} WARNING - No viable dags retrieved from /home/lcscarv/projetos/indicium/desafio_5/.venv/lib/python3.8/site-packages/airflow/example_dags/plugins/listener_plugin.py
[2023-04-28T18:06:07.262-0300] {processor.py:175} INFO - Processing /home/lcscarv/projetos/indicium/desafio_5/.venv/lib/python3.8/site-packages/airflow/example_dags/plugins/listener_plugin.py took 0.014 seconds
[2023-04-28T18:07:02.243-0300] {processor.py:153} INFO - Started process (PID=5164) to work on /home/lcscarv/projetos/indicium/desafio_5/.venv/lib/python3.8/site-packages/airflow/example_dags/plugins/listener_plugin.py
[2023-04-28T18:07:02.375-0300] {processor.py:743} INFO - Processing file /home/lcscarv/projetos/indicium/desafio_5/.venv/lib/python3.8/site-packages/airflow/example_dags/plugins/listener_plugin.py for tasks to queue
[2023-04-28T18:07:02.376-0300] {logging_mixin.py:137} INFO - [2023-04-28T18:07:02.376-0300] {dagbag.py:532} INFO - Filling up the DagBag from /home/lcscarv/projetos/indicium/desafio_5/.venv/lib/python3.8/site-packages/airflow/example_dags/plugins/listener_plugin.py
[2023-04-28T18:07:02.381-0300] {processor.py:755} WARNING - No viable dags retrieved from /home/lcscarv/projetos/indicium/desafio_5/.venv/lib/python3.8/site-packages/airflow/example_dags/plugins/listener_plugin.py
[2023-04-28T18:07:02.390-0300] {processor.py:175} INFO - Processing /home/lcscarv/projetos/indicium/desafio_5/.venv/lib/python3.8/site-packages/airflow/example_dags/plugins/listener_plugin.py took 0.149 seconds
[2023-04-28T18:07:53.579-0300] {processor.py:153} INFO - Started process (PID=5326) to work on /home/lcscarv/projetos/indicium/desafio_5/.venv/lib/python3.8/site-packages/airflow/example_dags/plugins/listener_plugin.py
[2023-04-28T18:07:53.580-0300] {processor.py:743} INFO - Processing file /home/lcscarv/projetos/indicium/desafio_5/.venv/lib/python3.8/site-packages/airflow/example_dags/plugins/listener_plugin.py for tasks to queue
[2023-04-28T18:07:53.581-0300] {logging_mixin.py:137} INFO - [2023-04-28T18:07:53.580-0300] {dagbag.py:532} INFO - Filling up the DagBag from /home/lcscarv/projetos/indicium/desafio_5/.venv/lib/python3.8/site-packages/airflow/example_dags/plugins/listener_plugin.py
[2023-04-28T18:07:53.583-0300] {processor.py:755} WARNING - No viable dags retrieved from /home/lcscarv/projetos/indicium/desafio_5/.venv/lib/python3.8/site-packages/airflow/example_dags/plugins/listener_plugin.py
[2023-04-28T18:07:53.589-0300] {processor.py:175} INFO - Processing /home/lcscarv/projetos/indicium/desafio_5/.venv/lib/python3.8/site-packages/airflow/example_dags/plugins/listener_plugin.py took 0.013 seconds
[2023-04-28T18:08:37.185-0300] {processor.py:153} INFO - Started process (PID=5396) to work on /home/lcscarv/projetos/indicium/desafio_5/.venv/lib/python3.8/site-packages/airflow/example_dags/plugins/listener_plugin.py
[2023-04-28T18:08:37.186-0300] {processor.py:743} INFO - Processing file /home/lcscarv/projetos/indicium/desafio_5/.venv/lib/python3.8/site-packages/airflow/example_dags/plugins/listener_plugin.py for tasks to queue
[2023-04-28T18:08:37.187-0300] {logging_mixin.py:137} INFO - [2023-04-28T18:08:37.187-0300] {dagbag.py:532} INFO - Filling up the DagBag from /home/lcscarv/projetos/indicium/desafio_5/.venv/lib/python3.8/site-packages/airflow/example_dags/plugins/listener_plugin.py
[2023-04-28T18:08:37.188-0300] {processor.py:755} WARNING - No viable dags retrieved from /home/lcscarv/projetos/indicium/desafio_5/.venv/lib/python3.8/site-packages/airflow/example_dags/plugins/listener_plugin.py
[2023-04-28T18:08:37.197-0300] {processor.py:175} INFO - Processing /home/lcscarv/projetos/indicium/desafio_5/.venv/lib/python3.8/site-packages/airflow/example_dags/plugins/listener_plugin.py took 0.015 seconds
[2023-04-28T18:09:24.656-0300] {processor.py:153} INFO - Started process (PID=5491) to work on /home/lcscarv/projetos/indicium/desafio_5/.venv/lib/python3.8/site-packages/airflow/example_dags/plugins/listener_plugin.py
[2023-04-28T18:09:24.657-0300] {processor.py:743} INFO - Processing file /home/lcscarv/projetos/indicium/desafio_5/.venv/lib/python3.8/site-packages/airflow/example_dags/plugins/listener_plugin.py for tasks to queue
[2023-04-28T18:09:24.657-0300] {logging_mixin.py:137} INFO - [2023-04-28T18:09:24.657-0300] {dagbag.py:532} INFO - Filling up the DagBag from /home/lcscarv/projetos/indicium/desafio_5/.venv/lib/python3.8/site-packages/airflow/example_dags/plugins/listener_plugin.py
[2023-04-28T18:09:24.659-0300] {processor.py:755} WARNING - No viable dags retrieved from /home/lcscarv/projetos/indicium/desafio_5/.venv/lib/python3.8/site-packages/airflow/example_dags/plugins/listener_plugin.py
[2023-04-28T18:09:24.665-0300] {processor.py:175} INFO - Processing /home/lcscarv/projetos/indicium/desafio_5/.venv/lib/python3.8/site-packages/airflow/example_dags/plugins/listener_plugin.py took 0.011 seconds
[2023-04-28T18:10:13.517-0300] {processor.py:153} INFO - Started process (PID=5584) to work on /home/lcscarv/projetos/indicium/desafio_5/.venv/lib/python3.8/site-packages/airflow/example_dags/plugins/listener_plugin.py
[2023-04-28T18:10:13.588-0300] {processor.py:743} INFO - Processing file /home/lcscarv/projetos/indicium/desafio_5/.venv/lib/python3.8/site-packages/airflow/example_dags/plugins/listener_plugin.py for tasks to queue
[2023-04-28T18:10:13.589-0300] {logging_mixin.py:137} INFO - [2023-04-28T18:10:13.588-0300] {dagbag.py:532} INFO - Filling up the DagBag from /home/lcscarv/projetos/indicium/desafio_5/.venv/lib/python3.8/site-packages/airflow/example_dags/plugins/listener_plugin.py
[2023-04-28T18:10:13.590-0300] {processor.py:755} WARNING - No viable dags retrieved from /home/lcscarv/projetos/indicium/desafio_5/.venv/lib/python3.8/site-packages/airflow/example_dags/plugins/listener_plugin.py
[2023-04-28T18:10:13.597-0300] {processor.py:175} INFO - Processing /home/lcscarv/projetos/indicium/desafio_5/.venv/lib/python3.8/site-packages/airflow/example_dags/plugins/listener_plugin.py took 0.082 seconds
[2023-04-28T18:11:13.647-0300] {processor.py:153} INFO - Started process (PID=5738) to work on /home/lcscarv/projetos/indicium/desafio_5/.venv/lib/python3.8/site-packages/airflow/example_dags/plugins/listener_plugin.py
[2023-04-28T18:11:13.648-0300] {processor.py:743} INFO - Processing file /home/lcscarv/projetos/indicium/desafio_5/.venv/lib/python3.8/site-packages/airflow/example_dags/plugins/listener_plugin.py for tasks to queue
[2023-04-28T18:11:13.648-0300] {logging_mixin.py:137} INFO - [2023-04-28T18:11:13.648-0300] {dagbag.py:532} INFO - Filling up the DagBag from /home/lcscarv/projetos/indicium/desafio_5/.venv/lib/python3.8/site-packages/airflow/example_dags/plugins/listener_plugin.py
[2023-04-28T18:11:13.650-0300] {processor.py:755} WARNING - No viable dags retrieved from /home/lcscarv/projetos/indicium/desafio_5/.venv/lib/python3.8/site-packages/airflow/example_dags/plugins/listener_plugin.py
[2023-04-28T18:11:13.656-0300] {processor.py:175} INFO - Processing /home/lcscarv/projetos/indicium/desafio_5/.venv/lib/python3.8/site-packages/airflow/example_dags/plugins/listener_plugin.py took 0.012 seconds
[2023-04-28T18:12:04.566-0300] {processor.py:153} INFO - Started process (PID=5836) to work on /home/lcscarv/projetos/indicium/desafio_5/.venv/lib/python3.8/site-packages/airflow/example_dags/plugins/listener_plugin.py
[2023-04-28T18:12:04.600-0300] {processor.py:743} INFO - Processing file /home/lcscarv/projetos/indicium/desafio_5/.venv/lib/python3.8/site-packages/airflow/example_dags/plugins/listener_plugin.py for tasks to queue
[2023-04-28T18:12:04.602-0300] {logging_mixin.py:137} INFO - [2023-04-28T18:12:04.601-0300] {dagbag.py:532} INFO - Filling up the DagBag from /home/lcscarv/projetos/indicium/desafio_5/.venv/lib/python3.8/site-packages/airflow/example_dags/plugins/listener_plugin.py
[2023-04-28T18:12:04.605-0300] {processor.py:755} WARNING - No viable dags retrieved from /home/lcscarv/projetos/indicium/desafio_5/.venv/lib/python3.8/site-packages/airflow/example_dags/plugins/listener_plugin.py
[2023-04-28T18:12:04.612-0300] {processor.py:175} INFO - Processing /home/lcscarv/projetos/indicium/desafio_5/.venv/lib/python3.8/site-packages/airflow/example_dags/plugins/listener_plugin.py took 0.047 seconds
[2023-04-28T18:13:14.184-0300] {processor.py:153} INFO - Started process (PID=5889) to work on /home/lcscarv/projetos/indicium/desafio_5/.venv/lib/python3.8/site-packages/airflow/example_dags/plugins/listener_plugin.py
[2023-04-28T18:13:14.185-0300] {processor.py:743} INFO - Processing file /home/lcscarv/projetos/indicium/desafio_5/.venv/lib/python3.8/site-packages/airflow/example_dags/plugins/listener_plugin.py for tasks to queue
[2023-04-28T18:13:14.185-0300] {logging_mixin.py:137} INFO - [2023-04-28T18:13:14.185-0300] {dagbag.py:532} INFO - Filling up the DagBag from /home/lcscarv/projetos/indicium/desafio_5/.venv/lib/python3.8/site-packages/airflow/example_dags/plugins/listener_plugin.py
[2023-04-28T18:13:14.187-0300] {processor.py:755} WARNING - No viable dags retrieved from /home/lcscarv/projetos/indicium/desafio_5/.venv/lib/python3.8/site-packages/airflow/example_dags/plugins/listener_plugin.py
[2023-04-28T18:13:14.194-0300] {processor.py:175} INFO - Processing /home/lcscarv/projetos/indicium/desafio_5/.venv/lib/python3.8/site-packages/airflow/example_dags/plugins/listener_plugin.py took 0.012 seconds
[2023-04-28T18:14:05.276-0300] {processor.py:153} INFO - Started process (PID=5934) to work on /home/lcscarv/projetos/indicium/desafio_5/.venv/lib/python3.8/site-packages/airflow/example_dags/plugins/listener_plugin.py
[2023-04-28T18:14:05.277-0300] {processor.py:743} INFO - Processing file /home/lcscarv/projetos/indicium/desafio_5/.venv/lib/python3.8/site-packages/airflow/example_dags/plugins/listener_plugin.py for tasks to queue
[2023-04-28T18:14:05.278-0300] {logging_mixin.py:137} INFO - [2023-04-28T18:14:05.278-0300] {dagbag.py:532} INFO - Filling up the DagBag from /home/lcscarv/projetos/indicium/desafio_5/.venv/lib/python3.8/site-packages/airflow/example_dags/plugins/listener_plugin.py
[2023-04-28T18:14:05.279-0300] {processor.py:755} WARNING - No viable dags retrieved from /home/lcscarv/projetos/indicium/desafio_5/.venv/lib/python3.8/site-packages/airflow/example_dags/plugins/listener_plugin.py
[2023-04-28T18:14:05.286-0300] {processor.py:175} INFO - Processing /home/lcscarv/projetos/indicium/desafio_5/.venv/lib/python3.8/site-packages/airflow/example_dags/plugins/listener_plugin.py took 0.012 seconds
[2023-04-28T18:14:55.808-0300] {processor.py:153} INFO - Started process (PID=5975) to work on /home/lcscarv/projetos/indicium/desafio_5/.venv/lib/python3.8/site-packages/airflow/example_dags/plugins/listener_plugin.py
[2023-04-28T18:14:55.834-0300] {processor.py:743} INFO - Processing file /home/lcscarv/projetos/indicium/desafio_5/.venv/lib/python3.8/site-packages/airflow/example_dags/plugins/listener_plugin.py for tasks to queue
[2023-04-28T18:14:55.840-0300] {logging_mixin.py:137} INFO - [2023-04-28T18:14:55.840-0300] {dagbag.py:532} INFO - Filling up the DagBag from /home/lcscarv/projetos/indicium/desafio_5/.venv/lib/python3.8/site-packages/airflow/example_dags/plugins/listener_plugin.py
[2023-04-28T18:14:55.842-0300] {processor.py:755} WARNING - No viable dags retrieved from /home/lcscarv/projetos/indicium/desafio_5/.venv/lib/python3.8/site-packages/airflow/example_dags/plugins/listener_plugin.py
[2023-04-28T18:14:55.848-0300] {processor.py:175} INFO - Processing /home/lcscarv/projetos/indicium/desafio_5/.venv/lib/python3.8/site-packages/airflow/example_dags/plugins/listener_plugin.py took 0.041 seconds
[2023-04-28T18:15:54.984-0300] {processor.py:153} INFO - Started process (PID=6076) to work on /home/lcscarv/projetos/indicium/desafio_5/.venv/lib/python3.8/site-packages/airflow/example_dags/plugins/listener_plugin.py
[2023-04-28T18:15:55.107-0300] {processor.py:743} INFO - Processing file /home/lcscarv/projetos/indicium/desafio_5/.venv/lib/python3.8/site-packages/airflow/example_dags/plugins/listener_plugin.py for tasks to queue
[2023-04-28T18:15:55.108-0300] {logging_mixin.py:137} INFO - [2023-04-28T18:15:55.108-0300] {dagbag.py:532} INFO - Filling up the DagBag from /home/lcscarv/projetos/indicium/desafio_5/.venv/lib/python3.8/site-packages/airflow/example_dags/plugins/listener_plugin.py
[2023-04-28T18:15:55.113-0300] {processor.py:755} WARNING - No viable dags retrieved from /home/lcscarv/projetos/indicium/desafio_5/.venv/lib/python3.8/site-packages/airflow/example_dags/plugins/listener_plugin.py
[2023-04-28T18:15:55.121-0300] {processor.py:175} INFO - Processing /home/lcscarv/projetos/indicium/desafio_5/.venv/lib/python3.8/site-packages/airflow/example_dags/plugins/listener_plugin.py took 0.140 seconds
[2023-04-28T18:16:52.627-0300] {processor.py:153} INFO - Started process (PID=6125) to work on /home/lcscarv/projetos/indicium/desafio_5/.venv/lib/python3.8/site-packages/airflow/example_dags/plugins/listener_plugin.py
[2023-04-28T18:16:52.628-0300] {processor.py:743} INFO - Processing file /home/lcscarv/projetos/indicium/desafio_5/.venv/lib/python3.8/site-packages/airflow/example_dags/plugins/listener_plugin.py for tasks to queue
[2023-04-28T18:16:52.628-0300] {logging_mixin.py:137} INFO - [2023-04-28T18:16:52.628-0300] {dagbag.py:532} INFO - Filling up the DagBag from /home/lcscarv/projetos/indicium/desafio_5/.venv/lib/python3.8/site-packages/airflow/example_dags/plugins/listener_plugin.py
[2023-04-28T18:16:52.630-0300] {processor.py:755} WARNING - No viable dags retrieved from /home/lcscarv/projetos/indicium/desafio_5/.venv/lib/python3.8/site-packages/airflow/example_dags/plugins/listener_plugin.py
[2023-04-28T18:16:52.637-0300] {processor.py:175} INFO - Processing /home/lcscarv/projetos/indicium/desafio_5/.venv/lib/python3.8/site-packages/airflow/example_dags/plugins/listener_plugin.py took 0.012 seconds
[2023-04-28T18:17:51.587-0300] {processor.py:153} INFO - Started process (PID=6175) to work on /home/lcscarv/projetos/indicium/desafio_5/.venv/lib/python3.8/site-packages/airflow/example_dags/plugins/listener_plugin.py
[2023-04-28T18:17:51.589-0300] {processor.py:743} INFO - Processing file /home/lcscarv/projetos/indicium/desafio_5/.venv/lib/python3.8/site-packages/airflow/example_dags/plugins/listener_plugin.py for tasks to queue
[2023-04-28T18:17:51.590-0300] {logging_mixin.py:137} INFO - [2023-04-28T18:17:51.590-0300] {dagbag.py:532} INFO - Filling up the DagBag from /home/lcscarv/projetos/indicium/desafio_5/.venv/lib/python3.8/site-packages/airflow/example_dags/plugins/listener_plugin.py
[2023-04-28T18:17:51.591-0300] {processor.py:755} WARNING - No viable dags retrieved from /home/lcscarv/projetos/indicium/desafio_5/.venv/lib/python3.8/site-packages/airflow/example_dags/plugins/listener_plugin.py
[2023-04-28T18:17:51.599-0300] {processor.py:175} INFO - Processing /home/lcscarv/projetos/indicium/desafio_5/.venv/lib/python3.8/site-packages/airflow/example_dags/plugins/listener_plugin.py took 0.014 seconds
[2023-04-28T18:18:35.892-0300] {processor.py:153} INFO - Started process (PID=6219) to work on /home/lcscarv/projetos/indicium/desafio_5/.venv/lib/python3.8/site-packages/airflow/example_dags/plugins/listener_plugin.py
[2023-04-28T18:18:35.893-0300] {processor.py:743} INFO - Processing file /home/lcscarv/projetos/indicium/desafio_5/.venv/lib/python3.8/site-packages/airflow/example_dags/plugins/listener_plugin.py for tasks to queue
[2023-04-28T18:18:35.894-0300] {logging_mixin.py:137} INFO - [2023-04-28T18:18:35.894-0300] {dagbag.py:532} INFO - Filling up the DagBag from /home/lcscarv/projetos/indicium/desafio_5/.venv/lib/python3.8/site-packages/airflow/example_dags/plugins/listener_plugin.py
[2023-04-28T18:18:35.895-0300] {processor.py:755} WARNING - No viable dags retrieved from /home/lcscarv/projetos/indicium/desafio_5/.venv/lib/python3.8/site-packages/airflow/example_dags/plugins/listener_plugin.py
[2023-04-28T18:18:35.903-0300] {processor.py:175} INFO - Processing /home/lcscarv/projetos/indicium/desafio_5/.venv/lib/python3.8/site-packages/airflow/example_dags/plugins/listener_plugin.py took 0.013 seconds
[2023-04-28T18:19:18.361-0300] {processor.py:153} INFO - Started process (PID=6258) to work on /home/lcscarv/projetos/indicium/desafio_5/.venv/lib/python3.8/site-packages/airflow/example_dags/plugins/listener_plugin.py
[2023-04-28T18:19:18.363-0300] {processor.py:743} INFO - Processing file /home/lcscarv/projetos/indicium/desafio_5/.venv/lib/python3.8/site-packages/airflow/example_dags/plugins/listener_plugin.py for tasks to queue
[2023-04-28T18:19:18.363-0300] {logging_mixin.py:137} INFO - [2023-04-28T18:19:18.363-0300] {dagbag.py:532} INFO - Filling up the DagBag from /home/lcscarv/projetos/indicium/desafio_5/.venv/lib/python3.8/site-packages/airflow/example_dags/plugins/listener_plugin.py
[2023-04-28T18:19:18.366-0300] {processor.py:755} WARNING - No viable dags retrieved from /home/lcscarv/projetos/indicium/desafio_5/.venv/lib/python3.8/site-packages/airflow/example_dags/plugins/listener_plugin.py
[2023-04-28T18:19:18.375-0300] {processor.py:175} INFO - Processing /home/lcscarv/projetos/indicium/desafio_5/.venv/lib/python3.8/site-packages/airflow/example_dags/plugins/listener_plugin.py took 0.016 seconds
[2023-04-28T18:20:05.800-0300] {processor.py:153} INFO - Started process (PID=6302) to work on /home/lcscarv/projetos/indicium/desafio_5/.venv/lib/python3.8/site-packages/airflow/example_dags/plugins/listener_plugin.py
[2023-04-28T18:20:05.801-0300] {processor.py:743} INFO - Processing file /home/lcscarv/projetos/indicium/desafio_5/.venv/lib/python3.8/site-packages/airflow/example_dags/plugins/listener_plugin.py for tasks to queue
[2023-04-28T18:20:05.802-0300] {logging_mixin.py:137} INFO - [2023-04-28T18:20:05.802-0300] {dagbag.py:532} INFO - Filling up the DagBag from /home/lcscarv/projetos/indicium/desafio_5/.venv/lib/python3.8/site-packages/airflow/example_dags/plugins/listener_plugin.py
[2023-04-28T18:20:05.803-0300] {processor.py:755} WARNING - No viable dags retrieved from /home/lcscarv/projetos/indicium/desafio_5/.venv/lib/python3.8/site-packages/airflow/example_dags/plugins/listener_plugin.py
[2023-04-28T18:20:05.810-0300] {processor.py:175} INFO - Processing /home/lcscarv/projetos/indicium/desafio_5/.venv/lib/python3.8/site-packages/airflow/example_dags/plugins/listener_plugin.py took 0.011 seconds
[2023-04-28T18:20:56.894-0300] {processor.py:153} INFO - Started process (PID=6399) to work on /home/lcscarv/projetos/indicium/desafio_5/.venv/lib/python3.8/site-packages/airflow/example_dags/plugins/listener_plugin.py
[2023-04-28T18:20:56.896-0300] {processor.py:743} INFO - Processing file /home/lcscarv/projetos/indicium/desafio_5/.venv/lib/python3.8/site-packages/airflow/example_dags/plugins/listener_plugin.py for tasks to queue
[2023-04-28T18:20:56.896-0300] {logging_mixin.py:137} INFO - [2023-04-28T18:20:56.896-0300] {dagbag.py:532} INFO - Filling up the DagBag from /home/lcscarv/projetos/indicium/desafio_5/.venv/lib/python3.8/site-packages/airflow/example_dags/plugins/listener_plugin.py
[2023-04-28T18:20:56.898-0300] {processor.py:755} WARNING - No viable dags retrieved from /home/lcscarv/projetos/indicium/desafio_5/.venv/lib/python3.8/site-packages/airflow/example_dags/plugins/listener_plugin.py
[2023-04-28T18:20:56.904-0300] {processor.py:175} INFO - Processing /home/lcscarv/projetos/indicium/desafio_5/.venv/lib/python3.8/site-packages/airflow/example_dags/plugins/listener_plugin.py took 0.012 seconds
