[2023-05-04T14:53:36.053-0300] {taskinstance.py:1090} INFO - Dependencies all met for dep_context=non-requeueable deps ti=<TaskInstance: NorthwindELT.northwind_extract_ord_det manual__2023-05-04T17:40:30.018510+00:00 [queued]>
[2023-05-04T14:53:36.060-0300] {taskinstance.py:1090} INFO - Dependencies all met for dep_context=requeueable deps ti=<TaskInstance: NorthwindELT.northwind_extract_ord_det manual__2023-05-04T17:40:30.018510+00:00 [queued]>
[2023-05-04T14:53:36.060-0300] {taskinstance.py:1288} INFO - 
--------------------------------------------------------------------------------
[2023-05-04T14:53:36.060-0300] {taskinstance.py:1289} INFO - Starting attempt 6 of 7
[2023-05-04T14:53:36.061-0300] {taskinstance.py:1290} INFO - 
--------------------------------------------------------------------------------
[2023-05-04T14:53:36.078-0300] {taskinstance.py:1309} INFO - Executing <Task(PythonOperator): northwind_extract_ord_det> on 2023-05-04 17:40:30.018510+00:00
[2023-05-04T14:53:36.081-0300] {standard_task_runner.py:55} INFO - Started process 13069 to run task
[2023-05-04T14:53:36.084-0300] {standard_task_runner.py:82} INFO - Running: ['airflow', 'tasks', 'run', 'NorthwindELT', 'northwind_extract_ord_det', 'manual__2023-05-04T17:40:30.018510+00:00', '--job-id', '34', '--raw', '--subdir', 'DAGS_FOLDER/etl_northwind.py', '--cfg-path', '/tmp/tmpemlvn0wl']
[2023-05-04T14:53:36.086-0300] {standard_task_runner.py:83} INFO - Job 34: Subtask northwind_extract_ord_det
[2023-05-04T14:53:36.133-0300] {task_command.py:389} INFO - Running <TaskInstance: NorthwindELT.northwind_extract_ord_det manual__2023-05-04T17:40:30.018510+00:00 [running]> on host DESKTOP-28FM47R.
[2023-05-04T14:53:36.185-0300] {taskinstance.py:1516} INFO - Exporting the following env vars:
AIRFLOW_CTX_DAG_EMAIL=airflow@example.com
AIRFLOW_CTX_DAG_OWNER=airflow
AIRFLOW_CTX_DAG_ID=NorthwindELT
AIRFLOW_CTX_TASK_ID=northwind_extract_ord_det
AIRFLOW_CTX_EXECUTION_DATE=2023-05-04T17:40:30.018510+00:00
AIRFLOW_CTX_TRY_NUMBER=6
AIRFLOW_CTX_DAG_RUN_ID=manual__2023-05-04T17:40:30.018510+00:00
[2023-05-04T14:53:36.218-0300] {python.py:177} INFO - Done. Returned value was: None
[2023-05-04T14:53:36.223-0300] {taskinstance.py:1327} INFO - Marking task as SUCCESS. dag_id=NorthwindELT, task_id=northwind_extract_ord_det, execution_date=20230504T174030, start_date=20230504T175336, end_date=20230504T175336
[2023-05-04T14:53:36.258-0300] {local_task_job.py:212} INFO - Task exited with return code 0
[2023-05-04T14:53:36.271-0300] {taskinstance.py:2596} INFO - 1 downstream tasks scheduled from follow-on schedule check
