[2023-05-04T12:17:26.858-0300] {taskinstance.py:1090} INFO - Dependencies all met for dep_context=non-requeueable deps ti=<TaskInstance: NorthwindELT.northwind_extract_ord_det scheduled__2023-05-03T15:17:07.286372+00:00 [queued]>
[2023-05-04T12:17:26.865-0300] {taskinstance.py:1090} INFO - Dependencies all met for dep_context=requeueable deps ti=<TaskInstance: NorthwindELT.northwind_extract_ord_det scheduled__2023-05-03T15:17:07.286372+00:00 [queued]>
[2023-05-04T12:17:26.865-0300] {taskinstance.py:1288} INFO - 
--------------------------------------------------------------------------------
[2023-05-04T12:17:26.865-0300] {taskinstance.py:1289} INFO - Starting attempt 1 of 2
[2023-05-04T12:17:26.865-0300] {taskinstance.py:1290} INFO - 
--------------------------------------------------------------------------------
[2023-05-04T12:17:26.886-0300] {taskinstance.py:1309} INFO - Executing <Task(PythonOperator): northwind_extract_ord_det> on 2023-05-03 15:17:07.286372+00:00
[2023-05-04T12:17:26.890-0300] {standard_task_runner.py:55} INFO - Started process 1911 to run task
[2023-05-04T12:17:26.893-0300] {standard_task_runner.py:82} INFO - Running: ['airflow', 'tasks', 'run', 'NorthwindELT', 'northwind_extract_ord_det', 'scheduled__2023-05-03T15:17:07.286372+00:00', '--job-id', '5', '--raw', '--subdir', 'DAGS_FOLDER/etl_northwind.py', '--cfg-path', '/tmp/tmp5xxr7l90']
[2023-05-04T12:17:26.894-0300] {standard_task_runner.py:83} INFO - Job 5: Subtask northwind_extract_ord_det
[2023-05-04T12:17:26.942-0300] {task_command.py:389} INFO - Running <TaskInstance: NorthwindELT.northwind_extract_ord_det scheduled__2023-05-03T15:17:07.286372+00:00 [running]> on host DESKTOP-28FM47R.
[2023-05-04T12:17:27.004-0300] {taskinstance.py:1516} INFO - Exporting the following env vars:
AIRFLOW_CTX_DAG_EMAIL=airflow@example.com
AIRFLOW_CTX_DAG_OWNER=airflow
AIRFLOW_CTX_DAG_ID=NorthwindELT
AIRFLOW_CTX_TASK_ID=northwind_extract_ord_det
AIRFLOW_CTX_EXECUTION_DATE=2023-05-03T15:17:07.286372+00:00
AIRFLOW_CTX_TRY_NUMBER=1
AIRFLOW_CTX_DAG_RUN_ID=scheduled__2023-05-03T15:17:07.286372+00:00
[2023-05-04T12:17:27.043-0300] {python.py:177} INFO - Done. Returned value was: None
[2023-05-04T12:17:27.047-0300] {taskinstance.py:1327} INFO - Marking task as SUCCESS. dag_id=NorthwindELT, task_id=northwind_extract_ord_det, execution_date=20230503T151707, start_date=20230504T151726, end_date=20230504T151727
[2023-05-04T12:17:27.106-0300] {local_task_job.py:212} INFO - Task exited with return code 0
[2023-05-04T12:17:27.117-0300] {taskinstance.py:2596} INFO - 0 downstream tasks scheduled from follow-on schedule check
