[2023-04-28T18:00:39.854-0300] {processor.py:153} INFO - Started process (PID=4606) to work on /home/lcscarv/projetos/indicium/desafio_5/.venv/lib/python3.8/site-packages/airflow/example_dags/subdags/subdag.py
[2023-04-28T18:00:39.854-0300] {processor.py:743} INFO - Processing file /home/lcscarv/projetos/indicium/desafio_5/.venv/lib/python3.8/site-packages/airflow/example_dags/subdags/subdag.py for tasks to queue
[2023-04-28T18:00:39.854-0300] {logging_mixin.py:137} INFO - [2023-04-28T18:00:39.854-0300] {dagbag.py:532} INFO - Filling up the DagBag from /home/lcscarv/projetos/indicium/desafio_5/.venv/lib/python3.8/site-packages/airflow/example_dags/subdags/subdag.py
[2023-04-28T18:00:39.857-0300] {processor.py:755} WARNING - No viable dags retrieved from /home/lcscarv/projetos/indicium/desafio_5/.venv/lib/python3.8/site-packages/airflow/example_dags/subdags/subdag.py
[2023-04-28T18:00:39.862-0300] {processor.py:175} INFO - Processing /home/lcscarv/projetos/indicium/desafio_5/.venv/lib/python3.8/site-packages/airflow/example_dags/subdags/subdag.py took 0.010 seconds
[2023-04-28T18:01:20.387-0300] {processor.py:153} INFO - Started process (PID=4648) to work on /home/lcscarv/projetos/indicium/desafio_5/.venv/lib/python3.8/site-packages/airflow/example_dags/subdags/subdag.py
[2023-04-28T18:01:20.388-0300] {processor.py:743} INFO - Processing file /home/lcscarv/projetos/indicium/desafio_5/.venv/lib/python3.8/site-packages/airflow/example_dags/subdags/subdag.py for tasks to queue
[2023-04-28T18:01:20.389-0300] {logging_mixin.py:137} INFO - [2023-04-28T18:01:20.389-0300] {dagbag.py:532} INFO - Filling up the DagBag from /home/lcscarv/projetos/indicium/desafio_5/.venv/lib/python3.8/site-packages/airflow/example_dags/subdags/subdag.py
[2023-04-28T18:01:20.391-0300] {processor.py:755} WARNING - No viable dags retrieved from /home/lcscarv/projetos/indicium/desafio_5/.venv/lib/python3.8/site-packages/airflow/example_dags/subdags/subdag.py
[2023-04-28T18:01:20.397-0300] {processor.py:175} INFO - Processing /home/lcscarv/projetos/indicium/desafio_5/.venv/lib/python3.8/site-packages/airflow/example_dags/subdags/subdag.py took 0.012 seconds
[2023-04-28T18:02:30.015-0300] {processor.py:153} INFO - Started process (PID=4751) to work on /home/lcscarv/projetos/indicium/desafio_5/.venv/lib/python3.8/site-packages/airflow/example_dags/subdags/subdag.py
[2023-04-28T18:02:30.017-0300] {processor.py:743} INFO - Processing file /home/lcscarv/projetos/indicium/desafio_5/.venv/lib/python3.8/site-packages/airflow/example_dags/subdags/subdag.py for tasks to queue
[2023-04-28T18:02:30.017-0300] {logging_mixin.py:137} INFO - [2023-04-28T18:02:30.017-0300] {dagbag.py:532} INFO - Filling up the DagBag from /home/lcscarv/projetos/indicium/desafio_5/.venv/lib/python3.8/site-packages/airflow/example_dags/subdags/subdag.py
[2023-04-28T18:02:30.019-0300] {processor.py:755} WARNING - No viable dags retrieved from /home/lcscarv/projetos/indicium/desafio_5/.venv/lib/python3.8/site-packages/airflow/example_dags/subdags/subdag.py
[2023-04-28T18:02:30.026-0300] {processor.py:175} INFO - Processing /home/lcscarv/projetos/indicium/desafio_5/.venv/lib/python3.8/site-packages/airflow/example_dags/subdags/subdag.py took 0.012 seconds
[2023-04-28T18:03:17.959-0300] {processor.py:153} INFO - Started process (PID=4844) to work on /home/lcscarv/projetos/indicium/desafio_5/.venv/lib/python3.8/site-packages/airflow/example_dags/subdags/subdag.py
[2023-04-28T18:03:17.960-0300] {processor.py:743} INFO - Processing file /home/lcscarv/projetos/indicium/desafio_5/.venv/lib/python3.8/site-packages/airflow/example_dags/subdags/subdag.py for tasks to queue
[2023-04-28T18:03:17.961-0300] {logging_mixin.py:137} INFO - [2023-04-28T18:03:17.961-0300] {dagbag.py:532} INFO - Filling up the DagBag from /home/lcscarv/projetos/indicium/desafio_5/.venv/lib/python3.8/site-packages/airflow/example_dags/subdags/subdag.py
[2023-04-28T18:03:17.963-0300] {processor.py:755} WARNING - No viable dags retrieved from /home/lcscarv/projetos/indicium/desafio_5/.venv/lib/python3.8/site-packages/airflow/example_dags/subdags/subdag.py
[2023-04-28T18:03:17.969-0300] {processor.py:175} INFO - Processing /home/lcscarv/projetos/indicium/desafio_5/.venv/lib/python3.8/site-packages/airflow/example_dags/subdags/subdag.py took 0.011 seconds
[2023-04-28T18:04:01.305-0300] {processor.py:153} INFO - Started process (PID=4886) to work on /home/lcscarv/projetos/indicium/desafio_5/.venv/lib/python3.8/site-packages/airflow/example_dags/subdags/subdag.py
[2023-04-28T18:04:01.307-0300] {processor.py:743} INFO - Processing file /home/lcscarv/projetos/indicium/desafio_5/.venv/lib/python3.8/site-packages/airflow/example_dags/subdags/subdag.py for tasks to queue
[2023-04-28T18:04:01.307-0300] {logging_mixin.py:137} INFO - [2023-04-28T18:04:01.307-0300] {dagbag.py:532} INFO - Filling up the DagBag from /home/lcscarv/projetos/indicium/desafio_5/.venv/lib/python3.8/site-packages/airflow/example_dags/subdags/subdag.py
[2023-04-28T18:04:01.309-0300] {processor.py:755} WARNING - No viable dags retrieved from /home/lcscarv/projetos/indicium/desafio_5/.venv/lib/python3.8/site-packages/airflow/example_dags/subdags/subdag.py
[2023-04-28T18:04:01.316-0300] {processor.py:175} INFO - Processing /home/lcscarv/projetos/indicium/desafio_5/.venv/lib/python3.8/site-packages/airflow/example_dags/subdags/subdag.py took 0.013 seconds
[2023-04-28T18:04:54.071-0300] {processor.py:153} INFO - Started process (PID=4990) to work on /home/lcscarv/projetos/indicium/desafio_5/.venv/lib/python3.8/site-packages/airflow/example_dags/subdags/subdag.py
[2023-04-28T18:04:54.072-0300] {processor.py:743} INFO - Processing file /home/lcscarv/projetos/indicium/desafio_5/.venv/lib/python3.8/site-packages/airflow/example_dags/subdags/subdag.py for tasks to queue
[2023-04-28T18:04:54.073-0300] {logging_mixin.py:137} INFO - [2023-04-28T18:04:54.073-0300] {dagbag.py:532} INFO - Filling up the DagBag from /home/lcscarv/projetos/indicium/desafio_5/.venv/lib/python3.8/site-packages/airflow/example_dags/subdags/subdag.py
[2023-04-28T18:04:54.075-0300] {processor.py:755} WARNING - No viable dags retrieved from /home/lcscarv/projetos/indicium/desafio_5/.venv/lib/python3.8/site-packages/airflow/example_dags/subdags/subdag.py
[2023-04-28T18:04:54.080-0300] {processor.py:175} INFO - Processing /home/lcscarv/projetos/indicium/desafio_5/.venv/lib/python3.8/site-packages/airflow/example_dags/subdags/subdag.py took 0.011 seconds
[2023-04-28T18:05:36.362-0300] {processor.py:153} INFO - Started process (PID=5084) to work on /home/lcscarv/projetos/indicium/desafio_5/.venv/lib/python3.8/site-packages/airflow/example_dags/subdags/subdag.py
[2023-04-28T18:05:36.364-0300] {processor.py:743} INFO - Processing file /home/lcscarv/projetos/indicium/desafio_5/.venv/lib/python3.8/site-packages/airflow/example_dags/subdags/subdag.py for tasks to queue
[2023-04-28T18:05:36.364-0300] {logging_mixin.py:137} INFO - [2023-04-28T18:05:36.364-0300] {dagbag.py:532} INFO - Filling up the DagBag from /home/lcscarv/projetos/indicium/desafio_5/.venv/lib/python3.8/site-packages/airflow/example_dags/subdags/subdag.py
[2023-04-28T18:05:36.366-0300] {processor.py:755} WARNING - No viable dags retrieved from /home/lcscarv/projetos/indicium/desafio_5/.venv/lib/python3.8/site-packages/airflow/example_dags/subdags/subdag.py
[2023-04-28T18:05:36.372-0300] {processor.py:175} INFO - Processing /home/lcscarv/projetos/indicium/desafio_5/.venv/lib/python3.8/site-packages/airflow/example_dags/subdags/subdag.py took 0.012 seconds
[2023-04-28T18:06:18.447-0300] {processor.py:153} INFO - Started process (PID=5128) to work on /home/lcscarv/projetos/indicium/desafio_5/.venv/lib/python3.8/site-packages/airflow/example_dags/subdags/subdag.py
[2023-04-28T18:06:18.448-0300] {processor.py:743} INFO - Processing file /home/lcscarv/projetos/indicium/desafio_5/.venv/lib/python3.8/site-packages/airflow/example_dags/subdags/subdag.py for tasks to queue
[2023-04-28T18:06:18.448-0300] {logging_mixin.py:137} INFO - [2023-04-28T18:06:18.448-0300] {dagbag.py:532} INFO - Filling up the DagBag from /home/lcscarv/projetos/indicium/desafio_5/.venv/lib/python3.8/site-packages/airflow/example_dags/subdags/subdag.py
[2023-04-28T18:06:18.450-0300] {processor.py:755} WARNING - No viable dags retrieved from /home/lcscarv/projetos/indicium/desafio_5/.venv/lib/python3.8/site-packages/airflow/example_dags/subdags/subdag.py
[2023-04-28T18:06:18.457-0300] {processor.py:175} INFO - Processing /home/lcscarv/projetos/indicium/desafio_5/.venv/lib/python3.8/site-packages/airflow/example_dags/subdags/subdag.py took 0.012 seconds
[2023-04-28T18:07:23.269-0300] {processor.py:153} INFO - Started process (PID=5184) to work on /home/lcscarv/projetos/indicium/desafio_5/.venv/lib/python3.8/site-packages/airflow/example_dags/subdags/subdag.py
[2023-04-28T18:07:23.276-0300] {processor.py:743} INFO - Processing file /home/lcscarv/projetos/indicium/desafio_5/.venv/lib/python3.8/site-packages/airflow/example_dags/subdags/subdag.py for tasks to queue
[2023-04-28T18:07:23.277-0300] {logging_mixin.py:137} INFO - [2023-04-28T18:07:23.277-0300] {dagbag.py:532} INFO - Filling up the DagBag from /home/lcscarv/projetos/indicium/desafio_5/.venv/lib/python3.8/site-packages/airflow/example_dags/subdags/subdag.py
[2023-04-28T18:07:23.279-0300] {processor.py:755} WARNING - No viable dags retrieved from /home/lcscarv/projetos/indicium/desafio_5/.venv/lib/python3.8/site-packages/airflow/example_dags/subdags/subdag.py
[2023-04-28T18:07:23.285-0300] {processor.py:175} INFO - Processing /home/lcscarv/projetos/indicium/desafio_5/.venv/lib/python3.8/site-packages/airflow/example_dags/subdags/subdag.py took 0.018 seconds
[2023-04-28T18:08:16.578-0300] {processor.py:153} INFO - Started process (PID=5378) to work on /home/lcscarv/projetos/indicium/desafio_5/.venv/lib/python3.8/site-packages/airflow/example_dags/subdags/subdag.py
[2023-04-28T18:08:16.702-0300] {processor.py:743} INFO - Processing file /home/lcscarv/projetos/indicium/desafio_5/.venv/lib/python3.8/site-packages/airflow/example_dags/subdags/subdag.py for tasks to queue
[2023-04-28T18:08:16.704-0300] {logging_mixin.py:137} INFO - [2023-04-28T18:08:16.703-0300] {dagbag.py:532} INFO - Filling up the DagBag from /home/lcscarv/projetos/indicium/desafio_5/.venv/lib/python3.8/site-packages/airflow/example_dags/subdags/subdag.py
[2023-04-28T18:08:16.709-0300] {processor.py:755} WARNING - No viable dags retrieved from /home/lcscarv/projetos/indicium/desafio_5/.venv/lib/python3.8/site-packages/airflow/example_dags/subdags/subdag.py
[2023-04-28T18:08:16.717-0300] {processor.py:175} INFO - Processing /home/lcscarv/projetos/indicium/desafio_5/.venv/lib/python3.8/site-packages/airflow/example_dags/subdags/subdag.py took 0.141 seconds
[2023-04-28T18:09:04.284-0300] {processor.py:153} INFO - Started process (PID=5472) to work on /home/lcscarv/projetos/indicium/desafio_5/.venv/lib/python3.8/site-packages/airflow/example_dags/subdags/subdag.py
[2023-04-28T18:09:04.285-0300] {processor.py:743} INFO - Processing file /home/lcscarv/projetos/indicium/desafio_5/.venv/lib/python3.8/site-packages/airflow/example_dags/subdags/subdag.py for tasks to queue
[2023-04-28T18:09:04.286-0300] {logging_mixin.py:137} INFO - [2023-04-28T18:09:04.286-0300] {dagbag.py:532} INFO - Filling up the DagBag from /home/lcscarv/projetos/indicium/desafio_5/.venv/lib/python3.8/site-packages/airflow/example_dags/subdags/subdag.py
[2023-04-28T18:09:04.288-0300] {processor.py:755} WARNING - No viable dags retrieved from /home/lcscarv/projetos/indicium/desafio_5/.venv/lib/python3.8/site-packages/airflow/example_dags/subdags/subdag.py
[2023-04-28T18:09:04.295-0300] {processor.py:175} INFO - Processing /home/lcscarv/projetos/indicium/desafio_5/.venv/lib/python3.8/site-packages/airflow/example_dags/subdags/subdag.py took 0.012 seconds
[2023-04-28T18:09:51.594-0300] {processor.py:153} INFO - Started process (PID=5516) to work on /home/lcscarv/projetos/indicium/desafio_5/.venv/lib/python3.8/site-packages/airflow/example_dags/subdags/subdag.py
[2023-04-28T18:09:51.595-0300] {processor.py:743} INFO - Processing file /home/lcscarv/projetos/indicium/desafio_5/.venv/lib/python3.8/site-packages/airflow/example_dags/subdags/subdag.py for tasks to queue
[2023-04-28T18:09:51.595-0300] {logging_mixin.py:137} INFO - [2023-04-28T18:09:51.595-0300] {dagbag.py:532} INFO - Filling up the DagBag from /home/lcscarv/projetos/indicium/desafio_5/.venv/lib/python3.8/site-packages/airflow/example_dags/subdags/subdag.py
[2023-04-28T18:09:51.598-0300] {processor.py:755} WARNING - No viable dags retrieved from /home/lcscarv/projetos/indicium/desafio_5/.venv/lib/python3.8/site-packages/airflow/example_dags/subdags/subdag.py
[2023-04-28T18:09:51.604-0300] {processor.py:175} INFO - Processing /home/lcscarv/projetos/indicium/desafio_5/.venv/lib/python3.8/site-packages/airflow/example_dags/subdags/subdag.py took 0.013 seconds
[2023-04-28T18:10:49.611-0300] {processor.py:153} INFO - Started process (PID=5664) to work on /home/lcscarv/projetos/indicium/desafio_5/.venv/lib/python3.8/site-packages/airflow/example_dags/subdags/subdag.py
[2023-04-28T18:10:49.649-0300] {processor.py:743} INFO - Processing file /home/lcscarv/projetos/indicium/desafio_5/.venv/lib/python3.8/site-packages/airflow/example_dags/subdags/subdag.py for tasks to queue
[2023-04-28T18:10:49.651-0300] {logging_mixin.py:137} INFO - [2023-04-28T18:10:49.650-0300] {dagbag.py:532} INFO - Filling up the DagBag from /home/lcscarv/projetos/indicium/desafio_5/.venv/lib/python3.8/site-packages/airflow/example_dags/subdags/subdag.py
[2023-04-28T18:10:49.657-0300] {processor.py:755} WARNING - No viable dags retrieved from /home/lcscarv/projetos/indicium/desafio_5/.venv/lib/python3.8/site-packages/airflow/example_dags/subdags/subdag.py
[2023-04-28T18:10:49.663-0300] {processor.py:175} INFO - Processing /home/lcscarv/projetos/indicium/desafio_5/.venv/lib/python3.8/site-packages/airflow/example_dags/subdags/subdag.py took 0.055 seconds
[2023-04-28T18:11:42.001-0300] {processor.py:153} INFO - Started process (PID=5816) to work on /home/lcscarv/projetos/indicium/desafio_5/.venv/lib/python3.8/site-packages/airflow/example_dags/subdags/subdag.py
[2023-04-28T18:11:42.003-0300] {processor.py:743} INFO - Processing file /home/lcscarv/projetos/indicium/desafio_5/.venv/lib/python3.8/site-packages/airflow/example_dags/subdags/subdag.py for tasks to queue
[2023-04-28T18:11:42.003-0300] {logging_mixin.py:137} INFO - [2023-04-28T18:11:42.003-0300] {dagbag.py:532} INFO - Filling up the DagBag from /home/lcscarv/projetos/indicium/desafio_5/.venv/lib/python3.8/site-packages/airflow/example_dags/subdags/subdag.py
[2023-04-28T18:11:42.005-0300] {processor.py:755} WARNING - No viable dags retrieved from /home/lcscarv/projetos/indicium/desafio_5/.venv/lib/python3.8/site-packages/airflow/example_dags/subdags/subdag.py
[2023-04-28T18:11:42.013-0300] {processor.py:175} INFO - Processing /home/lcscarv/projetos/indicium/desafio_5/.venv/lib/python3.8/site-packages/airflow/example_dags/subdags/subdag.py took 0.014 seconds
[2023-04-28T18:12:35.349-0300] {processor.py:153} INFO - Started process (PID=5863) to work on /home/lcscarv/projetos/indicium/desafio_5/.venv/lib/python3.8/site-packages/airflow/example_dags/subdags/subdag.py
[2023-04-28T18:12:35.350-0300] {processor.py:743} INFO - Processing file /home/lcscarv/projetos/indicium/desafio_5/.venv/lib/python3.8/site-packages/airflow/example_dags/subdags/subdag.py for tasks to queue
[2023-04-28T18:12:35.350-0300] {logging_mixin.py:137} INFO - [2023-04-28T18:12:35.350-0300] {dagbag.py:532} INFO - Filling up the DagBag from /home/lcscarv/projetos/indicium/desafio_5/.venv/lib/python3.8/site-packages/airflow/example_dags/subdags/subdag.py
[2023-04-28T18:12:35.353-0300] {processor.py:755} WARNING - No viable dags retrieved from /home/lcscarv/projetos/indicium/desafio_5/.venv/lib/python3.8/site-packages/airflow/example_dags/subdags/subdag.py
[2023-04-28T18:12:35.359-0300] {processor.py:175} INFO - Processing /home/lcscarv/projetos/indicium/desafio_5/.venv/lib/python3.8/site-packages/airflow/example_dags/subdags/subdag.py took 0.012 seconds
[2023-04-28T18:13:31.942-0300] {processor.py:153} INFO - Started process (PID=5905) to work on /home/lcscarv/projetos/indicium/desafio_5/.venv/lib/python3.8/site-packages/airflow/example_dags/subdags/subdag.py
[2023-04-28T18:13:31.967-0300] {processor.py:743} INFO - Processing file /home/lcscarv/projetos/indicium/desafio_5/.venv/lib/python3.8/site-packages/airflow/example_dags/subdags/subdag.py for tasks to queue
[2023-04-28T18:13:31.968-0300] {logging_mixin.py:137} INFO - [2023-04-28T18:13:31.968-0300] {dagbag.py:532} INFO - Filling up the DagBag from /home/lcscarv/projetos/indicium/desafio_5/.venv/lib/python3.8/site-packages/airflow/example_dags/subdags/subdag.py
[2023-04-28T18:13:31.972-0300] {processor.py:755} WARNING - No viable dags retrieved from /home/lcscarv/projetos/indicium/desafio_5/.venv/lib/python3.8/site-packages/airflow/example_dags/subdags/subdag.py
[2023-04-28T18:13:31.980-0300] {processor.py:175} INFO - Processing /home/lcscarv/projetos/indicium/desafio_5/.venv/lib/python3.8/site-packages/airflow/example_dags/subdags/subdag.py took 0.040 seconds
[2023-04-28T18:14:30.471-0300] {processor.py:153} INFO - Started process (PID=5953) to work on /home/lcscarv/projetos/indicium/desafio_5/.venv/lib/python3.8/site-packages/airflow/example_dags/subdags/subdag.py
[2023-04-28T18:14:30.527-0300] {processor.py:743} INFO - Processing file /home/lcscarv/projetos/indicium/desafio_5/.venv/lib/python3.8/site-packages/airflow/example_dags/subdags/subdag.py for tasks to queue
[2023-04-28T18:14:30.529-0300] {logging_mixin.py:137} INFO - [2023-04-28T18:14:30.528-0300] {dagbag.py:532} INFO - Filling up the DagBag from /home/lcscarv/projetos/indicium/desafio_5/.venv/lib/python3.8/site-packages/airflow/example_dags/subdags/subdag.py
[2023-04-28T18:14:30.536-0300] {processor.py:755} WARNING - No viable dags retrieved from /home/lcscarv/projetos/indicium/desafio_5/.venv/lib/python3.8/site-packages/airflow/example_dags/subdags/subdag.py
[2023-04-28T18:14:30.543-0300] {processor.py:175} INFO - Processing /home/lcscarv/projetos/indicium/desafio_5/.venv/lib/python3.8/site-packages/airflow/example_dags/subdags/subdag.py took 0.074 seconds
[2023-04-28T18:15:32.541-0300] {processor.py:153} INFO - Started process (PID=6056) to work on /home/lcscarv/projetos/indicium/desafio_5/.venv/lib/python3.8/site-packages/airflow/example_dags/subdags/subdag.py
[2023-04-28T18:15:32.542-0300] {processor.py:743} INFO - Processing file /home/lcscarv/projetos/indicium/desafio_5/.venv/lib/python3.8/site-packages/airflow/example_dags/subdags/subdag.py for tasks to queue
[2023-04-28T18:15:32.542-0300] {logging_mixin.py:137} INFO - [2023-04-28T18:15:32.542-0300] {dagbag.py:532} INFO - Filling up the DagBag from /home/lcscarv/projetos/indicium/desafio_5/.venv/lib/python3.8/site-packages/airflow/example_dags/subdags/subdag.py
[2023-04-28T18:15:32.544-0300] {processor.py:755} WARNING - No viable dags retrieved from /home/lcscarv/projetos/indicium/desafio_5/.venv/lib/python3.8/site-packages/airflow/example_dags/subdags/subdag.py
[2023-04-28T18:15:32.550-0300] {processor.py:175} INFO - Processing /home/lcscarv/projetos/indicium/desafio_5/.venv/lib/python3.8/site-packages/airflow/example_dags/subdags/subdag.py took 0.011 seconds
[2023-04-28T18:16:27.170-0300] {processor.py:153} INFO - Started process (PID=6104) to work on /home/lcscarv/projetos/indicium/desafio_5/.venv/lib/python3.8/site-packages/airflow/example_dags/subdags/subdag.py
[2023-04-28T18:16:27.171-0300] {processor.py:743} INFO - Processing file /home/lcscarv/projetos/indicium/desafio_5/.venv/lib/python3.8/site-packages/airflow/example_dags/subdags/subdag.py for tasks to queue
[2023-04-28T18:16:27.171-0300] {logging_mixin.py:137} INFO - [2023-04-28T18:16:27.171-0300] {dagbag.py:532} INFO - Filling up the DagBag from /home/lcscarv/projetos/indicium/desafio_5/.venv/lib/python3.8/site-packages/airflow/example_dags/subdags/subdag.py
[2023-04-28T18:16:27.174-0300] {processor.py:755} WARNING - No viable dags retrieved from /home/lcscarv/projetos/indicium/desafio_5/.venv/lib/python3.8/site-packages/airflow/example_dags/subdags/subdag.py
[2023-04-28T18:16:27.179-0300] {processor.py:175} INFO - Processing /home/lcscarv/projetos/indicium/desafio_5/.venv/lib/python3.8/site-packages/airflow/example_dags/subdags/subdag.py took 0.012 seconds
[2023-04-28T18:17:27.249-0300] {processor.py:153} INFO - Started process (PID=6155) to work on /home/lcscarv/projetos/indicium/desafio_5/.venv/lib/python3.8/site-packages/airflow/example_dags/subdags/subdag.py
[2023-04-28T18:17:27.250-0300] {processor.py:743} INFO - Processing file /home/lcscarv/projetos/indicium/desafio_5/.venv/lib/python3.8/site-packages/airflow/example_dags/subdags/subdag.py for tasks to queue
[2023-04-28T18:17:27.251-0300] {logging_mixin.py:137} INFO - [2023-04-28T18:17:27.251-0300] {dagbag.py:532} INFO - Filling up the DagBag from /home/lcscarv/projetos/indicium/desafio_5/.venv/lib/python3.8/site-packages/airflow/example_dags/subdags/subdag.py
[2023-04-28T18:17:27.253-0300] {processor.py:755} WARNING - No viable dags retrieved from /home/lcscarv/projetos/indicium/desafio_5/.venv/lib/python3.8/site-packages/airflow/example_dags/subdags/subdag.py
[2023-04-28T18:17:27.260-0300] {processor.py:175} INFO - Processing /home/lcscarv/projetos/indicium/desafio_5/.venv/lib/python3.8/site-packages/airflow/example_dags/subdags/subdag.py took 0.014 seconds
[2023-04-28T18:18:18.195-0300] {processor.py:153} INFO - Started process (PID=6201) to work on /home/lcscarv/projetos/indicium/desafio_5/.venv/lib/python3.8/site-packages/airflow/example_dags/subdags/subdag.py
[2023-04-28T18:18:18.196-0300] {processor.py:743} INFO - Processing file /home/lcscarv/projetos/indicium/desafio_5/.venv/lib/python3.8/site-packages/airflow/example_dags/subdags/subdag.py for tasks to queue
[2023-04-28T18:18:18.197-0300] {logging_mixin.py:137} INFO - [2023-04-28T18:18:18.197-0300] {dagbag.py:532} INFO - Filling up the DagBag from /home/lcscarv/projetos/indicium/desafio_5/.venv/lib/python3.8/site-packages/airflow/example_dags/subdags/subdag.py
[2023-04-28T18:18:18.199-0300] {processor.py:755} WARNING - No viable dags retrieved from /home/lcscarv/projetos/indicium/desafio_5/.venv/lib/python3.8/site-packages/airflow/example_dags/subdags/subdag.py
[2023-04-28T18:18:18.205-0300] {processor.py:175} INFO - Processing /home/lcscarv/projetos/indicium/desafio_5/.venv/lib/python3.8/site-packages/airflow/example_dags/subdags/subdag.py took 0.012 seconds
[2023-04-28T18:19:01.146-0300] {processor.py:153} INFO - Started process (PID=6242) to work on /home/lcscarv/projetos/indicium/desafio_5/.venv/lib/python3.8/site-packages/airflow/example_dags/subdags/subdag.py
[2023-04-28T18:19:01.147-0300] {processor.py:743} INFO - Processing file /home/lcscarv/projetos/indicium/desafio_5/.venv/lib/python3.8/site-packages/airflow/example_dags/subdags/subdag.py for tasks to queue
[2023-04-28T18:19:01.148-0300] {logging_mixin.py:137} INFO - [2023-04-28T18:19:01.148-0300] {dagbag.py:532} INFO - Filling up the DagBag from /home/lcscarv/projetos/indicium/desafio_5/.venv/lib/python3.8/site-packages/airflow/example_dags/subdags/subdag.py
[2023-04-28T18:19:01.150-0300] {processor.py:755} WARNING - No viable dags retrieved from /home/lcscarv/projetos/indicium/desafio_5/.venv/lib/python3.8/site-packages/airflow/example_dags/subdags/subdag.py
[2023-04-28T18:19:01.157-0300] {processor.py:175} INFO - Processing /home/lcscarv/projetos/indicium/desafio_5/.venv/lib/python3.8/site-packages/airflow/example_dags/subdags/subdag.py took 0.013 seconds
[2023-04-28T18:19:48.938-0300] {processor.py:153} INFO - Started process (PID=6286) to work on /home/lcscarv/projetos/indicium/desafio_5/.venv/lib/python3.8/site-packages/airflow/example_dags/subdags/subdag.py
[2023-04-28T18:19:48.940-0300] {processor.py:743} INFO - Processing file /home/lcscarv/projetos/indicium/desafio_5/.venv/lib/python3.8/site-packages/airflow/example_dags/subdags/subdag.py for tasks to queue
[2023-04-28T18:19:48.940-0300] {logging_mixin.py:137} INFO - [2023-04-28T18:19:48.940-0300] {dagbag.py:532} INFO - Filling up the DagBag from /home/lcscarv/projetos/indicium/desafio_5/.venv/lib/python3.8/site-packages/airflow/example_dags/subdags/subdag.py
[2023-04-28T18:19:48.942-0300] {processor.py:755} WARNING - No viable dags retrieved from /home/lcscarv/projetos/indicium/desafio_5/.venv/lib/python3.8/site-packages/airflow/example_dags/subdags/subdag.py
[2023-04-28T18:19:48.949-0300] {processor.py:175} INFO - Processing /home/lcscarv/projetos/indicium/desafio_5/.venv/lib/python3.8/site-packages/airflow/example_dags/subdags/subdag.py took 0.013 seconds
[2023-04-28T18:20:39.744-0300] {processor.py:153} INFO - Started process (PID=6384) to work on /home/lcscarv/projetos/indicium/desafio_5/.venv/lib/python3.8/site-packages/airflow/example_dags/subdags/subdag.py
[2023-04-28T18:20:39.830-0300] {processor.py:743} INFO - Processing file /home/lcscarv/projetos/indicium/desafio_5/.venv/lib/python3.8/site-packages/airflow/example_dags/subdags/subdag.py for tasks to queue
[2023-04-28T18:20:39.832-0300] {logging_mixin.py:137} INFO - [2023-04-28T18:20:39.831-0300] {dagbag.py:532} INFO - Filling up the DagBag from /home/lcscarv/projetos/indicium/desafio_5/.venv/lib/python3.8/site-packages/airflow/example_dags/subdags/subdag.py
[2023-04-28T18:20:39.838-0300] {processor.py:755} WARNING - No viable dags retrieved from /home/lcscarv/projetos/indicium/desafio_5/.venv/lib/python3.8/site-packages/airflow/example_dags/subdags/subdag.py
[2023-04-28T18:20:39.846-0300] {processor.py:175} INFO - Processing /home/lcscarv/projetos/indicium/desafio_5/.venv/lib/python3.8/site-packages/airflow/example_dags/subdags/subdag.py took 0.104 seconds
[2023-04-28T18:21:27.981-0300] {processor.py:153} INFO - Started process (PID=6428) to work on /home/lcscarv/projetos/indicium/desafio_5/.venv/lib/python3.8/site-packages/airflow/example_dags/subdags/subdag.py
[2023-04-28T18:21:27.982-0300] {processor.py:743} INFO - Processing file /home/lcscarv/projetos/indicium/desafio_5/.venv/lib/python3.8/site-packages/airflow/example_dags/subdags/subdag.py for tasks to queue
[2023-04-28T18:21:27.983-0300] {logging_mixin.py:137} INFO - [2023-04-28T18:21:27.982-0300] {dagbag.py:532} INFO - Filling up the DagBag from /home/lcscarv/projetos/indicium/desafio_5/.venv/lib/python3.8/site-packages/airflow/example_dags/subdags/subdag.py
[2023-04-28T18:21:27.985-0300] {processor.py:755} WARNING - No viable dags retrieved from /home/lcscarv/projetos/indicium/desafio_5/.venv/lib/python3.8/site-packages/airflow/example_dags/subdags/subdag.py
[2023-04-28T18:21:27.992-0300] {processor.py:175} INFO - Processing /home/lcscarv/projetos/indicium/desafio_5/.venv/lib/python3.8/site-packages/airflow/example_dags/subdags/subdag.py took 0.013 seconds
